2025/05/21 05:29:48 worker:[0] reqid:[34097] qname:[google.com.] qtype:[A] respid:[34097] rcode:[NOERROR] respflags:[qr rd ra] err:[<nil>] duration:[519.746338ms]
2025/05/21 05:29:48 worker:[0] reqid:[15399] qname:[googleusercontent.com.] qtype:[A] respid:[15399] rcode:[NOERROR] respflags:[qr rd ra] err:[<nil>] duration:[90.433784ms]
2025/05/21 05:29:48 worker:[0] reqid:[35607] qname:[facebook.com.] qtype:[A] respid:[35607] rcode:[NOERROR] respflags:[qr rd ra] err:[<nil>] duration:[95.210886ms]
2025/05/21 05:29:48 worker:[0] reqid:[1945] qname:[instagram.com.] qtype:[A] respid:[1945] rcode:[NOERROR] respflags:[qr rd ra] err:[<nil>] duration:[99.251968ms]
2025/05/21 05:29:48 worker:[0] reqid:[33677] qname:[wikipedia.org.] qtype:[A] respid:[33677] rcode:[NOERROR] respflags:[qr rd ra] err:[<nil>] duration:[174.442271ms]
2025/05/21 05:29:48 worker:[0] reqid:[61171] qname:[x.com.] qtype:[A] respid:[61171] rcode:[NOERROR] respflags:[qr rd ra] err:[<nil>] duration:[83.359566ms]
2025/05/21 05:29:48 worker:[0] reqid:[32925] qname:[amazon.com.] qtype:[A] respid:[32925] rcode:[NOERROR] respflags:[qr rd ra] err:[<nil>] duration:[84.7672ms]
2025/05/21 05:29:49 worker:[0] reqid:[61460] qname:[tiktok.com.] qtype:[A] respid:[61460] rcode:[NOERROR] respflags:[qr rd ra] err:[<nil>] duration:[83.929196ms]
2025/05/21 05:29:49 worker:[0] reqid:[7881] qname:[whatsapp.com.] qtype:[A] respid:[7881] rcode:[NOERROR] respflags:[qr rd ra] err:[<nil>] duration:[92.577073ms]
2025/05/21 05:29:49 worker:[0] reqid:[18603] qname:[yahoo.com.] qtype:[A] respid:[18603] rcode:[NOERROR] respflags:[qr rd ra] err:[<nil>] duration:[83.813878ms]
2025/05/21 05:29:49 worker:[0] reqid:[24152] qname:[google.com.] qtype:[A] respid:[24152] rcode:[NOERROR] respflags:[qr rd ra] err:[<nil>] duration:[82.921656ms]
2025/05/21 05:29:49 worker:[0] reqid:[60075] qname:[googleusercontent.com.] qtype:[A] respid:[60075] rcode:[NOERROR] respflags:[qr rd ra] err:[<nil>] duration:[82.253158ms]
2025/05/21 05:29:49 worker:[0] reqid:[56342] qname:[facebook.com.] qtype:[A] respid:[56342] rcode:[NOERROR] respflags:[qr rd ra] err:[<nil>] duration:[82.609612ms]
2025/05/21 05:29:49 worker:[0] reqid:[21229] qname:[instagram.com.] qtype:[A] respid:[21229] rcode:[NOERROR] respflags:[qr rd ra] err:[<nil>] duration:[83.248476ms]
2025/05/21 05:29:49 worker:[0] reqid:[54793] qname:[wikipedia.org.] qtype:[A] respid:[54793] rcode:[NOERROR] respflags:[qr rd ra] err:[<nil>] duration:[82.674706ms]
2025/05/21 05:29:49 worker:[0] reqid:[25729] qname:[x.com.] qtype:[A] respid:[25729] rcode:[NOERROR] respflags:[qr rd ra] err:[<nil>] duration:[83.647757ms]
2025/05/21 05:29:49 worker:[0] reqid:[754] qname:[amazon.com.] qtype:[A] respid:[754] rcode:[NOERROR] respflags:[qr rd ra] err:[<nil>] duration:[290.998462ms]
2025/05/21 05:29:50 worker:[0] reqid:[29377] qname:[tiktok.com.] qtype:[A] respid:[29377] rcode:[NOERROR] respflags:[qr rd ra] err:[<nil>] duration:[81.728507ms]
2025/05/21 05:29:50 worker:[0] reqid:[44638] qname:[whatsapp.com.] qtype:[A] respid:[44638] rcode:[NOERROR] respflags:[qr rd ra] err:[<nil>] duration:[85.204974ms]
2025/05/21 05:29:50 worker:[0] reqid:[52959] qname:[yahoo.com.] qtype:[A] respid:[52959] rcode:[NOERROR] respflags:[qr rd ra] err:[<nil>] duration:[85.600315ms]
2025/05/21 05:29:50 worker:[0] reqid:[34236] qname:[google.com.] qtype:[A] respid:[34236] rcode:[NOERROR] respflags:[qr rd ra] err:[<nil>] duration:[82.226429ms]
2025/05/21 05:29:50 worker:[0] reqid:[55614] qname:[googleusercontent.com.] qtype:[A] respid:[55614] rcode:[NOERROR] respflags:[qr rd ra] err:[<nil>] duration:[83.429902ms]
2025/05/21 05:29:50 worker:[0] reqid:[63531] qname:[facebook.com.] qtype:[A] respid:[63531] rcode:[NOERROR] respflags:[qr rd ra] err:[<nil>] duration:[292.746978ms]
2025/05/21 05:29:50 worker:[0] reqid:[45669] qname:[instagram.com.] qtype:[A] respid:[45669] rcode:[NOERROR] respflags:[qr rd ra] err:[<nil>] duration:[85.615786ms]
2025/05/21 05:29:50 worker:[0] reqid:[47842] qname:[wikipedia.org.] qtype:[A] respid:[47842] rcode:[NOERROR] respflags:[qr rd ra] err:[<nil>] duration:[83.847517ms]
2025/05/21 05:29:50 worker:[0] reqid:[21791] qname:[x.com.] qtype:[A] respid:[21791] rcode:[NOERROR] respflags:[qr rd ra] err:[<nil>] duration:[83.558399ms]
2025/05/21 05:29:51 worker:[0] reqid:[13220] qname:[amazon.com.] qtype:[A] respid:[13220] rcode:[NOERROR] respflags:[qr rd ra] err:[<nil>] duration:[84.677339ms]
2025/05/21 05:29:51 worker:[0] reqid:[61243] qname:[tiktok.com.] qtype:[A] respid:[61243] rcode:[NOERROR] respflags:[qr rd ra] err:[<nil>] duration:[87.16916ms]
2025/05/21 05:29:51 worker:[0] reqid:[46992] qname:[whatsapp.com.] qtype:[A] respid:[46992] rcode:[NOERROR] respflags:[qr rd ra] err:[<nil>] duration:[82.963963ms]
2025/05/21 05:29:51 worker:[0] reqid:[42866] qname:[yahoo.com.] qtype:[A] respid:[42866] rcode:[NOERROR] respflags:[qr rd ra] err:[<nil>] duration:[85.272257ms]
2025/05/21 05:29:51 worker:[0] reqid:[37125] qname:[google.com.] qtype:[A] respid:[37125] rcode:[NOERROR] respflags:[qr rd ra] err:[<nil>] duration:[83.056052ms]
2025/05/21 05:29:51 worker:[0] reqid:[26210] qname:[googleusercontent.com.] qtype:[A] respid:[26210] rcode:[NOERROR] respflags:[qr rd ra] err:[<nil>] duration:[91.871965ms]
2025/05/21 05:29:51 worker:[0] reqid:[3405] qname:[facebook.com.] qtype:[A] respid:[3405] rcode:[NOERROR] respflags:[qr rd ra] err:[<nil>] duration:[89.74751ms]
2025/05/21 05:29:51 worker:[0] reqid:[56821] qname:[instagram.com.] qtype:[A] respid:[56821] rcode:[NOERROR] respflags:[qr rd ra] err:[<nil>] duration:[84.071435ms]
2025/05/21 05:29:51 worker:[0] reqid:[48325] qname:[wikipedia.org.] qtype:[A] respid:[48325] rcode:[NOERROR] respflags:[qr rd ra] err:[<nil>] duration:[82.721162ms]
2025/05/21 05:29:51 worker:[0] reqid:[13206] qname:[x.com.] qtype:[A] respid:[13206] rcode:[NOERROR] respflags:[qr rd ra] err:[<nil>] duration:[83.016482ms]
2025/05/21 05:29:51 worker:[0] reqid:[14437] qname:[amazon.com.] qtype:[A] respid:[14437] rcode:[NOERROR] respflags:[qr rd ra] err:[<nil>] duration:[83.151671ms]
2025/05/21 05:29:51 worker:[0] reqid:[18489] qname:[tiktok.com.] qtype:[A] respid:[18489] rcode:[NOERROR] respflags:[qr rd ra] err:[<nil>] duration:[84.691866ms]
2025/05/21 05:29:52 worker:[0] reqid:[39393] qname:[whatsapp.com.] qtype:[A] respid:[39393] rcode:[NOERROR] respflags:[qr rd ra] err:[<nil>] duration:[83.543761ms]
2025/05/21 05:29:52 worker:[0] reqid:[22583] qname:[yahoo.com.] qtype:[A] respid:[22583] rcode:[NOERROR] respflags:[qr rd ra] err:[<nil>] duration:[85.123347ms]
2025/05/21 05:29:52 worker:[0] reqid:[7569] qname:[google.com.] qtype:[A] respid:[7569] rcode:[NOERROR] respflags:[qr rd ra] err:[<nil>] duration:[84.582438ms]
2025/05/21 05:29:52 worker:[0] reqid:[27863] qname:[googleusercontent.com.] qtype:[A] respid:[27863] rcode:[NOERROR] respflags:[qr rd ra] err:[<nil>] duration:[89.408152ms]
2025/05/21 05:29:52 worker:[0] reqid:[53589] qname:[facebook.com.] qtype:[A] respid:[53589] rcode:[NOERROR] respflags:[qr rd ra] err:[<nil>] duration:[83.362898ms]
2025/05/21 05:29:52 worker:[0] reqid:[2994] qname:[instagram.com.] qtype:[A] respid:[2994] rcode:[NOERROR] respflags:[qr rd ra] err:[<nil>] duration:[82.916079ms]
2025/05/21 05:29:52 worker:[0] reqid:[46093] qname:[wikipedia.org.] qtype:[A] respid:[46093] rcode:[NOERROR] respflags:[qr rd ra] err:[<nil>] duration:[83.143877ms]
2025/05/21 05:29:52 worker:[0] reqid:[63001] qname:[x.com.] qtype:[A] respid:[63001] rcode:[NOERROR] respflags:[qr rd ra] err:[<nil>] duration:[85.070128ms]
2025/05/21 05:29:52 worker:[0] reqid:[5580] qname:[amazon.com.] qtype:[A] respid:[5580] rcode:[NOERROR] respflags:[qr rd ra] err:[<nil>] duration:[83.143755ms]
2025/05/21 05:29:52 worker:[0] reqid:[5003] qname:[tiktok.com.] qtype:[A] respid:[5003] rcode:[NOERROR] respflags:[qr rd ra] err:[<nil>] duration:[105.778164ms]
2025/05/21 05:29:52 worker:[0] reqid:[56315] qname:[whatsapp.com.] qtype:[A] respid:[56315] rcode:[NOERROR] respflags:[qr rd ra] err:[<nil>] duration:[85.19464ms]
2025/05/21 05:29:52 worker:[0] reqid:[44895] qname:[yahoo.com.] qtype:[A] respid:[44895] rcode:[NOERROR] respflags:[qr rd ra] err:[<nil>] duration:[82.707704ms]
2025/05/21 05:29:53 worker:[0] reqid:[62624] qname:[google.com.] qtype:[A] respid:[62624] rcode:[NOERROR] respflags:[qr rd ra] err:[<nil>] duration:[83.948384ms]
2025/05/21 05:29:53 worker:[0] reqid:[36362] qname:[googleusercontent.com.] qtype:[A] respid:[36362] rcode:[NOERROR] respflags:[qr rd ra] err:[<nil>] duration:[83.04881ms]
2025/05/21 05:29:53 worker:[0] reqid:[46346] qname:[facebook.com.] qtype:[A] respid:[46346] rcode:[NOERROR] respflags:[qr rd ra] err:[<nil>] duration:[82.888278ms]
2025/05/21 05:29:53 worker:[0] reqid:[4824] qname:[instagram.com.] qtype:[A] respid:[4824] rcode:[NOERROR] respflags:[qr rd ra] err:[<nil>] duration:[83.89124ms]
2025/05/21 05:29:53 worker:[0] reqid:[4828] qname:[wikipedia.org.] qtype:[A] respid:[4828] rcode:[NOERROR] respflags:[qr rd ra] err:[<nil>] duration:[84.077191ms]
2025/05/21 05:29:53 worker:[0] reqid:[1854] qname:[x.com.] qtype:[A] respid:[1854] rcode:[NOERROR] respflags:[qr rd ra] err:[<nil>] duration:[84.190335ms]
2025/05/21 05:29:53 worker:[0] reqid:[50464] qname:[amazon.com.] qtype:[A] respid:[50464] rcode:[NOERROR] respflags:[qr rd ra] err:[<nil>] duration:[84.438108ms]
2025/05/21 05:29:53 worker:[0] reqid:[57784] qname:[tiktok.com.] qtype:[A] respid:[57784] rcode:[NOERROR] respflags:[qr rd ra] err:[<nil>] duration:[88.620265ms]
2025/05/21 05:29:53 worker:[0] reqid:[44975] qname:[whatsapp.com.] qtype:[A] respid:[44975] rcode:[NOERROR] respflags:[qr rd ra] err:[<nil>] duration:[83.818411ms]
2025/05/21 05:29:53 worker:[0] reqid:[24703] qname:[yahoo.com.] qtype:[A] respid:[24703] rcode:[NOERROR] respflags:[qr rd ra] err:[<nil>] duration:[83.378146ms]
2025/05/21 05:29:53 worker:[0] reqid:[40247] qname:[google.com.] qtype:[A] respid:[40247] rcode:[NOERROR] respflags:[qr rd ra] err:[<nil>] duration:[105.94651ms]
2025/05/21 05:29:54 worker:[0] reqid:[39042] qname:[googleusercontent.com.] qtype:[A] respid:[39042] rcode:[NOERROR] respflags:[qr rd ra] err:[<nil>] duration:[86.609053ms]
2025/05/21 05:29:54 worker:[0] reqid:[33831] qname:[facebook.com.] qtype:[A] respid:[33831] rcode:[NOERROR] respflags:[qr rd ra] err:[<nil>] duration:[82.359571ms]
2025/05/21 05:29:54 worker:[0] reqid:[47219] qname:[instagram.com.] qtype:[A] respid:[47219] rcode:[NOERROR] respflags:[qr rd ra] err:[<nil>] duration:[83.035223ms]
2025/05/21 05:29:54 worker:[0] reqid:[41084] qname:[wikipedia.org.] qtype:[A] respid:[41084] rcode:[NOERROR] respflags:[qr rd ra] err:[<nil>] duration:[82.588061ms]
2025/05/21 05:29:54 worker:[0] reqid:[29197] qname:[x.com.] qtype:[A] respid:[29197] rcode:[NOERROR] respflags:[qr rd ra] err:[<nil>] duration:[85.983462ms]
2025/05/21 05:29:54 worker:[0] reqid:[40340] qname:[amazon.com.] qtype:[A] respid:[40340] rcode:[NOERROR] respflags:[qr rd ra] err:[<nil>] duration:[90.277009ms]
2025/05/21 05:29:54 worker:[0] reqid:[31538] qname:[tiktok.com.] qtype:[A] respid:[31538] rcode:[NOERROR] respflags:[qr rd ra] err:[<nil>] duration:[324.443909ms]
2025/05/21 05:29:55 worker:[0] reqid:[3700] qname:[whatsapp.com.] qtype:[A] respid:[3700] rcode:[NOERROR] respflags:[qr rd ra] err:[<nil>] duration:[443.830784ms]
2025/05/21 05:29:55 worker:[0] reqid:[19401] qname:[yahoo.com.] qtype:[A] respid:[19401] rcode:[NOERROR] respflags:[qr rd ra] err:[<nil>] duration:[83.237133ms]
2025/05/21 05:29:55 worker:[0] reqid:[22499] qname:[google.com.] qtype:[A] respid:[22499] rcode:[NOERROR] respflags:[qr rd ra] err:[<nil>] duration:[82.887459ms]
2025/05/21 05:29:55 worker:[0] reqid:[59875] qname:[googleusercontent.com.] qtype:[A] respid:[59875] rcode:[NOERROR] respflags:[qr rd ra] err:[<nil>] duration:[83.886384ms]
2025/05/21 05:29:55 worker:[0] reqid:[3321] qname:[facebook.com.] qtype:[A] respid:[3321] rcode:[NOERROR] respflags:[qr rd ra] err:[<nil>] duration:[83.306279ms]
2025/05/21 05:29:55 worker:[0] reqid:[31816] qname:[instagram.com.] qtype:[A] respid:[31816] rcode:[NOERROR] respflags:[qr rd ra] err:[<nil>] duration:[83.13082ms]
2025/05/21 05:29:55 worker:[0] reqid:[52051] qname:[wikipedia.org.] qtype:[A] respid:[52051] rcode:[NOERROR] respflags:[qr rd ra] err:[<nil>] duration:[83.707572ms]
2025/05/21 05:29:55 worker:[0] reqid:[5526] qname:[x.com.] qtype:[A] respid:[5526] rcode:[NOERROR] respflags:[qr rd ra] err:[<nil>] duration:[82.490173ms]
2025/05/21 05:29:55 worker:[0] reqid:[29683] qname:[amazon.com.] qtype:[A] respid:[29683] rcode:[NOERROR] respflags:[qr rd ra] err:[<nil>] duration:[82.876938ms]
2025/05/21 05:29:55 worker:[0] reqid:[24701] qname:[tiktok.com.] qtype:[A] respid:[24701] rcode:[NOERROR] respflags:[qr rd ra] err:[<nil>] duration:[83.07419ms]
2025/05/21 05:29:56 worker:[0] reqid:[20002] qname:[whatsapp.com.] qtype:[A] respid:[20002] rcode:[NOERROR] respflags:[qr rd ra] err:[<nil>] duration:[85.694005ms]
2025/05/21 05:29:56 worker:[0] reqid:[8895] qname:[yahoo.com.] qtype:[A] respid:[8895] rcode:[NOERROR] respflags:[qr rd ra] err:[<nil>] duration:[83.77367ms]
2025/05/21 05:29:56 worker:[0] reqid:[52245] qname:[google.com.] qtype:[A] respid:[52245] rcode:[NOERROR] respflags:[qr rd ra] err:[<nil>] duration:[85.673076ms]
2025/05/21 05:29:56 worker:[0] reqid:[57462] qname:[googleusercontent.com.] qtype:[A] respid:[57462] rcode:[NOERROR] respflags:[qr rd ra] err:[<nil>] duration:[82.549802ms]
2025/05/21 05:29:56 worker:[0] reqid:[43038] qname:[facebook.com.] qtype:[A] respid:[43038] rcode:[NOERROR] respflags:[qr rd ra] err:[<nil>] duration:[83.663549ms]
2025/05/21 05:29:56 worker:[0] reqid:[45600] qname:[instagram.com.] qtype:[A] respid:[45600] rcode:[NOERROR] respflags:[qr rd ra] err:[<nil>] duration:[82.511512ms]
2025/05/21 05:29:56 worker:[0] reqid:[9559] qname:[wikipedia.org.] qtype:[A] respid:[9559] rcode:[NOERROR] respflags:[qr rd ra] err:[<nil>] duration:[82.885964ms]
2025/05/21 05:29:56 worker:[0] reqid:[35808] qname:[x.com.] qtype:[A] respid:[35808] rcode:[NOERROR] respflags:[qr rd ra] err:[<nil>] duration:[83.79106ms]
2025/05/21 05:29:56 worker:[0] reqid:[57894] qname:[amazon.com.] qtype:[A] respid:[57894] rcode:[NOERROR] respflags:[qr rd ra] err:[<nil>] duration:[83.700831ms]
2025/05/21 05:29:56 worker:[0] reqid:[48155] qname:[tiktok.com.] qtype:[A] respid:[48155] rcode:[NOERROR] respflags:[qr rd ra] err:[<nil>] duration:[82.640067ms]
2025/05/21 05:29:56 worker:[0] reqid:[62821] qname:[whatsapp.com.] qtype:[A] respid:[62821] rcode:[NOERROR] respflags:[qr rd ra] err:[<nil>] duration:[83.71463ms]
2025/05/21 05:29:56 worker:[0] reqid:[19830] qname:[yahoo.com.] qtype:[A] respid:[19830] rcode:[NOERROR] respflags:[qr rd ra] err:[<nil>] duration:[82.309872ms]
2025/05/21 05:29:57 worker:[0] reqid:[17963] qname:[google.com.] qtype:[A] respid:[17963] rcode:[NOERROR] respflags:[qr rd ra] err:[<nil>] duration:[83.086253ms]
2025/05/21 05:29:57 worker:[0] reqid:[51915] qname:[googleusercontent.com.] qtype:[A] respid:[51915] rcode:[NOERROR] respflags:[qr rd ra] err:[<nil>] duration:[82.628624ms]
2025/05/21 05:29:57 worker:[0] reqid:[61565] qname:[facebook.com.] qtype:[A] respid:[61565] rcode:[NOERROR] respflags:[qr rd ra] err:[<nil>] duration:[84.059124ms]
2025/05/21 05:29:57 worker:[0] reqid:[57959] qname:[instagram.com.] qtype:[A] respid:[57959] rcode:[NOERROR] respflags:[qr rd ra] err:[<nil>] duration:[83.836587ms]
2025/05/21 05:29:57 worker:[0] reqid:[58750] qname:[wikipedia.org.] qtype:[A] respid:[58750] rcode:[NOERROR] respflags:[qr rd ra] err:[<nil>] duration:[82.226088ms]
2025/05/21 05:29:57 worker:[0] reqid:[8344] qname:[x.com.] qtype:[A] respid:[8344] rcode:[NOERROR] respflags:[qr rd ra] err:[<nil>] duration:[82.173458ms]
2025/05/21 05:29:57 worker:[0] reqid:[40828] qname:[amazon.com.] qtype:[A] respid:[40828] rcode:[NOERROR] respflags:[qr rd ra] err:[<nil>] duration:[87.361904ms]
2025/05/21 05:29:57 worker:[0] reqid:[5406] qname:[tiktok.com.] qtype:[A] respid:[5406] rcode:[NOERROR] respflags:[qr rd ra] err:[<nil>] duration:[82.750932ms]
2025/05/21 05:29:57 worker:[0] reqid:[24323] qname:[whatsapp.com.] qtype:[A] respid:[24323] rcode:[NOERROR] respflags:[qr rd ra] err:[<nil>] duration:[82.563148ms]
2025/05/21 05:29:57 worker:[0] reqid:[17394] qname:[yahoo.com.] qtype:[A] respid:[17394] rcode:[NOERROR] respflags:[qr rd ra] err:[<nil>] duration:[83.212087ms]
2025/05/21 05:29:57 worker:[0] reqid:[58354] qname:[google.com.] qtype:[A] respid:[58354] rcode:[NOERROR] respflags:[qr rd ra] err:[<nil>] duration:[90.730232ms]
2025/05/21 05:29:57 worker:[0] reqid:[54351] qname:[googleusercontent.com.] qtype:[A] respid:[54351] rcode:[NOERROR] respflags:[qr rd ra] err:[<nil>] duration:[82.576122ms]
2025/05/21 05:29:58 worker:[0] reqid:[53047] qname:[facebook.com.] qtype:[A] respid:[53047] rcode:[NOERROR] respflags:[qr rd ra] err:[<nil>] duration:[82.649305ms]
2025/05/21 05:29:58 worker:[0] reqid:[29828] qname:[instagram.com.] qtype:[A] respid:[29828] rcode:[NOERROR] respflags:[qr rd ra] err:[<nil>] duration:[82.325593ms]
2025/05/21 05:29:58 worker:[0] reqid:[26786] qname:[wikipedia.org.] qtype:[A] respid:[26786] rcode:[NOERROR] respflags:[qr rd ra] err:[<nil>] duration:[82.684083ms]
2025/05/21 05:29:58 worker:[0] reqid:[58571] qname:[x.com.] qtype:[A] respid:[58571] rcode:[NOERROR] respflags:[qr rd ra] err:[<nil>] duration:[83.775662ms]
2025/05/21 05:29:58 worker:[0] reqid:[59521] qname:[amazon.com.] qtype:[A] respid:[59521] rcode:[NOERROR] respflags:[qr rd ra] err:[<nil>] duration:[82.618274ms]
2025/05/21 05:29:58 worker:[0] reqid:[7301] qname:[tiktok.com.] qtype:[A] respid:[7301] rcode:[NOERROR] respflags:[qr rd ra] err:[<nil>] duration:[87.410115ms]
2025/05/21 05:29:58 worker:[0] reqid:[39825] qname:[whatsapp.com.] qtype:[A] respid:[39825] rcode:[NOERROR] respflags:[qr rd ra] err:[<nil>] duration:[87.7289ms]
2025/05/21 05:29:58 worker:[0] reqid:[28048] qname:[yahoo.com.] qtype:[A] respid:[28048] rcode:[NOERROR] respflags:[qr rd ra] err:[<nil>] duration:[86.019148ms]
2025/05/21 05:29:58 worker:[0] reqid:[36092] qname:[google.com.] qtype:[A] respid:[36092] rcode:[NOERROR] respflags:[qr rd ra] err:[<nil>] duration:[82.598729ms]
2025/05/21 05:29:58 worker:[0] reqid:[32351] qname:[googleusercontent.com.] qtype:[A] respid:[32351] rcode:[NOERROR] respflags:[qr rd ra] err:[<nil>] duration:[84.862371ms]
2025/05/21 05:29:58 worker:[0] reqid:[57543] qname:[facebook.com.] qtype:[A] respid:[57543] rcode:[NOERROR] respflags:[qr rd ra] err:[<nil>] duration:[82.685049ms]
2025/05/21 05:29:59 worker:[0] reqid:[44966] qname:[instagram.com.] qtype:[A] respid:[44966] rcode:[NOERROR] respflags:[qr rd ra] err:[<nil>] duration:[82.845229ms]
2025/05/21 05:29:59 worker:[0] reqid:[4373] qname:[wikipedia.org.] qtype:[A] respid:[4373] rcode:[NOERROR] respflags:[qr rd ra] err:[<nil>] duration:[84.60549ms]
2025/05/21 05:29:59 worker:[0] reqid:[14468] qname:[x.com.] qtype:[A] respid:[14468] rcode:[NOERROR] respflags:[qr rd ra] err:[<nil>] duration:[83.97603ms]
2025/05/21 05:29:59 worker:[0] reqid:[735] qname:[amazon.com.] qtype:[A] respid:[735] rcode:[NOERROR] respflags:[qr rd ra] err:[<nil>] duration:[83.928753ms]
2025/05/21 05:29:59 worker:[0] reqid:[21027] qname:[tiktok.com.] qtype:[A] respid:[21027] rcode:[NOERROR] respflags:[qr rd ra] err:[<nil>] duration:[85.472636ms]
2025/05/21 05:29:59 worker:[0] reqid:[53670] qname:[whatsapp.com.] qtype:[A] respid:[53670] rcode:[NOERROR] respflags:[qr rd ra] err:[<nil>] duration:[85.128749ms]
2025/05/21 05:29:59 worker:[0] reqid:[55791] qname:[yahoo.com.] qtype:[A] respid:[55791] rcode:[NOERROR] respflags:[qr rd ra] err:[<nil>] duration:[88.156411ms]
2025/05/21 05:29:59 worker:[0] reqid:[34540] qname:[google.com.] qtype:[A] respid:[34540] rcode:[NOERROR] respflags:[qr rd ra] err:[<nil>] duration:[89.121301ms]
2025/05/21 05:29:59 worker:[0] reqid:[20762] qname:[googleusercontent.com.] qtype:[A] respid:[20762] rcode:[NOERROR] respflags:[qr rd ra] err:[<nil>] duration:[92.833969ms]
2025/05/21 05:29:59 worker:[0] reqid:[11430] qname:[facebook.com.] qtype:[A] respid:[11430] rcode:[NOERROR] respflags:[qr rd ra] err:[<nil>] duration:[85.702229ms]
2025/05/21 05:30:00 worker:[0] reqid:[57951] qname:[instagram.com.] qtype:[A] respid:[57951] rcode:[NOERROR] respflags:[qr rd ra] err:[<nil>] duration:[292.893962ms]
2025/05/21 05:30:00 worker:[0] reqid:[52670] qname:[wikipedia.org.] qtype:[A] respid:[52670] rcode:[NOERROR] respflags:[qr rd ra] err:[<nil>] duration:[82.654278ms]
2025/05/21 05:30:00 worker:[0] reqid:[37427] qname:[x.com.] qtype:[A] respid:[37427] rcode:[NOERROR] respflags:[qr rd ra] err:[<nil>] duration:[83.455292ms]
2025/05/21 05:30:00 worker:[0] reqid:[44932] qname:[amazon.com.] qtype:[A] respid:[44932] rcode:[NOERROR] respflags:[qr rd ra] err:[<nil>] duration:[84.978898ms]
2025/05/21 05:30:00 worker:[0] reqid:[25269] qname:[tiktok.com.] qtype:[A] respid:[25269] rcode:[NOERROR] respflags:[qr rd ra] err:[<nil>] duration:[89.70339ms]
2025/05/21 05:30:00 worker:[0] reqid:[47031] qname:[whatsapp.com.] qtype:[A] respid:[47031] rcode:[NOERROR] respflags:[qr rd ra] err:[<nil>] duration:[94.365923ms]
2025/05/21 05:30:00 worker:[0] reqid:[36614] qname:[yahoo.com.] qtype:[A] respid:[36614] rcode:[NOERROR] respflags:[qr rd ra] err:[<nil>] duration:[85.542455ms]
2025/05/21 05:30:00 worker:[0] reqid:[40958] qname:[google.com.] qtype:[A] respid:[40958] rcode:[NOERROR] respflags:[qr rd ra] err:[<nil>] duration:[85.89892ms]
2025/05/21 05:30:00 worker:[0] reqid:[18773] qname:[googleusercontent.com.] qtype:[A] respid:[18773] rcode:[NOERROR] respflags:[qr rd ra] err:[<nil>] duration:[83.077831ms]
2025/05/21 05:30:00 worker:[0] reqid:[22019] qname:[facebook.com.] qtype:[A] respid:[22019] rcode:[NOERROR] respflags:[qr rd ra] err:[<nil>] duration:[85.613135ms]
2025/05/21 05:30:00 worker:[0] reqid:[48399] qname:[instagram.com.] qtype:[A] respid:[48399] rcode:[NOERROR] respflags:[qr rd ra] err:[<nil>] duration:[85.635144ms]
2025/05/21 05:30:01 worker:[0] reqid:[37946] qname:[wikipedia.org.] qtype:[A] respid:[37946] rcode:[NOERROR] respflags:[qr rd ra] err:[<nil>] duration:[85.165843ms]
2025/05/21 05:30:01 worker:[0] reqid:[21219] qname:[x.com.] qtype:[A] respid:[21219] rcode:[NOERROR] respflags:[qr rd ra] err:[<nil>] duration:[86.190499ms]
2025/05/21 05:30:01 worker:[0] reqid:[60354] qname:[amazon.com.] qtype:[A] respid:[60354] rcode:[NOERROR] respflags:[qr rd ra] err:[<nil>] duration:[82.447741ms]
2025/05/21 05:30:01 worker:[0] reqid:[27163] qname:[tiktok.com.] qtype:[A] respid:[27163] rcode:[NOERROR] respflags:[qr rd ra] err:[<nil>] duration:[83.650944ms]
2025/05/21 05:30:01 worker:[0] reqid:[57105] qname:[whatsapp.com.] qtype:[A] respid:[57105] rcode:[NOERROR] respflags:[qr rd ra] err:[<nil>] duration:[83.429258ms]
2025/05/21 05:30:01 worker:[0] reqid:[23642] qname:[yahoo.com.] qtype:[A] respid:[23642] rcode:[NOERROR] respflags:[qr rd ra] err:[<nil>] duration:[83.236295ms]
2025/05/21 05:30:01 worker:[0] reqid:[3030] qname:[google.com.] qtype:[A] respid:[3030] rcode:[NOERROR] respflags:[qr rd ra] err:[<nil>] duration:[85.526233ms]
2025/05/21 05:30:01 worker:[0] reqid:[29094] qname:[googleusercontent.com.] qtype:[A] respid:[29094] rcode:[NOERROR] respflags:[qr rd ra] err:[<nil>] duration:[83.420033ms]
2025/05/21 05:30:01 worker:[0] reqid:[575] qname:[facebook.com.] qtype:[A] respid:[575] rcode:[NOERROR] respflags:[qr rd ra] err:[<nil>] duration:[82.663956ms]
2025/05/21 05:30:01 worker:[0] reqid:[2691] qname:[instagram.com.] qtype:[A] respid:[2691] rcode:[NOERROR] respflags:[qr rd ra] err:[<nil>] duration:[89.067857ms]
2025/05/21 05:30:01 worker:[0] reqid:[20821] qname:[wikipedia.org.] qtype:[A] respid:[20821] rcode:[NOERROR] respflags:[qr rd ra] err:[<nil>] duration:[85.198585ms]
2025/05/21 05:30:01 worker:[0] reqid:[45990] qname:[x.com.] qtype:[A] respid:[45990] rcode:[NOERROR] respflags:[qr rd ra] err:[<nil>] duration:[85.655693ms]
2025/05/21 05:30:02 worker:[0] reqid:[3098] qname:[amazon.com.] qtype:[A] respid:[3098] rcode:[NOERROR] respflags:[qr rd ra] err:[<nil>] duration:[90.737545ms]
2025/05/21 05:30:02 worker:[0] reqid:[39894] qname:[tiktok.com.] qtype:[A] respid:[39894] rcode:[NOERROR] respflags:[qr rd ra] err:[<nil>] duration:[84.027664ms]
2025/05/21 05:30:02 worker:[0] reqid:[13337] qname:[whatsapp.com.] qtype:[A] respid:[13337] rcode:[NOERROR] respflags:[qr rd ra] err:[<nil>] duration:[83.019333ms]
2025/05/21 05:30:02 worker:[0] reqid:[29990] qname:[yahoo.com.] qtype:[A] respid:[29990] rcode:[NOERROR] respflags:[qr rd ra] err:[<nil>] duration:[83.41925ms]
2025/05/21 05:30:02 worker:[0] reqid:[20840] qname:[google.com.] qtype:[A] respid:[20840] rcode:[NOERROR] respflags:[qr rd ra] err:[<nil>] duration:[84.162163ms]
2025/05/21 05:30:02 worker:[0] reqid:[92] qname:[googleusercontent.com.] qtype:[A] respid:[92] rcode:[NOERROR] respflags:[qr rd ra] err:[<nil>] duration:[87.359914ms]
2025/05/21 05:30:02 worker:[0] reqid:[13555] qname:[facebook.com.] qtype:[A] respid:[13555] rcode:[NOERROR] respflags:[qr rd ra] err:[<nil>] duration:[84.047396ms]
2025/05/21 05:30:02 worker:[0] reqid:[52433] qname:[instagram.com.] qtype:[A] respid:[52433] rcode:[NOERROR] respflags:[qr rd ra] err:[<nil>] duration:[85.648572ms]
2025/05/21 05:30:02 worker:[0] reqid:[51063] qname:[wikipedia.org.] qtype:[A] respid:[51063] rcode:[NOERROR] respflags:[qr rd ra] err:[<nil>] duration:[82.657986ms]
2025/05/21 05:30:02 worker:[0] reqid:[34084] qname:[x.com.] qtype:[A] respid:[34084] rcode:[NOERROR] respflags:[qr rd ra] err:[<nil>] duration:[85.325591ms]
2025/05/21 05:30:02 worker:[0] reqid:[30432] qname:[amazon.com.] qtype:[A] respid:[30432] rcode:[NOERROR] respflags:[qr rd ra] err:[<nil>] duration:[83.424232ms]
2025/05/21 05:30:03 worker:[0] reqid:[19279] qname:[tiktok.com.] qtype:[A] respid:[19279] rcode:[NOERROR] respflags:[qr rd ra] err:[<nil>] duration:[405.351833ms]
2025/05/21 05:30:03 worker:[0] reqid:[43718] qname:[whatsapp.com.] qtype:[A] respid:[43718] rcode:[NOERROR] respflags:[qr rd ra] err:[<nil>] duration:[550.412179ms]
2025/05/21 05:30:03 worker:[0] reqid:[46560] qname:[yahoo.com.] qtype:[A] respid:[46560] rcode:[NOERROR] respflags:[qr rd ra] err:[<nil>] duration:[83.522827ms]
2025/05/21 05:30:04 worker:[0] reqid:[30483] qname:[google.com.] qtype:[A] respid:[30483] rcode:[NOERROR] respflags:[qr rd ra] err:[<nil>] duration:[82.824424ms]
2025/05/21 05:30:04 worker:[0] reqid:[2586] qname:[googleusercontent.com.] qtype:[A] respid:[2586] rcode:[NOERROR] respflags:[qr rd ra] err:[<nil>] duration:[83.35945ms]
2025/05/21 05:30:04 worker:[0] reqid:[1188] qname:[facebook.com.] qtype:[A] respid:[1188] rcode:[NOERROR] respflags:[qr rd ra] err:[<nil>] duration:[83.766352ms]
2025/05/21 05:30:04 worker:[0] reqid:[13098] qname:[instagram.com.] qtype:[A] respid:[13098] rcode:[NOERROR] respflags:[qr rd ra] err:[<nil>] duration:[83.0185ms]
2025/05/21 05:30:04 worker:[0] reqid:[25005] qname:[wikipedia.org.] qtype:[A] respid:[25005] rcode:[NOERROR] respflags:[qr rd ra] err:[<nil>] duration:[91.650856ms]
2025/05/21 05:30:04 worker:[0] reqid:[53384] qname:[x.com.] qtype:[A] respid:[53384] rcode:[NOERROR] respflags:[qr rd ra] err:[<nil>] duration:[85.292786ms]
2025/05/21 05:30:04 worker:[0] reqid:[41178] qname:[amazon.com.] qtype:[A] respid:[41178] rcode:[NOERROR] respflags:[qr rd ra] err:[<nil>] duration:[83.688763ms]
2025/05/21 05:30:04 worker:[0] reqid:[15706] qname:[tiktok.com.] qtype:[A] respid:[15706] rcode:[NOERROR] respflags:[qr rd ra] err:[<nil>] duration:[83.976458ms]
2025/05/21 05:30:04 worker:[0] reqid:[32742] qname:[whatsapp.com.] qtype:[A] respid:[32742] rcode:[NOERROR] respflags:[qr rd ra] err:[<nil>] duration:[85.015924ms]
2025/05/21 05:30:04 worker:[0] reqid:[15252] qname:[yahoo.com.] qtype:[A] respid:[15252] rcode:[NOERROR] respflags:[qr rd ra] err:[<nil>] duration:[83.462955ms]
2025/05/21 05:30:04 worker:[0] reqid:[2649] qname:[google.com.] qtype:[A] respid:[2649] rcode:[NOERROR] respflags:[qr rd ra] err:[<nil>] duration:[84.167755ms]
2025/05/21 05:30:04 worker:[0] reqid:[30905] qname:[googleusercontent.com.] qtype:[A] respid:[30905] rcode:[NOERROR] respflags:[qr rd ra] err:[<nil>] duration:[84.068108ms]
2025/05/21 05:30:05 worker:[0] reqid:[7914] qname:[facebook.com.] qtype:[A] respid:[7914] rcode:[NOERROR] respflags:[qr rd ra] err:[<nil>] duration:[94.676846ms]
2025/05/21 05:30:05 worker:[0] reqid:[44651] qname:[instagram.com.] qtype:[A] respid:[44651] rcode:[NOERROR] respflags:[qr rd ra] err:[<nil>] duration:[85.600469ms]
2025/05/21 05:30:05 worker:[0] reqid:[17749] qname:[wikipedia.org.] qtype:[A] respid:[17749] rcode:[NOERROR] respflags:[qr rd ra] err:[<nil>] duration:[85.106939ms]
2025/05/21 05:30:05 worker:[0] reqid:[11261] qname:[x.com.] qtype:[A] respid:[11261] rcode:[NOERROR] respflags:[qr rd ra] err:[<nil>] duration:[82.387983ms]
2025/05/21 05:30:05 worker:[0] reqid:[38688] qname:[amazon.com.] qtype:[A] respid:[38688] rcode:[NOERROR] respflags:[qr rd ra] err:[<nil>] duration:[83.869787ms]
2025/05/21 05:30:05 worker:[0] reqid:[41613] qname:[tiktok.com.] qtype:[A] respid:[41613] rcode:[NOERROR] respflags:[qr rd ra] err:[<nil>] duration:[85.548974ms]
2025/05/21 05:30:05 worker:[0] reqid:[13784] qname:[whatsapp.com.] qtype:[A] respid:[13784] rcode:[NOERROR] respflags:[qr rd ra] err:[<nil>] duration:[83.942749ms]
2025/05/21 05:30:05 worker:[0] reqid:[42754] qname:[yahoo.com.] qtype:[A] respid:[42754] rcode:[NOERROR] respflags:[qr rd ra] err:[<nil>] duration:[83.86537ms]
2025/05/21 05:30:05 worker:[0] reqid:[19882] qname:[google.com.] qtype:[A] respid:[19882] rcode:[NOERROR] respflags:[qr rd ra] err:[<nil>] duration:[82.304734ms]
2025/05/21 05:30:05 worker:[0] reqid:[9414] qname:[googleusercontent.com.] qtype:[A] respid:[9414] rcode:[NOERROR] respflags:[qr rd ra] err:[<nil>] duration:[82.423543ms]
2025/05/21 05:30:05 worker:[0] reqid:[58657] qname:[facebook.com.] qtype:[A] respid:[58657] rcode:[NOERROR] respflags:[qr rd ra] err:[<nil>] duration:[92.326786ms]
2025/05/21 05:30:05 worker:[0] reqid:[33155] qname:[instagram.com.] qtype:[A] respid:[33155] rcode:[NOERROR] respflags:[qr rd ra] err:[<nil>] duration:[84.509052ms]
2025/05/21 05:30:06 worker:[0] reqid:[48743] qname:[wikipedia.org.] qtype:[A] respid:[48743] rcode:[NOERROR] respflags:[qr rd ra] err:[<nil>] duration:[84.219719ms]
2025/05/21 05:30:06 worker:[0] reqid:[54844] qname:[x.com.] qtype:[A] respid:[54844] rcode:[NOERROR] respflags:[qr rd ra] err:[<nil>] duration:[83.107047ms]
2025/05/21 05:30:06 worker:[0] reqid:[18135] qname:[amazon.com.] qtype:[A] respid:[18135] rcode:[NOERROR] respflags:[qr rd ra] err:[<nil>] duration:[83.344017ms]
2025/05/21 05:30:06 worker:[0] reqid:[5564] qname:[tiktok.com.] qtype:[A] respid:[5564] rcode:[NOERROR] respflags:[qr rd ra] err:[<nil>] duration:[82.240737ms]
2025/05/21 05:30:06 worker:[0] reqid:[19078] qname:[whatsapp.com.] qtype:[A] respid:[19078] rcode:[NOERROR] respflags:[qr rd ra] err:[<nil>] duration:[83.420896ms]
2025/05/21 05:30:06 worker:[0] reqid:[64955] qname:[yahoo.com.] qtype:[A] respid:[64955] rcode:[NOERROR] respflags:[qr rd ra] err:[<nil>] duration:[83.143229ms]
2025/05/21 05:30:06 worker:[0] reqid:[40091] qname:[google.com.] qtype:[A] respid:[40091] rcode:[NOERROR] respflags:[qr rd ra] err:[<nil>] duration:[82.909287ms]
2025/05/21 05:30:06 worker:[0] reqid:[56794] qname:[googleusercontent.com.] qtype:[A] respid:[56794] rcode:[NOERROR] respflags:[qr rd ra] err:[<nil>] duration:[86.525407ms]
2025/05/21 05:30:06 worker:[0] reqid:[23283] qname:[facebook.com.] qtype:[A] respid:[23283] rcode:[NOERROR] respflags:[qr rd ra] err:[<nil>] duration:[85.097494ms]
2025/05/21 05:30:06 worker:[0] reqid:[24389] qname:[instagram.com.] qtype:[A] respid:[24389] rcode:[NOERROR] respflags:[qr rd ra] err:[<nil>] duration:[83.597346ms]
2025/05/21 05:30:06 worker:[0] reqid:[2968] qname:[wikipedia.org.] qtype:[A] respid:[2968] rcode:[NOERROR] respflags:[qr rd ra] err:[<nil>] duration:[82.987431ms]
2025/05/21 05:30:06 worker:[0] reqid:[42864] qname:[x.com.] qtype:[A] respid:[42864] rcode:[NOERROR] respflags:[qr rd ra] err:[<nil>] duration:[82.868618ms]
2025/05/21 05:30:07 worker:[0] reqid:[61276] qname:[amazon.com.] qtype:[A] respid:[61276] rcode:[NOERROR] respflags:[qr rd ra] err:[<nil>] duration:[87.1749ms]
2025/05/21 05:30:07 worker:[0] reqid:[26425] qname:[tiktok.com.] qtype:[A] respid:[26425] rcode:[NOERROR] respflags:[qr rd ra] err:[<nil>] duration:[84.824945ms]
2025/05/21 05:30:07 worker:[0] reqid:[50303] qname:[whatsapp.com.] qtype:[A] respid:[50303] rcode:[NOERROR] respflags:[qr rd ra] err:[<nil>] duration:[84.218542ms]
2025/05/21 05:30:07 worker:[0] reqid:[23860] qname:[yahoo.com.] qtype:[A] respid:[23860] rcode:[NOERROR] respflags:[qr rd ra] err:[<nil>] duration:[89.1639ms]
2025/05/21 05:30:07 worker:[0] reqid:[52216] qname:[google.com.] qtype:[A] respid:[52216] rcode:[NOERROR] respflags:[qr rd ra] err:[<nil>] duration:[82.774503ms]
2025/05/21 05:30:07 worker:[0] reqid:[60904] qname:[googleusercontent.com.] qtype:[A] respid:[60904] rcode:[NOERROR] respflags:[qr rd ra] err:[<nil>] duration:[82.922562ms]
2025/05/21 05:30:07 worker:[0] reqid:[37069] qname:[facebook.com.] qtype:[A] respid:[37069] rcode:[NOERROR] respflags:[qr rd ra] err:[<nil>] duration:[83.205927ms]
2025/05/21 05:30:07 worker:[0] reqid:[20369] qname:[instagram.com.] qtype:[A] respid:[20369] rcode:[NOERROR] respflags:[qr rd ra] err:[<nil>] duration:[83.564467ms]
2025/05/21 05:30:07 worker:[0] reqid:[46622] qname:[wikipedia.org.] qtype:[A] respid:[46622] rcode:[NOERROR] respflags:[qr rd ra] err:[<nil>] duration:[83.125978ms]
2025/05/21 05:30:07 worker:[0] reqid:[45489] qname:[x.com.] qtype:[A] respid:[45489] rcode:[NOERROR] respflags:[qr rd ra] err:[<nil>] duration:[83.39741ms]
2025/05/21 05:30:07 worker:[0] reqid:[20518] qname:[amazon.com.] qtype:[A] respid:[20518] rcode:[NOERROR] respflags:[qr rd ra] err:[<nil>] duration:[83.605357ms]
2025/05/21 05:30:07 worker:[0] reqid:[11151] qname:[tiktok.com.] qtype:[A] respid:[11151] rcode:[NOERROR] respflags:[qr rd ra] err:[<nil>] duration:[84.482544ms]
2025/05/21 05:30:08 worker:[0] reqid:[42367] qname:[whatsapp.com.] qtype:[A] respid:[42367] rcode:[NOERROR] respflags:[qr rd ra] err:[<nil>] duration:[83.4227ms]
2025/05/21 05:30:08 worker:[0] reqid:[15226] qname:[yahoo.com.] qtype:[A] respid:[15226] rcode:[NOERROR] respflags:[qr rd ra] err:[<nil>] duration:[83.806342ms]
2025/05/21 05:30:08 worker:[0] reqid:[58635] qname:[google.com.] qtype:[A] respid:[58635] rcode:[NOERROR] respflags:[qr rd ra] err:[<nil>] duration:[83.654505ms]
2025/05/21 05:30:08 worker:[0] reqid:[15469] qname:[googleusercontent.com.] qtype:[A] respid:[15469] rcode:[NOERROR] respflags:[qr rd ra] err:[<nil>] duration:[87.928809ms]
2025/05/21 05:30:08 worker:[0] reqid:[35283] qname:[facebook.com.] qtype:[A] respid:[35283] rcode:[NOERROR] respflags:[qr rd ra] err:[<nil>] duration:[82.821079ms]
2025/05/21 05:30:08 worker:[0] reqid:[32619] qname:[instagram.com.] qtype:[A] respid:[32619] rcode:[NOERROR] respflags:[qr rd ra] err:[<nil>] duration:[83.127011ms]
2025/05/21 05:30:08 worker:[0] reqid:[35195] qname:[wikipedia.org.] qtype:[A] respid:[35195] rcode:[NOERROR] respflags:[qr rd ra] err:[<nil>] duration:[83.286754ms]
2025/05/21 05:30:08 worker:[0] reqid:[47898] qname:[x.com.] qtype:[A] respid:[47898] rcode:[NOERROR] respflags:[qr rd ra] err:[<nil>] duration:[85.166825ms]
2025/05/21 05:30:08 worker:[0] reqid:[58520] qname:[amazon.com.] qtype:[A] respid:[58520] rcode:[NOERROR] respflags:[qr rd ra] err:[<nil>] duration:[83.495775ms]
2025/05/21 05:30:08 worker:[0] reqid:[7000] qname:[tiktok.com.] qtype:[A] respid:[7000] rcode:[NOERROR] respflags:[qr rd ra] err:[<nil>] duration:[83.522151ms]
2025/05/21 05:30:08 worker:[0] reqid:[25811] qname:[whatsapp.com.] qtype:[A] respid:[25811] rcode:[NOERROR] respflags:[qr rd ra] err:[<nil>] duration:[83.487555ms]
2025/05/21 05:30:09 worker:[0] reqid:[40521] qname:[yahoo.com.] qtype:[A] respid:[40521] rcode:[NOERROR] respflags:[qr rd ra] err:[<nil>] duration:[85.91137ms]
2025/05/21 05:30:09 worker:[0] reqid:[27542] qname:[google.com.] qtype:[A] respid:[27542] rcode:[NOERROR] respflags:[qr rd ra] err:[<nil>] duration:[81.875367ms]
2025/05/21 05:30:09 worker:[0] reqid:[5000] qname:[googleusercontent.com.] qtype:[A] respid:[5000] rcode:[NOERROR] respflags:[qr rd ra] err:[<nil>] duration:[82.949123ms]
2025/05/21 05:30:09 worker:[0] reqid:[20865] qname:[facebook.com.] qtype:[A] respid:[20865] rcode:[NOERROR] respflags:[qr rd ra] err:[<nil>] duration:[84.787364ms]
2025/05/21 05:30:09 worker:[0] reqid:[4598] qname:[instagram.com.] qtype:[A] respid:[4598] rcode:[NOERROR] respflags:[qr rd ra] err:[<nil>] duration:[84.670948ms]
2025/05/21 05:30:09 worker:[0] reqid:[1014] qname:[wikipedia.org.] qtype:[A] respid:[1014] rcode:[NOERROR] respflags:[qr rd ra] err:[<nil>] duration:[83.202244ms]
2025/05/21 05:30:09 worker:[0] reqid:[53907] qname:[x.com.] qtype:[A] respid:[53907] rcode:[NOERROR] respflags:[qr rd ra] err:[<nil>] duration:[84.717865ms]
2025/05/21 05:30:09 worker:[0] reqid:[59328] qname:[amazon.com.] qtype:[A] respid:[59328] rcode:[NOERROR] respflags:[qr rd ra] err:[<nil>] duration:[83.568779ms]
2025/05/21 05:30:09 worker:[0] reqid:[49211] qname:[tiktok.com.] qtype:[A] respid:[49211] rcode:[NOERROR] respflags:[qr rd ra] err:[<nil>] duration:[82.621349ms]
2025/05/21 05:30:09 worker:[0] reqid:[57162] qname:[whatsapp.com.] qtype:[A] respid:[57162] rcode:[NOERROR] respflags:[qr rd ra] err:[<nil>] duration:[84.911037ms]
2025/05/21 05:30:09 worker:[0] reqid:[17002] qname:[yahoo.com.] qtype:[A] respid:[17002] rcode:[NOERROR] respflags:[qr rd ra] err:[<nil>] duration:[83.7374ms]
2025/05/21 05:30:09 worker:[0] reqid:[3809] qname:[google.com.] qtype:[A] respid:[3809] rcode:[NOERROR] respflags:[qr rd ra] err:[<nil>] duration:[82.782414ms]
2025/05/21 05:30:10 worker:[0] reqid:[43468] qname:[googleusercontent.com.] qtype:[A] respid:[43468] rcode:[NOERROR] respflags:[qr rd ra] err:[<nil>] duration:[83.272261ms]
2025/05/21 05:30:10 worker:[0] reqid:[32560] qname:[facebook.com.] qtype:[A] respid:[32560] rcode:[NOERROR] respflags:[qr rd ra] err:[<nil>] duration:[83.435258ms]
2025/05/21 05:30:10 worker:[0] reqid:[17172] qname:[instagram.com.] qtype:[A] respid:[17172] rcode:[NOERROR] respflags:[qr rd ra] err:[<nil>] duration:[82.468352ms]
2025/05/21 05:30:10 worker:[0] reqid:[32667] qname:[wikipedia.org.] qtype:[A] respid:[32667] rcode:[NOERROR] respflags:[qr rd ra] err:[<nil>] duration:[81.698027ms]
2025/05/21 05:30:10 worker:[0] reqid:[14496] qname:[x.com.] qtype:[A] respid:[14496] rcode:[NOERROR] respflags:[qr rd ra] err:[<nil>] duration:[85.942418ms]
2025/05/21 05:30:10 worker:[0] reqid:[36192] qname:[amazon.com.] qtype:[A] respid:[36192] rcode:[NOERROR] respflags:[qr rd ra] err:[<nil>] duration:[82.170726ms]
2025/05/21 05:30:10 worker:[0] reqid:[52485] qname:[tiktok.com.] qtype:[A] respid:[52485] rcode:[NOERROR] respflags:[qr rd ra] err:[<nil>] duration:[85.419756ms]
2025/05/21 05:30:10 worker:[0] reqid:[38977] qname:[whatsapp.com.] qtype:[A] respid:[38977] rcode:[NOERROR] respflags:[qr rd ra] err:[<nil>] duration:[83.658262ms]
2025/05/21 05:30:10 worker:[0] reqid:[37678] qname:[yahoo.com.] qtype:[A] respid:[37678] rcode:[NOERROR] respflags:[qr rd ra] err:[<nil>] duration:[82.810765ms]
2025/05/21 05:30:10 worker:[0] reqid:[43336] qname:[google.com.] qtype:[A] respid:[43336] rcode:[NOERROR] respflags:[qr rd ra] err:[<nil>] duration:[83.692543ms]
2025/05/21 05:30:10 worker:[0] reqid:[44688] qname:[googleusercontent.com.] qtype:[A] respid:[44688] rcode:[NOERROR] respflags:[qr rd ra] err:[<nil>] duration:[83.243991ms]
2025/05/21 05:30:10 worker:[0] reqid:[54980] qname:[facebook.com.] qtype:[A] respid:[54980] rcode:[NOERROR] respflags:[qr rd ra] err:[<nil>] duration:[83.394806ms]
2025/05/21 05:30:11 worker:[0] reqid:[41444] qname:[instagram.com.] qtype:[A] respid:[41444] rcode:[NOERROR] respflags:[qr rd ra] err:[<nil>] duration:[86.293766ms]
2025/05/21 05:30:11 worker:[0] reqid:[13324] qname:[wikipedia.org.] qtype:[A] respid:[13324] rcode:[NOERROR] respflags:[qr rd ra] err:[<nil>] duration:[87.961812ms]
2025/05/21 05:30:11 worker:[0] reqid:[52973] qname:[x.com.] qtype:[A] respid:[52973] rcode:[NOERROR] respflags:[qr rd ra] err:[<nil>] duration:[83.810407ms]
2025/05/21 05:30:11 worker:[0] reqid:[22469] qname:[amazon.com.] qtype:[A] respid:[22469] rcode:[NOERROR] respflags:[qr rd ra] err:[<nil>] duration:[84.244563ms]
2025/05/21 05:30:11 worker:[0] reqid:[50615] qname:[tiktok.com.] qtype:[A] respid:[50615] rcode:[NOERROR] respflags:[qr rd ra] err:[<nil>] duration:[83.631977ms]
2025/05/21 05:30:11 worker:[0] reqid:[37716] qname:[whatsapp.com.] qtype:[A] respid:[37716] rcode:[NOERROR] respflags:[qr rd ra] err:[<nil>] duration:[475.913278ms]
2025/05/21 05:30:11 worker:[0] reqid:[44754] qname:[yahoo.com.] qtype:[A] respid:[44754] rcode:[NOERROR] respflags:[qr rd ra] err:[<nil>] duration:[83.132294ms]
2025/05/21 05:30:12 worker:[0] reqid:[19617] qname:[google.com.] qtype:[A] respid:[19617] rcode:[NOERROR] respflags:[qr rd ra] err:[<nil>] duration:[84.368245ms]
2025/05/21 05:30:12 worker:[0] reqid:[15490] qname:[googleusercontent.com.] qtype:[A] respid:[15490] rcode:[NOERROR] respflags:[qr rd ra] err:[<nil>] duration:[92.350595ms]
2025/05/21 05:30:12 worker:[0] reqid:[42107] qname:[facebook.com.] qtype:[A] respid:[42107] rcode:[NOERROR] respflags:[qr rd ra] err:[<nil>] duration:[82.486448ms]
2025/05/21 05:30:12 worker:[0] reqid:[24233] qname:[instagram.com.] qtype:[A] respid:[24233] rcode:[NOERROR] respflags:[qr rd ra] err:[<nil>] duration:[84.711401ms]
2025/05/21 05:30:12 worker:[0] reqid:[25090] qname:[wikipedia.org.] qtype:[A] respid:[25090] rcode:[NOERROR] respflags:[qr rd ra] err:[<nil>] duration:[83.525294ms]
2025/05/21 05:30:12 worker:[0] reqid:[54054] qname:[x.com.] qtype:[A] respid:[54054] rcode:[NOERROR] respflags:[qr rd ra] err:[<nil>] duration:[84.268524ms]
2025/05/21 05:30:12 worker:[0] reqid:[915] qname:[amazon.com.] qtype:[A] respid:[915] rcode:[NOERROR] respflags:[qr rd ra] err:[<nil>] duration:[84.625823ms]
2025/05/21 05:30:12 worker:[0] reqid:[19129] qname:[tiktok.com.] qtype:[A] respid:[19129] rcode:[NOERROR] respflags:[qr rd ra] err:[<nil>] duration:[83.534058ms]
2025/05/21 05:30:12 worker:[0] reqid:[26815] qname:[whatsapp.com.] qtype:[A] respid:[26815] rcode:[NOERROR] respflags:[qr rd ra] err:[<nil>] duration:[82.661559ms]
2025/05/21 05:30:12 worker:[0] reqid:[2176] qname:[yahoo.com.] qtype:[A] respid:[2176] rcode:[NOERROR] respflags:[qr rd ra] err:[<nil>] duration:[83.233575ms]
2025/05/21 05:30:12 worker:[0] reqid:[55127] qname:[google.com.] qtype:[A] respid:[55127] rcode:[NOERROR] respflags:[qr rd ra] err:[<nil>] duration:[82.997221ms]
2025/05/21 05:30:12 worker:[0] reqid:[9227] qname:[googleusercontent.com.] qtype:[A] respid:[9227] rcode:[NOERROR] respflags:[qr rd ra] err:[<nil>] duration:[82.195031ms]
2025/05/21 05:30:13 worker:[0] reqid:[54341] qname:[facebook.com.] qtype:[A] respid:[54341] rcode:[NOERROR] respflags:[qr rd ra] err:[<nil>] duration:[85.307828ms]
2025/05/21 05:30:13 worker:[0] reqid:[29215] qname:[instagram.com.] qtype:[A] respid:[29215] rcode:[NOERROR] respflags:[qr rd ra] err:[<nil>] duration:[82.936137ms]
2025/05/21 05:30:13 worker:[0] reqid:[3666] qname:[wikipedia.org.] qtype:[A] respid:[3666] rcode:[NOERROR] respflags:[qr rd ra] err:[<nil>] duration:[82.600346ms]
2025/05/21 05:30:13 worker:[0] reqid:[20153] qname:[x.com.] qtype:[A] respid:[20153] rcode:[NOERROR] respflags:[qr rd ra] err:[<nil>] duration:[82.637778ms]
2025/05/21 05:30:13 worker:[0] reqid:[47307] qname:[amazon.com.] qtype:[A] respid:[47307] rcode:[NOERROR] respflags:[qr rd ra] err:[<nil>] duration:[82.980241ms]
2025/05/21 05:30:13 worker:[0] reqid:[59062] qname:[tiktok.com.] qtype:[A] respid:[59062] rcode:[NOERROR] respflags:[qr rd ra] err:[<nil>] duration:[82.84614ms]
2025/05/21 05:30:13 worker:[0] reqid:[26004] qname:[whatsapp.com.] qtype:[A] respid:[26004] rcode:[NOERROR] respflags:[qr rd ra] err:[<nil>] duration:[85.062846ms]
2025/05/21 05:30:13 worker:[0] reqid:[21813] qname:[yahoo.com.] qtype:[A] respid:[21813] rcode:[NOERROR] respflags:[qr rd ra] err:[<nil>] duration:[86.094574ms]
2025/05/21 05:30:13 worker:[0] reqid:[43004] qname:[google.com.] qtype:[A] respid:[43004] rcode:[NOERROR] respflags:[qr rd ra] err:[<nil>] duration:[84.505879ms]
2025/05/21 05:30:13 worker:[0] reqid:[55310] qname:[googleusercontent.com.] qtype:[A] respid:[55310] rcode:[NOERROR] respflags:[qr rd ra] err:[<nil>] duration:[83.67601ms]
2025/05/21 05:30:13 worker:[0] reqid:[2638] qname:[facebook.com.] qtype:[A] respid:[2638] rcode:[NOERROR] respflags:[qr rd ra] err:[<nil>] duration:[83.149316ms]
2025/05/21 05:30:13 worker:[0] reqid:[6944] qname:[instagram.com.] qtype:[A] respid:[6944] rcode:[NOERROR] respflags:[qr rd ra] err:[<nil>] duration:[83.582225ms]
2025/05/21 05:30:14 worker:[0] reqid:[2282] qname:[wikipedia.org.] qtype:[A] respid:[2282] rcode:[NOERROR] respflags:[qr rd ra] err:[<nil>] duration:[83.877353ms]
2025/05/21 05:30:14 worker:[0] reqid:[44996] qname:[x.com.] qtype:[A] respid:[44996] rcode:[NOERROR] respflags:[qr rd ra] err:[<nil>] duration:[85.428825ms]
2025/05/21 05:30:14 worker:[0] reqid:[6346] qname:[amazon.com.] qtype:[A] respid:[6346] rcode:[NOERROR] respflags:[qr rd ra] err:[<nil>] duration:[82.704355ms]
2025/05/21 05:30:14 worker:[0] reqid:[50747] qname:[tiktok.com.] qtype:[A] respid:[50747] rcode:[NOERROR] respflags:[qr rd ra] err:[<nil>] duration:[83.131676ms]
2025/05/21 05:30:14 worker:[0] reqid:[14700] qname:[whatsapp.com.] qtype:[A] respid:[14700] rcode:[NOERROR] respflags:[qr rd ra] err:[<nil>] duration:[82.906104ms]
2025/05/21 05:30:14 worker:[0] reqid:[19091] qname:[yahoo.com.] qtype:[A] respid:[19091] rcode:[NOERROR] respflags:[qr rd ra] err:[<nil>] duration:[82.591107ms]
2025/05/21 05:30:14 worker:[0] reqid:[13035] qname:[google.com.] qtype:[A] respid:[13035] rcode:[NOERROR] respflags:[qr rd ra] err:[<nil>] duration:[82.590553ms]
2025/05/21 05:30:14 worker:[0] reqid:[53353] qname:[googleusercontent.com.] qtype:[A] respid:[53353] rcode:[NOERROR] respflags:[qr rd ra] err:[<nil>] duration:[83.171622ms]
2025/05/21 05:30:14 worker:[0] reqid:[58406] qname:[facebook.com.] qtype:[A] respid:[58406] rcode:[NOERROR] respflags:[qr rd ra] err:[<nil>] duration:[83.650631ms]
2025/05/21 05:30:14 worker:[0] reqid:[5986] qname:[instagram.com.] qtype:[A] respid:[5986] rcode:[NOERROR] respflags:[qr rd ra] err:[<nil>] duration:[84.177024ms]
2025/05/21 05:30:14 worker:[0] reqid:[49656] qname:[wikipedia.org.] qtype:[A] respid:[49656] rcode:[NOERROR] respflags:[qr rd ra] err:[<nil>] duration:[83.160775ms]
2025/05/21 05:30:14 worker:[0] reqid:[39017] qname:[x.com.] qtype:[A] respid:[39017] rcode:[NOERROR] respflags:[qr rd ra] err:[<nil>] duration:[83.409835ms]
2025/05/21 05:30:15 worker:[0] reqid:[38091] qname:[amazon.com.] qtype:[A] respid:[38091] rcode:[NOERROR] respflags:[qr rd ra] err:[<nil>] duration:[82.414814ms]
2025/05/21 05:30:15 worker:[0] reqid:[52977] qname:[tiktok.com.] qtype:[A] respid:[52977] rcode:[NOERROR] respflags:[qr rd ra] err:[<nil>] duration:[83.505947ms]
2025/05/21 05:30:15 worker:[0] reqid:[41408] qname:[whatsapp.com.] qtype:[A] respid:[41408] rcode:[NOERROR] respflags:[qr rd ra] err:[<nil>] duration:[83.890692ms]
2025/05/21 05:30:15 worker:[0] reqid:[56812] qname:[yahoo.com.] qtype:[A] respid:[56812] rcode:[NOERROR] respflags:[qr rd ra] err:[<nil>] duration:[82.91757ms]
2025/05/21 05:30:15 worker:[0] reqid:[5474] qname:[google.com.] qtype:[A] respid:[5474] rcode:[NOERROR] respflags:[qr rd ra] err:[<nil>] duration:[84.309854ms]
2025/05/21 05:30:15 worker:[0] reqid:[17633] qname:[googleusercontent.com.] qtype:[A] respid:[17633] rcode:[NOERROR] respflags:[qr rd ra] err:[<nil>] duration:[82.837159ms]
2025/05/21 05:30:15 worker:[0] reqid:[18626] qname:[facebook.com.] qtype:[A] respid:[18626] rcode:[NOERROR] respflags:[qr rd ra] err:[<nil>] duration:[83.78998ms]
2025/05/21 05:30:15 worker:[0] reqid:[17618] qname:[instagram.com.] qtype:[A] respid:[17618] rcode:[NOERROR] respflags:[qr rd ra] err:[<nil>] duration:[84.586308ms]
2025/05/21 05:30:15 worker:[0] reqid:[47117] qname:[wikipedia.org.] qtype:[A] respid:[47117] rcode:[NOERROR] respflags:[qr rd ra] err:[<nil>] duration:[84.642074ms]
2025/05/21 05:30:15 worker:[0] reqid:[7696] qname:[x.com.] qtype:[A] respid:[7696] rcode:[NOERROR] respflags:[qr rd ra] err:[<nil>] duration:[84.542025ms]
2025/05/21 05:30:15 worker:[0] reqid:[56252] qname:[amazon.com.] qtype:[A] respid:[56252] rcode:[NOERROR] respflags:[qr rd ra] err:[<nil>] duration:[83.47909ms]
2025/05/21 05:30:15 worker:[0] reqid:[20242] qname:[tiktok.com.] qtype:[A] respid:[20242] rcode:[NOERROR] respflags:[qr rd ra] err:[<nil>] duration:[82.17866ms]
2025/05/21 05:30:16 worker:[0] reqid:[47000] qname:[whatsapp.com.] qtype:[A] respid:[47000] rcode:[NOERROR] respflags:[qr rd ra] err:[<nil>] duration:[83.430397ms]
2025/05/21 05:30:16 worker:[0] reqid:[58572] qname:[yahoo.com.] qtype:[A] respid:[58572] rcode:[NOERROR] respflags:[qr rd ra] err:[<nil>] duration:[85.291532ms]
2025/05/21 05:30:16 worker:[0] reqid:[26615] qname:[google.com.] qtype:[A] respid:[26615] rcode:[NOERROR] respflags:[qr rd ra] err:[<nil>] duration:[82.853137ms]
2025/05/21 05:30:16 worker:[0] reqid:[17710] qname:[googleusercontent.com.] qtype:[A] respid:[17710] rcode:[NOERROR] respflags:[qr rd ra] err:[<nil>] duration:[83.762955ms]
2025/05/21 05:30:16 worker:[0] reqid:[56194] qname:[facebook.com.] qtype:[A] respid:[56194] rcode:[NOERROR] respflags:[qr rd ra] err:[<nil>] duration:[84.12037ms]
2025/05/21 05:30:16 worker:[0] reqid:[54365] qname:[instagram.com.] qtype:[A] respid:[54365] rcode:[NOERROR] respflags:[qr rd ra] err:[<nil>] duration:[83.902986ms]
2025/05/21 05:30:16 worker:[0] reqid:[55402] qname:[wikipedia.org.] qtype:[A] respid:[55402] rcode:[NOERROR] respflags:[qr rd ra] err:[<nil>] duration:[83.52691ms]
2025/05/21 05:30:16 worker:[0] reqid:[15637] qname:[x.com.] qtype:[A] respid:[15637] rcode:[NOERROR] respflags:[qr rd ra] err:[<nil>] duration:[83.143134ms]
2025/05/21 05:30:16 worker:[0] reqid:[50909] qname:[amazon.com.] qtype:[A] respid:[50909] rcode:[NOERROR] respflags:[qr rd ra] err:[<nil>] duration:[83.65551ms]
2025/05/21 05:30:16 worker:[0] reqid:[14471] qname:[tiktok.com.] qtype:[A] respid:[14471] rcode:[NOERROR] respflags:[qr rd ra] err:[<nil>] duration:[83.926326ms]
2025/05/21 05:30:16 worker:[0] reqid:[19566] qname:[whatsapp.com.] qtype:[A] respid:[19566] rcode:[NOERROR] respflags:[qr rd ra] err:[<nil>] duration:[84.885345ms]
2025/05/21 05:30:16 worker:[0] reqid:[55328] qname:[yahoo.com.] qtype:[A] respid:[55328] rcode:[NOERROR] respflags:[qr rd ra] err:[<nil>] duration:[83.653392ms]
2025/05/21 05:30:17 worker:[0] reqid:[36994] qname:[google.com.] qtype:[A] respid:[36994] rcode:[NOERROR] respflags:[qr rd ra] err:[<nil>] duration:[82.698215ms]
2025/05/21 05:30:17 worker:[0] reqid:[25809] qname:[googleusercontent.com.] qtype:[A] respid:[25809] rcode:[NOERROR] respflags:[qr rd ra] err:[<nil>] duration:[83.071272ms]
2025/05/21 05:30:17 worker:[0] reqid:[37825] qname:[facebook.com.] qtype:[A] respid:[37825] rcode:[NOERROR] respflags:[qr rd ra] err:[<nil>] duration:[83.617854ms]
2025/05/21 05:30:17 worker:[0] reqid:[41658] qname:[instagram.com.] qtype:[A] respid:[41658] rcode:[NOERROR] respflags:[qr rd ra] err:[<nil>] duration:[83.370654ms]
2025/05/21 05:30:17 worker:[0] reqid:[17006] qname:[wikipedia.org.] qtype:[A] respid:[17006] rcode:[NOERROR] respflags:[qr rd ra] err:[<nil>] duration:[83.150378ms]
2025/05/21 05:30:17 worker:[0] reqid:[43354] qname:[x.com.] qtype:[A] respid:[43354] rcode:[NOERROR] respflags:[qr rd ra] err:[<nil>] duration:[85.791404ms]
2025/05/21 05:30:17 worker:[0] reqid:[47911] qname:[amazon.com.] qtype:[A] respid:[47911] rcode:[NOERROR] respflags:[qr rd ra] err:[<nil>] duration:[83.772231ms]
2025/05/21 05:30:17 worker:[0] reqid:[25478] qname:[tiktok.com.] qtype:[A] respid:[25478] rcode:[NOERROR] respflags:[qr rd ra] err:[<nil>] duration:[83.754662ms]
2025/05/21 05:30:17 worker:[0] reqid:[1139] qname:[whatsapp.com.] qtype:[A] respid:[1139] rcode:[NOERROR] respflags:[qr rd ra] err:[<nil>] duration:[83.074996ms]
2025/05/21 05:30:17 worker:[0] reqid:[62309] qname:[yahoo.com.] qtype:[A] respid:[62309] rcode:[NOERROR] respflags:[qr rd ra] err:[<nil>] duration:[83.027791ms]
2025/05/21 05:30:17 worker:[0] reqid:[27529] qname:[google.com.] qtype:[A] respid:[27529] rcode:[NOERROR] respflags:[qr rd ra] err:[<nil>] duration:[83.997785ms]
2025/05/21 05:30:17 worker:[0] reqid:[33329] qname:[googleusercontent.com.] qtype:[A] respid:[33329] rcode:[NOERROR] respflags:[qr rd ra] err:[<nil>] duration:[82.424627ms]
2025/05/21 05:30:18 worker:[0] reqid:[36566] qname:[facebook.com.] qtype:[A] respid:[36566] rcode:[NOERROR] respflags:[qr rd ra] err:[<nil>] duration:[82.265563ms]
2025/05/21 05:30:18 worker:[0] reqid:[64569] qname:[instagram.com.] qtype:[A] respid:[64569] rcode:[NOERROR] respflags:[qr rd ra] err:[<nil>] duration:[82.647167ms]
2025/05/21 05:30:18 worker:[0] reqid:[54002] qname:[wikipedia.org.] qtype:[A] respid:[54002] rcode:[NOERROR] respflags:[qr rd ra] err:[<nil>] duration:[83.49979ms]
2025/05/21 05:30:18 worker:[0] reqid:[9202] qname:[x.com.] qtype:[A] respid:[9202] rcode:[NOERROR] respflags:[qr rd ra] err:[<nil>] duration:[82.785419ms]
2025/05/21 05:30:18 worker:[0] reqid:[6095] qname:[amazon.com.] qtype:[A] respid:[6095] rcode:[NOERROR] respflags:[qr rd ra] err:[<nil>] duration:[83.118223ms]
2025/05/21 05:30:18 worker:[0] reqid:[24546] qname:[tiktok.com.] qtype:[A] respid:[24546] rcode:[NOERROR] respflags:[qr rd ra] err:[<nil>] duration:[86.21656ms]
2025/05/21 05:30:18 worker:[0] reqid:[51829] qname:[whatsapp.com.] qtype:[A] respid:[51829] rcode:[NOERROR] respflags:[qr rd ra] err:[<nil>] duration:[82.682345ms]
2025/05/21 05:30:18 worker:[0] reqid:[16081] qname:[yahoo.com.] qtype:[A] respid:[16081] rcode:[NOERROR] respflags:[qr rd ra] err:[<nil>] duration:[86.686623ms]
2025/05/21 05:30:18 worker:[0] reqid:[12766] qname:[google.com.] qtype:[A] respid:[12766] rcode:[NOERROR] respflags:[qr rd ra] err:[<nil>] duration:[82.697161ms]
2025/05/21 05:30:18 worker:[0] reqid:[25360] qname:[googleusercontent.com.] qtype:[A] respid:[25360] rcode:[NOERROR] respflags:[qr rd ra] err:[<nil>] duration:[82.46202ms]
2025/05/21 05:30:18 worker:[0] reqid:[44120] qname:[facebook.com.] qtype:[A] respid:[44120] rcode:[NOERROR] respflags:[qr rd ra] err:[<nil>] duration:[83.987974ms]
2025/05/21 05:30:18 worker:[0] reqid:[48915] qname:[instagram.com.] qtype:[A] respid:[48915] rcode:[NOERROR] respflags:[qr rd ra] err:[<nil>] duration:[83.852025ms]
2025/05/21 05:30:19 worker:[0] reqid:[45987] qname:[wikipedia.org.] qtype:[A] respid:[45987] rcode:[NOERROR] respflags:[qr rd ra] err:[<nil>] duration:[83.29266ms]
2025/05/21 05:30:19 worker:[0] reqid:[2376] qname:[x.com.] qtype:[A] respid:[2376] rcode:[NOERROR] respflags:[qr rd ra] err:[<nil>] duration:[83.147348ms]
2025/05/21 05:30:19 worker:[0] reqid:[11342] qname:[amazon.com.] qtype:[A] respid:[11342] rcode:[NOERROR] respflags:[qr rd ra] err:[<nil>] duration:[84.332771ms]
2025/05/21 05:30:19 worker:[0] reqid:[33133] qname:[tiktok.com.] qtype:[A] respid:[33133] rcode:[NOERROR] respflags:[qr rd ra] err:[<nil>] duration:[83.045866ms]
2025/05/21 05:30:19 worker:[0] reqid:[59234] qname:[whatsapp.com.] qtype:[A] respid:[59234] rcode:[NOERROR] respflags:[qr rd ra] err:[<nil>] duration:[83.69485ms]
2025/05/21 05:30:19 worker:[0] reqid:[1179] qname:[yahoo.com.] qtype:[A] respid:[1179] rcode:[NOERROR] respflags:[qr rd ra] err:[<nil>] duration:[84.311879ms]
2025/05/21 05:30:19 worker:[0] reqid:[61804] qname:[google.com.] qtype:[A] respid:[61804] rcode:[NOERROR] respflags:[qr rd ra] err:[<nil>] duration:[82.71858ms]
2025/05/21 05:30:19 worker:[0] reqid:[32363] qname:[googleusercontent.com.] qtype:[A] respid:[32363] rcode:[NOERROR] respflags:[qr rd ra] err:[<nil>] duration:[82.406185ms]
2025/05/21 05:30:19 worker:[0] reqid:[26288] qname:[facebook.com.] qtype:[A] respid:[26288] rcode:[NOERROR] respflags:[qr rd ra] err:[<nil>] duration:[88.447873ms]
2025/05/21 05:30:19 worker:[0] reqid:[7953] qname:[instagram.com.] qtype:[A] respid:[7953] rcode:[NOERROR] respflags:[qr rd ra] err:[<nil>] duration:[83.154399ms]
2025/05/21 05:30:19 worker:[0] reqid:[23339] qname:[wikipedia.org.] qtype:[A] respid:[23339] rcode:[NOERROR] respflags:[qr rd ra] err:[<nil>] duration:[82.536882ms]
2025/05/21 05:30:19 worker:[0] reqid:[44391] qname:[x.com.] qtype:[A] respid:[44391] rcode:[NOERROR] respflags:[qr rd ra] err:[<nil>] duration:[83.036295ms]
2025/05/21 05:30:20 worker:[0] reqid:[26542] qname:[amazon.com.] qtype:[A] respid:[26542] rcode:[NOERROR] respflags:[qr rd ra] err:[<nil>] duration:[83.482643ms]
2025/05/21 05:30:20 worker:[0] reqid:[11145] qname:[tiktok.com.] qtype:[A] respid:[11145] rcode:[NOERROR] respflags:[qr rd ra] err:[<nil>] duration:[83.386725ms]
2025/05/21 05:30:20 worker:[0] reqid:[6597] qname:[whatsapp.com.] qtype:[A] respid:[6597] rcode:[NOERROR] respflags:[qr rd ra] err:[<nil>] duration:[83.247716ms]
2025/05/21 05:30:20 worker:[0] reqid:[38423] qname:[yahoo.com.] qtype:[A] respid:[38423] rcode:[NOERROR] respflags:[qr rd ra] err:[<nil>] duration:[83.181209ms]
2025/05/21 05:30:20 worker:[0] reqid:[36030] qname:[google.com.] qtype:[A] respid:[36030] rcode:[NOERROR] respflags:[qr rd ra] err:[<nil>] duration:[83.969043ms]
2025/05/21 05:30:20 worker:[0] reqid:[36491] qname:[googleusercontent.com.] qtype:[A] respid:[36491] rcode:[NOERROR] respflags:[qr rd ra] err:[<nil>] duration:[236.547432ms]
2025/05/21 05:30:21 worker:[0] reqid:[24726] qname:[facebook.com.] qtype:[A] respid:[24726] rcode:[NOERROR] respflags:[qr rd ra] err:[<nil>] duration:[525.40237ms]
2025/05/21 05:30:22 worker:[0] reqid:[21367] qname:[instagram.com.] qtype:[A] respid:[21367] rcode:[NOERROR] respflags:[qr rd ra] err:[<nil>] duration:[882.479929ms]
2025/05/21 05:30:22 worker:[0] reqid:[16292] qname:[wikipedia.org.] qtype:[A] respid:[16292] rcode:[NOERROR] respflags:[qr rd ra] err:[<nil>] duration:[83.689645ms]
2025/05/21 05:30:22 worker:[0] reqid:[30247] qname:[x.com.] qtype:[A] respid:[30247] rcode:[NOERROR] respflags:[qr rd ra] err:[<nil>] duration:[82.966265ms]
2025/05/21 05:30:22 worker:[0] reqid:[61388] qname:[amazon.com.] qtype:[A] respid:[61388] rcode:[NOERROR] respflags:[qr rd ra] err:[<nil>] duration:[82.92578ms]
2025/05/21 05:30:22 worker:[0] reqid:[57125] qname:[tiktok.com.] qtype:[A] respid:[57125] rcode:[NOERROR] respflags:[qr rd ra] err:[<nil>] duration:[83.480793ms]
2025/05/21 05:30:22 worker:[0] reqid:[47474] qname:[whatsapp.com.] qtype:[A] respid:[47474] rcode:[NOERROR] respflags:[qr rd ra] err:[<nil>] duration:[83.149787ms]
2025/05/21 05:30:22 worker:[0] reqid:[8017] qname:[yahoo.com.] qtype:[A] respid:[8017] rcode:[NOERROR] respflags:[qr rd ra] err:[<nil>] duration:[86.354968ms]
2025/05/21 05:30:22 worker:[0] reqid:[54691] qname:[google.com.] qtype:[A] respid:[54691] rcode:[NOERROR] respflags:[qr rd ra] err:[<nil>] duration:[85.905547ms]
2025/05/21 05:30:22 worker:[0] reqid:[60503] qname:[googleusercontent.com.] qtype:[A] respid:[60503] rcode:[NOERROR] respflags:[qr rd ra] err:[<nil>] duration:[84.396646ms]
2025/05/21 05:30:22 worker:[0] reqid:[48141] qname:[facebook.com.] qtype:[A] respid:[48141] rcode:[NOERROR] respflags:[qr rd ra] err:[<nil>] duration:[83.453297ms]
2025/05/21 05:30:22 worker:[0] reqid:[49916] qname:[instagram.com.] qtype:[A] respid:[49916] rcode:[NOERROR] respflags:[qr rd ra] err:[<nil>] duration:[85.092678ms]
2025/05/21 05:30:22 worker:[0] reqid:[11407] qname:[wikipedia.org.] qtype:[A] respid:[11407] rcode:[NOERROR] respflags:[qr rd ra] err:[<nil>] duration:[82.876053ms]
2025/05/21 05:30:23 worker:[0] reqid:[57237] qname:[x.com.] qtype:[A] respid:[57237] rcode:[NOERROR] respflags:[qr rd ra] err:[<nil>] duration:[82.847712ms]
2025/05/21 05:30:23 worker:[0] reqid:[18539] qname:[amazon.com.] qtype:[A] respid:[18539] rcode:[NOERROR] respflags:[qr rd ra] err:[<nil>] duration:[83.813203ms]
2025/05/21 05:30:23 worker:[0] reqid:[56500] qname:[tiktok.com.] qtype:[A] respid:[56500] rcode:[NOERROR] respflags:[qr rd ra] err:[<nil>] duration:[84.997225ms]
2025/05/21 05:30:23 worker:[0] reqid:[51267] qname:[whatsapp.com.] qtype:[A] respid:[51267] rcode:[NOERROR] respflags:[qr rd ra] err:[<nil>] duration:[84.716266ms]
2025/05/21 05:30:23 worker:[0] reqid:[1372] qname:[yahoo.com.] qtype:[A] respid:[1372] rcode:[NOERROR] respflags:[qr rd ra] err:[<nil>] duration:[82.861878ms]
2025/05/21 05:30:23 worker:[0] reqid:[3563] qname:[google.com.] qtype:[A] respid:[3563] rcode:[NOERROR] respflags:[qr rd ra] err:[<nil>] duration:[84.051787ms]
2025/05/21 05:30:23 worker:[0] reqid:[16145] qname:[googleusercontent.com.] qtype:[A] respid:[16145] rcode:[NOERROR] respflags:[qr rd ra] err:[<nil>] duration:[83.573854ms]
2025/05/21 05:30:23 worker:[0] reqid:[16823] qname:[facebook.com.] qtype:[A] respid:[16823] rcode:[NOERROR] respflags:[qr rd ra] err:[<nil>] duration:[83.76876ms]
2025/05/21 05:30:23 worker:[0] reqid:[28113] qname:[instagram.com.] qtype:[A] respid:[28113] rcode:[NOERROR] respflags:[qr rd ra] err:[<nil>] duration:[82.908657ms]
2025/05/21 05:30:23 worker:[0] reqid:[2275] qname:[wikipedia.org.] qtype:[A] respid:[2275] rcode:[NOERROR] respflags:[qr rd ra] err:[<nil>] duration:[83.507033ms]
2025/05/21 05:30:23 worker:[0] reqid:[8729] qname:[x.com.] qtype:[A] respid:[8729] rcode:[NOERROR] respflags:[qr rd ra] err:[<nil>] duration:[82.945827ms]
2025/05/21 05:30:23 worker:[0] reqid:[36916] qname:[amazon.com.] qtype:[A] respid:[36916] rcode:[NOERROR] respflags:[qr rd ra] err:[<nil>] duration:[97.400424ms]
2025/05/21 05:30:24 worker:[0] reqid:[22939] qname:[tiktok.com.] qtype:[A] respid:[22939] rcode:[NOERROR] respflags:[qr rd ra] err:[<nil>] duration:[84.776955ms]
2025/05/21 05:30:24 worker:[0] reqid:[51591] qname:[whatsapp.com.] qtype:[A] respid:[51591] rcode:[NOERROR] respflags:[qr rd ra] err:[<nil>] duration:[84.783265ms]
2025/05/21 05:30:24 worker:[0] reqid:[4720] qname:[yahoo.com.] qtype:[A] respid:[4720] rcode:[NOERROR] respflags:[qr rd ra] err:[<nil>] duration:[83.843198ms]
2025/05/21 05:30:24 worker:[0] reqid:[64336] qname:[google.com.] qtype:[A] respid:[64336] rcode:[NOERROR] respflags:[qr rd ra] err:[<nil>] duration:[84.436591ms]
2025/05/21 05:30:24 worker:[0] reqid:[56563] qname:[googleusercontent.com.] qtype:[A] respid:[56563] rcode:[NOERROR] respflags:[qr rd ra] err:[<nil>] duration:[82.876379ms]
2025/05/21 05:30:24 worker:[0] reqid:[6400] qname:[facebook.com.] qtype:[A] respid:[6400] rcode:[NOERROR] respflags:[qr rd ra] err:[<nil>] duration:[83.368797ms]
2025/05/21 05:30:24 worker:[0] reqid:[6485] qname:[instagram.com.] qtype:[A] respid:[6485] rcode:[NOERROR] respflags:[qr rd ra] err:[<nil>] duration:[83.036352ms]
2025/05/21 05:30:24 worker:[0] reqid:[27127] qname:[wikipedia.org.] qtype:[A] respid:[27127] rcode:[NOERROR] respflags:[qr rd ra] err:[<nil>] duration:[83.224081ms]
2025/05/21 05:30:24 worker:[0] reqid:[56105] qname:[x.com.] qtype:[A] respid:[56105] rcode:[NOERROR] respflags:[qr rd ra] err:[<nil>] duration:[84.427331ms]
2025/05/21 05:30:24 worker:[0] reqid:[23161] qname:[amazon.com.] qtype:[A] respid:[23161] rcode:[NOERROR] respflags:[qr rd ra] err:[<nil>] duration:[83.949241ms]
2025/05/21 05:30:24 worker:[0] reqid:[56779] qname:[tiktok.com.] qtype:[A] respid:[56779] rcode:[NOERROR] respflags:[qr rd ra] err:[<nil>] duration:[82.880716ms]
2025/05/21 05:30:24 worker:[0] reqid:[37403] qname:[whatsapp.com.] qtype:[A] respid:[37403] rcode:[NOERROR] respflags:[qr rd ra] err:[<nil>] duration:[83.590452ms]
2025/05/21 05:30:25 worker:[0] reqid:[35628] qname:[yahoo.com.] qtype:[A] respid:[35628] rcode:[NOERROR] respflags:[qr rd ra] err:[<nil>] duration:[82.888092ms]
2025/05/21 05:30:25 worker:[0] reqid:[44469] qname:[google.com.] qtype:[A] respid:[44469] rcode:[NOERROR] respflags:[qr rd ra] err:[<nil>] duration:[84.049026ms]
2025/05/21 05:30:25 worker:[0] reqid:[4674] qname:[googleusercontent.com.] qtype:[A] respid:[4674] rcode:[NOERROR] respflags:[qr rd ra] err:[<nil>] duration:[83.421683ms]
2025/05/21 05:30:25 worker:[0] reqid:[20705] qname:[facebook.com.] qtype:[A] respid:[20705] rcode:[NOERROR] respflags:[qr rd ra] err:[<nil>] duration:[81.47045ms]
2025/05/21 05:30:25 worker:[0] reqid:[26985] qname:[instagram.com.] qtype:[A] respid:[26985] rcode:[NOERROR] respflags:[qr rd ra] err:[<nil>] duration:[83.821515ms]
2025/05/21 05:30:25 worker:[0] reqid:[23817] qname:[wikipedia.org.] qtype:[A] respid:[23817] rcode:[NOERROR] respflags:[qr rd ra] err:[<nil>] duration:[83.466272ms]
2025/05/21 05:30:25 worker:[0] reqid:[18721] qname:[x.com.] qtype:[A] respid:[18721] rcode:[NOERROR] respflags:[qr rd ra] err:[<nil>] duration:[85.155189ms]
2025/05/21 05:30:25 worker:[0] reqid:[48218] qname:[amazon.com.] qtype:[A] respid:[48218] rcode:[NOERROR] respflags:[qr rd ra] err:[<nil>] duration:[86.046909ms]
2025/05/21 05:30:25 worker:[0] reqid:[32900] qname:[tiktok.com.] qtype:[A] respid:[32900] rcode:[NOERROR] respflags:[qr rd ra] err:[<nil>] duration:[83.925471ms]
2025/05/21 05:30:25 worker:[0] reqid:[56999] qname:[whatsapp.com.] qtype:[A] respid:[56999] rcode:[NOERROR] respflags:[qr rd ra] err:[<nil>] duration:[83.319868ms]
2025/05/21 05:30:25 worker:[0] reqid:[63381] qname:[yahoo.com.] qtype:[A] respid:[63381] rcode:[NOERROR] respflags:[qr rd ra] err:[<nil>] duration:[85.106843ms]
2025/05/21 05:30:26 worker:[0] reqid:[34145] qname:[google.com.] qtype:[A] respid:[34145] rcode:[NOERROR] respflags:[qr rd ra] err:[<nil>] duration:[84.017765ms]
2025/05/21 05:30:26 worker:[0] reqid:[15942] qname:[googleusercontent.com.] qtype:[A] respid:[15942] rcode:[NOERROR] respflags:[qr rd ra] err:[<nil>] duration:[90.809682ms]
2025/05/21 05:30:26 worker:[0] reqid:[26217] qname:[facebook.com.] qtype:[A] respid:[26217] rcode:[NOERROR] respflags:[qr rd ra] err:[<nil>] duration:[83.112018ms]
2025/05/21 05:30:26 worker:[0] reqid:[17799] qname:[instagram.com.] qtype:[A] respid:[17799] rcode:[NOERROR] respflags:[qr rd ra] err:[<nil>] duration:[84.308402ms]
2025/05/21 05:30:26 worker:[0] reqid:[55665] qname:[wikipedia.org.] qtype:[A] respid:[55665] rcode:[NOERROR] respflags:[qr rd ra] err:[<nil>] duration:[83.833391ms]
2025/05/21 05:30:26 worker:[0] reqid:[18708] qname:[x.com.] qtype:[A] respid:[18708] rcode:[NOERROR] respflags:[qr rd ra] err:[<nil>] duration:[84.272491ms]
2025/05/21 05:30:26 worker:[0] reqid:[22541] qname:[amazon.com.] qtype:[A] respid:[22541] rcode:[NOERROR] respflags:[qr rd ra] err:[<nil>] duration:[84.26371ms]
2025/05/21 05:30:26 worker:[0] reqid:[57885] qname:[tiktok.com.] qtype:[A] respid:[57885] rcode:[NOERROR] respflags:[qr rd ra] err:[<nil>] duration:[89.34253ms]
2025/05/21 05:30:26 worker:[0] reqid:[63813] qname:[whatsapp.com.] qtype:[A] respid:[63813] rcode:[NOERROR] respflags:[qr rd ra] err:[<nil>] duration:[83.599713ms]
2025/05/21 05:30:26 worker:[0] reqid:[48438] qname:[yahoo.com.] qtype:[A] respid:[48438] rcode:[NOERROR] respflags:[qr rd ra] err:[<nil>] duration:[84.916118ms]
2025/05/21 05:30:26 worker:[0] reqid:[4890] qname:[google.com.] qtype:[A] respid:[4890] rcode:[NOERROR] respflags:[qr rd ra] err:[<nil>] duration:[83.323106ms]
2025/05/21 05:30:26 worker:[0] reqid:[31323] qname:[googleusercontent.com.] qtype:[A] respid:[31323] rcode:[NOERROR] respflags:[qr rd ra] err:[<nil>] duration:[83.089303ms]
2025/05/21 05:30:27 worker:[0] reqid:[34421] qname:[facebook.com.] qtype:[A] respid:[34421] rcode:[NOERROR] respflags:[qr rd ra] err:[<nil>] duration:[83.965959ms]
2025/05/21 05:30:27 worker:[0] reqid:[23466] qname:[instagram.com.] qtype:[A] respid:[23466] rcode:[NOERROR] respflags:[qr rd ra] err:[<nil>] duration:[83.479183ms]
2025/05/21 05:30:27 worker:[0] reqid:[18937] qname:[wikipedia.org.] qtype:[A] respid:[18937] rcode:[NOERROR] respflags:[qr rd ra] err:[<nil>] duration:[82.98747ms]
2025/05/21 05:30:27 worker:[0] reqid:[5647] qname:[x.com.] qtype:[A] respid:[5647] rcode:[NOERROR] respflags:[qr rd ra] err:[<nil>] duration:[85.421153ms]
2025/05/21 05:30:27 worker:[0] reqid:[28845] qname:[amazon.com.] qtype:[A] respid:[28845] rcode:[NOERROR] respflags:[qr rd ra] err:[<nil>] duration:[82.300862ms]
2025/05/21 05:30:27 worker:[0] reqid:[37511] qname:[tiktok.com.] qtype:[A] respid:[37511] rcode:[NOERROR] respflags:[qr rd ra] err:[<nil>] duration:[83.028471ms]
2025/05/21 05:30:27 worker:[0] reqid:[17983] qname:[whatsapp.com.] qtype:[A] respid:[17983] rcode:[NOERROR] respflags:[qr rd ra] err:[<nil>] duration:[83.185655ms]
2025/05/21 05:30:27 worker:[0] reqid:[14266] qname:[yahoo.com.] qtype:[A] respid:[14266] rcode:[NOERROR] respflags:[qr rd ra] err:[<nil>] duration:[84.562023ms]
2025/05/21 05:30:27 worker:[0] reqid:[5847] qname:[google.com.] qtype:[A] respid:[5847] rcode:[NOERROR] respflags:[qr rd ra] err:[<nil>] duration:[86.554861ms]
2025/05/21 05:30:27 worker:[0] reqid:[49985] qname:[googleusercontent.com.] qtype:[A] respid:[49985] rcode:[NOERROR] respflags:[qr rd ra] err:[<nil>] duration:[83.938878ms]
2025/05/21 05:30:27 worker:[0] reqid:[10003] qname:[facebook.com.] qtype:[A] respid:[10003] rcode:[NOERROR] respflags:[qr rd ra] err:[<nil>] duration:[83.37971ms]
2025/05/21 05:30:27 worker:[0] reqid:[56975] qname:[instagram.com.] qtype:[A] respid:[56975] rcode:[NOERROR] respflags:[qr rd ra] err:[<nil>] duration:[83.364131ms]
2025/05/21 05:30:28 worker:[0] reqid:[56120] qname:[wikipedia.org.] qtype:[A] respid:[56120] rcode:[NOERROR] respflags:[qr rd ra] err:[<nil>] duration:[83.063224ms]
2025/05/21 05:30:28 worker:[0] reqid:[46362] qname:[x.com.] qtype:[A] respid:[46362] rcode:[NOERROR] respflags:[qr rd ra] err:[<nil>] duration:[83.35972ms]
2025/05/21 05:30:28 worker:[0] reqid:[8849] qname:[amazon.com.] qtype:[A] respid:[8849] rcode:[NOERROR] respflags:[qr rd ra] err:[<nil>] duration:[85.574559ms]
2025/05/21 05:30:28 worker:[0] reqid:[1678] qname:[tiktok.com.] qtype:[A] respid:[1678] rcode:[NOERROR] respflags:[qr rd ra] err:[<nil>] duration:[82.981033ms]
2025/05/21 05:30:28 worker:[0] reqid:[52558] qname:[whatsapp.com.] qtype:[A] respid:[52558] rcode:[NOERROR] respflags:[qr rd ra] err:[<nil>] duration:[82.661721ms]
2025/05/21 05:30:28 worker:[0] reqid:[18611] qname:[yahoo.com.] qtype:[A] respid:[18611] rcode:[NOERROR] respflags:[qr rd ra] err:[<nil>] duration:[82.586188ms]
2025/05/21 05:30:28 worker:[0] reqid:[43037] qname:[google.com.] qtype:[A] respid:[43037] rcode:[NOERROR] respflags:[qr rd ra] err:[<nil>] duration:[125.346837ms]
2025/05/21 05:30:28 worker:[0] reqid:[21778] qname:[googleusercontent.com.] qtype:[A] respid:[21778] rcode:[NOERROR] respflags:[qr rd ra] err:[<nil>] duration:[392.352375ms]
2025/05/21 05:30:29 worker:[0] reqid:[31183] qname:[facebook.com.] qtype:[A] respid:[31183] rcode:[NOERROR] respflags:[qr rd ra] err:[<nil>] duration:[327.404625ms]
2025/05/21 05:30:29 worker:[0] reqid:[49507] qname:[instagram.com.] qtype:[A] respid:[49507] rcode:[NOERROR] respflags:[qr rd ra] err:[<nil>] duration:[83.687522ms]
2025/05/21 05:30:29 worker:[0] reqid:[25960] qname:[wikipedia.org.] qtype:[A] respid:[25960] rcode:[NOERROR] respflags:[qr rd ra] err:[<nil>] duration:[82.352316ms]
2025/05/21 05:30:29 worker:[0] reqid:[20274] qname:[x.com.] qtype:[A] respid:[20274] rcode:[NOERROR] respflags:[qr rd ra] err:[<nil>] duration:[82.707483ms]
2025/05/21 05:30:29 worker:[0] reqid:[39864] qname:[amazon.com.] qtype:[A] respid:[39864] rcode:[NOERROR] respflags:[qr rd ra] err:[<nil>] duration:[83.001823ms]
2025/05/21 05:30:29 worker:[0] reqid:[24206] qname:[tiktok.com.] qtype:[A] respid:[24206] rcode:[NOERROR] respflags:[qr rd ra] err:[<nil>] duration:[83.797981ms]
2025/05/21 05:30:29 worker:[0] reqid:[46772] qname:[whatsapp.com.] qtype:[A] respid:[46772] rcode:[NOERROR] respflags:[qr rd ra] err:[<nil>] duration:[85.14823ms]
2025/05/21 05:30:29 worker:[0] reqid:[26844] qname:[yahoo.com.] qtype:[A] respid:[26844] rcode:[NOERROR] respflags:[qr rd ra] err:[<nil>] duration:[83.256431ms]
2025/05/21 05:30:29 worker:[0] reqid:[28839] qname:[google.com.] qtype:[A] respid:[28839] rcode:[NOERROR] respflags:[qr rd ra] err:[<nil>] duration:[83.608813ms]
2025/05/21 05:30:30 worker:[0] reqid:[30177] qname:[googleusercontent.com.] qtype:[A] respid:[30177] rcode:[NOERROR] respflags:[qr rd ra] err:[<nil>] duration:[88.759332ms]
2025/05/21 05:30:30 worker:[0] reqid:[292] qname:[facebook.com.] qtype:[A] respid:[292] rcode:[NOERROR] respflags:[qr rd ra] err:[<nil>] duration:[82.992806ms]
2025/05/21 05:30:30 worker:[0] reqid:[52624] qname:[instagram.com.] qtype:[A] respid:[52624] rcode:[NOERROR] respflags:[qr rd ra] err:[<nil>] duration:[83.437283ms]
2025/05/21 05:30:30 worker:[0] reqid:[49430] qname:[wikipedia.org.] qtype:[A] respid:[49430] rcode:[NOERROR] respflags:[qr rd ra] err:[<nil>] duration:[84.353923ms]
2025/05/21 05:30:30 worker:[0] reqid:[44443] qname:[x.com.] qtype:[A] respid:[44443] rcode:[NOERROR] respflags:[qr rd ra] err:[<nil>] duration:[82.62832ms]
2025/05/21 05:30:30 worker:[0] reqid:[52751] qname:[amazon.com.] qtype:[A] respid:[52751] rcode:[NOERROR] respflags:[qr rd ra] err:[<nil>] duration:[83.662639ms]
2025/05/21 05:30:30 worker:[0] reqid:[61798] qname:[tiktok.com.] qtype:[A] respid:[61798] rcode:[NOERROR] respflags:[qr rd ra] err:[<nil>] duration:[82.923803ms]
2025/05/21 05:30:30 worker:[0] reqid:[4919] qname:[whatsapp.com.] qtype:[A] respid:[4919] rcode:[NOERROR] respflags:[qr rd ra] err:[<nil>] duration:[83.140326ms]
2025/05/21 05:30:30 worker:[0] reqid:[7257] qname:[yahoo.com.] qtype:[A] respid:[7257] rcode:[NOERROR] respflags:[qr rd ra] err:[<nil>] duration:[83.06287ms]
2025/05/21 05:30:30 worker:[0] reqid:[27194] qname:[google.com.] qtype:[A] respid:[27194] rcode:[NOERROR] respflags:[qr rd ra] err:[<nil>] duration:[84.756752ms]
2025/05/21 05:30:31 worker:[0] reqid:[35504] qname:[googleusercontent.com.] qtype:[A] respid:[35504] rcode:[NOERROR] respflags:[qr rd ra] err:[<nil>] duration:[392.336639ms]
2025/05/21 05:30:31 worker:[0] reqid:[50284] qname:[facebook.com.] qtype:[A] respid:[50284] rcode:[NOERROR] respflags:[qr rd ra] err:[<nil>] duration:[83.403391ms]
2025/05/21 05:30:31 worker:[0] reqid:[49531] qname:[instagram.com.] qtype:[A] respid:[49531] rcode:[NOERROR] respflags:[qr rd ra] err:[<nil>] duration:[83.100898ms]
2025/05/21 05:30:31 worker:[0] reqid:[20876] qname:[wikipedia.org.] qtype:[A] respid:[20876] rcode:[NOERROR] respflags:[qr rd ra] err:[<nil>] duration:[83.269563ms]
2025/05/21 05:30:31 worker:[0] reqid:[39427] qname:[x.com.] qtype:[A] respid:[39427] rcode:[NOERROR] respflags:[qr rd ra] err:[<nil>] duration:[83.799441ms]
2025/05/21 05:30:31 worker:[0] reqid:[45489] qname:[amazon.com.] qtype:[A] respid:[45489] rcode:[NOERROR] respflags:[qr rd ra] err:[<nil>] duration:[83.674684ms]
2025/05/21 05:30:31 worker:[0] reqid:[54057] qname:[tiktok.com.] qtype:[A] respid:[54057] rcode:[NOERROR] respflags:[qr rd ra] err:[<nil>] duration:[83.551845ms]
2025/05/21 05:30:31 worker:[0] reqid:[17113] qname:[whatsapp.com.] qtype:[A] respid:[17113] rcode:[NOERROR] respflags:[qr rd ra] err:[<nil>] duration:[83.885571ms]
2025/05/21 05:30:31 worker:[0] reqid:[11916] qname:[yahoo.com.] qtype:[A] respid:[11916] rcode:[NOERROR] respflags:[qr rd ra] err:[<nil>] duration:[83.507349ms]
2025/05/21 05:30:31 worker:[0] reqid:[39718] qname:[google.com.] qtype:[A] respid:[39718] rcode:[NOERROR] respflags:[qr rd ra] err:[<nil>] duration:[85.273408ms]
2025/05/21 05:30:32 worker:[0] reqid:[49465] qname:[googleusercontent.com.] qtype:[A] respid:[49465] rcode:[NOERROR] respflags:[qr rd ra] err:[<nil>] duration:[82.844172ms]
2025/05/21 05:30:32 worker:[0] reqid:[26191] qname:[facebook.com.] qtype:[A] respid:[26191] rcode:[NOERROR] respflags:[qr rd ra] err:[<nil>] duration:[86.07789ms]
2025/05/21 05:30:32 worker:[0] reqid:[5611] qname:[instagram.com.] qtype:[A] respid:[5611] rcode:[NOERROR] respflags:[qr rd ra] err:[<nil>] duration:[82.461564ms]
2025/05/21 05:30:32 worker:[0] reqid:[11109] qname:[wikipedia.org.] qtype:[A] respid:[11109] rcode:[NOERROR] respflags:[qr rd ra] err:[<nil>] duration:[84.014855ms]
2025/05/21 05:30:32 worker:[0] reqid:[19087] qname:[x.com.] qtype:[A] respid:[19087] rcode:[NOERROR] respflags:[qr rd ra] err:[<nil>] duration:[83.276627ms]
2025/05/21 05:30:32 worker:[0] reqid:[51159] qname:[amazon.com.] qtype:[A] respid:[51159] rcode:[NOERROR] respflags:[qr rd ra] err:[<nil>] duration:[81.959712ms]
2025/05/21 05:30:32 worker:[0] reqid:[9755] qname:[tiktok.com.] qtype:[A] respid:[9755] rcode:[NOERROR] respflags:[qr rd ra] err:[<nil>] duration:[83.656892ms]
2025/05/21 05:30:32 worker:[0] reqid:[3996] qname:[whatsapp.com.] qtype:[A] respid:[3996] rcode:[NOERROR] respflags:[qr rd ra] err:[<nil>] duration:[89.639402ms]
2025/05/21 05:30:32 worker:[0] reqid:[38986] qname:[yahoo.com.] qtype:[A] respid:[38986] rcode:[NOERROR] respflags:[qr rd ra] err:[<nil>] duration:[82.579612ms]
2025/05/21 05:30:32 worker:[0] reqid:[33304] qname:[google.com.] qtype:[A] respid:[33304] rcode:[NOERROR] respflags:[qr rd ra] err:[<nil>] duration:[85.145157ms]
2025/05/21 05:30:32 worker:[0] reqid:[13902] qname:[googleusercontent.com.] qtype:[A] respid:[13902] rcode:[NOERROR] respflags:[qr rd ra] err:[<nil>] duration:[83.191888ms]
2025/05/21 05:30:32 worker:[0] reqid:[5409] qname:[facebook.com.] qtype:[A] respid:[5409] rcode:[NOERROR] respflags:[qr rd ra] err:[<nil>] duration:[82.547807ms]
2025/05/21 05:30:33 worker:[0] reqid:[44204] qname:[instagram.com.] qtype:[A] respid:[44204] rcode:[NOERROR] respflags:[qr rd ra] err:[<nil>] duration:[82.713642ms]
2025/05/21 05:30:33 worker:[0] reqid:[2291] qname:[wikipedia.org.] qtype:[A] respid:[2291] rcode:[NOERROR] respflags:[qr rd ra] err:[<nil>] duration:[83.436119ms]
2025/05/21 05:30:33 worker:[0] reqid:[24927] qname:[x.com.] qtype:[A] respid:[24927] rcode:[NOERROR] respflags:[qr rd ra] err:[<nil>] duration:[83.348435ms]
2025/05/21 05:30:33 worker:[0] reqid:[49993] qname:[amazon.com.] qtype:[A] respid:[49993] rcode:[NOERROR] respflags:[qr rd ra] err:[<nil>] duration:[83.832828ms]
2025/05/21 05:30:33 worker:[0] reqid:[6414] qname:[tiktok.com.] qtype:[A] respid:[6414] rcode:[NOERROR] respflags:[qr rd ra] err:[<nil>] duration:[82.58799ms]
2025/05/21 05:30:33 worker:[0] reqid:[22211] qname:[whatsapp.com.] qtype:[A] respid:[22211] rcode:[NOERROR] respflags:[qr rd ra] err:[<nil>] duration:[82.655411ms]
2025/05/21 05:30:33 worker:[0] reqid:[36077] qname:[yahoo.com.] qtype:[A] respid:[36077] rcode:[NOERROR] respflags:[qr rd ra] err:[<nil>] duration:[82.613233ms]
2025/05/21 05:30:33 worker:[0] reqid:[33203] qname:[google.com.] qtype:[A] respid:[33203] rcode:[NOERROR] respflags:[qr rd ra] err:[<nil>] duration:[82.140127ms]
2025/05/21 05:30:33 worker:[0] reqid:[45053] qname:[googleusercontent.com.] qtype:[A] respid:[45053] rcode:[NOERROR] respflags:[qr rd ra] err:[<nil>] duration:[87.59286ms]
2025/05/21 05:30:33 worker:[0] reqid:[397] qname:[facebook.com.] qtype:[A] respid:[397] rcode:[NOERROR] respflags:[qr rd ra] err:[<nil>] duration:[83.240929ms]
2025/05/21 05:30:33 worker:[0] reqid:[49916] qname:[instagram.com.] qtype:[A] respid:[49916] rcode:[NOERROR] respflags:[qr rd ra] err:[<nil>] duration:[83.63679ms]
2025/05/21 05:30:33 worker:[0] reqid:[898] qname:[wikipedia.org.] qtype:[A] respid:[898] rcode:[NOERROR] respflags:[qr rd ra] err:[<nil>] duration:[84.257124ms]
2025/05/21 05:30:34 worker:[0] reqid:[62332] qname:[x.com.] qtype:[A] respid:[62332] rcode:[NOERROR] respflags:[qr rd ra] err:[<nil>] duration:[83.763199ms]
2025/05/21 05:30:34 worker:[0] reqid:[55810] qname:[amazon.com.] qtype:[A] respid:[55810] rcode:[NOERROR] respflags:[qr rd ra] err:[<nil>] duration:[87.811593ms]
2025/05/21 05:30:34 worker:[0] reqid:[9202] qname:[tiktok.com.] qtype:[A] respid:[9202] rcode:[NOERROR] respflags:[qr rd ra] err:[<nil>] duration:[289.356019ms]
2025/05/21 05:30:34 worker:[0] reqid:[21906] qname:[whatsapp.com.] qtype:[A] respid:[21906] rcode:[NOERROR] respflags:[qr rd ra] err:[<nil>] duration:[83.330329ms]
2025/05/21 05:30:34 worker:[0] reqid:[47799] qname:[yahoo.com.] qtype:[A] respid:[47799] rcode:[NOERROR] respflags:[qr rd ra] err:[<nil>] duration:[82.476894ms]
2025/05/21 05:30:34 worker:[0] reqid:[393] qname:[google.com.] qtype:[A] respid:[393] rcode:[NOERROR] respflags:[qr rd ra] err:[<nil>] duration:[82.910548ms]
2025/05/21 05:30:34 worker:[0] reqid:[20587] qname:[googleusercontent.com.] qtype:[A] respid:[20587] rcode:[NOERROR] respflags:[qr rd ra] err:[<nil>] duration:[83.515201ms]
2025/05/21 05:30:34 worker:[0] reqid:[5621] qname:[facebook.com.] qtype:[A] respid:[5621] rcode:[NOERROR] respflags:[qr rd ra] err:[<nil>] duration:[83.399397ms]
2025/05/21 05:30:34 worker:[0] reqid:[14036] qname:[instagram.com.] qtype:[A] respid:[14036] rcode:[NOERROR] respflags:[qr rd ra] err:[<nil>] duration:[84.333416ms]
2025/05/21 05:30:35 worker:[0] reqid:[12962] qname:[wikipedia.org.] qtype:[A] respid:[12962] rcode:[NOERROR] respflags:[qr rd ra] err:[<nil>] duration:[83.682639ms]
2025/05/21 05:30:35 worker:[0] reqid:[50313] qname:[x.com.] qtype:[A] respid:[50313] rcode:[NOERROR] respflags:[qr rd ra] err:[<nil>] duration:[83.296045ms]
2025/05/21 05:30:35 worker:[0] reqid:[36232] qname:[amazon.com.] qtype:[A] respid:[36232] rcode:[NOERROR] respflags:[qr rd ra] err:[<nil>] duration:[82.687465ms]
2025/05/21 05:30:35 worker:[0] reqid:[34830] qname:[tiktok.com.] qtype:[A] respid:[34830] rcode:[NOERROR] respflags:[qr rd ra] err:[<nil>] duration:[83.008915ms]
2025/05/21 05:30:35 worker:[0] reqid:[23663] qname:[whatsapp.com.] qtype:[A] respid:[23663] rcode:[NOERROR] respflags:[qr rd ra] err:[<nil>] duration:[82.891346ms]
2025/05/21 05:30:35 worker:[0] reqid:[61716] qname:[yahoo.com.] qtype:[A] respid:[61716] rcode:[NOERROR] respflags:[qr rd ra] err:[<nil>] duration:[83.192084ms]
