2025/05/21 06:01:08 failed to sufficiently increase receive buffer size (was: 208 kiB, wanted: 7168 kiB, got: 416 kiB). See https://github.com/quic-go/quic-go/wiki/UDP-Buffer-Sizes for details.
2025/05/21 06:01:08 worker:[0] reqid:[0] qname:[google.com.] qtype:[A] respid:[0] rcode:[NOERROR] respflags:[qr rd ra] err:[<nil>] duration:[538.262636ms]
2025/05/21 06:01:08 worker:[0] reqid:[0] qname:[googleusercontent.com.] qtype:[A] respid:[0] rcode:[NOERROR] respflags:[qr rd ra] err:[<nil>] duration:[77.22469ms]
2025/05/21 06:01:09 worker:[0] reqid:[0] qname:[facebook.com.] qtype:[A] respid:[0] rcode:[NOERROR] respflags:[qr rd ra] err:[<nil>] duration:[91.219441ms]
2025/05/21 06:01:09 worker:[0] reqid:[0] qname:[instagram.com.] qtype:[A] respid:[0] rcode:[NOERROR] respflags:[qr rd ra] err:[<nil>] duration:[78.225325ms]
2025/05/21 06:01:09 worker:[0] reqid:[0] qname:[wikipedia.org.] qtype:[A] respid:[0] rcode:[NOERROR] respflags:[qr rd ra] err:[<nil>] duration:[79.643491ms]
2025/05/21 06:01:09 worker:[0] reqid:[0] qname:[x.com.] qtype:[A] respid:[0] rcode:[NOERROR] respflags:[qr rd ra] err:[<nil>] duration:[77.513997ms]
2025/05/21 06:01:09 worker:[0] reqid:[0] qname:[amazon.com.] qtype:[A] respid:[0] rcode:[NOERROR] respflags:[qr rd ra] err:[<nil>] duration:[87.789243ms]
2025/05/21 06:01:09 worker:[0] reqid:[0] qname:[tiktok.com.] qtype:[A] respid:[0] rcode:[NOERROR] respflags:[qr rd ra] err:[<nil>] duration:[255.658896ms]
2025/05/21 06:01:09 worker:[0] reqid:[0] qname:[whatsapp.com.] qtype:[A] respid:[0] rcode:[NOERROR] respflags:[qr rd ra] err:[<nil>] duration:[85.323565ms]
2025/05/21 06:01:09 worker:[0] reqid:[0] qname:[yahoo.com.] qtype:[A] respid:[0] rcode:[NOERROR] respflags:[qr rd ra] err:[<nil>] duration:[245.661649ms]
2025/05/21 06:01:10 worker:[0] reqid:[0] qname:[google.com.] qtype:[A] respid:[0] rcode:[NOERROR] respflags:[qr rd ra] err:[<nil>] duration:[77.516108ms]
2025/05/21 06:01:10 worker:[0] reqid:[0] qname:[googleusercontent.com.] qtype:[A] respid:[0] rcode:[NOERROR] respflags:[qr rd ra] err:[<nil>] duration:[78.473341ms]
2025/05/21 06:01:10 worker:[0] reqid:[0] qname:[facebook.com.] qtype:[A] respid:[0] rcode:[NOERROR] respflags:[qr rd ra] err:[<nil>] duration:[76.252402ms]
2025/05/21 06:01:10 worker:[0] reqid:[0] qname:[instagram.com.] qtype:[A] respid:[0] rcode:[NOERROR] respflags:[qr rd ra] err:[<nil>] duration:[76.914939ms]
2025/05/21 06:01:10 worker:[0] reqid:[0] qname:[wikipedia.org.] qtype:[A] respid:[0] rcode:[NOERROR] respflags:[qr rd ra] err:[<nil>] duration:[78.994934ms]
2025/05/21 06:01:10 worker:[0] reqid:[0] qname:[x.com.] qtype:[A] respid:[0] rcode:[NOERROR] respflags:[qr rd ra] err:[<nil>] duration:[79.299567ms]
2025/05/21 06:01:10 worker:[0] reqid:[0] qname:[amazon.com.] qtype:[A] respid:[0] rcode:[NOERROR] respflags:[qr rd ra] err:[<nil>] duration:[76.352112ms]
2025/05/21 06:01:10 worker:[0] reqid:[0] qname:[tiktok.com.] qtype:[A] respid:[0] rcode:[NOERROR] respflags:[qr rd ra] err:[<nil>] duration:[105.534712ms]
2025/05/21 06:01:10 worker:[0] reqid:[0] qname:[whatsapp.com.] qtype:[A] respid:[0] rcode:[NOERROR] respflags:[qr rd ra] err:[<nil>] duration:[105.7844ms]
2025/05/21 06:01:10 worker:[0] reqid:[0] qname:[yahoo.com.] qtype:[A] respid:[0] rcode:[NOERROR] respflags:[qr rd ra] err:[<nil>] duration:[78.621719ms]
2025/05/21 06:01:10 worker:[0] reqid:[0] qname:[google.com.] qtype:[A] respid:[0] rcode:[NOERROR] respflags:[qr rd ra] err:[<nil>] duration:[80.44078ms]
2025/05/21 06:01:10 worker:[0] reqid:[0] qname:[googleusercontent.com.] qtype:[A] respid:[0] rcode:[NOERROR] respflags:[qr rd ra] err:[<nil>] duration:[78.18238ms]
2025/05/21 06:01:11 worker:[0] reqid:[0] qname:[facebook.com.] qtype:[A] respid:[0] rcode:[NOERROR] respflags:[qr rd ra] err:[<nil>] duration:[77.503402ms]
2025/05/21 06:01:11 worker:[0] reqid:[0] qname:[instagram.com.] qtype:[A] respid:[0] rcode:[NOERROR] respflags:[qr rd ra] err:[<nil>] duration:[77.16034ms]
2025/05/21 06:01:11 worker:[0] reqid:[0] qname:[wikipedia.org.] qtype:[A] respid:[0] rcode:[NOERROR] respflags:[qr rd ra] err:[<nil>] duration:[84.758591ms]
2025/05/21 06:01:11 worker:[0] reqid:[0] qname:[x.com.] qtype:[A] respid:[0] rcode:[NOERROR] respflags:[qr rd ra] err:[<nil>] duration:[76.265448ms]
2025/05/21 06:01:11 worker:[0] reqid:[0] qname:[amazon.com.] qtype:[A] respid:[0] rcode:[NOERROR] respflags:[qr rd ra] err:[<nil>] duration:[77.623124ms]
2025/05/21 06:01:11 worker:[0] reqid:[0] qname:[tiktok.com.] qtype:[A] respid:[0] rcode:[NOERROR] respflags:[qr rd ra] err:[<nil>] duration:[79.32918ms]
2025/05/21 06:01:11 worker:[0] reqid:[0] qname:[whatsapp.com.] qtype:[A] respid:[0] rcode:[NOERROR] respflags:[qr rd ra] err:[<nil>] duration:[78.110744ms]
2025/05/21 06:01:11 worker:[0] reqid:[0] qname:[yahoo.com.] qtype:[A] respid:[0] rcode:[NOERROR] respflags:[qr rd ra] err:[<nil>] duration:[78.135372ms]
2025/05/21 06:01:11 worker:[0] reqid:[0] qname:[google.com.] qtype:[A] respid:[0] rcode:[NOERROR] respflags:[qr rd ra] err:[<nil>] duration:[83.34517ms]
2025/05/21 06:01:11 worker:[0] reqid:[0] qname:[googleusercontent.com.] qtype:[A] respid:[0] rcode:[NOERROR] respflags:[qr rd ra] err:[<nil>] duration:[78.476409ms]
2025/05/21 06:01:11 worker:[0] reqid:[0] qname:[facebook.com.] qtype:[A] respid:[0] rcode:[NOERROR] respflags:[qr rd ra] err:[<nil>] duration:[77.068893ms]
2025/05/21 06:01:11 worker:[0] reqid:[0] qname:[instagram.com.] qtype:[A] respid:[0] rcode:[NOERROR] respflags:[qr rd ra] err:[<nil>] duration:[78.01501ms]
2025/05/21 06:01:11 worker:[0] reqid:[0] qname:[wikipedia.org.] qtype:[A] respid:[0] rcode:[NOERROR] respflags:[qr rd ra] err:[<nil>] duration:[77.076521ms]
2025/05/21 06:01:12 worker:[0] reqid:[0] qname:[x.com.] qtype:[A] respid:[0] rcode:[NOERROR] respflags:[qr rd ra] err:[<nil>] duration:[196.613839ms]
2025/05/21 06:01:12 worker:[0] reqid:[0] qname:[amazon.com.] qtype:[A] respid:[0] rcode:[NOERROR] respflags:[qr rd ra] err:[<nil>] duration:[78.453905ms]
2025/05/21 06:01:12 worker:[0] reqid:[0] qname:[tiktok.com.] qtype:[A] respid:[0] rcode:[NOERROR] respflags:[qr rd ra] err:[<nil>] duration:[76.711276ms]
2025/05/21 06:01:12 worker:[0] reqid:[0] qname:[whatsapp.com.] qtype:[A] respid:[0] rcode:[NOERROR] respflags:[qr rd ra] err:[<nil>] duration:[77.031976ms]
2025/05/21 06:01:12 worker:[0] reqid:[0] qname:[yahoo.com.] qtype:[A] respid:[0] rcode:[NOERROR] respflags:[qr rd ra] err:[<nil>] duration:[77.984671ms]
2025/05/21 06:01:12 worker:[0] reqid:[0] qname:[google.com.] qtype:[A] respid:[0] rcode:[NOERROR] respflags:[qr rd ra] err:[<nil>] duration:[77.838506ms]
2025/05/21 06:01:12 worker:[0] reqid:[0] qname:[googleusercontent.com.] qtype:[A] respid:[0] rcode:[NOERROR] respflags:[qr rd ra] err:[<nil>] duration:[78.030844ms]
2025/05/21 06:01:12 worker:[0] reqid:[0] qname:[facebook.com.] qtype:[A] respid:[0] rcode:[NOERROR] respflags:[qr rd ra] err:[<nil>] duration:[76.331263ms]
2025/05/21 06:01:12 worker:[0] reqid:[0] qname:[instagram.com.] qtype:[A] respid:[0] rcode:[NOERROR] respflags:[qr rd ra] err:[<nil>] duration:[77.310001ms]
2025/05/21 06:01:12 worker:[0] reqid:[0] qname:[wikipedia.org.] qtype:[A] respid:[0] rcode:[NOERROR] respflags:[qr rd ra] err:[<nil>] duration:[77.511339ms]
2025/05/21 06:01:12 worker:[0] reqid:[0] qname:[x.com.] qtype:[A] respid:[0] rcode:[NOERROR] respflags:[qr rd ra] err:[<nil>] duration:[77.777056ms]
2025/05/21 06:01:13 worker:[0] reqid:[0] qname:[amazon.com.] qtype:[A] respid:[0] rcode:[NOERROR] respflags:[qr rd ra] err:[<nil>] duration:[268.405088ms]
2025/05/21 06:01:13 worker:[0] reqid:[0] qname:[tiktok.com.] qtype:[A] respid:[0] rcode:[NOERROR] respflags:[qr rd ra] err:[<nil>] duration:[183.365868ms]
2025/05/21 06:01:13 worker:[0] reqid:[0] qname:[whatsapp.com.] qtype:[A] respid:[0] rcode:[NOERROR] respflags:[qr rd ra] err:[<nil>] duration:[131.504863ms]
2025/05/21 06:01:13 worker:[0] reqid:[0] qname:[yahoo.com.] qtype:[A] respid:[0] rcode:[NOERROR] respflags:[qr rd ra] err:[<nil>] duration:[77.249213ms]
2025/05/21 06:01:13 worker:[0] reqid:[0] qname:[google.com.] qtype:[A] respid:[0] rcode:[NOERROR] respflags:[qr rd ra] err:[<nil>] duration:[77.941786ms]
2025/05/21 06:01:13 worker:[0] reqid:[0] qname:[googleusercontent.com.] qtype:[A] respid:[0] rcode:[NOERROR] respflags:[qr rd ra] err:[<nil>] duration:[241.631043ms]
2025/05/21 06:01:14 worker:[0] reqid:[0] qname:[facebook.com.] qtype:[A] respid:[0] rcode:[NOERROR] respflags:[qr rd ra] err:[<nil>] duration:[79.125026ms]
2025/05/21 06:01:14 worker:[0] reqid:[0] qname:[instagram.com.] qtype:[A] respid:[0] rcode:[NOERROR] respflags:[qr rd ra] err:[<nil>] duration:[81.786464ms]
2025/05/21 06:01:14 worker:[0] reqid:[0] qname:[wikipedia.org.] qtype:[A] respid:[0] rcode:[NOERROR] respflags:[qr rd ra] err:[<nil>] duration:[217.744838ms]
2025/05/21 06:01:14 worker:[0] reqid:[0] qname:[x.com.] qtype:[A] respid:[0] rcode:[NOERROR] respflags:[qr rd ra] err:[<nil>] duration:[77.294571ms]
2025/05/21 06:01:14 worker:[0] reqid:[0] qname:[amazon.com.] qtype:[A] respid:[0] rcode:[NOERROR] respflags:[qr rd ra] err:[<nil>] duration:[213.686901ms]
2025/05/21 06:01:14 worker:[0] reqid:[0] qname:[tiktok.com.] qtype:[A] respid:[0] rcode:[NOERROR] respflags:[qr rd ra] err:[<nil>] duration:[77.019128ms]
2025/05/21 06:01:14 worker:[0] reqid:[0] qname:[whatsapp.com.] qtype:[A] respid:[0] rcode:[NOERROR] respflags:[qr rd ra] err:[<nil>] duration:[79.307819ms]
2025/05/21 06:01:14 worker:[0] reqid:[0] qname:[yahoo.com.] qtype:[A] respid:[0] rcode:[NOERROR] respflags:[qr rd ra] err:[<nil>] duration:[79.972564ms]
2025/05/21 06:01:14 worker:[0] reqid:[0] qname:[google.com.] qtype:[A] respid:[0] rcode:[NOERROR] respflags:[qr rd ra] err:[<nil>] duration:[77.771166ms]
2025/05/21 06:01:15 worker:[0] reqid:[0] qname:[googleusercontent.com.] qtype:[A] respid:[0] rcode:[NOERROR] respflags:[qr rd ra] err:[<nil>] duration:[78.551483ms]
2025/05/21 06:01:15 worker:[0] reqid:[0] qname:[facebook.com.] qtype:[A] respid:[0] rcode:[NOERROR] respflags:[qr rd ra] err:[<nil>] duration:[79.594262ms]
2025/05/21 06:01:15 worker:[0] reqid:[0] qname:[instagram.com.] qtype:[A] respid:[0] rcode:[NOERROR] respflags:[qr rd ra] err:[<nil>] duration:[192.913004ms]
2025/05/21 06:01:15 worker:[0] reqid:[0] qname:[wikipedia.org.] qtype:[A] respid:[0] rcode:[NOERROR] respflags:[qr rd ra] err:[<nil>] duration:[77.315228ms]
2025/05/21 06:01:15 worker:[0] reqid:[0] qname:[x.com.] qtype:[A] respid:[0] rcode:[NOERROR] respflags:[qr rd ra] err:[<nil>] duration:[79.18603ms]
2025/05/21 06:01:15 worker:[0] reqid:[0] qname:[amazon.com.] qtype:[A] respid:[0] rcode:[NOERROR] respflags:[qr rd ra] err:[<nil>] duration:[110.895717ms]
2025/05/21 06:01:15 worker:[0] reqid:[0] qname:[tiktok.com.] qtype:[A] respid:[0] rcode:[NOERROR] respflags:[qr rd ra] err:[<nil>] duration:[82.707672ms]
2025/05/21 06:01:15 worker:[0] reqid:[0] qname:[whatsapp.com.] qtype:[A] respid:[0] rcode:[NOERROR] respflags:[qr rd ra] err:[<nil>] duration:[80.171787ms]
2025/05/21 06:01:15 worker:[0] reqid:[0] qname:[yahoo.com.] qtype:[A] respid:[0] rcode:[NOERROR] respflags:[qr rd ra] err:[<nil>] duration:[77.125101ms]
2025/05/21 06:01:16 worker:[0] reqid:[0] qname:[google.com.] qtype:[A] respid:[0] rcode:[NOERROR] respflags:[qr rd ra] err:[<nil>] duration:[236.628829ms]
2025/05/21 06:01:16 worker:[0] reqid:[0] qname:[googleusercontent.com.] qtype:[A] respid:[0] rcode:[NOERROR] respflags:[qr rd ra] err:[<nil>] duration:[78.448268ms]
2025/05/21 06:01:16 worker:[0] reqid:[0] qname:[facebook.com.] qtype:[A] respid:[0] rcode:[NOERROR] respflags:[qr rd ra] err:[<nil>] duration:[78.936189ms]
2025/05/21 06:01:16 worker:[0] reqid:[0] qname:[instagram.com.] qtype:[A] respid:[0] rcode:[NOERROR] respflags:[qr rd ra] err:[<nil>] duration:[82.52028ms]
2025/05/21 06:01:16 worker:[0] reqid:[0] qname:[wikipedia.org.] qtype:[A] respid:[0] rcode:[NOERROR] respflags:[qr rd ra] err:[<nil>] duration:[78.922973ms]
2025/05/21 06:01:16 worker:[0] reqid:[0] qname:[x.com.] qtype:[A] respid:[0] rcode:[NOERROR] respflags:[qr rd ra] err:[<nil>] duration:[77.902615ms]
2025/05/21 06:01:16 worker:[0] reqid:[0] qname:[amazon.com.] qtype:[A] respid:[0] rcode:[NOERROR] respflags:[qr rd ra] err:[<nil>] duration:[79.30229ms]
2025/05/21 06:01:16 worker:[0] reqid:[0] qname:[tiktok.com.] qtype:[A] respid:[0] rcode:[NOERROR] respflags:[qr rd ra] err:[<nil>] duration:[212.846876ms]
2025/05/21 06:01:16 worker:[0] reqid:[0] qname:[whatsapp.com.] qtype:[A] respid:[0] rcode:[NOERROR] respflags:[qr rd ra] err:[<nil>] duration:[75.872361ms]
2025/05/21 06:01:16 worker:[0] reqid:[0] qname:[yahoo.com.] qtype:[A] respid:[0] rcode:[NOERROR] respflags:[qr rd ra] err:[<nil>] duration:[77.102134ms]
2025/05/21 06:01:16 worker:[0] reqid:[0] qname:[google.com.] qtype:[A] respid:[0] rcode:[NOERROR] respflags:[qr rd ra] err:[<nil>] duration:[77.476887ms]
2025/05/21 06:01:17 worker:[0] reqid:[0] qname:[googleusercontent.com.] qtype:[A] respid:[0] rcode:[NOERROR] respflags:[qr rd ra] err:[<nil>] duration:[77.232578ms]
2025/05/21 06:01:17 worker:[0] reqid:[0] qname:[facebook.com.] qtype:[A] respid:[0] rcode:[NOERROR] respflags:[qr rd ra] err:[<nil>] duration:[78.107489ms]
2025/05/21 06:01:17 worker:[0] reqid:[0] qname:[instagram.com.] qtype:[A] respid:[0] rcode:[NOERROR] respflags:[qr rd ra] err:[<nil>] duration:[76.809686ms]
2025/05/21 06:01:17 worker:[0] reqid:[0] qname:[wikipedia.org.] qtype:[A] respid:[0] rcode:[NOERROR] respflags:[qr rd ra] err:[<nil>] duration:[103.002761ms]
2025/05/21 06:01:17 worker:[0] reqid:[0] qname:[x.com.] qtype:[A] respid:[0] rcode:[NOERROR] respflags:[qr rd ra] err:[<nil>] duration:[78.627673ms]
2025/05/21 06:01:17 worker:[0] reqid:[0] qname:[amazon.com.] qtype:[A] respid:[0] rcode:[NOERROR] respflags:[qr rd ra] err:[<nil>] duration:[92.309029ms]
2025/05/21 06:01:17 worker:[0] reqid:[0] qname:[tiktok.com.] qtype:[A] respid:[0] rcode:[NOERROR] respflags:[qr rd ra] err:[<nil>] duration:[81.820065ms]
2025/05/21 06:01:17 worker:[0] reqid:[0] qname:[whatsapp.com.] qtype:[A] respid:[0] rcode:[NOERROR] respflags:[qr rd ra] err:[<nil>] duration:[76.327523ms]
2025/05/21 06:01:17 worker:[0] reqid:[0] qname:[yahoo.com.] qtype:[A] respid:[0] rcode:[NOERROR] respflags:[qr rd ra] err:[<nil>] duration:[211.931659ms]
2025/05/21 06:01:17 worker:[0] reqid:[0] qname:[google.com.] qtype:[A] respid:[0] rcode:[NOERROR] respflags:[qr rd ra] err:[<nil>] duration:[77.862624ms]
2025/05/21 06:01:17 worker:[0] reqid:[0] qname:[googleusercontent.com.] qtype:[A] respid:[0] rcode:[NOERROR] respflags:[qr rd ra] err:[<nil>] duration:[80.705945ms]
2025/05/21 06:01:18 worker:[0] reqid:[0] qname:[facebook.com.] qtype:[A] respid:[0] rcode:[NOERROR] respflags:[qr rd ra] err:[<nil>] duration:[201.620159ms]
2025/05/21 06:01:18 worker:[0] reqid:[0] qname:[instagram.com.] qtype:[A] respid:[0] rcode:[NOERROR] respflags:[qr rd ra] err:[<nil>] duration:[201.628856ms]
2025/05/21 06:01:18 worker:[0] reqid:[0] qname:[wikipedia.org.] qtype:[A] respid:[0] rcode:[NOERROR] respflags:[qr rd ra] err:[<nil>] duration:[76.509131ms]
2025/05/21 06:01:18 worker:[0] reqid:[0] qname:[x.com.] qtype:[A] respid:[0] rcode:[NOERROR] respflags:[qr rd ra] err:[<nil>] duration:[197.238226ms]
2025/05/21 06:01:18 worker:[0] reqid:[0] qname:[amazon.com.] qtype:[A] respid:[0] rcode:[NOERROR] respflags:[qr rd ra] err:[<nil>] duration:[76.484728ms]
2025/05/21 06:01:18 worker:[0] reqid:[0] qname:[tiktok.com.] qtype:[A] respid:[0] rcode:[NOERROR] respflags:[qr rd ra] err:[<nil>] duration:[196.364078ms]
2025/05/21 06:01:19 worker:[0] reqid:[0] qname:[whatsapp.com.] qtype:[A] respid:[0] rcode:[NOERROR] respflags:[qr rd ra] err:[<nil>] duration:[79.466212ms]
2025/05/21 06:01:19 worker:[0] reqid:[0] qname:[yahoo.com.] qtype:[A] respid:[0] rcode:[NOERROR] respflags:[qr rd ra] err:[<nil>] duration:[77.046599ms]
2025/05/21 06:01:19 worker:[0] reqid:[0] qname:[google.com.] qtype:[A] respid:[0] rcode:[NOERROR] respflags:[qr rd ra] err:[<nil>] duration:[77.49136ms]
2025/05/21 06:01:19 worker:[0] reqid:[0] qname:[googleusercontent.com.] qtype:[A] respid:[0] rcode:[NOERROR] respflags:[qr rd ra] err:[<nil>] duration:[78.559637ms]
2025/05/21 06:01:19 worker:[0] reqid:[0] qname:[facebook.com.] qtype:[A] respid:[0] rcode:[NOERROR] respflags:[qr rd ra] err:[<nil>] duration:[77.530131ms]
2025/05/21 06:01:19 worker:[0] reqid:[0] qname:[instagram.com.] qtype:[A] respid:[0] rcode:[NOERROR] respflags:[qr rd ra] err:[<nil>] duration:[77.292474ms]
2025/05/21 06:01:19 worker:[0] reqid:[0] qname:[wikipedia.org.] qtype:[A] respid:[0] rcode:[NOERROR] respflags:[qr rd ra] err:[<nil>] duration:[78.057688ms]
2025/05/21 06:01:19 worker:[0] reqid:[0] qname:[x.com.] qtype:[A] respid:[0] rcode:[NOERROR] respflags:[qr rd ra] err:[<nil>] duration:[80.537761ms]
2025/05/21 06:01:19 worker:[0] reqid:[0] qname:[amazon.com.] qtype:[A] respid:[0] rcode:[NOERROR] respflags:[qr rd ra] err:[<nil>] duration:[76.680745ms]
2025/05/21 06:01:19 worker:[0] reqid:[0] qname:[tiktok.com.] qtype:[A] respid:[0] rcode:[NOERROR] respflags:[qr rd ra] err:[<nil>] duration:[77.634601ms]
2025/05/21 06:01:19 worker:[0] reqid:[0] qname:[whatsapp.com.] qtype:[A] respid:[0] rcode:[NOERROR] respflags:[qr rd ra] err:[<nil>] duration:[186.979107ms]
2025/05/21 06:01:19 worker:[0] reqid:[0] qname:[yahoo.com.] qtype:[A] respid:[0] rcode:[NOERROR] respflags:[qr rd ra] err:[<nil>] duration:[79.769627ms]
2025/05/21 06:01:20 worker:[0] reqid:[0] qname:[google.com.] qtype:[A] respid:[0] rcode:[NOERROR] respflags:[qr rd ra] err:[<nil>] duration:[77.801269ms]
2025/05/21 06:01:20 worker:[0] reqid:[0] qname:[googleusercontent.com.] qtype:[A] respid:[0] rcode:[NOERROR] respflags:[qr rd ra] err:[<nil>] duration:[82.548223ms]
2025/05/21 06:01:20 worker:[0] reqid:[0] qname:[facebook.com.] qtype:[A] respid:[0] rcode:[NOERROR] respflags:[qr rd ra] err:[<nil>] duration:[190.592963ms]
2025/05/21 06:01:20 worker:[0] reqid:[0] qname:[instagram.com.] qtype:[A] respid:[0] rcode:[NOERROR] respflags:[qr rd ra] err:[<nil>] duration:[77.545715ms]
2025/05/21 06:01:20 worker:[0] reqid:[0] qname:[wikipedia.org.] qtype:[A] respid:[0] rcode:[NOERROR] respflags:[qr rd ra] err:[<nil>] duration:[87.346916ms]
2025/05/21 06:01:20 worker:[0] reqid:[0] qname:[x.com.] qtype:[A] respid:[0] rcode:[NOERROR] respflags:[qr rd ra] err:[<nil>] duration:[78.002913ms]
2025/05/21 06:01:20 worker:[0] reqid:[0] qname:[amazon.com.] qtype:[A] respid:[0] rcode:[NOERROR] respflags:[qr rd ra] err:[<nil>] duration:[76.553775ms]
2025/05/21 06:01:20 worker:[0] reqid:[0] qname:[tiktok.com.] qtype:[A] respid:[0] rcode:[NOERROR] respflags:[qr rd ra] err:[<nil>] duration:[194.963322ms]
2025/05/21 06:01:20 worker:[0] reqid:[0] qname:[whatsapp.com.] qtype:[A] respid:[0] rcode:[NOERROR] respflags:[qr rd ra] err:[<nil>] duration:[78.232769ms]
2025/05/21 06:01:21 worker:[0] reqid:[0] qname:[yahoo.com.] qtype:[A] respid:[0] rcode:[NOERROR] respflags:[qr rd ra] err:[<nil>] duration:[77.125981ms]
2025/05/21 06:01:21 worker:[0] reqid:[0] qname:[google.com.] qtype:[A] respid:[0] rcode:[NOERROR] respflags:[qr rd ra] err:[<nil>] duration:[77.752927ms]
2025/05/21 06:01:21 worker:[0] reqid:[0] qname:[googleusercontent.com.] qtype:[A] respid:[0] rcode:[NOERROR] respflags:[qr rd ra] err:[<nil>] duration:[78.889202ms]
2025/05/21 06:01:21 worker:[0] reqid:[0] qname:[facebook.com.] qtype:[A] respid:[0] rcode:[NOERROR] respflags:[qr rd ra] err:[<nil>] duration:[373.82617ms]
2025/05/21 06:01:21 worker:[0] reqid:[0] qname:[instagram.com.] qtype:[A] respid:[0] rcode:[NOERROR] respflags:[qr rd ra] err:[<nil>] duration:[121.300412ms]
2025/05/21 06:01:21 worker:[0] reqid:[0] qname:[wikipedia.org.] qtype:[A] respid:[0] rcode:[NOERROR] respflags:[qr rd ra] err:[<nil>] duration:[81.272702ms]
2025/05/21 06:01:21 worker:[0] reqid:[0] qname:[x.com.] qtype:[A] respid:[0] rcode:[NOERROR] respflags:[qr rd ra] err:[<nil>] duration:[76.601469ms]
2025/05/21 06:01:21 worker:[0] reqid:[0] qname:[amazon.com.] qtype:[A] respid:[0] rcode:[NOERROR] respflags:[qr rd ra] err:[<nil>] duration:[77.280556ms]
2025/05/21 06:01:22 worker:[0] reqid:[0] qname:[tiktok.com.] qtype:[A] respid:[0] rcode:[NOERROR] respflags:[qr rd ra] err:[<nil>] duration:[189.76906ms]
2025/05/21 06:01:22 worker:[0] reqid:[0] qname:[whatsapp.com.] qtype:[A] respid:[0] rcode:[NOERROR] respflags:[qr rd ra] err:[<nil>] duration:[77.617412ms]
2025/05/21 06:01:22 worker:[0] reqid:[0] qname:[yahoo.com.] qtype:[A] respid:[0] rcode:[NOERROR] respflags:[qr rd ra] err:[<nil>] duration:[76.027537ms]
2025/05/21 06:01:22 worker:[0] reqid:[0] qname:[google.com.] qtype:[A] respid:[0] rcode:[NOERROR] respflags:[qr rd ra] err:[<nil>] duration:[76.49882ms]
2025/05/21 06:01:22 worker:[0] reqid:[0] qname:[googleusercontent.com.] qtype:[A] respid:[0] rcode:[NOERROR] respflags:[qr rd ra] err:[<nil>] duration:[77.548848ms]
2025/05/21 06:01:22 worker:[0] reqid:[0] qname:[facebook.com.] qtype:[A] respid:[0] rcode:[NOERROR] respflags:[qr rd ra] err:[<nil>] duration:[187.465016ms]
2025/05/21 06:01:22 worker:[0] reqid:[0] qname:[instagram.com.] qtype:[A] respid:[0] rcode:[NOERROR] respflags:[qr rd ra] err:[<nil>] duration:[77.822602ms]
2025/05/21 06:01:22 worker:[0] reqid:[0] qname:[wikipedia.org.] qtype:[A] respid:[0] rcode:[NOERROR] respflags:[qr rd ra] err:[<nil>] duration:[76.768198ms]
2025/05/21 06:01:22 worker:[0] reqid:[0] qname:[x.com.] qtype:[A] respid:[0] rcode:[NOERROR] respflags:[qr rd ra] err:[<nil>] duration:[76.453138ms]
2025/05/21 06:01:22 worker:[0] reqid:[0] qname:[amazon.com.] qtype:[A] respid:[0] rcode:[NOERROR] respflags:[qr rd ra] err:[<nil>] duration:[184.501641ms]
2025/05/21 06:01:23 worker:[0] reqid:[0] qname:[tiktok.com.] qtype:[A] respid:[0] rcode:[NOERROR] respflags:[qr rd ra] err:[<nil>] duration:[76.908545ms]
2025/05/21 06:01:23 worker:[0] reqid:[0] qname:[whatsapp.com.] qtype:[A] respid:[0] rcode:[NOERROR] respflags:[qr rd ra] err:[<nil>] duration:[83.983828ms]
2025/05/21 06:01:23 worker:[0] reqid:[0] qname:[yahoo.com.] qtype:[A] respid:[0] rcode:[NOERROR] respflags:[qr rd ra] err:[<nil>] duration:[76.581713ms]
2025/05/21 06:01:23 worker:[0] reqid:[0] qname:[google.com.] qtype:[A] respid:[0] rcode:[NOERROR] respflags:[qr rd ra] err:[<nil>] duration:[77.010469ms]
2025/05/21 06:01:23 worker:[0] reqid:[0] qname:[googleusercontent.com.] qtype:[A] respid:[0] rcode:[NOERROR] respflags:[qr rd ra] err:[<nil>] duration:[76.83389ms]
2025/05/21 06:01:23 worker:[0] reqid:[0] qname:[facebook.com.] qtype:[A] respid:[0] rcode:[NOERROR] respflags:[qr rd ra] err:[<nil>] duration:[92.672236ms]
2025/05/21 06:01:23 worker:[0] reqid:[0] qname:[instagram.com.] qtype:[A] respid:[0] rcode:[NOERROR] respflags:[qr rd ra] err:[<nil>] duration:[215.522177ms]
2025/05/21 06:01:23 worker:[0] reqid:[0] qname:[wikipedia.org.] qtype:[A] respid:[0] rcode:[NOERROR] respflags:[qr rd ra] err:[<nil>] duration:[78.195227ms]
2025/05/21 06:01:23 worker:[0] reqid:[0] qname:[x.com.] qtype:[A] respid:[0] rcode:[NOERROR] respflags:[qr rd ra] err:[<nil>] duration:[77.195021ms]
2025/05/21 06:01:23 worker:[0] reqid:[0] qname:[amazon.com.] qtype:[A] respid:[0] rcode:[NOERROR] respflags:[qr rd ra] err:[<nil>] duration:[76.132719ms]
2025/05/21 06:01:24 worker:[0] reqid:[0] qname:[tiktok.com.] qtype:[A] respid:[0] rcode:[NOERROR] respflags:[qr rd ra] err:[<nil>] duration:[77.306837ms]
2025/05/21 06:01:24 worker:[0] reqid:[0] qname:[whatsapp.com.] qtype:[A] respid:[0] rcode:[NOERROR] respflags:[qr rd ra] err:[<nil>] duration:[206.323135ms]
2025/05/21 06:01:24 worker:[0] reqid:[0] qname:[yahoo.com.] qtype:[A] respid:[0] rcode:[NOERROR] respflags:[qr rd ra] err:[<nil>] duration:[126.086556ms]
2025/05/21 06:01:24 worker:[0] reqid:[0] qname:[google.com.] qtype:[A] respid:[0] rcode:[NOERROR] respflags:[qr rd ra] err:[<nil>] duration:[77.075137ms]
2025/05/21 06:01:24 worker:[0] reqid:[0] qname:[googleusercontent.com.] qtype:[A] respid:[0] rcode:[NOERROR] respflags:[qr rd ra] err:[<nil>] duration:[77.301401ms]
2025/05/21 06:01:24 worker:[0] reqid:[0] qname:[facebook.com.] qtype:[A] respid:[0] rcode:[NOERROR] respflags:[qr rd ra] err:[<nil>] duration:[77.364391ms]
2025/05/21 06:01:24 worker:[0] reqid:[0] qname:[instagram.com.] qtype:[A] respid:[0] rcode:[NOERROR] respflags:[qr rd ra] err:[<nil>] duration:[79.264463ms]
2025/05/21 06:01:24 worker:[0] reqid:[0] qname:[wikipedia.org.] qtype:[A] respid:[0] rcode:[NOERROR] respflags:[qr rd ra] err:[<nil>] duration:[79.94755ms]
2025/05/21 06:01:24 worker:[0] reqid:[0] qname:[x.com.] qtype:[A] respid:[0] rcode:[NOERROR] respflags:[qr rd ra] err:[<nil>] duration:[85.287693ms]
2025/05/21 06:01:24 worker:[0] reqid:[0] qname:[amazon.com.] qtype:[A] respid:[0] rcode:[NOERROR] respflags:[qr rd ra] err:[<nil>] duration:[76.87116ms]
2025/05/21 06:01:24 worker:[0] reqid:[0] qname:[tiktok.com.] qtype:[A] respid:[0] rcode:[NOERROR] respflags:[qr rd ra] err:[<nil>] duration:[78.229985ms]
2025/05/21 06:01:25 worker:[0] reqid:[0] qname:[whatsapp.com.] qtype:[A] respid:[0] rcode:[NOERROR] respflags:[qr rd ra] err:[<nil>] duration:[78.837489ms]
2025/05/21 06:01:25 worker:[0] reqid:[0] qname:[yahoo.com.] qtype:[A] respid:[0] rcode:[NOERROR] respflags:[qr rd ra] err:[<nil>] duration:[85.761377ms]
2025/05/21 06:01:25 worker:[0] reqid:[0] qname:[google.com.] qtype:[A] respid:[0] rcode:[NOERROR] respflags:[qr rd ra] err:[<nil>] duration:[80.75945ms]
2025/05/21 06:01:25 worker:[0] reqid:[0] qname:[googleusercontent.com.] qtype:[A] respid:[0] rcode:[NOERROR] respflags:[qr rd ra] err:[<nil>] duration:[81.275607ms]
2025/05/21 06:01:25 worker:[0] reqid:[0] qname:[facebook.com.] qtype:[A] respid:[0] rcode:[NOERROR] respflags:[qr rd ra] err:[<nil>] duration:[200.978102ms]
2025/05/21 06:01:25 worker:[0] reqid:[0] qname:[instagram.com.] qtype:[A] respid:[0] rcode:[NOERROR] respflags:[qr rd ra] err:[<nil>] duration:[199.837645ms]
2025/05/21 06:01:25 worker:[0] reqid:[0] qname:[wikipedia.org.] qtype:[A] respid:[0] rcode:[NOERROR] respflags:[qr rd ra] err:[<nil>] duration:[76.536328ms]
2025/05/21 06:01:25 worker:[0] reqid:[0] qname:[x.com.] qtype:[A] respid:[0] rcode:[NOERROR] respflags:[qr rd ra] err:[<nil>] duration:[80.100001ms]
2025/05/21 06:01:25 worker:[0] reqid:[0] qname:[amazon.com.] qtype:[A] respid:[0] rcode:[NOERROR] respflags:[qr rd ra] err:[<nil>] duration:[97.611639ms]
2025/05/21 06:01:26 worker:[0] reqid:[0] qname:[tiktok.com.] qtype:[A] respid:[0] rcode:[NOERROR] respflags:[qr rd ra] err:[<nil>] duration:[78.133146ms]
2025/05/21 06:01:26 worker:[0] reqid:[0] qname:[whatsapp.com.] qtype:[A] respid:[0] rcode:[NOERROR] respflags:[qr rd ra] err:[<nil>] duration:[77.448852ms]
2025/05/21 06:01:26 worker:[0] reqid:[0] qname:[yahoo.com.] qtype:[A] respid:[0] rcode:[NOERROR] respflags:[qr rd ra] err:[<nil>] duration:[77.145537ms]
2025/05/21 06:01:26 worker:[0] reqid:[0] qname:[google.com.] qtype:[A] respid:[0] rcode:[NOERROR] respflags:[qr rd ra] err:[<nil>] duration:[209.291659ms]
2025/05/21 06:01:26 worker:[0] reqid:[0] qname:[googleusercontent.com.] qtype:[A] respid:[0] rcode:[NOERROR] respflags:[qr rd ra] err:[<nil>] duration:[86.424769ms]
2025/05/21 06:01:26 worker:[0] reqid:[0] qname:[facebook.com.] qtype:[A] respid:[0] rcode:[NOERROR] respflags:[qr rd ra] err:[<nil>] duration:[78.982998ms]
2025/05/21 06:01:26 worker:[0] reqid:[0] qname:[instagram.com.] qtype:[A] respid:[0] rcode:[NOERROR] respflags:[qr rd ra] err:[<nil>] duration:[79.175098ms]
2025/05/21 06:01:26 worker:[0] reqid:[0] qname:[wikipedia.org.] qtype:[A] respid:[0] rcode:[NOERROR] respflags:[qr rd ra] err:[<nil>] duration:[80.006773ms]
2025/05/21 06:01:26 worker:[0] reqid:[0] qname:[x.com.] qtype:[A] respid:[0] rcode:[NOERROR] respflags:[qr rd ra] err:[<nil>] duration:[198.109824ms]
2025/05/21 06:01:27 worker:[0] reqid:[0] qname:[amazon.com.] qtype:[A] respid:[0] rcode:[NOERROR] respflags:[qr rd ra] err:[<nil>] duration:[77.284884ms]
2025/05/21 06:01:27 worker:[0] reqid:[0] qname:[tiktok.com.] qtype:[A] respid:[0] rcode:[NOERROR] respflags:[qr rd ra] err:[<nil>] duration:[80.886592ms]
2025/05/21 06:01:27 worker:[0] reqid:[0] qname:[whatsapp.com.] qtype:[A] respid:[0] rcode:[NOERROR] respflags:[qr rd ra] err:[<nil>] duration:[196.562934ms]
2025/05/21 06:01:27 worker:[0] reqid:[0] qname:[yahoo.com.] qtype:[A] respid:[0] rcode:[NOERROR] respflags:[qr rd ra] err:[<nil>] duration:[76.919185ms]
2025/05/21 06:01:27 worker:[0] reqid:[0] qname:[google.com.] qtype:[A] respid:[0] rcode:[NOERROR] respflags:[qr rd ra] err:[<nil>] duration:[76.740522ms]
2025/05/21 06:01:27 worker:[0] reqid:[0] qname:[googleusercontent.com.] qtype:[A] respid:[0] rcode:[NOERROR] respflags:[qr rd ra] err:[<nil>] duration:[78.053911ms]
2025/05/21 06:01:27 worker:[0] reqid:[0] qname:[facebook.com.] qtype:[A] respid:[0] rcode:[NOERROR] respflags:[qr rd ra] err:[<nil>] duration:[77.738446ms]
2025/05/21 06:01:27 worker:[0] reqid:[0] qname:[instagram.com.] qtype:[A] respid:[0] rcode:[NOERROR] respflags:[qr rd ra] err:[<nil>] duration:[80.684877ms]
2025/05/21 06:01:27 worker:[0] reqid:[0] qname:[wikipedia.org.] qtype:[A] respid:[0] rcode:[NOERROR] respflags:[qr rd ra] err:[<nil>] duration:[77.566784ms]
2025/05/21 06:01:27 worker:[0] reqid:[0] qname:[x.com.] qtype:[A] respid:[0] rcode:[NOERROR] respflags:[qr rd ra] err:[<nil>] duration:[78.608468ms]
2025/05/21 06:01:27 worker:[0] reqid:[0] qname:[amazon.com.] qtype:[A] respid:[0] rcode:[NOERROR] respflags:[qr rd ra] err:[<nil>] duration:[80.085806ms]
2025/05/21 06:01:27 worker:[0] reqid:[0] qname:[tiktok.com.] qtype:[A] respid:[0] rcode:[NOERROR] respflags:[qr rd ra] err:[<nil>] duration:[85.86944ms]
2025/05/21 06:01:28 worker:[0] reqid:[0] qname:[whatsapp.com.] qtype:[A] respid:[0] rcode:[NOERROR] respflags:[qr rd ra] err:[<nil>] duration:[78.30001ms]
2025/05/21 06:01:28 worker:[0] reqid:[0] qname:[yahoo.com.] qtype:[A] respid:[0] rcode:[NOERROR] respflags:[qr rd ra] err:[<nil>] duration:[199.028833ms]
2025/05/21 06:01:28 worker:[0] reqid:[0] qname:[google.com.] qtype:[A] respid:[0] rcode:[NOERROR] respflags:[qr rd ra] err:[<nil>] duration:[76.879956ms]
2025/05/21 06:01:28 worker:[0] reqid:[0] qname:[googleusercontent.com.] qtype:[A] respid:[0] rcode:[NOERROR] respflags:[qr rd ra] err:[<nil>] duration:[80.106918ms]
2025/05/21 06:01:28 worker:[0] reqid:[0] qname:[facebook.com.] qtype:[A] respid:[0] rcode:[NOERROR] respflags:[qr rd ra] err:[<nil>] duration:[81.787991ms]
2025/05/21 06:01:28 worker:[0] reqid:[0] qname:[instagram.com.] qtype:[A] respid:[0] rcode:[NOERROR] respflags:[qr rd ra] err:[<nil>] duration:[86.35845ms]
2025/05/21 06:01:28 worker:[0] reqid:[0] qname:[wikipedia.org.] qtype:[A] respid:[0] rcode:[NOERROR] respflags:[qr rd ra] err:[<nil>] duration:[79.606687ms]
2025/05/21 06:01:28 worker:[0] reqid:[0] qname:[x.com.] qtype:[A] respid:[0] rcode:[NOERROR] respflags:[qr rd ra] err:[<nil>] duration:[78.075596ms]
2025/05/21 06:01:28 worker:[0] reqid:[0] qname:[amazon.com.] qtype:[A] respid:[0] rcode:[NOERROR] respflags:[qr rd ra] err:[<nil>] duration:[79.359044ms]
2025/05/21 06:01:28 worker:[0] reqid:[0] qname:[tiktok.com.] qtype:[A] respid:[0] rcode:[NOERROR] respflags:[qr rd ra] err:[<nil>] duration:[77.210482ms]
2025/05/21 06:01:28 worker:[0] reqid:[0] qname:[whatsapp.com.] qtype:[A] respid:[0] rcode:[NOERROR] respflags:[qr rd ra] err:[<nil>] duration:[77.598637ms]
2025/05/21 06:01:29 worker:[0] reqid:[0] qname:[yahoo.com.] qtype:[A] respid:[0] rcode:[NOERROR] respflags:[qr rd ra] err:[<nil>] duration:[78.441316ms]
2025/05/21 06:01:29 worker:[0] reqid:[0] qname:[google.com.] qtype:[A] respid:[0] rcode:[NOERROR] respflags:[qr rd ra] err:[<nil>] duration:[128.829538ms]
2025/05/21 06:01:29 worker:[0] reqid:[0] qname:[googleusercontent.com.] qtype:[A] respid:[0] rcode:[NOERROR] respflags:[qr rd ra] err:[<nil>] duration:[77.501455ms]
2025/05/21 06:01:29 worker:[0] reqid:[0] qname:[facebook.com.] qtype:[A] respid:[0] rcode:[NOERROR] respflags:[qr rd ra] err:[<nil>] duration:[77.829559ms]
2025/05/21 06:01:29 worker:[0] reqid:[0] qname:[instagram.com.] qtype:[A] respid:[0] rcode:[NOERROR] respflags:[qr rd ra] err:[<nil>] duration:[191.63112ms]
2025/05/21 06:01:29 worker:[0] reqid:[0] qname:[wikipedia.org.] qtype:[A] respid:[0] rcode:[NOERROR] respflags:[qr rd ra] err:[<nil>] duration:[77.730757ms]
2025/05/21 06:01:29 worker:[0] reqid:[0] qname:[x.com.] qtype:[A] respid:[0] rcode:[NOERROR] respflags:[qr rd ra] err:[<nil>] duration:[264.655334ms]
2025/05/21 06:01:29 worker:[0] reqid:[0] qname:[amazon.com.] qtype:[A] respid:[0] rcode:[NOERROR] respflags:[qr rd ra] err:[<nil>] duration:[77.864163ms]
2025/05/21 06:01:30 worker:[0] reqid:[0] qname:[tiktok.com.] qtype:[A] respid:[0] rcode:[NOERROR] respflags:[qr rd ra] err:[<nil>] duration:[126.91137ms]
2025/05/21 06:01:30 worker:[0] reqid:[0] qname:[whatsapp.com.] qtype:[A] respid:[0] rcode:[NOERROR] respflags:[qr rd ra] err:[<nil>] duration:[204.40883ms]
2025/05/21 06:01:30 worker:[0] reqid:[0] qname:[yahoo.com.] qtype:[A] respid:[0] rcode:[NOERROR] respflags:[qr rd ra] err:[<nil>] duration:[76.421179ms]
2025/05/21 06:01:30 worker:[0] reqid:[0] qname:[google.com.] qtype:[A] respid:[0] rcode:[NOERROR] respflags:[qr rd ra] err:[<nil>] duration:[77.951671ms]
2025/05/21 06:01:30 worker:[0] reqid:[0] qname:[googleusercontent.com.] qtype:[A] respid:[0] rcode:[NOERROR] respflags:[qr rd ra] err:[<nil>] duration:[76.662751ms]
2025/05/21 06:01:30 worker:[0] reqid:[0] qname:[facebook.com.] qtype:[A] respid:[0] rcode:[NOERROR] respflags:[qr rd ra] err:[<nil>] duration:[76.62463ms]
2025/05/21 06:01:30 worker:[0] reqid:[0] qname:[instagram.com.] qtype:[A] respid:[0] rcode:[NOERROR] respflags:[qr rd ra] err:[<nil>] duration:[83.191798ms]
2025/05/21 06:01:30 worker:[0] reqid:[0] qname:[wikipedia.org.] qtype:[A] respid:[0] rcode:[NOERROR] respflags:[qr rd ra] err:[<nil>] duration:[78.170546ms]
2025/05/21 06:01:30 worker:[0] reqid:[0] qname:[x.com.] qtype:[A] respid:[0] rcode:[NOERROR] respflags:[qr rd ra] err:[<nil>] duration:[196.267082ms]
2025/05/21 06:01:31 worker:[0] reqid:[0] qname:[amazon.com.] qtype:[A] respid:[0] rcode:[NOERROR] respflags:[qr rd ra] err:[<nil>] duration:[77.042241ms]
2025/05/21 06:01:31 worker:[0] reqid:[0] qname:[tiktok.com.] qtype:[A] respid:[0] rcode:[NOERROR] respflags:[qr rd ra] err:[<nil>] duration:[86.543267ms]
2025/05/21 06:01:31 worker:[0] reqid:[0] qname:[whatsapp.com.] qtype:[A] respid:[0] rcode:[NOERROR] respflags:[qr rd ra] err:[<nil>] duration:[76.228515ms]
2025/05/21 06:01:31 worker:[0] reqid:[0] qname:[yahoo.com.] qtype:[A] respid:[0] rcode:[NOERROR] respflags:[qr rd ra] err:[<nil>] duration:[201.09394ms]
2025/05/21 06:01:31 worker:[0] reqid:[0] qname:[google.com.] qtype:[A] respid:[0] rcode:[NOERROR] respflags:[qr rd ra] err:[<nil>] duration:[202.005528ms]
2025/05/21 06:01:31 worker:[0] reqid:[0] qname:[googleusercontent.com.] qtype:[A] respid:[0] rcode:[NOERROR] respflags:[qr rd ra] err:[<nil>] duration:[85.787683ms]
2025/05/21 06:01:31 worker:[0] reqid:[0] qname:[facebook.com.] qtype:[A] respid:[0] rcode:[NOERROR] respflags:[qr rd ra] err:[<nil>] duration:[89.362452ms]
2025/05/21 06:01:31 worker:[0] reqid:[0] qname:[instagram.com.] qtype:[A] respid:[0] rcode:[NOERROR] respflags:[qr rd ra] err:[<nil>] duration:[76.832984ms]
2025/05/21 06:01:31 worker:[0] reqid:[0] qname:[wikipedia.org.] qtype:[A] respid:[0] rcode:[NOERROR] respflags:[qr rd ra] err:[<nil>] duration:[78.164035ms]
2025/05/21 06:01:32 worker:[0] reqid:[0] qname:[x.com.] qtype:[A] respid:[0] rcode:[NOERROR] respflags:[qr rd ra] err:[<nil>] duration:[78.408111ms]
2025/05/21 06:01:32 worker:[0] reqid:[0] qname:[amazon.com.] qtype:[A] respid:[0] rcode:[NOERROR] respflags:[qr rd ra] err:[<nil>] duration:[80.120903ms]
2025/05/21 06:01:32 worker:[0] reqid:[0] qname:[tiktok.com.] qtype:[A] respid:[0] rcode:[NOERROR] respflags:[qr rd ra] err:[<nil>] duration:[79.931045ms]
2025/05/21 06:01:32 worker:[0] reqid:[0] qname:[whatsapp.com.] qtype:[A] respid:[0] rcode:[NOERROR] respflags:[qr rd ra] err:[<nil>] duration:[77.38766ms]
2025/05/21 06:01:32 worker:[0] reqid:[0] qname:[yahoo.com.] qtype:[A] respid:[0] rcode:[NOERROR] respflags:[qr rd ra] err:[<nil>] duration:[75.725102ms]
2025/05/21 06:01:32 worker:[0] reqid:[0] qname:[google.com.] qtype:[A] respid:[0] rcode:[NOERROR] respflags:[qr rd ra] err:[<nil>] duration:[76.357142ms]
2025/05/21 06:01:32 worker:[0] reqid:[0] qname:[googleusercontent.com.] qtype:[A] respid:[0] rcode:[NOERROR] respflags:[qr rd ra] err:[<nil>] duration:[76.180907ms]
2025/05/21 06:01:32 worker:[0] reqid:[0] qname:[facebook.com.] qtype:[A] respid:[0] rcode:[NOERROR] respflags:[qr rd ra] err:[<nil>] duration:[77.634698ms]
2025/05/21 06:01:32 worker:[0] reqid:[0] qname:[instagram.com.] qtype:[A] respid:[0] rcode:[NOERROR] respflags:[qr rd ra] err:[<nil>] duration:[82.858096ms]
2025/05/21 06:01:32 worker:[0] reqid:[0] qname:[wikipedia.org.] qtype:[A] respid:[0] rcode:[NOERROR] respflags:[qr rd ra] err:[<nil>] duration:[77.693413ms]
2025/05/21 06:01:32 worker:[0] reqid:[0] qname:[x.com.] qtype:[A] respid:[0] rcode:[NOERROR] respflags:[qr rd ra] err:[<nil>] duration:[76.89382ms]
2025/05/21 06:01:32 worker:[0] reqid:[0] qname:[amazon.com.] qtype:[A] respid:[0] rcode:[NOERROR] respflags:[qr rd ra] err:[<nil>] duration:[76.555474ms]
2025/05/21 06:01:32 worker:[0] reqid:[0] qname:[tiktok.com.] qtype:[A] respid:[0] rcode:[NOERROR] respflags:[qr rd ra] err:[<nil>] duration:[77.924613ms]
2025/05/21 06:01:33 worker:[0] reqid:[0] qname:[whatsapp.com.] qtype:[A] respid:[0] rcode:[NOERROR] respflags:[qr rd ra] err:[<nil>] duration:[79.654468ms]
2025/05/21 06:01:33 worker:[0] reqid:[0] qname:[yahoo.com.] qtype:[A] respid:[0] rcode:[NOERROR] respflags:[qr rd ra] err:[<nil>] duration:[188.582542ms]
2025/05/21 06:01:33 worker:[0] reqid:[0] qname:[google.com.] qtype:[A] respid:[0] rcode:[NOERROR] respflags:[qr rd ra] err:[<nil>] duration:[187.852109ms]
2025/05/21 06:01:33 worker:[0] reqid:[0] qname:[googleusercontent.com.] qtype:[A] respid:[0] rcode:[NOERROR] respflags:[qr rd ra] err:[<nil>] duration:[103.967802ms]
2025/05/21 06:01:33 worker:[0] reqid:[0] qname:[facebook.com.] qtype:[A] respid:[0] rcode:[NOERROR] respflags:[qr rd ra] err:[<nil>] duration:[216.942748ms]
2025/05/21 06:01:33 worker:[0] reqid:[0] qname:[instagram.com.] qtype:[A] respid:[0] rcode:[NOERROR] respflags:[qr rd ra] err:[<nil>] duration:[76.890963ms]
2025/05/21 06:01:33 worker:[0] reqid:[0] qname:[wikipedia.org.] qtype:[A] respid:[0] rcode:[NOERROR] respflags:[qr rd ra] err:[<nil>] duration:[77.072345ms]
2025/05/21 06:01:33 worker:[0] reqid:[0] qname:[x.com.] qtype:[A] respid:[0] rcode:[NOERROR] respflags:[qr rd ra] err:[<nil>] duration:[78.253646ms]
2025/05/21 06:01:34 worker:[0] reqid:[0] qname:[amazon.com.] qtype:[A] respid:[0] rcode:[NOERROR] respflags:[qr rd ra] err:[<nil>] duration:[201.557273ms]
2025/05/21 06:01:34 worker:[0] reqid:[0] qname:[tiktok.com.] qtype:[A] respid:[0] rcode:[NOERROR] respflags:[qr rd ra] err:[<nil>] duration:[81.887885ms]
2025/05/21 06:01:34 worker:[0] reqid:[0] qname:[whatsapp.com.] qtype:[A] respid:[0] rcode:[NOERROR] respflags:[qr rd ra] err:[<nil>] duration:[77.121666ms]
2025/05/21 06:01:34 worker:[0] reqid:[0] qname:[yahoo.com.] qtype:[A] respid:[0] rcode:[NOERROR] respflags:[qr rd ra] err:[<nil>] duration:[76.837259ms]
2025/05/21 06:01:34 worker:[0] reqid:[0] qname:[google.com.] qtype:[A] respid:[0] rcode:[NOERROR] respflags:[qr rd ra] err:[<nil>] duration:[77.267027ms]
2025/05/21 06:01:34 worker:[0] reqid:[0] qname:[googleusercontent.com.] qtype:[A] respid:[0] rcode:[NOERROR] respflags:[qr rd ra] err:[<nil>] duration:[80.552114ms]
2025/05/21 06:01:34 worker:[0] reqid:[0] qname:[facebook.com.] qtype:[A] respid:[0] rcode:[NOERROR] respflags:[qr rd ra] err:[<nil>] duration:[117.874629ms]
2025/05/21 06:01:34 worker:[0] reqid:[0] qname:[instagram.com.] qtype:[A] respid:[0] rcode:[NOERROR] respflags:[qr rd ra] err:[<nil>] duration:[77.200689ms]
2025/05/21 06:01:34 worker:[0] reqid:[0] qname:[wikipedia.org.] qtype:[A] respid:[0] rcode:[NOERROR] respflags:[qr rd ra] err:[<nil>] duration:[196.139686ms]
2025/05/21 06:01:35 worker:[0] reqid:[0] qname:[x.com.] qtype:[A] respid:[0] rcode:[NOERROR] respflags:[qr rd ra] err:[<nil>] duration:[195.307033ms]
2025/05/21 06:01:35 worker:[0] reqid:[0] qname:[amazon.com.] qtype:[A] respid:[0] rcode:[NOERROR] respflags:[qr rd ra] err:[<nil>] duration:[425.253307ms]
2025/05/21 06:01:35 worker:[0] reqid:[0] qname:[tiktok.com.] qtype:[A] respid:[0] rcode:[NOERROR] respflags:[qr rd ra] err:[<nil>] duration:[82.545737ms]
2025/05/21 06:01:35 worker:[0] reqid:[0] qname:[whatsapp.com.] qtype:[A] respid:[0] rcode:[NOERROR] respflags:[qr rd ra] err:[<nil>] duration:[80.18267ms]
2025/05/21 06:01:35 worker:[0] reqid:[0] qname:[yahoo.com.] qtype:[A] respid:[0] rcode:[NOERROR] respflags:[qr rd ra] err:[<nil>] duration:[194.367369ms]
2025/05/21 06:01:36 worker:[0] reqid:[0] qname:[google.com.] qtype:[A] respid:[0] rcode:[NOERROR] respflags:[qr rd ra] err:[<nil>] duration:[79.656093ms]
2025/05/21 06:01:36 worker:[0] reqid:[0] qname:[googleusercontent.com.] qtype:[A] respid:[0] rcode:[NOERROR] respflags:[qr rd ra] err:[<nil>] duration:[188.805064ms]
2025/05/21 06:01:36 worker:[0] reqid:[0] qname:[facebook.com.] qtype:[A] respid:[0] rcode:[NOERROR] respflags:[qr rd ra] err:[<nil>] duration:[79.238407ms]
2025/05/21 06:01:36 worker:[0] reqid:[0] qname:[instagram.com.] qtype:[A] respid:[0] rcode:[NOERROR] respflags:[qr rd ra] err:[<nil>] duration:[187.823493ms]
2025/05/21 06:01:36 worker:[0] reqid:[0] qname:[wikipedia.org.] qtype:[A] respid:[0] rcode:[NOERROR] respflags:[qr rd ra] err:[<nil>] duration:[79.796902ms]
2025/05/21 06:01:36 worker:[0] reqid:[0] qname:[x.com.] qtype:[A] respid:[0] rcode:[NOERROR] respflags:[qr rd ra] err:[<nil>] duration:[77.942857ms]
2025/05/21 06:01:36 worker:[0] reqid:[0] qname:[amazon.com.] qtype:[A] respid:[0] rcode:[NOERROR] respflags:[qr rd ra] err:[<nil>] duration:[79.066979ms]
2025/05/21 06:01:36 worker:[0] reqid:[0] qname:[tiktok.com.] qtype:[A] respid:[0] rcode:[NOERROR] respflags:[qr rd ra] err:[<nil>] duration:[83.291508ms]
2025/05/21 06:01:36 worker:[0] reqid:[0] qname:[whatsapp.com.] qtype:[A] respid:[0] rcode:[NOERROR] respflags:[qr rd ra] err:[<nil>] duration:[81.422208ms]
2025/05/21 06:01:36 worker:[0] reqid:[0] qname:[yahoo.com.] qtype:[A] respid:[0] rcode:[NOERROR] respflags:[qr rd ra] err:[<nil>] duration:[80.269059ms]
2025/05/21 06:01:37 worker:[0] reqid:[0] qname:[google.com.] qtype:[A] respid:[0] rcode:[NOERROR] respflags:[qr rd ra] err:[<nil>] duration:[76.822443ms]
2025/05/21 06:01:37 worker:[0] reqid:[0] qname:[googleusercontent.com.] qtype:[A] respid:[0] rcode:[NOERROR] respflags:[qr rd ra] err:[<nil>] duration:[76.87763ms]
2025/05/21 06:01:37 worker:[0] reqid:[0] qname:[facebook.com.] qtype:[A] respid:[0] rcode:[NOERROR] respflags:[qr rd ra] err:[<nil>] duration:[81.939696ms]
2025/05/21 06:01:37 worker:[0] reqid:[0] qname:[instagram.com.] qtype:[A] respid:[0] rcode:[NOERROR] respflags:[qr rd ra] err:[<nil>] duration:[191.203608ms]
2025/05/21 06:01:37 worker:[0] reqid:[0] qname:[wikipedia.org.] qtype:[A] respid:[0] rcode:[NOERROR] respflags:[qr rd ra] err:[<nil>] duration:[77.987752ms]
2025/05/21 06:01:37 worker:[0] reqid:[0] qname:[x.com.] qtype:[A] respid:[0] rcode:[NOERROR] respflags:[qr rd ra] err:[<nil>] duration:[190.830647ms]
2025/05/21 06:01:37 worker:[0] reqid:[0] qname:[amazon.com.] qtype:[A] respid:[0] rcode:[NOERROR] respflags:[qr rd ra] err:[<nil>] duration:[81.857573ms]
2025/05/21 06:01:37 worker:[0] reqid:[0] qname:[tiktok.com.] qtype:[A] respid:[0] rcode:[NOERROR] respflags:[qr rd ra] err:[<nil>] duration:[191.564636ms]
2025/05/21 06:01:38 worker:[0] reqid:[0] qname:[whatsapp.com.] qtype:[A] respid:[0] rcode:[NOERROR] respflags:[qr rd ra] err:[<nil>] duration:[79.870992ms]
2025/05/21 06:01:38 worker:[0] reqid:[0] qname:[yahoo.com.] qtype:[A] respid:[0] rcode:[NOERROR] respflags:[qr rd ra] err:[<nil>] duration:[515.258844ms]
2025/05/21 06:01:38 worker:[0] reqid:[0] qname:[google.com.] qtype:[A] respid:[0] rcode:[NOERROR] respflags:[qr rd ra] err:[<nil>] duration:[204.014527ms]
2025/05/21 06:01:38 worker:[0] reqid:[0] qname:[googleusercontent.com.] qtype:[A] respid:[0] rcode:[NOERROR] respflags:[qr rd ra] err:[<nil>] duration:[77.778662ms]
2025/05/21 06:01:38 worker:[0] reqid:[0] qname:[facebook.com.] qtype:[A] respid:[0] rcode:[NOERROR] respflags:[qr rd ra] err:[<nil>] duration:[76.025592ms]
2025/05/21 06:01:38 worker:[0] reqid:[0] qname:[instagram.com.] qtype:[A] respid:[0] rcode:[NOERROR] respflags:[qr rd ra] err:[<nil>] duration:[77.337189ms]
2025/05/21 06:01:39 worker:[0] reqid:[0] qname:[wikipedia.org.] qtype:[A] respid:[0] rcode:[NOERROR] respflags:[qr rd ra] err:[<nil>] duration:[80.936131ms]
2025/05/21 06:01:39 worker:[0] reqid:[0] qname:[x.com.] qtype:[A] respid:[0] rcode:[NOERROR] respflags:[qr rd ra] err:[<nil>] duration:[78.161357ms]
2025/05/21 06:01:39 worker:[0] reqid:[0] qname:[amazon.com.] qtype:[A] respid:[0] rcode:[NOERROR] respflags:[qr rd ra] err:[<nil>] duration:[78.563721ms]
2025/05/21 06:01:39 worker:[0] reqid:[0] qname:[tiktok.com.] qtype:[A] respid:[0] rcode:[NOERROR] respflags:[qr rd ra] err:[<nil>] duration:[77.13294ms]
2025/05/21 06:01:39 worker:[0] reqid:[0] qname:[whatsapp.com.] qtype:[A] respid:[0] rcode:[NOERROR] respflags:[qr rd ra] err:[<nil>] duration:[192.032129ms]
2025/05/21 06:01:39 worker:[0] reqid:[0] qname:[yahoo.com.] qtype:[A] respid:[0] rcode:[NOERROR] respflags:[qr rd ra] err:[<nil>] duration:[77.025418ms]
2025/05/21 06:01:39 worker:[0] reqid:[0] qname:[google.com.] qtype:[A] respid:[0] rcode:[NOERROR] respflags:[qr rd ra] err:[<nil>] duration:[78.827075ms]
2025/05/21 06:01:39 worker:[0] reqid:[0] qname:[googleusercontent.com.] qtype:[A] respid:[0] rcode:[NOERROR] respflags:[qr rd ra] err:[<nil>] duration:[77.627613ms]
2025/05/21 06:01:39 worker:[0] reqid:[0] qname:[facebook.com.] qtype:[A] respid:[0] rcode:[NOERROR] respflags:[qr rd ra] err:[<nil>] duration:[77.135463ms]
2025/05/21 06:01:39 worker:[0] reqid:[0] qname:[instagram.com.] qtype:[A] respid:[0] rcode:[NOERROR] respflags:[qr rd ra] err:[<nil>] duration:[83.914847ms]
2025/05/21 06:01:40 worker:[0] reqid:[0] qname:[wikipedia.org.] qtype:[A] respid:[0] rcode:[NOERROR] respflags:[qr rd ra] err:[<nil>] duration:[197.599709ms]
2025/05/21 06:01:40 worker:[0] reqid:[0] qname:[x.com.] qtype:[A] respid:[0] rcode:[NOERROR] respflags:[qr rd ra] err:[<nil>] duration:[77.370938ms]
2025/05/21 06:01:40 worker:[0] reqid:[0] qname:[amazon.com.] qtype:[A] respid:[0] rcode:[NOERROR] respflags:[qr rd ra] err:[<nil>] duration:[193.73424ms]
2025/05/21 06:01:40 worker:[0] reqid:[0] qname:[tiktok.com.] qtype:[A] respid:[0] rcode:[NOERROR] respflags:[qr rd ra] err:[<nil>] duration:[76.586731ms]
2025/05/21 06:01:40 worker:[0] reqid:[0] qname:[whatsapp.com.] qtype:[A] respid:[0] rcode:[NOERROR] respflags:[qr rd ra] err:[<nil>] duration:[202.760016ms]
2025/05/21 06:01:40 worker:[0] reqid:[0] qname:[yahoo.com.] qtype:[A] respid:[0] rcode:[NOERROR] respflags:[qr rd ra] err:[<nil>] duration:[78.825814ms]
2025/05/21 06:01:40 worker:[0] reqid:[0] qname:[google.com.] qtype:[A] respid:[0] rcode:[NOERROR] respflags:[qr rd ra] err:[<nil>] duration:[77.986441ms]
2025/05/21 06:01:40 worker:[0] reqid:[0] qname:[googleusercontent.com.] qtype:[A] respid:[0] rcode:[NOERROR] respflags:[qr rd ra] err:[<nil>] duration:[200.714284ms]
2025/05/21 06:01:41 worker:[0] reqid:[0] qname:[facebook.com.] qtype:[A] respid:[0] rcode:[NOERROR] respflags:[qr rd ra] err:[<nil>] duration:[197.657095ms]
2025/05/21 06:01:41 worker:[0] reqid:[0] qname:[instagram.com.] qtype:[A] respid:[0] rcode:[NOERROR] respflags:[qr rd ra] err:[<nil>] duration:[77.659515ms]
2025/05/21 06:01:41 worker:[0] reqid:[0] qname:[wikipedia.org.] qtype:[A] respid:[0] rcode:[NOERROR] respflags:[qr rd ra] err:[<nil>] duration:[79.353744ms]
2025/05/21 06:01:41 worker:[0] reqid:[0] qname:[x.com.] qtype:[A] respid:[0] rcode:[NOERROR] respflags:[qr rd ra] err:[<nil>] duration:[80.672928ms]
2025/05/21 06:01:41 worker:[0] reqid:[0] qname:[amazon.com.] qtype:[A] respid:[0] rcode:[NOERROR] respflags:[qr rd ra] err:[<nil>] duration:[79.34057ms]
2025/05/21 06:01:41 worker:[0] reqid:[0] qname:[tiktok.com.] qtype:[A] respid:[0] rcode:[NOERROR] respflags:[qr rd ra] err:[<nil>] duration:[80.397684ms]
2025/05/21 06:01:41 worker:[0] reqid:[0] qname:[whatsapp.com.] qtype:[A] respid:[0] rcode:[NOERROR] respflags:[qr rd ra] err:[<nil>] duration:[76.424071ms]
2025/05/21 06:01:41 worker:[0] reqid:[0] qname:[yahoo.com.] qtype:[A] respid:[0] rcode:[NOERROR] respflags:[qr rd ra] err:[<nil>] duration:[76.164071ms]
2025/05/21 06:01:41 worker:[0] reqid:[0] qname:[google.com.] qtype:[A] respid:[0] rcode:[NOERROR] respflags:[qr rd ra] err:[<nil>] duration:[76.587561ms]
2025/05/21 06:01:41 worker:[0] reqid:[0] qname:[googleusercontent.com.] qtype:[A] respid:[0] rcode:[NOERROR] respflags:[qr rd ra] err:[<nil>] duration:[75.631851ms]
2025/05/21 06:01:41 worker:[0] reqid:[0] qname:[facebook.com.] qtype:[A] respid:[0] rcode:[NOERROR] respflags:[qr rd ra] err:[<nil>] duration:[78.624805ms]
2025/05/21 06:01:42 worker:[0] reqid:[0] qname:[instagram.com.] qtype:[A] respid:[0] rcode:[NOERROR] respflags:[qr rd ra] err:[<nil>] duration:[189.951219ms]
2025/05/21 06:01:42 worker:[0] reqid:[0] qname:[wikipedia.org.] qtype:[A] respid:[0] rcode:[NOERROR] respflags:[qr rd ra] err:[<nil>] duration:[78.098905ms]
2025/05/21 06:01:42 worker:[0] reqid:[0] qname:[x.com.] qtype:[A] respid:[0] rcode:[NOERROR] respflags:[qr rd ra] err:[<nil>] duration:[77.654906ms]
2025/05/21 06:01:42 worker:[0] reqid:[0] qname:[amazon.com.] qtype:[A] respid:[0] rcode:[NOERROR] respflags:[qr rd ra] err:[<nil>] duration:[187.017458ms]
2025/05/21 06:01:42 worker:[0] reqid:[0] qname:[tiktok.com.] qtype:[A] respid:[0] rcode:[NOERROR] respflags:[qr rd ra] err:[<nil>] duration:[77.290273ms]
2025/05/21 06:01:42 worker:[0] reqid:[0] qname:[whatsapp.com.] qtype:[A] respid:[0] rcode:[NOERROR] respflags:[qr rd ra] err:[<nil>] duration:[79.415471ms]
2025/05/21 06:01:42 worker:[0] reqid:[0] qname:[yahoo.com.] qtype:[A] respid:[0] rcode:[NOERROR] respflags:[qr rd ra] err:[<nil>] duration:[77.41179ms]
2025/05/21 06:01:42 worker:[0] reqid:[0] qname:[google.com.] qtype:[A] respid:[0] rcode:[NOERROR] respflags:[qr rd ra] err:[<nil>] duration:[78.138173ms]
2025/05/21 06:01:42 worker:[0] reqid:[0] qname:[googleusercontent.com.] qtype:[A] respid:[0] rcode:[NOERROR] respflags:[qr rd ra] err:[<nil>] duration:[79.380568ms]
2025/05/21 06:01:42 worker:[0] reqid:[0] qname:[facebook.com.] qtype:[A] respid:[0] rcode:[NOERROR] respflags:[qr rd ra] err:[<nil>] duration:[80.078847ms]
2025/05/21 06:01:43 worker:[0] reqid:[0] qname:[instagram.com.] qtype:[A] respid:[0] rcode:[NOERROR] respflags:[qr rd ra] err:[<nil>] duration:[78.305446ms]
2025/05/21 06:01:43 worker:[0] reqid:[0] qname:[wikipedia.org.] qtype:[A] respid:[0] rcode:[NOERROR] respflags:[qr rd ra] err:[<nil>] duration:[77.789959ms]
2025/05/21 06:01:43 worker:[0] reqid:[0] qname:[x.com.] qtype:[A] respid:[0] rcode:[NOERROR] respflags:[qr rd ra] err:[<nil>] duration:[80.117759ms]
2025/05/21 06:01:43 worker:[0] reqid:[0] qname:[amazon.com.] qtype:[A] respid:[0] rcode:[NOERROR] respflags:[qr rd ra] err:[<nil>] duration:[83.412505ms]
2025/05/21 06:01:43 worker:[0] reqid:[0] qname:[tiktok.com.] qtype:[A] respid:[0] rcode:[NOERROR] respflags:[qr rd ra] err:[<nil>] duration:[81.979067ms]
2025/05/21 06:01:43 worker:[0] reqid:[0] qname:[whatsapp.com.] qtype:[A] respid:[0] rcode:[NOERROR] respflags:[qr rd ra] err:[<nil>] duration:[78.378096ms]
2025/05/21 06:01:43 worker:[0] reqid:[0] qname:[yahoo.com.] qtype:[A] respid:[0] rcode:[NOERROR] respflags:[qr rd ra] err:[<nil>] duration:[77.217564ms]
2025/05/21 06:01:43 worker:[0] reqid:[0] qname:[google.com.] qtype:[A] respid:[0] rcode:[NOERROR] respflags:[qr rd ra] err:[<nil>] duration:[76.760689ms]
2025/05/21 06:01:43 worker:[0] reqid:[0] qname:[googleusercontent.com.] qtype:[A] respid:[0] rcode:[NOERROR] respflags:[qr rd ra] err:[<nil>] duration:[190.673683ms]
2025/05/21 06:01:43 worker:[0] reqid:[0] qname:[facebook.com.] qtype:[A] respid:[0] rcode:[NOERROR] respflags:[qr rd ra] err:[<nil>] duration:[78.3821ms]
2025/05/21 06:01:43 worker:[0] reqid:[0] qname:[instagram.com.] qtype:[A] respid:[0] rcode:[NOERROR] respflags:[qr rd ra] err:[<nil>] duration:[85.728877ms]
2025/05/21 06:01:44 worker:[0] reqid:[0] qname:[wikipedia.org.] qtype:[A] respid:[0] rcode:[NOERROR] respflags:[qr rd ra] err:[<nil>] duration:[77.339581ms]
2025/05/21 06:01:44 worker:[0] reqid:[0] qname:[x.com.] qtype:[A] respid:[0] rcode:[NOERROR] respflags:[qr rd ra] err:[<nil>] duration:[192.902684ms]
2025/05/21 06:01:44 worker:[0] reqid:[0] qname:[amazon.com.] qtype:[A] respid:[0] rcode:[NOERROR] respflags:[qr rd ra] err:[<nil>] duration:[78.303924ms]
2025/05/21 06:01:44 worker:[0] reqid:[0] qname:[tiktok.com.] qtype:[A] respid:[0] rcode:[NOERROR] respflags:[qr rd ra] err:[<nil>] duration:[77.895133ms]
2025/05/21 06:01:44 worker:[0] reqid:[0] qname:[whatsapp.com.] qtype:[A] respid:[0] rcode:[NOERROR] respflags:[qr rd ra] err:[<nil>] duration:[76.821522ms]
2025/05/21 06:01:44 worker:[0] reqid:[0] qname:[yahoo.com.] qtype:[A] respid:[0] rcode:[NOERROR] respflags:[qr rd ra] err:[<nil>] duration:[76.873865ms]
2025/05/21 06:01:44 worker:[0] reqid:[0] qname:[google.com.] qtype:[A] respid:[0] rcode:[NOERROR] respflags:[qr rd ra] err:[<nil>] duration:[78.195547ms]
2025/05/21 06:01:44 worker:[0] reqid:[0] qname:[googleusercontent.com.] qtype:[A] respid:[0] rcode:[NOERROR] respflags:[qr rd ra] err:[<nil>] duration:[77.724321ms]
2025/05/21 06:01:44 worker:[0] reqid:[0] qname:[facebook.com.] qtype:[A] respid:[0] rcode:[NOERROR] respflags:[qr rd ra] err:[<nil>] duration:[77.350401ms]
2025/05/21 06:01:44 worker:[0] reqid:[0] qname:[instagram.com.] qtype:[A] respid:[0] rcode:[NOERROR] respflags:[qr rd ra] err:[<nil>] duration:[76.532158ms]
2025/05/21 06:01:44 worker:[0] reqid:[0] qname:[wikipedia.org.] qtype:[A] respid:[0] rcode:[NOERROR] respflags:[qr rd ra] err:[<nil>] duration:[77.243555ms]
2025/05/21 06:01:45 worker:[0] reqid:[0] qname:[x.com.] qtype:[A] respid:[0] rcode:[NOERROR] respflags:[qr rd ra] err:[<nil>] duration:[78.559544ms]
2025/05/21 06:01:45 worker:[0] reqid:[0] qname:[amazon.com.] qtype:[A] respid:[0] rcode:[NOERROR] respflags:[qr rd ra] err:[<nil>] duration:[81.842209ms]
2025/05/21 06:01:45 worker:[0] reqid:[0] qname:[tiktok.com.] qtype:[A] respid:[0] rcode:[NOERROR] respflags:[qr rd ra] err:[<nil>] duration:[76.835901ms]
2025/05/21 06:01:45 worker:[0] reqid:[0] qname:[whatsapp.com.] qtype:[A] respid:[0] rcode:[NOERROR] respflags:[qr rd ra] err:[<nil>] duration:[76.913189ms]
2025/05/21 06:01:45 worker:[0] reqid:[0] qname:[yahoo.com.] qtype:[A] respid:[0] rcode:[NOERROR] respflags:[qr rd ra] err:[<nil>] duration:[76.606085ms]
2025/05/21 06:01:45 worker:[0] reqid:[0] qname:[google.com.] qtype:[A] respid:[0] rcode:[NOERROR] respflags:[qr rd ra] err:[<nil>] duration:[77.501606ms]
2025/05/21 06:01:45 worker:[0] reqid:[0] qname:[googleusercontent.com.] qtype:[A] respid:[0] rcode:[NOERROR] respflags:[qr rd ra] err:[<nil>] duration:[76.357503ms]
2025/05/21 06:01:45 worker:[0] reqid:[0] qname:[facebook.com.] qtype:[A] respid:[0] rcode:[NOERROR] respflags:[qr rd ra] err:[<nil>] duration:[78.196596ms]
2025/05/21 06:01:45 worker:[0] reqid:[0] qname:[instagram.com.] qtype:[A] respid:[0] rcode:[NOERROR] respflags:[qr rd ra] err:[<nil>] duration:[78.972507ms]
2025/05/21 06:01:45 worker:[0] reqid:[0] qname:[wikipedia.org.] qtype:[A] respid:[0] rcode:[NOERROR] respflags:[qr rd ra] err:[<nil>] duration:[78.728267ms]
2025/05/21 06:01:45 worker:[0] reqid:[0] qname:[x.com.] qtype:[A] respid:[0] rcode:[NOERROR] respflags:[qr rd ra] err:[<nil>] duration:[77.520516ms]
2025/05/21 06:01:45 worker:[0] reqid:[0] qname:[amazon.com.] qtype:[A] respid:[0] rcode:[NOERROR] respflags:[qr rd ra] err:[<nil>] duration:[76.649081ms]
2025/05/21 06:01:46 worker:[0] reqid:[0] qname:[tiktok.com.] qtype:[A] respid:[0] rcode:[NOERROR] respflags:[qr rd ra] err:[<nil>] duration:[188.372906ms]
2025/05/21 06:01:46 worker:[0] reqid:[0] qname:[whatsapp.com.] qtype:[A] respid:[0] rcode:[NOERROR] respflags:[qr rd ra] err:[<nil>] duration:[78.055728ms]
2025/05/21 06:01:46 worker:[0] reqid:[0] qname:[yahoo.com.] qtype:[A] respid:[0] rcode:[NOERROR] respflags:[qr rd ra] err:[<nil>] duration:[82.170883ms]
2025/05/21 06:01:46 worker:[0] reqid:[0] qname:[google.com.] qtype:[A] respid:[0] rcode:[NOERROR] respflags:[qr rd ra] err:[<nil>] duration:[76.806926ms]
2025/05/21 06:01:46 worker:[0] reqid:[0] qname:[googleusercontent.com.] qtype:[A] respid:[0] rcode:[NOERROR] respflags:[qr rd ra] err:[<nil>] duration:[357.651165ms]
2025/05/21 06:01:46 worker:[0] reqid:[0] qname:[facebook.com.] qtype:[A] respid:[0] rcode:[NOERROR] respflags:[qr rd ra] err:[<nil>] duration:[77.454735ms]
2025/05/21 06:01:46 worker:[0] reqid:[0] qname:[instagram.com.] qtype:[A] respid:[0] rcode:[NOERROR] respflags:[qr rd ra] err:[<nil>] duration:[78.583531ms]
2025/05/21 06:01:46 worker:[0] reqid:[0] qname:[wikipedia.org.] qtype:[A] respid:[0] rcode:[NOERROR] respflags:[qr rd ra] err:[<nil>] duration:[77.667766ms]
2025/05/21 06:01:46 worker:[0] reqid:[0] qname:[x.com.] qtype:[A] respid:[0] rcode:[NOERROR] respflags:[qr rd ra] err:[<nil>] duration:[79.72034ms]
2025/05/21 06:01:47 worker:[0] reqid:[0] qname:[amazon.com.] qtype:[A] respid:[0] rcode:[NOERROR] respflags:[qr rd ra] err:[<nil>] duration:[78.0311ms]
2025/05/21 06:01:47 worker:[0] reqid:[0] qname:[tiktok.com.] qtype:[A] respid:[0] rcode:[NOERROR] respflags:[qr rd ra] err:[<nil>] duration:[203.658655ms]
2025/05/21 06:01:47 worker:[0] reqid:[0] qname:[whatsapp.com.] qtype:[A] respid:[0] rcode:[NOERROR] respflags:[qr rd ra] err:[<nil>] duration:[77.604373ms]
2025/05/21 06:01:47 worker:[0] reqid:[0] qname:[yahoo.com.] qtype:[A] respid:[0] rcode:[NOERROR] respflags:[qr rd ra] err:[<nil>] duration:[81.639139ms]
2025/05/21 06:01:47 worker:[0] reqid:[0] qname:[google.com.] qtype:[A] respid:[0] rcode:[NOERROR] respflags:[qr rd ra] err:[<nil>] duration:[196.603206ms]
2025/05/21 06:01:47 worker:[0] reqid:[0] qname:[googleusercontent.com.] qtype:[A] respid:[0] rcode:[NOERROR] respflags:[qr rd ra] err:[<nil>] duration:[75.84989ms]
2025/05/21 06:01:47 worker:[0] reqid:[0] qname:[facebook.com.] qtype:[A] respid:[0] rcode:[NOERROR] respflags:[qr rd ra] err:[<nil>] duration:[198.205851ms]
2025/05/21 06:01:47 worker:[0] reqid:[0] qname:[instagram.com.] qtype:[A] respid:[0] rcode:[NOERROR] respflags:[qr rd ra] err:[<nil>] duration:[83.980323ms]
2025/05/21 06:01:48 worker:[0] reqid:[0] qname:[wikipedia.org.] qtype:[A] respid:[0] rcode:[NOERROR] respflags:[qr rd ra] err:[<nil>] duration:[77.458079ms]
2025/05/21 06:01:48 worker:[0] reqid:[0] qname:[x.com.] qtype:[A] respid:[0] rcode:[NOERROR] respflags:[qr rd ra] err:[<nil>] duration:[79.641347ms]
2025/05/21 06:01:48 worker:[0] reqid:[0] qname:[amazon.com.] qtype:[A] respid:[0] rcode:[NOERROR] respflags:[qr rd ra] err:[<nil>] duration:[193.208161ms]
2025/05/21 06:01:48 worker:[0] reqid:[0] qname:[tiktok.com.] qtype:[A] respid:[0] rcode:[NOERROR] respflags:[qr rd ra] err:[<nil>] duration:[310.151818ms]
2025/05/21 06:01:48 worker:[0] reqid:[0] qname:[whatsapp.com.] qtype:[A] respid:[0] rcode:[NOERROR] respflags:[qr rd ra] err:[<nil>] duration:[77.055432ms]
2025/05/21 06:01:48 worker:[0] reqid:[0] qname:[yahoo.com.] qtype:[A] respid:[0] rcode:[NOERROR] respflags:[qr rd ra] err:[<nil>] duration:[77.923321ms]
2025/05/21 06:01:48 worker:[0] reqid:[0] qname:[google.com.] qtype:[A] respid:[0] rcode:[NOERROR] respflags:[qr rd ra] err:[<nil>] duration:[189.567227ms]
2025/05/21 06:01:49 worker:[0] reqid:[0] qname:[googleusercontent.com.] qtype:[A] respid:[0] rcode:[NOERROR] respflags:[qr rd ra] err:[<nil>] duration:[76.332335ms]
2025/05/21 06:01:49 worker:[0] reqid:[0] qname:[facebook.com.] qtype:[A] respid:[0] rcode:[NOERROR] respflags:[qr rd ra] err:[<nil>] duration:[80.911911ms]
2025/05/21 06:01:49 worker:[0] reqid:[0] qname:[instagram.com.] qtype:[A] respid:[0] rcode:[NOERROR] respflags:[qr rd ra] err:[<nil>] duration:[76.908423ms]
2025/05/21 06:01:49 worker:[0] reqid:[0] qname:[wikipedia.org.] qtype:[A] respid:[0] rcode:[NOERROR] respflags:[qr rd ra] err:[<nil>] duration:[77.163578ms]
2025/05/21 06:01:49 worker:[0] reqid:[0] qname:[x.com.] qtype:[A] respid:[0] rcode:[NOERROR] respflags:[qr rd ra] err:[<nil>] duration:[191.243027ms]
2025/05/21 06:01:49 worker:[0] reqid:[0] qname:[amazon.com.] qtype:[A] respid:[0] rcode:[NOERROR] respflags:[qr rd ra] err:[<nil>] duration:[192.369472ms]
2025/05/21 06:01:49 worker:[0] reqid:[0] qname:[tiktok.com.] qtype:[A] respid:[0] rcode:[NOERROR] respflags:[qr rd ra] err:[<nil>] duration:[189.150789ms]
2025/05/21 06:01:49 worker:[0] reqid:[0] qname:[whatsapp.com.] qtype:[A] respid:[0] rcode:[NOERROR] respflags:[qr rd ra] err:[<nil>] duration:[77.782549ms]
2025/05/21 06:01:50 worker:[0] reqid:[0] qname:[yahoo.com.] qtype:[A] respid:[0] rcode:[NOERROR] respflags:[qr rd ra] err:[<nil>] duration:[188.601954ms]
2025/05/21 06:01:50 worker:[0] reqid:[0] qname:[google.com.] qtype:[A] respid:[0] rcode:[NOERROR] respflags:[qr rd ra] err:[<nil>] duration:[76.803553ms]
2025/05/21 06:01:50 worker:[0] reqid:[0] qname:[googleusercontent.com.] qtype:[A] respid:[0] rcode:[NOERROR] respflags:[qr rd ra] err:[<nil>] duration:[187.782442ms]
2025/05/21 06:01:50 worker:[0] reqid:[0] qname:[facebook.com.] qtype:[A] respid:[0] rcode:[NOERROR] respflags:[qr rd ra] err:[<nil>] duration:[77.674276ms]
2025/05/21 06:01:50 worker:[0] reqid:[0] qname:[instagram.com.] qtype:[A] respid:[0] rcode:[NOERROR] respflags:[qr rd ra] err:[<nil>] duration:[77.707191ms]
2025/05/21 06:01:50 worker:[0] reqid:[0] qname:[wikipedia.org.] qtype:[A] respid:[0] rcode:[NOERROR] respflags:[qr rd ra] err:[<nil>] duration:[185.035691ms]
2025/05/21 06:01:50 worker:[0] reqid:[0] qname:[x.com.] qtype:[A] respid:[0] rcode:[NOERROR] respflags:[qr rd ra] err:[<nil>] duration:[76.813786ms]
2025/05/21 06:01:50 worker:[0] reqid:[0] qname:[amazon.com.] qtype:[A] respid:[0] rcode:[NOERROR] respflags:[qr rd ra] err:[<nil>] duration:[187.006211ms]
2025/05/21 06:01:51 worker:[0] reqid:[0] qname:[tiktok.com.] qtype:[A] respid:[0] rcode:[NOERROR] respflags:[qr rd ra] err:[<nil>] duration:[77.74148ms]
2025/05/21 06:01:51 worker:[0] reqid:[0] qname:[whatsapp.com.] qtype:[A] respid:[0] rcode:[NOERROR] respflags:[qr rd ra] err:[<nil>] duration:[79.654381ms]
2025/05/21 06:01:51 worker:[0] reqid:[0] qname:[yahoo.com.] qtype:[A] respid:[0] rcode:[NOERROR] respflags:[qr rd ra] err:[<nil>] duration:[79.125487ms]
2025/05/21 06:01:51 worker:[0] reqid:[0] qname:[google.com.] qtype:[A] respid:[0] rcode:[NOERROR] respflags:[qr rd ra] err:[<nil>] duration:[83.210473ms]
2025/05/21 06:01:51 worker:[0] reqid:[0] qname:[googleusercontent.com.] qtype:[A] respid:[0] rcode:[NOERROR] respflags:[qr rd ra] err:[<nil>] duration:[76.704316ms]
2025/05/21 06:01:51 worker:[0] reqid:[0] qname:[facebook.com.] qtype:[A] respid:[0] rcode:[NOERROR] respflags:[qr rd ra] err:[<nil>] duration:[190.211739ms]
2025/05/21 06:01:51 worker:[0] reqid:[0] qname:[instagram.com.] qtype:[A] respid:[0] rcode:[NOERROR] respflags:[qr rd ra] err:[<nil>] duration:[79.06574ms]
2025/05/21 06:01:51 worker:[0] reqid:[0] qname:[wikipedia.org.] qtype:[A] respid:[0] rcode:[NOERROR] respflags:[qr rd ra] err:[<nil>] duration:[192.184485ms]
2025/05/21 06:01:51 worker:[0] reqid:[0] qname:[x.com.] qtype:[A] respid:[0] rcode:[NOERROR] respflags:[qr rd ra] err:[<nil>] duration:[97.045324ms]
2025/05/21 06:01:52 worker:[0] reqid:[0] qname:[amazon.com.] qtype:[A] respid:[0] rcode:[NOERROR] respflags:[qr rd ra] err:[<nil>] duration:[243.57263ms]
2025/05/21 06:01:52 worker:[0] reqid:[0] qname:[tiktok.com.] qtype:[A] respid:[0] rcode:[NOERROR] respflags:[qr rd ra] err:[<nil>] duration:[86.28531ms]
2025/05/21 06:01:52 worker:[0] reqid:[0] qname:[whatsapp.com.] qtype:[A] respid:[0] rcode:[NOERROR] respflags:[qr rd ra] err:[<nil>] duration:[91.505657ms]
2025/05/21 06:01:52 worker:[0] reqid:[0] qname:[yahoo.com.] qtype:[A] respid:[0] rcode:[NOERROR] respflags:[qr rd ra] err:[<nil>] duration:[77.234202ms]
2025/05/21 06:01:52 worker:[0] reqid:[0] qname:[google.com.] qtype:[A] respid:[0] rcode:[NOERROR] respflags:[qr rd ra] err:[<nil>] duration:[79.768733ms]
2025/05/21 06:01:52 worker:[0] reqid:[0] qname:[googleusercontent.com.] qtype:[A] respid:[0] rcode:[NOERROR] respflags:[qr rd ra] err:[<nil>] duration:[77.087004ms]
2025/05/21 06:01:52 worker:[0] reqid:[0] qname:[facebook.com.] qtype:[A] respid:[0] rcode:[NOERROR] respflags:[qr rd ra] err:[<nil>] duration:[76.912664ms]
2025/05/21 06:01:52 worker:[0] reqid:[0] qname:[instagram.com.] qtype:[A] respid:[0] rcode:[NOERROR] respflags:[qr rd ra] err:[<nil>] duration:[77.297686ms]
2025/05/21 06:01:52 worker:[0] reqid:[0] qname:[wikipedia.org.] qtype:[A] respid:[0] rcode:[NOERROR] respflags:[qr rd ra] err:[<nil>] duration:[80.137893ms]
2025/05/21 06:01:53 worker:[0] reqid:[0] qname:[x.com.] qtype:[A] respid:[0] rcode:[NOERROR] respflags:[qr rd ra] err:[<nil>] duration:[208.22022ms]
2025/05/21 06:01:53 worker:[0] reqid:[0] qname:[amazon.com.] qtype:[A] respid:[0] rcode:[NOERROR] respflags:[qr rd ra] err:[<nil>] duration:[79.356007ms]
2025/05/21 06:01:53 worker:[0] reqid:[0] qname:[tiktok.com.] qtype:[A] respid:[0] rcode:[NOERROR] respflags:[qr rd ra] err:[<nil>] duration:[202.239586ms]
2025/05/21 06:01:53 worker:[0] reqid:[0] qname:[whatsapp.com.] qtype:[A] respid:[0] rcode:[NOERROR] respflags:[qr rd ra] err:[<nil>] duration:[76.994257ms]
2025/05/21 06:01:53 worker:[0] reqid:[0] qname:[yahoo.com.] qtype:[A] respid:[0] rcode:[NOERROR] respflags:[qr rd ra] err:[<nil>] duration:[77.800987ms]
2025/05/21 06:01:53 worker:[0] reqid:[0] qname:[google.com.] qtype:[A] respid:[0] rcode:[NOERROR] respflags:[qr rd ra] err:[<nil>] duration:[198.724632ms]
2025/05/21 06:01:53 worker:[0] reqid:[0] qname:[googleusercontent.com.] qtype:[A] respid:[0] rcode:[NOERROR] respflags:[qr rd ra] err:[<nil>] duration:[78.688488ms]
2025/05/21 06:01:53 worker:[0] reqid:[0] qname:[facebook.com.] qtype:[A] respid:[0] rcode:[NOERROR] respflags:[qr rd ra] err:[<nil>] duration:[97.683702ms]
2025/05/21 06:01:53 worker:[0] reqid:[0] qname:[instagram.com.] qtype:[A] respid:[0] rcode:[NOERROR] respflags:[qr rd ra] err:[<nil>] duration:[78.639034ms]
2025/05/21 06:01:54 worker:[0] reqid:[0] qname:[wikipedia.org.] qtype:[A] respid:[0] rcode:[NOERROR] respflags:[qr rd ra] err:[<nil>] duration:[77.601347ms]
2025/05/21 06:01:54 worker:[0] reqid:[0] qname:[x.com.] qtype:[A] respid:[0] rcode:[NOERROR] respflags:[qr rd ra] err:[<nil>] duration:[94.570002ms]
2025/05/21 06:01:54 worker:[0] reqid:[0] qname:[amazon.com.] qtype:[A] respid:[0] rcode:[NOERROR] respflags:[qr rd ra] err:[<nil>] duration:[215.57726ms]
2025/05/21 06:01:54 worker:[0] reqid:[0] qname:[tiktok.com.] qtype:[A] respid:[0] rcode:[NOERROR] respflags:[qr rd ra] err:[<nil>] duration:[77.74887ms]
2025/05/21 06:01:54 worker:[0] reqid:[0] qname:[whatsapp.com.] qtype:[A] respid:[0] rcode:[NOERROR] respflags:[qr rd ra] err:[<nil>] duration:[332.025184ms]
2025/05/21 06:01:54 worker:[0] reqid:[0] qname:[yahoo.com.] qtype:[A] respid:[0] rcode:[NOERROR] respflags:[qr rd ra] err:[<nil>] duration:[84.328273ms]
2025/05/21 06:01:55 worker:[0] reqid:[0] qname:[google.com.] qtype:[A] respid:[0] rcode:[NOERROR] respflags:[qr rd ra] err:[<nil>] duration:[336.267691ms]
2025/05/21 06:01:55 worker:[0] reqid:[0] qname:[googleusercontent.com.] qtype:[A] respid:[0] rcode:[NOERROR] respflags:[qr rd ra] err:[<nil>] duration:[77.113545ms]
2025/05/21 06:01:55 worker:[0] reqid:[0] qname:[facebook.com.] qtype:[A] respid:[0] rcode:[NOERROR] respflags:[qr rd ra] err:[<nil>] duration:[76.596637ms]
2025/05/21 06:01:55 worker:[0] reqid:[0] qname:[instagram.com.] qtype:[A] respid:[0] rcode:[NOERROR] respflags:[qr rd ra] err:[<nil>] duration:[79.449877ms]
2025/05/21 06:01:55 worker:[0] reqid:[0] qname:[wikipedia.org.] qtype:[A] respid:[0] rcode:[NOERROR] respflags:[qr rd ra] err:[<nil>] duration:[76.44306ms]
2025/05/21 06:01:55 worker:[0] reqid:[0] qname:[x.com.] qtype:[A] respid:[0] rcode:[NOERROR] respflags:[qr rd ra] err:[<nil>] duration:[76.690264ms]
2025/05/21 06:01:55 worker:[0] reqid:[0] qname:[amazon.com.] qtype:[A] respid:[0] rcode:[NOERROR] respflags:[qr rd ra] err:[<nil>] duration:[76.599108ms]
2025/05/21 06:01:55 worker:[0] reqid:[0] qname:[tiktok.com.] qtype:[A] respid:[0] rcode:[NOERROR] respflags:[qr rd ra] err:[<nil>] duration:[76.609358ms]
2025/05/21 06:01:55 worker:[0] reqid:[0] qname:[whatsapp.com.] qtype:[A] respid:[0] rcode:[NOERROR] respflags:[qr rd ra] err:[<nil>] duration:[76.658044ms]
2025/05/21 06:01:55 worker:[0] reqid:[0] qname:[yahoo.com.] qtype:[A] respid:[0] rcode:[NOERROR] respflags:[qr rd ra] err:[<nil>] duration:[76.53479ms]
2025/05/21 06:01:55 worker:[0] reqid:[0] qname:[google.com.] qtype:[A] respid:[0] rcode:[NOERROR] respflags:[qr rd ra] err:[<nil>] duration:[76.507817ms]
2025/05/21 06:01:56 worker:[0] reqid:[0] qname:[googleusercontent.com.] qtype:[A] respid:[0] rcode:[NOERROR] respflags:[qr rd ra] err:[<nil>] duration:[78.079588ms]
2025/05/21 06:01:56 worker:[0] reqid:[0] qname:[facebook.com.] qtype:[A] respid:[0] rcode:[NOERROR] respflags:[qr rd ra] err:[<nil>] duration:[77.843308ms]
2025/05/21 06:01:56 worker:[0] reqid:[0] qname:[instagram.com.] qtype:[A] respid:[0] rcode:[NOERROR] respflags:[qr rd ra] err:[<nil>] duration:[76.532654ms]
2025/05/21 06:01:56 worker:[0] reqid:[0] qname:[wikipedia.org.] qtype:[A] respid:[0] rcode:[NOERROR] respflags:[qr rd ra] err:[<nil>] duration:[76.66742ms]
2025/05/21 06:01:56 worker:[0] reqid:[0] qname:[x.com.] qtype:[A] respid:[0] rcode:[NOERROR] respflags:[qr rd ra] err:[<nil>] duration:[81.85049ms]
2025/05/21 06:01:56 worker:[0] reqid:[0] qname:[amazon.com.] qtype:[A] respid:[0] rcode:[NOERROR] respflags:[qr rd ra] err:[<nil>] duration:[76.824633ms]
2025/05/21 06:01:56 worker:[0] reqid:[0] qname:[tiktok.com.] qtype:[A] respid:[0] rcode:[NOERROR] respflags:[qr rd ra] err:[<nil>] duration:[76.77567ms]
2025/05/21 06:01:56 worker:[0] reqid:[0] qname:[whatsapp.com.] qtype:[A] respid:[0] rcode:[NOERROR] respflags:[qr rd ra] err:[<nil>] duration:[78.641096ms]
2025/05/21 06:01:56 worker:[0] reqid:[0] qname:[yahoo.com.] qtype:[A] respid:[0] rcode:[NOERROR] respflags:[qr rd ra] err:[<nil>] duration:[409.458504ms]
2025/05/21 06:01:57 worker:[0] reqid:[0] qname:[google.com.] qtype:[A] respid:[0] rcode:[NOERROR] respflags:[qr rd ra] err:[<nil>] duration:[80.696813ms]
2025/05/21 06:01:57 worker:[0] reqid:[0] qname:[googleusercontent.com.] qtype:[A] respid:[0] rcode:[NOERROR] respflags:[qr rd ra] err:[<nil>] duration:[194.682525ms]
2025/05/21 06:01:57 worker:[0] reqid:[0] qname:[facebook.com.] qtype:[A] respid:[0] rcode:[NOERROR] respflags:[qr rd ra] err:[<nil>] duration:[77.203379ms]
2025/05/21 06:01:57 worker:[0] reqid:[0] qname:[instagram.com.] qtype:[A] respid:[0] rcode:[NOERROR] respflags:[qr rd ra] err:[<nil>] duration:[77.918616ms]
2025/05/21 06:01:57 worker:[0] reqid:[0] qname:[wikipedia.org.] qtype:[A] respid:[0] rcode:[NOERROR] respflags:[qr rd ra] err:[<nil>] duration:[82.447484ms]
2025/05/21 06:01:57 worker:[0] reqid:[0] qname:[x.com.] qtype:[A] respid:[0] rcode:[NOERROR] respflags:[qr rd ra] err:[<nil>] duration:[80.386435ms]
2025/05/21 06:01:57 worker:[0] reqid:[0] qname:[amazon.com.] qtype:[A] respid:[0] rcode:[NOERROR] respflags:[qr rd ra] err:[<nil>] duration:[77.683162ms]
2025/05/21 06:01:57 worker:[0] reqid:[0] qname:[tiktok.com.] qtype:[A] respid:[0] rcode:[NOERROR] respflags:[qr rd ra] err:[<nil>] duration:[76.723109ms]
2025/05/21 06:01:57 worker:[0] reqid:[0] qname:[whatsapp.com.] qtype:[A] respid:[0] rcode:[NOERROR] respflags:[qr rd ra] err:[<nil>] duration:[76.888287ms]
2025/05/21 06:01:57 worker:[0] reqid:[0] qname:[yahoo.com.] qtype:[A] respid:[0] rcode:[NOERROR] respflags:[qr rd ra] err:[<nil>] duration:[81.994953ms]
2025/05/21 06:01:57 worker:[0] reqid:[0] qname:[google.com.] qtype:[A] respid:[0] rcode:[NOERROR] respflags:[qr rd ra] err:[<nil>] duration:[76.844912ms]
2025/05/21 06:01:58 worker:[0] reqid:[0] qname:[googleusercontent.com.] qtype:[A] respid:[0] rcode:[NOERROR] respflags:[qr rd ra] err:[<nil>] duration:[77.714221ms]
2025/05/21 06:01:58 worker:[0] reqid:[0] qname:[facebook.com.] qtype:[A] respid:[0] rcode:[NOERROR] respflags:[qr rd ra] err:[<nil>] duration:[78.283738ms]
2025/05/21 06:01:58 worker:[0] reqid:[0] qname:[instagram.com.] qtype:[A] respid:[0] rcode:[NOERROR] respflags:[qr rd ra] err:[<nil>] duration:[96.189928ms]
2025/05/21 06:01:58 worker:[0] reqid:[0] qname:[wikipedia.org.] qtype:[A] respid:[0] rcode:[NOERROR] respflags:[qr rd ra] err:[<nil>] duration:[206.682999ms]
2025/05/21 06:01:58 worker:[0] reqid:[0] qname:[x.com.] qtype:[A] respid:[0] rcode:[NOERROR] respflags:[qr rd ra] err:[<nil>] duration:[91.686783ms]
2025/05/21 06:01:58 worker:[0] reqid:[0] qname:[amazon.com.] qtype:[A] respid:[0] rcode:[NOERROR] respflags:[qr rd ra] err:[<nil>] duration:[79.159364ms]
2025/05/21 06:01:58 worker:[0] reqid:[0] qname:[tiktok.com.] qtype:[A] respid:[0] rcode:[NOERROR] respflags:[qr rd ra] err:[<nil>] duration:[80.7556ms]
2025/05/21 06:01:58 worker:[0] reqid:[0] qname:[whatsapp.com.] qtype:[A] respid:[0] rcode:[NOERROR] respflags:[qr rd ra] err:[<nil>] duration:[204.469638ms]
2025/05/21 06:01:58 worker:[0] reqid:[0] qname:[yahoo.com.] qtype:[A] respid:[0] rcode:[NOERROR] respflags:[qr rd ra] err:[<nil>] duration:[90.446184ms]
2025/05/21 06:01:59 worker:[0] reqid:[0] qname:[google.com.] qtype:[A] respid:[0] rcode:[NOERROR] respflags:[qr rd ra] err:[<nil>] duration:[79.610812ms]
2025/05/21 06:01:59 worker:[0] reqid:[0] qname:[googleusercontent.com.] qtype:[A] respid:[0] rcode:[NOERROR] respflags:[qr rd ra] err:[<nil>] duration:[76.506004ms]
2025/05/21 06:01:59 worker:[0] reqid:[0] qname:[facebook.com.] qtype:[A] respid:[0] rcode:[NOERROR] respflags:[qr rd ra] err:[<nil>] duration:[77.210849ms]
2025/05/21 06:01:59 worker:[0] reqid:[0] qname:[instagram.com.] qtype:[A] respid:[0] rcode:[NOERROR] respflags:[qr rd ra] err:[<nil>] duration:[77.165768ms]
2025/05/21 06:01:59 worker:[0] reqid:[0] qname:[wikipedia.org.] qtype:[A] respid:[0] rcode:[NOERROR] respflags:[qr rd ra] err:[<nil>] duration:[202.97719ms]
2025/05/21 06:01:59 worker:[0] reqid:[0] qname:[x.com.] qtype:[A] respid:[0] rcode:[NOERROR] respflags:[qr rd ra] err:[<nil>] duration:[198.058647ms]
2025/05/21 06:01:59 worker:[0] reqid:[0] qname:[amazon.com.] qtype:[A] respid:[0] rcode:[NOERROR] respflags:[qr rd ra] err:[<nil>] duration:[77.18851ms]
2025/05/21 06:01:59 worker:[0] reqid:[0] qname:[tiktok.com.] qtype:[A] respid:[0] rcode:[NOERROR] respflags:[qr rd ra] err:[<nil>] duration:[79.837534ms]
2025/05/21 06:01:59 worker:[0] reqid:[0] qname:[whatsapp.com.] qtype:[A] respid:[0] rcode:[NOERROR] respflags:[qr rd ra] err:[<nil>] duration:[87.619611ms]
2025/05/21 06:02:00 worker:[0] reqid:[0] qname:[yahoo.com.] qtype:[A] respid:[0] rcode:[NOERROR] respflags:[qr rd ra] err:[<nil>] duration:[202.265328ms]
2025/05/21 06:02:00 worker:[0] reqid:[0] qname:[google.com.] qtype:[A] respid:[0] rcode:[NOERROR] respflags:[qr rd ra] err:[<nil>] duration:[77.574387ms]
2025/05/21 06:02:00 worker:[0] reqid:[0] qname:[googleusercontent.com.] qtype:[A] respid:[0] rcode:[NOERROR] respflags:[qr rd ra] err:[<nil>] duration:[77.215128ms]
2025/05/21 06:02:00 worker:[0] reqid:[0] qname:[facebook.com.] qtype:[A] respid:[0] rcode:[NOERROR] respflags:[qr rd ra] err:[<nil>] duration:[77.303628ms]
2025/05/21 06:02:00 worker:[0] reqid:[0] qname:[instagram.com.] qtype:[A] respid:[0] rcode:[NOERROR] respflags:[qr rd ra] err:[<nil>] duration:[76.915986ms]
2025/05/21 06:02:00 worker:[0] reqid:[0] qname:[wikipedia.org.] qtype:[A] respid:[0] rcode:[NOERROR] respflags:[qr rd ra] err:[<nil>] duration:[77.15816ms]
2025/05/21 06:02:00 worker:[0] reqid:[0] qname:[x.com.] qtype:[A] respid:[0] rcode:[NOERROR] respflags:[qr rd ra] err:[<nil>] duration:[81.981296ms]
2025/05/21 06:02:00 worker:[0] reqid:[0] qname:[amazon.com.] qtype:[A] respid:[0] rcode:[NOERROR] respflags:[qr rd ra] err:[<nil>] duration:[78.775985ms]
2025/05/21 06:02:00 worker:[0] reqid:[0] qname:[tiktok.com.] qtype:[A] respid:[0] rcode:[NOERROR] respflags:[qr rd ra] err:[<nil>] duration:[76.981148ms]
2025/05/21 06:02:00 worker:[0] reqid:[0] qname:[whatsapp.com.] qtype:[A] respid:[0] rcode:[NOERROR] respflags:[qr rd ra] err:[<nil>] duration:[79.056899ms]
2025/05/21 06:02:00 worker:[0] reqid:[0] qname:[yahoo.com.] qtype:[A] respid:[0] rcode:[NOERROR] respflags:[qr rd ra] err:[<nil>] duration:[77.418295ms]
2025/05/21 06:02:00 worker:[0] reqid:[0] qname:[google.com.] qtype:[A] respid:[0] rcode:[NOERROR] respflags:[qr rd ra] err:[<nil>] duration:[78.088385ms]
2025/05/21 06:02:01 worker:[0] reqid:[0] qname:[googleusercontent.com.] qtype:[A] respid:[0] rcode:[NOERROR] respflags:[qr rd ra] err:[<nil>] duration:[77.968552ms]
2025/05/21 06:02:01 worker:[0] reqid:[0] qname:[facebook.com.] qtype:[A] respid:[0] rcode:[NOERROR] respflags:[qr rd ra] err:[<nil>] duration:[76.897028ms]
2025/05/21 06:02:01 worker:[0] reqid:[0] qname:[instagram.com.] qtype:[A] respid:[0] rcode:[NOERROR] respflags:[qr rd ra] err:[<nil>] duration:[76.545174ms]
2025/05/21 06:02:01 worker:[0] reqid:[0] qname:[wikipedia.org.] qtype:[A] respid:[0] rcode:[NOERROR] respflags:[qr rd ra] err:[<nil>] duration:[77.230815ms]
2025/05/21 06:02:01 worker:[0] reqid:[0] qname:[x.com.] qtype:[A] respid:[0] rcode:[NOERROR] respflags:[qr rd ra] err:[<nil>] duration:[187.316147ms]
2025/05/21 06:02:01 worker:[0] reqid:[0] qname:[amazon.com.] qtype:[A] respid:[0] rcode:[NOERROR] respflags:[qr rd ra] err:[<nil>] duration:[76.709121ms]
2025/05/21 06:02:01 worker:[0] reqid:[0] qname:[tiktok.com.] qtype:[A] respid:[0] rcode:[NOERROR] respflags:[qr rd ra] err:[<nil>] duration:[187.409716ms]
2025/05/21 06:02:01 worker:[0] reqid:[0] qname:[whatsapp.com.] qtype:[A] respid:[0] rcode:[NOERROR] respflags:[qr rd ra] err:[<nil>] duration:[185.937875ms]
2025/05/21 06:02:02 worker:[0] reqid:[0] qname:[yahoo.com.] qtype:[A] respid:[0] rcode:[NOERROR] respflags:[qr rd ra] err:[<nil>] duration:[187.01541ms]
