2025/05/21 05:39:39 worker:[0] reqid:[33680] qname:[google.com.] qtype:[A] respid:[33680] rcode:[NOERROR] respflags:[qr rd ra] err:[<nil>] duration:[681.363436ms]
2025/05/21 05:39:39 worker:[0] reqid:[10339] qname:[googleusercontent.com.] qtype:[A] respid:[10339] rcode:[NOERROR] respflags:[qr rd ra] err:[<nil>] duration:[76.46545ms]
2025/05/21 05:39:39 worker:[0] reqid:[40402] qname:[facebook.com.] qtype:[A] respid:[40402] rcode:[NOERROR] respflags:[qr rd ra] err:[<nil>] duration:[90.869629ms]
2025/05/21 05:39:39 worker:[0] reqid:[59862] qname:[instagram.com.] qtype:[A] respid:[59862] rcode:[NOERROR] respflags:[qr rd ra] err:[<nil>] duration:[89.662452ms]
2025/05/21 05:39:39 worker:[0] reqid:[50085] qname:[wikipedia.org.] qtype:[A] respid:[50085] rcode:[NOERROR] respflags:[qr rd ra] err:[<nil>] duration:[89.646431ms]
2025/05/21 05:39:39 worker:[0] reqid:[25206] qname:[x.com.] qtype:[A] respid:[25206] rcode:[NOERROR] respflags:[qr rd ra] err:[<nil>] duration:[314.463322ms]
2025/05/21 05:39:39 worker:[0] reqid:[33382] qname:[amazon.com.] qtype:[A] respid:[33382] rcode:[NOERROR] respflags:[qr rd ra] err:[<nil>] duration:[78.146436ms]
2025/05/21 05:39:39 worker:[0] reqid:[41748] qname:[tiktok.com.] qtype:[A] respid:[41748] rcode:[NOERROR] respflags:[qr rd ra] err:[<nil>] duration:[76.654473ms]
2025/05/21 05:39:40 worker:[0] reqid:[5709] qname:[whatsapp.com.] qtype:[A] respid:[5709] rcode:[NOERROR] respflags:[qr rd ra] err:[<nil>] duration:[88.51925ms]
2025/05/21 05:39:40 worker:[0] reqid:[31535] qname:[yahoo.com.] qtype:[A] respid:[31535] rcode:[NOERROR] respflags:[qr rd ra] err:[<nil>] duration:[305.730594ms]
2025/05/21 05:39:40 worker:[0] reqid:[12981] qname:[google.com.] qtype:[A] respid:[12981] rcode:[NOERROR] respflags:[qr rd ra] err:[<nil>] duration:[83.913045ms]
2025/05/21 05:39:40 worker:[0] reqid:[23685] qname:[googleusercontent.com.] qtype:[A] respid:[23685] rcode:[NOERROR] respflags:[qr rd ra] err:[<nil>] duration:[76.842012ms]
2025/05/21 05:39:40 worker:[0] reqid:[50304] qname:[facebook.com.] qtype:[A] respid:[50304] rcode:[NOERROR] respflags:[qr rd ra] err:[<nil>] duration:[77.358845ms]
2025/05/21 05:39:40 worker:[0] reqid:[16222] qname:[instagram.com.] qtype:[A] respid:[16222] rcode:[NOERROR] respflags:[qr rd ra] err:[<nil>] duration:[294.422229ms]
2025/05/21 05:39:40 worker:[0] reqid:[57590] qname:[wikipedia.org.] qtype:[A] respid:[57590] rcode:[NOERROR] respflags:[qr rd ra] err:[<nil>] duration:[79.948496ms]
2025/05/21 05:39:41 worker:[0] reqid:[42192] qname:[x.com.] qtype:[A] respid:[42192] rcode:[NOERROR] respflags:[qr rd ra] err:[<nil>] duration:[296.567948ms]
2025/05/21 05:39:41 worker:[0] reqid:[34053] qname:[amazon.com.] qtype:[A] respid:[34053] rcode:[NOERROR] respflags:[qr rd ra] err:[<nil>] duration:[77.561609ms]
2025/05/21 05:39:41 worker:[0] reqid:[23738] qname:[tiktok.com.] qtype:[A] respid:[23738] rcode:[NOERROR] respflags:[qr rd ra] err:[<nil>] duration:[80.91705ms]
2025/05/21 05:39:41 worker:[0] reqid:[24797] qname:[whatsapp.com.] qtype:[A] respid:[24797] rcode:[NOERROR] respflags:[qr rd ra] err:[<nil>] duration:[292.069186ms]
2025/05/21 05:39:41 worker:[0] reqid:[31741] qname:[yahoo.com.] qtype:[A] respid:[31741] rcode:[NOERROR] respflags:[qr rd ra] err:[<nil>] duration:[77.587242ms]
2025/05/21 05:39:41 worker:[0] reqid:[966] qname:[google.com.] qtype:[A] respid:[966] rcode:[NOERROR] respflags:[qr rd ra] err:[<nil>] duration:[77.804228ms]
2025/05/21 05:39:42 worker:[0] reqid:[61873] qname:[googleusercontent.com.] qtype:[A] respid:[61873] rcode:[NOERROR] respflags:[qr rd ra] err:[<nil>] duration:[387.009564ms]
2025/05/21 05:39:42 worker:[0] reqid:[38106] qname:[facebook.com.] qtype:[A] respid:[38106] rcode:[NOERROR] respflags:[qr rd ra] err:[<nil>] duration:[195.681783ms]
2025/05/21 05:39:42 worker:[0] reqid:[33131] qname:[instagram.com.] qtype:[A] respid:[33131] rcode:[NOERROR] respflags:[qr rd ra] err:[<nil>] duration:[124.354925ms]
2025/05/21 05:39:42 worker:[0] reqid:[27136] qname:[wikipedia.org.] qtype:[A] respid:[27136] rcode:[NOERROR] respflags:[qr rd ra] err:[<nil>] duration:[79.23524ms]
2025/05/21 05:39:42 worker:[0] reqid:[12071] qname:[x.com.] qtype:[A] respid:[12071] rcode:[NOERROR] respflags:[qr rd ra] err:[<nil>] duration:[77.43786ms]
2025/05/21 05:39:42 worker:[0] reqid:[63432] qname:[amazon.com.] qtype:[A] respid:[63432] rcode:[NOERROR] respflags:[qr rd ra] err:[<nil>] duration:[77.197319ms]
2025/05/21 05:39:42 worker:[0] reqid:[20934] qname:[tiktok.com.] qtype:[A] respid:[20934] rcode:[NOERROR] respflags:[qr rd ra] err:[<nil>] duration:[76.896639ms]
2025/05/21 05:39:42 worker:[0] reqid:[59191] qname:[whatsapp.com.] qtype:[A] respid:[59191] rcode:[NOERROR] respflags:[qr rd ra] err:[<nil>] duration:[77.200236ms]
2025/05/21 05:39:43 worker:[0] reqid:[63581] qname:[yahoo.com.] qtype:[A] respid:[63581] rcode:[NOERROR] respflags:[qr rd ra] err:[<nil>] duration:[76.415731ms]
2025/05/21 05:39:43 worker:[0] reqid:[31032] qname:[google.com.] qtype:[A] respid:[31032] rcode:[NOERROR] respflags:[qr rd ra] err:[<nil>] duration:[78.893088ms]
2025/05/21 05:39:43 worker:[0] reqid:[59546] qname:[googleusercontent.com.] qtype:[A] respid:[59546] rcode:[NOERROR] respflags:[qr rd ra] err:[<nil>] duration:[79.233885ms]
2025/05/21 05:39:43 worker:[0] reqid:[2505] qname:[facebook.com.] qtype:[A] respid:[2505] rcode:[NOERROR] respflags:[qr rd ra] err:[<nil>] duration:[83.015914ms]
2025/05/21 05:39:43 worker:[0] reqid:[43823] qname:[instagram.com.] qtype:[A] respid:[43823] rcode:[NOERROR] respflags:[qr rd ra] err:[<nil>] duration:[78.008591ms]
2025/05/21 05:39:43 worker:[0] reqid:[59800] qname:[wikipedia.org.] qtype:[A] respid:[59800] rcode:[NOERROR] respflags:[qr rd ra] err:[<nil>] duration:[78.818245ms]
2025/05/21 05:39:43 worker:[0] reqid:[4687] qname:[x.com.] qtype:[A] respid:[4687] rcode:[NOERROR] respflags:[qr rd ra] err:[<nil>] duration:[80.485519ms]
2025/05/21 05:39:43 worker:[0] reqid:[55973] qname:[amazon.com.] qtype:[A] respid:[55973] rcode:[NOERROR] respflags:[qr rd ra] err:[<nil>] duration:[81.067118ms]
2025/05/21 05:39:43 worker:[0] reqid:[17654] qname:[tiktok.com.] qtype:[A] respid:[17654] rcode:[NOERROR] respflags:[qr rd ra] err:[<nil>] duration:[76.311653ms]
2025/05/21 05:39:43 worker:[0] reqid:[46291] qname:[whatsapp.com.] qtype:[A] respid:[46291] rcode:[NOERROR] respflags:[qr rd ra] err:[<nil>] duration:[78.176533ms]
2025/05/21 05:39:44 worker:[0] reqid:[30107] qname:[yahoo.com.] qtype:[A] respid:[30107] rcode:[NOERROR] respflags:[qr rd ra] err:[<nil>] duration:[285.318979ms]
2025/05/21 05:39:44 worker:[0] reqid:[34244] qname:[google.com.] qtype:[A] respid:[34244] rcode:[NOERROR] respflags:[qr rd ra] err:[<nil>] duration:[77.406579ms]
2025/05/21 05:39:44 worker:[0] reqid:[16959] qname:[googleusercontent.com.] qtype:[A] respid:[16959] rcode:[NOERROR] respflags:[qr rd ra] err:[<nil>] duration:[76.589943ms]
2025/05/21 05:39:44 worker:[0] reqid:[28932] qname:[facebook.com.] qtype:[A] respid:[28932] rcode:[NOERROR] respflags:[qr rd ra] err:[<nil>] duration:[77.082613ms]
2025/05/21 05:39:44 worker:[0] reqid:[49468] qname:[instagram.com.] qtype:[A] respid:[49468] rcode:[NOERROR] respflags:[qr rd ra] err:[<nil>] duration:[81.262913ms]
2025/05/21 05:39:44 worker:[0] reqid:[4785] qname:[wikipedia.org.] qtype:[A] respid:[4785] rcode:[NOERROR] respflags:[qr rd ra] err:[<nil>] duration:[78.410638ms]
2025/05/21 05:39:44 worker:[0] reqid:[8155] qname:[x.com.] qtype:[A] respid:[8155] rcode:[NOERROR] respflags:[qr rd ra] err:[<nil>] duration:[81.820451ms]
2025/05/21 05:39:44 worker:[0] reqid:[38033] qname:[amazon.com.] qtype:[A] respid:[38033] rcode:[NOERROR] respflags:[qr rd ra] err:[<nil>] duration:[81.08534ms]
2025/05/21 05:39:44 worker:[0] reqid:[18713] qname:[tiktok.com.] qtype:[A] respid:[18713] rcode:[NOERROR] respflags:[qr rd ra] err:[<nil>] duration:[77.295206ms]
2025/05/21 05:39:44 worker:[0] reqid:[11615] qname:[whatsapp.com.] qtype:[A] respid:[11615] rcode:[NOERROR] respflags:[qr rd ra] err:[<nil>] duration:[77.392052ms]
2025/05/21 05:39:45 worker:[0] reqid:[41037] qname:[yahoo.com.] qtype:[A] respid:[41037] rcode:[NOERROR] respflags:[qr rd ra] err:[<nil>] duration:[287.198307ms]
2025/05/21 05:39:45 worker:[0] reqid:[49942] qname:[google.com.] qtype:[A] respid:[49942] rcode:[NOERROR] respflags:[qr rd ra] err:[<nil>] duration:[494.501092ms]
2025/05/21 05:39:45 worker:[0] reqid:[17778] qname:[googleusercontent.com.] qtype:[A] respid:[17778] rcode:[NOERROR] respflags:[qr rd ra] err:[<nil>] duration:[82.020328ms]
2025/05/21 05:39:45 worker:[0] reqid:[15358] qname:[facebook.com.] qtype:[A] respid:[15358] rcode:[NOERROR] respflags:[qr rd ra] err:[<nil>] duration:[78.552354ms]
2025/05/21 05:39:45 worker:[0] reqid:[16353] qname:[instagram.com.] qtype:[A] respid:[16353] rcode:[NOERROR] respflags:[qr rd ra] err:[<nil>] duration:[287.019313ms]
2025/05/21 05:39:46 worker:[0] reqid:[56999] qname:[wikipedia.org.] qtype:[A] respid:[56999] rcode:[NOERROR] respflags:[qr rd ra] err:[<nil>] duration:[77.520464ms]
2025/05/21 05:39:46 worker:[0] reqid:[51478] qname:[x.com.] qtype:[A] respid:[51478] rcode:[NOERROR] respflags:[qr rd ra] err:[<nil>] duration:[78.841736ms]
2025/05/21 05:39:46 worker:[0] reqid:[59297] qname:[amazon.com.] qtype:[A] respid:[59297] rcode:[NOERROR] respflags:[qr rd ra] err:[<nil>] duration:[78.582331ms]
2025/05/21 05:39:46 worker:[0] reqid:[58606] qname:[tiktok.com.] qtype:[A] respid:[58606] rcode:[NOERROR] respflags:[qr rd ra] err:[<nil>] duration:[78.014147ms]
2025/05/21 05:39:46 worker:[0] reqid:[40040] qname:[whatsapp.com.] qtype:[A] respid:[40040] rcode:[NOERROR] respflags:[qr rd ra] err:[<nil>] duration:[77.071194ms]
2025/05/21 05:39:46 worker:[0] reqid:[455] qname:[yahoo.com.] qtype:[A] respid:[455] rcode:[NOERROR] respflags:[qr rd ra] err:[<nil>] duration:[285.236069ms]
2025/05/21 05:39:47 worker:[0] reqid:[12222] qname:[google.com.] qtype:[A] respid:[12222] rcode:[NOERROR] respflags:[qr rd ra] err:[<nil>] duration:[506.249547ms]
2025/05/21 05:39:48 worker:[0] reqid:[33123] qname:[googleusercontent.com.] qtype:[A] respid:[33123] rcode:[NOERROR] respflags:[qr rd ra] err:[<nil>] duration:[909.571599ms]
2025/05/21 05:39:48 worker:[0] reqid:[40709] qname:[facebook.com.] qtype:[A] respid:[40709] rcode:[NOERROR] respflags:[qr rd ra] err:[<nil>] duration:[78.802148ms]
2025/05/21 05:39:48 worker:[0] reqid:[21954] qname:[instagram.com.] qtype:[A] respid:[21954] rcode:[NOERROR] respflags:[qr rd ra] err:[<nil>] duration:[80.125865ms]
2025/05/21 05:39:48 worker:[0] reqid:[61192] qname:[wikipedia.org.] qtype:[A] respid:[61192] rcode:[NOERROR] respflags:[qr rd ra] err:[<nil>] duration:[77.075196ms]
2025/05/21 05:39:48 worker:[0] reqid:[13992] qname:[x.com.] qtype:[A] respid:[13992] rcode:[NOERROR] respflags:[qr rd ra] err:[<nil>] duration:[77.305955ms]
2025/05/21 05:39:48 worker:[0] reqid:[45924] qname:[amazon.com.] qtype:[A] respid:[45924] rcode:[NOERROR] respflags:[qr rd ra] err:[<nil>] duration:[283.16426ms]
2025/05/21 05:39:48 worker:[0] reqid:[54311] qname:[tiktok.com.] qtype:[A] respid:[54311] rcode:[NOERROR] respflags:[qr rd ra] err:[<nil>] duration:[76.558401ms]
2025/05/21 05:39:49 worker:[0] reqid:[47949] qname:[whatsapp.com.] qtype:[A] respid:[47949] rcode:[NOERROR] respflags:[qr rd ra] err:[<nil>] duration:[719.519756ms]
2025/05/21 05:39:50 worker:[0] reqid:[14955] qname:[yahoo.com.] qtype:[A] respid:[14955] rcode:[NOERROR] respflags:[qr rd ra] err:[<nil>] duration:[895.530097ms]
2025/05/21 05:39:50 worker:[0] reqid:[10029] qname:[google.com.] qtype:[A] respid:[10029] rcode:[NOERROR] respflags:[qr rd ra] err:[<nil>] duration:[77.00863ms]
2025/05/21 05:39:50 worker:[0] reqid:[14063] qname:[googleusercontent.com.] qtype:[A] respid:[14063] rcode:[NOERROR] respflags:[qr rd ra] err:[<nil>] duration:[77.837615ms]
2025/05/21 05:39:50 worker:[0] reqid:[30062] qname:[facebook.com.] qtype:[A] respid:[30062] rcode:[NOERROR] respflags:[qr rd ra] err:[<nil>] duration:[77.416305ms]
2025/05/21 05:39:50 worker:[0] reqid:[55990] qname:[instagram.com.] qtype:[A] respid:[55990] rcode:[NOERROR] respflags:[qr rd ra] err:[<nil>] duration:[121.071396ms]
2025/05/21 05:39:50 worker:[0] reqid:[48] qname:[wikipedia.org.] qtype:[A] respid:[48] rcode:[NOERROR] respflags:[qr rd ra] err:[<nil>] duration:[179.306865ms]
2025/05/21 05:39:51 worker:[0] reqid:[48802] qname:[x.com.] qtype:[A] respid:[48802] rcode:[NOERROR] respflags:[qr rd ra] err:[<nil>] duration:[721.597654ms]
2025/05/21 05:39:51 worker:[0] reqid:[40895] qname:[amazon.com.] qtype:[A] respid:[40895] rcode:[NOERROR] respflags:[qr rd ra] err:[<nil>] duration:[79.432091ms]
2025/05/21 05:39:51 worker:[0] reqid:[64265] qname:[tiktok.com.] qtype:[A] respid:[64265] rcode:[NOERROR] respflags:[qr rd ra] err:[<nil>] duration:[84.022644ms]
2025/05/21 05:39:51 worker:[0] reqid:[41637] qname:[whatsapp.com.] qtype:[A] respid:[41637] rcode:[NOERROR] respflags:[qr rd ra] err:[<nil>] duration:[76.799943ms]
2025/05/21 05:39:51 worker:[0] reqid:[43818] qname:[yahoo.com.] qtype:[A] respid:[43818] rcode:[NOERROR] respflags:[qr rd ra] err:[<nil>] duration:[77.380059ms]
2025/05/21 05:39:52 worker:[0] reqid:[63743] qname:[google.com.] qtype:[A] respid:[63743] rcode:[NOERROR] respflags:[qr rd ra] err:[<nil>] duration:[282.108123ms]
2025/05/21 05:39:53 worker:[0] reqid:[61537] qname:[googleusercontent.com.] qtype:[A] respid:[61537] rcode:[NOERROR] respflags:[qr rd ra] err:[<nil>] duration:[1.352575229s]
2025/05/21 05:39:53 worker:[0] reqid:[57172] qname:[facebook.com.] qtype:[A] respid:[57172] rcode:[NOERROR] respflags:[qr rd ra] err:[<nil>] duration:[77.846719ms]
2025/05/21 05:39:53 worker:[0] reqid:[31398] qname:[instagram.com.] qtype:[A] respid:[31398] rcode:[NOERROR] respflags:[qr rd ra] err:[<nil>] duration:[80.595881ms]
2025/05/21 05:39:53 worker:[0] reqid:[20215] qname:[wikipedia.org.] qtype:[A] respid:[20215] rcode:[NOERROR] respflags:[qr rd ra] err:[<nil>] duration:[81.108798ms]
2025/05/21 05:39:53 worker:[0] reqid:[24366] qname:[x.com.] qtype:[A] respid:[24366] rcode:[NOERROR] respflags:[qr rd ra] err:[<nil>] duration:[78.069036ms]
2025/05/21 05:39:53 worker:[0] reqid:[60892] qname:[amazon.com.] qtype:[A] respid:[60892] rcode:[NOERROR] respflags:[qr rd ra] err:[<nil>] duration:[76.660714ms]
2025/05/21 05:39:54 worker:[0] reqid:[57983] qname:[tiktok.com.] qtype:[A] respid:[57983] rcode:[NOERROR] respflags:[qr rd ra] err:[<nil>] duration:[79.344789ms]
2025/05/21 05:39:54 worker:[0] reqid:[1362] qname:[whatsapp.com.] qtype:[A] respid:[1362] rcode:[NOERROR] respflags:[qr rd ra] err:[<nil>] duration:[78.073829ms]
2025/05/21 05:39:54 worker:[0] reqid:[15618] qname:[yahoo.com.] qtype:[A] respid:[15618] rcode:[NOERROR] respflags:[qr rd ra] err:[<nil>] duration:[76.760715ms]
2025/05/21 05:39:54 worker:[0] reqid:[24379] qname:[google.com.] qtype:[A] respid:[24379] rcode:[NOERROR] respflags:[qr rd ra] err:[<nil>] duration:[76.152341ms]
2025/05/21 05:39:54 worker:[0] reqid:[3983] qname:[googleusercontent.com.] qtype:[A] respid:[3983] rcode:[NOERROR] respflags:[qr rd ra] err:[<nil>] duration:[78.679575ms]
2025/05/21 05:39:54 worker:[0] reqid:[21389] qname:[facebook.com.] qtype:[A] respid:[21389] rcode:[NOERROR] respflags:[qr rd ra] err:[<nil>] duration:[80.876907ms]
2025/05/21 05:39:54 worker:[0] reqid:[24711] qname:[instagram.com.] qtype:[A] respid:[24711] rcode:[NOERROR] respflags:[qr rd ra] err:[<nil>] duration:[284.209407ms]
2025/05/21 05:39:54 worker:[0] reqid:[14265] qname:[wikipedia.org.] qtype:[A] respid:[14265] rcode:[NOERROR] respflags:[qr rd ra] err:[<nil>] duration:[76.983395ms]
2025/05/21 05:39:54 worker:[0] reqid:[11822] qname:[x.com.] qtype:[A] respid:[11822] rcode:[NOERROR] respflags:[qr rd ra] err:[<nil>] duration:[76.423032ms]
2025/05/21 05:39:55 worker:[0] reqid:[7412] qname:[amazon.com.] qtype:[A] respid:[7412] rcode:[NOERROR] respflags:[qr rd ra] err:[<nil>] duration:[285.768477ms]
2025/05/21 05:39:55 worker:[0] reqid:[6684] qname:[tiktok.com.] qtype:[A] respid:[6684] rcode:[NOERROR] respflags:[qr rd ra] err:[<nil>] duration:[76.660946ms]
2025/05/21 05:39:55 worker:[0] reqid:[22729] qname:[whatsapp.com.] qtype:[A] respid:[22729] rcode:[NOERROR] respflags:[qr rd ra] err:[<nil>] duration:[75.595054ms]
2025/05/21 05:39:55 worker:[0] reqid:[21363] qname:[yahoo.com.] qtype:[A] respid:[21363] rcode:[NOERROR] respflags:[qr rd ra] err:[<nil>] duration:[78.556433ms]
2025/05/21 05:39:55 worker:[0] reqid:[32298] qname:[google.com.] qtype:[A] respid:[32298] rcode:[NOERROR] respflags:[qr rd ra] err:[<nil>] duration:[81.0296ms]
2025/05/21 05:39:55 worker:[0] reqid:[18614] qname:[googleusercontent.com.] qtype:[A] respid:[18614] rcode:[NOERROR] respflags:[qr rd ra] err:[<nil>] duration:[77.880853ms]
2025/05/21 05:39:55 worker:[0] reqid:[32405] qname:[facebook.com.] qtype:[A] respid:[32405] rcode:[NOERROR] respflags:[qr rd ra] err:[<nil>] duration:[284.842428ms]
2025/05/21 05:39:55 worker:[0] reqid:[3354] qname:[instagram.com.] qtype:[A] respid:[3354] rcode:[NOERROR] respflags:[qr rd ra] err:[<nil>] duration:[80.550166ms]
2025/05/21 05:39:55 worker:[0] reqid:[51429] qname:[wikipedia.org.] qtype:[A] respid:[51429] rcode:[NOERROR] respflags:[qr rd ra] err:[<nil>] duration:[83.904172ms]
2025/05/21 05:39:56 worker:[0] reqid:[30373] qname:[x.com.] qtype:[A] respid:[30373] rcode:[NOERROR] respflags:[qr rd ra] err:[<nil>] duration:[82.797849ms]
2025/05/21 05:39:56 worker:[0] reqid:[15163] qname:[amazon.com.] qtype:[A] respid:[15163] rcode:[NOERROR] respflags:[qr rd ra] err:[<nil>] duration:[86.167078ms]
2025/05/21 05:39:56 worker:[0] reqid:[8436] qname:[tiktok.com.] qtype:[A] respid:[8436] rcode:[NOERROR] respflags:[qr rd ra] err:[<nil>] duration:[717.241916ms]
2025/05/21 05:39:56 worker:[0] reqid:[18774] qname:[whatsapp.com.] qtype:[A] respid:[18774] rcode:[NOERROR] respflags:[qr rd ra] err:[<nil>] duration:[77.104344ms]
2025/05/21 05:39:57 worker:[0] reqid:[17555] qname:[yahoo.com.] qtype:[A] respid:[17555] rcode:[NOERROR] respflags:[qr rd ra] err:[<nil>] duration:[76.399445ms]
2025/05/21 05:39:57 worker:[0] reqid:[39039] qname:[google.com.] qtype:[A] respid:[39039] rcode:[NOERROR] respflags:[qr rd ra] err:[<nil>] duration:[288.557319ms]
2025/05/21 05:39:57 worker:[0] reqid:[29967] qname:[googleusercontent.com.] qtype:[A] respid:[29967] rcode:[NOERROR] respflags:[qr rd ra] err:[<nil>] duration:[77.565379ms]
2025/05/21 05:39:57 worker:[0] reqid:[6148] qname:[facebook.com.] qtype:[A] respid:[6148] rcode:[NOERROR] respflags:[qr rd ra] err:[<nil>] duration:[76.908169ms]
2025/05/21 05:39:57 worker:[0] reqid:[55137] qname:[instagram.com.] qtype:[A] respid:[55137] rcode:[NOERROR] respflags:[qr rd ra] err:[<nil>] duration:[282.981187ms]
2025/05/21 05:39:57 worker:[0] reqid:[34145] qname:[wikipedia.org.] qtype:[A] respid:[34145] rcode:[NOERROR] respflags:[qr rd ra] err:[<nil>] duration:[77.450715ms]
2025/05/21 05:39:57 worker:[0] reqid:[7770] qname:[x.com.] qtype:[A] respid:[7770] rcode:[NOERROR] respflags:[qr rd ra] err:[<nil>] duration:[89.900688ms]
2025/05/21 05:39:57 worker:[0] reqid:[54831] qname:[amazon.com.] qtype:[A] respid:[54831] rcode:[NOERROR] respflags:[qr rd ra] err:[<nil>] duration:[86.186278ms]
2025/05/21 05:39:58 worker:[0] reqid:[28179] qname:[tiktok.com.] qtype:[A] respid:[28179] rcode:[NOERROR] respflags:[qr rd ra] err:[<nil>] duration:[77.15165ms]
2025/05/21 05:39:58 worker:[0] reqid:[8567] qname:[whatsapp.com.] qtype:[A] respid:[8567] rcode:[NOERROR] respflags:[qr rd ra] err:[<nil>] duration:[78.817314ms]
2025/05/21 05:39:58 worker:[0] reqid:[62330] qname:[yahoo.com.] qtype:[A] respid:[62330] rcode:[NOERROR] respflags:[qr rd ra] err:[<nil>] duration:[77.569419ms]
2025/05/21 05:39:58 worker:[0] reqid:[7180] qname:[google.com.] qtype:[A] respid:[7180] rcode:[NOERROR] respflags:[qr rd ra] err:[<nil>] duration:[77.554565ms]
2025/05/21 05:39:58 worker:[0] reqid:[41270] qname:[googleusercontent.com.] qtype:[A] respid:[41270] rcode:[NOERROR] respflags:[qr rd ra] err:[<nil>] duration:[77.514601ms]
2025/05/21 05:39:58 worker:[0] reqid:[46656] qname:[facebook.com.] qtype:[A] respid:[46656] rcode:[NOERROR] respflags:[qr rd ra] err:[<nil>] duration:[80.133614ms]
2025/05/21 05:39:58 worker:[0] reqid:[55830] qname:[instagram.com.] qtype:[A] respid:[55830] rcode:[NOERROR] respflags:[qr rd ra] err:[<nil>] duration:[78.813734ms]
2025/05/21 05:39:58 worker:[0] reqid:[45830] qname:[wikipedia.org.] qtype:[A] respid:[45830] rcode:[NOERROR] respflags:[qr rd ra] err:[<nil>] duration:[78.260734ms]
2025/05/21 05:39:58 worker:[0] reqid:[21339] qname:[x.com.] qtype:[A] respid:[21339] rcode:[NOERROR] respflags:[qr rd ra] err:[<nil>] duration:[76.699907ms]
2025/05/21 05:39:58 worker:[0] reqid:[30648] qname:[amazon.com.] qtype:[A] respid:[30648] rcode:[NOERROR] respflags:[qr rd ra] err:[<nil>] duration:[94.858979ms]
2025/05/21 05:39:58 worker:[0] reqid:[42014] qname:[tiktok.com.] qtype:[A] respid:[42014] rcode:[NOERROR] respflags:[qr rd ra] err:[<nil>] duration:[78.4833ms]
2025/05/21 05:39:58 worker:[0] reqid:[17086] qname:[whatsapp.com.] qtype:[A] respid:[17086] rcode:[NOERROR] respflags:[qr rd ra] err:[<nil>] duration:[78.064245ms]
2025/05/21 05:39:59 worker:[0] reqid:[59625] qname:[yahoo.com.] qtype:[A] respid:[59625] rcode:[NOERROR] respflags:[qr rd ra] err:[<nil>] duration:[76.943224ms]
2025/05/21 05:39:59 worker:[0] reqid:[11625] qname:[google.com.] qtype:[A] respid:[11625] rcode:[NOERROR] respflags:[qr rd ra] err:[<nil>] duration:[78.287294ms]
2025/05/21 05:39:59 worker:[0] reqid:[63496] qname:[googleusercontent.com.] qtype:[A] respid:[63496] rcode:[NOERROR] respflags:[qr rd ra] err:[<nil>] duration:[78.032329ms]
2025/05/21 05:39:59 worker:[0] reqid:[35571] qname:[facebook.com.] qtype:[A] respid:[35571] rcode:[NOERROR] respflags:[qr rd ra] err:[<nil>] duration:[76.885923ms]
2025/05/21 05:39:59 worker:[0] reqid:[64328] qname:[instagram.com.] qtype:[A] respid:[64328] rcode:[NOERROR] respflags:[qr rd ra] err:[<nil>] duration:[85.851425ms]
2025/05/21 05:39:59 worker:[0] reqid:[41370] qname:[wikipedia.org.] qtype:[A] respid:[41370] rcode:[NOERROR] respflags:[qr rd ra] err:[<nil>] duration:[78.938302ms]
2025/05/21 05:39:59 worker:[0] reqid:[60060] qname:[x.com.] qtype:[A] respid:[60060] rcode:[NOERROR] respflags:[qr rd ra] err:[<nil>] duration:[78.070519ms]
2025/05/21 05:39:59 worker:[0] reqid:[64658] qname:[amazon.com.] qtype:[A] respid:[64658] rcode:[NOERROR] respflags:[qr rd ra] err:[<nil>] duration:[75.969999ms]
2025/05/21 05:39:59 worker:[0] reqid:[20108] qname:[tiktok.com.] qtype:[A] respid:[20108] rcode:[NOERROR] respflags:[qr rd ra] err:[<nil>] duration:[76.759072ms]
2025/05/21 05:39:59 worker:[0] reqid:[63683] qname:[whatsapp.com.] qtype:[A] respid:[63683] rcode:[NOERROR] respflags:[qr rd ra] err:[<nil>] duration:[78.624916ms]
2025/05/21 05:40:00 worker:[0] reqid:[18036] qname:[yahoo.com.] qtype:[A] respid:[18036] rcode:[NOERROR] respflags:[qr rd ra] err:[<nil>] duration:[303.525731ms]
2025/05/21 05:40:00 worker:[0] reqid:[40185] qname:[google.com.] qtype:[A] respid:[40185] rcode:[NOERROR] respflags:[qr rd ra] err:[<nil>] duration:[143.313171ms]
2025/05/21 05:40:00 worker:[0] reqid:[23951] qname:[googleusercontent.com.] qtype:[A] respid:[23951] rcode:[NOERROR] respflags:[qr rd ra] err:[<nil>] duration:[282.848642ms]
2025/05/21 05:40:00 worker:[0] reqid:[35574] qname:[facebook.com.] qtype:[A] respid:[35574] rcode:[NOERROR] respflags:[qr rd ra] err:[<nil>] duration:[77.796464ms]
2025/05/21 05:40:00 worker:[0] reqid:[41785] qname:[instagram.com.] qtype:[A] respid:[41785] rcode:[NOERROR] respflags:[qr rd ra] err:[<nil>] duration:[77.715392ms]
2025/05/21 05:40:00 worker:[0] reqid:[5514] qname:[wikipedia.org.] qtype:[A] respid:[5514] rcode:[NOERROR] respflags:[qr rd ra] err:[<nil>] duration:[78.370203ms]
2025/05/21 05:40:00 worker:[0] reqid:[35378] qname:[x.com.] qtype:[A] respid:[35378] rcode:[NOERROR] respflags:[qr rd ra] err:[<nil>] duration:[78.877085ms]
2025/05/21 05:40:00 worker:[0] reqid:[64983] qname:[amazon.com.] qtype:[A] respid:[64983] rcode:[NOERROR] respflags:[qr rd ra] err:[<nil>] duration:[76.407819ms]
2025/05/21 05:40:00 worker:[0] reqid:[21653] qname:[tiktok.com.] qtype:[A] respid:[21653] rcode:[NOERROR] respflags:[qr rd ra] err:[<nil>] duration:[76.783089ms]
2025/05/21 05:40:01 worker:[0] reqid:[12443] qname:[whatsapp.com.] qtype:[A] respid:[12443] rcode:[NOERROR] respflags:[qr rd ra] err:[<nil>] duration:[77.403786ms]
2025/05/21 05:40:01 worker:[0] reqid:[34324] qname:[yahoo.com.] qtype:[A] respid:[34324] rcode:[NOERROR] respflags:[qr rd ra] err:[<nil>] duration:[77.585577ms]
2025/05/21 05:40:01 worker:[0] reqid:[4993] qname:[google.com.] qtype:[A] respid:[4993] rcode:[NOERROR] respflags:[qr rd ra] err:[<nil>] duration:[78.653343ms]
2025/05/21 05:40:01 worker:[0] reqid:[16147] qname:[googleusercontent.com.] qtype:[A] respid:[16147] rcode:[NOERROR] respflags:[qr rd ra] err:[<nil>] duration:[80.937525ms]
2025/05/21 05:40:01 worker:[0] reqid:[10635] qname:[facebook.com.] qtype:[A] respid:[10635] rcode:[NOERROR] respflags:[qr rd ra] err:[<nil>] duration:[299.208202ms]
2025/05/21 05:40:01 worker:[0] reqid:[30631] qname:[instagram.com.] qtype:[A] respid:[30631] rcode:[NOERROR] respflags:[qr rd ra] err:[<nil>] duration:[77.353653ms]
2025/05/21 05:40:01 worker:[0] reqid:[36600] qname:[wikipedia.org.] qtype:[A] respid:[36600] rcode:[NOERROR] respflags:[qr rd ra] err:[<nil>] duration:[76.639771ms]
2025/05/21 05:40:01 worker:[0] reqid:[13166] qname:[x.com.] qtype:[A] respid:[13166] rcode:[NOERROR] respflags:[qr rd ra] err:[<nil>] duration:[76.970293ms]
2025/05/21 05:40:01 worker:[0] reqid:[17879] qname:[amazon.com.] qtype:[A] respid:[17879] rcode:[NOERROR] respflags:[qr rd ra] err:[<nil>] duration:[82.263523ms]
2025/05/21 05:40:01 worker:[0] reqid:[29888] qname:[tiktok.com.] qtype:[A] respid:[29888] rcode:[NOERROR] respflags:[qr rd ra] err:[<nil>] duration:[79.107515ms]
2025/05/21 05:40:02 worker:[0] reqid:[62092] qname:[whatsapp.com.] qtype:[A] respid:[62092] rcode:[NOERROR] respflags:[qr rd ra] err:[<nil>] duration:[77.223009ms]
2025/05/21 05:40:02 worker:[0] reqid:[46360] qname:[yahoo.com.] qtype:[A] respid:[46360] rcode:[NOERROR] respflags:[qr rd ra] err:[<nil>] duration:[285.007918ms]
2025/05/21 05:40:02 worker:[0] reqid:[45518] qname:[google.com.] qtype:[A] respid:[45518] rcode:[NOERROR] respflags:[qr rd ra] err:[<nil>] duration:[78.700992ms]
2025/05/21 05:40:02 worker:[0] reqid:[55081] qname:[googleusercontent.com.] qtype:[A] respid:[55081] rcode:[NOERROR] respflags:[qr rd ra] err:[<nil>] duration:[77.405361ms]
2025/05/21 05:40:02 worker:[0] reqid:[32061] qname:[facebook.com.] qtype:[A] respid:[32061] rcode:[NOERROR] respflags:[qr rd ra] err:[<nil>] duration:[86.786444ms]
2025/05/21 05:40:02 worker:[0] reqid:[11196] qname:[instagram.com.] qtype:[A] respid:[11196] rcode:[NOERROR] respflags:[qr rd ra] err:[<nil>] duration:[76.359753ms]
2025/05/21 05:40:02 worker:[0] reqid:[44094] qname:[wikipedia.org.] qtype:[A] respid:[44094] rcode:[NOERROR] respflags:[qr rd ra] err:[<nil>] duration:[78.064242ms]
2025/05/21 05:40:03 worker:[0] reqid:[38263] qname:[x.com.] qtype:[A] respid:[38263] rcode:[NOERROR] respflags:[qr rd ra] err:[<nil>] duration:[717.425624ms]
2025/05/21 05:40:04 worker:[0] reqid:[6270] qname:[amazon.com.] qtype:[A] respid:[6270] rcode:[NOERROR] respflags:[qr rd ra] err:[<nil>] duration:[895.376668ms]
2025/05/21 05:40:04 worker:[0] reqid:[27096] qname:[tiktok.com.] qtype:[A] respid:[27096] rcode:[NOERROR] respflags:[qr rd ra] err:[<nil>] duration:[82.316005ms]
2025/05/21 05:40:04 worker:[0] reqid:[35609] qname:[whatsapp.com.] qtype:[A] respid:[35609] rcode:[NOERROR] respflags:[qr rd ra] err:[<nil>] duration:[83.6678ms]
2025/05/21 05:40:04 worker:[0] reqid:[5403] qname:[yahoo.com.] qtype:[A] respid:[5403] rcode:[NOERROR] respflags:[qr rd ra] err:[<nil>] duration:[77.524032ms]
2025/05/21 05:40:04 worker:[0] reqid:[17012] qname:[google.com.] qtype:[A] respid:[17012] rcode:[NOERROR] respflags:[qr rd ra] err:[<nil>] duration:[76.048807ms]
2025/05/21 05:40:04 worker:[0] reqid:[4858] qname:[googleusercontent.com.] qtype:[A] respid:[4858] rcode:[NOERROR] respflags:[qr rd ra] err:[<nil>] duration:[76.839354ms]
2025/05/21 05:40:04 worker:[0] reqid:[18151] qname:[facebook.com.] qtype:[A] respid:[18151] rcode:[NOERROR] respflags:[qr rd ra] err:[<nil>] duration:[76.364961ms]
2025/05/21 05:40:04 worker:[0] reqid:[26203] qname:[instagram.com.] qtype:[A] respid:[26203] rcode:[NOERROR] respflags:[qr rd ra] err:[<nil>] duration:[80.733796ms]
2025/05/21 05:40:05 worker:[0] reqid:[59744] qname:[wikipedia.org.] qtype:[A] respid:[59744] rcode:[NOERROR] respflags:[qr rd ra] err:[<nil>] duration:[283.282468ms]
2025/05/21 05:40:05 worker:[0] reqid:[44033] qname:[x.com.] qtype:[A] respid:[44033] rcode:[NOERROR] respflags:[qr rd ra] err:[<nil>] duration:[76.403457ms]
2025/05/21 05:40:05 worker:[0] reqid:[44690] qname:[amazon.com.] qtype:[A] respid:[44690] rcode:[NOERROR] respflags:[qr rd ra] err:[<nil>] duration:[75.556ms]
2025/05/21 05:40:05 worker:[0] reqid:[38038] qname:[tiktok.com.] qtype:[A] respid:[38038] rcode:[NOERROR] respflags:[qr rd ra] err:[<nil>] duration:[77.059421ms]
2025/05/21 05:40:05 worker:[0] reqid:[47841] qname:[whatsapp.com.] qtype:[A] respid:[47841] rcode:[NOERROR] respflags:[qr rd ra] err:[<nil>] duration:[81.29337ms]
2025/05/21 05:40:05 worker:[0] reqid:[26047] qname:[yahoo.com.] qtype:[A] respid:[26047] rcode:[NOERROR] respflags:[qr rd ra] err:[<nil>] duration:[77.713122ms]
2025/05/21 05:40:05 worker:[0] reqid:[27664] qname:[google.com.] qtype:[A] respid:[27664] rcode:[NOERROR] respflags:[qr rd ra] err:[<nil>] duration:[76.35025ms]
2025/05/21 05:40:05 worker:[0] reqid:[6518] qname:[googleusercontent.com.] qtype:[A] respid:[6518] rcode:[NOERROR] respflags:[qr rd ra] err:[<nil>] duration:[77.068322ms]
2025/05/21 05:40:05 worker:[0] reqid:[37627] qname:[facebook.com.] qtype:[A] respid:[37627] rcode:[NOERROR] respflags:[qr rd ra] err:[<nil>] duration:[76.415569ms]
2025/05/21 05:40:06 worker:[0] reqid:[58920] qname:[instagram.com.] qtype:[A] respid:[58920] rcode:[NOERROR] respflags:[qr rd ra] err:[<nil>] duration:[284.883242ms]
2025/05/21 05:40:06 worker:[0] reqid:[56733] qname:[wikipedia.org.] qtype:[A] respid:[56733] rcode:[NOERROR] respflags:[qr rd ra] err:[<nil>] duration:[78.447781ms]
2025/05/21 05:40:06 worker:[0] reqid:[61619] qname:[x.com.] qtype:[A] respid:[61619] rcode:[NOERROR] respflags:[qr rd ra] err:[<nil>] duration:[77.487473ms]
2025/05/21 05:40:11 worker:[0] reqid:[14363] qname:[amazon.com.] qtype:[A] respid:[<nil>] rcode:[<nil>] respflags:[<nil>] err:[read tcp 192.168.83.137:45682->94.140.14.49:853: i/o timeout] duration:[5.001491308s]
2025/05/21 05:40:16 worker:[0] reqid:[12935] qname:[tiktok.com.] qtype:[A] respid:[<nil>] rcode:[<nil>] respflags:[<nil>] err:[dial tcp: lookup 245cca3b.d.adguard-dns.com: i/o timeout] duration:[5.005409784s]
2025/05/21 05:40:21 worker:[0] reqid:[64556] qname:[whatsapp.com.] qtype:[A] respid:[<nil>] rcode:[<nil>] respflags:[<nil>] err:[dial tcp: lookup 245cca3b.d.adguard-dns.com: i/o timeout] duration:[5.00052139s]
2025/05/21 05:40:26 worker:[0] reqid:[9792] qname:[yahoo.com.] qtype:[A] respid:[<nil>] rcode:[<nil>] respflags:[<nil>] err:[dial tcp: lookup 245cca3b.d.adguard-dns.com: i/o timeout] duration:[5.001097792s]
2025/05/21 05:40:31 worker:[0] reqid:[12229] qname:[google.com.] qtype:[A] respid:[<nil>] rcode:[<nil>] respflags:[<nil>] err:[dial tcp: lookup 245cca3b.d.adguard-dns.com: i/o timeout] duration:[5.00504778s]
2025/05/21 05:40:36 worker:[0] reqid:[17982] qname:[googleusercontent.com.] qtype:[A] respid:[<nil>] rcode:[<nil>] respflags:[<nil>] err:[dial tcp: lookup 245cca3b.d.adguard-dns.com: i/o timeout] duration:[5.003084854s]
2025/05/21 05:40:37 worker:[0] reqid:[45400] qname:[facebook.com.] qtype:[A] respid:[45400] rcode:[NOERROR] respflags:[qr rd ra] err:[<nil>] duration:[1.181153556s]
2025/05/21 05:40:37 worker:[0] reqid:[17271] qname:[instagram.com.] qtype:[A] respid:[17271] rcode:[NOERROR] respflags:[qr rd ra] err:[<nil>] duration:[89.351896ms]
2025/05/21 05:40:37 worker:[0] reqid:[6498] qname:[wikipedia.org.] qtype:[A] respid:[6498] rcode:[NOERROR] respflags:[qr rd ra] err:[<nil>] duration:[90.751024ms]
2025/05/21 05:40:37 worker:[0] reqid:[871] qname:[x.com.] qtype:[A] respid:[871] rcode:[NOERROR] respflags:[qr rd ra] err:[<nil>] duration:[366.581779ms]
2025/05/21 05:40:38 worker:[0] reqid:[24640] qname:[amazon.com.] qtype:[A] respid:[24640] rcode:[NOERROR] respflags:[qr rd ra] err:[<nil>] duration:[90.814488ms]
2025/05/21 05:40:38 worker:[0] reqid:[34194] qname:[tiktok.com.] qtype:[A] respid:[34194] rcode:[NOERROR] respflags:[qr rd ra] err:[<nil>] duration:[88.641643ms]
2025/05/21 05:40:38 worker:[0] reqid:[28971] qname:[whatsapp.com.] qtype:[A] respid:[28971] rcode:[NOERROR] respflags:[qr rd ra] err:[<nil>] duration:[97.389564ms]
2025/05/21 05:40:38 worker:[0] reqid:[11018] qname:[yahoo.com.] qtype:[A] respid:[11018] rcode:[NOERROR] respflags:[qr rd ra] err:[<nil>] duration:[327.45134ms]
2025/05/21 05:40:38 worker:[0] reqid:[54410] qname:[google.com.] qtype:[A] respid:[54410] rcode:[NOERROR] respflags:[qr rd ra] err:[<nil>] duration:[94.593286ms]
2025/05/21 05:40:38 worker:[0] reqid:[7974] qname:[googleusercontent.com.] qtype:[A] respid:[7974] rcode:[NOERROR] respflags:[qr rd ra] err:[<nil>] duration:[95.937487ms]
2025/05/21 05:40:38 worker:[0] reqid:[19967] qname:[facebook.com.] qtype:[A] respid:[19967] rcode:[NOERROR] respflags:[qr rd ra] err:[<nil>] duration:[100.733115ms]
2025/05/21 05:40:38 worker:[0] reqid:[7785] qname:[instagram.com.] qtype:[A] respid:[7785] rcode:[NOERROR] respflags:[qr rd ra] err:[<nil>] duration:[90.697651ms]
2025/05/21 05:40:40 worker:[0] reqid:[20799] qname:[wikipedia.org.] qtype:[A] respid:[20799] rcode:[NOERROR] respflags:[qr rd ra] err:[<nil>] duration:[1.696119608s]
2025/05/21 05:40:42 worker:[0] reqid:[48854] qname:[x.com.] qtype:[A] respid:[48854] rcode:[NOERROR] respflags:[qr rd ra] err:[<nil>] duration:[1.888792272s]
2025/05/21 05:40:46 worker:[0] reqid:[17920] qname:[amazon.com.] qtype:[A] respid:[17920] rcode:[NOERROR] respflags:[qr rd ra] err:[<nil>] duration:[3.710783495s]
2025/05/21 05:40:46 worker:[0] reqid:[29718] qname:[tiktok.com.] qtype:[A] respid:[29718] rcode:[NOERROR] respflags:[qr rd ra] err:[<nil>] duration:[91.68602ms]
2025/05/21 05:40:46 worker:[0] reqid:[39374] qname:[whatsapp.com.] qtype:[A] respid:[39374] rcode:[NOERROR] respflags:[qr rd ra] err:[<nil>] duration:[90.642833ms]
2025/05/21 05:40:46 worker:[0] reqid:[29329] qname:[yahoo.com.] qtype:[A] respid:[29329] rcode:[NOERROR] respflags:[qr rd ra] err:[<nil>] duration:[91.228438ms]
2025/05/21 05:40:46 worker:[0] reqid:[16742] qname:[google.com.] qtype:[A] respid:[16742] rcode:[NOERROR] respflags:[qr rd ra] err:[<nil>] duration:[89.972185ms]
2025/05/21 05:40:46 worker:[0] reqid:[18988] qname:[googleusercontent.com.] qtype:[A] respid:[18988] rcode:[NOERROR] respflags:[qr rd ra] err:[<nil>] duration:[94.302031ms]
2025/05/21 05:40:46 worker:[0] reqid:[18089] qname:[facebook.com.] qtype:[A] respid:[18089] rcode:[NOERROR] respflags:[qr rd ra] err:[<nil>] duration:[90.42003ms]
2025/05/21 05:40:46 worker:[0] reqid:[28097] qname:[instagram.com.] qtype:[A] respid:[28097] rcode:[NOERROR] respflags:[qr rd ra] err:[<nil>] duration:[92.381604ms]
2025/05/21 05:40:46 worker:[0] reqid:[61079] qname:[wikipedia.org.] qtype:[A] respid:[61079] rcode:[NOERROR] respflags:[qr rd ra] err:[<nil>] duration:[91.026056ms]
2025/05/21 05:40:47 worker:[0] reqid:[26733] qname:[x.com.] qtype:[A] respid:[26733] rcode:[NOERROR] respflags:[qr rd ra] err:[<nil>] duration:[91.272268ms]
2025/05/21 05:40:47 worker:[0] reqid:[51482] qname:[amazon.com.] qtype:[A] respid:[51482] rcode:[NOERROR] respflags:[qr rd ra] err:[<nil>] duration:[299.501613ms]
2025/05/21 05:40:47 worker:[0] reqid:[30198] qname:[tiktok.com.] qtype:[A] respid:[30198] rcode:[NOERROR] respflags:[qr rd ra] err:[<nil>] duration:[89.631549ms]
2025/05/21 05:40:47 worker:[0] reqid:[41779] qname:[whatsapp.com.] qtype:[A] respid:[41779] rcode:[NOERROR] respflags:[qr rd ra] err:[<nil>] duration:[89.40992ms]
2025/05/21 05:40:47 worker:[0] reqid:[16455] qname:[yahoo.com.] qtype:[A] respid:[16455] rcode:[NOERROR] respflags:[qr rd ra] err:[<nil>] duration:[89.98528ms]
2025/05/21 05:40:47 worker:[0] reqid:[31803] qname:[google.com.] qtype:[A] respid:[31803] rcode:[NOERROR] respflags:[qr rd ra] err:[<nil>] duration:[307.001922ms]
2025/05/21 05:40:48 worker:[0] reqid:[55168] qname:[googleusercontent.com.] qtype:[A] respid:[55168] rcode:[NOERROR] respflags:[qr rd ra] err:[<nil>] duration:[92.215038ms]
2025/05/21 05:40:48 worker:[0] reqid:[62502] qname:[facebook.com.] qtype:[A] respid:[62502] rcode:[NOERROR] respflags:[qr rd ra] err:[<nil>] duration:[91.526828ms]
2025/05/21 05:40:48 worker:[0] reqid:[41564] qname:[instagram.com.] qtype:[A] respid:[41564] rcode:[NOERROR] respflags:[qr rd ra] err:[<nil>] duration:[91.638075ms]
2025/05/21 05:40:48 worker:[0] reqid:[13017] qname:[wikipedia.org.] qtype:[A] respid:[13017] rcode:[NOERROR] respflags:[qr rd ra] err:[<nil>] duration:[90.506889ms]
2025/05/21 05:40:48 worker:[0] reqid:[29723] qname:[x.com.] qtype:[A] respid:[29723] rcode:[NOERROR] respflags:[qr rd ra] err:[<nil>] duration:[90.530224ms]
2025/05/21 05:40:48 worker:[0] reqid:[32914] qname:[amazon.com.] qtype:[A] respid:[32914] rcode:[NOERROR] respflags:[qr rd ra] err:[<nil>] duration:[92.433577ms]
2025/05/21 05:40:48 worker:[0] reqid:[40804] qname:[tiktok.com.] qtype:[A] respid:[40804] rcode:[NOERROR] respflags:[qr rd ra] err:[<nil>] duration:[91.459645ms]
2025/05/21 05:40:48 worker:[0] reqid:[29923] qname:[whatsapp.com.] qtype:[A] respid:[29923] rcode:[NOERROR] respflags:[qr rd ra] err:[<nil>] duration:[89.480606ms]
2025/05/21 05:40:48 worker:[0] reqid:[3287] qname:[yahoo.com.] qtype:[A] respid:[3287] rcode:[NOERROR] respflags:[qr rd ra] err:[<nil>] duration:[90.283013ms]
2025/05/21 05:40:48 worker:[0] reqid:[16306] qname:[google.com.] qtype:[A] respid:[16306] rcode:[NOERROR] respflags:[qr rd ra] err:[<nil>] duration:[92.184556ms]
2025/05/21 05:40:49 worker:[0] reqid:[33677] qname:[googleusercontent.com.] qtype:[A] respid:[33677] rcode:[NOERROR] respflags:[qr rd ra] err:[<nil>] duration:[296.402902ms]
2025/05/21 05:40:49 worker:[0] reqid:[41147] qname:[facebook.com.] qtype:[A] respid:[41147] rcode:[NOERROR] respflags:[qr rd ra] err:[<nil>] duration:[91.163333ms]
2025/05/21 05:40:49 worker:[0] reqid:[23732] qname:[instagram.com.] qtype:[A] respid:[23732] rcode:[NOERROR] respflags:[qr rd ra] err:[<nil>] duration:[90.229686ms]
2025/05/21 05:40:49 worker:[0] reqid:[45228] qname:[wikipedia.org.] qtype:[A] respid:[45228] rcode:[NOERROR] respflags:[qr rd ra] err:[<nil>] duration:[90.622548ms]
2025/05/21 05:40:49 worker:[0] reqid:[44049] qname:[x.com.] qtype:[A] respid:[44049] rcode:[NOERROR] respflags:[qr rd ra] err:[<nil>] duration:[93.463216ms]
2025/05/21 05:40:49 worker:[0] reqid:[62004] qname:[amazon.com.] qtype:[A] respid:[62004] rcode:[NOERROR] respflags:[qr rd ra] err:[<nil>] duration:[90.916289ms]
2025/05/21 05:40:49 worker:[0] reqid:[43871] qname:[tiktok.com.] qtype:[A] respid:[43871] rcode:[NOERROR] respflags:[qr rd ra] err:[<nil>] duration:[93.579064ms]
2025/05/21 05:40:49 worker:[0] reqid:[28713] qname:[whatsapp.com.] qtype:[A] respid:[28713] rcode:[NOERROR] respflags:[qr rd ra] err:[<nil>] duration:[88.744194ms]
2025/05/21 05:40:49 worker:[0] reqid:[50503] qname:[yahoo.com.] qtype:[A] respid:[50503] rcode:[NOERROR] respflags:[qr rd ra] err:[<nil>] duration:[90.267196ms]
2025/05/21 05:40:49 worker:[0] reqid:[1564] qname:[google.com.] qtype:[A] respid:[1564] rcode:[NOERROR] respflags:[qr rd ra] err:[<nil>] duration:[90.634072ms]
2025/05/21 05:40:50 worker:[0] reqid:[43954] qname:[googleusercontent.com.] qtype:[A] respid:[43954] rcode:[NOERROR] respflags:[qr rd ra] err:[<nil>] duration:[296.666847ms]
2025/05/21 05:40:50 worker:[0] reqid:[60680] qname:[facebook.com.] qtype:[A] respid:[60680] rcode:[NOERROR] respflags:[qr rd ra] err:[<nil>] duration:[94.990599ms]
2025/05/21 05:40:50 worker:[0] reqid:[14240] qname:[instagram.com.] qtype:[A] respid:[14240] rcode:[NOERROR] respflags:[qr rd ra] err:[<nil>] duration:[92.1736ms]
2025/05/21 05:40:50 worker:[0] reqid:[38516] qname:[wikipedia.org.] qtype:[A] respid:[38516] rcode:[NOERROR] respflags:[qr rd ra] err:[<nil>] duration:[92.008064ms]
2025/05/21 05:40:50 worker:[0] reqid:[59051] qname:[x.com.] qtype:[A] respid:[59051] rcode:[NOERROR] respflags:[qr rd ra] err:[<nil>] duration:[90.934772ms]
2025/05/21 05:40:50 worker:[0] reqid:[55183] qname:[amazon.com.] qtype:[A] respid:[55183] rcode:[NOERROR] respflags:[qr rd ra] err:[<nil>] duration:[90.187447ms]
2025/05/21 05:40:52 worker:[0] reqid:[56164] qname:[tiktok.com.] qtype:[A] respid:[56164] rcode:[NOERROR] respflags:[qr rd ra] err:[<nil>] duration:[1.557169497s]
2025/05/21 05:40:52 worker:[0] reqid:[22533] qname:[whatsapp.com.] qtype:[A] respid:[22533] rcode:[NOERROR] respflags:[qr rd ra] err:[<nil>] duration:[91.118465ms]
2025/05/21 05:40:52 worker:[0] reqid:[45140] qname:[yahoo.com.] qtype:[A] respid:[45140] rcode:[NOERROR] respflags:[qr rd ra] err:[<nil>] duration:[89.495804ms]
2025/05/21 05:40:52 worker:[0] reqid:[12967] qname:[google.com.] qtype:[A] respid:[12967] rcode:[NOERROR] respflags:[qr rd ra] err:[<nil>] duration:[91.142798ms]
2025/05/21 05:40:52 worker:[0] reqid:[11434] qname:[googleusercontent.com.] qtype:[A] respid:[11434] rcode:[NOERROR] respflags:[qr rd ra] err:[<nil>] duration:[376.211632ms]
2025/05/21 05:40:53 worker:[0] reqid:[21449] qname:[facebook.com.] qtype:[A] respid:[21449] rcode:[NOERROR] respflags:[qr rd ra] err:[<nil>] duration:[90.189836ms]
2025/05/21 05:40:53 worker:[0] reqid:[29590] qname:[instagram.com.] qtype:[A] respid:[29590] rcode:[NOERROR] respflags:[qr rd ra] err:[<nil>] duration:[149.169337ms]
2025/05/21 05:40:53 worker:[0] reqid:[36176] qname:[wikipedia.org.] qtype:[A] respid:[36176] rcode:[NOERROR] respflags:[qr rd ra] err:[<nil>] duration:[89.342659ms]
2025/05/21 05:40:53 worker:[0] reqid:[46384] qname:[x.com.] qtype:[A] respid:[46384] rcode:[NOERROR] respflags:[qr rd ra] err:[<nil>] duration:[301.540012ms]
2025/05/21 05:40:53 worker:[0] reqid:[9231] qname:[amazon.com.] qtype:[A] respid:[9231] rcode:[NOERROR] respflags:[qr rd ra] err:[<nil>] duration:[92.115975ms]
2025/05/21 05:40:53 worker:[0] reqid:[40751] qname:[tiktok.com.] qtype:[A] respid:[40751] rcode:[NOERROR] respflags:[qr rd ra] err:[<nil>] duration:[90.378588ms]
2025/05/21 05:40:53 worker:[0] reqid:[17757] qname:[whatsapp.com.] qtype:[A] respid:[17757] rcode:[NOERROR] respflags:[qr rd ra] err:[<nil>] duration:[89.483901ms]
2025/05/21 05:40:53 worker:[0] reqid:[11958] qname:[yahoo.com.] qtype:[A] respid:[11958] rcode:[NOERROR] respflags:[qr rd ra] err:[<nil>] duration:[89.530039ms]
2025/05/21 05:40:54 worker:[0] reqid:[31720] qname:[google.com.] qtype:[A] respid:[31720] rcode:[NOERROR] respflags:[qr rd ra] err:[<nil>] duration:[89.187208ms]
2025/05/21 05:40:54 worker:[0] reqid:[33044] qname:[googleusercontent.com.] qtype:[A] respid:[33044] rcode:[NOERROR] respflags:[qr rd ra] err:[<nil>] duration:[88.796958ms]
2025/05/21 05:40:54 worker:[0] reqid:[37514] qname:[facebook.com.] qtype:[A] respid:[37514] rcode:[NOERROR] respflags:[qr rd ra] err:[<nil>] duration:[89.816172ms]
2025/05/21 05:40:54 worker:[0] reqid:[28717] qname:[instagram.com.] qtype:[A] respid:[28717] rcode:[NOERROR] respflags:[qr rd ra] err:[<nil>] duration:[92.042969ms]
2025/05/21 05:40:54 worker:[0] reqid:[41970] qname:[wikipedia.org.] qtype:[A] respid:[41970] rcode:[NOERROR] respflags:[qr rd ra] err:[<nil>] duration:[89.184785ms]
2025/05/21 05:40:54 worker:[0] reqid:[37615] qname:[x.com.] qtype:[A] respid:[37615] rcode:[NOERROR] respflags:[qr rd ra] err:[<nil>] duration:[294.193465ms]
2025/05/21 05:40:54 worker:[0] reqid:[33101] qname:[amazon.com.] qtype:[A] respid:[33101] rcode:[NOERROR] respflags:[qr rd ra] err:[<nil>] duration:[89.088509ms]
2025/05/21 05:40:54 worker:[0] reqid:[43939] qname:[tiktok.com.] qtype:[A] respid:[43939] rcode:[NOERROR] respflags:[qr rd ra] err:[<nil>] duration:[88.99734ms]
2025/05/21 05:40:55 worker:[0] reqid:[8822] qname:[whatsapp.com.] qtype:[A] respid:[8822] rcode:[NOERROR] respflags:[qr rd ra] err:[<nil>] duration:[297.984601ms]
2025/05/21 05:40:55 worker:[0] reqid:[644] qname:[yahoo.com.] qtype:[A] respid:[644] rcode:[NOERROR] respflags:[qr rd ra] err:[<nil>] duration:[528.05967ms]
2025/05/21 05:40:55 worker:[0] reqid:[56730] qname:[google.com.] qtype:[A] respid:[56730] rcode:[NOERROR] respflags:[qr rd ra] err:[<nil>] duration:[89.416903ms]
2025/05/21 05:40:55 worker:[0] reqid:[56469] qname:[googleusercontent.com.] qtype:[A] respid:[56469] rcode:[NOERROR] respflags:[qr rd ra] err:[<nil>] duration:[90.446293ms]
2025/05/21 05:40:55 worker:[0] reqid:[36596] qname:[facebook.com.] qtype:[A] respid:[36596] rcode:[NOERROR] respflags:[qr rd ra] err:[<nil>] duration:[89.335496ms]
2025/05/21 05:40:56 worker:[0] reqid:[41874] qname:[instagram.com.] qtype:[A] respid:[41874] rcode:[NOERROR] respflags:[qr rd ra] err:[<nil>] duration:[89.786636ms]
2025/05/21 05:40:56 worker:[0] reqid:[11529] qname:[wikipedia.org.] qtype:[A] respid:[11529] rcode:[NOERROR] respflags:[qr rd ra] err:[<nil>] duration:[93.854069ms]
2025/05/21 05:40:56 worker:[0] reqid:[23239] qname:[x.com.] qtype:[A] respid:[23239] rcode:[NOERROR] respflags:[qr rd ra] err:[<nil>] duration:[90.334839ms]
2025/05/21 05:40:56 worker:[0] reqid:[606] qname:[amazon.com.] qtype:[A] respid:[606] rcode:[NOERROR] respflags:[qr rd ra] err:[<nil>] duration:[93.365032ms]
2025/05/21 05:40:56 worker:[0] reqid:[2234] qname:[tiktok.com.] qtype:[A] respid:[2234] rcode:[NOERROR] respflags:[qr rd ra] err:[<nil>] duration:[90.099569ms]
2025/05/21 05:40:56 worker:[0] reqid:[11670] qname:[whatsapp.com.] qtype:[A] respid:[11670] rcode:[NOERROR] respflags:[qr rd ra] err:[<nil>] duration:[90.181182ms]
2025/05/21 05:40:56 worker:[0] reqid:[2047] qname:[yahoo.com.] qtype:[A] respid:[2047] rcode:[NOERROR] respflags:[qr rd ra] err:[<nil>] duration:[89.112901ms]
2025/05/21 05:40:56 worker:[0] reqid:[44741] qname:[google.com.] qtype:[A] respid:[44741] rcode:[NOERROR] respflags:[qr rd ra] err:[<nil>] duration:[89.080538ms]
2025/05/21 05:40:56 worker:[0] reqid:[17279] qname:[googleusercontent.com.] qtype:[A] respid:[17279] rcode:[NOERROR] respflags:[qr rd ra] err:[<nil>] duration:[89.422548ms]
2025/05/21 05:40:56 worker:[0] reqid:[11988] qname:[facebook.com.] qtype:[A] respid:[11988] rcode:[NOERROR] respflags:[qr rd ra] err:[<nil>] duration:[89.849533ms]
2025/05/21 05:40:56 worker:[0] reqid:[1812] qname:[instagram.com.] qtype:[A] respid:[1812] rcode:[NOERROR] respflags:[qr rd ra] err:[<nil>] duration:[89.034449ms]
2025/05/21 05:40:57 worker:[0] reqid:[45503] qname:[wikipedia.org.] qtype:[A] respid:[45503] rcode:[NOERROR] respflags:[qr rd ra] err:[<nil>] duration:[91.548568ms]
2025/05/21 05:40:57 worker:[0] reqid:[31055] qname:[x.com.] qtype:[A] respid:[31055] rcode:[NOERROR] respflags:[qr rd ra] err:[<nil>] duration:[91.55683ms]
2025/05/21 05:40:57 worker:[0] reqid:[14579] qname:[amazon.com.] qtype:[A] respid:[14579] rcode:[NOERROR] respflags:[qr rd ra] err:[<nil>] duration:[106.574914ms]
2025/05/21 05:40:57 worker:[0] reqid:[14474] qname:[tiktok.com.] qtype:[A] respid:[14474] rcode:[NOERROR] respflags:[qr rd ra] err:[<nil>] duration:[89.070266ms]
2025/05/21 05:40:57 worker:[0] reqid:[50099] qname:[whatsapp.com.] qtype:[A] respid:[50099] rcode:[NOERROR] respflags:[qr rd ra] err:[<nil>] duration:[89.872108ms]
2025/05/21 05:40:57 worker:[0] reqid:[47759] qname:[yahoo.com.] qtype:[A] respid:[47759] rcode:[NOERROR] respflags:[qr rd ra] err:[<nil>] duration:[89.544575ms]
2025/05/21 05:40:57 worker:[0] reqid:[58660] qname:[google.com.] qtype:[A] respid:[58660] rcode:[NOERROR] respflags:[qr rd ra] err:[<nil>] duration:[89.280999ms]
2025/05/21 05:40:57 worker:[0] reqid:[42590] qname:[googleusercontent.com.] qtype:[A] respid:[42590] rcode:[NOERROR] respflags:[qr rd ra] err:[<nil>] duration:[94.070752ms]
2025/05/21 05:40:57 worker:[0] reqid:[29981] qname:[facebook.com.] qtype:[A] respid:[29981] rcode:[NOERROR] respflags:[qr rd ra] err:[<nil>] duration:[294.231484ms]
2025/05/21 05:40:58 worker:[0] reqid:[25552] qname:[instagram.com.] qtype:[A] respid:[25552] rcode:[NOERROR] respflags:[qr rd ra] err:[<nil>] duration:[90.263678ms]
2025/05/21 05:40:58 worker:[0] reqid:[59406] qname:[wikipedia.org.] qtype:[A] respid:[59406] rcode:[NOERROR] respflags:[qr rd ra] err:[<nil>] duration:[89.282226ms]
2025/05/21 05:40:58 worker:[0] reqid:[29350] qname:[x.com.] qtype:[A] respid:[29350] rcode:[NOERROR] respflags:[qr rd ra] err:[<nil>] duration:[295.194227ms]
2025/05/21 05:40:59 worker:[0] reqid:[42911] qname:[amazon.com.] qtype:[A] respid:[42911] rcode:[NOERROR] respflags:[qr rd ra] err:[<nil>] duration:[1.348820739s]
2025/05/21 05:40:59 worker:[0] reqid:[41809] qname:[tiktok.com.] qtype:[A] respid:[41809] rcode:[NOERROR] respflags:[qr rd ra] err:[<nil>] duration:[89.919196ms]
2025/05/21 05:40:59 worker:[0] reqid:[4736] qname:[whatsapp.com.] qtype:[A] respid:[4736] rcode:[NOERROR] respflags:[qr rd ra] err:[<nil>] duration:[91.761366ms]
2025/05/21 05:41:00 worker:[0] reqid:[48963] qname:[yahoo.com.] qtype:[A] respid:[48963] rcode:[NOERROR] respflags:[qr rd ra] err:[<nil>] duration:[90.098465ms]
2025/05/21 05:41:00 worker:[0] reqid:[53779] qname:[google.com.] qtype:[A] respid:[53779] rcode:[NOERROR] respflags:[qr rd ra] err:[<nil>] duration:[90.713777ms]
2025/05/21 05:41:00 worker:[0] reqid:[61964] qname:[googleusercontent.com.] qtype:[A] respid:[61964] rcode:[NOERROR] respflags:[qr rd ra] err:[<nil>] duration:[90.596262ms]
2025/05/21 05:41:00 worker:[0] reqid:[14370] qname:[facebook.com.] qtype:[A] respid:[14370] rcode:[NOERROR] respflags:[qr rd ra] err:[<nil>] duration:[88.87863ms]
2025/05/21 05:41:00 worker:[0] reqid:[26741] qname:[instagram.com.] qtype:[A] respid:[26741] rcode:[NOERROR] respflags:[qr rd ra] err:[<nil>] duration:[89.355111ms]
2025/05/21 05:41:00 worker:[0] reqid:[29794] qname:[wikipedia.org.] qtype:[A] respid:[29794] rcode:[NOERROR] respflags:[qr rd ra] err:[<nil>] duration:[89.538657ms]
2025/05/21 05:41:00 worker:[0] reqid:[51904] qname:[x.com.] qtype:[A] respid:[51904] rcode:[NOERROR] respflags:[qr rd ra] err:[<nil>] duration:[296.217101ms]
2025/05/21 05:41:00 worker:[0] reqid:[22295] qname:[amazon.com.] qtype:[A] respid:[22295] rcode:[NOERROR] respflags:[qr rd ra] err:[<nil>] duration:[88.910223ms]
2025/05/21 05:41:01 worker:[0] reqid:[26905] qname:[tiktok.com.] qtype:[A] respid:[26905] rcode:[NOERROR] respflags:[qr rd ra] err:[<nil>] duration:[90.074015ms]
2025/05/21 05:41:01 worker:[0] reqid:[27801] qname:[whatsapp.com.] qtype:[A] respid:[27801] rcode:[NOERROR] respflags:[qr rd ra] err:[<nil>] duration:[296.620068ms]
2025/05/21 05:41:01 worker:[0] reqid:[33918] qname:[yahoo.com.] qtype:[A] respid:[33918] rcode:[NOERROR] respflags:[qr rd ra] err:[<nil>] duration:[91.311789ms]
2025/05/21 05:41:01 worker:[0] reqid:[51092] qname:[google.com.] qtype:[A] respid:[51092] rcode:[NOERROR] respflags:[qr rd ra] err:[<nil>] duration:[90.916483ms]
2025/05/21 05:41:01 worker:[0] reqid:[16166] qname:[googleusercontent.com.] qtype:[A] respid:[16166] rcode:[NOERROR] respflags:[qr rd ra] err:[<nil>] duration:[89.329042ms]
2025/05/21 05:41:01 worker:[0] reqid:[27399] qname:[facebook.com.] qtype:[A] respid:[27399] rcode:[NOERROR] respflags:[qr rd ra] err:[<nil>] duration:[90.524696ms]
2025/05/21 05:41:01 worker:[0] reqid:[9880] qname:[instagram.com.] qtype:[A] respid:[9880] rcode:[NOERROR] respflags:[qr rd ra] err:[<nil>] duration:[91.28919ms]
2025/05/21 05:41:01 worker:[0] reqid:[48901] qname:[wikipedia.org.] qtype:[A] respid:[48901] rcode:[NOERROR] respflags:[qr rd ra] err:[<nil>] duration:[90.900925ms]
2025/05/21 05:41:02 worker:[0] reqid:[9121] qname:[x.com.] qtype:[A] respid:[9121] rcode:[NOERROR] respflags:[qr rd ra] err:[<nil>] duration:[763.016307ms]
2025/05/21 05:41:02 worker:[0] reqid:[50272] qname:[amazon.com.] qtype:[A] respid:[50272] rcode:[NOERROR] respflags:[qr rd ra] err:[<nil>] duration:[181.081003ms]
2025/05/21 05:41:02 worker:[0] reqid:[50923] qname:[tiktok.com.] qtype:[A] respid:[50923] rcode:[NOERROR] respflags:[qr rd ra] err:[<nil>] duration:[89.643994ms]
2025/05/21 05:41:03 worker:[0] reqid:[58715] qname:[whatsapp.com.] qtype:[A] respid:[58715] rcode:[NOERROR] respflags:[qr rd ra] err:[<nil>] duration:[296.48579ms]
2025/05/21 05:41:03 worker:[0] reqid:[19699] qname:[yahoo.com.] qtype:[A] respid:[19699] rcode:[NOERROR] respflags:[qr rd ra] err:[<nil>] duration:[89.661044ms]
2025/05/21 05:41:03 worker:[0] reqid:[64866] qname:[google.com.] qtype:[A] respid:[64866] rcode:[NOERROR] respflags:[qr rd ra] err:[<nil>] duration:[90.168059ms]
2025/05/21 05:41:03 worker:[0] reqid:[34708] qname:[googleusercontent.com.] qtype:[A] respid:[34708] rcode:[NOERROR] respflags:[qr rd ra] err:[<nil>] duration:[92.232929ms]
2025/05/21 05:41:03 worker:[0] reqid:[19299] qname:[facebook.com.] qtype:[A] respid:[19299] rcode:[NOERROR] respflags:[qr rd ra] err:[<nil>] duration:[90.611537ms]
2025/05/21 05:41:04 worker:[0] reqid:[58841] qname:[instagram.com.] qtype:[A] respid:[58841] rcode:[NOERROR] respflags:[qr rd ra] err:[<nil>] duration:[709.665645ms]
2025/05/21 05:41:05 worker:[0] reqid:[2280] qname:[wikipedia.org.] qtype:[A] respid:[2280] rcode:[NOERROR] respflags:[qr rd ra] err:[<nil>] duration:[927.913504ms]
2025/05/21 05:41:05 worker:[0] reqid:[54274] qname:[x.com.] qtype:[A] respid:[54274] rcode:[NOERROR] respflags:[qr rd ra] err:[<nil>] duration:[89.49944ms]
2025/05/21 05:41:05 worker:[0] reqid:[63930] qname:[amazon.com.] qtype:[A] respid:[63930] rcode:[NOERROR] respflags:[qr rd ra] err:[<nil>] duration:[89.40182ms]
2025/05/21 05:41:05 worker:[0] reqid:[18540] qname:[tiktok.com.] qtype:[A] respid:[18540] rcode:[NOERROR] respflags:[qr rd ra] err:[<nil>] duration:[90.528783ms]
2025/05/21 05:41:05 worker:[0] reqid:[35447] qname:[whatsapp.com.] qtype:[A] respid:[35447] rcode:[NOERROR] respflags:[qr rd ra] err:[<nil>] duration:[91.125063ms]
2025/05/21 05:41:05 worker:[0] reqid:[20947] qname:[yahoo.com.] qtype:[A] respid:[20947] rcode:[NOERROR] respflags:[qr rd ra] err:[<nil>] duration:[102.207367ms]
2025/05/21 05:41:05 worker:[0] reqid:[49574] qname:[google.com.] qtype:[A] respid:[49574] rcode:[NOERROR] respflags:[qr rd ra] err:[<nil>] duration:[89.384706ms]
2025/05/21 05:41:05 worker:[0] reqid:[52892] qname:[googleusercontent.com.] qtype:[A] respid:[52892] rcode:[NOERROR] respflags:[qr rd ra] err:[<nil>] duration:[90.307452ms]
2025/05/21 05:41:05 worker:[0] reqid:[13515] qname:[facebook.com.] qtype:[A] respid:[13515] rcode:[NOERROR] respflags:[qr rd ra] err:[<nil>] duration:[90.271132ms]
2025/05/21 05:41:06 worker:[0] reqid:[14604] qname:[instagram.com.] qtype:[A] respid:[14604] rcode:[NOERROR] respflags:[qr rd ra] err:[<nil>] duration:[92.042801ms]
2025/05/21 05:41:06 worker:[0] reqid:[18797] qname:[wikipedia.org.] qtype:[A] respid:[18797] rcode:[NOERROR] respflags:[qr rd ra] err:[<nil>] duration:[91.271402ms]
2025/05/21 05:41:06 worker:[0] reqid:[14382] qname:[x.com.] qtype:[A] respid:[14382] rcode:[NOERROR] respflags:[qr rd ra] err:[<nil>] duration:[89.024052ms]
2025/05/21 05:41:06 worker:[0] reqid:[36110] qname:[amazon.com.] qtype:[A] respid:[36110] rcode:[NOERROR] respflags:[qr rd ra] err:[<nil>] duration:[89.323362ms]
2025/05/21 05:41:06 worker:[0] reqid:[25066] qname:[tiktok.com.] qtype:[A] respid:[25066] rcode:[NOERROR] respflags:[qr rd ra] err:[<nil>] duration:[92.278982ms]
2025/05/21 05:41:06 worker:[0] reqid:[812] qname:[whatsapp.com.] qtype:[A] respid:[812] rcode:[NOERROR] respflags:[qr rd ra] err:[<nil>] duration:[95.357261ms]
2025/05/21 05:41:06 worker:[0] reqid:[23973] qname:[yahoo.com.] qtype:[A] respid:[23973] rcode:[NOERROR] respflags:[qr rd ra] err:[<nil>] duration:[295.943662ms]
2025/05/21 05:41:06 worker:[0] reqid:[44292] qname:[google.com.] qtype:[A] respid:[44292] rcode:[NOERROR] respflags:[qr rd ra] err:[<nil>] duration:[89.812392ms]
2025/05/21 05:41:06 worker:[0] reqid:[19190] qname:[googleusercontent.com.] qtype:[A] respid:[19190] rcode:[NOERROR] respflags:[qr rd ra] err:[<nil>] duration:[89.323989ms]
2025/05/21 05:41:07 worker:[0] reqid:[48479] qname:[facebook.com.] qtype:[A] respid:[48479] rcode:[NOERROR] respflags:[qr rd ra] err:[<nil>] duration:[89.170559ms]
2025/05/21 05:41:07 worker:[0] reqid:[30592] qname:[instagram.com.] qtype:[A] respid:[30592] rcode:[NOERROR] respflags:[qr rd ra] err:[<nil>] duration:[91.738946ms]
2025/05/21 05:41:07 worker:[0] reqid:[50999] qname:[wikipedia.org.] qtype:[A] respid:[50999] rcode:[NOERROR] respflags:[qr rd ra] err:[<nil>] duration:[91.185612ms]
2025/05/21 05:41:07 worker:[0] reqid:[53723] qname:[x.com.] qtype:[A] respid:[53723] rcode:[NOERROR] respflags:[qr rd ra] err:[<nil>] duration:[89.084131ms]
2025/05/21 05:41:07 worker:[0] reqid:[24871] qname:[amazon.com.] qtype:[A] respid:[24871] rcode:[NOERROR] respflags:[qr rd ra] err:[<nil>] duration:[89.610778ms]
2025/05/21 05:41:07 worker:[0] reqid:[58977] qname:[tiktok.com.] qtype:[A] respid:[58977] rcode:[NOERROR] respflags:[qr rd ra] err:[<nil>] duration:[89.625186ms]
2025/05/21 05:41:07 worker:[0] reqid:[28165] qname:[whatsapp.com.] qtype:[A] respid:[28165] rcode:[NOERROR] respflags:[qr rd ra] err:[<nil>] duration:[92.422699ms]
2025/05/21 05:41:07 worker:[0] reqid:[32807] qname:[yahoo.com.] qtype:[A] respid:[32807] rcode:[NOERROR] respflags:[qr rd ra] err:[<nil>] duration:[298.972412ms]
2025/05/21 05:41:07 worker:[0] reqid:[32664] qname:[google.com.] qtype:[A] respid:[32664] rcode:[NOERROR] respflags:[qr rd ra] err:[<nil>] duration:[89.539821ms]
2025/05/21 05:41:08 worker:[0] reqid:[16351] qname:[googleusercontent.com.] qtype:[A] respid:[16351] rcode:[NOERROR] respflags:[qr rd ra] err:[<nil>] duration:[89.738875ms]
2025/05/21 05:41:08 worker:[0] reqid:[36595] qname:[facebook.com.] qtype:[A] respid:[36595] rcode:[NOERROR] respflags:[qr rd ra] err:[<nil>] duration:[91.806414ms]
2025/05/21 05:41:08 worker:[0] reqid:[21324] qname:[instagram.com.] qtype:[A] respid:[21324] rcode:[NOERROR] respflags:[qr rd ra] err:[<nil>] duration:[93.167509ms]
2025/05/21 05:41:08 worker:[0] reqid:[2235] qname:[wikipedia.org.] qtype:[A] respid:[2235] rcode:[NOERROR] respflags:[qr rd ra] err:[<nil>] duration:[297.693239ms]
2025/05/21 05:41:08 worker:[0] reqid:[54669] qname:[x.com.] qtype:[A] respid:[54669] rcode:[NOERROR] respflags:[qr rd ra] err:[<nil>] duration:[90.090064ms]
2025/05/21 05:41:08 worker:[0] reqid:[37032] qname:[amazon.com.] qtype:[A] respid:[37032] rcode:[NOERROR] respflags:[qr rd ra] err:[<nil>] duration:[90.031033ms]
2025/05/21 05:41:08 worker:[0] reqid:[38791] qname:[tiktok.com.] qtype:[A] respid:[38791] rcode:[NOERROR] respflags:[qr rd ra] err:[<nil>] duration:[89.224964ms]
2025/05/21 05:41:08 worker:[0] reqid:[20376] qname:[whatsapp.com.] qtype:[A] respid:[20376] rcode:[NOERROR] respflags:[qr rd ra] err:[<nil>] duration:[89.252718ms]
2025/05/21 05:41:08 worker:[0] reqid:[59319] qname:[yahoo.com.] qtype:[A] respid:[59319] rcode:[NOERROR] respflags:[qr rd ra] err:[<nil>] duration:[90.800335ms]
2025/05/21 05:41:09 worker:[0] reqid:[44381] qname:[google.com.] qtype:[A] respid:[44381] rcode:[NOERROR] respflags:[qr rd ra] err:[<nil>] duration:[90.815924ms]
2025/05/21 05:41:09 worker:[0] reqid:[32782] qname:[googleusercontent.com.] qtype:[A] respid:[32782] rcode:[NOERROR] respflags:[qr rd ra] err:[<nil>] duration:[89.949218ms]
2025/05/21 05:41:09 worker:[0] reqid:[51004] qname:[facebook.com.] qtype:[A] respid:[51004] rcode:[NOERROR] respflags:[qr rd ra] err:[<nil>] duration:[89.600856ms]
2025/05/21 05:41:09 worker:[0] reqid:[6217] qname:[instagram.com.] qtype:[A] respid:[6217] rcode:[NOERROR] respflags:[qr rd ra] err:[<nil>] duration:[89.639758ms]
2025/05/21 05:41:09 worker:[0] reqid:[18140] qname:[wikipedia.org.] qtype:[A] respid:[18140] rcode:[NOERROR] respflags:[qr rd ra] err:[<nil>] duration:[90.969957ms]
2025/05/21 05:41:09 worker:[0] reqid:[53927] qname:[x.com.] qtype:[A] respid:[53927] rcode:[NOERROR] respflags:[qr rd ra] err:[<nil>] duration:[90.57271ms]
2025/05/21 05:41:09 worker:[0] reqid:[56735] qname:[amazon.com.] qtype:[A] respid:[56735] rcode:[NOERROR] respflags:[qr rd ra] err:[<nil>] duration:[89.090708ms]
2025/05/21 05:41:09 worker:[0] reqid:[53194] qname:[tiktok.com.] qtype:[A] respid:[53194] rcode:[NOERROR] respflags:[qr rd ra] err:[<nil>] duration:[89.108128ms]
2025/05/21 05:41:09 worker:[0] reqid:[61116] qname:[whatsapp.com.] qtype:[A] respid:[61116] rcode:[NOERROR] respflags:[qr rd ra] err:[<nil>] duration:[88.849365ms]
2025/05/21 05:41:10 worker:[0] reqid:[28584] qname:[yahoo.com.] qtype:[A] respid:[28584] rcode:[NOERROR] respflags:[qr rd ra] err:[<nil>] duration:[295.928586ms]
2025/05/21 05:41:10 worker:[0] reqid:[6659] qname:[google.com.] qtype:[A] respid:[6659] rcode:[NOERROR] respflags:[qr rd ra] err:[<nil>] duration:[89.917291ms]
2025/05/21 05:41:10 worker:[0] reqid:[8194] qname:[googleusercontent.com.] qtype:[A] respid:[8194] rcode:[NOERROR] respflags:[qr rd ra] err:[<nil>] duration:[89.543434ms]
2025/05/21 05:41:10 worker:[0] reqid:[3956] qname:[facebook.com.] qtype:[A] respid:[3956] rcode:[NOERROR] respflags:[qr rd ra] err:[<nil>] duration:[89.336757ms]
2025/05/21 05:41:10 worker:[0] reqid:[26633] qname:[instagram.com.] qtype:[A] respid:[26633] rcode:[NOERROR] respflags:[qr rd ra] err:[<nil>] duration:[88.969787ms]
2025/05/21 05:41:10 worker:[0] reqid:[11899] qname:[wikipedia.org.] qtype:[A] respid:[11899] rcode:[NOERROR] respflags:[qr rd ra] err:[<nil>] duration:[90.054729ms]
2025/05/21 05:41:10 worker:[0] reqid:[5076] qname:[x.com.] qtype:[A] respid:[5076] rcode:[NOERROR] respflags:[qr rd ra] err:[<nil>] duration:[91.352126ms]
2025/05/21 05:41:10 worker:[0] reqid:[46979] qname:[amazon.com.] qtype:[A] respid:[46979] rcode:[NOERROR] respflags:[qr rd ra] err:[<nil>] duration:[89.952878ms]
2025/05/21 05:41:10 worker:[0] reqid:[17050] qname:[tiktok.com.] qtype:[A] respid:[17050] rcode:[NOERROR] respflags:[qr rd ra] err:[<nil>] duration:[192.381052ms]
2025/05/21 05:41:11 worker:[0] reqid:[61002] qname:[whatsapp.com.] qtype:[A] respid:[61002] rcode:[NOERROR] respflags:[qr rd ra] err:[<nil>] duration:[194.130198ms]
2025/05/21 05:41:11 worker:[0] reqid:[18122] qname:[yahoo.com.] qtype:[A] respid:[18122] rcode:[NOERROR] respflags:[qr rd ra] err:[<nil>] duration:[103.121296ms]
2025/05/21 05:41:11 worker:[0] reqid:[56710] qname:[google.com.] qtype:[A] respid:[56710] rcode:[NOERROR] respflags:[qr rd ra] err:[<nil>] duration:[92.277692ms]
2025/05/21 05:41:11 worker:[0] reqid:[63666] qname:[googleusercontent.com.] qtype:[A] respid:[63666] rcode:[NOERROR] respflags:[qr rd ra] err:[<nil>] duration:[93.727179ms]
2025/05/21 05:41:11 worker:[0] reqid:[42170] qname:[facebook.com.] qtype:[A] respid:[42170] rcode:[NOERROR] respflags:[qr rd ra] err:[<nil>] duration:[298.501865ms]
2025/05/21 05:41:11 worker:[0] reqid:[451] qname:[instagram.com.] qtype:[A] respid:[451] rcode:[NOERROR] respflags:[qr rd ra] err:[<nil>] duration:[89.811694ms]
2025/05/21 05:41:11 worker:[0] reqid:[15074] qname:[wikipedia.org.] qtype:[A] respid:[15074] rcode:[NOERROR] respflags:[qr rd ra] err:[<nil>] duration:[92.084181ms]
2025/05/21 05:41:11 worker:[0] reqid:[63338] qname:[x.com.] qtype:[A] respid:[63338] rcode:[NOERROR] respflags:[qr rd ra] err:[<nil>] duration:[91.06723ms]
2025/05/21 05:41:12 worker:[0] reqid:[16654] qname:[amazon.com.] qtype:[A] respid:[16654] rcode:[NOERROR] respflags:[qr rd ra] err:[<nil>] duration:[728.077883ms]
2025/05/21 05:41:12 worker:[0] reqid:[25367] qname:[tiktok.com.] qtype:[A] respid:[25367] rcode:[NOERROR] respflags:[qr rd ra] err:[<nil>] duration:[89.151212ms]
2025/05/21 05:41:12 worker:[0] reqid:[12968] qname:[whatsapp.com.] qtype:[A] respid:[12968] rcode:[NOERROR] respflags:[qr rd ra] err:[<nil>] duration:[89.867599ms]
2025/05/21 05:41:12 worker:[0] reqid:[10914] qname:[yahoo.com.] qtype:[A] respid:[10914] rcode:[NOERROR] respflags:[qr rd ra] err:[<nil>] duration:[89.284205ms]
2025/05/21 05:41:13 worker:[0] reqid:[34059] qname:[google.com.] qtype:[A] respid:[34059] rcode:[NOERROR] respflags:[qr rd ra] err:[<nil>] duration:[89.376697ms]
2025/05/21 05:41:13 worker:[0] reqid:[39721] qname:[googleusercontent.com.] qtype:[A] respid:[39721] rcode:[NOERROR] respflags:[qr rd ra] err:[<nil>] duration:[90.6474ms]
2025/05/21 05:41:13 worker:[0] reqid:[9642] qname:[facebook.com.] qtype:[A] respid:[9642] rcode:[NOERROR] respflags:[qr rd ra] err:[<nil>] duration:[90.8009ms]
2025/05/21 05:41:13 worker:[0] reqid:[37633] qname:[instagram.com.] qtype:[A] respid:[37633] rcode:[NOERROR] respflags:[qr rd ra] err:[<nil>] duration:[90.117439ms]
2025/05/21 05:41:13 worker:[0] reqid:[21594] qname:[wikipedia.org.] qtype:[A] respid:[21594] rcode:[NOERROR] respflags:[qr rd ra] err:[<nil>] duration:[90.983889ms]
2025/05/21 05:41:13 worker:[0] reqid:[63832] qname:[x.com.] qtype:[A] respid:[63832] rcode:[NOERROR] respflags:[qr rd ra] err:[<nil>] duration:[298.888913ms]
2025/05/21 05:41:13 worker:[0] reqid:[20938] qname:[amazon.com.] qtype:[A] respid:[20938] rcode:[NOERROR] respflags:[qr rd ra] err:[<nil>] duration:[91.805955ms]
2025/05/21 05:41:13 worker:[0] reqid:[26200] qname:[tiktok.com.] qtype:[A] respid:[26200] rcode:[NOERROR] respflags:[qr rd ra] err:[<nil>] duration:[90.193004ms]
2025/05/21 05:41:14 worker:[0] reqid:[16690] qname:[whatsapp.com.] qtype:[A] respid:[16690] rcode:[NOERROR] respflags:[qr rd ra] err:[<nil>] duration:[92.444193ms]
2025/05/21 05:41:14 worker:[0] reqid:[636] qname:[yahoo.com.] qtype:[A] respid:[636] rcode:[NOERROR] respflags:[qr rd ra] err:[<nil>] duration:[92.926847ms]
2025/05/21 05:41:14 worker:[0] reqid:[34169] qname:[google.com.] qtype:[A] respid:[34169] rcode:[NOERROR] respflags:[qr rd ra] err:[<nil>] duration:[90.063879ms]
2025/05/21 05:41:14 worker:[0] reqid:[44209] qname:[googleusercontent.com.] qtype:[A] respid:[44209] rcode:[NOERROR] respflags:[qr rd ra] err:[<nil>] duration:[89.869008ms]
2025/05/21 05:41:14 worker:[0] reqid:[24086] qname:[facebook.com.] qtype:[A] respid:[24086] rcode:[NOERROR] respflags:[qr rd ra] err:[<nil>] duration:[93.789459ms]
2025/05/21 05:41:14 worker:[0] reqid:[37706] qname:[instagram.com.] qtype:[A] respid:[37706] rcode:[NOERROR] respflags:[qr rd ra] err:[<nil>] duration:[104.519428ms]
2025/05/21 05:41:14 worker:[0] reqid:[49299] qname:[wikipedia.org.] qtype:[A] respid:[49299] rcode:[NOERROR] respflags:[qr rd ra] err:[<nil>] duration:[110.723305ms]
2025/05/21 05:41:14 worker:[0] reqid:[7781] qname:[x.com.] qtype:[A] respid:[7781] rcode:[NOERROR] respflags:[qr rd ra] err:[<nil>] duration:[123.738963ms]
2025/05/21 05:41:14 worker:[0] reqid:[18956] qname:[amazon.com.] qtype:[A] respid:[18956] rcode:[NOERROR] respflags:[qr rd ra] err:[<nil>] duration:[118.792603ms]
2025/05/21 05:41:14 worker:[0] reqid:[38155] qname:[tiktok.com.] qtype:[A] respid:[38155] rcode:[NOERROR] respflags:[qr rd ra] err:[<nil>] duration:[119.476674ms]
2025/05/21 05:41:15 worker:[0] reqid:[24248] qname:[whatsapp.com.] qtype:[A] respid:[24248] rcode:[NOERROR] respflags:[qr rd ra] err:[<nil>] duration:[121.093073ms]
2025/05/21 05:41:15 worker:[0] reqid:[62736] qname:[yahoo.com.] qtype:[A] respid:[62736] rcode:[NOERROR] respflags:[qr rd ra] err:[<nil>] duration:[90.084074ms]
2025/05/21 05:41:15 worker:[0] reqid:[51169] qname:[google.com.] qtype:[A] respid:[51169] rcode:[NOERROR] respflags:[qr rd ra] err:[<nil>] duration:[93.030239ms]
2025/05/21 05:41:15 worker:[0] reqid:[8194] qname:[googleusercontent.com.] qtype:[A] respid:[8194] rcode:[NOERROR] respflags:[qr rd ra] err:[<nil>] duration:[94.156247ms]
2025/05/21 05:41:15 worker:[0] reqid:[37615] qname:[facebook.com.] qtype:[A] respid:[37615] rcode:[NOERROR] respflags:[qr rd ra] err:[<nil>] duration:[98.455094ms]
2025/05/21 05:41:15 worker:[0] reqid:[33720] qname:[instagram.com.] qtype:[A] respid:[33720] rcode:[NOERROR] respflags:[qr rd ra] err:[<nil>] duration:[103.865617ms]
2025/05/21 05:41:15 worker:[0] reqid:[31666] qname:[wikipedia.org.] qtype:[A] respid:[31666] rcode:[NOERROR] respflags:[qr rd ra] err:[<nil>] duration:[120.954245ms]
2025/05/21 05:41:15 worker:[0] reqid:[19923] qname:[x.com.] qtype:[A] respid:[19923] rcode:[NOERROR] respflags:[qr rd ra] err:[<nil>] duration:[121.538498ms]
2025/05/21 05:41:15 worker:[0] reqid:[16000] qname:[amazon.com.] qtype:[A] respid:[16000] rcode:[NOERROR] respflags:[qr rd ra] err:[<nil>] duration:[122.718778ms]
2025/05/21 05:41:16 worker:[0] reqid:[49215] qname:[tiktok.com.] qtype:[A] respid:[49215] rcode:[NOERROR] respflags:[qr rd ra] err:[<nil>] duration:[113.806339ms]
2025/05/21 05:41:16 worker:[0] reqid:[40470] qname:[whatsapp.com.] qtype:[A] respid:[40470] rcode:[NOERROR] respflags:[qr rd ra] err:[<nil>] duration:[97.113385ms]
2025/05/21 05:41:16 worker:[0] reqid:[6291] qname:[yahoo.com.] qtype:[A] respid:[6291] rcode:[NOERROR] respflags:[qr rd ra] err:[<nil>] duration:[90.358776ms]
2025/05/21 05:41:16 worker:[0] reqid:[63600] qname:[google.com.] qtype:[A] respid:[63600] rcode:[NOERROR] respflags:[qr rd ra] err:[<nil>] duration:[112.788373ms]
2025/05/21 05:41:16 worker:[0] reqid:[44609] qname:[googleusercontent.com.] qtype:[A] respid:[44609] rcode:[NOERROR] respflags:[qr rd ra] err:[<nil>] duration:[330.039561ms]
2025/05/21 05:41:16 worker:[0] reqid:[58857] qname:[facebook.com.] qtype:[A] respid:[58857] rcode:[NOERROR] respflags:[qr rd ra] err:[<nil>] duration:[98.13685ms]
2025/05/21 05:41:16 worker:[0] reqid:[43688] qname:[instagram.com.] qtype:[A] respid:[43688] rcode:[NOERROR] respflags:[qr rd ra] err:[<nil>] duration:[89.678168ms]
2025/05/21 05:41:16 worker:[0] reqid:[60041] qname:[wikipedia.org.] qtype:[A] respid:[60041] rcode:[NOERROR] respflags:[qr rd ra] err:[<nil>] duration:[91.37142ms]
2025/05/21 05:41:17 worker:[0] reqid:[2995] qname:[x.com.] qtype:[A] respid:[2995] rcode:[NOERROR] respflags:[qr rd ra] err:[<nil>] duration:[100.8925ms]
2025/05/21 05:41:17 worker:[0] reqid:[22180] qname:[amazon.com.] qtype:[A] respid:[22180] rcode:[NOERROR] respflags:[qr rd ra] err:[<nil>] duration:[89.118309ms]
2025/05/21 05:41:17 worker:[0] reqid:[45199] qname:[tiktok.com.] qtype:[A] respid:[45199] rcode:[NOERROR] respflags:[qr rd ra] err:[<nil>] duration:[95.845298ms]
2025/05/21 05:41:17 worker:[0] reqid:[25181] qname:[whatsapp.com.] qtype:[A] respid:[25181] rcode:[NOERROR] respflags:[qr rd ra] err:[<nil>] duration:[103.884969ms]
2025/05/21 05:41:17 worker:[0] reqid:[9942] qname:[yahoo.com.] qtype:[A] respid:[9942] rcode:[NOERROR] respflags:[qr rd ra] err:[<nil>] duration:[124.377282ms]
2025/05/21 05:41:17 worker:[0] reqid:[47891] qname:[google.com.] qtype:[A] respid:[47891] rcode:[NOERROR] respflags:[qr rd ra] err:[<nil>] duration:[104.717003ms]
2025/05/21 05:41:17 worker:[0] reqid:[9584] qname:[googleusercontent.com.] qtype:[A] respid:[9584] rcode:[NOERROR] respflags:[qr rd ra] err:[<nil>] duration:[90.391625ms]
2025/05/21 05:41:17 worker:[0] reqid:[44677] qname:[facebook.com.] qtype:[A] respid:[44677] rcode:[NOERROR] respflags:[qr rd ra] err:[<nil>] duration:[88.976995ms]
2025/05/21 05:41:17 worker:[0] reqid:[29391] qname:[instagram.com.] qtype:[A] respid:[29391] rcode:[NOERROR] respflags:[qr rd ra] err:[<nil>] duration:[89.762539ms]
2025/05/21 05:41:17 worker:[0] reqid:[10367] qname:[wikipedia.org.] qtype:[A] respid:[10367] rcode:[NOERROR] respflags:[qr rd ra] err:[<nil>] duration:[92.715531ms]
2025/05/21 05:41:18 worker:[0] reqid:[18872] qname:[x.com.] qtype:[A] respid:[18872] rcode:[NOERROR] respflags:[qr rd ra] err:[<nil>] duration:[92.833263ms]
2025/05/21 05:41:18 worker:[0] reqid:[8003] qname:[amazon.com.] qtype:[A] respid:[8003] rcode:[NOERROR] respflags:[qr rd ra] err:[<nil>] duration:[297.627969ms]
2025/05/21 05:41:18 worker:[0] reqid:[34534] qname:[tiktok.com.] qtype:[A] respid:[34534] rcode:[NOERROR] respflags:[qr rd ra] err:[<nil>] duration:[90.336327ms]
2025/05/21 05:41:18 worker:[0] reqid:[46832] qname:[whatsapp.com.] qtype:[A] respid:[46832] rcode:[NOERROR] respflags:[qr rd ra] err:[<nil>] duration:[92.713916ms]
2025/05/21 05:41:18 worker:[0] reqid:[14604] qname:[yahoo.com.] qtype:[A] respid:[14604] rcode:[NOERROR] respflags:[qr rd ra] err:[<nil>] duration:[90.605424ms]
2025/05/21 05:41:18 worker:[0] reqid:[8462] qname:[google.com.] qtype:[A] respid:[8462] rcode:[NOERROR] respflags:[qr rd ra] err:[<nil>] duration:[90.22202ms]
2025/05/21 05:41:18 worker:[0] reqid:[57154] qname:[googleusercontent.com.] qtype:[A] respid:[57154] rcode:[NOERROR] respflags:[qr rd ra] err:[<nil>] duration:[96.149041ms]
2025/05/21 05:41:18 worker:[0] reqid:[30589] qname:[facebook.com.] qtype:[A] respid:[30589] rcode:[NOERROR] respflags:[qr rd ra] err:[<nil>] duration:[90.412495ms]
2025/05/21 05:41:18 worker:[0] reqid:[46731] qname:[instagram.com.] qtype:[A] respid:[46731] rcode:[NOERROR] respflags:[qr rd ra] err:[<nil>] duration:[90.797193ms]
2025/05/21 05:41:19 worker:[0] reqid:[44399] qname:[wikipedia.org.] qtype:[A] respid:[44399] rcode:[NOERROR] respflags:[qr rd ra] err:[<nil>] duration:[92.062347ms]
2025/05/21 05:41:19 worker:[0] reqid:[51613] qname:[x.com.] qtype:[A] respid:[51613] rcode:[NOERROR] respflags:[qr rd ra] err:[<nil>] duration:[89.854026ms]
2025/05/21 05:41:19 worker:[0] reqid:[38386] qname:[amazon.com.] qtype:[A] respid:[38386] rcode:[NOERROR] respflags:[qr rd ra] err:[<nil>] duration:[90.432502ms]
2025/05/21 05:41:19 worker:[0] reqid:[4033] qname:[tiktok.com.] qtype:[A] respid:[4033] rcode:[NOERROR] respflags:[qr rd ra] err:[<nil>] duration:[91.063246ms]
2025/05/21 05:41:19 worker:[0] reqid:[55013] qname:[whatsapp.com.] qtype:[A] respid:[55013] rcode:[NOERROR] respflags:[qr rd ra] err:[<nil>] duration:[90.202544ms]
2025/05/21 05:41:19 worker:[0] reqid:[59401] qname:[yahoo.com.] qtype:[A] respid:[59401] rcode:[NOERROR] respflags:[qr rd ra] err:[<nil>] duration:[91.495132ms]
2025/05/21 05:41:19 worker:[0] reqid:[44251] qname:[google.com.] qtype:[A] respid:[44251] rcode:[NOERROR] respflags:[qr rd ra] err:[<nil>] duration:[91.396714ms]
2025/05/21 05:41:19 worker:[0] reqid:[39507] qname:[googleusercontent.com.] qtype:[A] respid:[39507] rcode:[NOERROR] respflags:[qr rd ra] err:[<nil>] duration:[299.342071ms]
2025/05/21 05:41:19 worker:[0] reqid:[44076] qname:[facebook.com.] qtype:[A] respid:[44076] rcode:[NOERROR] respflags:[qr rd ra] err:[<nil>] duration:[92.029529ms]
2025/05/21 05:41:20 worker:[0] reqid:[9859] qname:[instagram.com.] qtype:[A] respid:[9859] rcode:[NOERROR] respflags:[qr rd ra] err:[<nil>] duration:[90.489452ms]
2025/05/21 05:41:20 worker:[0] reqid:[22768] qname:[wikipedia.org.] qtype:[A] respid:[22768] rcode:[NOERROR] respflags:[qr rd ra] err:[<nil>] duration:[90.509803ms]
2025/05/21 05:41:20 worker:[0] reqid:[31862] qname:[x.com.] qtype:[A] respid:[31862] rcode:[NOERROR] respflags:[qr rd ra] err:[<nil>] duration:[309.715364ms]
2025/05/21 05:41:20 worker:[0] reqid:[19958] qname:[amazon.com.] qtype:[A] respid:[19958] rcode:[NOERROR] respflags:[qr rd ra] err:[<nil>] duration:[89.7884ms]
2025/05/21 05:41:20 worker:[0] reqid:[17672] qname:[tiktok.com.] qtype:[A] respid:[17672] rcode:[NOERROR] respflags:[qr rd ra] err:[<nil>] duration:[89.618485ms]
2025/05/21 05:41:20 worker:[0] reqid:[57562] qname:[whatsapp.com.] qtype:[A] respid:[57562] rcode:[NOERROR] respflags:[qr rd ra] err:[<nil>] duration:[90.501256ms]
2025/05/21 05:41:20 worker:[0] reqid:[52711] qname:[yahoo.com.] qtype:[A] respid:[52711] rcode:[NOERROR] respflags:[qr rd ra] err:[<nil>] duration:[90.865108ms]
2025/05/21 05:41:20 worker:[0] reqid:[16072] qname:[google.com.] qtype:[A] respid:[16072] rcode:[NOERROR] respflags:[qr rd ra] err:[<nil>] duration:[89.900115ms]
2025/05/21 05:41:21 worker:[0] reqid:[54010] qname:[googleusercontent.com.] qtype:[A] respid:[54010] rcode:[NOERROR] respflags:[qr rd ra] err:[<nil>] duration:[90.168433ms]
2025/05/21 05:41:21 worker:[0] reqid:[31647] qname:[facebook.com.] qtype:[A] respid:[31647] rcode:[NOERROR] respflags:[qr rd ra] err:[<nil>] duration:[90.542117ms]
2025/05/21 05:41:21 worker:[0] reqid:[34603] qname:[instagram.com.] qtype:[A] respid:[34603] rcode:[NOERROR] respflags:[qr rd ra] err:[<nil>] duration:[90.683355ms]
2025/05/21 05:41:21 worker:[0] reqid:[22052] qname:[wikipedia.org.] qtype:[A] respid:[22052] rcode:[NOERROR] respflags:[qr rd ra] err:[<nil>] duration:[732.099928ms]
2025/05/21 05:41:22 worker:[0] reqid:[55336] qname:[x.com.] qtype:[A] respid:[55336] rcode:[NOERROR] respflags:[qr rd ra] err:[<nil>] duration:[102.262163ms]
2025/05/21 05:41:22 worker:[0] reqid:[5905] qname:[amazon.com.] qtype:[A] respid:[5905] rcode:[NOERROR] respflags:[qr rd ra] err:[<nil>] duration:[90.054123ms]
2025/05/21 05:41:22 worker:[0] reqid:[61185] qname:[tiktok.com.] qtype:[A] respid:[61185] rcode:[NOERROR] respflags:[qr rd ra] err:[<nil>] duration:[92.384974ms]
2025/05/21 05:41:22 worker:[0] reqid:[17855] qname:[whatsapp.com.] qtype:[A] respid:[17855] rcode:[NOERROR] respflags:[qr rd ra] err:[<nil>] duration:[295.798634ms]
2025/05/21 05:41:22 worker:[0] reqid:[46255] qname:[yahoo.com.] qtype:[A] respid:[46255] rcode:[NOERROR] respflags:[qr rd ra] err:[<nil>] duration:[90.391786ms]
2025/05/21 05:41:22 worker:[0] reqid:[37854] qname:[google.com.] qtype:[A] respid:[37854] rcode:[NOERROR] respflags:[qr rd ra] err:[<nil>] duration:[297.746365ms]
2025/05/21 05:41:23 worker:[0] reqid:[43477] qname:[googleusercontent.com.] qtype:[A] respid:[43477] rcode:[NOERROR] respflags:[qr rd ra] err:[<nil>] duration:[96.512288ms]
2025/05/21 05:41:23 worker:[0] reqid:[38956] qname:[facebook.com.] qtype:[A] respid:[38956] rcode:[NOERROR] respflags:[qr rd ra] err:[<nil>] duration:[92.14964ms]
2025/05/21 05:41:23 worker:[0] reqid:[1086] qname:[instagram.com.] qtype:[A] respid:[1086] rcode:[NOERROR] respflags:[qr rd ra] err:[<nil>] duration:[299.558471ms]
2025/05/21 05:41:23 worker:[0] reqid:[39828] qname:[wikipedia.org.] qtype:[A] respid:[39828] rcode:[NOERROR] respflags:[qr rd ra] err:[<nil>] duration:[92.813356ms]
2025/05/21 05:41:23 worker:[0] reqid:[46145] qname:[x.com.] qtype:[A] respid:[46145] rcode:[NOERROR] respflags:[qr rd ra] err:[<nil>] duration:[91.611812ms]
2025/05/21 05:41:23 worker:[0] reqid:[52793] qname:[amazon.com.] qtype:[A] respid:[52793] rcode:[NOERROR] respflags:[qr rd ra] err:[<nil>] duration:[93.246503ms]
2025/05/21 05:41:23 worker:[0] reqid:[34653] qname:[tiktok.com.] qtype:[A] respid:[34653] rcode:[NOERROR] respflags:[qr rd ra] err:[<nil>] duration:[296.059407ms]
2025/05/21 05:41:24 worker:[0] reqid:[39239] qname:[whatsapp.com.] qtype:[A] respid:[39239] rcode:[NOERROR] respflags:[qr rd ra] err:[<nil>] duration:[99.931999ms]
2025/05/21 05:41:24 worker:[0] reqid:[7311] qname:[yahoo.com.] qtype:[A] respid:[7311] rcode:[NOERROR] respflags:[qr rd ra] err:[<nil>] duration:[90.631073ms]
2025/05/21 05:41:24 worker:[0] reqid:[20256] qname:[google.com.] qtype:[A] respid:[20256] rcode:[NOERROR] respflags:[qr rd ra] err:[<nil>] duration:[93.47627ms]
2025/05/21 05:41:24 worker:[0] reqid:[51004] qname:[googleusercontent.com.] qtype:[A] respid:[51004] rcode:[NOERROR] respflags:[qr rd ra] err:[<nil>] duration:[91.425211ms]
2025/05/21 05:41:24 worker:[0] reqid:[47642] qname:[facebook.com.] qtype:[A] respid:[47642] rcode:[NOERROR] respflags:[qr rd ra] err:[<nil>] duration:[92.766466ms]
2025/05/21 05:41:24 worker:[0] reqid:[46392] qname:[instagram.com.] qtype:[A] respid:[46392] rcode:[NOERROR] respflags:[qr rd ra] err:[<nil>] duration:[93.310178ms]
2025/05/21 05:41:24 worker:[0] reqid:[14764] qname:[wikipedia.org.] qtype:[A] respid:[14764] rcode:[NOERROR] respflags:[qr rd ra] err:[<nil>] duration:[89.714672ms]
2025/05/21 05:41:24 worker:[0] reqid:[35394] qname:[x.com.] qtype:[A] respid:[35394] rcode:[NOERROR] respflags:[qr rd ra] err:[<nil>] duration:[88.950976ms]
2025/05/21 05:41:24 worker:[0] reqid:[3943] qname:[amazon.com.] qtype:[A] respid:[3943] rcode:[NOERROR] respflags:[qr rd ra] err:[<nil>] duration:[93.012008ms]
2025/05/21 05:41:24 worker:[0] reqid:[30986] qname:[tiktok.com.] qtype:[A] respid:[30986] rcode:[NOERROR] respflags:[qr rd ra] err:[<nil>] duration:[89.156903ms]
2025/05/21 05:41:24 worker:[0] reqid:[15546] qname:[whatsapp.com.] qtype:[A] respid:[15546] rcode:[NOERROR] respflags:[qr rd ra] err:[<nil>] duration:[90.79242ms]
2025/05/21 05:41:25 worker:[0] reqid:[12955] qname:[yahoo.com.] qtype:[A] respid:[12955] rcode:[NOERROR] respflags:[qr rd ra] err:[<nil>] duration:[300.518754ms]
2025/05/21 05:41:25 worker:[0] reqid:[61033] qname:[google.com.] qtype:[A] respid:[61033] rcode:[NOERROR] respflags:[qr rd ra] err:[<nil>] duration:[91.524507ms]
2025/05/21 05:41:25 worker:[0] reqid:[63504] qname:[googleusercontent.com.] qtype:[A] respid:[63504] rcode:[NOERROR] respflags:[qr rd ra] err:[<nil>] duration:[92.917989ms]
2025/05/21 05:41:25 worker:[0] reqid:[10392] qname:[facebook.com.] qtype:[A] respid:[10392] rcode:[NOERROR] respflags:[qr rd ra] err:[<nil>] duration:[92.690702ms]
2025/05/21 05:41:25 worker:[0] reqid:[33022] qname:[instagram.com.] qtype:[A] respid:[33022] rcode:[NOERROR] respflags:[qr rd ra] err:[<nil>] duration:[297.371575ms]
2025/05/21 05:41:25 worker:[0] reqid:[6709] qname:[wikipedia.org.] qtype:[A] respid:[6709] rcode:[NOERROR] respflags:[qr rd ra] err:[<nil>] duration:[90.422249ms]
2025/05/21 05:41:26 worker:[0] reqid:[55379] qname:[x.com.] qtype:[A] respid:[55379] rcode:[NOERROR] respflags:[qr rd ra] err:[<nil>] duration:[90.426806ms]
2025/05/21 05:41:26 worker:[0] reqid:[37340] qname:[amazon.com.] qtype:[A] respid:[37340] rcode:[NOERROR] respflags:[qr rd ra] err:[<nil>] duration:[93.317466ms]
2025/05/21 05:41:26 worker:[0] reqid:[37748] qname:[tiktok.com.] qtype:[A] respid:[37748] rcode:[NOERROR] respflags:[qr rd ra] err:[<nil>] duration:[101.636335ms]
2025/05/21 05:41:26 worker:[0] reqid:[53174] qname:[whatsapp.com.] qtype:[A] respid:[53174] rcode:[NOERROR] respflags:[qr rd ra] err:[<nil>] duration:[90.085991ms]
2025/05/21 05:41:26 worker:[0] reqid:[52150] qname:[yahoo.com.] qtype:[A] respid:[52150] rcode:[NOERROR] respflags:[qr rd ra] err:[<nil>] duration:[89.245212ms]
