2025/05/21 05:47:29 failed to sufficiently increase receive buffer size (was: 208 kiB, wanted: 7168 kiB, got: 416 kiB). See https://github.com/quic-go/quic-go/wiki/UDP-Buffer-Sizes for details.
2025/05/21 05:47:29 worker:[0] reqid:[0] qname:[google.com.] qtype:[A] respid:[0] rcode:[NOERROR] respflags:[qr rd ra] err:[<nil>] duration:[331.02297ms]
2025/05/21 05:47:29 worker:[0] reqid:[0] qname:[googleusercontent.com.] qtype:[A] respid:[0] rcode:[NOERROR] respflags:[qr rd ra] err:[<nil>] duration:[86.045017ms]
2025/05/21 05:47:29 worker:[0] reqid:[0] qname:[facebook.com.] qtype:[A] respid:[0] rcode:[NOERROR] respflags:[qr rd ra] err:[<nil>] duration:[100.381947ms]
2025/05/21 05:47:29 worker:[0] reqid:[0] qname:[instagram.com.] qtype:[A] respid:[0] rcode:[NOERROR] respflags:[qr rd ra] err:[<nil>] duration:[93.839886ms]
2025/05/21 05:47:30 worker:[0] reqid:[0] qname:[wikipedia.org.] qtype:[A] respid:[0] rcode:[NOERROR] respflags:[qr rd ra] err:[<nil>] duration:[205.635765ms]
2025/05/21 05:47:30 worker:[0] reqid:[0] qname:[x.com.] qtype:[A] respid:[0] rcode:[NOERROR] respflags:[qr rd ra] err:[<nil>] duration:[86.006641ms]
2025/05/21 05:47:30 worker:[0] reqid:[0] qname:[amazon.com.] qtype:[A] respid:[0] rcode:[NOERROR] respflags:[qr rd ra] err:[<nil>] duration:[87.388314ms]
2025/05/21 05:47:30 worker:[0] reqid:[0] qname:[tiktok.com.] qtype:[A] respid:[0] rcode:[NOERROR] respflags:[qr rd ra] err:[<nil>] duration:[86.806024ms]
2025/05/21 05:47:30 worker:[0] reqid:[0] qname:[whatsapp.com.] qtype:[A] respid:[0] rcode:[NOERROR] respflags:[qr rd ra] err:[<nil>] duration:[93.56717ms]
2025/05/21 05:47:30 worker:[0] reqid:[0] qname:[yahoo.com.] qtype:[A] respid:[0] rcode:[NOERROR] respflags:[qr rd ra] err:[<nil>] duration:[88.662165ms]
2025/05/21 05:47:30 worker:[0] reqid:[0] qname:[google.com.] qtype:[A] respid:[0] rcode:[NOERROR] respflags:[qr rd ra] err:[<nil>] duration:[86.4533ms]
2025/05/21 05:47:30 worker:[0] reqid:[0] qname:[googleusercontent.com.] qtype:[A] respid:[0] rcode:[NOERROR] respflags:[qr rd ra] err:[<nil>] duration:[85.588759ms]
2025/05/21 05:47:30 worker:[0] reqid:[0] qname:[facebook.com.] qtype:[A] respid:[0] rcode:[NOERROR] respflags:[qr rd ra] err:[<nil>] duration:[84.963327ms]
2025/05/21 05:47:30 worker:[0] reqid:[0] qname:[instagram.com.] qtype:[A] respid:[0] rcode:[NOERROR] respflags:[qr rd ra] err:[<nil>] duration:[84.65715ms]
2025/05/21 05:47:31 worker:[0] reqid:[0] qname:[wikipedia.org.] qtype:[A] respid:[0] rcode:[NOERROR] respflags:[qr rd ra] err:[<nil>] duration:[85.012305ms]
2025/05/21 05:47:31 worker:[0] reqid:[0] qname:[x.com.] qtype:[A] respid:[0] rcode:[NOERROR] respflags:[qr rd ra] err:[<nil>] duration:[84.723541ms]
2025/05/21 05:47:31 worker:[0] reqid:[0] qname:[amazon.com.] qtype:[A] respid:[0] rcode:[NOERROR] respflags:[qr rd ra] err:[<nil>] duration:[85.048636ms]
2025/05/21 05:47:31 worker:[0] reqid:[0] qname:[tiktok.com.] qtype:[A] respid:[0] rcode:[NOERROR] respflags:[qr rd ra] err:[<nil>] duration:[85.247791ms]
2025/05/21 05:47:31 worker:[0] reqid:[0] qname:[whatsapp.com.] qtype:[A] respid:[0] rcode:[NOERROR] respflags:[qr rd ra] err:[<nil>] duration:[86.377633ms]
2025/05/21 05:47:31 worker:[0] reqid:[0] qname:[yahoo.com.] qtype:[A] respid:[0] rcode:[NOERROR] respflags:[qr rd ra] err:[<nil>] duration:[84.973859ms]
2025/05/21 05:47:31 worker:[0] reqid:[0] qname:[google.com.] qtype:[A] respid:[0] rcode:[NOERROR] respflags:[qr rd ra] err:[<nil>] duration:[114.449593ms]
2025/05/21 05:47:31 worker:[0] reqid:[0] qname:[googleusercontent.com.] qtype:[A] respid:[0] rcode:[NOERROR] respflags:[qr rd ra] err:[<nil>] duration:[273.686004ms]
2025/05/21 05:47:31 worker:[0] reqid:[0] qname:[facebook.com.] qtype:[A] respid:[0] rcode:[NOERROR] respflags:[qr rd ra] err:[<nil>] duration:[87.696076ms]
2025/05/21 05:47:32 worker:[0] reqid:[0] qname:[instagram.com.] qtype:[A] respid:[0] rcode:[NOERROR] respflags:[qr rd ra] err:[<nil>] duration:[87.288153ms]
2025/05/21 05:47:32 worker:[0] reqid:[0] qname:[wikipedia.org.] qtype:[A] respid:[0] rcode:[NOERROR] respflags:[qr rd ra] err:[<nil>] duration:[86.874615ms]
2025/05/21 05:47:32 worker:[0] reqid:[0] qname:[x.com.] qtype:[A] respid:[0] rcode:[NOERROR] respflags:[qr rd ra] err:[<nil>] duration:[85.525098ms]
2025/05/21 05:47:32 worker:[0] reqid:[0] qname:[amazon.com.] qtype:[A] respid:[0] rcode:[NOERROR] respflags:[qr rd ra] err:[<nil>] duration:[84.702525ms]
2025/05/21 05:47:32 worker:[0] reqid:[0] qname:[tiktok.com.] qtype:[A] respid:[0] rcode:[NOERROR] respflags:[qr rd ra] err:[<nil>] duration:[84.693109ms]
2025/05/21 05:47:32 worker:[0] reqid:[0] qname:[whatsapp.com.] qtype:[A] respid:[0] rcode:[NOERROR] respflags:[qr rd ra] err:[<nil>] duration:[84.850928ms]
2025/05/21 05:47:32 worker:[0] reqid:[0] qname:[yahoo.com.] qtype:[A] respid:[0] rcode:[NOERROR] respflags:[qr rd ra] err:[<nil>] duration:[84.781264ms]
2025/05/21 05:47:32 worker:[0] reqid:[0] qname:[google.com.] qtype:[A] respid:[0] rcode:[NOERROR] respflags:[qr rd ra] err:[<nil>] duration:[84.687945ms]
2025/05/21 05:47:32 worker:[0] reqid:[0] qname:[googleusercontent.com.] qtype:[A] respid:[0] rcode:[NOERROR] respflags:[qr rd ra] err:[<nil>] duration:[85.633963ms]
2025/05/21 05:47:32 worker:[0] reqid:[0] qname:[facebook.com.] qtype:[A] respid:[0] rcode:[NOERROR] respflags:[qr rd ra] err:[<nil>] duration:[84.946693ms]
2025/05/21 05:47:32 worker:[0] reqid:[0] qname:[instagram.com.] qtype:[A] respid:[0] rcode:[NOERROR] respflags:[qr rd ra] err:[<nil>] duration:[85.136397ms]
2025/05/21 05:47:32 worker:[0] reqid:[0] qname:[wikipedia.org.] qtype:[A] respid:[0] rcode:[NOERROR] respflags:[qr rd ra] err:[<nil>] duration:[86.971334ms]
2025/05/21 05:47:33 worker:[0] reqid:[0] qname:[x.com.] qtype:[A] respid:[0] rcode:[NOERROR] respflags:[qr rd ra] err:[<nil>] duration:[85.936041ms]
2025/05/21 05:47:33 worker:[0] reqid:[0] qname:[amazon.com.] qtype:[A] respid:[0] rcode:[NOERROR] respflags:[qr rd ra] err:[<nil>] duration:[86.358656ms]
2025/05/21 05:47:33 worker:[0] reqid:[0] qname:[tiktok.com.] qtype:[A] respid:[0] rcode:[NOERROR] respflags:[qr rd ra] err:[<nil>] duration:[87.592411ms]
2025/05/21 05:47:33 worker:[0] reqid:[0] qname:[whatsapp.com.] qtype:[A] respid:[0] rcode:[NOERROR] respflags:[qr rd ra] err:[<nil>] duration:[84.913889ms]
2025/05/21 05:47:33 worker:[0] reqid:[0] qname:[yahoo.com.] qtype:[A] respid:[0] rcode:[NOERROR] respflags:[qr rd ra] err:[<nil>] duration:[89.207371ms]
2025/05/21 05:47:33 worker:[0] reqid:[0] qname:[google.com.] qtype:[A] respid:[0] rcode:[NOERROR] respflags:[qr rd ra] err:[<nil>] duration:[91.77442ms]
2025/05/21 05:47:33 worker:[0] reqid:[0] qname:[googleusercontent.com.] qtype:[A] respid:[0] rcode:[NOERROR] respflags:[qr rd ra] err:[<nil>] duration:[87.533563ms]
2025/05/21 05:47:33 worker:[0] reqid:[0] qname:[facebook.com.] qtype:[A] respid:[0] rcode:[NOERROR] respflags:[qr rd ra] err:[<nil>] duration:[89.676032ms]
2025/05/21 05:47:33 worker:[0] reqid:[0] qname:[instagram.com.] qtype:[A] respid:[0] rcode:[NOERROR] respflags:[qr rd ra] err:[<nil>] duration:[96.875ms]
2025/05/21 05:47:33 worker:[0] reqid:[0] qname:[wikipedia.org.] qtype:[A] respid:[0] rcode:[NOERROR] respflags:[qr rd ra] err:[<nil>] duration:[90.427167ms]
2025/05/21 05:47:33 worker:[0] reqid:[0] qname:[x.com.] qtype:[A] respid:[0] rcode:[NOERROR] respflags:[qr rd ra] err:[<nil>] duration:[87.854418ms]
2025/05/21 05:47:34 worker:[0] reqid:[0] qname:[amazon.com.] qtype:[A] respid:[0] rcode:[NOERROR] respflags:[qr rd ra] err:[<nil>] duration:[86.255085ms]
2025/05/21 05:47:34 worker:[0] reqid:[0] qname:[tiktok.com.] qtype:[A] respid:[0] rcode:[NOERROR] respflags:[qr rd ra] err:[<nil>] duration:[84.615253ms]
2025/05/21 05:47:34 worker:[0] reqid:[0] qname:[whatsapp.com.] qtype:[A] respid:[0] rcode:[NOERROR] respflags:[qr rd ra] err:[<nil>] duration:[85.732662ms]
2025/05/21 05:47:34 worker:[0] reqid:[0] qname:[yahoo.com.] qtype:[A] respid:[0] rcode:[NOERROR] respflags:[qr rd ra] err:[<nil>] duration:[84.229597ms]
2025/05/21 05:47:34 worker:[0] reqid:[0] qname:[google.com.] qtype:[A] respid:[0] rcode:[NOERROR] respflags:[qr rd ra] err:[<nil>] duration:[84.441471ms]
2025/05/21 05:47:34 worker:[0] reqid:[0] qname:[googleusercontent.com.] qtype:[A] respid:[0] rcode:[NOERROR] respflags:[qr rd ra] err:[<nil>] duration:[84.381882ms]
2025/05/21 05:47:34 worker:[0] reqid:[0] qname:[facebook.com.] qtype:[A] respid:[0] rcode:[NOERROR] respflags:[qr rd ra] err:[<nil>] duration:[86.14673ms]
2025/05/21 05:47:34 worker:[0] reqid:[0] qname:[instagram.com.] qtype:[A] respid:[0] rcode:[NOERROR] respflags:[qr rd ra] err:[<nil>] duration:[86.753693ms]
2025/05/21 05:47:34 worker:[0] reqid:[0] qname:[wikipedia.org.] qtype:[A] respid:[0] rcode:[NOERROR] respflags:[qr rd ra] err:[<nil>] duration:[87.472664ms]
2025/05/21 05:47:34 worker:[0] reqid:[0] qname:[x.com.] qtype:[A] respid:[0] rcode:[NOERROR] respflags:[qr rd ra] err:[<nil>] duration:[84.838027ms]
2025/05/21 05:47:34 worker:[0] reqid:[0] qname:[amazon.com.] qtype:[A] respid:[0] rcode:[NOERROR] respflags:[qr rd ra] err:[<nil>] duration:[84.359718ms]
2025/05/21 05:47:34 worker:[0] reqid:[0] qname:[tiktok.com.] qtype:[A] respid:[0] rcode:[NOERROR] respflags:[qr rd ra] err:[<nil>] duration:[88.446833ms]
2025/05/21 05:47:35 worker:[0] reqid:[0] qname:[whatsapp.com.] qtype:[A] respid:[0] rcode:[NOERROR] respflags:[qr rd ra] err:[<nil>] duration:[86.046756ms]
2025/05/21 05:47:35 worker:[0] reqid:[0] qname:[yahoo.com.] qtype:[A] respid:[0] rcode:[NOERROR] respflags:[qr rd ra] err:[<nil>] duration:[85.415807ms]
2025/05/21 05:47:35 worker:[0] reqid:[0] qname:[google.com.] qtype:[A] respid:[0] rcode:[NOERROR] respflags:[qr rd ra] err:[<nil>] duration:[85.680998ms]
2025/05/21 05:47:35 worker:[0] reqid:[0] qname:[googleusercontent.com.] qtype:[A] respid:[0] rcode:[NOERROR] respflags:[qr rd ra] err:[<nil>] duration:[86.666023ms]
2025/05/21 05:47:35 worker:[0] reqid:[0] qname:[facebook.com.] qtype:[A] respid:[0] rcode:[NOERROR] respflags:[qr rd ra] err:[<nil>] duration:[85.931142ms]
2025/05/21 05:47:35 worker:[0] reqid:[0] qname:[instagram.com.] qtype:[A] respid:[0] rcode:[NOERROR] respflags:[qr rd ra] err:[<nil>] duration:[85.145872ms]
2025/05/21 05:47:35 worker:[0] reqid:[0] qname:[wikipedia.org.] qtype:[A] respid:[0] rcode:[NOERROR] respflags:[qr rd ra] err:[<nil>] duration:[87.055271ms]
2025/05/21 05:47:35 worker:[0] reqid:[0] qname:[x.com.] qtype:[A] respid:[0] rcode:[NOERROR] respflags:[qr rd ra] err:[<nil>] duration:[84.530733ms]
2025/05/21 05:47:35 worker:[0] reqid:[0] qname:[amazon.com.] qtype:[A] respid:[0] rcode:[NOERROR] respflags:[qr rd ra] err:[<nil>] duration:[84.865135ms]
2025/05/21 05:47:35 worker:[0] reqid:[0] qname:[tiktok.com.] qtype:[A] respid:[0] rcode:[NOERROR] respflags:[qr rd ra] err:[<nil>] duration:[84.531295ms]
2025/05/21 05:47:35 worker:[0] reqid:[0] qname:[whatsapp.com.] qtype:[A] respid:[0] rcode:[NOERROR] respflags:[qr rd ra] err:[<nil>] duration:[86.269533ms]
2025/05/21 05:47:36 worker:[0] reqid:[0] qname:[yahoo.com.] qtype:[A] respid:[0] rcode:[NOERROR] respflags:[qr rd ra] err:[<nil>] duration:[85.686974ms]
2025/05/21 05:47:36 worker:[0] reqid:[0] qname:[google.com.] qtype:[A] respid:[0] rcode:[NOERROR] respflags:[qr rd ra] err:[<nil>] duration:[85.243688ms]
2025/05/21 05:47:36 worker:[0] reqid:[0] qname:[googleusercontent.com.] qtype:[A] respid:[0] rcode:[NOERROR] respflags:[qr rd ra] err:[<nil>] duration:[88.855147ms]
2025/05/21 05:47:36 worker:[0] reqid:[0] qname:[facebook.com.] qtype:[A] respid:[0] rcode:[NOERROR] respflags:[qr rd ra] err:[<nil>] duration:[93.323639ms]
2025/05/21 05:47:36 worker:[0] reqid:[0] qname:[instagram.com.] qtype:[A] respid:[0] rcode:[NOERROR] respflags:[qr rd ra] err:[<nil>] duration:[85.065184ms]
2025/05/21 05:47:36 worker:[0] reqid:[0] qname:[wikipedia.org.] qtype:[A] respid:[0] rcode:[NOERROR] respflags:[qr rd ra] err:[<nil>] duration:[85.839742ms]
2025/05/21 05:47:36 worker:[0] reqid:[0] qname:[x.com.] qtype:[A] respid:[0] rcode:[NOERROR] respflags:[qr rd ra] err:[<nil>] duration:[87.466371ms]
2025/05/21 05:47:36 worker:[0] reqid:[0] qname:[amazon.com.] qtype:[A] respid:[0] rcode:[NOERROR] respflags:[qr rd ra] err:[<nil>] duration:[90.397898ms]
2025/05/21 05:47:36 worker:[0] reqid:[0] qname:[tiktok.com.] qtype:[A] respid:[0] rcode:[NOERROR] respflags:[qr rd ra] err:[<nil>] duration:[86.048665ms]
2025/05/21 05:47:36 worker:[0] reqid:[0] qname:[whatsapp.com.] qtype:[A] respid:[0] rcode:[NOERROR] respflags:[qr rd ra] err:[<nil>] duration:[84.853144ms]
2025/05/21 05:47:36 worker:[0] reqid:[0] qname:[yahoo.com.] qtype:[A] respid:[0] rcode:[NOERROR] respflags:[qr rd ra] err:[<nil>] duration:[85.0122ms]
2025/05/21 05:47:36 worker:[0] reqid:[0] qname:[google.com.] qtype:[A] respid:[0] rcode:[NOERROR] respflags:[qr rd ra] err:[<nil>] duration:[84.934216ms]
2025/05/21 05:47:37 worker:[0] reqid:[0] qname:[googleusercontent.com.] qtype:[A] respid:[0] rcode:[NOERROR] respflags:[qr rd ra] err:[<nil>] duration:[84.684979ms]
2025/05/21 05:47:37 worker:[0] reqid:[0] qname:[facebook.com.] qtype:[A] respid:[0] rcode:[NOERROR] respflags:[qr rd ra] err:[<nil>] duration:[84.878296ms]
2025/05/21 05:47:37 worker:[0] reqid:[0] qname:[instagram.com.] qtype:[A] respid:[0] rcode:[NOERROR] respflags:[qr rd ra] err:[<nil>] duration:[85.440081ms]
2025/05/21 05:47:37 worker:[0] reqid:[0] qname:[wikipedia.org.] qtype:[A] respid:[0] rcode:[NOERROR] respflags:[qr rd ra] err:[<nil>] duration:[87.618638ms]
2025/05/21 05:47:37 worker:[0] reqid:[0] qname:[x.com.] qtype:[A] respid:[0] rcode:[NOERROR] respflags:[qr rd ra] err:[<nil>] duration:[84.945585ms]
2025/05/21 05:47:37 worker:[0] reqid:[0] qname:[amazon.com.] qtype:[A] respid:[0] rcode:[NOERROR] respflags:[qr rd ra] err:[<nil>] duration:[84.500649ms]
2025/05/21 05:47:37 worker:[0] reqid:[0] qname:[tiktok.com.] qtype:[A] respid:[0] rcode:[NOERROR] respflags:[qr rd ra] err:[<nil>] duration:[84.556542ms]
2025/05/21 05:47:37 worker:[0] reqid:[0] qname:[whatsapp.com.] qtype:[A] respid:[0] rcode:[NOERROR] respflags:[qr rd ra] err:[<nil>] duration:[84.399314ms]
2025/05/21 05:47:37 worker:[0] reqid:[0] qname:[yahoo.com.] qtype:[A] respid:[0] rcode:[NOERROR] respflags:[qr rd ra] err:[<nil>] duration:[85.376336ms]
2025/05/21 05:47:37 worker:[0] reqid:[0] qname:[google.com.] qtype:[A] respid:[0] rcode:[NOERROR] respflags:[qr rd ra] err:[<nil>] duration:[88.797693ms]
2025/05/21 05:47:37 worker:[0] reqid:[0] qname:[googleusercontent.com.] qtype:[A] respid:[0] rcode:[NOERROR] respflags:[qr rd ra] err:[<nil>] duration:[85.629858ms]
2025/05/21 05:47:38 worker:[0] reqid:[0] qname:[facebook.com.] qtype:[A] respid:[0] rcode:[NOERROR] respflags:[qr rd ra] err:[<nil>] duration:[88.065305ms]
2025/05/21 05:47:38 worker:[0] reqid:[0] qname:[instagram.com.] qtype:[A] respid:[0] rcode:[NOERROR] respflags:[qr rd ra] err:[<nil>] duration:[88.528801ms]
2025/05/21 05:47:38 worker:[0] reqid:[0] qname:[wikipedia.org.] qtype:[A] respid:[0] rcode:[NOERROR] respflags:[qr rd ra] err:[<nil>] duration:[86.49048ms]
2025/05/21 05:47:38 worker:[0] reqid:[0] qname:[x.com.] qtype:[A] respid:[0] rcode:[NOERROR] respflags:[qr rd ra] err:[<nil>] duration:[90.228698ms]
2025/05/21 05:47:38 worker:[0] reqid:[0] qname:[amazon.com.] qtype:[A] respid:[0] rcode:[NOERROR] respflags:[qr rd ra] err:[<nil>] duration:[88.360069ms]
2025/05/21 05:47:38 worker:[0] reqid:[0] qname:[tiktok.com.] qtype:[A] respid:[0] rcode:[NOERROR] respflags:[qr rd ra] err:[<nil>] duration:[86.552516ms]
2025/05/21 05:47:38 worker:[0] reqid:[0] qname:[whatsapp.com.] qtype:[A] respid:[0] rcode:[NOERROR] respflags:[qr rd ra] err:[<nil>] duration:[88.458087ms]
2025/05/21 05:47:38 worker:[0] reqid:[0] qname:[yahoo.com.] qtype:[A] respid:[0] rcode:[NOERROR] respflags:[qr rd ra] err:[<nil>] duration:[94.153117ms]
2025/05/21 05:47:38 worker:[0] reqid:[0] qname:[google.com.] qtype:[A] respid:[0] rcode:[NOERROR] respflags:[qr rd ra] err:[<nil>] duration:[97.693118ms]
2025/05/21 05:47:38 worker:[0] reqid:[0] qname:[googleusercontent.com.] qtype:[A] respid:[0] rcode:[NOERROR] respflags:[qr rd ra] err:[<nil>] duration:[108.523874ms]
2025/05/21 05:47:38 worker:[0] reqid:[0] qname:[facebook.com.] qtype:[A] respid:[0] rcode:[NOERROR] respflags:[qr rd ra] err:[<nil>] duration:[91.430229ms]
2025/05/21 05:47:39 worker:[0] reqid:[0] qname:[instagram.com.] qtype:[A] respid:[0] rcode:[NOERROR] respflags:[qr rd ra] err:[<nil>] duration:[87.700826ms]
2025/05/21 05:47:39 worker:[0] reqid:[0] qname:[wikipedia.org.] qtype:[A] respid:[0] rcode:[NOERROR] respflags:[qr rd ra] err:[<nil>] duration:[84.406254ms]
2025/05/21 05:47:39 worker:[0] reqid:[0] qname:[x.com.] qtype:[A] respid:[0] rcode:[NOERROR] respflags:[qr rd ra] err:[<nil>] duration:[93.227788ms]
2025/05/21 05:47:39 worker:[0] reqid:[0] qname:[amazon.com.] qtype:[A] respid:[0] rcode:[NOERROR] respflags:[qr rd ra] err:[<nil>] duration:[89.816494ms]
2025/05/21 05:47:39 worker:[0] reqid:[0] qname:[tiktok.com.] qtype:[A] respid:[0] rcode:[NOERROR] respflags:[qr rd ra] err:[<nil>] duration:[90.962523ms]
2025/05/21 05:47:39 worker:[0] reqid:[0] qname:[whatsapp.com.] qtype:[A] respid:[0] rcode:[NOERROR] respflags:[qr rd ra] err:[<nil>] duration:[86.053588ms]
2025/05/21 05:47:39 worker:[0] reqid:[0] qname:[yahoo.com.] qtype:[A] respid:[0] rcode:[NOERROR] respflags:[qr rd ra] err:[<nil>] duration:[84.829265ms]
2025/05/21 05:47:39 worker:[0] reqid:[0] qname:[google.com.] qtype:[A] respid:[0] rcode:[NOERROR] respflags:[qr rd ra] err:[<nil>] duration:[85.350361ms]
2025/05/21 05:47:39 worker:[0] reqid:[0] qname:[googleusercontent.com.] qtype:[A] respid:[0] rcode:[NOERROR] respflags:[qr rd ra] err:[<nil>] duration:[85.425588ms]
2025/05/21 05:47:39 worker:[0] reqid:[0] qname:[facebook.com.] qtype:[A] respid:[0] rcode:[NOERROR] respflags:[qr rd ra] err:[<nil>] duration:[87.385125ms]
2025/05/21 05:47:39 worker:[0] reqid:[0] qname:[instagram.com.] qtype:[A] respid:[0] rcode:[NOERROR] respflags:[qr rd ra] err:[<nil>] duration:[85.514076ms]
2025/05/21 05:47:39 worker:[0] reqid:[0] qname:[wikipedia.org.] qtype:[A] respid:[0] rcode:[NOERROR] respflags:[qr rd ra] err:[<nil>] duration:[86.207131ms]
2025/05/21 05:47:40 worker:[0] reqid:[0] qname:[x.com.] qtype:[A] respid:[0] rcode:[NOERROR] respflags:[qr rd ra] err:[<nil>] duration:[86.631019ms]
2025/05/21 05:47:40 worker:[0] reqid:[0] qname:[amazon.com.] qtype:[A] respid:[0] rcode:[NOERROR] respflags:[qr rd ra] err:[<nil>] duration:[87.802892ms]
2025/05/21 05:47:40 worker:[0] reqid:[0] qname:[tiktok.com.] qtype:[A] respid:[0] rcode:[NOERROR] respflags:[qr rd ra] err:[<nil>] duration:[91.301377ms]
2025/05/21 05:47:40 worker:[0] reqid:[0] qname:[whatsapp.com.] qtype:[A] respid:[0] rcode:[NOERROR] respflags:[qr rd ra] err:[<nil>] duration:[86.17775ms]
2025/05/21 05:47:40 worker:[0] reqid:[0] qname:[yahoo.com.] qtype:[A] respid:[0] rcode:[NOERROR] respflags:[qr rd ra] err:[<nil>] duration:[84.669458ms]
2025/05/21 05:47:40 worker:[0] reqid:[0] qname:[google.com.] qtype:[A] respid:[0] rcode:[NOERROR] respflags:[qr rd ra] err:[<nil>] duration:[88.01146ms]
2025/05/21 05:47:40 worker:[0] reqid:[0] qname:[googleusercontent.com.] qtype:[A] respid:[0] rcode:[NOERROR] respflags:[qr rd ra] err:[<nil>] duration:[86.388554ms]
2025/05/21 05:47:40 worker:[0] reqid:[0] qname:[facebook.com.] qtype:[A] respid:[0] rcode:[NOERROR] respflags:[qr rd ra] err:[<nil>] duration:[85.452558ms]
2025/05/21 05:47:40 worker:[0] reqid:[0] qname:[instagram.com.] qtype:[A] respid:[0] rcode:[NOERROR] respflags:[qr rd ra] err:[<nil>] duration:[85.417974ms]
2025/05/21 05:47:41 worker:[0] reqid:[0] qname:[wikipedia.org.] qtype:[A] respid:[0] rcode:[NOERROR] respflags:[qr rd ra] err:[<nil>] duration:[274.35633ms]
2025/05/21 05:47:41 worker:[0] reqid:[0] qname:[x.com.] qtype:[A] respid:[0] rcode:[NOERROR] respflags:[qr rd ra] err:[<nil>] duration:[125.99906ms]
2025/05/21 05:47:41 worker:[0] reqid:[0] qname:[amazon.com.] qtype:[A] respid:[0] rcode:[NOERROR] respflags:[qr rd ra] err:[<nil>] duration:[85.950263ms]
2025/05/21 05:47:41 worker:[0] reqid:[0] qname:[tiktok.com.] qtype:[A] respid:[0] rcode:[NOERROR] respflags:[qr rd ra] err:[<nil>] duration:[86.585383ms]
2025/05/21 05:47:41 worker:[0] reqid:[0] qname:[whatsapp.com.] qtype:[A] respid:[0] rcode:[NOERROR] respflags:[qr rd ra] err:[<nil>] duration:[86.14736ms]
2025/05/21 05:47:41 worker:[0] reqid:[0] qname:[yahoo.com.] qtype:[A] respid:[0] rcode:[NOERROR] respflags:[qr rd ra] err:[<nil>] duration:[84.834716ms]
2025/05/21 05:47:41 worker:[0] reqid:[0] qname:[google.com.] qtype:[A] respid:[0] rcode:[NOERROR] respflags:[qr rd ra] err:[<nil>] duration:[85.514355ms]
2025/05/21 05:47:41 worker:[0] reqid:[0] qname:[googleusercontent.com.] qtype:[A] respid:[0] rcode:[NOERROR] respflags:[qr rd ra] err:[<nil>] duration:[87.075609ms]
2025/05/21 05:47:41 worker:[0] reqid:[0] qname:[facebook.com.] qtype:[A] respid:[0] rcode:[NOERROR] respflags:[qr rd ra] err:[<nil>] duration:[87.513673ms]
2025/05/21 05:47:41 worker:[0] reqid:[0] qname:[instagram.com.] qtype:[A] respid:[0] rcode:[NOERROR] respflags:[qr rd ra] err:[<nil>] duration:[94.439782ms]
2025/05/21 05:47:41 worker:[0] reqid:[0] qname:[wikipedia.org.] qtype:[A] respid:[0] rcode:[NOERROR] respflags:[qr rd ra] err:[<nil>] duration:[86.669121ms]
2025/05/21 05:47:42 worker:[0] reqid:[0] qname:[x.com.] qtype:[A] respid:[0] rcode:[NOERROR] respflags:[qr rd ra] err:[<nil>] duration:[88.320654ms]
2025/05/21 05:47:42 worker:[0] reqid:[0] qname:[amazon.com.] qtype:[A] respid:[0] rcode:[NOERROR] respflags:[qr rd ra] err:[<nil>] duration:[88.140494ms]
2025/05/21 05:47:42 worker:[0] reqid:[0] qname:[tiktok.com.] qtype:[A] respid:[0] rcode:[NOERROR] respflags:[qr rd ra] err:[<nil>] duration:[85.474208ms]
2025/05/21 05:47:42 worker:[0] reqid:[0] qname:[whatsapp.com.] qtype:[A] respid:[0] rcode:[NOERROR] respflags:[qr rd ra] err:[<nil>] duration:[86.774441ms]
2025/05/21 05:47:42 worker:[0] reqid:[0] qname:[yahoo.com.] qtype:[A] respid:[0] rcode:[NOERROR] respflags:[qr rd ra] err:[<nil>] duration:[91.008513ms]
2025/05/21 05:47:42 worker:[0] reqid:[0] qname:[google.com.] qtype:[A] respid:[0] rcode:[NOERROR] respflags:[qr rd ra] err:[<nil>] duration:[90.42219ms]
2025/05/21 05:47:42 worker:[0] reqid:[0] qname:[googleusercontent.com.] qtype:[A] respid:[0] rcode:[NOERROR] respflags:[qr rd ra] err:[<nil>] duration:[87.210558ms]
2025/05/21 05:47:42 worker:[0] reqid:[0] qname:[facebook.com.] qtype:[A] respid:[0] rcode:[NOERROR] respflags:[qr rd ra] err:[<nil>] duration:[85.258728ms]
2025/05/21 05:47:42 worker:[0] reqid:[0] qname:[instagram.com.] qtype:[A] respid:[0] rcode:[NOERROR] respflags:[qr rd ra] err:[<nil>] duration:[86.10346ms]
2025/05/21 05:47:42 worker:[0] reqid:[0] qname:[wikipedia.org.] qtype:[A] respid:[0] rcode:[NOERROR] respflags:[qr rd ra] err:[<nil>] duration:[85.835248ms]
2025/05/21 05:47:42 worker:[0] reqid:[0] qname:[x.com.] qtype:[A] respid:[0] rcode:[NOERROR] respflags:[qr rd ra] err:[<nil>] duration:[85.623863ms]
2025/05/21 05:47:43 worker:[0] reqid:[0] qname:[amazon.com.] qtype:[A] respid:[0] rcode:[NOERROR] respflags:[qr rd ra] err:[<nil>] duration:[85.155308ms]
2025/05/21 05:47:43 worker:[0] reqid:[0] qname:[tiktok.com.] qtype:[A] respid:[0] rcode:[NOERROR] respflags:[qr rd ra] err:[<nil>] duration:[87.203294ms]
2025/05/21 05:47:43 worker:[0] reqid:[0] qname:[whatsapp.com.] qtype:[A] respid:[0] rcode:[NOERROR] respflags:[qr rd ra] err:[<nil>] duration:[85.20155ms]
2025/05/21 05:47:43 worker:[0] reqid:[0] qname:[yahoo.com.] qtype:[A] respid:[0] rcode:[NOERROR] respflags:[qr rd ra] err:[<nil>] duration:[84.58097ms]
2025/05/21 05:47:43 worker:[0] reqid:[0] qname:[google.com.] qtype:[A] respid:[0] rcode:[NOERROR] respflags:[qr rd ra] err:[<nil>] duration:[84.532914ms]
2025/05/21 05:47:43 worker:[0] reqid:[0] qname:[googleusercontent.com.] qtype:[A] respid:[0] rcode:[NOERROR] respflags:[qr rd ra] err:[<nil>] duration:[84.371855ms]
2025/05/21 05:47:43 worker:[0] reqid:[0] qname:[facebook.com.] qtype:[A] respid:[0] rcode:[NOERROR] respflags:[qr rd ra] err:[<nil>] duration:[85.37873ms]
2025/05/21 05:47:43 worker:[0] reqid:[0] qname:[instagram.com.] qtype:[A] respid:[0] rcode:[NOERROR] respflags:[qr rd ra] err:[<nil>] duration:[86.186589ms]
2025/05/21 05:47:43 worker:[0] reqid:[0] qname:[wikipedia.org.] qtype:[A] respid:[0] rcode:[NOERROR] respflags:[qr rd ra] err:[<nil>] duration:[85.884397ms]
2025/05/21 05:47:43 worker:[0] reqid:[0] qname:[x.com.] qtype:[A] respid:[0] rcode:[NOERROR] respflags:[qr rd ra] err:[<nil>] duration:[86.743986ms]
2025/05/21 05:47:43 worker:[0] reqid:[0] qname:[amazon.com.] qtype:[A] respid:[0] rcode:[NOERROR] respflags:[qr rd ra] err:[<nil>] duration:[86.385203ms]
2025/05/21 05:47:43 worker:[0] reqid:[0] qname:[tiktok.com.] qtype:[A] respid:[0] rcode:[NOERROR] respflags:[qr rd ra] err:[<nil>] duration:[92.337917ms]
2025/05/21 05:47:44 worker:[0] reqid:[0] qname:[whatsapp.com.] qtype:[A] respid:[0] rcode:[NOERROR] respflags:[qr rd ra] err:[<nil>] duration:[84.640943ms]
2025/05/21 05:47:44 worker:[0] reqid:[0] qname:[yahoo.com.] qtype:[A] respid:[0] rcode:[NOERROR] respflags:[qr rd ra] err:[<nil>] duration:[86.085698ms]
2025/05/21 05:47:44 worker:[0] reqid:[0] qname:[google.com.] qtype:[A] respid:[0] rcode:[NOERROR] respflags:[qr rd ra] err:[<nil>] duration:[86.655508ms]
2025/05/21 05:47:44 worker:[0] reqid:[0] qname:[googleusercontent.com.] qtype:[A] respid:[0] rcode:[NOERROR] respflags:[qr rd ra] err:[<nil>] duration:[84.714074ms]
2025/05/21 05:47:44 worker:[0] reqid:[0] qname:[facebook.com.] qtype:[A] respid:[0] rcode:[NOERROR] respflags:[qr rd ra] err:[<nil>] duration:[84.592421ms]
2025/05/21 05:47:44 worker:[0] reqid:[0] qname:[instagram.com.] qtype:[A] respid:[0] rcode:[NOERROR] respflags:[qr rd ra] err:[<nil>] duration:[85.622725ms]
2025/05/21 05:47:44 worker:[0] reqid:[0] qname:[wikipedia.org.] qtype:[A] respid:[0] rcode:[NOERROR] respflags:[qr rd ra] err:[<nil>] duration:[86.752867ms]
2025/05/21 05:47:44 worker:[0] reqid:[0] qname:[x.com.] qtype:[A] respid:[0] rcode:[NOERROR] respflags:[qr rd ra] err:[<nil>] duration:[86.432465ms]
2025/05/21 05:47:44 worker:[0] reqid:[0] qname:[amazon.com.] qtype:[A] respid:[0] rcode:[NOERROR] respflags:[qr rd ra] err:[<nil>] duration:[84.678384ms]
2025/05/21 05:47:44 worker:[0] reqid:[0] qname:[tiktok.com.] qtype:[A] respid:[0] rcode:[NOERROR] respflags:[qr rd ra] err:[<nil>] duration:[93.212957ms]
2025/05/21 05:47:44 worker:[0] reqid:[0] qname:[whatsapp.com.] qtype:[A] respid:[0] rcode:[NOERROR] respflags:[qr rd ra] err:[<nil>] duration:[84.458713ms]
2025/05/21 05:47:45 worker:[0] reqid:[0] qname:[yahoo.com.] qtype:[A] respid:[0] rcode:[NOERROR] respflags:[qr rd ra] err:[<nil>] duration:[86.413927ms]
2025/05/21 05:47:45 worker:[0] reqid:[0] qname:[google.com.] qtype:[A] respid:[0] rcode:[NOERROR] respflags:[qr rd ra] err:[<nil>] duration:[86.69254ms]
2025/05/21 05:47:45 worker:[0] reqid:[0] qname:[googleusercontent.com.] qtype:[A] respid:[0] rcode:[NOERROR] respflags:[qr rd ra] err:[<nil>] duration:[86.353521ms]
2025/05/21 05:47:45 worker:[0] reqid:[0] qname:[facebook.com.] qtype:[A] respid:[0] rcode:[NOERROR] respflags:[qr rd ra] err:[<nil>] duration:[89.879612ms]
2025/05/21 05:47:45 worker:[0] reqid:[0] qname:[instagram.com.] qtype:[A] respid:[0] rcode:[NOERROR] respflags:[qr rd ra] err:[<nil>] duration:[85.953308ms]
2025/05/21 05:47:45 worker:[0] reqid:[0] qname:[wikipedia.org.] qtype:[A] respid:[0] rcode:[NOERROR] respflags:[qr rd ra] err:[<nil>] duration:[84.592119ms]
2025/05/21 05:47:45 worker:[0] reqid:[0] qname:[x.com.] qtype:[A] respid:[0] rcode:[NOERROR] respflags:[qr rd ra] err:[<nil>] duration:[85.691802ms]
2025/05/21 05:47:45 worker:[0] reqid:[0] qname:[amazon.com.] qtype:[A] respid:[0] rcode:[NOERROR] respflags:[qr rd ra] err:[<nil>] duration:[86.436637ms]
2025/05/21 05:47:45 worker:[0] reqid:[0] qname:[tiktok.com.] qtype:[A] respid:[0] rcode:[NOERROR] respflags:[qr rd ra] err:[<nil>] duration:[84.679294ms]
2025/05/21 05:47:45 worker:[0] reqid:[0] qname:[whatsapp.com.] qtype:[A] respid:[0] rcode:[NOERROR] respflags:[qr rd ra] err:[<nil>] duration:[85.915667ms]
2025/05/21 05:47:45 worker:[0] reqid:[0] qname:[yahoo.com.] qtype:[A] respid:[0] rcode:[NOERROR] respflags:[qr rd ra] err:[<nil>] duration:[84.761692ms]
2025/05/21 05:47:45 worker:[0] reqid:[0] qname:[google.com.] qtype:[A] respid:[0] rcode:[NOERROR] respflags:[qr rd ra] err:[<nil>] duration:[91.458334ms]
2025/05/21 05:47:46 worker:[0] reqid:[0] qname:[googleusercontent.com.] qtype:[A] respid:[0] rcode:[NOERROR] respflags:[qr rd ra] err:[<nil>] duration:[87.627349ms]
2025/05/21 05:47:46 worker:[0] reqid:[0] qname:[facebook.com.] qtype:[A] respid:[0] rcode:[NOERROR] respflags:[qr rd ra] err:[<nil>] duration:[88.518314ms]
2025/05/21 05:47:46 worker:[0] reqid:[0] qname:[instagram.com.] qtype:[A] respid:[0] rcode:[NOERROR] respflags:[qr rd ra] err:[<nil>] duration:[84.532026ms]
2025/05/21 05:47:46 worker:[0] reqid:[0] qname:[wikipedia.org.] qtype:[A] respid:[0] rcode:[NOERROR] respflags:[qr rd ra] err:[<nil>] duration:[84.423313ms]
2025/05/21 05:47:46 worker:[0] reqid:[0] qname:[x.com.] qtype:[A] respid:[0] rcode:[NOERROR] respflags:[qr rd ra] err:[<nil>] duration:[84.498632ms]
2025/05/21 05:47:46 worker:[0] reqid:[0] qname:[amazon.com.] qtype:[A] respid:[0] rcode:[NOERROR] respflags:[qr rd ra] err:[<nil>] duration:[85.55752ms]
2025/05/21 05:47:46 worker:[0] reqid:[0] qname:[tiktok.com.] qtype:[A] respid:[0] rcode:[NOERROR] respflags:[qr rd ra] err:[<nil>] duration:[87.838149ms]
2025/05/21 05:47:46 worker:[0] reqid:[0] qname:[whatsapp.com.] qtype:[A] respid:[0] rcode:[NOERROR] respflags:[qr rd ra] err:[<nil>] duration:[84.799084ms]
2025/05/21 05:47:46 worker:[0] reqid:[0] qname:[yahoo.com.] qtype:[A] respid:[0] rcode:[NOERROR] respflags:[qr rd ra] err:[<nil>] duration:[84.825448ms]
2025/05/21 05:47:46 worker:[0] reqid:[0] qname:[google.com.] qtype:[A] respid:[0] rcode:[NOERROR] respflags:[qr rd ra] err:[<nil>] duration:[84.785459ms]
2025/05/21 05:47:46 worker:[0] reqid:[0] qname:[googleusercontent.com.] qtype:[A] respid:[0] rcode:[NOERROR] respflags:[qr rd ra] err:[<nil>] duration:[85.64005ms]
2025/05/21 05:47:46 worker:[0] reqid:[0] qname:[facebook.com.] qtype:[A] respid:[0] rcode:[NOERROR] respflags:[qr rd ra] err:[<nil>] duration:[84.569227ms]
2025/05/21 05:47:47 worker:[0] reqid:[0] qname:[instagram.com.] qtype:[A] respid:[0] rcode:[NOERROR] respflags:[qr rd ra] err:[<nil>] duration:[85.44846ms]
2025/05/21 05:47:47 worker:[0] reqid:[0] qname:[wikipedia.org.] qtype:[A] respid:[0] rcode:[NOERROR] respflags:[qr rd ra] err:[<nil>] duration:[84.515495ms]
2025/05/21 05:47:47 worker:[0] reqid:[0] qname:[x.com.] qtype:[A] respid:[0] rcode:[NOERROR] respflags:[qr rd ra] err:[<nil>] duration:[85.147226ms]
2025/05/21 05:47:47 worker:[0] reqid:[0] qname:[amazon.com.] qtype:[A] respid:[0] rcode:[NOERROR] respflags:[qr rd ra] err:[<nil>] duration:[87.030261ms]
2025/05/21 05:47:47 worker:[0] reqid:[0] qname:[tiktok.com.] qtype:[A] respid:[0] rcode:[NOERROR] respflags:[qr rd ra] err:[<nil>] duration:[84.547755ms]
2025/05/21 05:47:47 worker:[0] reqid:[0] qname:[whatsapp.com.] qtype:[A] respid:[0] rcode:[NOERROR] respflags:[qr rd ra] err:[<nil>] duration:[86.444612ms]
2025/05/21 05:47:47 worker:[0] reqid:[0] qname:[yahoo.com.] qtype:[A] respid:[0] rcode:[NOERROR] respflags:[qr rd ra] err:[<nil>] duration:[87.004135ms]
2025/05/21 05:47:47 worker:[0] reqid:[0] qname:[google.com.] qtype:[A] respid:[0] rcode:[NOERROR] respflags:[qr rd ra] err:[<nil>] duration:[84.494548ms]
2025/05/21 05:47:47 worker:[0] reqid:[0] qname:[googleusercontent.com.] qtype:[A] respid:[0] rcode:[NOERROR] respflags:[qr rd ra] err:[<nil>] duration:[85.06698ms]
2025/05/21 05:47:47 worker:[0] reqid:[0] qname:[facebook.com.] qtype:[A] respid:[0] rcode:[NOERROR] respflags:[qr rd ra] err:[<nil>] duration:[89.311174ms]
2025/05/21 05:47:47 worker:[0] reqid:[0] qname:[instagram.com.] qtype:[A] respid:[0] rcode:[NOERROR] respflags:[qr rd ra] err:[<nil>] duration:[89.726815ms]
2025/05/21 05:47:48 worker:[0] reqid:[0] qname:[wikipedia.org.] qtype:[A] respid:[0] rcode:[NOERROR] respflags:[qr rd ra] err:[<nil>] duration:[86.933472ms]
2025/05/21 05:47:48 worker:[0] reqid:[0] qname:[x.com.] qtype:[A] respid:[0] rcode:[NOERROR] respflags:[qr rd ra] err:[<nil>] duration:[89.484305ms]
2025/05/21 05:47:48 worker:[0] reqid:[0] qname:[amazon.com.] qtype:[A] respid:[0] rcode:[NOERROR] respflags:[qr rd ra] err:[<nil>] duration:[89.262818ms]
2025/05/21 05:47:48 worker:[0] reqid:[0] qname:[tiktok.com.] qtype:[A] respid:[0] rcode:[NOERROR] respflags:[qr rd ra] err:[<nil>] duration:[85.295395ms]
2025/05/21 05:47:48 worker:[0] reqid:[0] qname:[whatsapp.com.] qtype:[A] respid:[0] rcode:[NOERROR] respflags:[qr rd ra] err:[<nil>] duration:[87.368017ms]
2025/05/21 05:47:48 worker:[0] reqid:[0] qname:[yahoo.com.] qtype:[A] respid:[0] rcode:[NOERROR] respflags:[qr rd ra] err:[<nil>] duration:[84.774424ms]
2025/05/21 05:47:48 worker:[0] reqid:[0] qname:[google.com.] qtype:[A] respid:[0] rcode:[NOERROR] respflags:[qr rd ra] err:[<nil>] duration:[84.131716ms]
2025/05/21 05:47:48 worker:[0] reqid:[0] qname:[googleusercontent.com.] qtype:[A] respid:[0] rcode:[NOERROR] respflags:[qr rd ra] err:[<nil>] duration:[85.643499ms]
2025/05/21 05:47:48 worker:[0] reqid:[0] qname:[facebook.com.] qtype:[A] respid:[0] rcode:[NOERROR] respflags:[qr rd ra] err:[<nil>] duration:[86.59372ms]
2025/05/21 05:47:48 worker:[0] reqid:[0] qname:[instagram.com.] qtype:[A] respid:[0] rcode:[NOERROR] respflags:[qr rd ra] err:[<nil>] duration:[85.926506ms]
2025/05/21 05:47:48 worker:[0] reqid:[0] qname:[wikipedia.org.] qtype:[A] respid:[0] rcode:[NOERROR] respflags:[qr rd ra] err:[<nil>] duration:[86.255227ms]
2025/05/21 05:47:48 worker:[0] reqid:[0] qname:[x.com.] qtype:[A] respid:[0] rcode:[NOERROR] respflags:[qr rd ra] err:[<nil>] duration:[87.645412ms]
2025/05/21 05:47:49 worker:[0] reqid:[0] qname:[amazon.com.] qtype:[A] respid:[0] rcode:[NOERROR] respflags:[qr rd ra] err:[<nil>] duration:[84.792999ms]
2025/05/21 05:47:49 worker:[0] reqid:[0] qname:[tiktok.com.] qtype:[A] respid:[0] rcode:[NOERROR] respflags:[qr rd ra] err:[<nil>] duration:[92.512426ms]
2025/05/21 05:47:49 worker:[0] reqid:[0] qname:[whatsapp.com.] qtype:[A] respid:[0] rcode:[NOERROR] respflags:[qr rd ra] err:[<nil>] duration:[86.266017ms]
2025/05/21 05:47:49 worker:[0] reqid:[0] qname:[yahoo.com.] qtype:[A] respid:[0] rcode:[NOERROR] respflags:[qr rd ra] err:[<nil>] duration:[84.452732ms]
2025/05/21 05:47:49 worker:[0] reqid:[0] qname:[google.com.] qtype:[A] respid:[0] rcode:[NOERROR] respflags:[qr rd ra] err:[<nil>] duration:[85.136696ms]
2025/05/21 05:47:49 worker:[0] reqid:[0] qname:[googleusercontent.com.] qtype:[A] respid:[0] rcode:[NOERROR] respflags:[qr rd ra] err:[<nil>] duration:[86.691184ms]
2025/05/21 05:47:49 worker:[0] reqid:[0] qname:[facebook.com.] qtype:[A] respid:[0] rcode:[NOERROR] respflags:[qr rd ra] err:[<nil>] duration:[86.074103ms]
2025/05/21 05:47:49 worker:[0] reqid:[0] qname:[instagram.com.] qtype:[A] respid:[0] rcode:[NOERROR] respflags:[qr rd ra] err:[<nil>] duration:[84.396142ms]
2025/05/21 05:47:49 worker:[0] reqid:[0] qname:[wikipedia.org.] qtype:[A] respid:[0] rcode:[NOERROR] respflags:[qr rd ra] err:[<nil>] duration:[83.742044ms]
2025/05/21 05:47:49 worker:[0] reqid:[0] qname:[x.com.] qtype:[A] respid:[0] rcode:[NOERROR] respflags:[qr rd ra] err:[<nil>] duration:[88.300812ms]
2025/05/21 05:47:49 worker:[0] reqid:[0] qname:[amazon.com.] qtype:[A] respid:[0] rcode:[NOERROR] respflags:[qr rd ra] err:[<nil>] duration:[84.049643ms]
2025/05/21 05:47:50 worker:[0] reqid:[0] qname:[tiktok.com.] qtype:[A] respid:[0] rcode:[NOERROR] respflags:[qr rd ra] err:[<nil>] duration:[85.376423ms]
2025/05/21 05:47:50 worker:[0] reqid:[0] qname:[whatsapp.com.] qtype:[A] respid:[0] rcode:[NOERROR] respflags:[qr rd ra] err:[<nil>] duration:[87.477492ms]
2025/05/21 05:47:50 worker:[0] reqid:[0] qname:[yahoo.com.] qtype:[A] respid:[0] rcode:[NOERROR] respflags:[qr rd ra] err:[<nil>] duration:[86.179947ms]
2025/05/21 05:47:50 worker:[0] reqid:[0] qname:[google.com.] qtype:[A] respid:[0] rcode:[NOERROR] respflags:[qr rd ra] err:[<nil>] duration:[85.096674ms]
2025/05/21 05:47:50 worker:[0] reqid:[0] qname:[googleusercontent.com.] qtype:[A] respid:[0] rcode:[NOERROR] respflags:[qr rd ra] err:[<nil>] duration:[113.864721ms]
2025/05/21 05:47:50 worker:[0] reqid:[0] qname:[facebook.com.] qtype:[A] respid:[0] rcode:[NOERROR] respflags:[qr rd ra] err:[<nil>] duration:[160.748935ms]
2025/05/21 05:47:50 worker:[0] reqid:[0] qname:[instagram.com.] qtype:[A] respid:[0] rcode:[NOERROR] respflags:[qr rd ra] err:[<nil>] duration:[102.034248ms]
2025/05/21 05:47:50 worker:[0] reqid:[0] qname:[wikipedia.org.] qtype:[A] respid:[0] rcode:[NOERROR] respflags:[qr rd ra] err:[<nil>] duration:[193.391919ms]
2025/05/21 05:47:50 worker:[0] reqid:[0] qname:[x.com.] qtype:[A] respid:[0] rcode:[NOERROR] respflags:[qr rd ra] err:[<nil>] duration:[86.879812ms]
2025/05/21 05:47:51 worker:[0] reqid:[0] qname:[amazon.com.] qtype:[A] respid:[0] rcode:[NOERROR] respflags:[qr rd ra] err:[<nil>] duration:[84.897455ms]
2025/05/21 05:47:51 worker:[0] reqid:[0] qname:[tiktok.com.] qtype:[A] respid:[0] rcode:[NOERROR] respflags:[qr rd ra] err:[<nil>] duration:[85.62997ms]
2025/05/21 05:47:51 worker:[0] reqid:[0] qname:[whatsapp.com.] qtype:[A] respid:[0] rcode:[NOERROR] respflags:[qr rd ra] err:[<nil>] duration:[85.322271ms]
2025/05/21 05:47:51 worker:[0] reqid:[0] qname:[yahoo.com.] qtype:[A] respid:[0] rcode:[NOERROR] respflags:[qr rd ra] err:[<nil>] duration:[86.327801ms]
2025/05/21 05:47:51 worker:[0] reqid:[0] qname:[google.com.] qtype:[A] respid:[0] rcode:[NOERROR] respflags:[qr rd ra] err:[<nil>] duration:[86.268462ms]
2025/05/21 05:47:51 worker:[0] reqid:[0] qname:[googleusercontent.com.] qtype:[A] respid:[0] rcode:[NOERROR] respflags:[qr rd ra] err:[<nil>] duration:[85.524461ms]
2025/05/21 05:47:51 worker:[0] reqid:[0] qname:[facebook.com.] qtype:[A] respid:[0] rcode:[NOERROR] respflags:[qr rd ra] err:[<nil>] duration:[85.219966ms]
2025/05/21 05:47:51 worker:[0] reqid:[0] qname:[instagram.com.] qtype:[A] respid:[0] rcode:[NOERROR] respflags:[qr rd ra] err:[<nil>] duration:[86.654455ms]
2025/05/21 05:47:51 worker:[0] reqid:[0] qname:[wikipedia.org.] qtype:[A] respid:[0] rcode:[NOERROR] respflags:[qr rd ra] err:[<nil>] duration:[85.853737ms]
2025/05/21 05:47:51 worker:[0] reqid:[0] qname:[x.com.] qtype:[A] respid:[0] rcode:[NOERROR] respflags:[qr rd ra] err:[<nil>] duration:[86.865553ms]
2025/05/21 05:47:51 worker:[0] reqid:[0] qname:[amazon.com.] qtype:[A] respid:[0] rcode:[NOERROR] respflags:[qr rd ra] err:[<nil>] duration:[90.03095ms]
2025/05/21 05:47:51 worker:[0] reqid:[0] qname:[tiktok.com.] qtype:[A] respid:[0] rcode:[NOERROR] respflags:[qr rd ra] err:[<nil>] duration:[87.337322ms]
2025/05/21 05:47:52 worker:[0] reqid:[0] qname:[whatsapp.com.] qtype:[A] respid:[0] rcode:[NOERROR] respflags:[qr rd ra] err:[<nil>] duration:[85.196071ms]
2025/05/21 05:47:52 worker:[0] reqid:[0] qname:[yahoo.com.] qtype:[A] respid:[0] rcode:[NOERROR] respflags:[qr rd ra] err:[<nil>] duration:[92.081813ms]
2025/05/21 05:47:52 worker:[0] reqid:[0] qname:[google.com.] qtype:[A] respid:[0] rcode:[NOERROR] respflags:[qr rd ra] err:[<nil>] duration:[88.748897ms]
2025/05/21 05:47:52 worker:[0] reqid:[0] qname:[googleusercontent.com.] qtype:[A] respid:[0] rcode:[NOERROR] respflags:[qr rd ra] err:[<nil>] duration:[103.566269ms]
2025/05/21 05:47:52 worker:[0] reqid:[0] qname:[facebook.com.] qtype:[A] respid:[0] rcode:[NOERROR] respflags:[qr rd ra] err:[<nil>] duration:[89.485672ms]
2025/05/21 05:47:52 worker:[0] reqid:[0] qname:[instagram.com.] qtype:[A] respid:[0] rcode:[NOERROR] respflags:[qr rd ra] err:[<nil>] duration:[90.002367ms]
2025/05/21 05:47:52 worker:[0] reqid:[0] qname:[wikipedia.org.] qtype:[A] respid:[0] rcode:[NOERROR] respflags:[qr rd ra] err:[<nil>] duration:[85.54493ms]
2025/05/21 05:47:52 worker:[0] reqid:[0] qname:[x.com.] qtype:[A] respid:[0] rcode:[NOERROR] respflags:[qr rd ra] err:[<nil>] duration:[85.614997ms]
2025/05/21 05:47:52 worker:[0] reqid:[0] qname:[amazon.com.] qtype:[A] respid:[0] rcode:[NOERROR] respflags:[qr rd ra] err:[<nil>] duration:[86.189687ms]
2025/05/21 05:47:52 worker:[0] reqid:[0] qname:[tiktok.com.] qtype:[A] respid:[0] rcode:[NOERROR] respflags:[qr rd ra] err:[<nil>] duration:[86.036627ms]
2025/05/21 05:47:52 worker:[0] reqid:[0] qname:[whatsapp.com.] qtype:[A] respid:[0] rcode:[NOERROR] respflags:[qr rd ra] err:[<nil>] duration:[87.23676ms]
2025/05/21 05:47:53 worker:[0] reqid:[0] qname:[yahoo.com.] qtype:[A] respid:[0] rcode:[NOERROR] respflags:[qr rd ra] err:[<nil>] duration:[84.865501ms]
2025/05/21 05:47:53 worker:[0] reqid:[0] qname:[google.com.] qtype:[A] respid:[0] rcode:[NOERROR] respflags:[qr rd ra] err:[<nil>] duration:[85.69169ms]
2025/05/21 05:47:53 worker:[0] reqid:[0] qname:[googleusercontent.com.] qtype:[A] respid:[0] rcode:[NOERROR] respflags:[qr rd ra] err:[<nil>] duration:[86.920035ms]
2025/05/21 05:47:53 worker:[0] reqid:[0] qname:[facebook.com.] qtype:[A] respid:[0] rcode:[NOERROR] respflags:[qr rd ra] err:[<nil>] duration:[85.88017ms]
2025/05/21 05:47:53 worker:[0] reqid:[0] qname:[instagram.com.] qtype:[A] respid:[0] rcode:[NOERROR] respflags:[qr rd ra] err:[<nil>] duration:[88.16363ms]
2025/05/21 05:47:53 worker:[0] reqid:[0] qname:[wikipedia.org.] qtype:[A] respid:[0] rcode:[NOERROR] respflags:[qr rd ra] err:[<nil>] duration:[85.627689ms]
2025/05/21 05:47:53 worker:[0] reqid:[0] qname:[x.com.] qtype:[A] respid:[0] rcode:[NOERROR] respflags:[qr rd ra] err:[<nil>] duration:[84.187535ms]
2025/05/21 05:47:53 worker:[0] reqid:[0] qname:[amazon.com.] qtype:[A] respid:[0] rcode:[NOERROR] respflags:[qr rd ra] err:[<nil>] duration:[84.449894ms]
2025/05/21 05:47:53 worker:[0] reqid:[0] qname:[tiktok.com.] qtype:[A] respid:[0] rcode:[NOERROR] respflags:[qr rd ra] err:[<nil>] duration:[86.096202ms]
2025/05/21 05:47:53 worker:[0] reqid:[0] qname:[whatsapp.com.] qtype:[A] respid:[0] rcode:[NOERROR] respflags:[qr rd ra] err:[<nil>] duration:[85.768632ms]
2025/05/21 05:47:53 worker:[0] reqid:[0] qname:[yahoo.com.] qtype:[A] respid:[0] rcode:[NOERROR] respflags:[qr rd ra] err:[<nil>] duration:[86.185427ms]
2025/05/21 05:47:53 worker:[0] reqid:[0] qname:[google.com.] qtype:[A] respid:[0] rcode:[NOERROR] respflags:[qr rd ra] err:[<nil>] duration:[85.562538ms]
2025/05/21 05:47:54 worker:[0] reqid:[0] qname:[googleusercontent.com.] qtype:[A] respid:[0] rcode:[NOERROR] respflags:[qr rd ra] err:[<nil>] duration:[85.88689ms]
2025/05/21 05:47:54 worker:[0] reqid:[0] qname:[facebook.com.] qtype:[A] respid:[0] rcode:[NOERROR] respflags:[qr rd ra] err:[<nil>] duration:[84.105543ms]
2025/05/21 05:47:54 worker:[0] reqid:[0] qname:[instagram.com.] qtype:[A] respid:[0] rcode:[NOERROR] respflags:[qr rd ra] err:[<nil>] duration:[84.758653ms]
2025/05/21 05:47:54 worker:[0] reqid:[0] qname:[wikipedia.org.] qtype:[A] respid:[0] rcode:[NOERROR] respflags:[qr rd ra] err:[<nil>] duration:[86.029737ms]
2025/05/21 05:47:54 worker:[0] reqid:[0] qname:[x.com.] qtype:[A] respid:[0] rcode:[NOERROR] respflags:[qr rd ra] err:[<nil>] duration:[86.030495ms]
2025/05/21 05:47:54 worker:[0] reqid:[0] qname:[amazon.com.] qtype:[A] respid:[0] rcode:[NOERROR] respflags:[qr rd ra] err:[<nil>] duration:[91.620882ms]
2025/05/21 05:47:54 worker:[0] reqid:[0] qname:[tiktok.com.] qtype:[A] respid:[0] rcode:[NOERROR] respflags:[qr rd ra] err:[<nil>] duration:[85.095603ms]
2025/05/21 05:47:54 worker:[0] reqid:[0] qname:[whatsapp.com.] qtype:[A] respid:[0] rcode:[NOERROR] respflags:[qr rd ra] err:[<nil>] duration:[85.083489ms]
2025/05/21 05:47:54 worker:[0] reqid:[0] qname:[yahoo.com.] qtype:[A] respid:[0] rcode:[NOERROR] respflags:[qr rd ra] err:[<nil>] duration:[84.635432ms]
2025/05/21 05:47:54 worker:[0] reqid:[0] qname:[google.com.] qtype:[A] respid:[0] rcode:[NOERROR] respflags:[qr rd ra] err:[<nil>] duration:[86.7464ms]
2025/05/21 05:47:54 worker:[0] reqid:[0] qname:[googleusercontent.com.] qtype:[A] respid:[0] rcode:[NOERROR] respflags:[qr rd ra] err:[<nil>] duration:[86.152087ms]
2025/05/21 05:47:55 worker:[0] reqid:[0] qname:[facebook.com.] qtype:[A] respid:[0] rcode:[NOERROR] respflags:[qr rd ra] err:[<nil>] duration:[85.937408ms]
2025/05/21 05:47:55 worker:[0] reqid:[0] qname:[instagram.com.] qtype:[A] respid:[0] rcode:[NOERROR] respflags:[qr rd ra] err:[<nil>] duration:[84.818584ms]
2025/05/21 05:47:55 worker:[0] reqid:[0] qname:[wikipedia.org.] qtype:[A] respid:[0] rcode:[NOERROR] respflags:[qr rd ra] err:[<nil>] duration:[89.965752ms]
2025/05/21 05:47:55 worker:[0] reqid:[0] qname:[x.com.] qtype:[A] respid:[0] rcode:[NOERROR] respflags:[qr rd ra] err:[<nil>] duration:[90.961524ms]
2025/05/21 05:47:55 worker:[0] reqid:[0] qname:[amazon.com.] qtype:[A] respid:[0] rcode:[NOERROR] respflags:[qr rd ra] err:[<nil>] duration:[86.842915ms]
2025/05/21 05:47:55 worker:[0] reqid:[0] qname:[tiktok.com.] qtype:[A] respid:[0] rcode:[NOERROR] respflags:[qr rd ra] err:[<nil>] duration:[86.853722ms]
2025/05/21 05:47:55 worker:[0] reqid:[0] qname:[whatsapp.com.] qtype:[A] respid:[0] rcode:[NOERROR] respflags:[qr rd ra] err:[<nil>] duration:[92.586861ms]
2025/05/21 05:47:55 worker:[0] reqid:[0] qname:[yahoo.com.] qtype:[A] respid:[0] rcode:[NOERROR] respflags:[qr rd ra] err:[<nil>] duration:[86.875203ms]
2025/05/21 05:47:55 worker:[0] reqid:[0] qname:[google.com.] qtype:[A] respid:[0] rcode:[NOERROR] respflags:[qr rd ra] err:[<nil>] duration:[89.182143ms]
2025/05/21 05:47:55 worker:[0] reqid:[0] qname:[googleusercontent.com.] qtype:[A] respid:[0] rcode:[NOERROR] respflags:[qr rd ra] err:[<nil>] duration:[87.015601ms]
2025/05/21 05:47:55 worker:[0] reqid:[0] qname:[facebook.com.] qtype:[A] respid:[0] rcode:[NOERROR] respflags:[qr rd ra] err:[<nil>] duration:[85.605834ms]
2025/05/21 05:47:55 worker:[0] reqid:[0] qname:[instagram.com.] qtype:[A] respid:[0] rcode:[NOERROR] respflags:[qr rd ra] err:[<nil>] duration:[85.120232ms]
2025/05/21 05:47:56 worker:[0] reqid:[0] qname:[wikipedia.org.] qtype:[A] respid:[0] rcode:[NOERROR] respflags:[qr rd ra] err:[<nil>] duration:[87.531388ms]
2025/05/21 05:47:56 worker:[0] reqid:[0] qname:[x.com.] qtype:[A] respid:[0] rcode:[NOERROR] respflags:[qr rd ra] err:[<nil>] duration:[86.511861ms]
2025/05/21 05:47:56 worker:[0] reqid:[0] qname:[amazon.com.] qtype:[A] respid:[0] rcode:[NOERROR] respflags:[qr rd ra] err:[<nil>] duration:[88.181979ms]
2025/05/21 05:47:56 worker:[0] reqid:[0] qname:[tiktok.com.] qtype:[A] respid:[0] rcode:[NOERROR] respflags:[qr rd ra] err:[<nil>] duration:[84.314163ms]
2025/05/21 05:47:56 worker:[0] reqid:[0] qname:[whatsapp.com.] qtype:[A] respid:[0] rcode:[NOERROR] respflags:[qr rd ra] err:[<nil>] duration:[86.388429ms]
2025/05/21 05:47:56 worker:[0] reqid:[0] qname:[yahoo.com.] qtype:[A] respid:[0] rcode:[NOERROR] respflags:[qr rd ra] err:[<nil>] duration:[86.071598ms]
2025/05/21 05:47:56 worker:[0] reqid:[0] qname:[google.com.] qtype:[A] respid:[0] rcode:[NOERROR] respflags:[qr rd ra] err:[<nil>] duration:[85.901031ms]
2025/05/21 05:47:56 worker:[0] reqid:[0] qname:[googleusercontent.com.] qtype:[A] respid:[0] rcode:[NOERROR] respflags:[qr rd ra] err:[<nil>] duration:[85.764899ms]
2025/05/21 05:47:56 worker:[0] reqid:[0] qname:[facebook.com.] qtype:[A] respid:[0] rcode:[NOERROR] respflags:[qr rd ra] err:[<nil>] duration:[86.39019ms]
2025/05/21 05:47:56 worker:[0] reqid:[0] qname:[instagram.com.] qtype:[A] respid:[0] rcode:[NOERROR] respflags:[qr rd ra] err:[<nil>] duration:[84.850243ms]
2025/05/21 05:47:56 worker:[0] reqid:[0] qname:[wikipedia.org.] qtype:[A] respid:[0] rcode:[NOERROR] respflags:[qr rd ra] err:[<nil>] duration:[87.37206ms]
2025/05/21 05:47:57 worker:[0] reqid:[0] qname:[x.com.] qtype:[A] respid:[0] rcode:[NOERROR] respflags:[qr rd ra] err:[<nil>] duration:[92.975244ms]
2025/05/21 05:47:57 worker:[0] reqid:[0] qname:[amazon.com.] qtype:[A] respid:[0] rcode:[NOERROR] respflags:[qr rd ra] err:[<nil>] duration:[86.605696ms]
2025/05/21 05:47:57 worker:[0] reqid:[0] qname:[tiktok.com.] qtype:[A] respid:[0] rcode:[NOERROR] respflags:[qr rd ra] err:[<nil>] duration:[85.417374ms]
2025/05/21 05:47:57 worker:[0] reqid:[0] qname:[whatsapp.com.] qtype:[A] respid:[0] rcode:[NOERROR] respflags:[qr rd ra] err:[<nil>] duration:[84.499544ms]
2025/05/21 05:47:57 worker:[0] reqid:[0] qname:[yahoo.com.] qtype:[A] respid:[0] rcode:[NOERROR] respflags:[qr rd ra] err:[<nil>] duration:[84.725752ms]
2025/05/21 05:47:57 worker:[0] reqid:[0] qname:[google.com.] qtype:[A] respid:[0] rcode:[NOERROR] respflags:[qr rd ra] err:[<nil>] duration:[84.465894ms]
2025/05/21 05:47:57 worker:[0] reqid:[0] qname:[googleusercontent.com.] qtype:[A] respid:[0] rcode:[NOERROR] respflags:[qr rd ra] err:[<nil>] duration:[85.488829ms]
2025/05/21 05:47:57 worker:[0] reqid:[0] qname:[facebook.com.] qtype:[A] respid:[0] rcode:[NOERROR] respflags:[qr rd ra] err:[<nil>] duration:[86.334671ms]
2025/05/21 05:47:57 worker:[0] reqid:[0] qname:[instagram.com.] qtype:[A] respid:[0] rcode:[NOERROR] respflags:[qr rd ra] err:[<nil>] duration:[86.796335ms]
2025/05/21 05:47:57 worker:[0] reqid:[0] qname:[wikipedia.org.] qtype:[A] respid:[0] rcode:[NOERROR] respflags:[qr rd ra] err:[<nil>] duration:[85.456277ms]
2025/05/21 05:47:57 worker:[0] reqid:[0] qname:[x.com.] qtype:[A] respid:[0] rcode:[NOERROR] respflags:[qr rd ra] err:[<nil>] duration:[89.009743ms]
2025/05/21 05:47:57 worker:[0] reqid:[0] qname:[amazon.com.] qtype:[A] respid:[0] rcode:[NOERROR] respflags:[qr rd ra] err:[<nil>] duration:[86.640655ms]
2025/05/21 05:47:58 worker:[0] reqid:[0] qname:[tiktok.com.] qtype:[A] respid:[0] rcode:[NOERROR] respflags:[qr rd ra] err:[<nil>] duration:[84.586244ms]
2025/05/21 05:47:58 worker:[0] reqid:[0] qname:[whatsapp.com.] qtype:[A] respid:[0] rcode:[NOERROR] respflags:[qr rd ra] err:[<nil>] duration:[84.839655ms]
2025/05/21 05:47:58 worker:[0] reqid:[0] qname:[yahoo.com.] qtype:[A] respid:[0] rcode:[NOERROR] respflags:[qr rd ra] err:[<nil>] duration:[84.945345ms]
2025/05/21 05:47:58 worker:[0] reqid:[0] qname:[google.com.] qtype:[A] respid:[0] rcode:[NOERROR] respflags:[qr rd ra] err:[<nil>] duration:[86.262652ms]
2025/05/21 05:47:58 worker:[0] reqid:[0] qname:[googleusercontent.com.] qtype:[A] respid:[0] rcode:[NOERROR] respflags:[qr rd ra] err:[<nil>] duration:[85.290959ms]
2025/05/21 05:47:58 worker:[0] reqid:[0] qname:[facebook.com.] qtype:[A] respid:[0] rcode:[NOERROR] respflags:[qr rd ra] err:[<nil>] duration:[84.734229ms]
2025/05/21 05:47:58 worker:[0] reqid:[0] qname:[instagram.com.] qtype:[A] respid:[0] rcode:[NOERROR] respflags:[qr rd ra] err:[<nil>] duration:[87.739008ms]
2025/05/21 05:47:58 worker:[0] reqid:[0] qname:[wikipedia.org.] qtype:[A] respid:[0] rcode:[NOERROR] respflags:[qr rd ra] err:[<nil>] duration:[84.559342ms]
2025/05/21 05:47:58 worker:[0] reqid:[0] qname:[x.com.] qtype:[A] respid:[0] rcode:[NOERROR] respflags:[qr rd ra] err:[<nil>] duration:[93.671505ms]
2025/05/21 05:47:58 worker:[0] reqid:[0] qname:[amazon.com.] qtype:[A] respid:[0] rcode:[NOERROR] respflags:[qr rd ra] err:[<nil>] duration:[84.976196ms]
2025/05/21 05:47:58 worker:[0] reqid:[0] qname:[tiktok.com.] qtype:[A] respid:[0] rcode:[NOERROR] respflags:[qr rd ra] err:[<nil>] duration:[85.596713ms]
2025/05/21 05:47:59 worker:[0] reqid:[0] qname:[whatsapp.com.] qtype:[A] respid:[0] rcode:[NOERROR] respflags:[qr rd ra] err:[<nil>] duration:[86.241626ms]
2025/05/21 05:47:59 worker:[0] reqid:[0] qname:[yahoo.com.] qtype:[A] respid:[0] rcode:[NOERROR] respflags:[qr rd ra] err:[<nil>] duration:[85.528643ms]
2025/05/21 05:47:59 worker:[0] reqid:[0] qname:[google.com.] qtype:[A] respid:[0] rcode:[NOERROR] respflags:[qr rd ra] err:[<nil>] duration:[86.291761ms]
2025/05/21 05:47:59 worker:[0] reqid:[0] qname:[googleusercontent.com.] qtype:[A] respid:[0] rcode:[NOERROR] respflags:[qr rd ra] err:[<nil>] duration:[86.137052ms]
2025/05/21 05:47:59 worker:[0] reqid:[0] qname:[facebook.com.] qtype:[A] respid:[0] rcode:[NOERROR] respflags:[qr rd ra] err:[<nil>] duration:[85.534622ms]
2025/05/21 05:47:59 worker:[0] reqid:[0] qname:[instagram.com.] qtype:[A] respid:[0] rcode:[NOERROR] respflags:[qr rd ra] err:[<nil>] duration:[85.604445ms]
2025/05/21 05:47:59 worker:[0] reqid:[0] qname:[wikipedia.org.] qtype:[A] respid:[0] rcode:[NOERROR] respflags:[qr rd ra] err:[<nil>] duration:[88.157106ms]
2025/05/21 05:47:59 worker:[0] reqid:[0] qname:[x.com.] qtype:[A] respid:[0] rcode:[NOERROR] respflags:[qr rd ra] err:[<nil>] duration:[85.981361ms]
2025/05/21 05:47:59 worker:[0] reqid:[0] qname:[amazon.com.] qtype:[A] respid:[0] rcode:[NOERROR] respflags:[qr rd ra] err:[<nil>] duration:[88.071216ms]
2025/05/21 05:47:59 worker:[0] reqid:[0] qname:[tiktok.com.] qtype:[A] respid:[0] rcode:[NOERROR] respflags:[qr rd ra] err:[<nil>] duration:[150.149904ms]
2025/05/21 05:47:59 worker:[0] reqid:[0] qname:[whatsapp.com.] qtype:[A] respid:[0] rcode:[NOERROR] respflags:[qr rd ra] err:[<nil>] duration:[130.820961ms]
2025/05/21 05:48:00 worker:[0] reqid:[0] qname:[yahoo.com.] qtype:[A] respid:[0] rcode:[NOERROR] respflags:[qr rd ra] err:[<nil>] duration:[176.922382ms]
2025/05/21 05:48:00 worker:[0] reqid:[0] qname:[google.com.] qtype:[A] respid:[0] rcode:[NOERROR] respflags:[qr rd ra] err:[<nil>] duration:[127.858967ms]
2025/05/21 05:48:00 worker:[0] reqid:[0] qname:[googleusercontent.com.] qtype:[A] respid:[0] rcode:[NOERROR] respflags:[qr rd ra] err:[<nil>] duration:[86.936678ms]
2025/05/21 05:48:00 worker:[0] reqid:[0] qname:[facebook.com.] qtype:[A] respid:[0] rcode:[NOERROR] respflags:[qr rd ra] err:[<nil>] duration:[87.095546ms]
2025/05/21 05:48:00 worker:[0] reqid:[0] qname:[instagram.com.] qtype:[A] respid:[0] rcode:[NOERROR] respflags:[qr rd ra] err:[<nil>] duration:[87.334377ms]
2025/05/21 05:48:00 worker:[0] reqid:[0] qname:[wikipedia.org.] qtype:[A] respid:[0] rcode:[NOERROR] respflags:[qr rd ra] err:[<nil>] duration:[85.188464ms]
2025/05/21 05:48:00 worker:[0] reqid:[0] qname:[x.com.] qtype:[A] respid:[0] rcode:[NOERROR] respflags:[qr rd ra] err:[<nil>] duration:[85.534036ms]
2025/05/21 05:48:00 worker:[0] reqid:[0] qname:[amazon.com.] qtype:[A] respid:[0] rcode:[NOERROR] respflags:[qr rd ra] err:[<nil>] duration:[84.777503ms]
2025/05/21 05:48:00 worker:[0] reqid:[0] qname:[tiktok.com.] qtype:[A] respid:[0] rcode:[NOERROR] respflags:[qr rd ra] err:[<nil>] duration:[87.344015ms]
2025/05/21 05:48:00 worker:[0] reqid:[0] qname:[whatsapp.com.] qtype:[A] respid:[0] rcode:[NOERROR] respflags:[qr rd ra] err:[<nil>] duration:[86.548171ms]
2025/05/21 05:48:01 worker:[0] reqid:[0] qname:[yahoo.com.] qtype:[A] respid:[0] rcode:[NOERROR] respflags:[qr rd ra] err:[<nil>] duration:[85.771306ms]
2025/05/21 05:48:01 worker:[0] reqid:[0] qname:[google.com.] qtype:[A] respid:[0] rcode:[NOERROR] respflags:[qr rd ra] err:[<nil>] duration:[84.719328ms]
2025/05/21 05:48:01 worker:[0] reqid:[0] qname:[googleusercontent.com.] qtype:[A] respid:[0] rcode:[NOERROR] respflags:[qr rd ra] err:[<nil>] duration:[86.148907ms]
2025/05/21 05:48:01 worker:[0] reqid:[0] qname:[facebook.com.] qtype:[A] respid:[0] rcode:[NOERROR] respflags:[qr rd ra] err:[<nil>] duration:[86.409752ms]
2025/05/21 05:48:01 worker:[0] reqid:[0] qname:[instagram.com.] qtype:[A] respid:[0] rcode:[NOERROR] respflags:[qr rd ra] err:[<nil>] duration:[86.082861ms]
2025/05/21 05:48:01 worker:[0] reqid:[0] qname:[wikipedia.org.] qtype:[A] respid:[0] rcode:[NOERROR] respflags:[qr rd ra] err:[<nil>] duration:[86.329085ms]
2025/05/21 05:48:01 worker:[0] reqid:[0] qname:[x.com.] qtype:[A] respid:[0] rcode:[NOERROR] respflags:[qr rd ra] err:[<nil>] duration:[92.248585ms]
2025/05/21 05:48:01 worker:[0] reqid:[0] qname:[amazon.com.] qtype:[A] respid:[0] rcode:[NOERROR] respflags:[qr rd ra] err:[<nil>] duration:[84.649718ms]
2025/05/21 05:48:01 worker:[0] reqid:[0] qname:[tiktok.com.] qtype:[A] respid:[0] rcode:[NOERROR] respflags:[qr rd ra] err:[<nil>] duration:[84.526332ms]
2025/05/21 05:48:01 worker:[0] reqid:[0] qname:[whatsapp.com.] qtype:[A] respid:[0] rcode:[NOERROR] respflags:[qr rd ra] err:[<nil>] duration:[84.227685ms]
2025/05/21 05:48:01 worker:[0] reqid:[0] qname:[yahoo.com.] qtype:[A] respid:[0] rcode:[NOERROR] respflags:[qr rd ra] err:[<nil>] duration:[84.770778ms]
2025/05/21 05:48:02 worker:[0] reqid:[0] qname:[google.com.] qtype:[A] respid:[0] rcode:[NOERROR] respflags:[qr rd ra] err:[<nil>] duration:[84.331903ms]
2025/05/21 05:48:02 worker:[0] reqid:[0] qname:[googleusercontent.com.] qtype:[A] respid:[0] rcode:[NOERROR] respflags:[qr rd ra] err:[<nil>] duration:[84.793541ms]
2025/05/21 05:48:02 worker:[0] reqid:[0] qname:[facebook.com.] qtype:[A] respid:[0] rcode:[NOERROR] respflags:[qr rd ra] err:[<nil>] duration:[87.218021ms]
2025/05/21 05:48:02 worker:[0] reqid:[0] qname:[instagram.com.] qtype:[A] respid:[0] rcode:[NOERROR] respflags:[qr rd ra] err:[<nil>] duration:[85.776361ms]
2025/05/21 05:48:02 worker:[0] reqid:[0] qname:[wikipedia.org.] qtype:[A] respid:[0] rcode:[NOERROR] respflags:[qr rd ra] err:[<nil>] duration:[86.207058ms]
2025/05/21 05:48:02 worker:[0] reqid:[0] qname:[x.com.] qtype:[A] respid:[0] rcode:[NOERROR] respflags:[qr rd ra] err:[<nil>] duration:[86.291671ms]
2025/05/21 05:48:02 worker:[0] reqid:[0] qname:[amazon.com.] qtype:[A] respid:[0] rcode:[NOERROR] respflags:[qr rd ra] err:[<nil>] duration:[85.666387ms]
2025/05/21 05:48:02 worker:[0] reqid:[0] qname:[tiktok.com.] qtype:[A] respid:[0] rcode:[NOERROR] respflags:[qr rd ra] err:[<nil>] duration:[85.726266ms]
2025/05/21 05:48:02 worker:[0] reqid:[0] qname:[whatsapp.com.] qtype:[A] respid:[0] rcode:[NOERROR] respflags:[qr rd ra] err:[<nil>] duration:[93.027216ms]
2025/05/21 05:48:02 worker:[0] reqid:[0] qname:[yahoo.com.] qtype:[A] respid:[0] rcode:[NOERROR] respflags:[qr rd ra] err:[<nil>] duration:[84.393555ms]
2025/05/21 05:48:02 worker:[0] reqid:[0] qname:[google.com.] qtype:[A] respid:[0] rcode:[NOERROR] respflags:[qr rd ra] err:[<nil>] duration:[85.574285ms]
2025/05/21 05:48:02 worker:[0] reqid:[0] qname:[googleusercontent.com.] qtype:[A] respid:[0] rcode:[NOERROR] respflags:[qr rd ra] err:[<nil>] duration:[86.410854ms]
2025/05/21 05:48:03 worker:[0] reqid:[0] qname:[facebook.com.] qtype:[A] respid:[0] rcode:[NOERROR] respflags:[qr rd ra] err:[<nil>] duration:[85.556855ms]
2025/05/21 05:48:03 worker:[0] reqid:[0] qname:[instagram.com.] qtype:[A] respid:[0] rcode:[NOERROR] respflags:[qr rd ra] err:[<nil>] duration:[86.167108ms]
2025/05/21 05:48:03 worker:[0] reqid:[0] qname:[wikipedia.org.] qtype:[A] respid:[0] rcode:[NOERROR] respflags:[qr rd ra] err:[<nil>] duration:[85.829756ms]
2025/05/21 05:48:03 worker:[0] reqid:[0] qname:[x.com.] qtype:[A] respid:[0] rcode:[NOERROR] respflags:[qr rd ra] err:[<nil>] duration:[85.947512ms]
2025/05/21 05:48:03 worker:[0] reqid:[0] qname:[amazon.com.] qtype:[A] respid:[0] rcode:[NOERROR] respflags:[qr rd ra] err:[<nil>] duration:[84.683984ms]
2025/05/21 05:48:03 worker:[0] reqid:[0] qname:[tiktok.com.] qtype:[A] respid:[0] rcode:[NOERROR] respflags:[qr rd ra] err:[<nil>] duration:[86.288915ms]
2025/05/21 05:48:03 worker:[0] reqid:[0] qname:[whatsapp.com.] qtype:[A] respid:[0] rcode:[NOERROR] respflags:[qr rd ra] err:[<nil>] duration:[85.4492ms]
2025/05/21 05:48:03 worker:[0] reqid:[0] qname:[yahoo.com.] qtype:[A] respid:[0] rcode:[NOERROR] respflags:[qr rd ra] err:[<nil>] duration:[84.501087ms]
2025/05/21 05:48:03 worker:[0] reqid:[0] qname:[google.com.] qtype:[A] respid:[0] rcode:[NOERROR] respflags:[qr rd ra] err:[<nil>] duration:[86.192431ms]
2025/05/21 05:48:03 worker:[0] reqid:[0] qname:[googleusercontent.com.] qtype:[A] respid:[0] rcode:[NOERROR] respflags:[qr rd ra] err:[<nil>] duration:[86.250645ms]
2025/05/21 05:48:03 worker:[0] reqid:[0] qname:[facebook.com.] qtype:[A] respid:[0] rcode:[NOERROR] respflags:[qr rd ra] err:[<nil>] duration:[84.673582ms]
2025/05/21 05:48:04 worker:[0] reqid:[0] qname:[instagram.com.] qtype:[A] respid:[0] rcode:[NOERROR] respflags:[qr rd ra] err:[<nil>] duration:[84.943163ms]
2025/05/21 05:48:04 worker:[0] reqid:[0] qname:[wikipedia.org.] qtype:[A] respid:[0] rcode:[NOERROR] respflags:[qr rd ra] err:[<nil>] duration:[84.853704ms]
2025/05/21 05:48:04 worker:[0] reqid:[0] qname:[x.com.] qtype:[A] respid:[0] rcode:[NOERROR] respflags:[qr rd ra] err:[<nil>] duration:[86.204909ms]
2025/05/21 05:48:04 worker:[0] reqid:[0] qname:[amazon.com.] qtype:[A] respid:[0] rcode:[NOERROR] respflags:[qr rd ra] err:[<nil>] duration:[84.604866ms]
2025/05/21 05:48:04 worker:[0] reqid:[0] qname:[tiktok.com.] qtype:[A] respid:[0] rcode:[NOERROR] respflags:[qr rd ra] err:[<nil>] duration:[87.415214ms]
2025/05/21 05:48:04 worker:[0] reqid:[0] qname:[whatsapp.com.] qtype:[A] respid:[0] rcode:[NOERROR] respflags:[qr rd ra] err:[<nil>] duration:[91.321052ms]
2025/05/21 05:48:04 worker:[0] reqid:[0] qname:[yahoo.com.] qtype:[A] respid:[0] rcode:[NOERROR] respflags:[qr rd ra] err:[<nil>] duration:[86.913943ms]
2025/05/21 05:48:04 worker:[0] reqid:[0] qname:[google.com.] qtype:[A] respid:[0] rcode:[NOERROR] respflags:[qr rd ra] err:[<nil>] duration:[87.540373ms]
2025/05/21 05:48:04 worker:[0] reqid:[0] qname:[googleusercontent.com.] qtype:[A] respid:[0] rcode:[NOERROR] respflags:[qr rd ra] err:[<nil>] duration:[86.798141ms]
2025/05/21 05:48:04 worker:[0] reqid:[0] qname:[facebook.com.] qtype:[A] respid:[0] rcode:[NOERROR] respflags:[qr rd ra] err:[<nil>] duration:[86.079846ms]
2025/05/21 05:48:04 worker:[0] reqid:[0] qname:[instagram.com.] qtype:[A] respid:[0] rcode:[NOERROR] respflags:[qr rd ra] err:[<nil>] duration:[95.972495ms]
2025/05/21 05:48:04 worker:[0] reqid:[0] qname:[wikipedia.org.] qtype:[A] respid:[0] rcode:[NOERROR] respflags:[qr rd ra] err:[<nil>] duration:[85.7239ms]
2025/05/21 05:48:05 worker:[0] reqid:[0] qname:[x.com.] qtype:[A] respid:[0] rcode:[NOERROR] respflags:[qr rd ra] err:[<nil>] duration:[86.722335ms]
2025/05/21 05:48:05 worker:[0] reqid:[0] qname:[amazon.com.] qtype:[A] respid:[0] rcode:[NOERROR] respflags:[qr rd ra] err:[<nil>] duration:[109.351415ms]
2025/05/21 05:48:05 worker:[0] reqid:[0] qname:[tiktok.com.] qtype:[A] respid:[0] rcode:[NOERROR] respflags:[qr rd ra] err:[<nil>] duration:[91.422292ms]
2025/05/21 05:48:05 worker:[0] reqid:[0] qname:[whatsapp.com.] qtype:[A] respid:[0] rcode:[NOERROR] respflags:[qr rd ra] err:[<nil>] duration:[86.482413ms]
2025/05/21 05:48:05 worker:[0] reqid:[0] qname:[yahoo.com.] qtype:[A] respid:[0] rcode:[NOERROR] respflags:[qr rd ra] err:[<nil>] duration:[87.723141ms]
2025/05/21 05:48:05 worker:[0] reqid:[0] qname:[google.com.] qtype:[A] respid:[0] rcode:[NOERROR] respflags:[qr rd ra] err:[<nil>] duration:[86.967752ms]
2025/05/21 05:48:05 worker:[0] reqid:[0] qname:[googleusercontent.com.] qtype:[A] respid:[0] rcode:[NOERROR] respflags:[qr rd ra] err:[<nil>] duration:[88.029598ms]
2025/05/21 05:48:05 worker:[0] reqid:[0] qname:[facebook.com.] qtype:[A] respid:[0] rcode:[NOERROR] respflags:[qr rd ra] err:[<nil>] duration:[85.600654ms]
2025/05/21 05:48:05 worker:[0] reqid:[0] qname:[instagram.com.] qtype:[A] respid:[0] rcode:[NOERROR] respflags:[qr rd ra] err:[<nil>] duration:[86.423325ms]
2025/05/21 05:48:05 worker:[0] reqid:[0] qname:[wikipedia.org.] qtype:[A] respid:[0] rcode:[NOERROR] respflags:[qr rd ra] err:[<nil>] duration:[96.935154ms]
2025/05/21 05:48:05 worker:[0] reqid:[0] qname:[x.com.] qtype:[A] respid:[0] rcode:[NOERROR] respflags:[qr rd ra] err:[<nil>] duration:[89.284757ms]
2025/05/21 05:48:06 worker:[0] reqid:[0] qname:[amazon.com.] qtype:[A] respid:[0] rcode:[NOERROR] respflags:[qr rd ra] err:[<nil>] duration:[87.788378ms]
2025/05/21 05:48:06 worker:[0] reqid:[0] qname:[tiktok.com.] qtype:[A] respid:[0] rcode:[NOERROR] respflags:[qr rd ra] err:[<nil>] duration:[90.712694ms]
2025/05/21 05:48:06 worker:[0] reqid:[0] qname:[whatsapp.com.] qtype:[A] respid:[0] rcode:[NOERROR] respflags:[qr rd ra] err:[<nil>] duration:[88.958466ms]
2025/05/21 05:48:06 worker:[0] reqid:[0] qname:[yahoo.com.] qtype:[A] respid:[0] rcode:[NOERROR] respflags:[qr rd ra] err:[<nil>] duration:[85.387871ms]
2025/05/21 05:48:06 worker:[0] reqid:[0] qname:[google.com.] qtype:[A] respid:[0] rcode:[NOERROR] respflags:[qr rd ra] err:[<nil>] duration:[86.664188ms]
2025/05/21 05:48:06 worker:[0] reqid:[0] qname:[googleusercontent.com.] qtype:[A] respid:[0] rcode:[NOERROR] respflags:[qr rd ra] err:[<nil>] duration:[85.64436ms]
2025/05/21 05:48:06 worker:[0] reqid:[0] qname:[facebook.com.] qtype:[A] respid:[0] rcode:[NOERROR] respflags:[qr rd ra] err:[<nil>] duration:[97.42618ms]
2025/05/21 05:48:06 worker:[0] reqid:[0] qname:[instagram.com.] qtype:[A] respid:[0] rcode:[NOERROR] respflags:[qr rd ra] err:[<nil>] duration:[86.821295ms]
2025/05/21 05:48:06 worker:[0] reqid:[0] qname:[wikipedia.org.] qtype:[A] respid:[0] rcode:[NOERROR] respflags:[qr rd ra] err:[<nil>] duration:[86.350212ms]
2025/05/21 05:48:06 worker:[0] reqid:[0] qname:[x.com.] qtype:[A] respid:[0] rcode:[NOERROR] respflags:[qr rd ra] err:[<nil>] duration:[84.846247ms]
2025/05/21 05:48:06 worker:[0] reqid:[0] qname:[amazon.com.] qtype:[A] respid:[0] rcode:[NOERROR] respflags:[qr rd ra] err:[<nil>] duration:[85.588907ms]
2025/05/21 05:48:07 worker:[0] reqid:[0] qname:[tiktok.com.] qtype:[A] respid:[0] rcode:[NOERROR] respflags:[qr rd ra] err:[<nil>] duration:[86.881803ms]
2025/05/21 05:48:07 worker:[0] reqid:[0] qname:[whatsapp.com.] qtype:[A] respid:[0] rcode:[NOERROR] respflags:[qr rd ra] err:[<nil>] duration:[91.265949ms]
2025/05/21 05:48:07 worker:[0] reqid:[0] qname:[yahoo.com.] qtype:[A] respid:[0] rcode:[NOERROR] respflags:[qr rd ra] err:[<nil>] duration:[86.776629ms]
2025/05/21 05:48:07 worker:[0] reqid:[0] qname:[google.com.] qtype:[A] respid:[0] rcode:[NOERROR] respflags:[qr rd ra] err:[<nil>] duration:[86.985587ms]
2025/05/21 05:48:07 worker:[0] reqid:[0] qname:[googleusercontent.com.] qtype:[A] respid:[0] rcode:[NOERROR] respflags:[qr rd ra] err:[<nil>] duration:[86.443767ms]
2025/05/21 05:48:07 worker:[0] reqid:[0] qname:[facebook.com.] qtype:[A] respid:[0] rcode:[NOERROR] respflags:[qr rd ra] err:[<nil>] duration:[99.988737ms]
2025/05/21 05:48:07 worker:[0] reqid:[0] qname:[instagram.com.] qtype:[A] respid:[0] rcode:[NOERROR] respflags:[qr rd ra] err:[<nil>] duration:[100.616338ms]
2025/05/21 05:48:07 worker:[0] reqid:[0] qname:[wikipedia.org.] qtype:[A] respid:[0] rcode:[NOERROR] respflags:[qr rd ra] err:[<nil>] duration:[84.542094ms]
2025/05/21 05:48:07 worker:[0] reqid:[0] qname:[x.com.] qtype:[A] respid:[0] rcode:[NOERROR] respflags:[qr rd ra] err:[<nil>] duration:[87.851127ms]
2025/05/21 05:48:07 worker:[0] reqid:[0] qname:[amazon.com.] qtype:[A] respid:[0] rcode:[NOERROR] respflags:[qr rd ra] err:[<nil>] duration:[85.281662ms]
2025/05/21 05:48:07 worker:[0] reqid:[0] qname:[tiktok.com.] qtype:[A] respid:[0] rcode:[NOERROR] respflags:[qr rd ra] err:[<nil>] duration:[86.173843ms]
2025/05/21 05:48:08 worker:[0] reqid:[0] qname:[whatsapp.com.] qtype:[A] respid:[0] rcode:[NOERROR] respflags:[qr rd ra] err:[<nil>] duration:[85.898314ms]
2025/05/21 05:48:08 worker:[0] reqid:[0] qname:[yahoo.com.] qtype:[A] respid:[0] rcode:[NOERROR] respflags:[qr rd ra] err:[<nil>] duration:[85.290043ms]
2025/05/21 05:48:08 worker:[0] reqid:[0] qname:[google.com.] qtype:[A] respid:[0] rcode:[NOERROR] respflags:[qr rd ra] err:[<nil>] duration:[85.322803ms]
2025/05/21 05:48:08 worker:[0] reqid:[0] qname:[googleusercontent.com.] qtype:[A] respid:[0] rcode:[NOERROR] respflags:[qr rd ra] err:[<nil>] duration:[85.179268ms]
2025/05/21 05:48:08 worker:[0] reqid:[0] qname:[facebook.com.] qtype:[A] respid:[0] rcode:[NOERROR] respflags:[qr rd ra] err:[<nil>] duration:[86.499542ms]
2025/05/21 05:48:08 worker:[0] reqid:[0] qname:[instagram.com.] qtype:[A] respid:[0] rcode:[NOERROR] respflags:[qr rd ra] err:[<nil>] duration:[85.130571ms]
2025/05/21 05:48:08 worker:[0] reqid:[0] qname:[wikipedia.org.] qtype:[A] respid:[0] rcode:[NOERROR] respflags:[qr rd ra] err:[<nil>] duration:[87.823621ms]
2025/05/21 05:48:08 worker:[0] reqid:[0] qname:[x.com.] qtype:[A] respid:[0] rcode:[NOERROR] respflags:[qr rd ra] err:[<nil>] duration:[292.101925ms]
2025/05/21 05:48:08 worker:[0] reqid:[0] qname:[amazon.com.] qtype:[A] respid:[0] rcode:[NOERROR] respflags:[qr rd ra] err:[<nil>] duration:[89.500426ms]
2025/05/21 05:48:09 worker:[0] reqid:[0] qname:[tiktok.com.] qtype:[A] respid:[0] rcode:[NOERROR] respflags:[qr rd ra] err:[<nil>] duration:[110.922778ms]
2025/05/21 05:48:09 worker:[0] reqid:[0] qname:[whatsapp.com.] qtype:[A] respid:[0] rcode:[NOERROR] respflags:[qr rd ra] err:[<nil>] duration:[108.178426ms]
2025/05/21 05:48:09 worker:[0] reqid:[0] qname:[yahoo.com.] qtype:[A] respid:[0] rcode:[NOERROR] respflags:[qr rd ra] err:[<nil>] duration:[88.14928ms]
2025/05/21 05:48:09 worker:[0] reqid:[0] qname:[google.com.] qtype:[A] respid:[0] rcode:[NOERROR] respflags:[qr rd ra] err:[<nil>] duration:[91.268999ms]
2025/05/21 05:48:09 worker:[0] reqid:[0] qname:[googleusercontent.com.] qtype:[A] respid:[0] rcode:[NOERROR] respflags:[qr rd ra] err:[<nil>] duration:[86.950837ms]
2025/05/21 05:48:09 worker:[0] reqid:[0] qname:[facebook.com.] qtype:[A] respid:[0] rcode:[NOERROR] respflags:[qr rd ra] err:[<nil>] duration:[85.296885ms]
2025/05/21 05:48:09 worker:[0] reqid:[0] qname:[instagram.com.] qtype:[A] respid:[0] rcode:[NOERROR] respflags:[qr rd ra] err:[<nil>] duration:[84.357894ms]
2025/05/21 05:48:09 worker:[0] reqid:[0] qname:[wikipedia.org.] qtype:[A] respid:[0] rcode:[NOERROR] respflags:[qr rd ra] err:[<nil>] duration:[85.887694ms]
2025/05/21 05:48:09 worker:[0] reqid:[0] qname:[x.com.] qtype:[A] respid:[0] rcode:[NOERROR] respflags:[qr rd ra] err:[<nil>] duration:[84.281453ms]
2025/05/21 05:48:09 worker:[0] reqid:[0] qname:[amazon.com.] qtype:[A] respid:[0] rcode:[NOERROR] respflags:[qr rd ra] err:[<nil>] duration:[84.806945ms]
2025/05/21 05:48:09 worker:[0] reqid:[0] qname:[tiktok.com.] qtype:[A] respid:[0] rcode:[NOERROR] respflags:[qr rd ra] err:[<nil>] duration:[84.662781ms]
2025/05/21 05:48:09 worker:[0] reqid:[0] qname:[whatsapp.com.] qtype:[A] respid:[0] rcode:[NOERROR] respflags:[qr rd ra] err:[<nil>] duration:[84.729981ms]
2025/05/21 05:48:10 worker:[0] reqid:[0] qname:[yahoo.com.] qtype:[A] respid:[0] rcode:[NOERROR] respflags:[qr rd ra] err:[<nil>] duration:[86.679589ms]
2025/05/21 05:48:10 worker:[0] reqid:[0] qname:[google.com.] qtype:[A] respid:[0] rcode:[NOERROR] respflags:[qr rd ra] err:[<nil>] duration:[86.868519ms]
2025/05/21 05:48:10 worker:[0] reqid:[0] qname:[googleusercontent.com.] qtype:[A] respid:[0] rcode:[NOERROR] respflags:[qr rd ra] err:[<nil>] duration:[89.891038ms]
2025/05/21 05:48:10 worker:[0] reqid:[0] qname:[facebook.com.] qtype:[A] respid:[0] rcode:[NOERROR] respflags:[qr rd ra] err:[<nil>] duration:[88.89904ms]
2025/05/21 05:48:10 worker:[0] reqid:[0] qname:[instagram.com.] qtype:[A] respid:[0] rcode:[NOERROR] respflags:[qr rd ra] err:[<nil>] duration:[84.615283ms]
2025/05/21 05:48:10 worker:[0] reqid:[0] qname:[wikipedia.org.] qtype:[A] respid:[0] rcode:[NOERROR] respflags:[qr rd ra] err:[<nil>] duration:[87.275385ms]
2025/05/21 05:48:10 worker:[0] reqid:[0] qname:[x.com.] qtype:[A] respid:[0] rcode:[NOERROR] respflags:[qr rd ra] err:[<nil>] duration:[84.718773ms]
2025/05/21 05:48:10 worker:[0] reqid:[0] qname:[amazon.com.] qtype:[A] respid:[0] rcode:[NOERROR] respflags:[qr rd ra] err:[<nil>] duration:[84.779315ms]
2025/05/21 05:48:10 worker:[0] reqid:[0] qname:[tiktok.com.] qtype:[A] respid:[0] rcode:[NOERROR] respflags:[qr rd ra] err:[<nil>] duration:[85.423534ms]
2025/05/21 05:48:10 worker:[0] reqid:[0] qname:[whatsapp.com.] qtype:[A] respid:[0] rcode:[NOERROR] respflags:[qr rd ra] err:[<nil>] duration:[84.45793ms]
2025/05/21 05:48:10 worker:[0] reqid:[0] qname:[yahoo.com.] qtype:[A] respid:[0] rcode:[NOERROR] respflags:[qr rd ra] err:[<nil>] duration:[84.8041ms]
2025/05/21 05:48:11 worker:[0] reqid:[0] qname:[google.com.] qtype:[A] respid:[0] rcode:[NOERROR] respflags:[qr rd ra] err:[<nil>] duration:[86.011241ms]
2025/05/21 05:48:11 worker:[0] reqid:[0] qname:[googleusercontent.com.] qtype:[A] respid:[0] rcode:[NOERROR] respflags:[qr rd ra] err:[<nil>] duration:[88.171304ms]
2025/05/21 05:48:11 worker:[0] reqid:[0] qname:[facebook.com.] qtype:[A] respid:[0] rcode:[NOERROR] respflags:[qr rd ra] err:[<nil>] duration:[87.24114ms]
2025/05/21 05:48:11 worker:[0] reqid:[0] qname:[instagram.com.] qtype:[A] respid:[0] rcode:[NOERROR] respflags:[qr rd ra] err:[<nil>] duration:[84.71217ms]
2025/05/21 05:48:11 worker:[0] reqid:[0] qname:[wikipedia.org.] qtype:[A] respid:[0] rcode:[NOERROR] respflags:[qr rd ra] err:[<nil>] duration:[84.757866ms]
2025/05/21 05:48:11 worker:[0] reqid:[0] qname:[x.com.] qtype:[A] respid:[0] rcode:[NOERROR] respflags:[qr rd ra] err:[<nil>] duration:[85.518035ms]
2025/05/21 05:48:11 worker:[0] reqid:[0] qname:[amazon.com.] qtype:[A] respid:[0] rcode:[NOERROR] respflags:[qr rd ra] err:[<nil>] duration:[84.556754ms]
2025/05/21 05:48:11 worker:[0] reqid:[0] qname:[tiktok.com.] qtype:[A] respid:[0] rcode:[NOERROR] respflags:[qr rd ra] err:[<nil>] duration:[85.97293ms]
2025/05/21 05:48:11 worker:[0] reqid:[0] qname:[whatsapp.com.] qtype:[A] respid:[0] rcode:[NOERROR] respflags:[qr rd ra] err:[<nil>] duration:[85.582542ms]
2025/05/21 05:48:11 worker:[0] reqid:[0] qname:[yahoo.com.] qtype:[A] respid:[0] rcode:[NOERROR] respflags:[qr rd ra] err:[<nil>] duration:[85.25541ms]
2025/05/21 05:48:11 worker:[0] reqid:[0] qname:[google.com.] qtype:[A] respid:[0] rcode:[NOERROR] respflags:[qr rd ra] err:[<nil>] duration:[86.696942ms]
2025/05/21 05:48:11 worker:[0] reqid:[0] qname:[googleusercontent.com.] qtype:[A] respid:[0] rcode:[NOERROR] respflags:[qr rd ra] err:[<nil>] duration:[86.879803ms]
2025/05/21 05:48:12 worker:[0] reqid:[0] qname:[facebook.com.] qtype:[A] respid:[0] rcode:[NOERROR] respflags:[qr rd ra] err:[<nil>] duration:[86.448794ms]
2025/05/21 05:48:12 worker:[0] reqid:[0] qname:[instagram.com.] qtype:[A] respid:[0] rcode:[NOERROR] respflags:[qr rd ra] err:[<nil>] duration:[91.966951ms]
2025/05/21 05:48:12 worker:[0] reqid:[0] qname:[wikipedia.org.] qtype:[A] respid:[0] rcode:[NOERROR] respflags:[qr rd ra] err:[<nil>] duration:[86.371217ms]
2025/05/21 05:48:12 worker:[0] reqid:[0] qname:[x.com.] qtype:[A] respid:[0] rcode:[NOERROR] respflags:[qr rd ra] err:[<nil>] duration:[85.621314ms]
2025/05/21 05:48:12 worker:[0] reqid:[0] qname:[amazon.com.] qtype:[A] respid:[0] rcode:[NOERROR] respflags:[qr rd ra] err:[<nil>] duration:[85.263637ms]
2025/05/21 05:48:12 worker:[0] reqid:[0] qname:[tiktok.com.] qtype:[A] respid:[0] rcode:[NOERROR] respflags:[qr rd ra] err:[<nil>] duration:[87.792515ms]
2025/05/21 05:48:12 worker:[0] reqid:[0] qname:[whatsapp.com.] qtype:[A] respid:[0] rcode:[NOERROR] respflags:[qr rd ra] err:[<nil>] duration:[85.56447ms]
2025/05/21 05:48:12 worker:[0] reqid:[0] qname:[yahoo.com.] qtype:[A] respid:[0] rcode:[NOERROR] respflags:[qr rd ra] err:[<nil>] duration:[86.106243ms]
2025/05/21 05:48:12 worker:[0] reqid:[0] qname:[google.com.] qtype:[A] respid:[0] rcode:[NOERROR] respflags:[qr rd ra] err:[<nil>] duration:[86.969483ms]
2025/05/21 05:48:12 worker:[0] reqid:[0] qname:[googleusercontent.com.] qtype:[A] respid:[0] rcode:[NOERROR] respflags:[qr rd ra] err:[<nil>] duration:[91.91525ms]
2025/05/21 05:48:12 worker:[0] reqid:[0] qname:[facebook.com.] qtype:[A] respid:[0] rcode:[NOERROR] respflags:[qr rd ra] err:[<nil>] duration:[89.645329ms]
2025/05/21 05:48:13 worker:[0] reqid:[0] qname:[instagram.com.] qtype:[A] respid:[0] rcode:[NOERROR] respflags:[qr rd ra] err:[<nil>] duration:[87.441713ms]
2025/05/21 05:48:13 worker:[0] reqid:[0] qname:[wikipedia.org.] qtype:[A] respid:[0] rcode:[NOERROR] respflags:[qr rd ra] err:[<nil>] duration:[84.76655ms]
2025/05/21 05:48:13 worker:[0] reqid:[0] qname:[x.com.] qtype:[A] respid:[0] rcode:[NOERROR] respflags:[qr rd ra] err:[<nil>] duration:[87.70105ms]
2025/05/21 05:48:13 worker:[0] reqid:[0] qname:[amazon.com.] qtype:[A] respid:[0] rcode:[NOERROR] respflags:[qr rd ra] err:[<nil>] duration:[85.458893ms]
2025/05/21 05:48:13 worker:[0] reqid:[0] qname:[tiktok.com.] qtype:[A] respid:[0] rcode:[NOERROR] respflags:[qr rd ra] err:[<nil>] duration:[85.541646ms]
2025/05/21 05:48:13 worker:[0] reqid:[0] qname:[whatsapp.com.] qtype:[A] respid:[0] rcode:[NOERROR] respflags:[qr rd ra] err:[<nil>] duration:[85.971814ms]
2025/05/21 05:48:13 worker:[0] reqid:[0] qname:[yahoo.com.] qtype:[A] respid:[0] rcode:[NOERROR] respflags:[qr rd ra] err:[<nil>] duration:[85.760753ms]
2025/05/21 05:48:13 worker:[0] reqid:[0] qname:[google.com.] qtype:[A] respid:[0] rcode:[NOERROR] respflags:[qr rd ra] err:[<nil>] duration:[84.926895ms]
2025/05/21 05:48:13 worker:[0] reqid:[0] qname:[googleusercontent.com.] qtype:[A] respid:[0] rcode:[NOERROR] respflags:[qr rd ra] err:[<nil>] duration:[88.53229ms]
2025/05/21 05:48:13 worker:[0] reqid:[0] qname:[facebook.com.] qtype:[A] respid:[0] rcode:[NOERROR] respflags:[qr rd ra] err:[<nil>] duration:[86.253394ms]
2025/05/21 05:48:13 worker:[0] reqid:[0] qname:[instagram.com.] qtype:[A] respid:[0] rcode:[NOERROR] respflags:[qr rd ra] err:[<nil>] duration:[85.707596ms]
2025/05/21 05:48:13 worker:[0] reqid:[0] qname:[wikipedia.org.] qtype:[A] respid:[0] rcode:[NOERROR] respflags:[qr rd ra] err:[<nil>] duration:[87.41022ms]
2025/05/21 05:48:14 worker:[0] reqid:[0] qname:[x.com.] qtype:[A] respid:[0] rcode:[NOERROR] respflags:[qr rd ra] err:[<nil>] duration:[90.921632ms]
2025/05/21 05:48:14 worker:[0] reqid:[0] qname:[amazon.com.] qtype:[A] respid:[0] rcode:[NOERROR] respflags:[qr rd ra] err:[<nil>] duration:[88.121044ms]
2025/05/21 05:48:14 worker:[0] reqid:[0] qname:[tiktok.com.] qtype:[A] respid:[0] rcode:[NOERROR] respflags:[qr rd ra] err:[<nil>] duration:[92.582204ms]
2025/05/21 05:48:14 worker:[0] reqid:[0] qname:[whatsapp.com.] qtype:[A] respid:[0] rcode:[NOERROR] respflags:[qr rd ra] err:[<nil>] duration:[116.27886ms]
2025/05/21 05:48:14 worker:[0] reqid:[0] qname:[yahoo.com.] qtype:[A] respid:[0] rcode:[NOERROR] respflags:[qr rd ra] err:[<nil>] duration:[86.748864ms]
