2025/05/21 05:51:04 failed to sufficiently increase receive buffer size (was: 208 kiB, wanted: 7168 kiB, got: 416 kiB). See https://github.com/quic-go/quic-go/wiki/UDP-Buffer-Sizes for details.
2025/05/21 05:51:04 worker:[0] reqid:[0] qname:[google.com.] qtype:[A] respid:[0] rcode:[NOERROR] respflags:[qr rd ra] err:[<nil>] duration:[272.66492ms]
2025/05/21 05:51:04 worker:[0] reqid:[0] qname:[googleusercontent.com.] qtype:[A] respid:[0] rcode:[NOERROR] respflags:[qr rd ra] err:[<nil>] duration:[358.999424ms]
2025/05/21 05:51:05 worker:[0] reqid:[0] qname:[facebook.com.] qtype:[A] respid:[0] rcode:[NOERROR] respflags:[qr rd ra] err:[<nil>] duration:[96.619541ms]
2025/05/21 05:51:05 worker:[0] reqid:[0] qname:[instagram.com.] qtype:[A] respid:[0] rcode:[NOERROR] respflags:[qr rd ra] err:[<nil>] duration:[97.687516ms]
2025/05/21 05:51:05 worker:[0] reqid:[0] qname:[wikipedia.org.] qtype:[A] respid:[0] rcode:[NOERROR] respflags:[qr rd ra] err:[<nil>] duration:[86.343055ms]
2025/05/21 05:51:05 worker:[0] reqid:[0] qname:[x.com.] qtype:[A] respid:[0] rcode:[NOERROR] respflags:[qr rd ra] err:[<nil>] duration:[85.331026ms]
2025/05/21 05:51:05 worker:[0] reqid:[0] qname:[amazon.com.] qtype:[A] respid:[0] rcode:[NOERROR] respflags:[qr rd ra] err:[<nil>] duration:[90.596917ms]
2025/05/21 05:51:05 worker:[0] reqid:[0] qname:[tiktok.com.] qtype:[A] respid:[0] rcode:[NOERROR] respflags:[qr rd ra] err:[<nil>] duration:[86.151065ms]
2025/05/21 05:51:05 worker:[0] reqid:[0] qname:[whatsapp.com.] qtype:[A] respid:[0] rcode:[NOERROR] respflags:[qr rd ra] err:[<nil>] duration:[86.479252ms]
2025/05/21 05:51:05 worker:[0] reqid:[0] qname:[yahoo.com.] qtype:[A] respid:[0] rcode:[NOERROR] respflags:[qr rd ra] err:[<nil>] duration:[85.356398ms]
2025/05/21 05:51:05 worker:[0] reqid:[0] qname:[google.com.] qtype:[A] respid:[0] rcode:[NOERROR] respflags:[qr rd ra] err:[<nil>] duration:[85.33005ms]
2025/05/21 05:51:05 worker:[0] reqid:[0] qname:[googleusercontent.com.] qtype:[A] respid:[0] rcode:[NOERROR] respflags:[qr rd ra] err:[<nil>] duration:[86.546444ms]
2025/05/21 05:51:05 worker:[0] reqid:[0] qname:[facebook.com.] qtype:[A] respid:[0] rcode:[NOERROR] respflags:[qr rd ra] err:[<nil>] duration:[88.15017ms]
2025/05/21 05:51:06 worker:[0] reqid:[0] qname:[instagram.com.] qtype:[A] respid:[0] rcode:[NOERROR] respflags:[qr rd ra] err:[<nil>] duration:[87.898191ms]
2025/05/21 05:51:06 worker:[0] reqid:[0] qname:[wikipedia.org.] qtype:[A] respid:[0] rcode:[NOERROR] respflags:[qr rd ra] err:[<nil>] duration:[87.308178ms]
2025/05/21 05:51:06 worker:[0] reqid:[0] qname:[x.com.] qtype:[A] respid:[0] rcode:[NOERROR] respflags:[qr rd ra] err:[<nil>] duration:[87.616256ms]
2025/05/21 05:51:06 worker:[0] reqid:[0] qname:[amazon.com.] qtype:[A] respid:[0] rcode:[NOERROR] respflags:[qr rd ra] err:[<nil>] duration:[85.777967ms]
2025/05/21 05:51:06 worker:[0] reqid:[0] qname:[tiktok.com.] qtype:[A] respid:[0] rcode:[NOERROR] respflags:[qr rd ra] err:[<nil>] duration:[87.725156ms]
2025/05/21 05:51:06 worker:[0] reqid:[0] qname:[whatsapp.com.] qtype:[A] respid:[0] rcode:[NOERROR] respflags:[qr rd ra] err:[<nil>] duration:[87.579542ms]
2025/05/21 05:51:06 worker:[0] reqid:[0] qname:[yahoo.com.] qtype:[A] respid:[0] rcode:[NOERROR] respflags:[qr rd ra] err:[<nil>] duration:[89.793893ms]
2025/05/21 05:51:06 worker:[0] reqid:[0] qname:[google.com.] qtype:[A] respid:[0] rcode:[NOERROR] respflags:[qr rd ra] err:[<nil>] duration:[85.171389ms]
2025/05/21 05:51:06 worker:[0] reqid:[0] qname:[googleusercontent.com.] qtype:[A] respid:[0] rcode:[NOERROR] respflags:[qr rd ra] err:[<nil>] duration:[89.127993ms]
2025/05/21 05:51:06 worker:[0] reqid:[0] qname:[facebook.com.] qtype:[A] respid:[0] rcode:[NOERROR] respflags:[qr rd ra] err:[<nil>] duration:[85.521554ms]
2025/05/21 05:51:06 worker:[0] reqid:[0] qname:[instagram.com.] qtype:[A] respid:[0] rcode:[NOERROR] respflags:[qr rd ra] err:[<nil>] duration:[87.160437ms]
2025/05/21 05:51:06 worker:[0] reqid:[0] qname:[wikipedia.org.] qtype:[A] respid:[0] rcode:[NOERROR] respflags:[qr rd ra] err:[<nil>] duration:[85.460083ms]
2025/05/21 05:51:07 worker:[0] reqid:[0] qname:[x.com.] qtype:[A] respid:[0] rcode:[NOERROR] respflags:[qr rd ra] err:[<nil>] duration:[352.294791ms]
2025/05/21 05:51:07 worker:[0] reqid:[0] qname:[amazon.com.] qtype:[A] respid:[0] rcode:[NOERROR] respflags:[qr rd ra] err:[<nil>] duration:[181.510938ms]
2025/05/21 05:51:07 worker:[0] reqid:[0] qname:[tiktok.com.] qtype:[A] respid:[0] rcode:[NOERROR] respflags:[qr rd ra] err:[<nil>] duration:[85.690809ms]
2025/05/21 05:51:07 worker:[0] reqid:[0] qname:[whatsapp.com.] qtype:[A] respid:[0] rcode:[NOERROR] respflags:[qr rd ra] err:[<nil>] duration:[86.270193ms]
2025/05/21 05:51:07 worker:[0] reqid:[0] qname:[yahoo.com.] qtype:[A] respid:[0] rcode:[NOERROR] respflags:[qr rd ra] err:[<nil>] duration:[205.73378ms]
2025/05/21 05:51:07 worker:[0] reqid:[0] qname:[google.com.] qtype:[A] respid:[0] rcode:[NOERROR] respflags:[qr rd ra] err:[<nil>] duration:[87.890609ms]
2025/05/21 05:51:08 worker:[0] reqid:[0] qname:[googleusercontent.com.] qtype:[A] respid:[0] rcode:[NOERROR] respflags:[qr rd ra] err:[<nil>] duration:[87.645025ms]
2025/05/21 05:51:08 worker:[0] reqid:[0] qname:[facebook.com.] qtype:[A] respid:[0] rcode:[NOERROR] respflags:[qr rd ra] err:[<nil>] duration:[87.132526ms]
2025/05/21 05:51:08 worker:[0] reqid:[0] qname:[instagram.com.] qtype:[A] respid:[0] rcode:[NOERROR] respflags:[qr rd ra] err:[<nil>] duration:[86.123638ms]
2025/05/21 05:51:08 worker:[0] reqid:[0] qname:[wikipedia.org.] qtype:[A] respid:[0] rcode:[NOERROR] respflags:[qr rd ra] err:[<nil>] duration:[88.762256ms]
2025/05/21 05:51:08 worker:[0] reqid:[0] qname:[x.com.] qtype:[A] respid:[0] rcode:[NOERROR] respflags:[qr rd ra] err:[<nil>] duration:[86.762058ms]
2025/05/21 05:51:08 worker:[0] reqid:[0] qname:[amazon.com.] qtype:[A] respid:[0] rcode:[NOERROR] respflags:[qr rd ra] err:[<nil>] duration:[88.946666ms]
2025/05/21 05:51:08 worker:[0] reqid:[0] qname:[tiktok.com.] qtype:[A] respid:[0] rcode:[NOERROR] respflags:[qr rd ra] err:[<nil>] duration:[85.385345ms]
2025/05/21 05:51:08 worker:[0] reqid:[0] qname:[whatsapp.com.] qtype:[A] respid:[0] rcode:[NOERROR] respflags:[qr rd ra] err:[<nil>] duration:[88.313021ms]
2025/05/21 05:51:08 worker:[0] reqid:[0] qname:[yahoo.com.] qtype:[A] respid:[0] rcode:[NOERROR] respflags:[qr rd ra] err:[<nil>] duration:[86.645312ms]
2025/05/21 05:51:08 worker:[0] reqid:[0] qname:[google.com.] qtype:[A] respid:[0] rcode:[NOERROR] respflags:[qr rd ra] err:[<nil>] duration:[87.696181ms]
2025/05/21 05:51:08 worker:[0] reqid:[0] qname:[googleusercontent.com.] qtype:[A] respid:[0] rcode:[NOERROR] respflags:[qr rd ra] err:[<nil>] duration:[86.662667ms]
2025/05/21 05:51:09 worker:[0] reqid:[0] qname:[facebook.com.] qtype:[A] respid:[0] rcode:[NOERROR] respflags:[qr rd ra] err:[<nil>] duration:[102.069773ms]
2025/05/21 05:51:09 worker:[0] reqid:[0] qname:[instagram.com.] qtype:[A] respid:[0] rcode:[NOERROR] respflags:[qr rd ra] err:[<nil>] duration:[87.473882ms]
2025/05/21 05:51:09 worker:[0] reqid:[0] qname:[wikipedia.org.] qtype:[A] respid:[0] rcode:[NOERROR] respflags:[qr rd ra] err:[<nil>] duration:[87.444996ms]
2025/05/21 05:51:09 worker:[0] reqid:[0] qname:[x.com.] qtype:[A] respid:[0] rcode:[NOERROR] respflags:[qr rd ra] err:[<nil>] duration:[85.058572ms]
2025/05/21 05:51:09 worker:[0] reqid:[0] qname:[amazon.com.] qtype:[A] respid:[0] rcode:[NOERROR] respflags:[qr rd ra] err:[<nil>] duration:[87.5818ms]
2025/05/21 05:51:09 worker:[0] reqid:[0] qname:[tiktok.com.] qtype:[A] respid:[0] rcode:[NOERROR] respflags:[qr rd ra] err:[<nil>] duration:[86.966272ms]
2025/05/21 05:51:09 worker:[0] reqid:[0] qname:[whatsapp.com.] qtype:[A] respid:[0] rcode:[NOERROR] respflags:[qr rd ra] err:[<nil>] duration:[85.734101ms]
2025/05/21 05:51:09 worker:[0] reqid:[0] qname:[yahoo.com.] qtype:[A] respid:[0] rcode:[NOERROR] respflags:[qr rd ra] err:[<nil>] duration:[209.532903ms]
2025/05/21 05:51:09 worker:[0] reqid:[0] qname:[google.com.] qtype:[A] respid:[0] rcode:[NOERROR] respflags:[qr rd ra] err:[<nil>] duration:[85.547598ms]
2025/05/21 05:51:09 worker:[0] reqid:[0] qname:[googleusercontent.com.] qtype:[A] respid:[0] rcode:[NOERROR] respflags:[qr rd ra] err:[<nil>] duration:[86.588497ms]
2025/05/21 05:51:10 worker:[0] reqid:[0] qname:[facebook.com.] qtype:[A] respid:[0] rcode:[NOERROR] respflags:[qr rd ra] err:[<nil>] duration:[87.606904ms]
2025/05/21 05:51:10 worker:[0] reqid:[0] qname:[instagram.com.] qtype:[A] respid:[0] rcode:[NOERROR] respflags:[qr rd ra] err:[<nil>] duration:[86.400616ms]
2025/05/21 05:51:10 worker:[0] reqid:[0] qname:[wikipedia.org.] qtype:[A] respid:[0] rcode:[NOERROR] respflags:[qr rd ra] err:[<nil>] duration:[91.51684ms]
2025/05/21 05:51:10 worker:[0] reqid:[0] qname:[x.com.] qtype:[A] respid:[0] rcode:[NOERROR] respflags:[qr rd ra] err:[<nil>] duration:[85.306968ms]
2025/05/21 05:51:10 worker:[0] reqid:[0] qname:[amazon.com.] qtype:[A] respid:[0] rcode:[NOERROR] respflags:[qr rd ra] err:[<nil>] duration:[87.680673ms]
2025/05/21 05:51:10 worker:[0] reqid:[0] qname:[tiktok.com.] qtype:[A] respid:[0] rcode:[NOERROR] respflags:[qr rd ra] err:[<nil>] duration:[85.511332ms]
2025/05/21 05:51:10 worker:[0] reqid:[0] qname:[whatsapp.com.] qtype:[A] respid:[0] rcode:[NOERROR] respflags:[qr rd ra] err:[<nil>] duration:[86.788851ms]
2025/05/21 05:51:10 worker:[0] reqid:[0] qname:[yahoo.com.] qtype:[A] respid:[0] rcode:[NOERROR] respflags:[qr rd ra] err:[<nil>] duration:[86.4381ms]
2025/05/21 05:51:10 worker:[0] reqid:[0] qname:[google.com.] qtype:[A] respid:[0] rcode:[NOERROR] respflags:[qr rd ra] err:[<nil>] duration:[86.908687ms]
2025/05/21 05:51:10 worker:[0] reqid:[0] qname:[googleusercontent.com.] qtype:[A] respid:[0] rcode:[NOERROR] respflags:[qr rd ra] err:[<nil>] duration:[85.463418ms]
2025/05/21 05:51:10 worker:[0] reqid:[0] qname:[facebook.com.] qtype:[A] respid:[0] rcode:[NOERROR] respflags:[qr rd ra] err:[<nil>] duration:[85.855776ms]
2025/05/21 05:51:10 worker:[0] reqid:[0] qname:[instagram.com.] qtype:[A] respid:[0] rcode:[NOERROR] respflags:[qr rd ra] err:[<nil>] duration:[85.132309ms]
2025/05/21 05:51:11 worker:[0] reqid:[0] qname:[wikipedia.org.] qtype:[A] respid:[0] rcode:[NOERROR] respflags:[qr rd ra] err:[<nil>] duration:[87.89645ms]
2025/05/21 05:51:11 worker:[0] reqid:[0] qname:[x.com.] qtype:[A] respid:[0] rcode:[NOERROR] respflags:[qr rd ra] err:[<nil>] duration:[85.572968ms]
2025/05/21 05:51:11 worker:[0] reqid:[0] qname:[amazon.com.] qtype:[A] respid:[0] rcode:[NOERROR] respflags:[qr rd ra] err:[<nil>] duration:[88.962158ms]
2025/05/21 05:51:11 worker:[0] reqid:[0] qname:[tiktok.com.] qtype:[A] respid:[0] rcode:[NOERROR] respflags:[qr rd ra] err:[<nil>] duration:[85.760266ms]
2025/05/21 05:51:11 worker:[0] reqid:[0] qname:[whatsapp.com.] qtype:[A] respid:[0] rcode:[NOERROR] respflags:[qr rd ra] err:[<nil>] duration:[85.574227ms]
2025/05/21 05:51:11 worker:[0] reqid:[0] qname:[yahoo.com.] qtype:[A] respid:[0] rcode:[NOERROR] respflags:[qr rd ra] err:[<nil>] duration:[86.169564ms]
2025/05/21 05:51:11 worker:[0] reqid:[0] qname:[google.com.] qtype:[A] respid:[0] rcode:[NOERROR] respflags:[qr rd ra] err:[<nil>] duration:[86.560367ms]
2025/05/21 05:51:11 worker:[0] reqid:[0] qname:[googleusercontent.com.] qtype:[A] respid:[0] rcode:[NOERROR] respflags:[qr rd ra] err:[<nil>] duration:[85.276451ms]
2025/05/21 05:51:11 worker:[0] reqid:[0] qname:[facebook.com.] qtype:[A] respid:[0] rcode:[NOERROR] respflags:[qr rd ra] err:[<nil>] duration:[85.901287ms]
2025/05/21 05:51:11 worker:[0] reqid:[0] qname:[instagram.com.] qtype:[A] respid:[0] rcode:[NOERROR] respflags:[qr rd ra] err:[<nil>] duration:[90.411111ms]
2025/05/21 05:51:11 worker:[0] reqid:[0] qname:[wikipedia.org.] qtype:[A] respid:[0] rcode:[NOERROR] respflags:[qr rd ra] err:[<nil>] duration:[87.847321ms]
2025/05/21 05:51:12 worker:[0] reqid:[0] qname:[x.com.] qtype:[A] respid:[0] rcode:[NOERROR] respflags:[qr rd ra] err:[<nil>] duration:[86.487369ms]
2025/05/21 05:51:12 worker:[0] reqid:[0] qname:[amazon.com.] qtype:[A] respid:[0] rcode:[NOERROR] respflags:[qr rd ra] err:[<nil>] duration:[88.703067ms]
2025/05/21 05:51:12 worker:[0] reqid:[0] qname:[tiktok.com.] qtype:[A] respid:[0] rcode:[NOERROR] respflags:[qr rd ra] err:[<nil>] duration:[87.095231ms]
2025/05/21 05:51:12 worker:[0] reqid:[0] qname:[whatsapp.com.] qtype:[A] respid:[0] rcode:[NOERROR] respflags:[qr rd ra] err:[<nil>] duration:[85.975928ms]
2025/05/21 05:51:12 worker:[0] reqid:[0] qname:[yahoo.com.] qtype:[A] respid:[0] rcode:[NOERROR] respflags:[qr rd ra] err:[<nil>] duration:[86.879992ms]
2025/05/21 05:51:12 worker:[0] reqid:[0] qname:[google.com.] qtype:[A] respid:[0] rcode:[NOERROR] respflags:[qr rd ra] err:[<nil>] duration:[202.757492ms]
2025/05/21 05:51:12 worker:[0] reqid:[0] qname:[googleusercontent.com.] qtype:[A] respid:[0] rcode:[NOERROR] respflags:[qr rd ra] err:[<nil>] duration:[85.970063ms]
2025/05/21 05:51:12 worker:[0] reqid:[0] qname:[facebook.com.] qtype:[A] respid:[0] rcode:[NOERROR] respflags:[qr rd ra] err:[<nil>] duration:[85.382053ms]
2025/05/21 05:51:12 worker:[0] reqid:[0] qname:[instagram.com.] qtype:[A] respid:[0] rcode:[NOERROR] respflags:[qr rd ra] err:[<nil>] duration:[89.710591ms]
2025/05/21 05:51:12 worker:[0] reqid:[0] qname:[wikipedia.org.] qtype:[A] respid:[0] rcode:[NOERROR] respflags:[qr rd ra] err:[<nil>] duration:[87.380906ms]
2025/05/21 05:51:13 worker:[0] reqid:[0] qname:[x.com.] qtype:[A] respid:[0] rcode:[NOERROR] respflags:[qr rd ra] err:[<nil>] duration:[108.021883ms]
2025/05/21 05:51:13 worker:[0] reqid:[0] qname:[amazon.com.] qtype:[A] respid:[0] rcode:[NOERROR] respflags:[qr rd ra] err:[<nil>] duration:[90.733551ms]
2025/05/21 05:51:13 worker:[0] reqid:[0] qname:[tiktok.com.] qtype:[A] respid:[0] rcode:[NOERROR] respflags:[qr rd ra] err:[<nil>] duration:[85.330889ms]
2025/05/21 05:51:13 worker:[0] reqid:[0] qname:[whatsapp.com.] qtype:[A] respid:[0] rcode:[NOERROR] respflags:[qr rd ra] err:[<nil>] duration:[85.529249ms]
2025/05/21 05:51:13 worker:[0] reqid:[0] qname:[yahoo.com.] qtype:[A] respid:[0] rcode:[NOERROR] respflags:[qr rd ra] err:[<nil>] duration:[88.474761ms]
2025/05/21 05:51:13 worker:[0] reqid:[0] qname:[google.com.] qtype:[A] respid:[0] rcode:[NOERROR] respflags:[qr rd ra] err:[<nil>] duration:[95.539468ms]
2025/05/21 05:51:13 worker:[0] reqid:[0] qname:[googleusercontent.com.] qtype:[A] respid:[0] rcode:[NOERROR] respflags:[qr rd ra] err:[<nil>] duration:[85.495509ms]
2025/05/21 05:51:13 worker:[0] reqid:[0] qname:[facebook.com.] qtype:[A] respid:[0] rcode:[NOERROR] respflags:[qr rd ra] err:[<nil>] duration:[85.42294ms]
2025/05/21 05:51:13 worker:[0] reqid:[0] qname:[instagram.com.] qtype:[A] respid:[0] rcode:[NOERROR] respflags:[qr rd ra] err:[<nil>] duration:[86.360526ms]
2025/05/21 05:51:13 worker:[0] reqid:[0] qname:[wikipedia.org.] qtype:[A] respid:[0] rcode:[NOERROR] respflags:[qr rd ra] err:[<nil>] duration:[89.990344ms]
2025/05/21 05:51:14 worker:[0] reqid:[0] qname:[x.com.] qtype:[A] respid:[0] rcode:[NOERROR] respflags:[qr rd ra] err:[<nil>] duration:[216.666402ms]
2025/05/21 05:51:14 worker:[0] reqid:[0] qname:[amazon.com.] qtype:[A] respid:[0] rcode:[NOERROR] respflags:[qr rd ra] err:[<nil>] duration:[89.523878ms]
2025/05/21 05:51:14 worker:[0] reqid:[0] qname:[tiktok.com.] qtype:[A] respid:[0] rcode:[NOERROR] respflags:[qr rd ra] err:[<nil>] duration:[88.742936ms]
2025/05/21 05:51:14 worker:[0] reqid:[0] qname:[whatsapp.com.] qtype:[A] respid:[0] rcode:[NOERROR] respflags:[qr rd ra] err:[<nil>] duration:[88.168813ms]
2025/05/21 05:51:14 worker:[0] reqid:[0] qname:[yahoo.com.] qtype:[A] respid:[0] rcode:[NOERROR] respflags:[qr rd ra] err:[<nil>] duration:[88.546285ms]
2025/05/21 05:51:14 worker:[0] reqid:[0] qname:[google.com.] qtype:[A] respid:[0] rcode:[NOERROR] respflags:[qr rd ra] err:[<nil>] duration:[89.428205ms]
2025/05/21 05:51:14 worker:[0] reqid:[0] qname:[googleusercontent.com.] qtype:[A] respid:[0] rcode:[NOERROR] respflags:[qr rd ra] err:[<nil>] duration:[90.694808ms]
2025/05/21 05:51:14 worker:[0] reqid:[0] qname:[facebook.com.] qtype:[A] respid:[0] rcode:[NOERROR] respflags:[qr rd ra] err:[<nil>] duration:[97.240516ms]
2025/05/21 05:51:14 worker:[0] reqid:[0] qname:[instagram.com.] qtype:[A] respid:[0] rcode:[NOERROR] respflags:[qr rd ra] err:[<nil>] duration:[92.068119ms]
2025/05/21 05:51:14 worker:[0] reqid:[0] qname:[wikipedia.org.] qtype:[A] respid:[0] rcode:[NOERROR] respflags:[qr rd ra] err:[<nil>] duration:[87.344052ms]
2025/05/21 05:51:14 worker:[0] reqid:[0] qname:[x.com.] qtype:[A] respid:[0] rcode:[NOERROR] respflags:[qr rd ra] err:[<nil>] duration:[86.286202ms]
2025/05/21 05:51:15 worker:[0] reqid:[0] qname:[amazon.com.] qtype:[A] respid:[0] rcode:[NOERROR] respflags:[qr rd ra] err:[<nil>] duration:[88.188169ms]
2025/05/21 05:51:15 worker:[0] reqid:[0] qname:[tiktok.com.] qtype:[A] respid:[0] rcode:[NOERROR] respflags:[qr rd ra] err:[<nil>] duration:[85.597246ms]
2025/05/21 05:51:15 worker:[0] reqid:[0] qname:[whatsapp.com.] qtype:[A] respid:[0] rcode:[NOERROR] respflags:[qr rd ra] err:[<nil>] duration:[86.829734ms]
2025/05/21 05:51:15 worker:[0] reqid:[0] qname:[yahoo.com.] qtype:[A] respid:[0] rcode:[NOERROR] respflags:[qr rd ra] err:[<nil>] duration:[87.031453ms]
2025/05/21 05:51:15 worker:[0] reqid:[0] qname:[google.com.] qtype:[A] respid:[0] rcode:[NOERROR] respflags:[qr rd ra] err:[<nil>] duration:[104.196664ms]
2025/05/21 05:51:15 worker:[0] reqid:[0] qname:[googleusercontent.com.] qtype:[A] respid:[0] rcode:[NOERROR] respflags:[qr rd ra] err:[<nil>] duration:[100.735053ms]
2025/05/21 05:51:15 worker:[0] reqid:[0] qname:[facebook.com.] qtype:[A] respid:[0] rcode:[NOERROR] respflags:[qr rd ra] err:[<nil>] duration:[90.765971ms]
2025/05/21 05:51:15 worker:[0] reqid:[0] qname:[instagram.com.] qtype:[A] respid:[0] rcode:[NOERROR] respflags:[qr rd ra] err:[<nil>] duration:[86.184429ms]
2025/05/21 05:51:15 worker:[0] reqid:[0] qname:[wikipedia.org.] qtype:[A] respid:[0] rcode:[NOERROR] respflags:[qr rd ra] err:[<nil>] duration:[87.398433ms]
2025/05/21 05:51:15 worker:[0] reqid:[0] qname:[x.com.] qtype:[A] respid:[0] rcode:[NOERROR] respflags:[qr rd ra] err:[<nil>] duration:[91.611242ms]
2025/05/21 05:51:15 worker:[0] reqid:[0] qname:[amazon.com.] qtype:[A] respid:[0] rcode:[NOERROR] respflags:[qr rd ra] err:[<nil>] duration:[87.642877ms]
2025/05/21 05:51:16 worker:[0] reqid:[0] qname:[tiktok.com.] qtype:[A] respid:[0] rcode:[NOERROR] respflags:[qr rd ra] err:[<nil>] duration:[85.910003ms]
2025/05/21 05:51:16 worker:[0] reqid:[0] qname:[whatsapp.com.] qtype:[A] respid:[0] rcode:[NOERROR] respflags:[qr rd ra] err:[<nil>] duration:[90.870145ms]
2025/05/21 05:51:16 worker:[0] reqid:[0] qname:[yahoo.com.] qtype:[A] respid:[0] rcode:[NOERROR] respflags:[qr rd ra] err:[<nil>] duration:[87.222874ms]
2025/05/21 05:51:16 worker:[0] reqid:[0] qname:[google.com.] qtype:[A] respid:[0] rcode:[NOERROR] respflags:[qr rd ra] err:[<nil>] duration:[215.243084ms]
2025/05/21 05:51:16 worker:[0] reqid:[0] qname:[googleusercontent.com.] qtype:[A] respid:[0] rcode:[NOERROR] respflags:[qr rd ra] err:[<nil>] duration:[266.717681ms]
2025/05/21 05:51:16 worker:[0] reqid:[0] qname:[facebook.com.] qtype:[A] respid:[0] rcode:[NOERROR] respflags:[qr rd ra] err:[<nil>] duration:[149.843586ms]
2025/05/21 05:51:17 worker:[0] reqid:[0] qname:[instagram.com.] qtype:[A] respid:[0] rcode:[NOERROR] respflags:[qr rd ra] err:[<nil>] duration:[218.959267ms]
2025/05/21 05:51:17 worker:[0] reqid:[0] qname:[wikipedia.org.] qtype:[A] respid:[0] rcode:[NOERROR] respflags:[qr rd ra] err:[<nil>] duration:[95.613449ms]
2025/05/21 05:51:17 worker:[0] reqid:[0] qname:[x.com.] qtype:[A] respid:[0] rcode:[NOERROR] respflags:[qr rd ra] err:[<nil>] duration:[87.36691ms]
2025/05/21 05:51:17 worker:[0] reqid:[0] qname:[amazon.com.] qtype:[A] respid:[0] rcode:[NOERROR] respflags:[qr rd ra] err:[<nil>] duration:[89.745155ms]
2025/05/21 05:51:17 worker:[0] reqid:[0] qname:[tiktok.com.] qtype:[A] respid:[0] rcode:[NOERROR] respflags:[qr rd ra] err:[<nil>] duration:[97.839548ms]
2025/05/21 05:51:17 worker:[0] reqid:[0] qname:[whatsapp.com.] qtype:[A] respid:[0] rcode:[NOERROR] respflags:[qr rd ra] err:[<nil>] duration:[86.231034ms]
2025/05/21 05:51:17 worker:[0] reqid:[0] qname:[yahoo.com.] qtype:[A] respid:[0] rcode:[NOERROR] respflags:[qr rd ra] err:[<nil>] duration:[91.732295ms]
2025/05/21 05:51:17 worker:[0] reqid:[0] qname:[google.com.] qtype:[A] respid:[0] rcode:[NOERROR] respflags:[qr rd ra] err:[<nil>] duration:[86.735595ms]
2025/05/21 05:51:17 worker:[0] reqid:[0] qname:[googleusercontent.com.] qtype:[A] respid:[0] rcode:[NOERROR] respflags:[qr rd ra] err:[<nil>] duration:[86.215538ms]
2025/05/21 05:51:17 worker:[0] reqid:[0] qname:[facebook.com.] qtype:[A] respid:[0] rcode:[NOERROR] respflags:[qr rd ra] err:[<nil>] duration:[85.533473ms]
2025/05/21 05:51:17 worker:[0] reqid:[0] qname:[instagram.com.] qtype:[A] respid:[0] rcode:[NOERROR] respflags:[qr rd ra] err:[<nil>] duration:[96.844061ms]
2025/05/21 05:51:18 worker:[0] reqid:[0] qname:[wikipedia.org.] qtype:[A] respid:[0] rcode:[NOERROR] respflags:[qr rd ra] err:[<nil>] duration:[87.909949ms]
2025/05/21 05:51:18 worker:[0] reqid:[0] qname:[x.com.] qtype:[A] respid:[0] rcode:[NOERROR] respflags:[qr rd ra] err:[<nil>] duration:[85.709585ms]
2025/05/21 05:51:18 worker:[0] reqid:[0] qname:[amazon.com.] qtype:[A] respid:[0] rcode:[NOERROR] respflags:[qr rd ra] err:[<nil>] duration:[86.14435ms]
2025/05/21 05:51:18 worker:[0] reqid:[0] qname:[tiktok.com.] qtype:[A] respid:[0] rcode:[NOERROR] respflags:[qr rd ra] err:[<nil>] duration:[85.914716ms]
2025/05/21 05:51:18 worker:[0] reqid:[0] qname:[whatsapp.com.] qtype:[A] respid:[0] rcode:[NOERROR] respflags:[qr rd ra] err:[<nil>] duration:[86.07668ms]
2025/05/21 05:51:18 worker:[0] reqid:[0] qname:[yahoo.com.] qtype:[A] respid:[0] rcode:[NOERROR] respflags:[qr rd ra] err:[<nil>] duration:[89.647ms]
2025/05/21 05:51:18 worker:[0] reqid:[0] qname:[google.com.] qtype:[A] respid:[0] rcode:[NOERROR] respflags:[qr rd ra] err:[<nil>] duration:[111.964742ms]
2025/05/21 05:51:18 worker:[0] reqid:[0] qname:[googleusercontent.com.] qtype:[A] respid:[0] rcode:[NOERROR] respflags:[qr rd ra] err:[<nil>] duration:[86.055769ms]
2025/05/21 05:51:18 worker:[0] reqid:[0] qname:[facebook.com.] qtype:[A] respid:[0] rcode:[NOERROR] respflags:[qr rd ra] err:[<nil>] duration:[85.359601ms]
2025/05/21 05:51:18 worker:[0] reqid:[0] qname:[instagram.com.] qtype:[A] respid:[0] rcode:[NOERROR] respflags:[qr rd ra] err:[<nil>] duration:[85.618023ms]
2025/05/21 05:51:18 worker:[0] reqid:[0] qname:[wikipedia.org.] qtype:[A] respid:[0] rcode:[NOERROR] respflags:[qr rd ra] err:[<nil>] duration:[85.373005ms]
2025/05/21 05:51:19 worker:[0] reqid:[0] qname:[x.com.] qtype:[A] respid:[0] rcode:[NOERROR] respflags:[qr rd ra] err:[<nil>] duration:[86.079799ms]
2025/05/21 05:51:19 worker:[0] reqid:[0] qname:[amazon.com.] qtype:[A] respid:[0] rcode:[NOERROR] respflags:[qr rd ra] err:[<nil>] duration:[86.622902ms]
2025/05/21 05:51:19 worker:[0] reqid:[0] qname:[tiktok.com.] qtype:[A] respid:[0] rcode:[NOERROR] respflags:[qr rd ra] err:[<nil>] duration:[87.939208ms]
2025/05/21 05:51:19 worker:[0] reqid:[0] qname:[whatsapp.com.] qtype:[A] respid:[0] rcode:[NOERROR] respflags:[qr rd ra] err:[<nil>] duration:[85.699054ms]
2025/05/21 05:51:19 worker:[0] reqid:[0] qname:[yahoo.com.] qtype:[A] respid:[0] rcode:[NOERROR] respflags:[qr rd ra] err:[<nil>] duration:[85.946442ms]
2025/05/21 05:51:19 worker:[0] reqid:[0] qname:[google.com.] qtype:[A] respid:[0] rcode:[NOERROR] respflags:[qr rd ra] err:[<nil>] duration:[85.8401ms]
2025/05/21 05:51:19 worker:[0] reqid:[0] qname:[googleusercontent.com.] qtype:[A] respid:[0] rcode:[NOERROR] respflags:[qr rd ra] err:[<nil>] duration:[85.769178ms]
2025/05/21 05:51:19 worker:[0] reqid:[0] qname:[facebook.com.] qtype:[A] respid:[0] rcode:[NOERROR] respflags:[qr rd ra] err:[<nil>] duration:[85.82853ms]
2025/05/21 05:51:19 worker:[0] reqid:[0] qname:[instagram.com.] qtype:[A] respid:[0] rcode:[NOERROR] respflags:[qr rd ra] err:[<nil>] duration:[208.107694ms]
2025/05/21 05:51:19 worker:[0] reqid:[0] qname:[wikipedia.org.] qtype:[A] respid:[0] rcode:[NOERROR] respflags:[qr rd ra] err:[<nil>] duration:[85.453334ms]
2025/05/21 05:51:20 worker:[0] reqid:[0] qname:[x.com.] qtype:[A] respid:[0] rcode:[NOERROR] respflags:[qr rd ra] err:[<nil>] duration:[88.043689ms]
2025/05/21 05:51:20 worker:[0] reqid:[0] qname:[amazon.com.] qtype:[A] respid:[0] rcode:[NOERROR] respflags:[qr rd ra] err:[<nil>] duration:[89.273392ms]
2025/05/21 05:51:20 worker:[0] reqid:[0] qname:[tiktok.com.] qtype:[A] respid:[0] rcode:[NOERROR] respflags:[qr rd ra] err:[<nil>] duration:[86.137532ms]
2025/05/21 05:51:20 worker:[0] reqid:[0] qname:[whatsapp.com.] qtype:[A] respid:[0] rcode:[NOERROR] respflags:[qr rd ra] err:[<nil>] duration:[86.245528ms]
2025/05/21 05:51:20 worker:[0] reqid:[0] qname:[yahoo.com.] qtype:[A] respid:[0] rcode:[NOERROR] respflags:[qr rd ra] err:[<nil>] duration:[86.364235ms]
2025/05/21 05:51:20 worker:[0] reqid:[0] qname:[google.com.] qtype:[A] respid:[0] rcode:[NOERROR] respflags:[qr rd ra] err:[<nil>] duration:[87.403573ms]
2025/05/21 05:51:20 worker:[0] reqid:[0] qname:[googleusercontent.com.] qtype:[A] respid:[0] rcode:[NOERROR] respflags:[qr rd ra] err:[<nil>] duration:[87.017604ms]
2025/05/21 05:51:20 worker:[0] reqid:[0] qname:[facebook.com.] qtype:[A] respid:[0] rcode:[NOERROR] respflags:[qr rd ra] err:[<nil>] duration:[87.033954ms]
2025/05/21 05:51:20 worker:[0] reqid:[0] qname:[instagram.com.] qtype:[A] respid:[0] rcode:[NOERROR] respflags:[qr rd ra] err:[<nil>] duration:[85.124591ms]
2025/05/21 05:51:20 worker:[0] reqid:[0] qname:[wikipedia.org.] qtype:[A] respid:[0] rcode:[NOERROR] respflags:[qr rd ra] err:[<nil>] duration:[86.89192ms]
2025/05/21 05:51:20 worker:[0] reqid:[0] qname:[x.com.] qtype:[A] respid:[0] rcode:[NOERROR] respflags:[qr rd ra] err:[<nil>] duration:[85.541572ms]
2025/05/21 05:51:20 worker:[0] reqid:[0] qname:[amazon.com.] qtype:[A] respid:[0] rcode:[NOERROR] respflags:[qr rd ra] err:[<nil>] duration:[85.124868ms]
2025/05/21 05:51:21 worker:[0] reqid:[0] qname:[tiktok.com.] qtype:[A] respid:[0] rcode:[NOERROR] respflags:[qr rd ra] err:[<nil>] duration:[87.433322ms]
2025/05/21 05:51:21 worker:[0] reqid:[0] qname:[whatsapp.com.] qtype:[A] respid:[0] rcode:[NOERROR] respflags:[qr rd ra] err:[<nil>] duration:[85.139649ms]
2025/05/21 05:51:21 worker:[0] reqid:[0] qname:[yahoo.com.] qtype:[A] respid:[0] rcode:[NOERROR] respflags:[qr rd ra] err:[<nil>] duration:[86.315001ms]
2025/05/21 05:51:21 worker:[0] reqid:[0] qname:[google.com.] qtype:[A] respid:[0] rcode:[NOERROR] respflags:[qr rd ra] err:[<nil>] duration:[86.571669ms]
2025/05/21 05:51:21 worker:[0] reqid:[0] qname:[googleusercontent.com.] qtype:[A] respid:[0] rcode:[NOERROR] respflags:[qr rd ra] err:[<nil>] duration:[86.936168ms]
2025/05/21 05:51:21 worker:[0] reqid:[0] qname:[facebook.com.] qtype:[A] respid:[0] rcode:[NOERROR] respflags:[qr rd ra] err:[<nil>] duration:[86.067497ms]
2025/05/21 05:51:21 worker:[0] reqid:[0] qname:[instagram.com.] qtype:[A] respid:[0] rcode:[NOERROR] respflags:[qr rd ra] err:[<nil>] duration:[85.524236ms]
2025/05/21 05:51:21 worker:[0] reqid:[0] qname:[wikipedia.org.] qtype:[A] respid:[0] rcode:[NOERROR] respflags:[qr rd ra] err:[<nil>] duration:[85.59854ms]
2025/05/21 05:51:21 worker:[0] reqid:[0] qname:[x.com.] qtype:[A] respid:[0] rcode:[NOERROR] respflags:[qr rd ra] err:[<nil>] duration:[85.640154ms]
2025/05/21 05:51:21 worker:[0] reqid:[0] qname:[amazon.com.] qtype:[A] respid:[0] rcode:[NOERROR] respflags:[qr rd ra] err:[<nil>] duration:[85.671152ms]
2025/05/21 05:51:21 worker:[0] reqid:[0] qname:[tiktok.com.] qtype:[A] respid:[0] rcode:[NOERROR] respflags:[qr rd ra] err:[<nil>] duration:[89.52986ms]
2025/05/21 05:51:22 worker:[0] reqid:[0] qname:[whatsapp.com.] qtype:[A] respid:[0] rcode:[NOERROR] respflags:[qr rd ra] err:[<nil>] duration:[86.699916ms]
2025/05/21 05:51:22 worker:[0] reqid:[0] qname:[yahoo.com.] qtype:[A] respid:[0] rcode:[NOERROR] respflags:[qr rd ra] err:[<nil>] duration:[85.987374ms]
2025/05/21 05:51:22 worker:[0] reqid:[0] qname:[google.com.] qtype:[A] respid:[0] rcode:[NOERROR] respflags:[qr rd ra] err:[<nil>] duration:[85.454974ms]
2025/05/21 05:51:22 worker:[0] reqid:[0] qname:[googleusercontent.com.] qtype:[A] respid:[0] rcode:[NOERROR] respflags:[qr rd ra] err:[<nil>] duration:[201.606975ms]
2025/05/21 05:51:22 worker:[0] reqid:[0] qname:[facebook.com.] qtype:[A] respid:[0] rcode:[NOERROR] respflags:[qr rd ra] err:[<nil>] duration:[87.045863ms]
2025/05/21 05:51:22 worker:[0] reqid:[0] qname:[instagram.com.] qtype:[A] respid:[0] rcode:[NOERROR] respflags:[qr rd ra] err:[<nil>] duration:[89.238286ms]
2025/05/21 05:51:22 worker:[0] reqid:[0] qname:[wikipedia.org.] qtype:[A] respid:[0] rcode:[NOERROR] respflags:[qr rd ra] err:[<nil>] duration:[88.407944ms]
2025/05/21 05:51:22 worker:[0] reqid:[0] qname:[x.com.] qtype:[A] respid:[0] rcode:[NOERROR] respflags:[qr rd ra] err:[<nil>] duration:[86.151371ms]
2025/05/21 05:51:22 worker:[0] reqid:[0] qname:[amazon.com.] qtype:[A] respid:[0] rcode:[NOERROR] respflags:[qr rd ra] err:[<nil>] duration:[87.782574ms]
2025/05/21 05:51:22 worker:[0] reqid:[0] qname:[tiktok.com.] qtype:[A] respid:[0] rcode:[NOERROR] respflags:[qr rd ra] err:[<nil>] duration:[87.813227ms]
2025/05/21 05:51:23 worker:[0] reqid:[0] qname:[whatsapp.com.] qtype:[A] respid:[0] rcode:[NOERROR] respflags:[qr rd ra] err:[<nil>] duration:[87.724626ms]
2025/05/21 05:51:23 worker:[0] reqid:[0] qname:[yahoo.com.] qtype:[A] respid:[0] rcode:[NOERROR] respflags:[qr rd ra] err:[<nil>] duration:[86.631126ms]
2025/05/21 05:51:23 worker:[0] reqid:[0] qname:[google.com.] qtype:[A] respid:[0] rcode:[NOERROR] respflags:[qr rd ra] err:[<nil>] duration:[85.612192ms]
2025/05/21 05:51:23 worker:[0] reqid:[0] qname:[googleusercontent.com.] qtype:[A] respid:[0] rcode:[NOERROR] respflags:[qr rd ra] err:[<nil>] duration:[85.560324ms]
2025/05/21 05:51:23 worker:[0] reqid:[0] qname:[facebook.com.] qtype:[A] respid:[0] rcode:[NOERROR] respflags:[qr rd ra] err:[<nil>] duration:[88.767415ms]
2025/05/21 05:51:23 worker:[0] reqid:[0] qname:[instagram.com.] qtype:[A] respid:[0] rcode:[NOERROR] respflags:[qr rd ra] err:[<nil>] duration:[204.366554ms]
2025/05/21 05:51:23 worker:[0] reqid:[0] qname:[wikipedia.org.] qtype:[A] respid:[0] rcode:[NOERROR] respflags:[qr rd ra] err:[<nil>] duration:[85.657306ms]
2025/05/21 05:51:23 worker:[0] reqid:[0] qname:[x.com.] qtype:[A] respid:[0] rcode:[NOERROR] respflags:[qr rd ra] err:[<nil>] duration:[89.142046ms]
2025/05/21 05:51:23 worker:[0] reqid:[0] qname:[amazon.com.] qtype:[A] respid:[0] rcode:[NOERROR] respflags:[qr rd ra] err:[<nil>] duration:[87.352453ms]
2025/05/21 05:51:23 worker:[0] reqid:[0] qname:[tiktok.com.] qtype:[A] respid:[0] rcode:[NOERROR] respflags:[qr rd ra] err:[<nil>] duration:[86.514363ms]
2025/05/21 05:51:24 worker:[0] reqid:[0] qname:[whatsapp.com.] qtype:[A] respid:[0] rcode:[NOERROR] respflags:[qr rd ra] err:[<nil>] duration:[85.677332ms]
2025/05/21 05:51:24 worker:[0] reqid:[0] qname:[yahoo.com.] qtype:[A] respid:[0] rcode:[NOERROR] respflags:[qr rd ra] err:[<nil>] duration:[86.667856ms]
2025/05/21 05:51:24 worker:[0] reqid:[0] qname:[google.com.] qtype:[A] respid:[0] rcode:[NOERROR] respflags:[qr rd ra] err:[<nil>] duration:[86.98179ms]
2025/05/21 05:51:24 worker:[0] reqid:[0] qname:[googleusercontent.com.] qtype:[A] respid:[0] rcode:[NOERROR] respflags:[qr rd ra] err:[<nil>] duration:[87.916612ms]
2025/05/21 05:51:24 worker:[0] reqid:[0] qname:[facebook.com.] qtype:[A] respid:[0] rcode:[NOERROR] respflags:[qr rd ra] err:[<nil>] duration:[88.395339ms]
2025/05/21 05:51:24 worker:[0] reqid:[0] qname:[instagram.com.] qtype:[A] respid:[0] rcode:[NOERROR] respflags:[qr rd ra] err:[<nil>] duration:[88.405363ms]
2025/05/21 05:51:24 worker:[0] reqid:[0] qname:[wikipedia.org.] qtype:[A] respid:[0] rcode:[NOERROR] respflags:[qr rd ra] err:[<nil>] duration:[92.499881ms]
2025/05/21 05:51:24 worker:[0] reqid:[0] qname:[x.com.] qtype:[A] respid:[0] rcode:[NOERROR] respflags:[qr rd ra] err:[<nil>] duration:[86.939127ms]
2025/05/21 05:51:24 worker:[0] reqid:[0] qname:[amazon.com.] qtype:[A] respid:[0] rcode:[NOERROR] respflags:[qr rd ra] err:[<nil>] duration:[87.820314ms]
2025/05/21 05:51:24 worker:[0] reqid:[0] qname:[tiktok.com.] qtype:[A] respid:[0] rcode:[NOERROR] respflags:[qr rd ra] err:[<nil>] duration:[86.115333ms]
2025/05/21 05:51:24 worker:[0] reqid:[0] qname:[whatsapp.com.] qtype:[A] respid:[0] rcode:[NOERROR] respflags:[qr rd ra] err:[<nil>] duration:[88.674869ms]
2025/05/21 05:51:24 worker:[0] reqid:[0] qname:[yahoo.com.] qtype:[A] respid:[0] rcode:[NOERROR] respflags:[qr rd ra] err:[<nil>] duration:[85.764433ms]
2025/05/21 05:51:25 worker:[0] reqid:[0] qname:[google.com.] qtype:[A] respid:[0] rcode:[NOERROR] respflags:[qr rd ra] err:[<nil>] duration:[85.626883ms]
2025/05/21 05:51:25 worker:[0] reqid:[0] qname:[googleusercontent.com.] qtype:[A] respid:[0] rcode:[NOERROR] respflags:[qr rd ra] err:[<nil>] duration:[86.092044ms]
2025/05/21 05:51:25 worker:[0] reqid:[0] qname:[facebook.com.] qtype:[A] respid:[0] rcode:[NOERROR] respflags:[qr rd ra] err:[<nil>] duration:[86.869269ms]
2025/05/21 05:51:25 worker:[0] reqid:[0] qname:[instagram.com.] qtype:[A] respid:[0] rcode:[NOERROR] respflags:[qr rd ra] err:[<nil>] duration:[86.166952ms]
2025/05/21 05:51:25 worker:[0] reqid:[0] qname:[wikipedia.org.] qtype:[A] respid:[0] rcode:[NOERROR] respflags:[qr rd ra] err:[<nil>] duration:[89.449782ms]
2025/05/21 05:51:25 worker:[0] reqid:[0] qname:[x.com.] qtype:[A] respid:[0] rcode:[NOERROR] respflags:[qr rd ra] err:[<nil>] duration:[86.796789ms]
2025/05/21 05:51:25 worker:[0] reqid:[0] qname:[amazon.com.] qtype:[A] respid:[0] rcode:[NOERROR] respflags:[qr rd ra] err:[<nil>] duration:[87.701823ms]
2025/05/21 05:51:25 worker:[0] reqid:[0] qname:[tiktok.com.] qtype:[A] respid:[0] rcode:[NOERROR] respflags:[qr rd ra] err:[<nil>] duration:[87.532882ms]
2025/05/21 05:51:25 worker:[0] reqid:[0] qname:[whatsapp.com.] qtype:[A] respid:[0] rcode:[NOERROR] respflags:[qr rd ra] err:[<nil>] duration:[85.985175ms]
2025/05/21 05:51:25 worker:[0] reqid:[0] qname:[yahoo.com.] qtype:[A] respid:[0] rcode:[NOERROR] respflags:[qr rd ra] err:[<nil>] duration:[87.12146ms]
2025/05/21 05:51:26 worker:[0] reqid:[0] qname:[google.com.] qtype:[A] respid:[0] rcode:[NOERROR] respflags:[qr rd ra] err:[<nil>] duration:[272.331415ms]
2025/05/21 05:51:26 worker:[0] reqid:[0] qname:[googleusercontent.com.] qtype:[A] respid:[0] rcode:[NOERROR] respflags:[qr rd ra] err:[<nil>] duration:[90.452278ms]
2025/05/21 05:51:26 worker:[0] reqid:[0] qname:[facebook.com.] qtype:[A] respid:[0] rcode:[NOERROR] respflags:[qr rd ra] err:[<nil>] duration:[86.166248ms]
2025/05/21 05:51:26 worker:[0] reqid:[0] qname:[instagram.com.] qtype:[A] respid:[0] rcode:[NOERROR] respflags:[qr rd ra] err:[<nil>] duration:[86.254027ms]
2025/05/21 05:51:26 worker:[0] reqid:[0] qname:[wikipedia.org.] qtype:[A] respid:[0] rcode:[NOERROR] respflags:[qr rd ra] err:[<nil>] duration:[85.631501ms]
2025/05/21 05:51:26 worker:[0] reqid:[0] qname:[x.com.] qtype:[A] respid:[0] rcode:[NOERROR] respflags:[qr rd ra] err:[<nil>] duration:[85.392873ms]
2025/05/21 05:51:26 worker:[0] reqid:[0] qname:[amazon.com.] qtype:[A] respid:[0] rcode:[NOERROR] respflags:[qr rd ra] err:[<nil>] duration:[86.726063ms]
2025/05/21 05:51:26 worker:[0] reqid:[0] qname:[tiktok.com.] qtype:[A] respid:[0] rcode:[NOERROR] respflags:[qr rd ra] err:[<nil>] duration:[86.681177ms]
2025/05/21 05:51:26 worker:[0] reqid:[0] qname:[whatsapp.com.] qtype:[A] respid:[0] rcode:[NOERROR] respflags:[qr rd ra] err:[<nil>] duration:[86.471136ms]
2025/05/21 05:51:26 worker:[0] reqid:[0] qname:[yahoo.com.] qtype:[A] respid:[0] rcode:[NOERROR] respflags:[qr rd ra] err:[<nil>] duration:[86.247107ms]
2025/05/21 05:51:27 worker:[0] reqid:[0] qname:[google.com.] qtype:[A] respid:[0] rcode:[NOERROR] respflags:[qr rd ra] err:[<nil>] duration:[201.771452ms]
2025/05/21 05:51:27 worker:[0] reqid:[0] qname:[googleusercontent.com.] qtype:[A] respid:[0] rcode:[NOERROR] respflags:[qr rd ra] err:[<nil>] duration:[86.095354ms]
2025/05/21 05:51:27 worker:[0] reqid:[0] qname:[facebook.com.] qtype:[A] respid:[0] rcode:[NOERROR] respflags:[qr rd ra] err:[<nil>] duration:[85.176893ms]
2025/05/21 05:51:27 worker:[0] reqid:[0] qname:[instagram.com.] qtype:[A] respid:[0] rcode:[NOERROR] respflags:[qr rd ra] err:[<nil>] duration:[85.472581ms]
2025/05/21 05:51:27 worker:[0] reqid:[0] qname:[wikipedia.org.] qtype:[A] respid:[0] rcode:[NOERROR] respflags:[qr rd ra] err:[<nil>] duration:[85.75808ms]
2025/05/21 05:51:27 worker:[0] reqid:[0] qname:[x.com.] qtype:[A] respid:[0] rcode:[NOERROR] respflags:[qr rd ra] err:[<nil>] duration:[96.338272ms]
2025/05/21 05:51:27 worker:[0] reqid:[0] qname:[amazon.com.] qtype:[A] respid:[0] rcode:[NOERROR] respflags:[qr rd ra] err:[<nil>] duration:[85.999162ms]
2025/05/21 05:51:27 worker:[0] reqid:[0] qname:[tiktok.com.] qtype:[A] respid:[0] rcode:[NOERROR] respflags:[qr rd ra] err:[<nil>] duration:[86.037015ms]
2025/05/21 05:51:27 worker:[0] reqid:[0] qname:[whatsapp.com.] qtype:[A] respid:[0] rcode:[NOERROR] respflags:[qr rd ra] err:[<nil>] duration:[86.584384ms]
2025/05/21 05:51:27 worker:[0] reqid:[0] qname:[yahoo.com.] qtype:[A] respid:[0] rcode:[NOERROR] respflags:[qr rd ra] err:[<nil>] duration:[87.161284ms]
2025/05/21 05:51:27 worker:[0] reqid:[0] qname:[google.com.] qtype:[A] respid:[0] rcode:[NOERROR] respflags:[qr rd ra] err:[<nil>] duration:[86.384457ms]
2025/05/21 05:51:28 worker:[0] reqid:[0] qname:[googleusercontent.com.] qtype:[A] respid:[0] rcode:[NOERROR] respflags:[qr rd ra] err:[<nil>] duration:[87.607799ms]
2025/05/21 05:51:28 worker:[0] reqid:[0] qname:[facebook.com.] qtype:[A] respid:[0] rcode:[NOERROR] respflags:[qr rd ra] err:[<nil>] duration:[87.140175ms]
2025/05/21 05:51:28 worker:[0] reqid:[0] qname:[instagram.com.] qtype:[A] respid:[0] rcode:[NOERROR] respflags:[qr rd ra] err:[<nil>] duration:[87.108232ms]
2025/05/21 05:51:28 worker:[0] reqid:[0] qname:[wikipedia.org.] qtype:[A] respid:[0] rcode:[NOERROR] respflags:[qr rd ra] err:[<nil>] duration:[85.297497ms]
2025/05/21 05:51:28 worker:[0] reqid:[0] qname:[x.com.] qtype:[A] respid:[0] rcode:[NOERROR] respflags:[qr rd ra] err:[<nil>] duration:[86.785599ms]
2025/05/21 05:51:28 worker:[0] reqid:[0] qname:[amazon.com.] qtype:[A] respid:[0] rcode:[NOERROR] respflags:[qr rd ra] err:[<nil>] duration:[86.362931ms]
2025/05/21 05:51:28 worker:[0] reqid:[0] qname:[tiktok.com.] qtype:[A] respid:[0] rcode:[NOERROR] respflags:[qr rd ra] err:[<nil>] duration:[85.267525ms]
2025/05/21 05:51:28 worker:[0] reqid:[0] qname:[whatsapp.com.] qtype:[A] respid:[0] rcode:[NOERROR] respflags:[qr rd ra] err:[<nil>] duration:[85.599345ms]
2025/05/21 05:51:28 worker:[0] reqid:[0] qname:[yahoo.com.] qtype:[A] respid:[0] rcode:[NOERROR] respflags:[qr rd ra] err:[<nil>] duration:[86.597385ms]
2025/05/21 05:51:28 worker:[0] reqid:[0] qname:[google.com.] qtype:[A] respid:[0] rcode:[NOERROR] respflags:[qr rd ra] err:[<nil>] duration:[84.82217ms]
2025/05/21 05:51:28 worker:[0] reqid:[0] qname:[googleusercontent.com.] qtype:[A] respid:[0] rcode:[NOERROR] respflags:[qr rd ra] err:[<nil>] duration:[85.272149ms]
2025/05/21 05:51:29 worker:[0] reqid:[0] qname:[facebook.com.] qtype:[A] respid:[0] rcode:[NOERROR] respflags:[qr rd ra] err:[<nil>] duration:[85.629535ms]
2025/05/21 05:51:29 worker:[0] reqid:[0] qname:[instagram.com.] qtype:[A] respid:[0] rcode:[NOERROR] respflags:[qr rd ra] err:[<nil>] duration:[85.608987ms]
2025/05/21 05:51:29 worker:[0] reqid:[0] qname:[wikipedia.org.] qtype:[A] respid:[0] rcode:[NOERROR] respflags:[qr rd ra] err:[<nil>] duration:[86.335645ms]
2025/05/21 05:51:29 worker:[0] reqid:[0] qname:[x.com.] qtype:[A] respid:[0] rcode:[NOERROR] respflags:[qr rd ra] err:[<nil>] duration:[86.887521ms]
2025/05/21 05:51:29 worker:[0] reqid:[0] qname:[amazon.com.] qtype:[A] respid:[0] rcode:[NOERROR] respflags:[qr rd ra] err:[<nil>] duration:[86.771409ms]
2025/05/21 05:51:29 worker:[0] reqid:[0] qname:[tiktok.com.] qtype:[A] respid:[0] rcode:[NOERROR] respflags:[qr rd ra] err:[<nil>] duration:[85.535795ms]
2025/05/21 05:51:29 worker:[0] reqid:[0] qname:[whatsapp.com.] qtype:[A] respid:[0] rcode:[NOERROR] respflags:[qr rd ra] err:[<nil>] duration:[89.002749ms]
2025/05/21 05:51:29 worker:[0] reqid:[0] qname:[yahoo.com.] qtype:[A] respid:[0] rcode:[NOERROR] respflags:[qr rd ra] err:[<nil>] duration:[85.935117ms]
2025/05/21 05:51:29 worker:[0] reqid:[0] qname:[google.com.] qtype:[A] respid:[0] rcode:[NOERROR] respflags:[qr rd ra] err:[<nil>] duration:[85.501496ms]
2025/05/21 05:51:29 worker:[0] reqid:[0] qname:[googleusercontent.com.] qtype:[A] respid:[0] rcode:[NOERROR] respflags:[qr rd ra] err:[<nil>] duration:[85.25195ms]
2025/05/21 05:51:29 worker:[0] reqid:[0] qname:[facebook.com.] qtype:[A] respid:[0] rcode:[NOERROR] respflags:[qr rd ra] err:[<nil>] duration:[85.745984ms]
2025/05/21 05:51:29 worker:[0] reqid:[0] qname:[instagram.com.] qtype:[A] respid:[0] rcode:[NOERROR] respflags:[qr rd ra] err:[<nil>] duration:[86.007388ms]
2025/05/21 05:51:30 worker:[0] reqid:[0] qname:[wikipedia.org.] qtype:[A] respid:[0] rcode:[NOERROR] respflags:[qr rd ra] err:[<nil>] duration:[87.802712ms]
2025/05/21 05:51:30 worker:[0] reqid:[0] qname:[x.com.] qtype:[A] respid:[0] rcode:[NOERROR] respflags:[qr rd ra] err:[<nil>] duration:[85.565547ms]
2025/05/21 05:51:30 worker:[0] reqid:[0] qname:[amazon.com.] qtype:[A] respid:[0] rcode:[NOERROR] respflags:[qr rd ra] err:[<nil>] duration:[85.823041ms]
2025/05/21 05:51:30 worker:[0] reqid:[0] qname:[tiktok.com.] qtype:[A] respid:[0] rcode:[NOERROR] respflags:[qr rd ra] err:[<nil>] duration:[87.436878ms]
2025/05/21 05:51:30 worker:[0] reqid:[0] qname:[whatsapp.com.] qtype:[A] respid:[0] rcode:[NOERROR] respflags:[qr rd ra] err:[<nil>] duration:[87.717695ms]
2025/05/21 05:51:30 worker:[0] reqid:[0] qname:[yahoo.com.] qtype:[A] respid:[0] rcode:[NOERROR] respflags:[qr rd ra] err:[<nil>] duration:[92.116297ms]
2025/05/21 05:51:30 worker:[0] reqid:[0] qname:[google.com.] qtype:[A] respid:[0] rcode:[NOERROR] respflags:[qr rd ra] err:[<nil>] duration:[91.792991ms]
2025/05/21 05:51:30 worker:[0] reqid:[0] qname:[googleusercontent.com.] qtype:[A] respid:[0] rcode:[NOERROR] respflags:[qr rd ra] err:[<nil>] duration:[86.259695ms]
2025/05/21 05:51:30 worker:[0] reqid:[0] qname:[facebook.com.] qtype:[A] respid:[0] rcode:[NOERROR] respflags:[qr rd ra] err:[<nil>] duration:[86.629421ms]
2025/05/21 05:51:30 worker:[0] reqid:[0] qname:[instagram.com.] qtype:[A] respid:[0] rcode:[NOERROR] respflags:[qr rd ra] err:[<nil>] duration:[86.724416ms]
2025/05/21 05:51:30 worker:[0] reqid:[0] qname:[wikipedia.org.] qtype:[A] respid:[0] rcode:[NOERROR] respflags:[qr rd ra] err:[<nil>] duration:[88.089866ms]
2025/05/21 05:51:31 worker:[0] reqid:[0] qname:[x.com.] qtype:[A] respid:[0] rcode:[NOERROR] respflags:[qr rd ra] err:[<nil>] duration:[86.117987ms]
2025/05/21 05:51:31 worker:[0] reqid:[0] qname:[amazon.com.] qtype:[A] respid:[0] rcode:[NOERROR] respflags:[qr rd ra] err:[<nil>] duration:[85.77234ms]
2025/05/21 05:51:31 worker:[0] reqid:[0] qname:[tiktok.com.] qtype:[A] respid:[0] rcode:[NOERROR] respflags:[qr rd ra] err:[<nil>] duration:[85.846204ms]
2025/05/21 05:51:31 worker:[0] reqid:[0] qname:[whatsapp.com.] qtype:[A] respid:[0] rcode:[NOERROR] respflags:[qr rd ra] err:[<nil>] duration:[85.369493ms]
2025/05/21 05:51:31 worker:[0] reqid:[0] qname:[yahoo.com.] qtype:[A] respid:[0] rcode:[NOERROR] respflags:[qr rd ra] err:[<nil>] duration:[87.305381ms]
2025/05/21 05:51:31 worker:[0] reqid:[0] qname:[google.com.] qtype:[A] respid:[0] rcode:[NOERROR] respflags:[qr rd ra] err:[<nil>] duration:[85.459095ms]
2025/05/21 05:51:31 worker:[0] reqid:[0] qname:[googleusercontent.com.] qtype:[A] respid:[0] rcode:[NOERROR] respflags:[qr rd ra] err:[<nil>] duration:[85.489378ms]
2025/05/21 05:51:31 worker:[0] reqid:[0] qname:[facebook.com.] qtype:[A] respid:[0] rcode:[NOERROR] respflags:[qr rd ra] err:[<nil>] duration:[86.642806ms]
2025/05/21 05:51:31 worker:[0] reqid:[0] qname:[instagram.com.] qtype:[A] respid:[0] rcode:[NOERROR] respflags:[qr rd ra] err:[<nil>] duration:[85.613759ms]
2025/05/21 05:51:31 worker:[0] reqid:[0] qname:[wikipedia.org.] qtype:[A] respid:[0] rcode:[NOERROR] respflags:[qr rd ra] err:[<nil>] duration:[85.147538ms]
2025/05/21 05:51:31 worker:[0] reqid:[0] qname:[x.com.] qtype:[A] respid:[0] rcode:[NOERROR] respflags:[qr rd ra] err:[<nil>] duration:[86.111963ms]
2025/05/21 05:51:31 worker:[0] reqid:[0] qname:[amazon.com.] qtype:[A] respid:[0] rcode:[NOERROR] respflags:[qr rd ra] err:[<nil>] duration:[86.228371ms]
2025/05/21 05:51:32 worker:[0] reqid:[0] qname:[tiktok.com.] qtype:[A] respid:[0] rcode:[NOERROR] respflags:[qr rd ra] err:[<nil>] duration:[85.302234ms]
2025/05/21 05:51:32 worker:[0] reqid:[0] qname:[whatsapp.com.] qtype:[A] respid:[0] rcode:[NOERROR] respflags:[qr rd ra] err:[<nil>] duration:[101.274379ms]
2025/05/21 05:51:32 worker:[0] reqid:[0] qname:[yahoo.com.] qtype:[A] respid:[0] rcode:[NOERROR] respflags:[qr rd ra] err:[<nil>] duration:[86.949539ms]
2025/05/21 05:51:32 worker:[0] reqid:[0] qname:[google.com.] qtype:[A] respid:[0] rcode:[NOERROR] respflags:[qr rd ra] err:[<nil>] duration:[86.655827ms]
2025/05/21 05:51:32 worker:[0] reqid:[0] qname:[googleusercontent.com.] qtype:[A] respid:[0] rcode:[NOERROR] respflags:[qr rd ra] err:[<nil>] duration:[214.750086ms]
2025/05/21 05:51:32 worker:[0] reqid:[0] qname:[facebook.com.] qtype:[A] respid:[0] rcode:[NOERROR] respflags:[qr rd ra] err:[<nil>] duration:[88.589757ms]
2025/05/21 05:51:32 worker:[0] reqid:[0] qname:[instagram.com.] qtype:[A] respid:[0] rcode:[NOERROR] respflags:[qr rd ra] err:[<nil>] duration:[86.802116ms]
2025/05/21 05:51:32 worker:[0] reqid:[0] qname:[wikipedia.org.] qtype:[A] respid:[0] rcode:[NOERROR] respflags:[qr rd ra] err:[<nil>] duration:[87.204991ms]
2025/05/21 05:51:32 worker:[0] reqid:[0] qname:[x.com.] qtype:[A] respid:[0] rcode:[NOERROR] respflags:[qr rd ra] err:[<nil>] duration:[86.410693ms]
2025/05/21 05:51:33 worker:[0] reqid:[0] qname:[amazon.com.] qtype:[A] respid:[0] rcode:[NOERROR] respflags:[qr rd ra] err:[<nil>] duration:[210.326963ms]
2025/05/21 05:51:33 worker:[0] reqid:[0] qname:[tiktok.com.] qtype:[A] respid:[0] rcode:[NOERROR] respflags:[qr rd ra] err:[<nil>] duration:[87.427231ms]
2025/05/21 05:51:33 worker:[0] reqid:[0] qname:[whatsapp.com.] qtype:[A] respid:[0] rcode:[NOERROR] respflags:[qr rd ra] err:[<nil>] duration:[88.190111ms]
2025/05/21 05:51:33 worker:[0] reqid:[0] qname:[yahoo.com.] qtype:[A] respid:[0] rcode:[NOERROR] respflags:[qr rd ra] err:[<nil>] duration:[85.845732ms]
2025/05/21 05:51:33 worker:[0] reqid:[0] qname:[google.com.] qtype:[A] respid:[0] rcode:[NOERROR] respflags:[qr rd ra] err:[<nil>] duration:[90.137073ms]
2025/05/21 05:51:33 worker:[0] reqid:[0] qname:[googleusercontent.com.] qtype:[A] respid:[0] rcode:[NOERROR] respflags:[qr rd ra] err:[<nil>] duration:[208.742671ms]
2025/05/21 05:51:33 worker:[0] reqid:[0] qname:[facebook.com.] qtype:[A] respid:[0] rcode:[NOERROR] respflags:[qr rd ra] err:[<nil>] duration:[86.428179ms]
2025/05/21 05:51:33 worker:[0] reqid:[0] qname:[instagram.com.] qtype:[A] respid:[0] rcode:[NOERROR] respflags:[qr rd ra] err:[<nil>] duration:[86.204583ms]
2025/05/21 05:51:33 worker:[0] reqid:[0] qname:[wikipedia.org.] qtype:[A] respid:[0] rcode:[NOERROR] respflags:[qr rd ra] err:[<nil>] duration:[87.364839ms]
2025/05/21 05:51:34 worker:[0] reqid:[0] qname:[x.com.] qtype:[A] respid:[0] rcode:[NOERROR] respflags:[qr rd ra] err:[<nil>] duration:[86.953261ms]
2025/05/21 05:51:34 worker:[0] reqid:[0] qname:[amazon.com.] qtype:[A] respid:[0] rcode:[NOERROR] respflags:[qr rd ra] err:[<nil>] duration:[106.606892ms]
2025/05/21 05:51:34 worker:[0] reqid:[0] qname:[tiktok.com.] qtype:[A] respid:[0] rcode:[NOERROR] respflags:[qr rd ra] err:[<nil>] duration:[92.072573ms]
2025/05/21 05:51:34 worker:[0] reqid:[0] qname:[whatsapp.com.] qtype:[A] respid:[0] rcode:[NOERROR] respflags:[qr rd ra] err:[<nil>] duration:[87.354489ms]
2025/05/21 05:51:34 worker:[0] reqid:[0] qname:[yahoo.com.] qtype:[A] respid:[0] rcode:[NOERROR] respflags:[qr rd ra] err:[<nil>] duration:[87.587352ms]
2025/05/21 05:51:34 worker:[0] reqid:[0] qname:[google.com.] qtype:[A] respid:[0] rcode:[NOERROR] respflags:[qr rd ra] err:[<nil>] duration:[85.854167ms]
2025/05/21 05:51:34 worker:[0] reqid:[0] qname:[googleusercontent.com.] qtype:[A] respid:[0] rcode:[NOERROR] respflags:[qr rd ra] err:[<nil>] duration:[86.591525ms]
2025/05/21 05:51:34 worker:[0] reqid:[0] qname:[facebook.com.] qtype:[A] respid:[0] rcode:[NOERROR] respflags:[qr rd ra] err:[<nil>] duration:[89.331058ms]
2025/05/21 05:51:34 worker:[0] reqid:[0] qname:[instagram.com.] qtype:[A] respid:[0] rcode:[NOERROR] respflags:[qr rd ra] err:[<nil>] duration:[86.659384ms]
2025/05/21 05:51:34 worker:[0] reqid:[0] qname:[wikipedia.org.] qtype:[A] respid:[0] rcode:[NOERROR] respflags:[qr rd ra] err:[<nil>] duration:[85.672248ms]
2025/05/21 05:51:34 worker:[0] reqid:[0] qname:[x.com.] qtype:[A] respid:[0] rcode:[NOERROR] respflags:[qr rd ra] err:[<nil>] duration:[88.327337ms]
2025/05/21 05:51:34 worker:[0] reqid:[0] qname:[amazon.com.] qtype:[A] respid:[0] rcode:[NOERROR] respflags:[qr rd ra] err:[<nil>] duration:[85.62753ms]
2025/05/21 05:51:35 worker:[0] reqid:[0] qname:[tiktok.com.] qtype:[A] respid:[0] rcode:[NOERROR] respflags:[qr rd ra] err:[<nil>] duration:[87.383017ms]
2025/05/21 05:51:35 worker:[0] reqid:[0] qname:[whatsapp.com.] qtype:[A] respid:[0] rcode:[NOERROR] respflags:[qr rd ra] err:[<nil>] duration:[85.695974ms]
2025/05/21 05:51:35 worker:[0] reqid:[0] qname:[yahoo.com.] qtype:[A] respid:[0] rcode:[NOERROR] respflags:[qr rd ra] err:[<nil>] duration:[85.435236ms]
2025/05/21 05:51:35 worker:[0] reqid:[0] qname:[google.com.] qtype:[A] respid:[0] rcode:[NOERROR] respflags:[qr rd ra] err:[<nil>] duration:[85.843181ms]
2025/05/21 05:51:35 worker:[0] reqid:[0] qname:[googleusercontent.com.] qtype:[A] respid:[0] rcode:[NOERROR] respflags:[qr rd ra] err:[<nil>] duration:[557.844844ms]
2025/05/21 05:51:36 worker:[0] reqid:[0] qname:[facebook.com.] qtype:[A] respid:[0] rcode:[NOERROR] respflags:[qr rd ra] err:[<nil>] duration:[198.006724ms]
2025/05/21 05:51:36 worker:[0] reqid:[0] qname:[instagram.com.] qtype:[A] respid:[0] rcode:[NOERROR] respflags:[qr rd ra] err:[<nil>] duration:[108.323611ms]
2025/05/21 05:51:36 worker:[0] reqid:[0] qname:[wikipedia.org.] qtype:[A] respid:[0] rcode:[NOERROR] respflags:[qr rd ra] err:[<nil>] duration:[86.522768ms]
2025/05/21 05:51:36 worker:[0] reqid:[0] qname:[x.com.] qtype:[A] respid:[0] rcode:[NOERROR] respflags:[qr rd ra] err:[<nil>] duration:[85.904821ms]
2025/05/21 05:51:36 worker:[0] reqid:[0] qname:[amazon.com.] qtype:[A] respid:[0] rcode:[NOERROR] respflags:[qr rd ra] err:[<nil>] duration:[85.989831ms]
2025/05/21 05:51:36 worker:[0] reqid:[0] qname:[tiktok.com.] qtype:[A] respid:[0] rcode:[NOERROR] respflags:[qr rd ra] err:[<nil>] duration:[87.582529ms]
2025/05/21 05:51:36 worker:[0] reqid:[0] qname:[whatsapp.com.] qtype:[A] respid:[0] rcode:[NOERROR] respflags:[qr rd ra] err:[<nil>] duration:[86.833775ms]
2025/05/21 05:51:36 worker:[0] reqid:[0] qname:[yahoo.com.] qtype:[A] respid:[0] rcode:[NOERROR] respflags:[qr rd ra] err:[<nil>] duration:[88.2817ms]
2025/05/21 05:51:36 worker:[0] reqid:[0] qname:[google.com.] qtype:[A] respid:[0] rcode:[NOERROR] respflags:[qr rd ra] err:[<nil>] duration:[87.628299ms]
2025/05/21 05:51:36 worker:[0] reqid:[0] qname:[googleusercontent.com.] qtype:[A] respid:[0] rcode:[NOERROR] respflags:[qr rd ra] err:[<nil>] duration:[87.813143ms]
2025/05/21 05:51:36 worker:[0] reqid:[0] qname:[facebook.com.] qtype:[A] respid:[0] rcode:[NOERROR] respflags:[qr rd ra] err:[<nil>] duration:[86.873773ms]
2025/05/21 05:51:37 worker:[0] reqid:[0] qname:[instagram.com.] qtype:[A] respid:[0] rcode:[NOERROR] respflags:[qr rd ra] err:[<nil>] duration:[88.438278ms]
2025/05/21 05:51:37 worker:[0] reqid:[0] qname:[wikipedia.org.] qtype:[A] respid:[0] rcode:[NOERROR] respflags:[qr rd ra] err:[<nil>] duration:[85.595023ms]
2025/05/21 05:51:37 worker:[0] reqid:[0] qname:[x.com.] qtype:[A] respid:[0] rcode:[NOERROR] respflags:[qr rd ra] err:[<nil>] duration:[85.908853ms]
2025/05/21 05:51:37 worker:[0] reqid:[0] qname:[amazon.com.] qtype:[A] respid:[0] rcode:[NOERROR] respflags:[qr rd ra] err:[<nil>] duration:[84.967812ms]
2025/05/21 05:51:37 worker:[0] reqid:[0] qname:[tiktok.com.] qtype:[A] respid:[0] rcode:[NOERROR] respflags:[qr rd ra] err:[<nil>] duration:[87.9499ms]
2025/05/21 05:51:37 worker:[0] reqid:[0] qname:[whatsapp.com.] qtype:[A] respid:[0] rcode:[NOERROR] respflags:[qr rd ra] err:[<nil>] duration:[86.39454ms]
2025/05/21 05:51:37 worker:[0] reqid:[0] qname:[yahoo.com.] qtype:[A] respid:[0] rcode:[NOERROR] respflags:[qr rd ra] err:[<nil>] duration:[88.714769ms]
2025/05/21 05:51:37 worker:[0] reqid:[0] qname:[google.com.] qtype:[A] respid:[0] rcode:[NOERROR] respflags:[qr rd ra] err:[<nil>] duration:[86.605365ms]
2025/05/21 05:51:37 worker:[0] reqid:[0] qname:[googleusercontent.com.] qtype:[A] respid:[0] rcode:[NOERROR] respflags:[qr rd ra] err:[<nil>] duration:[86.950956ms]
2025/05/21 05:51:37 worker:[0] reqid:[0] qname:[facebook.com.] qtype:[A] respid:[0] rcode:[NOERROR] respflags:[qr rd ra] err:[<nil>] duration:[88.871905ms]
2025/05/21 05:51:37 worker:[0] reqid:[0] qname:[instagram.com.] qtype:[A] respid:[0] rcode:[NOERROR] respflags:[qr rd ra] err:[<nil>] duration:[88.001905ms]
2025/05/21 05:51:38 worker:[0] reqid:[0] qname:[wikipedia.org.] qtype:[A] respid:[0] rcode:[NOERROR] respflags:[qr rd ra] err:[<nil>] duration:[86.702961ms]
2025/05/21 05:51:38 worker:[0] reqid:[0] qname:[x.com.] qtype:[A] respid:[0] rcode:[NOERROR] respflags:[qr rd ra] err:[<nil>] duration:[85.382236ms]
2025/05/21 05:51:38 worker:[0] reqid:[0] qname:[amazon.com.] qtype:[A] respid:[0] rcode:[NOERROR] respflags:[qr rd ra] err:[<nil>] duration:[85.157769ms]
2025/05/21 05:51:38 worker:[0] reqid:[0] qname:[tiktok.com.] qtype:[A] respid:[0] rcode:[NOERROR] respflags:[qr rd ra] err:[<nil>] duration:[87.105967ms]
2025/05/21 05:51:38 worker:[0] reqid:[0] qname:[whatsapp.com.] qtype:[A] respid:[0] rcode:[NOERROR] respflags:[qr rd ra] err:[<nil>] duration:[87.309267ms]
2025/05/21 05:51:38 worker:[0] reqid:[0] qname:[yahoo.com.] qtype:[A] respid:[0] rcode:[NOERROR] respflags:[qr rd ra] err:[<nil>] duration:[87.466988ms]
2025/05/21 05:51:38 worker:[0] reqid:[0] qname:[google.com.] qtype:[A] respid:[0] rcode:[NOERROR] respflags:[qr rd ra] err:[<nil>] duration:[87.36306ms]
2025/05/21 05:51:38 worker:[0] reqid:[0] qname:[googleusercontent.com.] qtype:[A] respid:[0] rcode:[NOERROR] respflags:[qr rd ra] err:[<nil>] duration:[85.825723ms]
2025/05/21 05:51:38 worker:[0] reqid:[0] qname:[facebook.com.] qtype:[A] respid:[0] rcode:[NOERROR] respflags:[qr rd ra] err:[<nil>] duration:[86.404323ms]
2025/05/21 05:51:38 worker:[0] reqid:[0] qname:[instagram.com.] qtype:[A] respid:[0] rcode:[NOERROR] respflags:[qr rd ra] err:[<nil>] duration:[85.060065ms]
2025/05/21 05:51:38 worker:[0] reqid:[0] qname:[wikipedia.org.] qtype:[A] respid:[0] rcode:[NOERROR] respflags:[qr rd ra] err:[<nil>] duration:[85.539382ms]
2025/05/21 05:51:38 worker:[0] reqid:[0] qname:[x.com.] qtype:[A] respid:[0] rcode:[NOERROR] respflags:[qr rd ra] err:[<nil>] duration:[88.869986ms]
2025/05/21 05:51:39 worker:[0] reqid:[0] qname:[amazon.com.] qtype:[A] respid:[0] rcode:[NOERROR] respflags:[qr rd ra] err:[<nil>] duration:[85.749404ms]
2025/05/21 05:51:39 worker:[0] reqid:[0] qname:[tiktok.com.] qtype:[A] respid:[0] rcode:[NOERROR] respflags:[qr rd ra] err:[<nil>] duration:[85.470507ms]
2025/05/21 05:51:39 worker:[0] reqid:[0] qname:[whatsapp.com.] qtype:[A] respid:[0] rcode:[NOERROR] respflags:[qr rd ra] err:[<nil>] duration:[93.347449ms]
2025/05/21 05:51:39 worker:[0] reqid:[0] qname:[yahoo.com.] qtype:[A] respid:[0] rcode:[NOERROR] respflags:[qr rd ra] err:[<nil>] duration:[98.79056ms]
2025/05/21 05:51:39 worker:[0] reqid:[0] qname:[google.com.] qtype:[A] respid:[0] rcode:[NOERROR] respflags:[qr rd ra] err:[<nil>] duration:[85.278195ms]
2025/05/21 05:51:39 worker:[0] reqid:[0] qname:[googleusercontent.com.] qtype:[A] respid:[0] rcode:[NOERROR] respflags:[qr rd ra] err:[<nil>] duration:[86.210761ms]
2025/05/21 05:51:39 worker:[0] reqid:[0] qname:[facebook.com.] qtype:[A] respid:[0] rcode:[NOERROR] respflags:[qr rd ra] err:[<nil>] duration:[86.292471ms]
2025/05/21 05:51:39 worker:[0] reqid:[0] qname:[instagram.com.] qtype:[A] respid:[0] rcode:[NOERROR] respflags:[qr rd ra] err:[<nil>] duration:[85.728016ms]
2025/05/21 05:51:39 worker:[0] reqid:[0] qname:[wikipedia.org.] qtype:[A] respid:[0] rcode:[NOERROR] respflags:[qr rd ra] err:[<nil>] duration:[85.24993ms]
2025/05/21 05:51:39 worker:[0] reqid:[0] qname:[x.com.] qtype:[A] respid:[0] rcode:[NOERROR] respflags:[qr rd ra] err:[<nil>] duration:[85.351932ms]
2025/05/21 05:51:39 worker:[0] reqid:[0] qname:[amazon.com.] qtype:[A] respid:[0] rcode:[NOERROR] respflags:[qr rd ra] err:[<nil>] duration:[86.101916ms]
2025/05/21 05:51:40 worker:[0] reqid:[0] qname:[tiktok.com.] qtype:[A] respid:[0] rcode:[NOERROR] respflags:[qr rd ra] err:[<nil>] duration:[86.853438ms]
2025/05/21 05:51:40 worker:[0] reqid:[0] qname:[whatsapp.com.] qtype:[A] respid:[0] rcode:[NOERROR] respflags:[qr rd ra] err:[<nil>] duration:[86.345963ms]
2025/05/21 05:51:40 worker:[0] reqid:[0] qname:[yahoo.com.] qtype:[A] respid:[0] rcode:[NOERROR] respflags:[qr rd ra] err:[<nil>] duration:[208.15094ms]
2025/05/21 05:51:40 worker:[0] reqid:[0] qname:[google.com.] qtype:[A] respid:[0] rcode:[NOERROR] respflags:[qr rd ra] err:[<nil>] duration:[87.110773ms]
2025/05/21 05:51:40 worker:[0] reqid:[0] qname:[googleusercontent.com.] qtype:[A] respid:[0] rcode:[NOERROR] respflags:[qr rd ra] err:[<nil>] duration:[85.649735ms]
2025/05/21 05:51:40 worker:[0] reqid:[0] qname:[facebook.com.] qtype:[A] respid:[0] rcode:[NOERROR] respflags:[qr rd ra] err:[<nil>] duration:[85.854153ms]
2025/05/21 05:51:40 worker:[0] reqid:[0] qname:[instagram.com.] qtype:[A] respid:[0] rcode:[NOERROR] respflags:[qr rd ra] err:[<nil>] duration:[85.316569ms]
2025/05/21 05:51:40 worker:[0] reqid:[0] qname:[wikipedia.org.] qtype:[A] respid:[0] rcode:[NOERROR] respflags:[qr rd ra] err:[<nil>] duration:[85.367328ms]
2025/05/21 05:51:40 worker:[0] reqid:[0] qname:[x.com.] qtype:[A] respid:[0] rcode:[NOERROR] respflags:[qr rd ra] err:[<nil>] duration:[88.365199ms]
2025/05/21 05:51:40 worker:[0] reqid:[0] qname:[amazon.com.] qtype:[A] respid:[0] rcode:[NOERROR] respflags:[qr rd ra] err:[<nil>] duration:[85.479933ms]
2025/05/21 05:51:41 worker:[0] reqid:[0] qname:[tiktok.com.] qtype:[A] respid:[0] rcode:[NOERROR] respflags:[qr rd ra] err:[<nil>] duration:[85.850958ms]
2025/05/21 05:51:41 worker:[0] reqid:[0] qname:[whatsapp.com.] qtype:[A] respid:[0] rcode:[NOERROR] respflags:[qr rd ra] err:[<nil>] duration:[87.545066ms]
2025/05/21 05:51:41 worker:[0] reqid:[0] qname:[yahoo.com.] qtype:[A] respid:[0] rcode:[NOERROR] respflags:[qr rd ra] err:[<nil>] duration:[87.660242ms]
2025/05/21 05:51:41 worker:[0] reqid:[0] qname:[google.com.] qtype:[A] respid:[0] rcode:[NOERROR] respflags:[qr rd ra] err:[<nil>] duration:[85.28485ms]
2025/05/21 05:51:41 worker:[0] reqid:[0] qname:[googleusercontent.com.] qtype:[A] respid:[0] rcode:[NOERROR] respflags:[qr rd ra] err:[<nil>] duration:[85.887968ms]
2025/05/21 05:51:41 worker:[0] reqid:[0] qname:[facebook.com.] qtype:[A] respid:[0] rcode:[NOERROR] respflags:[qr rd ra] err:[<nil>] duration:[85.485924ms]
2025/05/21 05:51:41 worker:[0] reqid:[0] qname:[instagram.com.] qtype:[A] respid:[0] rcode:[NOERROR] respflags:[qr rd ra] err:[<nil>] duration:[85.945382ms]
2025/05/21 05:51:41 worker:[0] reqid:[0] qname:[wikipedia.org.] qtype:[A] respid:[0] rcode:[NOERROR] respflags:[qr rd ra] err:[<nil>] duration:[85.29119ms]
2025/05/21 05:51:41 worker:[0] reqid:[0] qname:[x.com.] qtype:[A] respid:[0] rcode:[NOERROR] respflags:[qr rd ra] err:[<nil>] duration:[86.689997ms]
2025/05/21 05:51:41 worker:[0] reqid:[0] qname:[amazon.com.] qtype:[A] respid:[0] rcode:[NOERROR] respflags:[qr rd ra] err:[<nil>] duration:[85.917754ms]
2025/05/21 05:51:41 worker:[0] reqid:[0] qname:[tiktok.com.] qtype:[A] respid:[0] rcode:[NOERROR] respflags:[qr rd ra] err:[<nil>] duration:[86.195102ms]
2025/05/21 05:51:41 worker:[0] reqid:[0] qname:[whatsapp.com.] qtype:[A] respid:[0] rcode:[NOERROR] respflags:[qr rd ra] err:[<nil>] duration:[86.343663ms]
2025/05/21 05:51:42 worker:[0] reqid:[0] qname:[yahoo.com.] qtype:[A] respid:[0] rcode:[NOERROR] respflags:[qr rd ra] err:[<nil>] duration:[88.141751ms]
2025/05/21 05:51:42 worker:[0] reqid:[0] qname:[google.com.] qtype:[A] respid:[0] rcode:[NOERROR] respflags:[qr rd ra] err:[<nil>] duration:[86.614463ms]
2025/05/21 05:51:42 worker:[0] reqid:[0] qname:[googleusercontent.com.] qtype:[A] respid:[0] rcode:[NOERROR] respflags:[qr rd ra] err:[<nil>] duration:[85.29897ms]
2025/05/21 05:51:42 worker:[0] reqid:[0] qname:[facebook.com.] qtype:[A] respid:[0] rcode:[NOERROR] respflags:[qr rd ra] err:[<nil>] duration:[86.325371ms]
2025/05/21 05:51:42 worker:[0] reqid:[0] qname:[instagram.com.] qtype:[A] respid:[0] rcode:[NOERROR] respflags:[qr rd ra] err:[<nil>] duration:[85.401091ms]
2025/05/21 05:51:42 worker:[0] reqid:[0] qname:[wikipedia.org.] qtype:[A] respid:[0] rcode:[NOERROR] respflags:[qr rd ra] err:[<nil>] duration:[87.811807ms]
2025/05/21 05:51:42 worker:[0] reqid:[0] qname:[x.com.] qtype:[A] respid:[0] rcode:[NOERROR] respflags:[qr rd ra] err:[<nil>] duration:[86.14781ms]
2025/05/21 05:51:42 worker:[0] reqid:[0] qname:[amazon.com.] qtype:[A] respid:[0] rcode:[NOERROR] respflags:[qr rd ra] err:[<nil>] duration:[87.23945ms]
2025/05/21 05:51:42 worker:[0] reqid:[0] qname:[tiktok.com.] qtype:[A] respid:[0] rcode:[NOERROR] respflags:[qr rd ra] err:[<nil>] duration:[85.719717ms]
2025/05/21 05:51:42 worker:[0] reqid:[0] qname:[whatsapp.com.] qtype:[A] respid:[0] rcode:[NOERROR] respflags:[qr rd ra] err:[<nil>] duration:[86.112103ms]
2025/05/21 05:51:42 worker:[0] reqid:[0] qname:[yahoo.com.] qtype:[A] respid:[0] rcode:[NOERROR] respflags:[qr rd ra] err:[<nil>] duration:[86.905955ms]
2025/05/21 05:51:43 worker:[0] reqid:[0] qname:[google.com.] qtype:[A] respid:[0] rcode:[NOERROR] respflags:[qr rd ra] err:[<nil>] duration:[86.485115ms]
2025/05/21 05:51:43 worker:[0] reqid:[0] qname:[googleusercontent.com.] qtype:[A] respid:[0] rcode:[NOERROR] respflags:[qr rd ra] err:[<nil>] duration:[96.68968ms]
2025/05/21 05:51:43 worker:[0] reqid:[0] qname:[facebook.com.] qtype:[A] respid:[0] rcode:[NOERROR] respflags:[qr rd ra] err:[<nil>] duration:[84.562393ms]
2025/05/21 05:51:43 worker:[0] reqid:[0] qname:[instagram.com.] qtype:[A] respid:[0] rcode:[NOERROR] respflags:[qr rd ra] err:[<nil>] duration:[86.7985ms]
2025/05/21 05:51:43 worker:[0] reqid:[0] qname:[wikipedia.org.] qtype:[A] respid:[0] rcode:[NOERROR] respflags:[qr rd ra] err:[<nil>] duration:[86.018677ms]
2025/05/21 05:51:43 worker:[0] reqid:[0] qname:[x.com.] qtype:[A] respid:[0] rcode:[NOERROR] respflags:[qr rd ra] err:[<nil>] duration:[87.412855ms]
2025/05/21 05:51:43 worker:[0] reqid:[0] qname:[amazon.com.] qtype:[A] respid:[0] rcode:[NOERROR] respflags:[qr rd ra] err:[<nil>] duration:[86.897444ms]
2025/05/21 05:51:43 worker:[0] reqid:[0] qname:[tiktok.com.] qtype:[A] respid:[0] rcode:[NOERROR] respflags:[qr rd ra] err:[<nil>] duration:[205.280393ms]
2025/05/21 05:51:43 worker:[0] reqid:[0] qname:[whatsapp.com.] qtype:[A] respid:[0] rcode:[NOERROR] respflags:[qr rd ra] err:[<nil>] duration:[86.143307ms]
2025/05/21 05:51:43 worker:[0] reqid:[0] qname:[yahoo.com.] qtype:[A] respid:[0] rcode:[NOERROR] respflags:[qr rd ra] err:[<nil>] duration:[85.919121ms]
2025/05/21 05:51:44 worker:[0] reqid:[0] qname:[google.com.] qtype:[A] respid:[0] rcode:[NOERROR] respflags:[qr rd ra] err:[<nil>] duration:[86.703092ms]
2025/05/21 05:51:44 worker:[0] reqid:[0] qname:[googleusercontent.com.] qtype:[A] respid:[0] rcode:[NOERROR] respflags:[qr rd ra] err:[<nil>] duration:[86.855706ms]
2025/05/21 05:51:44 worker:[0] reqid:[0] qname:[facebook.com.] qtype:[A] respid:[0] rcode:[NOERROR] respflags:[qr rd ra] err:[<nil>] duration:[86.310218ms]
2025/05/21 05:51:44 worker:[0] reqid:[0] qname:[instagram.com.] qtype:[A] respid:[0] rcode:[NOERROR] respflags:[qr rd ra] err:[<nil>] duration:[85.903684ms]
2025/05/21 05:51:44 worker:[0] reqid:[0] qname:[wikipedia.org.] qtype:[A] respid:[0] rcode:[NOERROR] respflags:[qr rd ra] err:[<nil>] duration:[85.957003ms]
2025/05/21 05:51:44 worker:[0] reqid:[0] qname:[x.com.] qtype:[A] respid:[0] rcode:[NOERROR] respflags:[qr rd ra] err:[<nil>] duration:[86.720216ms]
2025/05/21 05:51:44 worker:[0] reqid:[0] qname:[amazon.com.] qtype:[A] respid:[0] rcode:[NOERROR] respflags:[qr rd ra] err:[<nil>] duration:[85.511062ms]
2025/05/21 05:51:44 worker:[0] reqid:[0] qname:[tiktok.com.] qtype:[A] respid:[0] rcode:[NOERROR] respflags:[qr rd ra] err:[<nil>] duration:[202.196922ms]
2025/05/21 05:51:44 worker:[0] reqid:[0] qname:[whatsapp.com.] qtype:[A] respid:[0] rcode:[NOERROR] respflags:[qr rd ra] err:[<nil>] duration:[101.752338ms]
2025/05/21 05:51:44 worker:[0] reqid:[0] qname:[yahoo.com.] qtype:[A] respid:[0] rcode:[NOERROR] respflags:[qr rd ra] err:[<nil>] duration:[86.263389ms]
2025/05/21 05:51:45 worker:[0] reqid:[0] qname:[google.com.] qtype:[A] respid:[0] rcode:[NOERROR] respflags:[qr rd ra] err:[<nil>] duration:[251.692001ms]
2025/05/21 05:51:45 worker:[0] reqid:[0] qname:[googleusercontent.com.] qtype:[A] respid:[0] rcode:[NOERROR] respflags:[qr rd ra] err:[<nil>] duration:[87.879772ms]
2025/05/21 05:51:45 worker:[0] reqid:[0] qname:[facebook.com.] qtype:[A] respid:[0] rcode:[NOERROR] respflags:[qr rd ra] err:[<nil>] duration:[85.982603ms]
2025/05/21 05:51:45 worker:[0] reqid:[0] qname:[instagram.com.] qtype:[A] respid:[0] rcode:[NOERROR] respflags:[qr rd ra] err:[<nil>] duration:[85.914945ms]
2025/05/21 05:51:45 worker:[0] reqid:[0] qname:[wikipedia.org.] qtype:[A] respid:[0] rcode:[NOERROR] respflags:[qr rd ra] err:[<nil>] duration:[87.00294ms]
2025/05/21 05:51:45 worker:[0] reqid:[0] qname:[x.com.] qtype:[A] respid:[0] rcode:[NOERROR] respflags:[qr rd ra] err:[<nil>] duration:[86.137972ms]
2025/05/21 05:51:45 worker:[0] reqid:[0] qname:[amazon.com.] qtype:[A] respid:[0] rcode:[NOERROR] respflags:[qr rd ra] err:[<nil>] duration:[85.854227ms]
2025/05/21 05:51:45 worker:[0] reqid:[0] qname:[tiktok.com.] qtype:[A] respid:[0] rcode:[NOERROR] respflags:[qr rd ra] err:[<nil>] duration:[85.767716ms]
2025/05/21 05:51:45 worker:[0] reqid:[0] qname:[whatsapp.com.] qtype:[A] respid:[0] rcode:[NOERROR] respflags:[qr rd ra] err:[<nil>] duration:[85.542052ms]
2025/05/21 05:51:45 worker:[0] reqid:[0] qname:[yahoo.com.] qtype:[A] respid:[0] rcode:[NOERROR] respflags:[qr rd ra] err:[<nil>] duration:[86.848786ms]
2025/05/21 05:51:46 worker:[0] reqid:[0] qname:[google.com.] qtype:[A] respid:[0] rcode:[NOERROR] respflags:[qr rd ra] err:[<nil>] duration:[210.975823ms]
2025/05/21 05:51:46 worker:[0] reqid:[0] qname:[googleusercontent.com.] qtype:[A] respid:[0] rcode:[NOERROR] respflags:[qr rd ra] err:[<nil>] duration:[209.607524ms]
2025/05/21 05:51:46 worker:[0] reqid:[0] qname:[facebook.com.] qtype:[A] respid:[0] rcode:[NOERROR] respflags:[qr rd ra] err:[<nil>] duration:[86.456013ms]
2025/05/21 05:51:46 worker:[0] reqid:[0] qname:[instagram.com.] qtype:[A] respid:[0] rcode:[NOERROR] respflags:[qr rd ra] err:[<nil>] duration:[85.427608ms]
2025/05/21 05:51:46 worker:[0] reqid:[0] qname:[wikipedia.org.] qtype:[A] respid:[0] rcode:[NOERROR] respflags:[qr rd ra] err:[<nil>] duration:[86.96588ms]
2025/05/21 05:51:46 worker:[0] reqid:[0] qname:[x.com.] qtype:[A] respid:[0] rcode:[NOERROR] respflags:[qr rd ra] err:[<nil>] duration:[86.318762ms]
2025/05/21 05:51:46 worker:[0] reqid:[0] qname:[amazon.com.] qtype:[A] respid:[0] rcode:[NOERROR] respflags:[qr rd ra] err:[<nil>] duration:[86.323191ms]
2025/05/21 05:51:46 worker:[0] reqid:[0] qname:[tiktok.com.] qtype:[A] respid:[0] rcode:[NOERROR] respflags:[qr rd ra] err:[<nil>] duration:[86.217806ms]
2025/05/21 05:51:46 worker:[0] reqid:[0] qname:[whatsapp.com.] qtype:[A] respid:[0] rcode:[NOERROR] respflags:[qr rd ra] err:[<nil>] duration:[85.731156ms]
2025/05/21 05:51:47 worker:[0] reqid:[0] qname:[yahoo.com.] qtype:[A] respid:[0] rcode:[NOERROR] respflags:[qr rd ra] err:[<nil>] duration:[85.607978ms]
2025/05/21 05:51:47 worker:[0] reqid:[0] qname:[google.com.] qtype:[A] respid:[0] rcode:[NOERROR] respflags:[qr rd ra] err:[<nil>] duration:[86.672113ms]
2025/05/21 05:51:47 worker:[0] reqid:[0] qname:[googleusercontent.com.] qtype:[A] respid:[0] rcode:[NOERROR] respflags:[qr rd ra] err:[<nil>] duration:[86.212431ms]
2025/05/21 05:51:47 worker:[0] reqid:[0] qname:[facebook.com.] qtype:[A] respid:[0] rcode:[NOERROR] respflags:[qr rd ra] err:[<nil>] duration:[87.277374ms]
2025/05/21 05:51:47 worker:[0] reqid:[0] qname:[instagram.com.] qtype:[A] respid:[0] rcode:[NOERROR] respflags:[qr rd ra] err:[<nil>] duration:[86.204195ms]
2025/05/21 05:51:47 worker:[0] reqid:[0] qname:[wikipedia.org.] qtype:[A] respid:[0] rcode:[NOERROR] respflags:[qr rd ra] err:[<nil>] duration:[200.365049ms]
2025/05/21 05:51:47 worker:[0] reqid:[0] qname:[x.com.] qtype:[A] respid:[0] rcode:[NOERROR] respflags:[qr rd ra] err:[<nil>] duration:[86.242945ms]
2025/05/21 05:51:47 worker:[0] reqid:[0] qname:[amazon.com.] qtype:[A] respid:[0] rcode:[NOERROR] respflags:[qr rd ra] err:[<nil>] duration:[86.242871ms]
2025/05/21 05:51:47 worker:[0] reqid:[0] qname:[tiktok.com.] qtype:[A] respid:[0] rcode:[NOERROR] respflags:[qr rd ra] err:[<nil>] duration:[87.117356ms]
2025/05/21 05:51:48 worker:[0] reqid:[0] qname:[whatsapp.com.] qtype:[A] respid:[0] rcode:[NOERROR] respflags:[qr rd ra] err:[<nil>] duration:[201.549181ms]
2025/05/21 05:51:48 worker:[0] reqid:[0] qname:[yahoo.com.] qtype:[A] respid:[0] rcode:[NOERROR] respflags:[qr rd ra] err:[<nil>] duration:[86.008686ms]
2025/05/21 05:51:48 worker:[0] reqid:[0] qname:[google.com.] qtype:[A] respid:[0] rcode:[NOERROR] respflags:[qr rd ra] err:[<nil>] duration:[86.612579ms]
2025/05/21 05:51:48 worker:[0] reqid:[0] qname:[googleusercontent.com.] qtype:[A] respid:[0] rcode:[NOERROR] respflags:[qr rd ra] err:[<nil>] duration:[87.143726ms]
2025/05/21 05:51:48 worker:[0] reqid:[0] qname:[facebook.com.] qtype:[A] respid:[0] rcode:[NOERROR] respflags:[qr rd ra] err:[<nil>] duration:[86.291751ms]
2025/05/21 05:51:48 worker:[0] reqid:[0] qname:[instagram.com.] qtype:[A] respid:[0] rcode:[NOERROR] respflags:[qr rd ra] err:[<nil>] duration:[87.502962ms]
2025/05/21 05:51:48 worker:[0] reqid:[0] qname:[wikipedia.org.] qtype:[A] respid:[0] rcode:[NOERROR] respflags:[qr rd ra] err:[<nil>] duration:[85.498594ms]
2025/05/21 05:51:48 worker:[0] reqid:[0] qname:[x.com.] qtype:[A] respid:[0] rcode:[NOERROR] respflags:[qr rd ra] err:[<nil>] duration:[85.362201ms]
2025/05/21 05:51:48 worker:[0] reqid:[0] qname:[amazon.com.] qtype:[A] respid:[0] rcode:[NOERROR] respflags:[qr rd ra] err:[<nil>] duration:[87.235022ms]
2025/05/21 05:51:48 worker:[0] reqid:[0] qname:[tiktok.com.] qtype:[A] respid:[0] rcode:[NOERROR] respflags:[qr rd ra] err:[<nil>] duration:[87.187043ms]
2025/05/21 05:51:48 worker:[0] reqid:[0] qname:[whatsapp.com.] qtype:[A] respid:[0] rcode:[NOERROR] respflags:[qr rd ra] err:[<nil>] duration:[85.65602ms]
2025/05/21 05:51:49 worker:[0] reqid:[0] qname:[yahoo.com.] qtype:[A] respid:[0] rcode:[NOERROR] respflags:[qr rd ra] err:[<nil>] duration:[85.403456ms]
2025/05/21 05:51:49 worker:[0] reqid:[0] qname:[google.com.] qtype:[A] respid:[0] rcode:[NOERROR] respflags:[qr rd ra] err:[<nil>] duration:[85.966327ms]
2025/05/21 05:51:49 worker:[0] reqid:[0] qname:[googleusercontent.com.] qtype:[A] respid:[0] rcode:[NOERROR] respflags:[qr rd ra] err:[<nil>] duration:[86.170816ms]
2025/05/21 05:51:49 worker:[0] reqid:[0] qname:[facebook.com.] qtype:[A] respid:[0] rcode:[NOERROR] respflags:[qr rd ra] err:[<nil>] duration:[86.683374ms]
2025/05/21 05:51:49 worker:[0] reqid:[0] qname:[instagram.com.] qtype:[A] respid:[0] rcode:[NOERROR] respflags:[qr rd ra] err:[<nil>] duration:[86.477555ms]
2025/05/21 05:51:49 worker:[0] reqid:[0] qname:[wikipedia.org.] qtype:[A] respid:[0] rcode:[NOERROR] respflags:[qr rd ra] err:[<nil>] duration:[85.548758ms]
2025/05/21 05:51:49 worker:[0] reqid:[0] qname:[x.com.] qtype:[A] respid:[0] rcode:[NOERROR] respflags:[qr rd ra] err:[<nil>] duration:[85.263944ms]
2025/05/21 05:51:49 worker:[0] reqid:[0] qname:[amazon.com.] qtype:[A] respid:[0] rcode:[NOERROR] respflags:[qr rd ra] err:[<nil>] duration:[86.085857ms]
2025/05/21 05:51:49 worker:[0] reqid:[0] qname:[tiktok.com.] qtype:[A] respid:[0] rcode:[NOERROR] respflags:[qr rd ra] err:[<nil>] duration:[87.60509ms]
2025/05/21 05:51:49 worker:[0] reqid:[0] qname:[whatsapp.com.] qtype:[A] respid:[0] rcode:[NOERROR] respflags:[qr rd ra] err:[<nil>] duration:[86.695495ms]
2025/05/21 05:51:49 worker:[0] reqid:[0] qname:[yahoo.com.] qtype:[A] respid:[0] rcode:[NOERROR] respflags:[qr rd ra] err:[<nil>] duration:[86.365446ms]
2025/05/21 05:51:49 worker:[0] reqid:[0] qname:[google.com.] qtype:[A] respid:[0] rcode:[NOERROR] respflags:[qr rd ra] err:[<nil>] duration:[85.950506ms]
2025/05/21 05:51:50 worker:[0] reqid:[0] qname:[googleusercontent.com.] qtype:[A] respid:[0] rcode:[NOERROR] respflags:[qr rd ra] err:[<nil>] duration:[86.546699ms]
2025/05/21 05:51:50 worker:[0] reqid:[0] qname:[facebook.com.] qtype:[A] respid:[0] rcode:[NOERROR] respflags:[qr rd ra] err:[<nil>] duration:[88.832654ms]
2025/05/21 05:51:50 worker:[0] reqid:[0] qname:[instagram.com.] qtype:[A] respid:[0] rcode:[NOERROR] respflags:[qr rd ra] err:[<nil>] duration:[86.304337ms]
2025/05/21 05:51:50 worker:[0] reqid:[0] qname:[wikipedia.org.] qtype:[A] respid:[0] rcode:[NOERROR] respflags:[qr rd ra] err:[<nil>] duration:[87.040233ms]
2025/05/21 05:51:50 worker:[0] reqid:[0] qname:[x.com.] qtype:[A] respid:[0] rcode:[NOERROR] respflags:[qr rd ra] err:[<nil>] duration:[85.492842ms]
2025/05/21 05:51:50 worker:[0] reqid:[0] qname:[amazon.com.] qtype:[A] respid:[0] rcode:[NOERROR] respflags:[qr rd ra] err:[<nil>] duration:[86.522886ms]
2025/05/21 05:51:50 worker:[0] reqid:[0] qname:[tiktok.com.] qtype:[A] respid:[0] rcode:[NOERROR] respflags:[qr rd ra] err:[<nil>] duration:[86.859526ms]
2025/05/21 05:51:50 worker:[0] reqid:[0] qname:[whatsapp.com.] qtype:[A] respid:[0] rcode:[NOERROR] respflags:[qr rd ra] err:[<nil>] duration:[87.690351ms]
2025/05/21 05:51:50 worker:[0] reqid:[0] qname:[yahoo.com.] qtype:[A] respid:[0] rcode:[NOERROR] respflags:[qr rd ra] err:[<nil>] duration:[88.145494ms]
2025/05/21 05:51:50 worker:[0] reqid:[0] qname:[google.com.] qtype:[A] respid:[0] rcode:[NOERROR] respflags:[qr rd ra] err:[<nil>] duration:[86.831114ms]
2025/05/21 05:51:50 worker:[0] reqid:[0] qname:[googleusercontent.com.] qtype:[A] respid:[0] rcode:[NOERROR] respflags:[qr rd ra] err:[<nil>] duration:[86.538364ms]
2025/05/21 05:51:51 worker:[0] reqid:[0] qname:[facebook.com.] qtype:[A] respid:[0] rcode:[NOERROR] respflags:[qr rd ra] err:[<nil>] duration:[86.373168ms]
2025/05/21 05:51:51 worker:[0] reqid:[0] qname:[instagram.com.] qtype:[A] respid:[0] rcode:[NOERROR] respflags:[qr rd ra] err:[<nil>] duration:[86.57555ms]
2025/05/21 05:51:51 worker:[0] reqid:[0] qname:[wikipedia.org.] qtype:[A] respid:[0] rcode:[NOERROR] respflags:[qr rd ra] err:[<nil>] duration:[84.947448ms]
2025/05/21 05:51:51 worker:[0] reqid:[0] qname:[x.com.] qtype:[A] respid:[0] rcode:[NOERROR] respflags:[qr rd ra] err:[<nil>] duration:[86.28709ms]
2025/05/21 05:51:51 worker:[0] reqid:[0] qname:[amazon.com.] qtype:[A] respid:[0] rcode:[NOERROR] respflags:[qr rd ra] err:[<nil>] duration:[86.111732ms]
2025/05/21 05:51:51 worker:[0] reqid:[0] qname:[tiktok.com.] qtype:[A] respid:[0] rcode:[NOERROR] respflags:[qr rd ra] err:[<nil>] duration:[88.707776ms]
2025/05/21 05:51:51 worker:[0] reqid:[0] qname:[whatsapp.com.] qtype:[A] respid:[0] rcode:[NOERROR] respflags:[qr rd ra] err:[<nil>] duration:[86.119451ms]
2025/05/21 05:51:51 worker:[0] reqid:[0] qname:[yahoo.com.] qtype:[A] respid:[0] rcode:[NOERROR] respflags:[qr rd ra] err:[<nil>] duration:[85.377523ms]
2025/05/21 05:51:51 worker:[0] reqid:[0] qname:[google.com.] qtype:[A] respid:[0] rcode:[NOERROR] respflags:[qr rd ra] err:[<nil>] duration:[85.552588ms]
2025/05/21 05:51:51 worker:[0] reqid:[0] qname:[googleusercontent.com.] qtype:[A] respid:[0] rcode:[NOERROR] respflags:[qr rd ra] err:[<nil>] duration:[85.349159ms]
2025/05/21 05:51:51 worker:[0] reqid:[0] qname:[facebook.com.] qtype:[A] respid:[0] rcode:[NOERROR] respflags:[qr rd ra] err:[<nil>] duration:[88.634805ms]
2025/05/21 05:51:51 worker:[0] reqid:[0] qname:[instagram.com.] qtype:[A] respid:[0] rcode:[NOERROR] respflags:[qr rd ra] err:[<nil>] duration:[86.981739ms]
2025/05/21 05:51:52 worker:[0] reqid:[0] qname:[wikipedia.org.] qtype:[A] respid:[0] rcode:[NOERROR] respflags:[qr rd ra] err:[<nil>] duration:[87.097217ms]
2025/05/21 05:51:52 worker:[0] reqid:[0] qname:[x.com.] qtype:[A] respid:[0] rcode:[NOERROR] respflags:[qr rd ra] err:[<nil>] duration:[201.39599ms]
2025/05/21 05:51:52 worker:[0] reqid:[0] qname:[amazon.com.] qtype:[A] respid:[0] rcode:[NOERROR] respflags:[qr rd ra] err:[<nil>] duration:[86.01923ms]
2025/05/21 05:51:52 worker:[0] reqid:[0] qname:[tiktok.com.] qtype:[A] respid:[0] rcode:[NOERROR] respflags:[qr rd ra] err:[<nil>] duration:[85.959007ms]
2025/05/21 05:51:52 worker:[0] reqid:[0] qname:[whatsapp.com.] qtype:[A] respid:[0] rcode:[NOERROR] respflags:[qr rd ra] err:[<nil>] duration:[85.248956ms]
2025/05/21 05:51:52 worker:[0] reqid:[0] qname:[yahoo.com.] qtype:[A] respid:[0] rcode:[NOERROR] respflags:[qr rd ra] err:[<nil>] duration:[87.667709ms]
