2025/05/21 05:37:17 worker:[0] reqid:[46858] qname:[google.com.] qtype:[A] respid:[46858] rcode:[NOERROR] respflags:[qr rd ra] err:[<nil>] duration:[496.316155ms]
2025/05/21 05:37:17 worker:[0] reqid:[65532] qname:[googleusercontent.com.] qtype:[A] respid:[65532] rcode:[NOERROR] respflags:[qr rd ra] err:[<nil>] duration:[85.87289ms]
2025/05/21 05:37:17 worker:[0] reqid:[22754] qname:[facebook.com.] qtype:[A] respid:[22754] rcode:[NOERROR] respflags:[qr rd ra] err:[<nil>] duration:[78.21066ms]
2025/05/21 05:37:17 worker:[0] reqid:[10933] qname:[instagram.com.] qtype:[A] respid:[10933] rcode:[NOERROR] respflags:[qr rd ra] err:[<nil>] duration:[92.746791ms]
2025/05/21 05:37:18 worker:[0] reqid:[21005] qname:[wikipedia.org.] qtype:[A] respid:[21005] rcode:[NOERROR] respflags:[qr rd ra] err:[<nil>] duration:[163.565285ms]
2025/05/21 05:37:18 worker:[0] reqid:[7707] qname:[x.com.] qtype:[A] respid:[7707] rcode:[NOERROR] respflags:[qr rd ra] err:[<nil>] duration:[76.093974ms]
2025/05/21 05:37:18 worker:[0] reqid:[35216] qname:[amazon.com.] qtype:[A] respid:[35216] rcode:[NOERROR] respflags:[qr rd ra] err:[<nil>] duration:[163.55196ms]
2025/05/21 05:37:18 worker:[0] reqid:[12809] qname:[tiktok.com.] qtype:[A] respid:[12809] rcode:[NOERROR] respflags:[qr rd ra] err:[<nil>] duration:[80.634528ms]
2025/05/21 05:37:18 worker:[0] reqid:[35866] qname:[whatsapp.com.] qtype:[A] respid:[35866] rcode:[NOERROR] respflags:[qr rd ra] err:[<nil>] duration:[174.19372ms]
2025/05/21 05:37:18 worker:[0] reqid:[11572] qname:[yahoo.com.] qtype:[A] respid:[11572] rcode:[NOERROR] respflags:[qr rd ra] err:[<nil>] duration:[76.315116ms]
2025/05/21 05:37:19 worker:[0] reqid:[25400] qname:[google.com.] qtype:[A] respid:[25400] rcode:[NOERROR] respflags:[qr rd ra] err:[<nil>] duration:[296.027431ms]
2025/05/21 05:37:19 worker:[0] reqid:[20233] qname:[googleusercontent.com.] qtype:[A] respid:[20233] rcode:[NOERROR] respflags:[qr rd ra] err:[<nil>] duration:[76.650089ms]
2025/05/21 05:37:19 worker:[0] reqid:[22398] qname:[facebook.com.] qtype:[A] respid:[22398] rcode:[NOERROR] respflags:[qr rd ra] err:[<nil>] duration:[76.657744ms]
2025/05/21 05:37:19 worker:[0] reqid:[22776] qname:[instagram.com.] qtype:[A] respid:[22776] rcode:[NOERROR] respflags:[qr rd ra] err:[<nil>] duration:[77.602622ms]
2025/05/21 05:37:19 worker:[0] reqid:[40517] qname:[wikipedia.org.] qtype:[A] respid:[40517] rcode:[NOERROR] respflags:[qr rd ra] err:[<nil>] duration:[76.657485ms]
2025/05/21 05:37:19 worker:[0] reqid:[44173] qname:[x.com.] qtype:[A] respid:[44173] rcode:[NOERROR] respflags:[qr rd ra] err:[<nil>] duration:[77.453659ms]
2025/05/21 05:37:19 worker:[0] reqid:[62093] qname:[amazon.com.] qtype:[A] respid:[62093] rcode:[NOERROR] respflags:[qr rd ra] err:[<nil>] duration:[77.13207ms]
2025/05/21 05:37:20 worker:[0] reqid:[45522] qname:[tiktok.com.] qtype:[A] respid:[45522] rcode:[NOERROR] respflags:[qr rd ra] err:[<nil>] duration:[723.829186ms]
2025/05/21 05:37:20 worker:[0] reqid:[65332] qname:[whatsapp.com.] qtype:[A] respid:[65332] rcode:[NOERROR] respflags:[qr rd ra] err:[<nil>] duration:[77.190615ms]
2025/05/21 05:37:20 worker:[0] reqid:[26148] qname:[yahoo.com.] qtype:[A] respid:[26148] rcode:[NOERROR] respflags:[qr rd ra] err:[<nil>] duration:[76.431144ms]
2025/05/21 05:37:20 worker:[0] reqid:[31881] qname:[google.com.] qtype:[A] respid:[31881] rcode:[NOERROR] respflags:[qr rd ra] err:[<nil>] duration:[76.760106ms]
2025/05/21 05:37:20 worker:[0] reqid:[28969] qname:[googleusercontent.com.] qtype:[A] respid:[28969] rcode:[NOERROR] respflags:[qr rd ra] err:[<nil>] duration:[77.264508ms]
2025/05/21 05:37:20 worker:[0] reqid:[60713] qname:[facebook.com.] qtype:[A] respid:[60713] rcode:[NOERROR] respflags:[qr rd ra] err:[<nil>] duration:[287.143154ms]
2025/05/21 05:37:20 worker:[0] reqid:[64854] qname:[instagram.com.] qtype:[A] respid:[64854] rcode:[NOERROR] respflags:[qr rd ra] err:[<nil>] duration:[77.072501ms]
2025/05/21 05:37:20 worker:[0] reqid:[22461] qname:[wikipedia.org.] qtype:[A] respid:[22461] rcode:[NOERROR] respflags:[qr rd ra] err:[<nil>] duration:[76.502652ms]
2025/05/21 05:37:21 worker:[0] reqid:[50880] qname:[x.com.] qtype:[A] respid:[50880] rcode:[NOERROR] respflags:[qr rd ra] err:[<nil>] duration:[76.540964ms]
2025/05/21 05:37:21 worker:[0] reqid:[1159] qname:[amazon.com.] qtype:[A] respid:[1159] rcode:[NOERROR] respflags:[qr rd ra] err:[<nil>] duration:[77.163016ms]
2025/05/21 05:37:21 worker:[0] reqid:[48130] qname:[tiktok.com.] qtype:[A] respid:[48130] rcode:[NOERROR] respflags:[qr rd ra] err:[<nil>] duration:[77.095658ms]
2025/05/21 05:37:21 worker:[0] reqid:[62762] qname:[whatsapp.com.] qtype:[A] respid:[62762] rcode:[NOERROR] respflags:[qr rd ra] err:[<nil>] duration:[77.486955ms]
2025/05/21 05:37:21 worker:[0] reqid:[39231] qname:[yahoo.com.] qtype:[A] respid:[39231] rcode:[NOERROR] respflags:[qr rd ra] err:[<nil>] duration:[77.06592ms]
2025/05/21 05:37:21 worker:[0] reqid:[59806] qname:[google.com.] qtype:[A] respid:[59806] rcode:[NOERROR] respflags:[qr rd ra] err:[<nil>] duration:[76.634935ms]
2025/05/21 05:37:21 worker:[0] reqid:[59923] qname:[googleusercontent.com.] qtype:[A] respid:[59923] rcode:[NOERROR] respflags:[qr rd ra] err:[<nil>] duration:[76.945599ms]
2025/05/21 05:37:21 worker:[0] reqid:[65232] qname:[facebook.com.] qtype:[A] respid:[65232] rcode:[NOERROR] respflags:[qr rd ra] err:[<nil>] duration:[76.868265ms]
2025/05/21 05:37:21 worker:[0] reqid:[27797] qname:[instagram.com.] qtype:[A] respid:[27797] rcode:[NOERROR] respflags:[qr rd ra] err:[<nil>] duration:[76.754652ms]
2025/05/21 05:37:21 worker:[0] reqid:[59019] qname:[wikipedia.org.] qtype:[A] respid:[59019] rcode:[NOERROR] respflags:[qr rd ra] err:[<nil>] duration:[78.33345ms]
2025/05/21 05:37:21 worker:[0] reqid:[64344] qname:[x.com.] qtype:[A] respid:[64344] rcode:[NOERROR] respflags:[qr rd ra] err:[<nil>] duration:[76.660719ms]
2025/05/21 05:37:21 worker:[0] reqid:[42746] qname:[amazon.com.] qtype:[A] respid:[42746] rcode:[NOERROR] respflags:[qr rd ra] err:[<nil>] duration:[76.497443ms]
2025/05/21 05:37:21 worker:[0] reqid:[20396] qname:[tiktok.com.] qtype:[A] respid:[20396] rcode:[NOERROR] respflags:[qr rd ra] err:[<nil>] duration:[76.803741ms]
2025/05/21 05:37:22 worker:[0] reqid:[38850] qname:[whatsapp.com.] qtype:[A] respid:[38850] rcode:[NOERROR] respflags:[qr rd ra] err:[<nil>] duration:[76.826543ms]
2025/05/21 05:37:22 worker:[0] reqid:[41902] qname:[yahoo.com.] qtype:[A] respid:[41902] rcode:[NOERROR] respflags:[qr rd ra] err:[<nil>] duration:[76.897231ms]
2025/05/21 05:37:22 worker:[0] reqid:[10819] qname:[google.com.] qtype:[A] respid:[10819] rcode:[NOERROR] respflags:[qr rd ra] err:[<nil>] duration:[77.370099ms]
2025/05/21 05:37:22 worker:[0] reqid:[29698] qname:[googleusercontent.com.] qtype:[A] respid:[29698] rcode:[NOERROR] respflags:[qr rd ra] err:[<nil>] duration:[76.925649ms]
2025/05/21 05:37:22 worker:[0] reqid:[56428] qname:[facebook.com.] qtype:[A] respid:[56428] rcode:[NOERROR] respflags:[qr rd ra] err:[<nil>] duration:[76.528559ms]
2025/05/21 05:37:22 worker:[0] reqid:[55298] qname:[instagram.com.] qtype:[A] respid:[55298] rcode:[NOERROR] respflags:[qr rd ra] err:[<nil>] duration:[77.490653ms]
2025/05/21 05:37:22 worker:[0] reqid:[64965] qname:[wikipedia.org.] qtype:[A] respid:[64965] rcode:[NOERROR] respflags:[qr rd ra] err:[<nil>] duration:[77.497785ms]
2025/05/21 05:37:22 worker:[0] reqid:[37329] qname:[x.com.] qtype:[A] respid:[37329] rcode:[NOERROR] respflags:[qr rd ra] err:[<nil>] duration:[78.536009ms]
2025/05/21 05:37:22 worker:[0] reqid:[17271] qname:[amazon.com.] qtype:[A] respid:[17271] rcode:[NOERROR] respflags:[qr rd ra] err:[<nil>] duration:[78.400193ms]
2025/05/21 05:37:22 worker:[0] reqid:[60111] qname:[tiktok.com.] qtype:[A] respid:[60111] rcode:[NOERROR] respflags:[qr rd ra] err:[<nil>] duration:[285.007067ms]
2025/05/21 05:37:23 worker:[0] reqid:[15886] qname:[whatsapp.com.] qtype:[A] respid:[15886] rcode:[NOERROR] respflags:[qr rd ra] err:[<nil>] duration:[77.507159ms]
2025/05/21 05:37:23 worker:[0] reqid:[58235] qname:[yahoo.com.] qtype:[A] respid:[58235] rcode:[NOERROR] respflags:[qr rd ra] err:[<nil>] duration:[87.926457ms]
2025/05/21 05:37:23 worker:[0] reqid:[17043] qname:[google.com.] qtype:[A] respid:[17043] rcode:[NOERROR] respflags:[qr rd ra] err:[<nil>] duration:[77.247217ms]
2025/05/21 05:37:23 worker:[0] reqid:[48686] qname:[googleusercontent.com.] qtype:[A] respid:[48686] rcode:[NOERROR] respflags:[qr rd ra] err:[<nil>] duration:[76.516034ms]
2025/05/21 05:37:23 worker:[0] reqid:[9655] qname:[facebook.com.] qtype:[A] respid:[9655] rcode:[NOERROR] respflags:[qr rd ra] err:[<nil>] duration:[76.877997ms]
2025/05/21 05:37:23 worker:[0] reqid:[19107] qname:[instagram.com.] qtype:[A] respid:[19107] rcode:[NOERROR] respflags:[qr rd ra] err:[<nil>] duration:[77.996007ms]
2025/05/21 05:37:23 worker:[0] reqid:[50844] qname:[wikipedia.org.] qtype:[A] respid:[50844] rcode:[NOERROR] respflags:[qr rd ra] err:[<nil>] duration:[76.927388ms]
2025/05/21 05:37:23 worker:[0] reqid:[21553] qname:[x.com.] qtype:[A] respid:[21553] rcode:[NOERROR] respflags:[qr rd ra] err:[<nil>] duration:[75.505996ms]
2025/05/21 05:37:23 worker:[0] reqid:[36023] qname:[amazon.com.] qtype:[A] respid:[36023] rcode:[NOERROR] respflags:[qr rd ra] err:[<nil>] duration:[76.589431ms]
2025/05/21 05:37:23 worker:[0] reqid:[21513] qname:[tiktok.com.] qtype:[A] respid:[21513] rcode:[NOERROR] respflags:[qr rd ra] err:[<nil>] duration:[76.485152ms]
2025/05/21 05:37:23 worker:[0] reqid:[26169] qname:[whatsapp.com.] qtype:[A] respid:[26169] rcode:[NOERROR] respflags:[qr rd ra] err:[<nil>] duration:[77.647481ms]
2025/05/21 05:37:23 worker:[0] reqid:[6499] qname:[yahoo.com.] qtype:[A] respid:[6499] rcode:[NOERROR] respflags:[qr rd ra] err:[<nil>] duration:[78.325477ms]
2025/05/21 05:37:23 worker:[0] reqid:[27359] qname:[google.com.] qtype:[A] respid:[27359] rcode:[NOERROR] respflags:[qr rd ra] err:[<nil>] duration:[77.017516ms]
2025/05/21 05:37:24 worker:[0] reqid:[10684] qname:[googleusercontent.com.] qtype:[A] respid:[10684] rcode:[NOERROR] respflags:[qr rd ra] err:[<nil>] duration:[78.834432ms]
2025/05/21 05:37:24 worker:[0] reqid:[40182] qname:[facebook.com.] qtype:[A] respid:[40182] rcode:[NOERROR] respflags:[qr rd ra] err:[<nil>] duration:[77.561651ms]
2025/05/21 05:37:24 worker:[0] reqid:[2796] qname:[instagram.com.] qtype:[A] respid:[2796] rcode:[NOERROR] respflags:[qr rd ra] err:[<nil>] duration:[77.703116ms]
2025/05/21 05:37:24 worker:[0] reqid:[15584] qname:[wikipedia.org.] qtype:[A] respid:[15584] rcode:[NOERROR] respflags:[qr rd ra] err:[<nil>] duration:[76.56859ms]
2025/05/21 05:37:24 worker:[0] reqid:[42684] qname:[x.com.] qtype:[A] respid:[42684] rcode:[NOERROR] respflags:[qr rd ra] err:[<nil>] duration:[82.391016ms]
2025/05/21 05:37:24 worker:[0] reqid:[11625] qname:[amazon.com.] qtype:[A] respid:[11625] rcode:[NOERROR] respflags:[qr rd ra] err:[<nil>] duration:[77.291231ms]
2025/05/21 05:37:24 worker:[0] reqid:[30674] qname:[tiktok.com.] qtype:[A] respid:[30674] rcode:[NOERROR] respflags:[qr rd ra] err:[<nil>] duration:[77.408347ms]
2025/05/21 05:37:24 worker:[0] reqid:[53518] qname:[whatsapp.com.] qtype:[A] respid:[53518] rcode:[NOERROR] respflags:[qr rd ra] err:[<nil>] duration:[76.848833ms]
2025/05/21 05:37:24 worker:[0] reqid:[60163] qname:[yahoo.com.] qtype:[A] respid:[60163] rcode:[NOERROR] respflags:[qr rd ra] err:[<nil>] duration:[80.498498ms]
2025/05/21 05:37:24 worker:[0] reqid:[50553] qname:[google.com.] qtype:[A] respid:[50553] rcode:[NOERROR] respflags:[qr rd ra] err:[<nil>] duration:[77.383939ms]
2025/05/21 05:37:24 worker:[0] reqid:[63100] qname:[googleusercontent.com.] qtype:[A] respid:[63100] rcode:[NOERROR] respflags:[qr rd ra] err:[<nil>] duration:[76.87231ms]
2025/05/21 05:37:24 worker:[0] reqid:[24609] qname:[facebook.com.] qtype:[A] respid:[24609] rcode:[NOERROR] respflags:[qr rd ra] err:[<nil>] duration:[79.801383ms]
2025/05/21 05:37:24 worker:[0] reqid:[55418] qname:[instagram.com.] qtype:[A] respid:[55418] rcode:[NOERROR] respflags:[qr rd ra] err:[<nil>] duration:[77.163831ms]
2025/05/21 05:37:25 worker:[0] reqid:[39932] qname:[wikipedia.org.] qtype:[A] respid:[39932] rcode:[NOERROR] respflags:[qr rd ra] err:[<nil>] duration:[77.136819ms]
2025/05/21 05:37:25 worker:[0] reqid:[59494] qname:[x.com.] qtype:[A] respid:[59494] rcode:[NOERROR] respflags:[qr rd ra] err:[<nil>] duration:[76.581572ms]
2025/05/21 05:37:25 worker:[0] reqid:[30332] qname:[amazon.com.] qtype:[A] respid:[30332] rcode:[NOERROR] respflags:[qr rd ra] err:[<nil>] duration:[76.376089ms]
2025/05/21 05:37:25 worker:[0] reqid:[43702] qname:[tiktok.com.] qtype:[A] respid:[43702] rcode:[NOERROR] respflags:[qr rd ra] err:[<nil>] duration:[76.951928ms]
2025/05/21 05:37:25 worker:[0] reqid:[55779] qname:[whatsapp.com.] qtype:[A] respid:[55779] rcode:[NOERROR] respflags:[qr rd ra] err:[<nil>] duration:[77.536931ms]
2025/05/21 05:37:25 worker:[0] reqid:[26773] qname:[yahoo.com.] qtype:[A] respid:[26773] rcode:[NOERROR] respflags:[qr rd ra] err:[<nil>] duration:[77.544127ms]
2025/05/21 05:37:25 worker:[0] reqid:[63605] qname:[google.com.] qtype:[A] respid:[63605] rcode:[NOERROR] respflags:[qr rd ra] err:[<nil>] duration:[77.058779ms]
2025/05/21 05:37:25 worker:[0] reqid:[33522] qname:[googleusercontent.com.] qtype:[A] respid:[33522] rcode:[NOERROR] respflags:[qr rd ra] err:[<nil>] duration:[79.408675ms]
2025/05/21 05:37:25 worker:[0] reqid:[4506] qname:[facebook.com.] qtype:[A] respid:[4506] rcode:[NOERROR] respflags:[qr rd ra] err:[<nil>] duration:[77.518044ms]
2025/05/21 05:37:25 worker:[0] reqid:[7232] qname:[instagram.com.] qtype:[A] respid:[7232] rcode:[NOERROR] respflags:[qr rd ra] err:[<nil>] duration:[77.999801ms]
2025/05/21 05:37:25 worker:[0] reqid:[37542] qname:[wikipedia.org.] qtype:[A] respid:[37542] rcode:[NOERROR] respflags:[qr rd ra] err:[<nil>] duration:[75.805365ms]
2025/05/21 05:37:25 worker:[0] reqid:[30742] qname:[x.com.] qtype:[A] respid:[30742] rcode:[NOERROR] respflags:[qr rd ra] err:[<nil>] duration:[76.776595ms]
2025/05/21 05:37:25 worker:[0] reqid:[18818] qname:[amazon.com.] qtype:[A] respid:[18818] rcode:[NOERROR] respflags:[qr rd ra] err:[<nil>] duration:[76.780713ms]
2025/05/21 05:37:26 worker:[0] reqid:[21505] qname:[tiktok.com.] qtype:[A] respid:[21505] rcode:[NOERROR] respflags:[qr rd ra] err:[<nil>] duration:[76.471327ms]
2025/05/21 05:37:26 worker:[0] reqid:[65336] qname:[whatsapp.com.] qtype:[A] respid:[65336] rcode:[NOERROR] respflags:[qr rd ra] err:[<nil>] duration:[76.70176ms]
2025/05/21 05:37:26 worker:[0] reqid:[37575] qname:[yahoo.com.] qtype:[A] respid:[37575] rcode:[NOERROR] respflags:[qr rd ra] err:[<nil>] duration:[76.359763ms]
2025/05/21 05:37:26 worker:[0] reqid:[57428] qname:[google.com.] qtype:[A] respid:[57428] rcode:[NOERROR] respflags:[qr rd ra] err:[<nil>] duration:[76.433248ms]
2025/05/21 05:37:26 worker:[0] reqid:[38582] qname:[googleusercontent.com.] qtype:[A] respid:[38582] rcode:[NOERROR] respflags:[qr rd ra] err:[<nil>] duration:[77.129072ms]
2025/05/21 05:37:26 worker:[0] reqid:[9496] qname:[facebook.com.] qtype:[A] respid:[9496] rcode:[NOERROR] respflags:[qr rd ra] err:[<nil>] duration:[76.687505ms]
2025/05/21 05:37:26 worker:[0] reqid:[4991] qname:[instagram.com.] qtype:[A] respid:[4991] rcode:[NOERROR] respflags:[qr rd ra] err:[<nil>] duration:[76.075127ms]
2025/05/21 05:37:26 worker:[0] reqid:[65145] qname:[wikipedia.org.] qtype:[A] respid:[65145] rcode:[NOERROR] respflags:[qr rd ra] err:[<nil>] duration:[77.376126ms]
2025/05/21 05:37:26 worker:[0] reqid:[44398] qname:[x.com.] qtype:[A] respid:[44398] rcode:[NOERROR] respflags:[qr rd ra] err:[<nil>] duration:[76.643995ms]
2025/05/21 05:37:26 worker:[0] reqid:[34255] qname:[amazon.com.] qtype:[A] respid:[34255] rcode:[NOERROR] respflags:[qr rd ra] err:[<nil>] duration:[76.433378ms]
2025/05/21 05:37:26 worker:[0] reqid:[31858] qname:[tiktok.com.] qtype:[A] respid:[31858] rcode:[NOERROR] respflags:[qr rd ra] err:[<nil>] duration:[76.913997ms]
2025/05/21 05:37:27 worker:[0] reqid:[43459] qname:[whatsapp.com.] qtype:[A] respid:[43459] rcode:[NOERROR] respflags:[qr rd ra] err:[<nil>] duration:[287.782217ms]
2025/05/21 05:37:27 worker:[0] reqid:[10151] qname:[yahoo.com.] qtype:[A] respid:[10151] rcode:[NOERROR] respflags:[qr rd ra] err:[<nil>] duration:[77.041657ms]
2025/05/21 05:37:27 worker:[0] reqid:[6145] qname:[google.com.] qtype:[A] respid:[6145] rcode:[NOERROR] respflags:[qr rd ra] err:[<nil>] duration:[76.600254ms]
2025/05/21 05:37:27 worker:[0] reqid:[17350] qname:[googleusercontent.com.] qtype:[A] respid:[17350] rcode:[NOERROR] respflags:[qr rd ra] err:[<nil>] duration:[77.908136ms]
2025/05/21 05:37:27 worker:[0] reqid:[48576] qname:[facebook.com.] qtype:[A] respid:[48576] rcode:[NOERROR] respflags:[qr rd ra] err:[<nil>] duration:[77.731041ms]
2025/05/21 05:37:27 worker:[0] reqid:[16089] qname:[instagram.com.] qtype:[A] respid:[16089] rcode:[NOERROR] respflags:[qr rd ra] err:[<nil>] duration:[187.423146ms]
2025/05/21 05:37:27 worker:[0] reqid:[15051] qname:[wikipedia.org.] qtype:[A] respid:[15051] rcode:[NOERROR] respflags:[qr rd ra] err:[<nil>] duration:[179.991994ms]
2025/05/21 05:37:27 worker:[0] reqid:[63433] qname:[x.com.] qtype:[A] respid:[63433] rcode:[NOERROR] respflags:[qr rd ra] err:[<nil>] duration:[118.20727ms]
2025/05/21 05:37:27 worker:[0] reqid:[39039] qname:[amazon.com.] qtype:[A] respid:[39039] rcode:[NOERROR] respflags:[qr rd ra] err:[<nil>] duration:[85.590049ms]
2025/05/21 05:37:28 worker:[0] reqid:[30459] qname:[tiktok.com.] qtype:[A] respid:[30459] rcode:[NOERROR] respflags:[qr rd ra] err:[<nil>] duration:[82.541257ms]
2025/05/21 05:37:28 worker:[0] reqid:[37354] qname:[whatsapp.com.] qtype:[A] respid:[37354] rcode:[NOERROR] respflags:[qr rd ra] err:[<nil>] duration:[76.608824ms]
2025/05/21 05:37:28 worker:[0] reqid:[367] qname:[yahoo.com.] qtype:[A] respid:[367] rcode:[NOERROR] respflags:[qr rd ra] err:[<nil>] duration:[76.890834ms]
2025/05/21 05:37:28 worker:[0] reqid:[11274] qname:[google.com.] qtype:[A] respid:[11274] rcode:[NOERROR] respflags:[qr rd ra] err:[<nil>] duration:[77.638938ms]
2025/05/21 05:37:28 worker:[0] reqid:[52167] qname:[googleusercontent.com.] qtype:[A] respid:[52167] rcode:[NOERROR] respflags:[qr rd ra] err:[<nil>] duration:[76.72127ms]
2025/05/21 05:37:28 worker:[0] reqid:[43807] qname:[facebook.com.] qtype:[A] respid:[43807] rcode:[NOERROR] respflags:[qr rd ra] err:[<nil>] duration:[82.4069ms]
2025/05/21 05:37:28 worker:[0] reqid:[61464] qname:[instagram.com.] qtype:[A] respid:[61464] rcode:[NOERROR] respflags:[qr rd ra] err:[<nil>] duration:[78.415759ms]
2025/05/21 05:37:28 worker:[0] reqid:[10368] qname:[wikipedia.org.] qtype:[A] respid:[10368] rcode:[NOERROR] respflags:[qr rd ra] err:[<nil>] duration:[76.369792ms]
2025/05/21 05:37:28 worker:[0] reqid:[13282] qname:[x.com.] qtype:[A] respid:[13282] rcode:[NOERROR] respflags:[qr rd ra] err:[<nil>] duration:[76.366411ms]
2025/05/21 05:37:28 worker:[0] reqid:[55854] qname:[amazon.com.] qtype:[A] respid:[55854] rcode:[NOERROR] respflags:[qr rd ra] err:[<nil>] duration:[81.196784ms]
2025/05/21 05:37:28 worker:[0] reqid:[43403] qname:[tiktok.com.] qtype:[A] respid:[43403] rcode:[NOERROR] respflags:[qr rd ra] err:[<nil>] duration:[77.572229ms]
2025/05/21 05:37:28 worker:[0] reqid:[23939] qname:[whatsapp.com.] qtype:[A] respid:[23939] rcode:[NOERROR] respflags:[qr rd ra] err:[<nil>] duration:[87.084986ms]
2025/05/21 05:37:29 worker:[0] reqid:[25398] qname:[yahoo.com.] qtype:[A] respid:[25398] rcode:[NOERROR] respflags:[qr rd ra] err:[<nil>] duration:[87.402631ms]
2025/05/21 05:37:29 worker:[0] reqid:[27170] qname:[google.com.] qtype:[A] respid:[27170] rcode:[NOERROR] respflags:[qr rd ra] err:[<nil>] duration:[76.464376ms]
2025/05/21 05:37:29 worker:[0] reqid:[25935] qname:[googleusercontent.com.] qtype:[A] respid:[25935] rcode:[NOERROR] respflags:[qr rd ra] err:[<nil>] duration:[77.75354ms]
2025/05/21 05:37:29 worker:[0] reqid:[12864] qname:[facebook.com.] qtype:[A] respid:[12864] rcode:[NOERROR] respflags:[qr rd ra] err:[<nil>] duration:[77.113988ms]
2025/05/21 05:37:29 worker:[0] reqid:[61378] qname:[instagram.com.] qtype:[A] respid:[61378] rcode:[NOERROR] respflags:[qr rd ra] err:[<nil>] duration:[78.299877ms]
2025/05/21 05:37:29 worker:[0] reqid:[17711] qname:[wikipedia.org.] qtype:[A] respid:[17711] rcode:[NOERROR] respflags:[qr rd ra] err:[<nil>] duration:[78.643301ms]
2025/05/21 05:37:29 worker:[0] reqid:[46055] qname:[x.com.] qtype:[A] respid:[46055] rcode:[NOERROR] respflags:[qr rd ra] err:[<nil>] duration:[82.252819ms]
2025/05/21 05:37:29 worker:[0] reqid:[3883] qname:[amazon.com.] qtype:[A] respid:[3883] rcode:[NOERROR] respflags:[qr rd ra] err:[<nil>] duration:[77.293626ms]
2025/05/21 05:37:29 worker:[0] reqid:[20581] qname:[tiktok.com.] qtype:[A] respid:[20581] rcode:[NOERROR] respflags:[qr rd ra] err:[<nil>] duration:[77.004424ms]
2025/05/21 05:37:29 worker:[0] reqid:[18278] qname:[whatsapp.com.] qtype:[A] respid:[18278] rcode:[NOERROR] respflags:[qr rd ra] err:[<nil>] duration:[77.220967ms]
2025/05/21 05:37:29 worker:[0] reqid:[8549] qname:[yahoo.com.] qtype:[A] respid:[8549] rcode:[NOERROR] respflags:[qr rd ra] err:[<nil>] duration:[77.012124ms]
2025/05/21 05:37:29 worker:[0] reqid:[10247] qname:[google.com.] qtype:[A] respid:[10247] rcode:[NOERROR] respflags:[qr rd ra] err:[<nil>] duration:[77.20883ms]
2025/05/21 05:37:29 worker:[0] reqid:[17253] qname:[googleusercontent.com.] qtype:[A] respid:[17253] rcode:[NOERROR] respflags:[qr rd ra] err:[<nil>] duration:[76.329005ms]
2025/05/21 05:37:30 worker:[0] reqid:[504] qname:[facebook.com.] qtype:[A] respid:[504] rcode:[NOERROR] respflags:[qr rd ra] err:[<nil>] duration:[79.007638ms]
2025/05/21 05:37:30 worker:[0] reqid:[47575] qname:[instagram.com.] qtype:[A] respid:[47575] rcode:[NOERROR] respflags:[qr rd ra] err:[<nil>] duration:[77.18306ms]
2025/05/21 05:37:30 worker:[0] reqid:[5152] qname:[wikipedia.org.] qtype:[A] respid:[5152] rcode:[NOERROR] respflags:[qr rd ra] err:[<nil>] duration:[77.537896ms]
2025/05/21 05:37:30 worker:[0] reqid:[52922] qname:[x.com.] qtype:[A] respid:[52922] rcode:[NOERROR] respflags:[qr rd ra] err:[<nil>] duration:[77.375782ms]
2025/05/21 05:37:30 worker:[0] reqid:[62379] qname:[amazon.com.] qtype:[A] respid:[62379] rcode:[NOERROR] respflags:[qr rd ra] err:[<nil>] duration:[77.341732ms]
2025/05/21 05:37:30 worker:[0] reqid:[64404] qname:[tiktok.com.] qtype:[A] respid:[64404] rcode:[NOERROR] respflags:[qr rd ra] err:[<nil>] duration:[77.179211ms]
2025/05/21 05:37:30 worker:[0] reqid:[24194] qname:[whatsapp.com.] qtype:[A] respid:[24194] rcode:[NOERROR] respflags:[qr rd ra] err:[<nil>] duration:[80.589748ms]
2025/05/21 05:37:30 worker:[0] reqid:[10549] qname:[yahoo.com.] qtype:[A] respid:[10549] rcode:[NOERROR] respflags:[qr rd ra] err:[<nil>] duration:[77.400897ms]
2025/05/21 05:37:30 worker:[0] reqid:[65460] qname:[google.com.] qtype:[A] respid:[65460] rcode:[NOERROR] respflags:[qr rd ra] err:[<nil>] duration:[77.065253ms]
2025/05/21 05:37:30 worker:[0] reqid:[4909] qname:[googleusercontent.com.] qtype:[A] respid:[4909] rcode:[NOERROR] respflags:[qr rd ra] err:[<nil>] duration:[77.321875ms]
2025/05/21 05:37:30 worker:[0] reqid:[47793] qname:[facebook.com.] qtype:[A] respid:[47793] rcode:[NOERROR] respflags:[qr rd ra] err:[<nil>] duration:[79.162456ms]
2025/05/21 05:37:30 worker:[0] reqid:[21711] qname:[instagram.com.] qtype:[A] respid:[21711] rcode:[NOERROR] respflags:[qr rd ra] err:[<nil>] duration:[77.346426ms]
2025/05/21 05:37:30 worker:[0] reqid:[61110] qname:[wikipedia.org.] qtype:[A] respid:[61110] rcode:[NOERROR] respflags:[qr rd ra] err:[<nil>] duration:[77.254258ms]
2025/05/21 05:37:31 worker:[0] reqid:[38669] qname:[x.com.] qtype:[A] respid:[38669] rcode:[NOERROR] respflags:[qr rd ra] err:[<nil>] duration:[77.619514ms]
2025/05/21 05:37:31 worker:[0] reqid:[31577] qname:[amazon.com.] qtype:[A] respid:[31577] rcode:[NOERROR] respflags:[qr rd ra] err:[<nil>] duration:[77.359042ms]
2025/05/21 05:37:31 worker:[0] reqid:[15380] qname:[tiktok.com.] qtype:[A] respid:[15380] rcode:[NOERROR] respflags:[qr rd ra] err:[<nil>] duration:[284.780153ms]
2025/05/21 05:37:31 worker:[0] reqid:[61567] qname:[whatsapp.com.] qtype:[A] respid:[61567] rcode:[NOERROR] respflags:[qr rd ra] err:[<nil>] duration:[78.849647ms]
2025/05/21 05:37:31 worker:[0] reqid:[46928] qname:[yahoo.com.] qtype:[A] respid:[46928] rcode:[NOERROR] respflags:[qr rd ra] err:[<nil>] duration:[76.403185ms]
2025/05/21 05:37:31 worker:[0] reqid:[8972] qname:[google.com.] qtype:[A] respid:[8972] rcode:[NOERROR] respflags:[qr rd ra] err:[<nil>] duration:[77.148812ms]
2025/05/21 05:37:31 worker:[0] reqid:[12151] qname:[googleusercontent.com.] qtype:[A] respid:[12151] rcode:[NOERROR] respflags:[qr rd ra] err:[<nil>] duration:[77.315957ms]
2025/05/21 05:37:31 worker:[0] reqid:[34442] qname:[facebook.com.] qtype:[A] respid:[34442] rcode:[NOERROR] respflags:[qr rd ra] err:[<nil>] duration:[77.663116ms]
2025/05/21 05:37:31 worker:[0] reqid:[15228] qname:[instagram.com.] qtype:[A] respid:[15228] rcode:[NOERROR] respflags:[qr rd ra] err:[<nil>] duration:[77.328053ms]
2025/05/21 05:37:31 worker:[0] reqid:[51889] qname:[wikipedia.org.] qtype:[A] respid:[51889] rcode:[NOERROR] respflags:[qr rd ra] err:[<nil>] duration:[80.875168ms]
2025/05/21 05:37:32 worker:[0] reqid:[35113] qname:[x.com.] qtype:[A] respid:[35113] rcode:[NOERROR] respflags:[qr rd ra] err:[<nil>] duration:[285.947046ms]
2025/05/21 05:37:32 worker:[0] reqid:[25666] qname:[amazon.com.] qtype:[A] respid:[25666] rcode:[NOERROR] respflags:[qr rd ra] err:[<nil>] duration:[77.885665ms]
2025/05/21 05:37:32 worker:[0] reqid:[19338] qname:[tiktok.com.] qtype:[A] respid:[19338] rcode:[NOERROR] respflags:[qr rd ra] err:[<nil>] duration:[77.301694ms]
2025/05/21 05:37:32 worker:[0] reqid:[53072] qname:[whatsapp.com.] qtype:[A] respid:[53072] rcode:[NOERROR] respflags:[qr rd ra] err:[<nil>] duration:[82.107416ms]
2025/05/21 05:37:32 worker:[0] reqid:[44352] qname:[yahoo.com.] qtype:[A] respid:[44352] rcode:[NOERROR] respflags:[qr rd ra] err:[<nil>] duration:[80.436873ms]
2025/05/21 05:37:32 worker:[0] reqid:[8353] qname:[google.com.] qtype:[A] respid:[8353] rcode:[NOERROR] respflags:[qr rd ra] err:[<nil>] duration:[79.385316ms]
2025/05/21 05:37:32 worker:[0] reqid:[8698] qname:[googleusercontent.com.] qtype:[A] respid:[8698] rcode:[NOERROR] respflags:[qr rd ra] err:[<nil>] duration:[77.190914ms]
2025/05/21 05:37:32 worker:[0] reqid:[17542] qname:[facebook.com.] qtype:[A] respid:[17542] rcode:[NOERROR] respflags:[qr rd ra] err:[<nil>] duration:[76.601282ms]
2025/05/21 05:37:32 worker:[0] reqid:[7829] qname:[instagram.com.] qtype:[A] respid:[7829] rcode:[NOERROR] respflags:[qr rd ra] err:[<nil>] duration:[76.931253ms]
2025/05/21 05:37:32 worker:[0] reqid:[448] qname:[wikipedia.org.] qtype:[A] respid:[448] rcode:[NOERROR] respflags:[qr rd ra] err:[<nil>] duration:[77.919165ms]
2025/05/21 05:37:33 worker:[0] reqid:[14555] qname:[x.com.] qtype:[A] respid:[14555] rcode:[NOERROR] respflags:[qr rd ra] err:[<nil>] duration:[78.960393ms]
2025/05/21 05:37:33 worker:[0] reqid:[25178] qname:[amazon.com.] qtype:[A] respid:[25178] rcode:[NOERROR] respflags:[qr rd ra] err:[<nil>] duration:[76.964994ms]
2025/05/21 05:37:33 worker:[0] reqid:[764] qname:[tiktok.com.] qtype:[A] respid:[764] rcode:[NOERROR] respflags:[qr rd ra] err:[<nil>] duration:[79.452578ms]
2025/05/21 05:37:33 worker:[0] reqid:[37867] qname:[whatsapp.com.] qtype:[A] respid:[37867] rcode:[NOERROR] respflags:[qr rd ra] err:[<nil>] duration:[77.974275ms]
2025/05/21 05:37:33 worker:[0] reqid:[238] qname:[yahoo.com.] qtype:[A] respid:[238] rcode:[NOERROR] respflags:[qr rd ra] err:[<nil>] duration:[281.847637ms]
2025/05/21 05:37:33 worker:[0] reqid:[51980] qname:[google.com.] qtype:[A] respid:[51980] rcode:[NOERROR] respflags:[qr rd ra] err:[<nil>] duration:[77.85952ms]
2025/05/21 05:37:33 worker:[0] reqid:[63491] qname:[googleusercontent.com.] qtype:[A] respid:[63491] rcode:[NOERROR] respflags:[qr rd ra] err:[<nil>] duration:[77.409183ms]
2025/05/21 05:37:33 worker:[0] reqid:[26604] qname:[facebook.com.] qtype:[A] respid:[26604] rcode:[NOERROR] respflags:[qr rd ra] err:[<nil>] duration:[76.901049ms]
2025/05/21 05:37:33 worker:[0] reqid:[60485] qname:[instagram.com.] qtype:[A] respid:[60485] rcode:[NOERROR] respflags:[qr rd ra] err:[<nil>] duration:[76.798146ms]
2025/05/21 05:37:33 worker:[0] reqid:[1493] qname:[wikipedia.org.] qtype:[A] respid:[1493] rcode:[NOERROR] respflags:[qr rd ra] err:[<nil>] duration:[76.257079ms]
2025/05/21 05:37:34 worker:[0] reqid:[36563] qname:[x.com.] qtype:[A] respid:[36563] rcode:[NOERROR] respflags:[qr rd ra] err:[<nil>] duration:[78.341734ms]
2025/05/21 05:37:34 worker:[0] reqid:[51385] qname:[amazon.com.] qtype:[A] respid:[51385] rcode:[NOERROR] respflags:[qr rd ra] err:[<nil>] duration:[77.98544ms]
2025/05/21 05:37:34 worker:[0] reqid:[51724] qname:[tiktok.com.] qtype:[A] respid:[51724] rcode:[NOERROR] respflags:[qr rd ra] err:[<nil>] duration:[77.014481ms]
2025/05/21 05:37:34 worker:[0] reqid:[50166] qname:[whatsapp.com.] qtype:[A] respid:[50166] rcode:[NOERROR] respflags:[qr rd ra] err:[<nil>] duration:[78.459934ms]
2025/05/21 05:37:34 worker:[0] reqid:[45268] qname:[yahoo.com.] qtype:[A] respid:[45268] rcode:[NOERROR] respflags:[qr rd ra] err:[<nil>] duration:[77.333928ms]
2025/05/21 05:37:34 worker:[0] reqid:[8127] qname:[google.com.] qtype:[A] respid:[8127] rcode:[NOERROR] respflags:[qr rd ra] err:[<nil>] duration:[76.789995ms]
2025/05/21 05:37:34 worker:[0] reqid:[20682] qname:[googleusercontent.com.] qtype:[A] respid:[20682] rcode:[NOERROR] respflags:[qr rd ra] err:[<nil>] duration:[77.977195ms]
2025/05/21 05:37:34 worker:[0] reqid:[5980] qname:[facebook.com.] qtype:[A] respid:[5980] rcode:[NOERROR] respflags:[qr rd ra] err:[<nil>] duration:[77.269922ms]
2025/05/21 05:37:34 worker:[0] reqid:[2033] qname:[instagram.com.] qtype:[A] respid:[2033] rcode:[NOERROR] respflags:[qr rd ra] err:[<nil>] duration:[78.137397ms]
2025/05/21 05:37:34 worker:[0] reqid:[37494] qname:[wikipedia.org.] qtype:[A] respid:[37494] rcode:[NOERROR] respflags:[qr rd ra] err:[<nil>] duration:[77.027028ms]
2025/05/21 05:37:34 worker:[0] reqid:[33298] qname:[x.com.] qtype:[A] respid:[33298] rcode:[NOERROR] respflags:[qr rd ra] err:[<nil>] duration:[76.885528ms]
2025/05/21 05:37:34 worker:[0] reqid:[7166] qname:[amazon.com.] qtype:[A] respid:[7166] rcode:[NOERROR] respflags:[qr rd ra] err:[<nil>] duration:[78.463158ms]
2025/05/21 05:37:34 worker:[0] reqid:[32720] qname:[tiktok.com.] qtype:[A] respid:[32720] rcode:[NOERROR] respflags:[qr rd ra] err:[<nil>] duration:[77.071832ms]
2025/05/21 05:37:35 worker:[0] reqid:[25251] qname:[whatsapp.com.] qtype:[A] respid:[25251] rcode:[NOERROR] respflags:[qr rd ra] err:[<nil>] duration:[82.789448ms]
2025/05/21 05:37:35 worker:[0] reqid:[36778] qname:[yahoo.com.] qtype:[A] respid:[36778] rcode:[NOERROR] respflags:[qr rd ra] err:[<nil>] duration:[80.997597ms]
2025/05/21 05:37:35 worker:[0] reqid:[40860] qname:[google.com.] qtype:[A] respid:[40860] rcode:[NOERROR] respflags:[qr rd ra] err:[<nil>] duration:[77.42761ms]
2025/05/21 05:37:35 worker:[0] reqid:[1725] qname:[googleusercontent.com.] qtype:[A] respid:[1725] rcode:[NOERROR] respflags:[qr rd ra] err:[<nil>] duration:[76.799481ms]
2025/05/21 05:37:35 worker:[0] reqid:[434] qname:[facebook.com.] qtype:[A] respid:[434] rcode:[NOERROR] respflags:[qr rd ra] err:[<nil>] duration:[77.296558ms]
2025/05/21 05:37:35 worker:[0] reqid:[17705] qname:[instagram.com.] qtype:[A] respid:[17705] rcode:[NOERROR] respflags:[qr rd ra] err:[<nil>] duration:[281.831308ms]
2025/05/21 05:37:36 worker:[0] reqid:[18505] qname:[wikipedia.org.] qtype:[A] respid:[18505] rcode:[NOERROR] respflags:[qr rd ra] err:[<nil>] duration:[506.340143ms]
2025/05/21 05:37:36 worker:[0] reqid:[20304] qname:[x.com.] qtype:[A] respid:[20304] rcode:[NOERROR] respflags:[qr rd ra] err:[<nil>] duration:[89.356734ms]
2025/05/21 05:37:36 worker:[0] reqid:[29505] qname:[amazon.com.] qtype:[A] respid:[29505] rcode:[NOERROR] respflags:[qr rd ra] err:[<nil>] duration:[108.51091ms]
2025/05/21 05:37:36 worker:[0] reqid:[19849] qname:[tiktok.com.] qtype:[A] respid:[19849] rcode:[NOERROR] respflags:[qr rd ra] err:[<nil>] duration:[123.626028ms]
2025/05/21 05:37:36 worker:[0] reqid:[10624] qname:[whatsapp.com.] qtype:[A] respid:[10624] rcode:[NOERROR] respflags:[qr rd ra] err:[<nil>] duration:[87.37951ms]
2025/05/21 05:37:36 worker:[0] reqid:[59502] qname:[yahoo.com.] qtype:[A] respid:[59502] rcode:[NOERROR] respflags:[qr rd ra] err:[<nil>] duration:[83.124011ms]
2025/05/21 05:37:36 worker:[0] reqid:[370] qname:[google.com.] qtype:[A] respid:[370] rcode:[NOERROR] respflags:[qr rd ra] err:[<nil>] duration:[79.161353ms]
2025/05/21 05:37:36 worker:[0] reqid:[23181] qname:[googleusercontent.com.] qtype:[A] respid:[23181] rcode:[NOERROR] respflags:[qr rd ra] err:[<nil>] duration:[285.585125ms]
2025/05/21 05:37:37 worker:[0] reqid:[6703] qname:[facebook.com.] qtype:[A] respid:[6703] rcode:[NOERROR] respflags:[qr rd ra] err:[<nil>] duration:[78.179135ms]
2025/05/21 05:37:37 worker:[0] reqid:[25337] qname:[instagram.com.] qtype:[A] respid:[25337] rcode:[NOERROR] respflags:[qr rd ra] err:[<nil>] duration:[81.571222ms]
2025/05/21 05:37:37 worker:[0] reqid:[25983] qname:[wikipedia.org.] qtype:[A] respid:[25983] rcode:[NOERROR] respflags:[qr rd ra] err:[<nil>] duration:[77.043201ms]
2025/05/21 05:37:37 worker:[0] reqid:[25207] qname:[x.com.] qtype:[A] respid:[25207] rcode:[NOERROR] respflags:[qr rd ra] err:[<nil>] duration:[77.882449ms]
2025/05/21 05:37:37 worker:[0] reqid:[7973] qname:[amazon.com.] qtype:[A] respid:[7973] rcode:[NOERROR] respflags:[qr rd ra] err:[<nil>] duration:[78.071548ms]
2025/05/21 05:37:37 worker:[0] reqid:[22310] qname:[tiktok.com.] qtype:[A] respid:[22310] rcode:[NOERROR] respflags:[qr rd ra] err:[<nil>] duration:[76.538027ms]
2025/05/21 05:37:37 worker:[0] reqid:[54151] qname:[whatsapp.com.] qtype:[A] respid:[54151] rcode:[NOERROR] respflags:[qr rd ra] err:[<nil>] duration:[77.055567ms]
2025/05/21 05:37:37 worker:[0] reqid:[32952] qname:[yahoo.com.] qtype:[A] respid:[32952] rcode:[NOERROR] respflags:[qr rd ra] err:[<nil>] duration:[79.271339ms]
2025/05/21 05:37:37 worker:[0] reqid:[28805] qname:[google.com.] qtype:[A] respid:[28805] rcode:[NOERROR] respflags:[qr rd ra] err:[<nil>] duration:[76.437011ms]
2025/05/21 05:37:37 worker:[0] reqid:[48473] qname:[googleusercontent.com.] qtype:[A] respid:[48473] rcode:[NOERROR] respflags:[qr rd ra] err:[<nil>] duration:[82.410837ms]
2025/05/21 05:37:37 worker:[0] reqid:[5089] qname:[facebook.com.] qtype:[A] respid:[5089] rcode:[NOERROR] respflags:[qr rd ra] err:[<nil>] duration:[77.901ms]
2025/05/21 05:37:37 worker:[0] reqid:[27227] qname:[instagram.com.] qtype:[A] respid:[27227] rcode:[NOERROR] respflags:[qr rd ra] err:[<nil>] duration:[77.383815ms]
2025/05/21 05:37:38 worker:[0] reqid:[25288] qname:[wikipedia.org.] qtype:[A] respid:[25288] rcode:[NOERROR] respflags:[qr rd ra] err:[<nil>] duration:[78.909709ms]
2025/05/21 05:37:38 worker:[0] reqid:[11903] qname:[x.com.] qtype:[A] respid:[11903] rcode:[NOERROR] respflags:[qr rd ra] err:[<nil>] duration:[89.602706ms]
2025/05/21 05:37:38 worker:[0] reqid:[16303] qname:[amazon.com.] qtype:[A] respid:[16303] rcode:[NOERROR] respflags:[qr rd ra] err:[<nil>] duration:[77.250674ms]
2025/05/21 05:37:38 worker:[0] reqid:[21079] qname:[tiktok.com.] qtype:[A] respid:[21079] rcode:[NOERROR] respflags:[qr rd ra] err:[<nil>] duration:[77.227094ms]
2025/05/21 05:37:38 worker:[0] reqid:[20344] qname:[whatsapp.com.] qtype:[A] respid:[20344] rcode:[NOERROR] respflags:[qr rd ra] err:[<nil>] duration:[76.71694ms]
2025/05/21 05:37:38 worker:[0] reqid:[55072] qname:[yahoo.com.] qtype:[A] respid:[55072] rcode:[NOERROR] respflags:[qr rd ra] err:[<nil>] duration:[82.776647ms]
2025/05/21 05:37:38 worker:[0] reqid:[36143] qname:[google.com.] qtype:[A] respid:[36143] rcode:[NOERROR] respflags:[qr rd ra] err:[<nil>] duration:[76.400495ms]
2025/05/21 05:37:38 worker:[0] reqid:[3368] qname:[googleusercontent.com.] qtype:[A] respid:[3368] rcode:[NOERROR] respflags:[qr rd ra] err:[<nil>] duration:[76.749204ms]
2025/05/21 05:37:38 worker:[0] reqid:[12631] qname:[facebook.com.] qtype:[A] respid:[12631] rcode:[NOERROR] respflags:[qr rd ra] err:[<nil>] duration:[285.0957ms]
2025/05/21 05:37:38 worker:[0] reqid:[50612] qname:[instagram.com.] qtype:[A] respid:[50612] rcode:[NOERROR] respflags:[qr rd ra] err:[<nil>] duration:[77.251774ms]
2025/05/21 05:37:39 worker:[0] reqid:[29073] qname:[wikipedia.org.] qtype:[A] respid:[29073] rcode:[NOERROR] respflags:[qr rd ra] err:[<nil>] duration:[76.951568ms]
2025/05/21 05:37:39 worker:[0] reqid:[63751] qname:[x.com.] qtype:[A] respid:[63751] rcode:[NOERROR] respflags:[qr rd ra] err:[<nil>] duration:[77.342376ms]
2025/05/21 05:37:39 worker:[0] reqid:[31863] qname:[amazon.com.] qtype:[A] respid:[31863] rcode:[NOERROR] respflags:[qr rd ra] err:[<nil>] duration:[75.955169ms]
2025/05/21 05:37:39 worker:[0] reqid:[32340] qname:[tiktok.com.] qtype:[A] respid:[32340] rcode:[NOERROR] respflags:[qr rd ra] err:[<nil>] duration:[78.832399ms]
2025/05/21 05:37:39 worker:[0] reqid:[63371] qname:[whatsapp.com.] qtype:[A] respid:[63371] rcode:[NOERROR] respflags:[qr rd ra] err:[<nil>] duration:[77.789837ms]
2025/05/21 05:37:39 worker:[0] reqid:[30489] qname:[yahoo.com.] qtype:[A] respid:[30489] rcode:[NOERROR] respflags:[qr rd ra] err:[<nil>] duration:[77.14208ms]
2025/05/21 05:37:39 worker:[0] reqid:[11659] qname:[google.com.] qtype:[A] respid:[11659] rcode:[NOERROR] respflags:[qr rd ra] err:[<nil>] duration:[78.404586ms]
2025/05/21 05:37:39 worker:[0] reqid:[23014] qname:[googleusercontent.com.] qtype:[A] respid:[23014] rcode:[NOERROR] respflags:[qr rd ra] err:[<nil>] duration:[82.166048ms]
2025/05/21 05:37:39 worker:[0] reqid:[14048] qname:[facebook.com.] qtype:[A] respid:[14048] rcode:[NOERROR] respflags:[qr rd ra] err:[<nil>] duration:[76.773518ms]
2025/05/21 05:37:39 worker:[0] reqid:[19633] qname:[instagram.com.] qtype:[A] respid:[19633] rcode:[NOERROR] respflags:[qr rd ra] err:[<nil>] duration:[76.892994ms]
2025/05/21 05:37:39 worker:[0] reqid:[51738] qname:[wikipedia.org.] qtype:[A] respid:[51738] rcode:[NOERROR] respflags:[qr rd ra] err:[<nil>] duration:[77.462235ms]
2025/05/21 05:37:39 worker:[0] reqid:[36584] qname:[x.com.] qtype:[A] respid:[36584] rcode:[NOERROR] respflags:[qr rd ra] err:[<nil>] duration:[77.153504ms]
2025/05/21 05:37:39 worker:[0] reqid:[53252] qname:[amazon.com.] qtype:[A] respid:[53252] rcode:[NOERROR] respflags:[qr rd ra] err:[<nil>] duration:[77.09387ms]
2025/05/21 05:37:40 worker:[0] reqid:[3065] qname:[tiktok.com.] qtype:[A] respid:[3065] rcode:[NOERROR] respflags:[qr rd ra] err:[<nil>] duration:[76.658462ms]
2025/05/21 05:37:40 worker:[0] reqid:[22390] qname:[whatsapp.com.] qtype:[A] respid:[22390] rcode:[NOERROR] respflags:[qr rd ra] err:[<nil>] duration:[78.192124ms]
2025/05/21 05:37:40 worker:[0] reqid:[36723] qname:[yahoo.com.] qtype:[A] respid:[36723] rcode:[NOERROR] respflags:[qr rd ra] err:[<nil>] duration:[77.574272ms]
2025/05/21 05:37:40 worker:[0] reqid:[51476] qname:[google.com.] qtype:[A] respid:[51476] rcode:[NOERROR] respflags:[qr rd ra] err:[<nil>] duration:[77.670382ms]
2025/05/21 05:37:40 worker:[0] reqid:[39571] qname:[googleusercontent.com.] qtype:[A] respid:[39571] rcode:[NOERROR] respflags:[qr rd ra] err:[<nil>] duration:[75.542087ms]
2025/05/21 05:37:40 worker:[0] reqid:[20563] qname:[facebook.com.] qtype:[A] respid:[20563] rcode:[NOERROR] respflags:[qr rd ra] err:[<nil>] duration:[287.230458ms]
2025/05/21 05:37:40 worker:[0] reqid:[62995] qname:[instagram.com.] qtype:[A] respid:[62995] rcode:[NOERROR] respflags:[qr rd ra] err:[<nil>] duration:[76.919472ms]
2025/05/21 05:37:40 worker:[0] reqid:[21130] qname:[wikipedia.org.] qtype:[A] respid:[21130] rcode:[NOERROR] respflags:[qr rd ra] err:[<nil>] duration:[76.694402ms]
2025/05/21 05:37:40 worker:[0] reqid:[15592] qname:[x.com.] qtype:[A] respid:[15592] rcode:[NOERROR] respflags:[qr rd ra] err:[<nil>] duration:[76.862474ms]
2025/05/21 05:37:40 worker:[0] reqid:[39978] qname:[amazon.com.] qtype:[A] respid:[39978] rcode:[NOERROR] respflags:[qr rd ra] err:[<nil>] duration:[79.854756ms]
2025/05/21 05:37:41 worker:[0] reqid:[49495] qname:[tiktok.com.] qtype:[A] respid:[49495] rcode:[NOERROR] respflags:[qr rd ra] err:[<nil>] duration:[285.328465ms]
2025/05/21 05:37:41 worker:[0] reqid:[42938] qname:[whatsapp.com.] qtype:[A] respid:[42938] rcode:[NOERROR] respflags:[qr rd ra] err:[<nil>] duration:[76.635754ms]
2025/05/21 05:37:41 worker:[0] reqid:[21439] qname:[yahoo.com.] qtype:[A] respid:[21439] rcode:[NOERROR] respflags:[qr rd ra] err:[<nil>] duration:[77.542465ms]
2025/05/21 05:37:41 worker:[0] reqid:[59969] qname:[google.com.] qtype:[A] respid:[59969] rcode:[NOERROR] respflags:[qr rd ra] err:[<nil>] duration:[77.121092ms]
2025/05/21 05:37:41 worker:[0] reqid:[20738] qname:[googleusercontent.com.] qtype:[A] respid:[20738] rcode:[NOERROR] respflags:[qr rd ra] err:[<nil>] duration:[284.626558ms]
2025/05/21 05:37:41 worker:[0] reqid:[15792] qname:[facebook.com.] qtype:[A] respid:[15792] rcode:[NOERROR] respflags:[qr rd ra] err:[<nil>] duration:[76.622925ms]
2025/05/21 05:37:41 worker:[0] reqid:[34625] qname:[instagram.com.] qtype:[A] respid:[34625] rcode:[NOERROR] respflags:[qr rd ra] err:[<nil>] duration:[77.250352ms]
2025/05/21 05:37:41 worker:[0] reqid:[7197] qname:[wikipedia.org.] qtype:[A] respid:[7197] rcode:[NOERROR] respflags:[qr rd ra] err:[<nil>] duration:[81.614604ms]
2025/05/21 05:37:42 worker:[0] reqid:[57828] qname:[x.com.] qtype:[A] respid:[57828] rcode:[NOERROR] respflags:[qr rd ra] err:[<nil>] duration:[79.979996ms]
2025/05/21 05:37:42 worker:[0] reqid:[48362] qname:[amazon.com.] qtype:[A] respid:[48362] rcode:[NOERROR] respflags:[qr rd ra] err:[<nil>] duration:[77.079043ms]
2025/05/21 05:37:42 worker:[0] reqid:[45580] qname:[tiktok.com.] qtype:[A] respid:[45580] rcode:[NOERROR] respflags:[qr rd ra] err:[<nil>] duration:[78.208403ms]
2025/05/21 05:37:42 worker:[0] reqid:[60663] qname:[whatsapp.com.] qtype:[A] respid:[60663] rcode:[NOERROR] respflags:[qr rd ra] err:[<nil>] duration:[77.991062ms]
2025/05/21 05:37:42 worker:[0] reqid:[17268] qname:[yahoo.com.] qtype:[A] respid:[17268] rcode:[NOERROR] respflags:[qr rd ra] err:[<nil>] duration:[76.463542ms]
2025/05/21 05:37:42 worker:[0] reqid:[26936] qname:[google.com.] qtype:[A] respid:[26936] rcode:[NOERROR] respflags:[qr rd ra] err:[<nil>] duration:[76.888794ms]
2025/05/21 05:37:42 worker:[0] reqid:[42736] qname:[googleusercontent.com.] qtype:[A] respid:[42736] rcode:[NOERROR] respflags:[qr rd ra] err:[<nil>] duration:[76.279287ms]
2025/05/21 05:37:42 worker:[0] reqid:[58754] qname:[facebook.com.] qtype:[A] respid:[58754] rcode:[NOERROR] respflags:[qr rd ra] err:[<nil>] duration:[79.396854ms]
2025/05/21 05:37:42 worker:[0] reqid:[32708] qname:[instagram.com.] qtype:[A] respid:[32708] rcode:[NOERROR] respflags:[qr rd ra] err:[<nil>] duration:[77.109136ms]
2025/05/21 05:37:42 worker:[0] reqid:[62989] qname:[wikipedia.org.] qtype:[A] respid:[62989] rcode:[NOERROR] respflags:[qr rd ra] err:[<nil>] duration:[76.589346ms]
2025/05/21 05:37:42 worker:[0] reqid:[46958] qname:[x.com.] qtype:[A] respid:[46958] rcode:[NOERROR] respflags:[qr rd ra] err:[<nil>] duration:[77.494395ms]
2025/05/21 05:37:42 worker:[0] reqid:[2085] qname:[amazon.com.] qtype:[A] respid:[2085] rcode:[NOERROR] respflags:[qr rd ra] err:[<nil>] duration:[76.565341ms]
2025/05/21 05:37:42 worker:[0] reqid:[3477] qname:[tiktok.com.] qtype:[A] respid:[3477] rcode:[NOERROR] respflags:[qr rd ra] err:[<nil>] duration:[76.396682ms]
2025/05/21 05:37:43 worker:[0] reqid:[64147] qname:[whatsapp.com.] qtype:[A] respid:[64147] rcode:[NOERROR] respflags:[qr rd ra] err:[<nil>] duration:[281.798639ms]
2025/05/21 05:37:43 worker:[0] reqid:[31045] qname:[yahoo.com.] qtype:[A] respid:[31045] rcode:[NOERROR] respflags:[qr rd ra] err:[<nil>] duration:[78.158199ms]
2025/05/21 05:37:43 worker:[0] reqid:[13709] qname:[google.com.] qtype:[A] respid:[13709] rcode:[NOERROR] respflags:[qr rd ra] err:[<nil>] duration:[79.88945ms]
2025/05/21 05:37:43 worker:[0] reqid:[21692] qname:[googleusercontent.com.] qtype:[A] respid:[21692] rcode:[NOERROR] respflags:[qr rd ra] err:[<nil>] duration:[77.937687ms]
2025/05/21 05:37:43 worker:[0] reqid:[43366] qname:[facebook.com.] qtype:[A] respid:[43366] rcode:[NOERROR] respflags:[qr rd ra] err:[<nil>] duration:[76.70355ms]
2025/05/21 05:37:43 worker:[0] reqid:[60053] qname:[instagram.com.] qtype:[A] respid:[60053] rcode:[NOERROR] respflags:[qr rd ra] err:[<nil>] duration:[76.897349ms]
2025/05/21 05:37:43 worker:[0] reqid:[23562] qname:[wikipedia.org.] qtype:[A] respid:[23562] rcode:[NOERROR] respflags:[qr rd ra] err:[<nil>] duration:[76.480571ms]
2025/05/21 05:37:43 worker:[0] reqid:[24930] qname:[x.com.] qtype:[A] respid:[24930] rcode:[NOERROR] respflags:[qr rd ra] err:[<nil>] duration:[76.993111ms]
2025/05/21 05:37:43 worker:[0] reqid:[65387] qname:[amazon.com.] qtype:[A] respid:[65387] rcode:[NOERROR] respflags:[qr rd ra] err:[<nil>] duration:[77.000272ms]
2025/05/21 05:37:43 worker:[0] reqid:[13799] qname:[tiktok.com.] qtype:[A] respid:[13799] rcode:[NOERROR] respflags:[qr rd ra] err:[<nil>] duration:[76.583969ms]
2025/05/21 05:37:44 worker:[0] reqid:[33358] qname:[whatsapp.com.] qtype:[A] respid:[33358] rcode:[NOERROR] respflags:[qr rd ra] err:[<nil>] duration:[76.684928ms]
2025/05/21 05:37:44 worker:[0] reqid:[39477] qname:[yahoo.com.] qtype:[A] respid:[39477] rcode:[NOERROR] respflags:[qr rd ra] err:[<nil>] duration:[76.414048ms]
2025/05/21 05:37:44 worker:[0] reqid:[64156] qname:[google.com.] qtype:[A] respid:[64156] rcode:[NOERROR] respflags:[qr rd ra] err:[<nil>] duration:[77.733379ms]
2025/05/21 05:37:44 worker:[0] reqid:[2152] qname:[googleusercontent.com.] qtype:[A] respid:[2152] rcode:[NOERROR] respflags:[qr rd ra] err:[<nil>] duration:[76.478073ms]
2025/05/21 05:37:44 worker:[0] reqid:[16698] qname:[facebook.com.] qtype:[A] respid:[16698] rcode:[NOERROR] respflags:[qr rd ra] err:[<nil>] duration:[78.401855ms]
2025/05/21 05:37:44 worker:[0] reqid:[13969] qname:[instagram.com.] qtype:[A] respid:[13969] rcode:[NOERROR] respflags:[qr rd ra] err:[<nil>] duration:[76.753449ms]
2025/05/21 05:37:44 worker:[0] reqid:[11032] qname:[wikipedia.org.] qtype:[A] respid:[11032] rcode:[NOERROR] respflags:[qr rd ra] err:[<nil>] duration:[76.623838ms]
2025/05/21 05:37:44 worker:[0] reqid:[46888] qname:[x.com.] qtype:[A] respid:[46888] rcode:[NOERROR] respflags:[qr rd ra] err:[<nil>] duration:[76.425267ms]
2025/05/21 05:37:44 worker:[0] reqid:[59768] qname:[amazon.com.] qtype:[A] respid:[59768] rcode:[NOERROR] respflags:[qr rd ra] err:[<nil>] duration:[77.675047ms]
2025/05/21 05:37:44 worker:[0] reqid:[56185] qname:[tiktok.com.] qtype:[A] respid:[56185] rcode:[NOERROR] respflags:[qr rd ra] err:[<nil>] duration:[77.025783ms]
2025/05/21 05:37:44 worker:[0] reqid:[20986] qname:[whatsapp.com.] qtype:[A] respid:[20986] rcode:[NOERROR] respflags:[qr rd ra] err:[<nil>] duration:[76.257262ms]
2025/05/21 05:37:44 worker:[0] reqid:[62139] qname:[yahoo.com.] qtype:[A] respid:[62139] rcode:[NOERROR] respflags:[qr rd ra] err:[<nil>] duration:[76.466256ms]
2025/05/21 05:37:44 worker:[0] reqid:[27324] qname:[google.com.] qtype:[A] respid:[27324] rcode:[NOERROR] respflags:[qr rd ra] err:[<nil>] duration:[76.900751ms]
2025/05/21 05:37:45 worker:[0] reqid:[9774] qname:[googleusercontent.com.] qtype:[A] respid:[9774] rcode:[NOERROR] respflags:[qr rd ra] err:[<nil>] duration:[76.329286ms]
2025/05/21 05:37:45 worker:[0] reqid:[30172] qname:[facebook.com.] qtype:[A] respid:[30172] rcode:[NOERROR] respflags:[qr rd ra] err:[<nil>] duration:[78.083928ms]
2025/05/21 05:37:45 worker:[0] reqid:[36522] qname:[instagram.com.] qtype:[A] respid:[36522] rcode:[NOERROR] respflags:[qr rd ra] err:[<nil>] duration:[76.999935ms]
2025/05/21 05:37:45 worker:[0] reqid:[46719] qname:[wikipedia.org.] qtype:[A] respid:[46719] rcode:[NOERROR] respflags:[qr rd ra] err:[<nil>] duration:[76.460054ms]
2025/05/21 05:37:45 worker:[0] reqid:[15059] qname:[x.com.] qtype:[A] respid:[15059] rcode:[NOERROR] respflags:[qr rd ra] err:[<nil>] duration:[77.164199ms]
2025/05/21 05:37:45 worker:[0] reqid:[7752] qname:[amazon.com.] qtype:[A] respid:[7752] rcode:[NOERROR] respflags:[qr rd ra] err:[<nil>] duration:[77.389189ms]
2025/05/21 05:37:45 worker:[0] reqid:[37088] qname:[tiktok.com.] qtype:[A] respid:[37088] rcode:[NOERROR] respflags:[qr rd ra] err:[<nil>] duration:[345.711474ms]
2025/05/21 05:37:46 worker:[0] reqid:[1168] qname:[whatsapp.com.] qtype:[A] respid:[1168] rcode:[NOERROR] respflags:[qr rd ra] err:[<nil>] duration:[276.078541ms]
2025/05/21 05:37:46 worker:[0] reqid:[16961] qname:[yahoo.com.] qtype:[A] respid:[16961] rcode:[NOERROR] respflags:[qr rd ra] err:[<nil>] duration:[80.339711ms]
2025/05/21 05:37:46 worker:[0] reqid:[59415] qname:[google.com.] qtype:[A] respid:[59415] rcode:[NOERROR] respflags:[qr rd ra] err:[<nil>] duration:[76.919852ms]
2025/05/21 05:37:46 worker:[0] reqid:[3560] qname:[googleusercontent.com.] qtype:[A] respid:[3560] rcode:[NOERROR] respflags:[qr rd ra] err:[<nil>] duration:[76.579309ms]
2025/05/21 05:37:46 worker:[0] reqid:[4662] qname:[facebook.com.] qtype:[A] respid:[4662] rcode:[NOERROR] respflags:[qr rd ra] err:[<nil>] duration:[75.942147ms]
2025/05/21 05:37:46 worker:[0] reqid:[34424] qname:[instagram.com.] qtype:[A] respid:[34424] rcode:[NOERROR] respflags:[qr rd ra] err:[<nil>] duration:[77.667709ms]
2025/05/21 05:37:46 worker:[0] reqid:[52494] qname:[wikipedia.org.] qtype:[A] respid:[52494] rcode:[NOERROR] respflags:[qr rd ra] err:[<nil>] duration:[283.363499ms]
2025/05/21 05:37:46 worker:[0] reqid:[28773] qname:[x.com.] qtype:[A] respid:[28773] rcode:[NOERROR] respflags:[qr rd ra] err:[<nil>] duration:[78.567798ms]
2025/05/21 05:37:46 worker:[0] reqid:[18738] qname:[amazon.com.] qtype:[A] respid:[18738] rcode:[NOERROR] respflags:[qr rd ra] err:[<nil>] duration:[77.327486ms]
2025/05/21 05:37:46 worker:[0] reqid:[27476] qname:[tiktok.com.] qtype:[A] respid:[27476] rcode:[NOERROR] respflags:[qr rd ra] err:[<nil>] duration:[76.50225ms]
2025/05/21 05:37:47 worker:[0] reqid:[46169] qname:[whatsapp.com.] qtype:[A] respid:[46169] rcode:[NOERROR] respflags:[qr rd ra] err:[<nil>] duration:[76.420289ms]
2025/05/21 05:37:47 worker:[0] reqid:[6022] qname:[yahoo.com.] qtype:[A] respid:[6022] rcode:[NOERROR] respflags:[qr rd ra] err:[<nil>] duration:[78.398427ms]
2025/05/21 05:37:47 worker:[0] reqid:[4426] qname:[google.com.] qtype:[A] respid:[4426] rcode:[NOERROR] respflags:[qr rd ra] err:[<nil>] duration:[77.48011ms]
2025/05/21 05:37:47 worker:[0] reqid:[22781] qname:[googleusercontent.com.] qtype:[A] respid:[22781] rcode:[NOERROR] respflags:[qr rd ra] err:[<nil>] duration:[77.502161ms]
2025/05/21 05:37:47 worker:[0] reqid:[62157] qname:[facebook.com.] qtype:[A] respid:[62157] rcode:[NOERROR] respflags:[qr rd ra] err:[<nil>] duration:[77.026474ms]
2025/05/21 05:37:47 worker:[0] reqid:[38593] qname:[instagram.com.] qtype:[A] respid:[38593] rcode:[NOERROR] respflags:[qr rd ra] err:[<nil>] duration:[78.300875ms]
2025/05/21 05:37:47 worker:[0] reqid:[56643] qname:[wikipedia.org.] qtype:[A] respid:[56643] rcode:[NOERROR] respflags:[qr rd ra] err:[<nil>] duration:[76.76432ms]
2025/05/21 05:37:47 worker:[0] reqid:[49213] qname:[x.com.] qtype:[A] respid:[49213] rcode:[NOERROR] respflags:[qr rd ra] err:[<nil>] duration:[79.206803ms]
2025/05/21 05:37:47 worker:[0] reqid:[57964] qname:[amazon.com.] qtype:[A] respid:[57964] rcode:[NOERROR] respflags:[qr rd ra] err:[<nil>] duration:[77.254719ms]
2025/05/21 05:37:47 worker:[0] reqid:[12595] qname:[tiktok.com.] qtype:[A] respid:[12595] rcode:[NOERROR] respflags:[qr rd ra] err:[<nil>] duration:[76.984505ms]
2025/05/21 05:37:47 worker:[0] reqid:[2248] qname:[whatsapp.com.] qtype:[A] respid:[2248] rcode:[NOERROR] respflags:[qr rd ra] err:[<nil>] duration:[77.226216ms]
2025/05/21 05:37:47 worker:[0] reqid:[14283] qname:[yahoo.com.] qtype:[A] respid:[14283] rcode:[NOERROR] respflags:[qr rd ra] err:[<nil>] duration:[76.55154ms]
2025/05/21 05:37:47 worker:[0] reqid:[27151] qname:[google.com.] qtype:[A] respid:[27151] rcode:[NOERROR] respflags:[qr rd ra] err:[<nil>] duration:[76.725455ms]
2025/05/21 05:37:48 worker:[0] reqid:[37834] qname:[googleusercontent.com.] qtype:[A] respid:[37834] rcode:[NOERROR] respflags:[qr rd ra] err:[<nil>] duration:[76.871514ms]
2025/05/21 05:37:48 worker:[0] reqid:[46720] qname:[facebook.com.] qtype:[A] respid:[46720] rcode:[NOERROR] respflags:[qr rd ra] err:[<nil>] duration:[77.961742ms]
2025/05/21 05:37:48 worker:[0] reqid:[50662] qname:[instagram.com.] qtype:[A] respid:[50662] rcode:[NOERROR] respflags:[qr rd ra] err:[<nil>] duration:[77.781963ms]
2025/05/21 05:37:48 worker:[0] reqid:[35723] qname:[wikipedia.org.] qtype:[A] respid:[35723] rcode:[NOERROR] respflags:[qr rd ra] err:[<nil>] duration:[79.547443ms]
2025/05/21 05:37:48 worker:[0] reqid:[48153] qname:[x.com.] qtype:[A] respid:[48153] rcode:[NOERROR] respflags:[qr rd ra] err:[<nil>] duration:[77.849335ms]
2025/05/21 05:37:48 worker:[0] reqid:[53888] qname:[amazon.com.] qtype:[A] respid:[53888] rcode:[NOERROR] respflags:[qr rd ra] err:[<nil>] duration:[79.045514ms]
2025/05/21 05:37:48 worker:[0] reqid:[7738] qname:[tiktok.com.] qtype:[A] respid:[7738] rcode:[NOERROR] respflags:[qr rd ra] err:[<nil>] duration:[77.472492ms]
2025/05/21 05:37:48 worker:[0] reqid:[13113] qname:[whatsapp.com.] qtype:[A] respid:[13113] rcode:[NOERROR] respflags:[qr rd ra] err:[<nil>] duration:[77.464165ms]
2025/05/21 05:37:48 worker:[0] reqid:[31711] qname:[yahoo.com.] qtype:[A] respid:[31711] rcode:[NOERROR] respflags:[qr rd ra] err:[<nil>] duration:[76.68726ms]
2025/05/21 05:37:48 worker:[0] reqid:[30510] qname:[google.com.] qtype:[A] respid:[30510] rcode:[NOERROR] respflags:[qr rd ra] err:[<nil>] duration:[76.589484ms]
2025/05/21 05:37:48 worker:[0] reqid:[16868] qname:[googleusercontent.com.] qtype:[A] respid:[16868] rcode:[NOERROR] respflags:[qr rd ra] err:[<nil>] duration:[77.383862ms]
2025/05/21 05:37:48 worker:[0] reqid:[19946] qname:[facebook.com.] qtype:[A] respid:[19946] rcode:[NOERROR] respflags:[qr rd ra] err:[<nil>] duration:[77.363654ms]
2025/05/21 05:37:48 worker:[0] reqid:[43308] qname:[instagram.com.] qtype:[A] respid:[43308] rcode:[NOERROR] respflags:[qr rd ra] err:[<nil>] duration:[76.932314ms]
2025/05/21 05:37:49 worker:[0] reqid:[13852] qname:[wikipedia.org.] qtype:[A] respid:[13852] rcode:[NOERROR] respflags:[qr rd ra] err:[<nil>] duration:[78.834957ms]
2025/05/21 05:37:49 worker:[0] reqid:[818] qname:[x.com.] qtype:[A] respid:[818] rcode:[NOERROR] respflags:[qr rd ra] err:[<nil>] duration:[77.112418ms]
2025/05/21 05:37:49 worker:[0] reqid:[24488] qname:[amazon.com.] qtype:[A] respid:[24488] rcode:[NOERROR] respflags:[qr rd ra] err:[<nil>] duration:[76.889782ms]
2025/05/21 05:37:49 worker:[0] reqid:[26931] qname:[tiktok.com.] qtype:[A] respid:[26931] rcode:[NOERROR] respflags:[qr rd ra] err:[<nil>] duration:[75.938459ms]
2025/05/21 05:37:49 worker:[0] reqid:[56099] qname:[whatsapp.com.] qtype:[A] respid:[56099] rcode:[NOERROR] respflags:[qr rd ra] err:[<nil>] duration:[77.284665ms]
2025/05/21 05:37:49 worker:[0] reqid:[6319] qname:[yahoo.com.] qtype:[A] respid:[6319] rcode:[NOERROR] respflags:[qr rd ra] err:[<nil>] duration:[76.845217ms]
2025/05/21 05:37:49 worker:[0] reqid:[43764] qname:[google.com.] qtype:[A] respid:[43764] rcode:[NOERROR] respflags:[qr rd ra] err:[<nil>] duration:[76.67923ms]
2025/05/21 05:37:49 worker:[0] reqid:[31460] qname:[googleusercontent.com.] qtype:[A] respid:[31460] rcode:[NOERROR] respflags:[qr rd ra] err:[<nil>] duration:[83.277177ms]
2025/05/21 05:37:49 worker:[0] reqid:[25596] qname:[facebook.com.] qtype:[A] respid:[25596] rcode:[NOERROR] respflags:[qr rd ra] err:[<nil>] duration:[78.07039ms]
2025/05/21 05:37:49 worker:[0] reqid:[62730] qname:[instagram.com.] qtype:[A] respid:[62730] rcode:[NOERROR] respflags:[qr rd ra] err:[<nil>] duration:[76.400376ms]
2025/05/21 05:37:49 worker:[0] reqid:[37710] qname:[wikipedia.org.] qtype:[A] respid:[37710] rcode:[NOERROR] respflags:[qr rd ra] err:[<nil>] duration:[77.466792ms]
2025/05/21 05:37:49 worker:[0] reqid:[35603] qname:[x.com.] qtype:[A] respid:[35603] rcode:[NOERROR] respflags:[qr rd ra] err:[<nil>] duration:[76.240586ms]
2025/05/21 05:37:49 worker:[0] reqid:[841] qname:[amazon.com.] qtype:[A] respid:[841] rcode:[NOERROR] respflags:[qr rd ra] err:[<nil>] duration:[77.312297ms]
2025/05/21 05:37:50 worker:[0] reqid:[5846] qname:[tiktok.com.] qtype:[A] respid:[5846] rcode:[NOERROR] respflags:[qr rd ra] err:[<nil>] duration:[76.915258ms]
2025/05/21 05:37:50 worker:[0] reqid:[34806] qname:[whatsapp.com.] qtype:[A] respid:[34806] rcode:[NOERROR] respflags:[qr rd ra] err:[<nil>] duration:[77.473132ms]
2025/05/21 05:37:50 worker:[0] reqid:[43313] qname:[yahoo.com.] qtype:[A] respid:[43313] rcode:[NOERROR] respflags:[qr rd ra] err:[<nil>] duration:[77.869627ms]
2025/05/21 05:37:50 worker:[0] reqid:[34434] qname:[google.com.] qtype:[A] respid:[34434] rcode:[NOERROR] respflags:[qr rd ra] err:[<nil>] duration:[77.172226ms]
2025/05/21 05:37:50 worker:[0] reqid:[46469] qname:[googleusercontent.com.] qtype:[A] respid:[46469] rcode:[NOERROR] respflags:[qr rd ra] err:[<nil>] duration:[77.189728ms]
2025/05/21 05:37:50 worker:[0] reqid:[44996] qname:[facebook.com.] qtype:[A] respid:[44996] rcode:[NOERROR] respflags:[qr rd ra] err:[<nil>] duration:[77.026799ms]
2025/05/21 05:37:50 worker:[0] reqid:[16795] qname:[instagram.com.] qtype:[A] respid:[16795] rcode:[NOERROR] respflags:[qr rd ra] err:[<nil>] duration:[75.748457ms]
2025/05/21 05:37:50 worker:[0] reqid:[11003] qname:[wikipedia.org.] qtype:[A] respid:[11003] rcode:[NOERROR] respflags:[qr rd ra] err:[<nil>] duration:[78.528604ms]
2025/05/21 05:37:50 worker:[0] reqid:[63467] qname:[x.com.] qtype:[A] respid:[63467] rcode:[NOERROR] respflags:[qr rd ra] err:[<nil>] duration:[77.085422ms]
2025/05/21 05:37:50 worker:[0] reqid:[56351] qname:[amazon.com.] qtype:[A] respid:[56351] rcode:[NOERROR] respflags:[qr rd ra] err:[<nil>] duration:[77.284475ms]
2025/05/21 05:37:50 worker:[0] reqid:[36947] qname:[tiktok.com.] qtype:[A] respid:[36947] rcode:[NOERROR] respflags:[qr rd ra] err:[<nil>] duration:[76.991637ms]
2025/05/21 05:37:50 worker:[0] reqid:[34783] qname:[whatsapp.com.] qtype:[A] respid:[34783] rcode:[NOERROR] respflags:[qr rd ra] err:[<nil>] duration:[76.928993ms]
2025/05/21 05:37:50 worker:[0] reqid:[20661] qname:[yahoo.com.] qtype:[A] respid:[20661] rcode:[NOERROR] respflags:[qr rd ra] err:[<nil>] duration:[77.204585ms]
2025/05/21 05:37:51 worker:[0] reqid:[42050] qname:[google.com.] qtype:[A] respid:[42050] rcode:[NOERROR] respflags:[qr rd ra] err:[<nil>] duration:[76.727575ms]
2025/05/21 05:37:51 worker:[0] reqid:[9020] qname:[googleusercontent.com.] qtype:[A] respid:[9020] rcode:[NOERROR] respflags:[qr rd ra] err:[<nil>] duration:[78.48072ms]
2025/05/21 05:37:51 worker:[0] reqid:[14362] qname:[facebook.com.] qtype:[A] respid:[14362] rcode:[NOERROR] respflags:[qr rd ra] err:[<nil>] duration:[77.271491ms]
2025/05/21 05:37:51 worker:[0] reqid:[948] qname:[instagram.com.] qtype:[A] respid:[948] rcode:[NOERROR] respflags:[qr rd ra] err:[<nil>] duration:[77.323972ms]
2025/05/21 05:37:51 worker:[0] reqid:[16941] qname:[wikipedia.org.] qtype:[A] respid:[16941] rcode:[NOERROR] respflags:[qr rd ra] err:[<nil>] duration:[76.645388ms]
2025/05/21 05:37:51 worker:[0] reqid:[1561] qname:[x.com.] qtype:[A] respid:[1561] rcode:[NOERROR] respflags:[qr rd ra] err:[<nil>] duration:[77.254648ms]
2025/05/21 05:37:51 worker:[0] reqid:[7903] qname:[amazon.com.] qtype:[A] respid:[7903] rcode:[NOERROR] respflags:[qr rd ra] err:[<nil>] duration:[77.477748ms]
2025/05/21 05:37:51 worker:[0] reqid:[30685] qname:[tiktok.com.] qtype:[A] respid:[30685] rcode:[NOERROR] respflags:[qr rd ra] err:[<nil>] duration:[77.472566ms]
2025/05/21 05:37:51 worker:[0] reqid:[30893] qname:[whatsapp.com.] qtype:[A] respid:[30893] rcode:[NOERROR] respflags:[qr rd ra] err:[<nil>] duration:[76.578294ms]
2025/05/21 05:37:51 worker:[0] reqid:[21388] qname:[yahoo.com.] qtype:[A] respid:[21388] rcode:[NOERROR] respflags:[qr rd ra] err:[<nil>] duration:[77.152811ms]
2025/05/21 05:37:51 worker:[0] reqid:[18686] qname:[google.com.] qtype:[A] respid:[18686] rcode:[NOERROR] respflags:[qr rd ra] err:[<nil>] duration:[77.99374ms]
2025/05/21 05:37:51 worker:[0] reqid:[36898] qname:[googleusercontent.com.] qtype:[A] respid:[36898] rcode:[NOERROR] respflags:[qr rd ra] err:[<nil>] duration:[78.537011ms]
2025/05/21 05:37:51 worker:[0] reqid:[57252] qname:[facebook.com.] qtype:[A] respid:[57252] rcode:[NOERROR] respflags:[qr rd ra] err:[<nil>] duration:[77.55223ms]
2025/05/21 05:37:52 worker:[0] reqid:[56476] qname:[instagram.com.] qtype:[A] respid:[56476] rcode:[NOERROR] respflags:[qr rd ra] err:[<nil>] duration:[77.903169ms]
2025/05/21 05:37:52 worker:[0] reqid:[36890] qname:[wikipedia.org.] qtype:[A] respid:[36890] rcode:[NOERROR] respflags:[qr rd ra] err:[<nil>] duration:[78.853588ms]
2025/05/21 05:37:52 worker:[0] reqid:[23509] qname:[x.com.] qtype:[A] respid:[23509] rcode:[NOERROR] respflags:[qr rd ra] err:[<nil>] duration:[80.179334ms]
2025/05/21 05:37:52 worker:[0] reqid:[39043] qname:[amazon.com.] qtype:[A] respid:[39043] rcode:[NOERROR] respflags:[qr rd ra] err:[<nil>] duration:[77.974378ms]
2025/05/21 05:37:52 worker:[0] reqid:[62298] qname:[tiktok.com.] qtype:[A] respid:[62298] rcode:[NOERROR] respflags:[qr rd ra] err:[<nil>] duration:[77.07348ms]
2025/05/21 05:37:52 worker:[0] reqid:[21134] qname:[whatsapp.com.] qtype:[A] respid:[21134] rcode:[NOERROR] respflags:[qr rd ra] err:[<nil>] duration:[79.382769ms]
2025/05/21 05:37:52 worker:[0] reqid:[37369] qname:[yahoo.com.] qtype:[A] respid:[37369] rcode:[NOERROR] respflags:[qr rd ra] err:[<nil>] duration:[76.486517ms]
2025/05/21 05:37:52 worker:[0] reqid:[27854] qname:[google.com.] qtype:[A] respid:[27854] rcode:[NOERROR] respflags:[qr rd ra] err:[<nil>] duration:[77.058241ms]
2025/05/21 05:37:52 worker:[0] reqid:[38426] qname:[googleusercontent.com.] qtype:[A] respid:[38426] rcode:[NOERROR] respflags:[qr rd ra] err:[<nil>] duration:[86.454983ms]
2025/05/21 05:37:52 worker:[0] reqid:[30883] qname:[facebook.com.] qtype:[A] respid:[30883] rcode:[NOERROR] respflags:[qr rd ra] err:[<nil>] duration:[82.625621ms]
2025/05/21 05:37:52 worker:[0] reqid:[61105] qname:[instagram.com.] qtype:[A] respid:[61105] rcode:[NOERROR] respflags:[qr rd ra] err:[<nil>] duration:[76.668ms]
2025/05/21 05:37:52 worker:[0] reqid:[16805] qname:[wikipedia.org.] qtype:[A] respid:[16805] rcode:[NOERROR] respflags:[qr rd ra] err:[<nil>] duration:[76.510883ms]
2025/05/21 05:37:53 worker:[0] reqid:[42830] qname:[x.com.] qtype:[A] respid:[42830] rcode:[NOERROR] respflags:[qr rd ra] err:[<nil>] duration:[76.486156ms]
2025/05/21 05:37:53 worker:[0] reqid:[39577] qname:[amazon.com.] qtype:[A] respid:[39577] rcode:[NOERROR] respflags:[qr rd ra] err:[<nil>] duration:[76.726394ms]
2025/05/21 05:37:53 worker:[0] reqid:[54019] qname:[tiktok.com.] qtype:[A] respid:[54019] rcode:[NOERROR] respflags:[qr rd ra] err:[<nil>] duration:[77.890323ms]
2025/05/21 05:37:53 worker:[0] reqid:[6344] qname:[whatsapp.com.] qtype:[A] respid:[6344] rcode:[NOERROR] respflags:[qr rd ra] err:[<nil>] duration:[79.797419ms]
2025/05/21 05:37:53 worker:[0] reqid:[27190] qname:[yahoo.com.] qtype:[A] respid:[27190] rcode:[NOERROR] respflags:[qr rd ra] err:[<nil>] duration:[77.248894ms]
2025/05/21 05:37:53 worker:[0] reqid:[13122] qname:[google.com.] qtype:[A] respid:[13122] rcode:[NOERROR] respflags:[qr rd ra] err:[<nil>] duration:[283.157514ms]
2025/05/21 05:37:53 worker:[0] reqid:[11221] qname:[googleusercontent.com.] qtype:[A] respid:[11221] rcode:[NOERROR] respflags:[qr rd ra] err:[<nil>] duration:[77.171438ms]
2025/05/21 05:37:53 worker:[0] reqid:[48970] qname:[facebook.com.] qtype:[A] respid:[48970] rcode:[NOERROR] respflags:[qr rd ra] err:[<nil>] duration:[77.080761ms]
2025/05/21 05:37:53 worker:[0] reqid:[55643] qname:[instagram.com.] qtype:[A] respid:[55643] rcode:[NOERROR] respflags:[qr rd ra] err:[<nil>] duration:[76.967499ms]
2025/05/21 05:37:53 worker:[0] reqid:[14950] qname:[wikipedia.org.] qtype:[A] respid:[14950] rcode:[NOERROR] respflags:[qr rd ra] err:[<nil>] duration:[78.473068ms]
2025/05/21 05:37:53 worker:[0] reqid:[6857] qname:[x.com.] qtype:[A] respid:[6857] rcode:[NOERROR] respflags:[qr rd ra] err:[<nil>] duration:[77.717401ms]
2025/05/21 05:37:54 worker:[0] reqid:[51440] qname:[amazon.com.] qtype:[A] respid:[51440] rcode:[NOERROR] respflags:[qr rd ra] err:[<nil>] duration:[77.342974ms]
2025/05/21 05:37:54 worker:[0] reqid:[48860] qname:[tiktok.com.] qtype:[A] respid:[48860] rcode:[NOERROR] respflags:[qr rd ra] err:[<nil>] duration:[77.034543ms]
2025/05/21 05:37:54 worker:[0] reqid:[26201] qname:[whatsapp.com.] qtype:[A] respid:[26201] rcode:[NOERROR] respflags:[qr rd ra] err:[<nil>] duration:[76.733283ms]
2025/05/21 05:37:54 worker:[0] reqid:[1521] qname:[yahoo.com.] qtype:[A] respid:[1521] rcode:[NOERROR] respflags:[qr rd ra] err:[<nil>] duration:[76.400219ms]
2025/05/21 05:37:54 worker:[0] reqid:[37764] qname:[google.com.] qtype:[A] respid:[37764] rcode:[NOERROR] respflags:[qr rd ra] err:[<nil>] duration:[77.259903ms]
2025/05/21 05:37:54 worker:[0] reqid:[52174] qname:[googleusercontent.com.] qtype:[A] respid:[52174] rcode:[NOERROR] respflags:[qr rd ra] err:[<nil>] duration:[79.104528ms]
2025/05/21 05:37:54 worker:[0] reqid:[47850] qname:[facebook.com.] qtype:[A] respid:[47850] rcode:[NOERROR] respflags:[qr rd ra] err:[<nil>] duration:[76.862701ms]
2025/05/21 05:37:54 worker:[0] reqid:[18736] qname:[instagram.com.] qtype:[A] respid:[18736] rcode:[NOERROR] respflags:[qr rd ra] err:[<nil>] duration:[77.12141ms]
2025/05/21 05:37:54 worker:[0] reqid:[48657] qname:[wikipedia.org.] qtype:[A] respid:[48657] rcode:[NOERROR] respflags:[qr rd ra] err:[<nil>] duration:[77.459055ms]
2025/05/21 05:37:54 worker:[0] reqid:[44094] qname:[x.com.] qtype:[A] respid:[44094] rcode:[NOERROR] respflags:[qr rd ra] err:[<nil>] duration:[83.847063ms]
2025/05/21 05:37:55 worker:[0] reqid:[7269] qname:[amazon.com.] qtype:[A] respid:[7269] rcode:[NOERROR] respflags:[qr rd ra] err:[<nil>] duration:[765.784399ms]
2025/05/21 05:37:55 worker:[0] reqid:[24538] qname:[tiktok.com.] qtype:[A] respid:[24538] rcode:[NOERROR] respflags:[qr rd ra] err:[<nil>] duration:[78.07009ms]
2025/05/21 05:37:55 worker:[0] reqid:[37285] qname:[whatsapp.com.] qtype:[A] respid:[37285] rcode:[NOERROR] respflags:[qr rd ra] err:[<nil>] duration:[77.867805ms]
2025/05/21 05:37:55 worker:[0] reqid:[52404] qname:[yahoo.com.] qtype:[A] respid:[52404] rcode:[NOERROR] respflags:[qr rd ra] err:[<nil>] duration:[280.857178ms]
2025/05/21 05:37:56 worker:[0] reqid:[47447] qname:[google.com.] qtype:[A] respid:[47447] rcode:[NOERROR] respflags:[qr rd ra] err:[<nil>] duration:[77.23696ms]
2025/05/21 05:37:56 worker:[0] reqid:[17929] qname:[googleusercontent.com.] qtype:[A] respid:[17929] rcode:[NOERROR] respflags:[qr rd ra] err:[<nil>] duration:[77.13104ms]
2025/05/21 05:37:56 worker:[0] reqid:[7820] qname:[facebook.com.] qtype:[A] respid:[7820] rcode:[NOERROR] respflags:[qr rd ra] err:[<nil>] duration:[78.81984ms]
2025/05/21 05:37:56 worker:[0] reqid:[63675] qname:[instagram.com.] qtype:[A] respid:[63675] rcode:[NOERROR] respflags:[qr rd ra] err:[<nil>] duration:[77.253358ms]
2025/05/21 05:37:56 worker:[0] reqid:[51359] qname:[wikipedia.org.] qtype:[A] respid:[51359] rcode:[NOERROR] respflags:[qr rd ra] err:[<nil>] duration:[81.503391ms]
2025/05/21 05:37:56 worker:[0] reqid:[20723] qname:[x.com.] qtype:[A] respid:[20723] rcode:[NOERROR] respflags:[qr rd ra] err:[<nil>] duration:[76.396008ms]
2025/05/21 05:37:56 worker:[0] reqid:[31538] qname:[amazon.com.] qtype:[A] respid:[31538] rcode:[NOERROR] respflags:[qr rd ra] err:[<nil>] duration:[76.561714ms]
2025/05/21 05:37:56 worker:[0] reqid:[11603] qname:[tiktok.com.] qtype:[A] respid:[11603] rcode:[NOERROR] respflags:[qr rd ra] err:[<nil>] duration:[77.2021ms]
2025/05/21 05:37:56 worker:[0] reqid:[58325] qname:[whatsapp.com.] qtype:[A] respid:[58325] rcode:[NOERROR] respflags:[qr rd ra] err:[<nil>] duration:[77.451126ms]
2025/05/21 05:37:56 worker:[0] reqid:[60721] qname:[yahoo.com.] qtype:[A] respid:[60721] rcode:[NOERROR] respflags:[qr rd ra] err:[<nil>] duration:[79.169571ms]
2025/05/21 05:37:56 worker:[0] reqid:[56447] qname:[google.com.] qtype:[A] respid:[56447] rcode:[NOERROR] respflags:[qr rd ra] err:[<nil>] duration:[76.465198ms]
2025/05/21 05:37:56 worker:[0] reqid:[61654] qname:[googleusercontent.com.] qtype:[A] respid:[61654] rcode:[NOERROR] respflags:[qr rd ra] err:[<nil>] duration:[78.186311ms]
2025/05/21 05:37:56 worker:[0] reqid:[2789] qname:[facebook.com.] qtype:[A] respid:[2789] rcode:[NOERROR] respflags:[qr rd ra] err:[<nil>] duration:[76.934057ms]
2025/05/21 05:37:57 worker:[0] reqid:[18779] qname:[instagram.com.] qtype:[A] respid:[18779] rcode:[NOERROR] respflags:[qr rd ra] err:[<nil>] duration:[76.629832ms]
2025/05/21 05:37:57 worker:[0] reqid:[59536] qname:[wikipedia.org.] qtype:[A] respid:[59536] rcode:[NOERROR] respflags:[qr rd ra] err:[<nil>] duration:[80.194009ms]
2025/05/21 05:37:57 worker:[0] reqid:[2145] qname:[x.com.] qtype:[A] respid:[2145] rcode:[NOERROR] respflags:[qr rd ra] err:[<nil>] duration:[290.240697ms]
2025/05/21 05:37:57 worker:[0] reqid:[47171] qname:[amazon.com.] qtype:[A] respid:[47171] rcode:[NOERROR] respflags:[qr rd ra] err:[<nil>] duration:[85.251397ms]
2025/05/21 05:37:57 worker:[0] reqid:[3524] qname:[tiktok.com.] qtype:[A] respid:[3524] rcode:[NOERROR] respflags:[qr rd ra] err:[<nil>] duration:[77.379503ms]
2025/05/21 05:37:57 worker:[0] reqid:[2134] qname:[whatsapp.com.] qtype:[A] respid:[2134] rcode:[NOERROR] respflags:[qr rd ra] err:[<nil>] duration:[79.299011ms]
2025/05/21 05:37:57 worker:[0] reqid:[60587] qname:[yahoo.com.] qtype:[A] respid:[60587] rcode:[NOERROR] respflags:[qr rd ra] err:[<nil>] duration:[77.93608ms]
2025/05/21 05:37:57 worker:[0] reqid:[18561] qname:[google.com.] qtype:[A] respid:[18561] rcode:[NOERROR] respflags:[qr rd ra] err:[<nil>] duration:[81.265748ms]
2025/05/21 05:37:57 worker:[0] reqid:[8439] qname:[googleusercontent.com.] qtype:[A] respid:[8439] rcode:[NOERROR] respflags:[qr rd ra] err:[<nil>] duration:[78.540251ms]
2025/05/21 05:37:57 worker:[0] reqid:[43654] qname:[facebook.com.] qtype:[A] respid:[43654] rcode:[NOERROR] respflags:[qr rd ra] err:[<nil>] duration:[77.475126ms]
2025/05/21 05:37:58 worker:[0] reqid:[27004] qname:[instagram.com.] qtype:[A] respid:[27004] rcode:[NOERROR] respflags:[qr rd ra] err:[<nil>] duration:[77.420475ms]
2025/05/21 05:37:58 worker:[0] reqid:[59228] qname:[wikipedia.org.] qtype:[A] respid:[59228] rcode:[NOERROR] respflags:[qr rd ra] err:[<nil>] duration:[80.304021ms]
2025/05/21 05:37:58 worker:[0] reqid:[16175] qname:[x.com.] qtype:[A] respid:[16175] rcode:[NOERROR] respflags:[qr rd ra] err:[<nil>] duration:[77.503259ms]
2025/05/21 05:37:58 worker:[0] reqid:[28046] qname:[amazon.com.] qtype:[A] respid:[28046] rcode:[NOERROR] respflags:[qr rd ra] err:[<nil>] duration:[77.505259ms]
2025/05/21 05:37:58 worker:[0] reqid:[37144] qname:[tiktok.com.] qtype:[A] respid:[37144] rcode:[NOERROR] respflags:[qr rd ra] err:[<nil>] duration:[284.957999ms]
2025/05/21 05:37:58 worker:[0] reqid:[53911] qname:[whatsapp.com.] qtype:[A] respid:[53911] rcode:[NOERROR] respflags:[qr rd ra] err:[<nil>] duration:[92.106099ms]
2025/05/21 05:37:58 worker:[0] reqid:[58114] qname:[yahoo.com.] qtype:[A] respid:[58114] rcode:[NOERROR] respflags:[qr rd ra] err:[<nil>] duration:[79.098692ms]
2025/05/21 05:37:58 worker:[0] reqid:[1427] qname:[google.com.] qtype:[A] respid:[1427] rcode:[NOERROR] respflags:[qr rd ra] err:[<nil>] duration:[78.658719ms]
2025/05/21 05:37:58 worker:[0] reqid:[18951] qname:[googleusercontent.com.] qtype:[A] respid:[18951] rcode:[NOERROR] respflags:[qr rd ra] err:[<nil>] duration:[79.182205ms]
2025/05/21 05:37:59 worker:[0] reqid:[22279] qname:[facebook.com.] qtype:[A] respid:[22279] rcode:[NOERROR] respflags:[qr rd ra] err:[<nil>] duration:[79.079039ms]
2025/05/21 05:37:59 worker:[0] reqid:[43223] qname:[instagram.com.] qtype:[A] respid:[43223] rcode:[NOERROR] respflags:[qr rd ra] err:[<nil>] duration:[77.387907ms]
2025/05/21 05:37:59 worker:[0] reqid:[6180] qname:[wikipedia.org.] qtype:[A] respid:[6180] rcode:[NOERROR] respflags:[qr rd ra] err:[<nil>] duration:[78.654105ms]
2025/05/21 05:37:59 worker:[0] reqid:[36646] qname:[x.com.] qtype:[A] respid:[36646] rcode:[NOERROR] respflags:[qr rd ra] err:[<nil>] duration:[77.83561ms]
2025/05/21 05:37:59 worker:[0] reqid:[11534] qname:[amazon.com.] qtype:[A] respid:[11534] rcode:[NOERROR] respflags:[qr rd ra] err:[<nil>] duration:[81.978662ms]
2025/05/21 05:37:59 worker:[0] reqid:[48157] qname:[tiktok.com.] qtype:[A] respid:[48157] rcode:[NOERROR] respflags:[qr rd ra] err:[<nil>] duration:[77.857661ms]
2025/05/21 05:37:59 worker:[0] reqid:[55021] qname:[whatsapp.com.] qtype:[A] respid:[55021] rcode:[NOERROR] respflags:[qr rd ra] err:[<nil>] duration:[76.722156ms]
2025/05/21 05:37:59 worker:[0] reqid:[60593] qname:[yahoo.com.] qtype:[A] respid:[60593] rcode:[NOERROR] respflags:[qr rd ra] err:[<nil>] duration:[79.285097ms]
2025/05/21 05:37:59 worker:[0] reqid:[23251] qname:[google.com.] qtype:[A] respid:[23251] rcode:[NOERROR] respflags:[qr rd ra] err:[<nil>] duration:[79.006815ms]
2025/05/21 05:37:59 worker:[0] reqid:[37065] qname:[googleusercontent.com.] qtype:[A] respid:[37065] rcode:[NOERROR] respflags:[qr rd ra] err:[<nil>] duration:[79.197706ms]
2025/05/21 05:37:59 worker:[0] reqid:[52327] qname:[facebook.com.] qtype:[A] respid:[52327] rcode:[NOERROR] respflags:[qr rd ra] err:[<nil>] duration:[79.11631ms]
2025/05/21 05:37:59 worker:[0] reqid:[5037] qname:[instagram.com.] qtype:[A] respid:[5037] rcode:[NOERROR] respflags:[qr rd ra] err:[<nil>] duration:[78.149026ms]
2025/05/21 05:37:59 worker:[0] reqid:[1095] qname:[wikipedia.org.] qtype:[A] respid:[1095] rcode:[NOERROR] respflags:[qr rd ra] err:[<nil>] duration:[76.776734ms]
2025/05/21 05:38:00 worker:[0] reqid:[46169] qname:[x.com.] qtype:[A] respid:[46169] rcode:[NOERROR] respflags:[qr rd ra] err:[<nil>] duration:[76.287845ms]
2025/05/21 05:38:00 worker:[0] reqid:[45583] qname:[amazon.com.] qtype:[A] respid:[45583] rcode:[NOERROR] respflags:[qr rd ra] err:[<nil>] duration:[76.510032ms]
2025/05/21 05:38:00 worker:[0] reqid:[25108] qname:[tiktok.com.] qtype:[A] respid:[25108] rcode:[NOERROR] respflags:[qr rd ra] err:[<nil>] duration:[78.327235ms]
2025/05/21 05:38:00 worker:[0] reqid:[24293] qname:[whatsapp.com.] qtype:[A] respid:[24293] rcode:[NOERROR] respflags:[qr rd ra] err:[<nil>] duration:[77.711935ms]
2025/05/21 05:38:00 worker:[0] reqid:[41096] qname:[yahoo.com.] qtype:[A] respid:[41096] rcode:[NOERROR] respflags:[qr rd ra] err:[<nil>] duration:[81.656056ms]
2025/05/21 05:38:00 worker:[0] reqid:[4560] qname:[google.com.] qtype:[A] respid:[4560] rcode:[NOERROR] respflags:[qr rd ra] err:[<nil>] duration:[77.001335ms]
2025/05/21 05:38:00 worker:[0] reqid:[44335] qname:[googleusercontent.com.] qtype:[A] respid:[44335] rcode:[NOERROR] respflags:[qr rd ra] err:[<nil>] duration:[77.900321ms]
2025/05/21 05:38:00 worker:[0] reqid:[12179] qname:[facebook.com.] qtype:[A] respid:[12179] rcode:[NOERROR] respflags:[qr rd ra] err:[<nil>] duration:[78.025671ms]
2025/05/21 05:38:00 worker:[0] reqid:[16282] qname:[instagram.com.] qtype:[A] respid:[16282] rcode:[NOERROR] respflags:[qr rd ra] err:[<nil>] duration:[78.238903ms]
2025/05/21 05:38:00 worker:[0] reqid:[58637] qname:[wikipedia.org.] qtype:[A] respid:[58637] rcode:[NOERROR] respflags:[qr rd ra] err:[<nil>] duration:[76.953044ms]
2025/05/21 05:38:00 worker:[0] reqid:[35037] qname:[x.com.] qtype:[A] respid:[35037] rcode:[NOERROR] respflags:[qr rd ra] err:[<nil>] duration:[75.803769ms]
2025/05/21 05:38:00 worker:[0] reqid:[60828] qname:[amazon.com.] qtype:[A] respid:[60828] rcode:[NOERROR] respflags:[qr rd ra] err:[<nil>] duration:[77.572317ms]
2025/05/21 05:38:01 worker:[0] reqid:[34220] qname:[tiktok.com.] qtype:[A] respid:[34220] rcode:[NOERROR] respflags:[qr rd ra] err:[<nil>] duration:[284.729403ms]
2025/05/21 05:38:01 worker:[0] reqid:[8726] qname:[whatsapp.com.] qtype:[A] respid:[8726] rcode:[NOERROR] respflags:[qr rd ra] err:[<nil>] duration:[77.218414ms]
2025/05/21 05:38:01 worker:[0] reqid:[42069] qname:[yahoo.com.] qtype:[A] respid:[42069] rcode:[NOERROR] respflags:[qr rd ra] err:[<nil>] duration:[80.824749ms]
2025/05/21 05:38:01 worker:[0] reqid:[60469] qname:[google.com.] qtype:[A] respid:[60469] rcode:[NOERROR] respflags:[qr rd ra] err:[<nil>] duration:[88.396421ms]
2025/05/21 05:38:01 worker:[0] reqid:[36355] qname:[googleusercontent.com.] qtype:[A] respid:[36355] rcode:[NOERROR] respflags:[qr rd ra] err:[<nil>] duration:[77.497485ms]
2025/05/21 05:38:01 worker:[0] reqid:[32099] qname:[facebook.com.] qtype:[A] respid:[32099] rcode:[NOERROR] respflags:[qr rd ra] err:[<nil>] duration:[79.020785ms]
2025/05/21 05:38:01 worker:[0] reqid:[29293] qname:[instagram.com.] qtype:[A] respid:[29293] rcode:[NOERROR] respflags:[qr rd ra] err:[<nil>] duration:[77.895302ms]
2025/05/21 05:38:01 worker:[0] reqid:[42118] qname:[wikipedia.org.] qtype:[A] respid:[42118] rcode:[NOERROR] respflags:[qr rd ra] err:[<nil>] duration:[78.036613ms]
2025/05/21 05:38:01 worker:[0] reqid:[36347] qname:[x.com.] qtype:[A] respid:[36347] rcode:[NOERROR] respflags:[qr rd ra] err:[<nil>] duration:[77.616073ms]
2025/05/21 05:38:01 worker:[0] reqid:[40033] qname:[amazon.com.] qtype:[A] respid:[40033] rcode:[NOERROR] respflags:[qr rd ra] err:[<nil>] duration:[78.853368ms]
2025/05/21 05:38:01 worker:[0] reqid:[38265] qname:[tiktok.com.] qtype:[A] respid:[38265] rcode:[NOERROR] respflags:[qr rd ra] err:[<nil>] duration:[77.023031ms]
2025/05/21 05:38:02 worker:[0] reqid:[54046] qname:[whatsapp.com.] qtype:[A] respid:[54046] rcode:[NOERROR] respflags:[qr rd ra] err:[<nil>] duration:[84.506385ms]
2025/05/21 05:38:02 worker:[0] reqid:[56968] qname:[yahoo.com.] qtype:[A] respid:[56968] rcode:[NOERROR] respflags:[qr rd ra] err:[<nil>] duration:[79.256211ms]
2025/05/21 05:38:02 worker:[0] reqid:[39581] qname:[google.com.] qtype:[A] respid:[39581] rcode:[NOERROR] respflags:[qr rd ra] err:[<nil>] duration:[284.139535ms]
2025/05/21 05:38:02 worker:[0] reqid:[42415] qname:[googleusercontent.com.] qtype:[A] respid:[42415] rcode:[NOERROR] respflags:[qr rd ra] err:[<nil>] duration:[79.822765ms]
2025/05/21 05:38:02 worker:[0] reqid:[42379] qname:[facebook.com.] qtype:[A] respid:[42379] rcode:[NOERROR] respflags:[qr rd ra] err:[<nil>] duration:[77.123119ms]
2025/05/21 05:38:02 worker:[0] reqid:[30890] qname:[instagram.com.] qtype:[A] respid:[30890] rcode:[NOERROR] respflags:[qr rd ra] err:[<nil>] duration:[76.445661ms]
2025/05/21 05:38:02 worker:[0] reqid:[50343] qname:[wikipedia.org.] qtype:[A] respid:[50343] rcode:[NOERROR] respflags:[qr rd ra] err:[<nil>] duration:[77.382474ms]
2025/05/21 05:38:02 worker:[0] reqid:[3016] qname:[x.com.] qtype:[A] respid:[3016] rcode:[NOERROR] respflags:[qr rd ra] err:[<nil>] duration:[76.683268ms]
2025/05/21 05:38:02 worker:[0] reqid:[27721] qname:[amazon.com.] qtype:[A] respid:[27721] rcode:[NOERROR] respflags:[qr rd ra] err:[<nil>] duration:[76.684447ms]
2025/05/21 05:38:02 worker:[0] reqid:[47281] qname:[tiktok.com.] qtype:[A] respid:[47281] rcode:[NOERROR] respflags:[qr rd ra] err:[<nil>] duration:[78.691035ms]
2025/05/21 05:38:03 worker:[0] reqid:[64691] qname:[whatsapp.com.] qtype:[A] respid:[64691] rcode:[NOERROR] respflags:[qr rd ra] err:[<nil>] duration:[78.453453ms]
2025/05/21 05:38:03 worker:[0] reqid:[44173] qname:[yahoo.com.] qtype:[A] respid:[44173] rcode:[NOERROR] respflags:[qr rd ra] err:[<nil>] duration:[80.599764ms]
2025/05/21 05:38:03 worker:[0] reqid:[2378] qname:[google.com.] qtype:[A] respid:[2378] rcode:[NOERROR] respflags:[qr rd ra] err:[<nil>] duration:[76.865433ms]
2025/05/21 05:38:03 worker:[0] reqid:[5587] qname:[googleusercontent.com.] qtype:[A] respid:[5587] rcode:[NOERROR] respflags:[qr rd ra] err:[<nil>] duration:[80.820727ms]
2025/05/21 05:38:03 worker:[0] reqid:[21275] qname:[facebook.com.] qtype:[A] respid:[21275] rcode:[NOERROR] respflags:[qr rd ra] err:[<nil>] duration:[75.789584ms]
2025/05/21 05:38:03 worker:[0] reqid:[61380] qname:[instagram.com.] qtype:[A] respid:[61380] rcode:[NOERROR] respflags:[qr rd ra] err:[<nil>] duration:[76.796595ms]
2025/05/21 05:38:03 worker:[0] reqid:[46913] qname:[wikipedia.org.] qtype:[A] respid:[46913] rcode:[NOERROR] respflags:[qr rd ra] err:[<nil>] duration:[76.574571ms]
2025/05/21 05:38:03 worker:[0] reqid:[40986] qname:[x.com.] qtype:[A] respid:[40986] rcode:[NOERROR] respflags:[qr rd ra] err:[<nil>] duration:[77.175455ms]
2025/05/21 05:38:03 worker:[0] reqid:[13630] qname:[amazon.com.] qtype:[A] respid:[13630] rcode:[NOERROR] respflags:[qr rd ra] err:[<nil>] duration:[407.816002ms]
2025/05/21 05:38:04 worker:[0] reqid:[48731] qname:[tiktok.com.] qtype:[A] respid:[48731] rcode:[NOERROR] respflags:[qr rd ra] err:[<nil>] duration:[96.766037ms]
2025/05/21 05:38:04 worker:[0] reqid:[5649] qname:[whatsapp.com.] qtype:[A] respid:[5649] rcode:[NOERROR] respflags:[qr rd ra] err:[<nil>] duration:[219.463187ms]
2025/05/21 05:38:04 worker:[0] reqid:[9273] qname:[yahoo.com.] qtype:[A] respid:[9273] rcode:[NOERROR] respflags:[qr rd ra] err:[<nil>] duration:[78.676771ms]
