2025/05/21 05:38:23 worker:[0] reqid:[11771] qname:[google.com.] qtype:[A] respid:[11771] rcode:[NOERROR] respflags:[qr rd ra] err:[<nil>] duration:[473.546178ms]
2025/05/21 05:38:23 worker:[0] reqid:[49506] qname:[googleusercontent.com.] qtype:[A] respid:[49506] rcode:[NOERROR] respflags:[qr rd ra] err:[<nil>] duration:[87.77545ms]
2025/05/21 05:38:24 worker:[0] reqid:[11897] qname:[facebook.com.] qtype:[A] respid:[11897] rcode:[NOERROR] respflags:[qr rd ra] err:[<nil>] duration:[98.128847ms]
2025/05/21 05:38:24 worker:[0] reqid:[1875] qname:[instagram.com.] qtype:[A] respid:[1875] rcode:[NOERROR] respflags:[qr rd ra] err:[<nil>] duration:[522.304941ms]
2025/05/21 05:38:24 worker:[0] reqid:[31540] qname:[wikipedia.org.] qtype:[A] respid:[31540] rcode:[NOERROR] respflags:[qr rd ra] err:[<nil>] duration:[109.062647ms]
2025/05/21 05:38:24 worker:[0] reqid:[41218] qname:[x.com.] qtype:[A] respid:[41218] rcode:[NOERROR] respflags:[qr rd ra] err:[<nil>] duration:[88.47711ms]
2025/05/21 05:38:24 worker:[0] reqid:[40728] qname:[amazon.com.] qtype:[A] respid:[40728] rcode:[NOERROR] respflags:[qr rd ra] err:[<nil>] duration:[89.336302ms]
2025/05/21 05:38:24 worker:[0] reqid:[62413] qname:[tiktok.com.] qtype:[A] respid:[62413] rcode:[NOERROR] respflags:[qr rd ra] err:[<nil>] duration:[90.089065ms]
2025/05/21 05:38:25 worker:[0] reqid:[27104] qname:[whatsapp.com.] qtype:[A] respid:[27104] rcode:[NOERROR] respflags:[qr rd ra] err:[<nil>] duration:[95.651866ms]
2025/05/21 05:38:25 worker:[0] reqid:[18603] qname:[yahoo.com.] qtype:[A] respid:[18603] rcode:[NOERROR] respflags:[qr rd ra] err:[<nil>] duration:[92.948411ms]
2025/05/21 05:38:25 worker:[0] reqid:[28754] qname:[google.com.] qtype:[A] respid:[28754] rcode:[NOERROR] respflags:[qr rd ra] err:[<nil>] duration:[91.065553ms]
2025/05/21 05:38:25 worker:[0] reqid:[58613] qname:[googleusercontent.com.] qtype:[A] respid:[58613] rcode:[NOERROR] respflags:[qr rd ra] err:[<nil>] duration:[89.831717ms]
2025/05/21 05:38:25 worker:[0] reqid:[30543] qname:[facebook.com.] qtype:[A] respid:[30543] rcode:[NOERROR] respflags:[qr rd ra] err:[<nil>] duration:[88.243846ms]
2025/05/21 05:38:25 worker:[0] reqid:[46436] qname:[instagram.com.] qtype:[A] respid:[46436] rcode:[NOERROR] respflags:[qr rd ra] err:[<nil>] duration:[95.97742ms]
2025/05/21 05:38:25 worker:[0] reqid:[10453] qname:[wikipedia.org.] qtype:[A] respid:[10453] rcode:[NOERROR] respflags:[qr rd ra] err:[<nil>] duration:[87.636937ms]
2025/05/21 05:38:25 worker:[0] reqid:[13336] qname:[x.com.] qtype:[A] respid:[13336] rcode:[NOERROR] respflags:[qr rd ra] err:[<nil>] duration:[87.889686ms]
2025/05/21 05:38:25 worker:[0] reqid:[4746] qname:[amazon.com.] qtype:[A] respid:[4746] rcode:[NOERROR] respflags:[qr rd ra] err:[<nil>] duration:[88.318555ms]
2025/05/21 05:38:25 worker:[0] reqid:[32321] qname:[tiktok.com.] qtype:[A] respid:[32321] rcode:[NOERROR] respflags:[qr rd ra] err:[<nil>] duration:[88.222556ms]
2025/05/21 05:38:25 worker:[0] reqid:[30822] qname:[whatsapp.com.] qtype:[A] respid:[30822] rcode:[NOERROR] respflags:[qr rd ra] err:[<nil>] duration:[88.723383ms]
2025/05/21 05:38:26 worker:[0] reqid:[37912] qname:[yahoo.com.] qtype:[A] respid:[37912] rcode:[NOERROR] respflags:[qr rd ra] err:[<nil>] duration:[89.670771ms]
2025/05/21 05:38:26 worker:[0] reqid:[1744] qname:[google.com.] qtype:[A] respid:[1744] rcode:[NOERROR] respflags:[qr rd ra] err:[<nil>] duration:[88.30191ms]
2025/05/21 05:38:26 worker:[0] reqid:[35085] qname:[googleusercontent.com.] qtype:[A] respid:[35085] rcode:[NOERROR] respflags:[qr rd ra] err:[<nil>] duration:[300.920824ms]
2025/05/21 05:38:26 worker:[0] reqid:[64123] qname:[facebook.com.] qtype:[A] respid:[64123] rcode:[NOERROR] respflags:[qr rd ra] err:[<nil>] duration:[527.366698ms]
2025/05/21 05:38:27 worker:[0] reqid:[59235] qname:[instagram.com.] qtype:[A] respid:[59235] rcode:[NOERROR] respflags:[qr rd ra] err:[<nil>] duration:[87.965621ms]
2025/05/21 05:38:27 worker:[0] reqid:[8901] qname:[wikipedia.org.] qtype:[A] respid:[8901] rcode:[NOERROR] respflags:[qr rd ra] err:[<nil>] duration:[87.956648ms]
2025/05/21 05:38:27 worker:[0] reqid:[55616] qname:[x.com.] qtype:[A] respid:[55616] rcode:[NOERROR] respflags:[qr rd ra] err:[<nil>] duration:[87.041845ms]
2025/05/21 05:38:27 worker:[0] reqid:[62177] qname:[amazon.com.] qtype:[A] respid:[62177] rcode:[NOERROR] respflags:[qr rd ra] err:[<nil>] duration:[92.062526ms]
2025/05/21 05:38:27 worker:[0] reqid:[14420] qname:[tiktok.com.] qtype:[A] respid:[14420] rcode:[NOERROR] respflags:[qr rd ra] err:[<nil>] duration:[89.060845ms]
2025/05/21 05:38:27 worker:[0] reqid:[62463] qname:[whatsapp.com.] qtype:[A] respid:[62463] rcode:[NOERROR] respflags:[qr rd ra] err:[<nil>] duration:[90.182368ms]
2025/05/21 05:38:27 worker:[0] reqid:[7060] qname:[yahoo.com.] qtype:[A] respid:[7060] rcode:[NOERROR] respflags:[qr rd ra] err:[<nil>] duration:[90.211571ms]
2025/05/21 05:38:27 worker:[0] reqid:[22391] qname:[google.com.] qtype:[A] respid:[22391] rcode:[NOERROR] respflags:[qr rd ra] err:[<nil>] duration:[89.908517ms]
2025/05/21 05:38:27 worker:[0] reqid:[45981] qname:[googleusercontent.com.] qtype:[A] respid:[45981] rcode:[NOERROR] respflags:[qr rd ra] err:[<nil>] duration:[92.88852ms]
2025/05/21 05:38:27 worker:[0] reqid:[17162] qname:[facebook.com.] qtype:[A] respid:[17162] rcode:[NOERROR] respflags:[qr rd ra] err:[<nil>] duration:[87.747854ms]
2025/05/21 05:38:28 worker:[0] reqid:[54710] qname:[instagram.com.] qtype:[A] respid:[54710] rcode:[NOERROR] respflags:[qr rd ra] err:[<nil>] duration:[294.434492ms]
2025/05/21 05:38:28 worker:[0] reqid:[13122] qname:[wikipedia.org.] qtype:[A] respid:[13122] rcode:[NOERROR] respflags:[qr rd ra] err:[<nil>] duration:[502.548704ms]
2025/05/21 05:38:29 worker:[0] reqid:[33131] qname:[x.com.] qtype:[A] respid:[33131] rcode:[NOERROR] respflags:[qr rd ra] err:[<nil>] duration:[928.962875ms]
2025/05/21 05:38:31 worker:[0] reqid:[51077] qname:[amazon.com.] qtype:[A] respid:[51077] rcode:[NOERROR] respflags:[qr rd ra] err:[<nil>] duration:[1.726578281s]
2025/05/21 05:38:31 worker:[0] reqid:[62406] qname:[tiktok.com.] qtype:[A] respid:[62406] rcode:[NOERROR] respflags:[qr rd ra] err:[<nil>] duration:[87.73086ms]
2025/05/21 05:38:31 worker:[0] reqid:[23158] qname:[whatsapp.com.] qtype:[A] respid:[23158] rcode:[NOERROR] respflags:[qr rd ra] err:[<nil>] duration:[86.987943ms]
2025/05/21 05:38:31 worker:[0] reqid:[58011] qname:[yahoo.com.] qtype:[A] respid:[58011] rcode:[NOERROR] respflags:[qr rd ra] err:[<nil>] duration:[87.035554ms]
2025/05/21 05:38:31 worker:[0] reqid:[6442] qname:[google.com.] qtype:[A] respid:[6442] rcode:[NOERROR] respflags:[qr rd ra] err:[<nil>] duration:[87.691316ms]
2025/05/21 05:38:31 worker:[0] reqid:[55203] qname:[googleusercontent.com.] qtype:[A] respid:[55203] rcode:[NOERROR] respflags:[qr rd ra] err:[<nil>] duration:[88.073882ms]
2025/05/21 05:38:31 worker:[0] reqid:[50079] qname:[facebook.com.] qtype:[A] respid:[50079] rcode:[NOERROR] respflags:[qr rd ra] err:[<nil>] duration:[87.439554ms]
2025/05/21 05:38:31 worker:[0] reqid:[43467] qname:[instagram.com.] qtype:[A] respid:[43467] rcode:[NOERROR] respflags:[qr rd ra] err:[<nil>] duration:[86.924046ms]
2025/05/21 05:38:32 worker:[0] reqid:[11755] qname:[wikipedia.org.] qtype:[A] respid:[11755] rcode:[NOERROR] respflags:[qr rd ra] err:[<nil>] duration:[89.405977ms]
2025/05/21 05:38:32 worker:[0] reqid:[14451] qname:[x.com.] qtype:[A] respid:[14451] rcode:[NOERROR] respflags:[qr rd ra] err:[<nil>] duration:[89.991551ms]
2025/05/21 05:38:32 worker:[0] reqid:[19006] qname:[amazon.com.] qtype:[A] respid:[19006] rcode:[NOERROR] respflags:[qr rd ra] err:[<nil>] duration:[86.659427ms]
2025/05/21 05:38:32 worker:[0] reqid:[44276] qname:[tiktok.com.] qtype:[A] respid:[44276] rcode:[NOERROR] respflags:[qr rd ra] err:[<nil>] duration:[87.128879ms]
2025/05/21 05:38:32 worker:[0] reqid:[609] qname:[whatsapp.com.] qtype:[A] respid:[609] rcode:[NOERROR] respflags:[qr rd ra] err:[<nil>] duration:[87.259759ms]
2025/05/21 05:38:32 worker:[0] reqid:[49525] qname:[yahoo.com.] qtype:[A] respid:[49525] rcode:[NOERROR] respflags:[qr rd ra] err:[<nil>] duration:[91.429246ms]
2025/05/21 05:38:32 worker:[0] reqid:[27786] qname:[google.com.] qtype:[A] respid:[27786] rcode:[NOERROR] respflags:[qr rd ra] err:[<nil>] duration:[88.784464ms]
2025/05/21 05:38:32 worker:[0] reqid:[23505] qname:[googleusercontent.com.] qtype:[A] respid:[23505] rcode:[NOERROR] respflags:[qr rd ra] err:[<nil>] duration:[88.031146ms]
2025/05/21 05:38:32 worker:[0] reqid:[18435] qname:[facebook.com.] qtype:[A] respid:[18435] rcode:[NOERROR] respflags:[qr rd ra] err:[<nil>] duration:[89.53952ms]
2025/05/21 05:38:32 worker:[0] reqid:[2953] qname:[instagram.com.] qtype:[A] respid:[2953] rcode:[NOERROR] respflags:[qr rd ra] err:[<nil>] duration:[87.143938ms]
2025/05/21 05:38:33 worker:[0] reqid:[58394] qname:[wikipedia.org.] qtype:[A] respid:[58394] rcode:[NOERROR] respflags:[qr rd ra] err:[<nil>] duration:[672.848171ms]
2025/05/21 05:38:33 worker:[0] reqid:[32948] qname:[x.com.] qtype:[A] respid:[32948] rcode:[NOERROR] respflags:[qr rd ra] err:[<nil>] duration:[121.589477ms]
2025/05/21 05:38:33 worker:[0] reqid:[2234] qname:[amazon.com.] qtype:[A] respid:[2234] rcode:[NOERROR] respflags:[qr rd ra] err:[<nil>] duration:[171.533478ms]
2025/05/21 05:38:33 worker:[0] reqid:[28513] qname:[tiktok.com.] qtype:[A] respid:[28513] rcode:[NOERROR] respflags:[qr rd ra] err:[<nil>] duration:[87.911593ms]
2025/05/21 05:38:33 worker:[0] reqid:[51457] qname:[whatsapp.com.] qtype:[A] respid:[51457] rcode:[NOERROR] respflags:[qr rd ra] err:[<nil>] duration:[88.282125ms]
2025/05/21 05:38:34 worker:[0] reqid:[31193] qname:[yahoo.com.] qtype:[A] respid:[31193] rcode:[NOERROR] respflags:[qr rd ra] err:[<nil>] duration:[89.480237ms]
2025/05/21 05:38:34 worker:[0] reqid:[12326] qname:[google.com.] qtype:[A] respid:[12326] rcode:[NOERROR] respflags:[qr rd ra] err:[<nil>] duration:[88.225374ms]
2025/05/21 05:38:34 worker:[0] reqid:[58540] qname:[googleusercontent.com.] qtype:[A] respid:[58540] rcode:[NOERROR] respflags:[qr rd ra] err:[<nil>] duration:[88.426755ms]
2025/05/21 05:38:34 worker:[0] reqid:[44643] qname:[facebook.com.] qtype:[A] respid:[44643] rcode:[NOERROR] respflags:[qr rd ra] err:[<nil>] duration:[87.782593ms]
2025/05/21 05:38:34 worker:[0] reqid:[64397] qname:[instagram.com.] qtype:[A] respid:[64397] rcode:[NOERROR] respflags:[qr rd ra] err:[<nil>] duration:[88.745232ms]
2025/05/21 05:38:34 worker:[0] reqid:[39252] qname:[wikipedia.org.] qtype:[A] respid:[39252] rcode:[NOERROR] respflags:[qr rd ra] err:[<nil>] duration:[87.393946ms]
2025/05/21 05:38:34 worker:[0] reqid:[53911] qname:[x.com.] qtype:[A] respid:[53911] rcode:[NOERROR] respflags:[qr rd ra] err:[<nil>] duration:[87.487586ms]
2025/05/21 05:38:34 worker:[0] reqid:[9843] qname:[amazon.com.] qtype:[A] respid:[9843] rcode:[NOERROR] respflags:[qr rd ra] err:[<nil>] duration:[87.420789ms]
2025/05/21 05:38:34 worker:[0] reqid:[23246] qname:[tiktok.com.] qtype:[A] respid:[23246] rcode:[NOERROR] respflags:[qr rd ra] err:[<nil>] duration:[86.700292ms]
2025/05/21 05:38:34 worker:[0] reqid:[4089] qname:[whatsapp.com.] qtype:[A] respid:[4089] rcode:[NOERROR] respflags:[qr rd ra] err:[<nil>] duration:[89.052107ms]
2025/05/21 05:38:35 worker:[0] reqid:[37205] qname:[yahoo.com.] qtype:[A] respid:[37205] rcode:[NOERROR] respflags:[qr rd ra] err:[<nil>] duration:[292.62827ms]
2025/05/21 05:38:35 worker:[0] reqid:[39194] qname:[google.com.] qtype:[A] respid:[39194] rcode:[NOERROR] respflags:[qr rd ra] err:[<nil>] duration:[87.424518ms]
2025/05/21 05:38:35 worker:[0] reqid:[25058] qname:[googleusercontent.com.] qtype:[A] respid:[25058] rcode:[NOERROR] respflags:[qr rd ra] err:[<nil>] duration:[88.516964ms]
2025/05/21 05:38:35 worker:[0] reqid:[50309] qname:[facebook.com.] qtype:[A] respid:[50309] rcode:[NOERROR] respflags:[qr rd ra] err:[<nil>] duration:[88.146803ms]
2025/05/21 05:38:35 worker:[0] reqid:[11215] qname:[instagram.com.] qtype:[A] respid:[11215] rcode:[NOERROR] respflags:[qr rd ra] err:[<nil>] duration:[88.155828ms]
2025/05/21 05:38:35 worker:[0] reqid:[59891] qname:[wikipedia.org.] qtype:[A] respid:[59891] rcode:[NOERROR] respflags:[qr rd ra] err:[<nil>] duration:[294.611573ms]
2025/05/21 05:38:36 worker:[0] reqid:[35018] qname:[x.com.] qtype:[A] respid:[35018] rcode:[NOERROR] respflags:[qr rd ra] err:[<nil>] duration:[523.505346ms]
2025/05/21 05:38:36 worker:[0] reqid:[28850] qname:[amazon.com.] qtype:[A] respid:[28850] rcode:[NOERROR] respflags:[qr rd ra] err:[<nil>] duration:[87.539464ms]
2025/05/21 05:38:36 worker:[0] reqid:[36317] qname:[tiktok.com.] qtype:[A] respid:[36317] rcode:[NOERROR] respflags:[qr rd ra] err:[<nil>] duration:[94.059869ms]
2025/05/21 05:38:36 worker:[0] reqid:[10369] qname:[whatsapp.com.] qtype:[A] respid:[10369] rcode:[NOERROR] respflags:[qr rd ra] err:[<nil>] duration:[87.395788ms]
2025/05/21 05:38:36 worker:[0] reqid:[34304] qname:[yahoo.com.] qtype:[A] respid:[34304] rcode:[NOERROR] respflags:[qr rd ra] err:[<nil>] duration:[96.236832ms]
2025/05/21 05:38:36 worker:[0] reqid:[51615] qname:[google.com.] qtype:[A] respid:[51615] rcode:[NOERROR] respflags:[qr rd ra] err:[<nil>] duration:[88.09631ms]
2025/05/21 05:38:36 worker:[0] reqid:[52900] qname:[googleusercontent.com.] qtype:[A] respid:[52900] rcode:[NOERROR] respflags:[qr rd ra] err:[<nil>] duration:[87.532165ms]
2025/05/21 05:38:36 worker:[0] reqid:[6912] qname:[facebook.com.] qtype:[A] respid:[6912] rcode:[NOERROR] respflags:[qr rd ra] err:[<nil>] duration:[88.746092ms]
2025/05/21 05:38:37 worker:[0] reqid:[110] qname:[instagram.com.] qtype:[A] respid:[110] rcode:[NOERROR] respflags:[qr rd ra] err:[<nil>] duration:[88.421351ms]
2025/05/21 05:38:37 worker:[0] reqid:[32552] qname:[wikipedia.org.] qtype:[A] respid:[32552] rcode:[NOERROR] respflags:[qr rd ra] err:[<nil>] duration:[87.145049ms]
2025/05/21 05:38:37 worker:[0] reqid:[25241] qname:[x.com.] qtype:[A] respid:[25241] rcode:[NOERROR] respflags:[qr rd ra] err:[<nil>] duration:[294.182746ms]
2025/05/21 05:38:37 worker:[0] reqid:[17865] qname:[amazon.com.] qtype:[A] respid:[17865] rcode:[NOERROR] respflags:[qr rd ra] err:[<nil>] duration:[88.700123ms]
2025/05/21 05:38:37 worker:[0] reqid:[30920] qname:[tiktok.com.] qtype:[A] respid:[30920] rcode:[NOERROR] respflags:[qr rd ra] err:[<nil>] duration:[88.09167ms]
2025/05/21 05:38:37 worker:[0] reqid:[4443] qname:[whatsapp.com.] qtype:[A] respid:[4443] rcode:[NOERROR] respflags:[qr rd ra] err:[<nil>] duration:[86.645388ms]
2025/05/21 05:38:37 worker:[0] reqid:[33203] qname:[yahoo.com.] qtype:[A] respid:[33203] rcode:[NOERROR] respflags:[qr rd ra] err:[<nil>] duration:[87.227909ms]
2025/05/21 05:38:37 worker:[0] reqid:[14886] qname:[google.com.] qtype:[A] respid:[14886] rcode:[NOERROR] respflags:[qr rd ra] err:[<nil>] duration:[87.308891ms]
2025/05/21 05:38:38 worker:[0] reqid:[27690] qname:[googleusercontent.com.] qtype:[A] respid:[27690] rcode:[NOERROR] respflags:[qr rd ra] err:[<nil>] duration:[298.873403ms]
2025/05/21 05:38:38 worker:[0] reqid:[13192] qname:[facebook.com.] qtype:[A] respid:[13192] rcode:[NOERROR] respflags:[qr rd ra] err:[<nil>] duration:[86.939545ms]
2025/05/21 05:38:38 worker:[0] reqid:[8586] qname:[instagram.com.] qtype:[A] respid:[8586] rcode:[NOERROR] respflags:[qr rd ra] err:[<nil>] duration:[89.652232ms]
2025/05/21 05:38:38 worker:[0] reqid:[54417] qname:[wikipedia.org.] qtype:[A] respid:[54417] rcode:[NOERROR] respflags:[qr rd ra] err:[<nil>] duration:[87.245599ms]
2025/05/21 05:38:38 worker:[0] reqid:[57670] qname:[x.com.] qtype:[A] respid:[57670] rcode:[NOERROR] respflags:[qr rd ra] err:[<nil>] duration:[86.893937ms]
2025/05/21 05:38:38 worker:[0] reqid:[61115] qname:[amazon.com.] qtype:[A] respid:[61115] rcode:[NOERROR] respflags:[qr rd ra] err:[<nil>] duration:[296.679414ms]
2025/05/21 05:38:38 worker:[0] reqid:[7455] qname:[tiktok.com.] qtype:[A] respid:[7455] rcode:[NOERROR] respflags:[qr rd ra] err:[<nil>] duration:[85.938126ms]
2025/05/21 05:38:38 worker:[0] reqid:[9966] qname:[whatsapp.com.] qtype:[A] respid:[9966] rcode:[NOERROR] respflags:[qr rd ra] err:[<nil>] duration:[88.41849ms]
2025/05/21 05:38:39 worker:[0] reqid:[6640] qname:[yahoo.com.] qtype:[A] respid:[6640] rcode:[NOERROR] respflags:[qr rd ra] err:[<nil>] duration:[87.777678ms]
2025/05/21 05:38:39 worker:[0] reqid:[64384] qname:[google.com.] qtype:[A] respid:[64384] rcode:[NOERROR] respflags:[qr rd ra] err:[<nil>] duration:[87.427383ms]
2025/05/21 05:38:39 worker:[0] reqid:[7803] qname:[googleusercontent.com.] qtype:[A] respid:[7803] rcode:[NOERROR] respflags:[qr rd ra] err:[<nil>] duration:[87.763482ms]
2025/05/21 05:38:39 worker:[0] reqid:[29155] qname:[facebook.com.] qtype:[A] respid:[29155] rcode:[NOERROR] respflags:[qr rd ra] err:[<nil>] duration:[87.70828ms]
2025/05/21 05:38:39 worker:[0] reqid:[1204] qname:[instagram.com.] qtype:[A] respid:[1204] rcode:[NOERROR] respflags:[qr rd ra] err:[<nil>] duration:[88.535505ms]
2025/05/21 05:38:39 worker:[0] reqid:[21980] qname:[wikipedia.org.] qtype:[A] respid:[21980] rcode:[NOERROR] respflags:[qr rd ra] err:[<nil>] duration:[86.731386ms]
2025/05/21 05:38:39 worker:[0] reqid:[32472] qname:[x.com.] qtype:[A] respid:[32472] rcode:[NOERROR] respflags:[qr rd ra] err:[<nil>] duration:[91.570248ms]
2025/05/21 05:38:39 worker:[0] reqid:[10530] qname:[amazon.com.] qtype:[A] respid:[10530] rcode:[NOERROR] respflags:[qr rd ra] err:[<nil>] duration:[88.452119ms]
2025/05/21 05:38:39 worker:[0] reqid:[36274] qname:[tiktok.com.] qtype:[A] respid:[36274] rcode:[NOERROR] respflags:[qr rd ra] err:[<nil>] duration:[88.555151ms]
2025/05/21 05:38:40 worker:[0] reqid:[62553] qname:[whatsapp.com.] qtype:[A] respid:[62553] rcode:[NOERROR] respflags:[qr rd ra] err:[<nil>] duration:[296.573483ms]
2025/05/21 05:38:40 worker:[0] reqid:[41627] qname:[yahoo.com.] qtype:[A] respid:[41627] rcode:[NOERROR] respflags:[qr rd ra] err:[<nil>] duration:[88.27787ms]
2025/05/21 05:38:40 worker:[0] reqid:[54352] qname:[google.com.] qtype:[A] respid:[54352] rcode:[NOERROR] respflags:[qr rd ra] err:[<nil>] duration:[86.95323ms]
2025/05/21 05:38:40 worker:[0] reqid:[35358] qname:[googleusercontent.com.] qtype:[A] respid:[35358] rcode:[NOERROR] respflags:[qr rd ra] err:[<nil>] duration:[295.217417ms]
2025/05/21 05:38:40 worker:[0] reqid:[63343] qname:[facebook.com.] qtype:[A] respid:[63343] rcode:[NOERROR] respflags:[qr rd ra] err:[<nil>] duration:[86.858975ms]
2025/05/21 05:38:40 worker:[0] reqid:[56776] qname:[instagram.com.] qtype:[A] respid:[56776] rcode:[NOERROR] respflags:[qr rd ra] err:[<nil>] duration:[87.640234ms]
2025/05/21 05:38:40 worker:[0] reqid:[44237] qname:[wikipedia.org.] qtype:[A] respid:[44237] rcode:[NOERROR] respflags:[qr rd ra] err:[<nil>] duration:[293.274458ms]
2025/05/21 05:38:41 worker:[0] reqid:[61254] qname:[x.com.] qtype:[A] respid:[61254] rcode:[NOERROR] respflags:[qr rd ra] err:[<nil>] duration:[87.406963ms]
2025/05/21 05:38:41 worker:[0] reqid:[30329] qname:[amazon.com.] qtype:[A] respid:[30329] rcode:[NOERROR] respflags:[qr rd ra] err:[<nil>] duration:[87.117547ms]
2025/05/21 05:38:41 worker:[0] reqid:[25766] qname:[tiktok.com.] qtype:[A] respid:[25766] rcode:[NOERROR] respflags:[qr rd ra] err:[<nil>] duration:[90.450749ms]
2025/05/21 05:38:41 worker:[0] reqid:[17177] qname:[whatsapp.com.] qtype:[A] respid:[17177] rcode:[NOERROR] respflags:[qr rd ra] err:[<nil>] duration:[88.927502ms]
2025/05/21 05:38:41 worker:[0] reqid:[56574] qname:[yahoo.com.] qtype:[A] respid:[56574] rcode:[NOERROR] respflags:[qr rd ra] err:[<nil>] duration:[98.320805ms]
2025/05/21 05:38:41 worker:[0] reqid:[17720] qname:[google.com.] qtype:[A] respid:[17720] rcode:[NOERROR] respflags:[qr rd ra] err:[<nil>] duration:[90.776279ms]
2025/05/21 05:38:41 worker:[0] reqid:[7312] qname:[googleusercontent.com.] qtype:[A] respid:[7312] rcode:[NOERROR] respflags:[qr rd ra] err:[<nil>] duration:[88.537227ms]
2025/05/21 05:38:41 worker:[0] reqid:[57509] qname:[facebook.com.] qtype:[A] respid:[57509] rcode:[NOERROR] respflags:[qr rd ra] err:[<nil>] duration:[88.429706ms]
2025/05/21 05:38:41 worker:[0] reqid:[22785] qname:[instagram.com.] qtype:[A] respid:[22785] rcode:[NOERROR] respflags:[qr rd ra] err:[<nil>] duration:[87.008798ms]
2025/05/21 05:38:41 worker:[0] reqid:[25476] qname:[wikipedia.org.] qtype:[A] respid:[25476] rcode:[NOERROR] respflags:[qr rd ra] err:[<nil>] duration:[89.060466ms]
2025/05/21 05:38:41 worker:[0] reqid:[27736] qname:[x.com.] qtype:[A] respid:[27736] rcode:[NOERROR] respflags:[qr rd ra] err:[<nil>] duration:[89.351179ms]
2025/05/21 05:38:42 worker:[0] reqid:[20684] qname:[amazon.com.] qtype:[A] respid:[20684] rcode:[NOERROR] respflags:[qr rd ra] err:[<nil>] duration:[87.128408ms]
2025/05/21 05:38:42 worker:[0] reqid:[31522] qname:[tiktok.com.] qtype:[A] respid:[31522] rcode:[NOERROR] respflags:[qr rd ra] err:[<nil>] duration:[87.662431ms]
2025/05/21 05:38:42 worker:[0] reqid:[36444] qname:[whatsapp.com.] qtype:[A] respid:[36444] rcode:[NOERROR] respflags:[qr rd ra] err:[<nil>] duration:[97.917029ms]
2025/05/21 05:38:42 worker:[0] reqid:[19950] qname:[yahoo.com.] qtype:[A] respid:[19950] rcode:[NOERROR] respflags:[qr rd ra] err:[<nil>] duration:[110.845534ms]
2025/05/21 05:38:42 worker:[0] reqid:[60482] qname:[google.com.] qtype:[A] respid:[60482] rcode:[NOERROR] respflags:[qr rd ra] err:[<nil>] duration:[393.92271ms]
2025/05/21 05:38:42 worker:[0] reqid:[50159] qname:[googleusercontent.com.] qtype:[A] respid:[50159] rcode:[NOERROR] respflags:[qr rd ra] err:[<nil>] duration:[114.085551ms]
2025/05/21 05:38:42 worker:[0] reqid:[8328] qname:[facebook.com.] qtype:[A] respid:[8328] rcode:[NOERROR] respflags:[qr rd ra] err:[<nil>] duration:[87.630874ms]
2025/05/21 05:38:43 worker:[0] reqid:[24979] qname:[instagram.com.] qtype:[A] respid:[24979] rcode:[NOERROR] respflags:[qr rd ra] err:[<nil>] duration:[88.812762ms]
2025/05/21 05:38:43 worker:[0] reqid:[15814] qname:[wikipedia.org.] qtype:[A] respid:[15814] rcode:[NOERROR] respflags:[qr rd ra] err:[<nil>] duration:[294.129637ms]
2025/05/21 05:38:43 worker:[0] reqid:[33162] qname:[x.com.] qtype:[A] respid:[33162] rcode:[NOERROR] respflags:[qr rd ra] err:[<nil>] duration:[87.246451ms]
2025/05/21 05:38:43 worker:[0] reqid:[58418] qname:[amazon.com.] qtype:[A] respid:[58418] rcode:[NOERROR] respflags:[qr rd ra] err:[<nil>] duration:[88.83196ms]
2025/05/21 05:38:43 worker:[0] reqid:[56106] qname:[tiktok.com.] qtype:[A] respid:[56106] rcode:[NOERROR] respflags:[qr rd ra] err:[<nil>] duration:[87.863266ms]
2025/05/21 05:38:43 worker:[0] reqid:[19529] qname:[whatsapp.com.] qtype:[A] respid:[19529] rcode:[NOERROR] respflags:[qr rd ra] err:[<nil>] duration:[88.295854ms]
2025/05/21 05:38:43 worker:[0] reqid:[30703] qname:[yahoo.com.] qtype:[A] respid:[30703] rcode:[NOERROR] respflags:[qr rd ra] err:[<nil>] duration:[87.262753ms]
2025/05/21 05:38:43 worker:[0] reqid:[50619] qname:[google.com.] qtype:[A] respid:[50619] rcode:[NOERROR] respflags:[qr rd ra] err:[<nil>] duration:[87.454497ms]
2025/05/21 05:38:43 worker:[0] reqid:[45380] qname:[googleusercontent.com.] qtype:[A] respid:[45380] rcode:[NOERROR] respflags:[qr rd ra] err:[<nil>] duration:[88.406774ms]
2025/05/21 05:38:44 worker:[0] reqid:[59919] qname:[facebook.com.] qtype:[A] respid:[59919] rcode:[NOERROR] respflags:[qr rd ra] err:[<nil>] duration:[88.360734ms]
2025/05/21 05:38:44 worker:[0] reqid:[14719] qname:[instagram.com.] qtype:[A] respid:[14719] rcode:[NOERROR] respflags:[qr rd ra] err:[<nil>] duration:[97.378974ms]
2025/05/21 05:38:44 worker:[0] reqid:[19397] qname:[wikipedia.org.] qtype:[A] respid:[19397] rcode:[NOERROR] respflags:[qr rd ra] err:[<nil>] duration:[90.1473ms]
2025/05/21 05:38:44 worker:[0] reqid:[14782] qname:[x.com.] qtype:[A] respid:[14782] rcode:[NOERROR] respflags:[qr rd ra] err:[<nil>] duration:[89.075048ms]
2025/05/21 05:38:44 worker:[0] reqid:[10537] qname:[amazon.com.] qtype:[A] respid:[10537] rcode:[NOERROR] respflags:[qr rd ra] err:[<nil>] duration:[92.024861ms]
2025/05/21 05:38:44 worker:[0] reqid:[23188] qname:[tiktok.com.] qtype:[A] respid:[23188] rcode:[NOERROR] respflags:[qr rd ra] err:[<nil>] duration:[88.416835ms]
2025/05/21 05:38:44 worker:[0] reqid:[6155] qname:[whatsapp.com.] qtype:[A] respid:[6155] rcode:[NOERROR] respflags:[qr rd ra] err:[<nil>] duration:[88.596466ms]
2025/05/21 05:38:44 worker:[0] reqid:[41197] qname:[yahoo.com.] qtype:[A] respid:[41197] rcode:[NOERROR] respflags:[qr rd ra] err:[<nil>] duration:[89.520772ms]
2025/05/21 05:38:44 worker:[0] reqid:[15842] qname:[google.com.] qtype:[A] respid:[15842] rcode:[NOERROR] respflags:[qr rd ra] err:[<nil>] duration:[89.496726ms]
2025/05/21 05:38:44 worker:[0] reqid:[27950] qname:[googleusercontent.com.] qtype:[A] respid:[27950] rcode:[NOERROR] respflags:[qr rd ra] err:[<nil>] duration:[87.287985ms]
2025/05/21 05:38:44 worker:[0] reqid:[51776] qname:[facebook.com.] qtype:[A] respid:[51776] rcode:[NOERROR] respflags:[qr rd ra] err:[<nil>] duration:[86.742148ms]
2025/05/21 05:38:45 worker:[0] reqid:[33111] qname:[instagram.com.] qtype:[A] respid:[33111] rcode:[NOERROR] respflags:[qr rd ra] err:[<nil>] duration:[725.647844ms]
2025/05/21 05:38:45 worker:[0] reqid:[22586] qname:[wikipedia.org.] qtype:[A] respid:[22586] rcode:[NOERROR] respflags:[qr rd ra] err:[<nil>] duration:[86.311272ms]
2025/05/21 05:38:45 worker:[0] reqid:[23396] qname:[x.com.] qtype:[A] respid:[23396] rcode:[NOERROR] respflags:[qr rd ra] err:[<nil>] duration:[87.21902ms]
2025/05/21 05:38:45 worker:[0] reqid:[27256] qname:[amazon.com.] qtype:[A] respid:[27256] rcode:[NOERROR] respflags:[qr rd ra] err:[<nil>] duration:[87.327207ms]
2025/05/21 05:38:46 worker:[0] reqid:[8058] qname:[tiktok.com.] qtype:[A] respid:[8058] rcode:[NOERROR] respflags:[qr rd ra] err:[<nil>] duration:[88.159324ms]
2025/05/21 05:38:46 worker:[0] reqid:[21248] qname:[whatsapp.com.] qtype:[A] respid:[21248] rcode:[NOERROR] respflags:[qr rd ra] err:[<nil>] duration:[293.260686ms]
2025/05/21 05:38:46 worker:[0] reqid:[11545] qname:[yahoo.com.] qtype:[A] respid:[11545] rcode:[NOERROR] respflags:[qr rd ra] err:[<nil>] duration:[87.825515ms]
2025/05/21 05:38:46 worker:[0] reqid:[10464] qname:[google.com.] qtype:[A] respid:[10464] rcode:[NOERROR] respflags:[qr rd ra] err:[<nil>] duration:[89.484889ms]
2025/05/21 05:38:46 worker:[0] reqid:[62205] qname:[googleusercontent.com.] qtype:[A] respid:[62205] rcode:[NOERROR] respflags:[qr rd ra] err:[<nil>] duration:[87.684826ms]
2025/05/21 05:38:46 worker:[0] reqid:[51708] qname:[facebook.com.] qtype:[A] respid:[51708] rcode:[NOERROR] respflags:[qr rd ra] err:[<nil>] duration:[88.712032ms]
2025/05/21 05:38:46 worker:[0] reqid:[13948] qname:[instagram.com.] qtype:[A] respid:[13948] rcode:[NOERROR] respflags:[qr rd ra] err:[<nil>] duration:[88.035686ms]
2025/05/21 05:38:46 worker:[0] reqid:[20476] qname:[wikipedia.org.] qtype:[A] respid:[20476] rcode:[NOERROR] respflags:[qr rd ra] err:[<nil>] duration:[87.035798ms]
2025/05/21 05:38:46 worker:[0] reqid:[31610] qname:[x.com.] qtype:[A] respid:[31610] rcode:[NOERROR] respflags:[qr rd ra] err:[<nil>] duration:[87.402024ms]
2025/05/21 05:38:47 worker:[0] reqid:[27765] qname:[amazon.com.] qtype:[A] respid:[27765] rcode:[NOERROR] respflags:[qr rd ra] err:[<nil>] duration:[294.038983ms]
2025/05/21 05:38:47 worker:[0] reqid:[58240] qname:[tiktok.com.] qtype:[A] respid:[58240] rcode:[NOERROR] respflags:[qr rd ra] err:[<nil>] duration:[87.594444ms]
2025/05/21 05:38:47 worker:[0] reqid:[5953] qname:[whatsapp.com.] qtype:[A] respid:[5953] rcode:[NOERROR] respflags:[qr rd ra] err:[<nil>] duration:[88.272996ms]
2025/05/21 05:38:47 worker:[0] reqid:[1201] qname:[yahoo.com.] qtype:[A] respid:[1201] rcode:[NOERROR] respflags:[qr rd ra] err:[<nil>] duration:[88.478488ms]
2025/05/21 05:38:47 worker:[0] reqid:[63594] qname:[google.com.] qtype:[A] respid:[63594] rcode:[NOERROR] respflags:[qr rd ra] err:[<nil>] duration:[88.775158ms]
2025/05/21 05:38:47 worker:[0] reqid:[7574] qname:[googleusercontent.com.] qtype:[A] respid:[7574] rcode:[NOERROR] respflags:[qr rd ra] err:[<nil>] duration:[86.968742ms]
2025/05/21 05:38:47 worker:[0] reqid:[23270] qname:[facebook.com.] qtype:[A] respid:[23270] rcode:[NOERROR] respflags:[qr rd ra] err:[<nil>] duration:[87.638635ms]
2025/05/21 05:38:47 worker:[0] reqid:[32635] qname:[instagram.com.] qtype:[A] respid:[32635] rcode:[NOERROR] respflags:[qr rd ra] err:[<nil>] duration:[89.076999ms]
2025/05/21 05:38:47 worker:[0] reqid:[3580] qname:[wikipedia.org.] qtype:[A] respid:[3580] rcode:[NOERROR] respflags:[qr rd ra] err:[<nil>] duration:[88.492779ms]
2025/05/21 05:38:48 worker:[0] reqid:[36038] qname:[x.com.] qtype:[A] respid:[36038] rcode:[NOERROR] respflags:[qr rd ra] err:[<nil>] duration:[293.142345ms]
2025/05/21 05:38:48 worker:[0] reqid:[9519] qname:[amazon.com.] qtype:[A] respid:[9519] rcode:[NOERROR] respflags:[qr rd ra] err:[<nil>] duration:[87.140803ms]
2025/05/21 05:38:48 worker:[0] reqid:[13579] qname:[tiktok.com.] qtype:[A] respid:[13579] rcode:[NOERROR] respflags:[qr rd ra] err:[<nil>] duration:[87.26844ms]
2025/05/21 05:38:48 worker:[0] reqid:[61448] qname:[whatsapp.com.] qtype:[A] respid:[61448] rcode:[NOERROR] respflags:[qr rd ra] err:[<nil>] duration:[88.282797ms]
2025/05/21 05:38:48 worker:[0] reqid:[16083] qname:[yahoo.com.] qtype:[A] respid:[16083] rcode:[NOERROR] respflags:[qr rd ra] err:[<nil>] duration:[87.893513ms]
2025/05/21 05:38:48 worker:[0] reqid:[15135] qname:[google.com.] qtype:[A] respid:[15135] rcode:[NOERROR] respflags:[qr rd ra] err:[<nil>] duration:[87.558986ms]
2025/05/21 05:38:48 worker:[0] reqid:[15862] qname:[googleusercontent.com.] qtype:[A] respid:[15862] rcode:[NOERROR] respflags:[qr rd ra] err:[<nil>] duration:[87.348256ms]
2025/05/21 05:38:48 worker:[0] reqid:[19959] qname:[facebook.com.] qtype:[A] respid:[19959] rcode:[NOERROR] respflags:[qr rd ra] err:[<nil>] duration:[87.774499ms]
2025/05/21 05:38:48 worker:[0] reqid:[21052] qname:[instagram.com.] qtype:[A] respid:[21052] rcode:[NOERROR] respflags:[qr rd ra] err:[<nil>] duration:[86.963972ms]
2025/05/21 05:38:49 worker:[0] reqid:[24873] qname:[wikipedia.org.] qtype:[A] respid:[24873] rcode:[NOERROR] respflags:[qr rd ra] err:[<nil>] duration:[88.144647ms]
2025/05/21 05:38:49 worker:[0] reqid:[4748] qname:[x.com.] qtype:[A] respid:[4748] rcode:[NOERROR] respflags:[qr rd ra] err:[<nil>] duration:[88.168474ms]
2025/05/21 05:38:49 worker:[0] reqid:[23959] qname:[amazon.com.] qtype:[A] respid:[23959] rcode:[NOERROR] respflags:[qr rd ra] err:[<nil>] duration:[87.654539ms]
2025/05/21 05:38:49 worker:[0] reqid:[51549] qname:[tiktok.com.] qtype:[A] respid:[51549] rcode:[NOERROR] respflags:[qr rd ra] err:[<nil>] duration:[88.459442ms]
2025/05/21 05:38:49 worker:[0] reqid:[16070] qname:[whatsapp.com.] qtype:[A] respid:[16070] rcode:[NOERROR] respflags:[qr rd ra] err:[<nil>] duration:[88.088043ms]
2025/05/21 05:38:49 worker:[0] reqid:[3546] qname:[yahoo.com.] qtype:[A] respid:[3546] rcode:[NOERROR] respflags:[qr rd ra] err:[<nil>] duration:[87.571949ms]
2025/05/21 05:38:49 worker:[0] reqid:[17745] qname:[google.com.] qtype:[A] respid:[17745] rcode:[NOERROR] respflags:[qr rd ra] err:[<nil>] duration:[88.760086ms]
2025/05/21 05:38:49 worker:[0] reqid:[33642] qname:[googleusercontent.com.] qtype:[A] respid:[33642] rcode:[NOERROR] respflags:[qr rd ra] err:[<nil>] duration:[87.725504ms]
2025/05/21 05:38:49 worker:[0] reqid:[7229] qname:[facebook.com.] qtype:[A] respid:[7229] rcode:[NOERROR] respflags:[qr rd ra] err:[<nil>] duration:[87.378569ms]
2025/05/21 05:38:49 worker:[0] reqid:[19614] qname:[instagram.com.] qtype:[A] respid:[19614] rcode:[NOERROR] respflags:[qr rd ra] err:[<nil>] duration:[92.782686ms]
2025/05/21 05:38:49 worker:[0] reqid:[62900] qname:[wikipedia.org.] qtype:[A] respid:[62900] rcode:[NOERROR] respflags:[qr rd ra] err:[<nil>] duration:[87.296168ms]
2025/05/21 05:38:49 worker:[0] reqid:[31026] qname:[x.com.] qtype:[A] respid:[31026] rcode:[NOERROR] respflags:[qr rd ra] err:[<nil>] duration:[88.08829ms]
2025/05/21 05:38:50 worker:[0] reqid:[62204] qname:[amazon.com.] qtype:[A] respid:[62204] rcode:[NOERROR] respflags:[qr rd ra] err:[<nil>] duration:[89.1183ms]
2025/05/21 05:38:50 worker:[0] reqid:[47423] qname:[tiktok.com.] qtype:[A] respid:[47423] rcode:[NOERROR] respflags:[qr rd ra] err:[<nil>] duration:[87.688975ms]
2025/05/21 05:38:50 worker:[0] reqid:[22547] qname:[whatsapp.com.] qtype:[A] respid:[22547] rcode:[NOERROR] respflags:[qr rd ra] err:[<nil>] duration:[88.864366ms]
2025/05/21 05:38:50 worker:[0] reqid:[58579] qname:[yahoo.com.] qtype:[A] respid:[58579] rcode:[NOERROR] respflags:[qr rd ra] err:[<nil>] duration:[87.344374ms]
2025/05/21 05:38:50 worker:[0] reqid:[38616] qname:[google.com.] qtype:[A] respid:[38616] rcode:[NOERROR] respflags:[qr rd ra] err:[<nil>] duration:[87.878308ms]
2025/05/21 05:38:50 worker:[0] reqid:[62223] qname:[googleusercontent.com.] qtype:[A] respid:[62223] rcode:[NOERROR] respflags:[qr rd ra] err:[<nil>] duration:[88.292106ms]
2025/05/21 05:38:50 worker:[0] reqid:[26966] qname:[facebook.com.] qtype:[A] respid:[26966] rcode:[NOERROR] respflags:[qr rd ra] err:[<nil>] duration:[87.511726ms]
2025/05/21 05:38:50 worker:[0] reqid:[46550] qname:[instagram.com.] qtype:[A] respid:[46550] rcode:[NOERROR] respflags:[qr rd ra] err:[<nil>] duration:[87.630791ms]
2025/05/21 05:38:50 worker:[0] reqid:[39502] qname:[wikipedia.org.] qtype:[A] respid:[39502] rcode:[NOERROR] respflags:[qr rd ra] err:[<nil>] duration:[89.109194ms]
2025/05/21 05:38:50 worker:[0] reqid:[6238] qname:[x.com.] qtype:[A] respid:[6238] rcode:[NOERROR] respflags:[qr rd ra] err:[<nil>] duration:[88.24108ms]
2025/05/21 05:38:50 worker:[0] reqid:[12170] qname:[amazon.com.] qtype:[A] respid:[12170] rcode:[NOERROR] respflags:[qr rd ra] err:[<nil>] duration:[87.94338ms]
2025/05/21 05:38:51 worker:[0] reqid:[27960] qname:[tiktok.com.] qtype:[A] respid:[27960] rcode:[NOERROR] respflags:[qr rd ra] err:[<nil>] duration:[94.412868ms]
2025/05/21 05:38:51 worker:[0] reqid:[2139] qname:[whatsapp.com.] qtype:[A] respid:[2139] rcode:[NOERROR] respflags:[qr rd ra] err:[<nil>] duration:[89.588051ms]
2025/05/21 05:38:51 worker:[0] reqid:[3952] qname:[yahoo.com.] qtype:[A] respid:[3952] rcode:[NOERROR] respflags:[qr rd ra] err:[<nil>] duration:[87.769727ms]
2025/05/21 05:38:51 worker:[0] reqid:[54323] qname:[google.com.] qtype:[A] respid:[54323] rcode:[NOERROR] respflags:[qr rd ra] err:[<nil>] duration:[87.542313ms]
2025/05/21 05:38:51 worker:[0] reqid:[61403] qname:[googleusercontent.com.] qtype:[A] respid:[61403] rcode:[NOERROR] respflags:[qr rd ra] err:[<nil>] duration:[87.903942ms]
2025/05/21 05:38:51 worker:[0] reqid:[27995] qname:[facebook.com.] qtype:[A] respid:[27995] rcode:[NOERROR] respflags:[qr rd ra] err:[<nil>] duration:[88.384516ms]
2025/05/21 05:38:51 worker:[0] reqid:[678] qname:[instagram.com.] qtype:[A] respid:[678] rcode:[NOERROR] respflags:[qr rd ra] err:[<nil>] duration:[87.368471ms]
2025/05/21 05:38:51 worker:[0] reqid:[7217] qname:[wikipedia.org.] qtype:[A] respid:[7217] rcode:[NOERROR] respflags:[qr rd ra] err:[<nil>] duration:[280.332986ms]
2025/05/21 05:38:51 worker:[0] reqid:[12556] qname:[x.com.] qtype:[A] respid:[12556] rcode:[NOERROR] respflags:[qr rd ra] err:[<nil>] duration:[89.667862ms]
2025/05/21 05:38:52 worker:[0] reqid:[29882] qname:[amazon.com.] qtype:[A] respid:[29882] rcode:[NOERROR] respflags:[qr rd ra] err:[<nil>] duration:[89.548566ms]
2025/05/21 05:38:52 worker:[0] reqid:[59701] qname:[tiktok.com.] qtype:[A] respid:[59701] rcode:[NOERROR] respflags:[qr rd ra] err:[<nil>] duration:[94.850032ms]
2025/05/21 05:38:52 worker:[0] reqid:[7723] qname:[whatsapp.com.] qtype:[A] respid:[7723] rcode:[NOERROR] respflags:[qr rd ra] err:[<nil>] duration:[99.579903ms]
2025/05/21 05:38:52 worker:[0] reqid:[24122] qname:[yahoo.com.] qtype:[A] respid:[24122] rcode:[NOERROR] respflags:[qr rd ra] err:[<nil>] duration:[104.702282ms]
2025/05/21 05:38:52 worker:[0] reqid:[26265] qname:[google.com.] qtype:[A] respid:[26265] rcode:[NOERROR] respflags:[qr rd ra] err:[<nil>] duration:[102.798732ms]
2025/05/21 05:38:52 worker:[0] reqid:[15715] qname:[googleusercontent.com.] qtype:[A] respid:[15715] rcode:[NOERROR] respflags:[qr rd ra] err:[<nil>] duration:[93.064357ms]
2025/05/21 05:38:52 worker:[0] reqid:[6616] qname:[facebook.com.] qtype:[A] respid:[6616] rcode:[NOERROR] respflags:[qr rd ra] err:[<nil>] duration:[89.791355ms]
2025/05/21 05:38:52 worker:[0] reqid:[54480] qname:[instagram.com.] qtype:[A] respid:[54480] rcode:[NOERROR] respflags:[qr rd ra] err:[<nil>] duration:[88.55616ms]
2025/05/21 05:38:52 worker:[0] reqid:[23073] qname:[wikipedia.org.] qtype:[A] respid:[23073] rcode:[NOERROR] respflags:[qr rd ra] err:[<nil>] duration:[88.041499ms]
2025/05/21 05:38:52 worker:[0] reqid:[56135] qname:[x.com.] qtype:[A] respid:[56135] rcode:[NOERROR] respflags:[qr rd ra] err:[<nil>] duration:[87.154658ms]
2025/05/21 05:38:52 worker:[0] reqid:[36804] qname:[amazon.com.] qtype:[A] respid:[36804] rcode:[NOERROR] respflags:[qr rd ra] err:[<nil>] duration:[87.380482ms]
2025/05/21 05:38:53 worker:[0] reqid:[45068] qname:[tiktok.com.] qtype:[A] respid:[45068] rcode:[NOERROR] respflags:[qr rd ra] err:[<nil>] duration:[88.742447ms]
2025/05/21 05:38:53 worker:[0] reqid:[6043] qname:[whatsapp.com.] qtype:[A] respid:[6043] rcode:[NOERROR] respflags:[qr rd ra] err:[<nil>] duration:[87.959814ms]
2025/05/21 05:38:53 worker:[0] reqid:[22776] qname:[yahoo.com.] qtype:[A] respid:[22776] rcode:[NOERROR] respflags:[qr rd ra] err:[<nil>] duration:[88.270956ms]
2025/05/21 05:38:53 worker:[0] reqid:[53516] qname:[google.com.] qtype:[A] respid:[53516] rcode:[NOERROR] respflags:[qr rd ra] err:[<nil>] duration:[88.134365ms]
2025/05/21 05:38:53 worker:[0] reqid:[40459] qname:[googleusercontent.com.] qtype:[A] respid:[40459] rcode:[NOERROR] respflags:[qr rd ra] err:[<nil>] duration:[86.867305ms]
2025/05/21 05:38:53 worker:[0] reqid:[21305] qname:[facebook.com.] qtype:[A] respid:[21305] rcode:[NOERROR] respflags:[qr rd ra] err:[<nil>] duration:[88.474078ms]
2025/05/21 05:38:53 worker:[0] reqid:[2148] qname:[instagram.com.] qtype:[A] respid:[2148] rcode:[NOERROR] respflags:[qr rd ra] err:[<nil>] duration:[87.739026ms]
2025/05/21 05:38:53 worker:[0] reqid:[41999] qname:[wikipedia.org.] qtype:[A] respid:[41999] rcode:[NOERROR] respflags:[qr rd ra] err:[<nil>] duration:[86.158992ms]
2025/05/21 05:38:53 worker:[0] reqid:[32670] qname:[x.com.] qtype:[A] respid:[32670] rcode:[NOERROR] respflags:[qr rd ra] err:[<nil>] duration:[87.340488ms]
2025/05/21 05:38:53 worker:[0] reqid:[48592] qname:[amazon.com.] qtype:[A] respid:[48592] rcode:[NOERROR] respflags:[qr rd ra] err:[<nil>] duration:[87.534687ms]
2025/05/21 05:38:53 worker:[0] reqid:[4058] qname:[tiktok.com.] qtype:[A] respid:[4058] rcode:[NOERROR] respflags:[qr rd ra] err:[<nil>] duration:[88.244316ms]
2025/05/21 05:38:54 worker:[0] reqid:[65111] qname:[whatsapp.com.] qtype:[A] respid:[65111] rcode:[NOERROR] respflags:[qr rd ra] err:[<nil>] duration:[86.505817ms]
2025/05/21 05:38:54 worker:[0] reqid:[15202] qname:[yahoo.com.] qtype:[A] respid:[15202] rcode:[NOERROR] respflags:[qr rd ra] err:[<nil>] duration:[86.903962ms]
2025/05/21 05:38:54 worker:[0] reqid:[61448] qname:[google.com.] qtype:[A] respid:[61448] rcode:[NOERROR] respflags:[qr rd ra] err:[<nil>] duration:[87.133442ms]
2025/05/21 05:38:54 worker:[0] reqid:[29669] qname:[googleusercontent.com.] qtype:[A] respid:[29669] rcode:[NOERROR] respflags:[qr rd ra] err:[<nil>] duration:[87.949675ms]
2025/05/21 05:38:54 worker:[0] reqid:[29507] qname:[facebook.com.] qtype:[A] respid:[29507] rcode:[NOERROR] respflags:[qr rd ra] err:[<nil>] duration:[88.200142ms]
2025/05/21 05:38:54 worker:[0] reqid:[15290] qname:[instagram.com.] qtype:[A] respid:[15290] rcode:[NOERROR] respflags:[qr rd ra] err:[<nil>] duration:[87.724973ms]
2025/05/21 05:38:54 worker:[0] reqid:[56762] qname:[wikipedia.org.] qtype:[A] respid:[56762] rcode:[NOERROR] respflags:[qr rd ra] err:[<nil>] duration:[89.32396ms]
2025/05/21 05:38:54 worker:[0] reqid:[59113] qname:[x.com.] qtype:[A] respid:[59113] rcode:[NOERROR] respflags:[qr rd ra] err:[<nil>] duration:[90.391229ms]
2025/05/21 05:38:54 worker:[0] reqid:[4929] qname:[amazon.com.] qtype:[A] respid:[4929] rcode:[NOERROR] respflags:[qr rd ra] err:[<nil>] duration:[96.243035ms]
2025/05/21 05:38:54 worker:[0] reqid:[15245] qname:[tiktok.com.] qtype:[A] respid:[15245] rcode:[NOERROR] respflags:[qr rd ra] err:[<nil>] duration:[87.530419ms]
2025/05/21 05:38:54 worker:[0] reqid:[20760] qname:[whatsapp.com.] qtype:[A] respid:[20760] rcode:[NOERROR] respflags:[qr rd ra] err:[<nil>] duration:[88.99316ms]
2025/05/21 05:38:55 worker:[0] reqid:[861] qname:[yahoo.com.] qtype:[A] respid:[861] rcode:[NOERROR] respflags:[qr rd ra] err:[<nil>] duration:[87.196482ms]
2025/05/21 05:38:55 worker:[0] reqid:[11904] qname:[google.com.] qtype:[A] respid:[11904] rcode:[NOERROR] respflags:[qr rd ra] err:[<nil>] duration:[295.637662ms]
2025/05/21 05:38:55 worker:[0] reqid:[61818] qname:[googleusercontent.com.] qtype:[A] respid:[61818] rcode:[NOERROR] respflags:[qr rd ra] err:[<nil>] duration:[87.126638ms]
2025/05/21 05:38:55 worker:[0] reqid:[24649] qname:[facebook.com.] qtype:[A] respid:[24649] rcode:[NOERROR] respflags:[qr rd ra] err:[<nil>] duration:[86.985819ms]
2025/05/21 05:38:55 worker:[0] reqid:[10974] qname:[instagram.com.] qtype:[A] respid:[10974] rcode:[NOERROR] respflags:[qr rd ra] err:[<nil>] duration:[87.896399ms]
2025/05/21 05:38:55 worker:[0] reqid:[38406] qname:[wikipedia.org.] qtype:[A] respid:[38406] rcode:[NOERROR] respflags:[qr rd ra] err:[<nil>] duration:[88.761933ms]
2025/05/21 05:38:55 worker:[0] reqid:[28860] qname:[x.com.] qtype:[A] respid:[28860] rcode:[NOERROR] respflags:[qr rd ra] err:[<nil>] duration:[88.320501ms]
2025/05/21 05:38:55 worker:[0] reqid:[3500] qname:[amazon.com.] qtype:[A] respid:[3500] rcode:[NOERROR] respflags:[qr rd ra] err:[<nil>] duration:[91.552915ms]
2025/05/21 05:38:55 worker:[0] reqid:[35787] qname:[tiktok.com.] qtype:[A] respid:[35787] rcode:[NOERROR] respflags:[qr rd ra] err:[<nil>] duration:[88.622709ms]
2025/05/21 05:38:56 worker:[0] reqid:[6601] qname:[whatsapp.com.] qtype:[A] respid:[6601] rcode:[NOERROR] respflags:[qr rd ra] err:[<nil>] duration:[88.004994ms]
2025/05/21 05:38:56 worker:[0] reqid:[2158] qname:[yahoo.com.] qtype:[A] respid:[2158] rcode:[NOERROR] respflags:[qr rd ra] err:[<nil>] duration:[89.582261ms]
2025/05/21 05:38:56 worker:[0] reqid:[34013] qname:[google.com.] qtype:[A] respid:[34013] rcode:[NOERROR] respflags:[qr rd ra] err:[<nil>] duration:[87.801018ms]
2025/05/21 05:38:56 worker:[0] reqid:[39654] qname:[googleusercontent.com.] qtype:[A] respid:[39654] rcode:[NOERROR] respflags:[qr rd ra] err:[<nil>] duration:[87.443772ms]
2025/05/21 05:38:56 worker:[0] reqid:[16961] qname:[facebook.com.] qtype:[A] respid:[16961] rcode:[NOERROR] respflags:[qr rd ra] err:[<nil>] duration:[88.90707ms]
2025/05/21 05:38:56 worker:[0] reqid:[12448] qname:[instagram.com.] qtype:[A] respid:[12448] rcode:[NOERROR] respflags:[qr rd ra] err:[<nil>] duration:[88.356574ms]
2025/05/21 05:38:56 worker:[0] reqid:[11624] qname:[wikipedia.org.] qtype:[A] respid:[11624] rcode:[NOERROR] respflags:[qr rd ra] err:[<nil>] duration:[87.820077ms]
2025/05/21 05:38:56 worker:[0] reqid:[12222] qname:[x.com.] qtype:[A] respid:[12222] rcode:[NOERROR] respflags:[qr rd ra] err:[<nil>] duration:[87.852193ms]
2025/05/21 05:38:56 worker:[0] reqid:[29630] qname:[amazon.com.] qtype:[A] respid:[29630] rcode:[NOERROR] respflags:[qr rd ra] err:[<nil>] duration:[296.365541ms]
2025/05/21 05:38:57 worker:[0] reqid:[45247] qname:[tiktok.com.] qtype:[A] respid:[45247] rcode:[NOERROR] respflags:[qr rd ra] err:[<nil>] duration:[88.676839ms]
2025/05/21 05:38:57 worker:[0] reqid:[59552] qname:[whatsapp.com.] qtype:[A] respid:[59552] rcode:[NOERROR] respflags:[qr rd ra] err:[<nil>] duration:[89.268822ms]
2025/05/21 05:38:57 worker:[0] reqid:[60585] qname:[yahoo.com.] qtype:[A] respid:[60585] rcode:[NOERROR] respflags:[qr rd ra] err:[<nil>] duration:[88.382342ms]
2025/05/21 05:38:57 worker:[0] reqid:[10097] qname:[google.com.] qtype:[A] respid:[10097] rcode:[NOERROR] respflags:[qr rd ra] err:[<nil>] duration:[93.682827ms]
2025/05/21 05:38:57 worker:[0] reqid:[57947] qname:[googleusercontent.com.] qtype:[A] respid:[57947] rcode:[NOERROR] respflags:[qr rd ra] err:[<nil>] duration:[90.972005ms]
2025/05/21 05:38:57 worker:[0] reqid:[54691] qname:[facebook.com.] qtype:[A] respid:[54691] rcode:[NOERROR] respflags:[qr rd ra] err:[<nil>] duration:[88.752262ms]
2025/05/21 05:38:57 worker:[0] reqid:[16189] qname:[instagram.com.] qtype:[A] respid:[16189] rcode:[NOERROR] respflags:[qr rd ra] err:[<nil>] duration:[87.033282ms]
2025/05/21 05:38:57 worker:[0] reqid:[10623] qname:[wikipedia.org.] qtype:[A] respid:[10623] rcode:[NOERROR] respflags:[qr rd ra] err:[<nil>] duration:[89.447377ms]
2025/05/21 05:38:57 worker:[0] reqid:[16915] qname:[x.com.] qtype:[A] respid:[16915] rcode:[NOERROR] respflags:[qr rd ra] err:[<nil>] duration:[88.081871ms]
2025/05/21 05:38:57 worker:[0] reqid:[60999] qname:[amazon.com.] qtype:[A] respid:[60999] rcode:[NOERROR] respflags:[qr rd ra] err:[<nil>] duration:[90.997986ms]
2025/05/21 05:38:57 worker:[0] reqid:[52017] qname:[tiktok.com.] qtype:[A] respid:[52017] rcode:[NOERROR] respflags:[qr rd ra] err:[<nil>] duration:[105.567705ms]
2025/05/21 05:38:58 worker:[0] reqid:[53500] qname:[whatsapp.com.] qtype:[A] respid:[53500] rcode:[NOERROR] respflags:[qr rd ra] err:[<nil>] duration:[713.389919ms]
2025/05/21 05:38:58 worker:[0] reqid:[55000] qname:[yahoo.com.] qtype:[A] respid:[55000] rcode:[NOERROR] respflags:[qr rd ra] err:[<nil>] duration:[86.862765ms]
2025/05/21 05:38:58 worker:[0] reqid:[5725] qname:[google.com.] qtype:[A] respid:[5725] rcode:[NOERROR] respflags:[qr rd ra] err:[<nil>] duration:[87.071405ms]
2025/05/21 05:38:58 worker:[0] reqid:[55519] qname:[googleusercontent.com.] qtype:[A] respid:[55519] rcode:[NOERROR] respflags:[qr rd ra] err:[<nil>] duration:[87.063257ms]
2025/05/21 05:38:59 worker:[0] reqid:[35997] qname:[facebook.com.] qtype:[A] respid:[35997] rcode:[NOERROR] respflags:[qr rd ra] err:[<nil>] duration:[86.909722ms]
2025/05/21 05:38:59 worker:[0] reqid:[64480] qname:[instagram.com.] qtype:[A] respid:[64480] rcode:[NOERROR] respflags:[qr rd ra] err:[<nil>] duration:[88.078277ms]
2025/05/21 05:38:59 worker:[0] reqid:[24403] qname:[wikipedia.org.] qtype:[A] respid:[24403] rcode:[NOERROR] respflags:[qr rd ra] err:[<nil>] duration:[87.428044ms]
2025/05/21 05:38:59 worker:[0] reqid:[17218] qname:[x.com.] qtype:[A] respid:[17218] rcode:[NOERROR] respflags:[qr rd ra] err:[<nil>] duration:[88.44877ms]
2025/05/21 05:38:59 worker:[0] reqid:[16851] qname:[amazon.com.] qtype:[A] respid:[16851] rcode:[NOERROR] respflags:[qr rd ra] err:[<nil>] duration:[87.317943ms]
2025/05/21 05:38:59 worker:[0] reqid:[42018] qname:[tiktok.com.] qtype:[A] respid:[42018] rcode:[NOERROR] respflags:[qr rd ra] err:[<nil>] duration:[88.678916ms]
2025/05/21 05:38:59 worker:[0] reqid:[41291] qname:[whatsapp.com.] qtype:[A] respid:[41291] rcode:[NOERROR] respflags:[qr rd ra] err:[<nil>] duration:[87.962184ms]
2025/05/21 05:38:59 worker:[0] reqid:[60015] qname:[yahoo.com.] qtype:[A] respid:[60015] rcode:[NOERROR] respflags:[qr rd ra] err:[<nil>] duration:[88.190906ms]
2025/05/21 05:38:59 worker:[0] reqid:[32705] qname:[google.com.] qtype:[A] respid:[32705] rcode:[NOERROR] respflags:[qr rd ra] err:[<nil>] duration:[87.320351ms]
2025/05/21 05:39:00 worker:[0] reqid:[4862] qname:[googleusercontent.com.] qtype:[A] respid:[4862] rcode:[NOERROR] respflags:[qr rd ra] err:[<nil>] duration:[296.079764ms]
2025/05/21 05:39:00 worker:[0] reqid:[38723] qname:[facebook.com.] qtype:[A] respid:[38723] rcode:[NOERROR] respflags:[qr rd ra] err:[<nil>] duration:[87.258185ms]
2025/05/21 05:39:00 worker:[0] reqid:[59391] qname:[instagram.com.] qtype:[A] respid:[59391] rcode:[NOERROR] respflags:[qr rd ra] err:[<nil>] duration:[87.850097ms]
2025/05/21 05:39:00 worker:[0] reqid:[39217] qname:[wikipedia.org.] qtype:[A] respid:[39217] rcode:[NOERROR] respflags:[qr rd ra] err:[<nil>] duration:[88.668528ms]
2025/05/21 05:39:00 worker:[0] reqid:[13507] qname:[x.com.] qtype:[A] respid:[13507] rcode:[NOERROR] respflags:[qr rd ra] err:[<nil>] duration:[88.008985ms]
2025/05/21 05:39:00 worker:[0] reqid:[57798] qname:[amazon.com.] qtype:[A] respid:[57798] rcode:[NOERROR] respflags:[qr rd ra] err:[<nil>] duration:[88.141704ms]
2025/05/21 05:39:00 worker:[0] reqid:[31363] qname:[tiktok.com.] qtype:[A] respid:[31363] rcode:[NOERROR] respflags:[qr rd ra] err:[<nil>] duration:[89.227856ms]
2025/05/21 05:39:00 worker:[0] reqid:[46258] qname:[whatsapp.com.] qtype:[A] respid:[46258] rcode:[NOERROR] respflags:[qr rd ra] err:[<nil>] duration:[86.947ms]
2025/05/21 05:39:00 worker:[0] reqid:[59324] qname:[yahoo.com.] qtype:[A] respid:[59324] rcode:[NOERROR] respflags:[qr rd ra] err:[<nil>] duration:[88.71443ms]
2025/05/21 05:39:01 worker:[0] reqid:[45453] qname:[google.com.] qtype:[A] respid:[45453] rcode:[NOERROR] respflags:[qr rd ra] err:[<nil>] duration:[324.353934ms]
2025/05/21 05:39:01 worker:[0] reqid:[36229] qname:[googleusercontent.com.] qtype:[A] respid:[36229] rcode:[NOERROR] respflags:[qr rd ra] err:[<nil>] duration:[126.964732ms]
2025/05/21 05:39:01 worker:[0] reqid:[7211] qname:[facebook.com.] qtype:[A] respid:[7211] rcode:[NOERROR] respflags:[qr rd ra] err:[<nil>] duration:[111.858049ms]
2025/05/21 05:39:01 worker:[0] reqid:[64503] qname:[instagram.com.] qtype:[A] respid:[64503] rcode:[NOERROR] respflags:[qr rd ra] err:[<nil>] duration:[127.89669ms]
2025/05/21 05:39:01 worker:[0] reqid:[46350] qname:[wikipedia.org.] qtype:[A] respid:[46350] rcode:[NOERROR] respflags:[qr rd ra] err:[<nil>] duration:[116.123673ms]
2025/05/21 05:39:01 worker:[0] reqid:[332] qname:[x.com.] qtype:[A] respid:[332] rcode:[NOERROR] respflags:[qr rd ra] err:[<nil>] duration:[92.454699ms]
2025/05/21 05:39:01 worker:[0] reqid:[53294] qname:[amazon.com.] qtype:[A] respid:[53294] rcode:[NOERROR] respflags:[qr rd ra] err:[<nil>] duration:[89.63343ms]
2025/05/21 05:39:01 worker:[0] reqid:[56848] qname:[tiktok.com.] qtype:[A] respid:[56848] rcode:[NOERROR] respflags:[qr rd ra] err:[<nil>] duration:[87.431349ms]
2025/05/21 05:39:01 worker:[0] reqid:[39011] qname:[whatsapp.com.] qtype:[A] respid:[39011] rcode:[NOERROR] respflags:[qr rd ra] err:[<nil>] duration:[87.341825ms]
2025/05/21 05:39:02 worker:[0] reqid:[61793] qname:[yahoo.com.] qtype:[A] respid:[61793] rcode:[NOERROR] respflags:[qr rd ra] err:[<nil>] duration:[295.697894ms]
2025/05/21 05:39:02 worker:[0] reqid:[35374] qname:[google.com.] qtype:[A] respid:[35374] rcode:[NOERROR] respflags:[qr rd ra] err:[<nil>] duration:[511.109767ms]
2025/05/21 05:39:02 worker:[0] reqid:[33026] qname:[googleusercontent.com.] qtype:[A] respid:[33026] rcode:[NOERROR] respflags:[qr rd ra] err:[<nil>] duration:[86.645499ms]
2025/05/21 05:39:02 worker:[0] reqid:[17798] qname:[facebook.com.] qtype:[A] respid:[17798] rcode:[NOERROR] respflags:[qr rd ra] err:[<nil>] duration:[86.548598ms]
2025/05/21 05:39:02 worker:[0] reqid:[55051] qname:[instagram.com.] qtype:[A] respid:[55051] rcode:[NOERROR] respflags:[qr rd ra] err:[<nil>] duration:[87.281563ms]
2025/05/21 05:39:03 worker:[0] reqid:[28848] qname:[wikipedia.org.] qtype:[A] respid:[28848] rcode:[NOERROR] respflags:[qr rd ra] err:[<nil>] duration:[87.197017ms]
2025/05/21 05:39:03 worker:[0] reqid:[10509] qname:[x.com.] qtype:[A] respid:[10509] rcode:[NOERROR] respflags:[qr rd ra] err:[<nil>] duration:[292.145941ms]
2025/05/21 05:39:03 worker:[0] reqid:[2494] qname:[amazon.com.] qtype:[A] respid:[2494] rcode:[NOERROR] respflags:[qr rd ra] err:[<nil>] duration:[88.047494ms]
2025/05/21 05:39:03 worker:[0] reqid:[10474] qname:[tiktok.com.] qtype:[A] respid:[10474] rcode:[NOERROR] respflags:[qr rd ra] err:[<nil>] duration:[99.744077ms]
2025/05/21 05:39:03 worker:[0] reqid:[48221] qname:[whatsapp.com.] qtype:[A] respid:[48221] rcode:[NOERROR] respflags:[qr rd ra] err:[<nil>] duration:[87.153822ms]
2025/05/21 05:39:03 worker:[0] reqid:[24786] qname:[yahoo.com.] qtype:[A] respid:[24786] rcode:[NOERROR] respflags:[qr rd ra] err:[<nil>] duration:[87.191764ms]
2025/05/21 05:39:03 worker:[0] reqid:[23723] qname:[google.com.] qtype:[A] respid:[23723] rcode:[NOERROR] respflags:[qr rd ra] err:[<nil>] duration:[89.03928ms]
2025/05/21 05:39:03 worker:[0] reqid:[61380] qname:[googleusercontent.com.] qtype:[A] respid:[61380] rcode:[NOERROR] respflags:[qr rd ra] err:[<nil>] duration:[87.530675ms]
2025/05/21 05:39:03 worker:[0] reqid:[8606] qname:[facebook.com.] qtype:[A] respid:[8606] rcode:[NOERROR] respflags:[qr rd ra] err:[<nil>] duration:[91.934136ms]
2025/05/21 05:39:04 worker:[0] reqid:[13024] qname:[instagram.com.] qtype:[A] respid:[13024] rcode:[NOERROR] respflags:[qr rd ra] err:[<nil>] duration:[92.236827ms]
2025/05/21 05:39:04 worker:[0] reqid:[24209] qname:[wikipedia.org.] qtype:[A] respid:[24209] rcode:[NOERROR] respflags:[qr rd ra] err:[<nil>] duration:[88.285172ms]
2025/05/21 05:39:04 worker:[0] reqid:[48244] qname:[x.com.] qtype:[A] respid:[48244] rcode:[NOERROR] respflags:[qr rd ra] err:[<nil>] duration:[88.476493ms]
2025/05/21 05:39:04 worker:[0] reqid:[60555] qname:[amazon.com.] qtype:[A] respid:[60555] rcode:[NOERROR] respflags:[qr rd ra] err:[<nil>] duration:[89.874569ms]
2025/05/21 05:39:04 worker:[0] reqid:[30369] qname:[tiktok.com.] qtype:[A] respid:[30369] rcode:[NOERROR] respflags:[qr rd ra] err:[<nil>] duration:[89.810854ms]
2025/05/21 05:39:04 worker:[0] reqid:[44278] qname:[whatsapp.com.] qtype:[A] respid:[44278] rcode:[NOERROR] respflags:[qr rd ra] err:[<nil>] duration:[96.088541ms]
2025/05/21 05:39:04 worker:[0] reqid:[45287] qname:[yahoo.com.] qtype:[A] respid:[45287] rcode:[NOERROR] respflags:[qr rd ra] err:[<nil>] duration:[88.799946ms]
2025/05/21 05:39:06 worker:[0] reqid:[19768] qname:[google.com.] qtype:[A] respid:[19768] rcode:[NOERROR] respflags:[qr rd ra] err:[<nil>] duration:[1.549633204s]
2025/05/21 05:39:06 worker:[0] reqid:[42303] qname:[googleusercontent.com.] qtype:[A] respid:[42303] rcode:[NOERROR] respflags:[qr rd ra] err:[<nil>] duration:[88.894947ms]
2025/05/21 05:39:06 worker:[0] reqid:[59668] qname:[facebook.com.] qtype:[A] respid:[59668] rcode:[NOERROR] respflags:[qr rd ra] err:[<nil>] duration:[87.908062ms]
2025/05/21 05:39:06 worker:[0] reqid:[18947] qname:[instagram.com.] qtype:[A] respid:[18947] rcode:[NOERROR] respflags:[qr rd ra] err:[<nil>] duration:[87.987692ms]
2025/05/21 05:39:06 worker:[0] reqid:[44779] qname:[wikipedia.org.] qtype:[A] respid:[44779] rcode:[NOERROR] respflags:[qr rd ra] err:[<nil>] duration:[93.381598ms]
2025/05/21 05:39:06 worker:[0] reqid:[22183] qname:[x.com.] qtype:[A] respid:[22183] rcode:[NOERROR] respflags:[qr rd ra] err:[<nil>] duration:[89.835391ms]
2025/05/21 05:39:06 worker:[0] reqid:[24698] qname:[amazon.com.] qtype:[A] respid:[24698] rcode:[NOERROR] respflags:[qr rd ra] err:[<nil>] duration:[90.285016ms]
2025/05/21 05:39:06 worker:[0] reqid:[1920] qname:[tiktok.com.] qtype:[A] respid:[1920] rcode:[NOERROR] respflags:[qr rd ra] err:[<nil>] duration:[88.796507ms]
2025/05/21 05:39:06 worker:[0] reqid:[49705] qname:[whatsapp.com.] qtype:[A] respid:[49705] rcode:[NOERROR] respflags:[qr rd ra] err:[<nil>] duration:[87.474486ms]
2025/05/21 05:39:06 worker:[0] reqid:[20188] qname:[yahoo.com.] qtype:[A] respid:[20188] rcode:[NOERROR] respflags:[qr rd ra] err:[<nil>] duration:[87.912596ms]
2025/05/21 05:39:07 worker:[0] reqid:[24228] qname:[google.com.] qtype:[A] respid:[24228] rcode:[NOERROR] respflags:[qr rd ra] err:[<nil>] duration:[86.691889ms]
2025/05/21 05:39:07 worker:[0] reqid:[6224] qname:[googleusercontent.com.] qtype:[A] respid:[6224] rcode:[NOERROR] respflags:[qr rd ra] err:[<nil>] duration:[86.887164ms]
2025/05/21 05:39:07 worker:[0] reqid:[9935] qname:[facebook.com.] qtype:[A] respid:[9935] rcode:[NOERROR] respflags:[qr rd ra] err:[<nil>] duration:[87.092664ms]
2025/05/21 05:39:07 worker:[0] reqid:[4120] qname:[instagram.com.] qtype:[A] respid:[4120] rcode:[NOERROR] respflags:[qr rd ra] err:[<nil>] duration:[91.712351ms]
2025/05/21 05:39:07 worker:[0] reqid:[31932] qname:[wikipedia.org.] qtype:[A] respid:[31932] rcode:[NOERROR] respflags:[qr rd ra] err:[<nil>] duration:[88.326183ms]
2025/05/21 05:39:08 worker:[0] reqid:[4120] qname:[x.com.] qtype:[A] respid:[4120] rcode:[NOERROR] respflags:[qr rd ra] err:[<nil>] duration:[709.298643ms]
2025/05/21 05:39:09 worker:[0] reqid:[3451] qname:[amazon.com.] qtype:[A] respid:[3451] rcode:[NOERROR] respflags:[qr rd ra] err:[<nil>] duration:[936.341638ms]
2025/05/21 05:39:09 worker:[0] reqid:[18886] qname:[tiktok.com.] qtype:[A] respid:[18886] rcode:[NOERROR] respflags:[qr rd ra] err:[<nil>] duration:[90.475416ms]
2025/05/21 05:39:09 worker:[0] reqid:[21419] qname:[whatsapp.com.] qtype:[A] respid:[21419] rcode:[NOERROR] respflags:[qr rd ra] err:[<nil>] duration:[87.491835ms]
2025/05/21 05:39:09 worker:[0] reqid:[37977] qname:[yahoo.com.] qtype:[A] respid:[37977] rcode:[NOERROR] respflags:[qr rd ra] err:[<nil>] duration:[87.763066ms]
2025/05/21 05:39:09 worker:[0] reqid:[14402] qname:[google.com.] qtype:[A] respid:[14402] rcode:[NOERROR] respflags:[qr rd ra] err:[<nil>] duration:[294.254401ms]
2025/05/21 05:39:09 worker:[0] reqid:[3753] qname:[googleusercontent.com.] qtype:[A] respid:[3753] rcode:[NOERROR] respflags:[qr rd ra] err:[<nil>] duration:[113.839904ms]
2025/05/21 05:39:09 worker:[0] reqid:[21467] qname:[facebook.com.] qtype:[A] respid:[21467] rcode:[NOERROR] respflags:[qr rd ra] err:[<nil>] duration:[196.056712ms]
2025/05/21 05:39:10 worker:[0] reqid:[42619] qname:[instagram.com.] qtype:[A] respid:[42619] rcode:[NOERROR] respflags:[qr rd ra] err:[<nil>] duration:[113.721404ms]
2025/05/21 05:39:10 worker:[0] reqid:[29598] qname:[wikipedia.org.] qtype:[A] respid:[29598] rcode:[NOERROR] respflags:[qr rd ra] err:[<nil>] duration:[318.505158ms]
2025/05/21 05:39:10 worker:[0] reqid:[52694] qname:[x.com.] qtype:[A] respid:[52694] rcode:[NOERROR] respflags:[qr rd ra] err:[<nil>] duration:[88.591457ms]
2025/05/21 05:39:10 worker:[0] reqid:[19663] qname:[amazon.com.] qtype:[A] respid:[19663] rcode:[NOERROR] respflags:[qr rd ra] err:[<nil>] duration:[89.665715ms]
2025/05/21 05:39:10 worker:[0] reqid:[44853] qname:[tiktok.com.] qtype:[A] respid:[44853] rcode:[NOERROR] respflags:[qr rd ra] err:[<nil>] duration:[87.747017ms]
2025/05/21 05:39:10 worker:[0] reqid:[54140] qname:[whatsapp.com.] qtype:[A] respid:[54140] rcode:[NOERROR] respflags:[qr rd ra] err:[<nil>] duration:[88.090061ms]
2025/05/21 05:39:10 worker:[0] reqid:[469] qname:[yahoo.com.] qtype:[A] respid:[469] rcode:[NOERROR] respflags:[qr rd ra] err:[<nil>] duration:[87.436648ms]
2025/05/21 05:39:10 worker:[0] reqid:[8522] qname:[google.com.] qtype:[A] respid:[8522] rcode:[NOERROR] respflags:[qr rd ra] err:[<nil>] duration:[89.142219ms]
2025/05/21 05:39:10 worker:[0] reqid:[62144] qname:[googleusercontent.com.] qtype:[A] respid:[62144] rcode:[NOERROR] respflags:[qr rd ra] err:[<nil>] duration:[88.024109ms]
2025/05/21 05:39:11 worker:[0] reqid:[27958] qname:[facebook.com.] qtype:[A] respid:[27958] rcode:[NOERROR] respflags:[qr rd ra] err:[<nil>] duration:[87.120189ms]
2025/05/21 05:39:11 worker:[0] reqid:[1814] qname:[instagram.com.] qtype:[A] respid:[1814] rcode:[NOERROR] respflags:[qr rd ra] err:[<nil>] duration:[87.910072ms]
2025/05/21 05:39:11 worker:[0] reqid:[22025] qname:[wikipedia.org.] qtype:[A] respid:[22025] rcode:[NOERROR] respflags:[qr rd ra] err:[<nil>] duration:[88.65063ms]
2025/05/21 05:39:11 worker:[0] reqid:[64987] qname:[x.com.] qtype:[A] respid:[64987] rcode:[NOERROR] respflags:[qr rd ra] err:[<nil>] duration:[88.568832ms]
2025/05/21 05:39:11 worker:[0] reqid:[48464] qname:[amazon.com.] qtype:[A] respid:[48464] rcode:[NOERROR] respflags:[qr rd ra] err:[<nil>] duration:[91.89752ms]
2025/05/21 05:39:11 worker:[0] reqid:[15279] qname:[tiktok.com.] qtype:[A] respid:[15279] rcode:[NOERROR] respflags:[qr rd ra] err:[<nil>] duration:[87.497439ms]
2025/05/21 05:39:11 worker:[0] reqid:[59719] qname:[whatsapp.com.] qtype:[A] respid:[59719] rcode:[NOERROR] respflags:[qr rd ra] err:[<nil>] duration:[87.337918ms]
2025/05/21 05:39:11 worker:[0] reqid:[5475] qname:[yahoo.com.] qtype:[A] respid:[5475] rcode:[NOERROR] respflags:[qr rd ra] err:[<nil>] duration:[87.797835ms]
2025/05/21 05:39:11 worker:[0] reqid:[6186] qname:[google.com.] qtype:[A] respid:[6186] rcode:[NOERROR] respflags:[qr rd ra] err:[<nil>] duration:[87.424264ms]
2025/05/21 05:39:11 worker:[0] reqid:[63387] qname:[googleusercontent.com.] qtype:[A] respid:[63387] rcode:[NOERROR] respflags:[qr rd ra] err:[<nil>] duration:[87.886672ms]
2025/05/21 05:39:11 worker:[0] reqid:[20539] qname:[facebook.com.] qtype:[A] respid:[20539] rcode:[NOERROR] respflags:[qr rd ra] err:[<nil>] duration:[88.371534ms]
2025/05/21 05:39:12 worker:[0] reqid:[60888] qname:[instagram.com.] qtype:[A] respid:[60888] rcode:[NOERROR] respflags:[qr rd ra] err:[<nil>] duration:[91.158379ms]
2025/05/21 05:39:12 worker:[0] reqid:[32389] qname:[wikipedia.org.] qtype:[A] respid:[32389] rcode:[NOERROR] respflags:[qr rd ra] err:[<nil>] duration:[90.936793ms]
2025/05/21 05:39:12 worker:[0] reqid:[33313] qname:[x.com.] qtype:[A] respid:[33313] rcode:[NOERROR] respflags:[qr rd ra] err:[<nil>] duration:[88.157096ms]
2025/05/21 05:39:12 worker:[0] reqid:[8161] qname:[amazon.com.] qtype:[A] respid:[8161] rcode:[NOERROR] respflags:[qr rd ra] err:[<nil>] duration:[89.065336ms]
2025/05/21 05:39:12 worker:[0] reqid:[37686] qname:[tiktok.com.] qtype:[A] respid:[37686] rcode:[NOERROR] respflags:[qr rd ra] err:[<nil>] duration:[88.593004ms]
2025/05/21 05:39:12 worker:[0] reqid:[63372] qname:[whatsapp.com.] qtype:[A] respid:[63372] rcode:[NOERROR] respflags:[qr rd ra] err:[<nil>] duration:[89.323723ms]
2025/05/21 05:39:12 worker:[0] reqid:[62479] qname:[yahoo.com.] qtype:[A] respid:[62479] rcode:[NOERROR] respflags:[qr rd ra] err:[<nil>] duration:[88.156165ms]
2025/05/21 05:39:12 worker:[0] reqid:[49517] qname:[google.com.] qtype:[A] respid:[49517] rcode:[NOERROR] respflags:[qr rd ra] err:[<nil>] duration:[87.276065ms]
2025/05/21 05:39:12 worker:[0] reqid:[29918] qname:[googleusercontent.com.] qtype:[A] respid:[29918] rcode:[NOERROR] respflags:[qr rd ra] err:[<nil>] duration:[87.815918ms]
2025/05/21 05:39:12 worker:[0] reqid:[2505] qname:[facebook.com.] qtype:[A] respid:[2505] rcode:[NOERROR] respflags:[qr rd ra] err:[<nil>] duration:[87.879174ms]
2025/05/21 05:39:12 worker:[0] reqid:[51288] qname:[instagram.com.] qtype:[A] respid:[51288] rcode:[NOERROR] respflags:[qr rd ra] err:[<nil>] duration:[88.334022ms]
2025/05/21 05:39:13 worker:[0] reqid:[41826] qname:[wikipedia.org.] qtype:[A] respid:[41826] rcode:[NOERROR] respflags:[qr rd ra] err:[<nil>] duration:[88.263144ms]
2025/05/21 05:39:13 worker:[0] reqid:[62000] qname:[x.com.] qtype:[A] respid:[62000] rcode:[NOERROR] respflags:[qr rd ra] err:[<nil>] duration:[87.142685ms]
2025/05/21 05:39:13 worker:[0] reqid:[50751] qname:[amazon.com.] qtype:[A] respid:[50751] rcode:[NOERROR] respflags:[qr rd ra] err:[<nil>] duration:[90.621513ms]
2025/05/21 05:39:13 worker:[0] reqid:[43766] qname:[tiktok.com.] qtype:[A] respid:[43766] rcode:[NOERROR] respflags:[qr rd ra] err:[<nil>] duration:[89.070734ms]
2025/05/21 05:39:13 worker:[0] reqid:[31141] qname:[whatsapp.com.] qtype:[A] respid:[31141] rcode:[NOERROR] respflags:[qr rd ra] err:[<nil>] duration:[87.204447ms]
2025/05/21 05:39:13 worker:[0] reqid:[15564] qname:[yahoo.com.] qtype:[A] respid:[15564] rcode:[NOERROR] respflags:[qr rd ra] err:[<nil>] duration:[90.913108ms]
2025/05/21 05:39:13 worker:[0] reqid:[42494] qname:[google.com.] qtype:[A] respid:[42494] rcode:[NOERROR] respflags:[qr rd ra] err:[<nil>] duration:[88.196096ms]
2025/05/21 05:39:13 worker:[0] reqid:[39928] qname:[googleusercontent.com.] qtype:[A] respid:[39928] rcode:[NOERROR] respflags:[qr rd ra] err:[<nil>] duration:[90.947305ms]
2025/05/21 05:39:13 worker:[0] reqid:[57133] qname:[facebook.com.] qtype:[A] respid:[57133] rcode:[NOERROR] respflags:[qr rd ra] err:[<nil>] duration:[88.154576ms]
2025/05/21 05:39:13 worker:[0] reqid:[30125] qname:[instagram.com.] qtype:[A] respid:[30125] rcode:[NOERROR] respflags:[qr rd ra] err:[<nil>] duration:[88.885969ms]
2025/05/21 05:39:13 worker:[0] reqid:[49303] qname:[wikipedia.org.] qtype:[A] respid:[49303] rcode:[NOERROR] respflags:[qr rd ra] err:[<nil>] duration:[88.549983ms]
2025/05/21 05:39:13 worker:[0] reqid:[35957] qname:[x.com.] qtype:[A] respid:[35957] rcode:[NOERROR] respflags:[qr rd ra] err:[<nil>] duration:[88.185035ms]
2025/05/21 05:39:14 worker:[0] reqid:[42] qname:[amazon.com.] qtype:[A] respid:[42] rcode:[NOERROR] respflags:[qr rd ra] err:[<nil>] duration:[88.01453ms]
2025/05/21 05:39:14 worker:[0] reqid:[8492] qname:[tiktok.com.] qtype:[A] respid:[8492] rcode:[NOERROR] respflags:[qr rd ra] err:[<nil>] duration:[90.376637ms]
2025/05/21 05:39:14 worker:[0] reqid:[18079] qname:[whatsapp.com.] qtype:[A] respid:[18079] rcode:[NOERROR] respflags:[qr rd ra] err:[<nil>] duration:[87.080622ms]
2025/05/21 05:39:14 worker:[0] reqid:[27394] qname:[yahoo.com.] qtype:[A] respid:[27394] rcode:[NOERROR] respflags:[qr rd ra] err:[<nil>] duration:[88.74291ms]
2025/05/21 05:39:14 worker:[0] reqid:[34379] qname:[google.com.] qtype:[A] respid:[34379] rcode:[NOERROR] respflags:[qr rd ra] err:[<nil>] duration:[88.495246ms]
2025/05/21 05:39:14 worker:[0] reqid:[32294] qname:[googleusercontent.com.] qtype:[A] respid:[32294] rcode:[NOERROR] respflags:[qr rd ra] err:[<nil>] duration:[87.711561ms]
2025/05/21 05:39:14 worker:[0] reqid:[33065] qname:[facebook.com.] qtype:[A] respid:[33065] rcode:[NOERROR] respflags:[qr rd ra] err:[<nil>] duration:[88.347689ms]
2025/05/21 05:39:14 worker:[0] reqid:[7312] qname:[instagram.com.] qtype:[A] respid:[7312] rcode:[NOERROR] respflags:[qr rd ra] err:[<nil>] duration:[87.626967ms]
2025/05/21 05:39:14 worker:[0] reqid:[54912] qname:[wikipedia.org.] qtype:[A] respid:[54912] rcode:[NOERROR] respflags:[qr rd ra] err:[<nil>] duration:[87.560941ms]
2025/05/21 05:39:15 worker:[0] reqid:[31032] qname:[x.com.] qtype:[A] respid:[31032] rcode:[NOERROR] respflags:[qr rd ra] err:[<nil>] duration:[294.700507ms]
2025/05/21 05:39:15 worker:[0] reqid:[16091] qname:[amazon.com.] qtype:[A] respid:[16091] rcode:[NOERROR] respflags:[qr rd ra] err:[<nil>] duration:[93.105038ms]
2025/05/21 05:39:15 worker:[0] reqid:[15360] qname:[tiktok.com.] qtype:[A] respid:[15360] rcode:[NOERROR] respflags:[qr rd ra] err:[<nil>] duration:[87.754508ms]
2025/05/21 05:39:15 worker:[0] reqid:[28457] qname:[whatsapp.com.] qtype:[A] respid:[28457] rcode:[NOERROR] respflags:[qr rd ra] err:[<nil>] duration:[88.518118ms]
2025/05/21 05:39:15 worker:[0] reqid:[50335] qname:[yahoo.com.] qtype:[A] respid:[50335] rcode:[NOERROR] respflags:[qr rd ra] err:[<nil>] duration:[88.367377ms]
2025/05/21 05:39:15 worker:[0] reqid:[50682] qname:[google.com.] qtype:[A] respid:[50682] rcode:[NOERROR] respflags:[qr rd ra] err:[<nil>] duration:[87.936879ms]
2025/05/21 05:39:15 worker:[0] reqid:[28595] qname:[googleusercontent.com.] qtype:[A] respid:[28595] rcode:[NOERROR] respflags:[qr rd ra] err:[<nil>] duration:[88.265012ms]
2025/05/21 05:39:15 worker:[0] reqid:[57893] qname:[facebook.com.] qtype:[A] respid:[57893] rcode:[NOERROR] respflags:[qr rd ra] err:[<nil>] duration:[86.180678ms]
2025/05/21 05:39:15 worker:[0] reqid:[56462] qname:[instagram.com.] qtype:[A] respid:[56462] rcode:[NOERROR] respflags:[qr rd ra] err:[<nil>] duration:[87.200722ms]
2025/05/21 05:39:15 worker:[0] reqid:[6545] qname:[wikipedia.org.] qtype:[A] respid:[6545] rcode:[NOERROR] respflags:[qr rd ra] err:[<nil>] duration:[87.486165ms]
2025/05/21 05:39:15 worker:[0] reqid:[63101] qname:[x.com.] qtype:[A] respid:[63101] rcode:[NOERROR] respflags:[qr rd ra] err:[<nil>] duration:[90.658502ms]
2025/05/21 05:39:16 worker:[0] reqid:[26694] qname:[amazon.com.] qtype:[A] respid:[26694] rcode:[NOERROR] respflags:[qr rd ra] err:[<nil>] duration:[87.060069ms]
2025/05/21 05:39:16 worker:[0] reqid:[23430] qname:[tiktok.com.] qtype:[A] respid:[23430] rcode:[NOERROR] respflags:[qr rd ra] err:[<nil>] duration:[88.23915ms]
2025/05/21 05:39:16 worker:[0] reqid:[52206] qname:[whatsapp.com.] qtype:[A] respid:[52206] rcode:[NOERROR] respflags:[qr rd ra] err:[<nil>] duration:[86.56376ms]
2025/05/21 05:39:16 worker:[0] reqid:[60958] qname:[yahoo.com.] qtype:[A] respid:[60958] rcode:[NOERROR] respflags:[qr rd ra] err:[<nil>] duration:[89.266113ms]
2025/05/21 05:39:16 worker:[0] reqid:[47359] qname:[google.com.] qtype:[A] respid:[47359] rcode:[NOERROR] respflags:[qr rd ra] err:[<nil>] duration:[295.070297ms]
2025/05/21 05:39:16 worker:[0] reqid:[56825] qname:[googleusercontent.com.] qtype:[A] respid:[56825] rcode:[NOERROR] respflags:[qr rd ra] err:[<nil>] duration:[98.608073ms]
2025/05/21 05:39:17 worker:[0] reqid:[47514] qname:[facebook.com.] qtype:[A] respid:[47514] rcode:[NOERROR] respflags:[qr rd ra] err:[<nil>] duration:[312.048652ms]
2025/05/21 05:39:17 worker:[0] reqid:[38726] qname:[instagram.com.] qtype:[A] respid:[38726] rcode:[NOERROR] respflags:[qr rd ra] err:[<nil>] duration:[90.053691ms]
2025/05/21 05:39:17 worker:[0] reqid:[26831] qname:[wikipedia.org.] qtype:[A] respid:[26831] rcode:[NOERROR] respflags:[qr rd ra] err:[<nil>] duration:[88.130885ms]
2025/05/21 05:39:17 worker:[0] reqid:[2094] qname:[x.com.] qtype:[A] respid:[2094] rcode:[NOERROR] respflags:[qr rd ra] err:[<nil>] duration:[88.559568ms]
2025/05/21 05:39:17 worker:[0] reqid:[59932] qname:[amazon.com.] qtype:[A] respid:[59932] rcode:[NOERROR] respflags:[qr rd ra] err:[<nil>] duration:[88.939964ms]
2025/05/21 05:39:17 worker:[0] reqid:[49298] qname:[tiktok.com.] qtype:[A] respid:[49298] rcode:[NOERROR] respflags:[qr rd ra] err:[<nil>] duration:[87.64938ms]
2025/05/21 05:39:17 worker:[0] reqid:[12535] qname:[whatsapp.com.] qtype:[A] respid:[12535] rcode:[NOERROR] respflags:[qr rd ra] err:[<nil>] duration:[88.042071ms]
2025/05/21 05:39:17 worker:[0] reqid:[11897] qname:[yahoo.com.] qtype:[A] respid:[11897] rcode:[NOERROR] respflags:[qr rd ra] err:[<nil>] duration:[87.534549ms]
2025/05/21 05:39:17 worker:[0] reqid:[55139] qname:[google.com.] qtype:[A] respid:[55139] rcode:[NOERROR] respflags:[qr rd ra] err:[<nil>] duration:[87.480541ms]
2025/05/21 05:39:17 worker:[0] reqid:[12922] qname:[googleusercontent.com.] qtype:[A] respid:[12922] rcode:[NOERROR] respflags:[qr rd ra] err:[<nil>] duration:[88.219379ms]
2025/05/21 05:39:17 worker:[0] reqid:[10176] qname:[facebook.com.] qtype:[A] respid:[10176] rcode:[NOERROR] respflags:[qr rd ra] err:[<nil>] duration:[89.598503ms]
2025/05/21 05:39:17 worker:[0] reqid:[22943] qname:[instagram.com.] qtype:[A] respid:[22943] rcode:[NOERROR] respflags:[qr rd ra] err:[<nil>] duration:[88.45724ms]
2025/05/21 05:39:18 worker:[0] reqid:[49371] qname:[wikipedia.org.] qtype:[A] respid:[49371] rcode:[NOERROR] respflags:[qr rd ra] err:[<nil>] duration:[90.008202ms]
2025/05/21 05:39:18 worker:[0] reqid:[54400] qname:[x.com.] qtype:[A] respid:[54400] rcode:[NOERROR] respflags:[qr rd ra] err:[<nil>] duration:[87.275637ms]
2025/05/21 05:39:18 worker:[0] reqid:[49109] qname:[amazon.com.] qtype:[A] respid:[49109] rcode:[NOERROR] respflags:[qr rd ra] err:[<nil>] duration:[93.491371ms]
2025/05/21 05:39:18 worker:[0] reqid:[59081] qname:[tiktok.com.] qtype:[A] respid:[59081] rcode:[NOERROR] respflags:[qr rd ra] err:[<nil>] duration:[93.795615ms]
2025/05/21 05:39:18 worker:[0] reqid:[21312] qname:[whatsapp.com.] qtype:[A] respid:[21312] rcode:[NOERROR] respflags:[qr rd ra] err:[<nil>] duration:[87.753183ms]
2025/05/21 05:39:18 worker:[0] reqid:[56943] qname:[yahoo.com.] qtype:[A] respid:[56943] rcode:[NOERROR] respflags:[qr rd ra] err:[<nil>] duration:[88.599677ms]
2025/05/21 05:39:18 worker:[0] reqid:[28699] qname:[google.com.] qtype:[A] respid:[28699] rcode:[NOERROR] respflags:[qr rd ra] err:[<nil>] duration:[87.443742ms]
2025/05/21 05:39:18 worker:[0] reqid:[2215] qname:[googleusercontent.com.] qtype:[A] respid:[2215] rcode:[NOERROR] respflags:[qr rd ra] err:[<nil>] duration:[87.274283ms]
2025/05/21 05:39:18 worker:[0] reqid:[16400] qname:[facebook.com.] qtype:[A] respid:[16400] rcode:[NOERROR] respflags:[qr rd ra] err:[<nil>] duration:[89.210598ms]
2025/05/21 05:39:18 worker:[0] reqid:[21685] qname:[instagram.com.] qtype:[A] respid:[21685] rcode:[NOERROR] respflags:[qr rd ra] err:[<nil>] duration:[89.224559ms]
2025/05/21 05:39:18 worker:[0] reqid:[49482] qname:[wikipedia.org.] qtype:[A] respid:[49482] rcode:[NOERROR] respflags:[qr rd ra] err:[<nil>] duration:[95.876555ms]
2025/05/21 05:39:19 worker:[0] reqid:[41282] qname:[x.com.] qtype:[A] respid:[41282] rcode:[NOERROR] respflags:[qr rd ra] err:[<nil>] duration:[89.355123ms]
2025/05/21 05:39:19 worker:[0] reqid:[31005] qname:[amazon.com.] qtype:[A] respid:[31005] rcode:[NOERROR] respflags:[qr rd ra] err:[<nil>] duration:[90.070452ms]
2025/05/21 05:39:19 worker:[0] reqid:[59182] qname:[tiktok.com.] qtype:[A] respid:[59182] rcode:[NOERROR] respflags:[qr rd ra] err:[<nil>] duration:[93.347413ms]
2025/05/21 05:39:19 worker:[0] reqid:[13110] qname:[whatsapp.com.] qtype:[A] respid:[13110] rcode:[NOERROR] respflags:[qr rd ra] err:[<nil>] duration:[92.930324ms]
2025/05/21 05:39:19 worker:[0] reqid:[43502] qname:[yahoo.com.] qtype:[A] respid:[43502] rcode:[NOERROR] respflags:[qr rd ra] err:[<nil>] duration:[191.931747ms]
2025/05/21 05:39:19 worker:[0] reqid:[36289] qname:[google.com.] qtype:[A] respid:[36289] rcode:[NOERROR] respflags:[qr rd ra] err:[<nil>] duration:[88.123835ms]
2025/05/21 05:39:19 worker:[0] reqid:[20964] qname:[googleusercontent.com.] qtype:[A] respid:[20964] rcode:[NOERROR] respflags:[qr rd ra] err:[<nil>] duration:[88.449971ms]
2025/05/21 05:39:19 worker:[0] reqid:[15528] qname:[facebook.com.] qtype:[A] respid:[15528] rcode:[NOERROR] respflags:[qr rd ra] err:[<nil>] duration:[88.841897ms]
2025/05/21 05:39:19 worker:[0] reqid:[2365] qname:[instagram.com.] qtype:[A] respid:[2365] rcode:[NOERROR] respflags:[qr rd ra] err:[<nil>] duration:[87.815268ms]
2025/05/21 05:39:19 worker:[0] reqid:[52664] qname:[wikipedia.org.] qtype:[A] respid:[52664] rcode:[NOERROR] respflags:[qr rd ra] err:[<nil>] duration:[87.89898ms]
2025/05/21 05:39:20 worker:[0] reqid:[19762] qname:[x.com.] qtype:[A] respid:[19762] rcode:[NOERROR] respflags:[qr rd ra] err:[<nil>] duration:[91.384416ms]
2025/05/21 05:39:20 worker:[0] reqid:[19220] qname:[amazon.com.] qtype:[A] respid:[19220] rcode:[NOERROR] respflags:[qr rd ra] err:[<nil>] duration:[87.524464ms]
2025/05/21 05:39:20 worker:[0] reqid:[20023] qname:[tiktok.com.] qtype:[A] respid:[20023] rcode:[NOERROR] respflags:[qr rd ra] err:[<nil>] duration:[87.713642ms]
2025/05/21 05:39:20 worker:[0] reqid:[29802] qname:[whatsapp.com.] qtype:[A] respid:[29802] rcode:[NOERROR] respflags:[qr rd ra] err:[<nil>] duration:[89.339103ms]
2025/05/21 05:39:20 worker:[0] reqid:[4051] qname:[yahoo.com.] qtype:[A] respid:[4051] rcode:[NOERROR] respflags:[qr rd ra] err:[<nil>] duration:[88.172137ms]
2025/05/21 05:39:20 worker:[0] reqid:[61836] qname:[google.com.] qtype:[A] respid:[61836] rcode:[NOERROR] respflags:[qr rd ra] err:[<nil>] duration:[91.795457ms]
2025/05/21 05:39:20 worker:[0] reqid:[34078] qname:[googleusercontent.com.] qtype:[A] respid:[34078] rcode:[NOERROR] respflags:[qr rd ra] err:[<nil>] duration:[87.81277ms]
2025/05/21 05:39:20 worker:[0] reqid:[55894] qname:[facebook.com.] qtype:[A] respid:[55894] rcode:[NOERROR] respflags:[qr rd ra] err:[<nil>] duration:[89.275705ms]
2025/05/21 05:39:20 worker:[0] reqid:[10573] qname:[instagram.com.] qtype:[A] respid:[10573] rcode:[NOERROR] respflags:[qr rd ra] err:[<nil>] duration:[88.376975ms]
2025/05/21 05:39:20 worker:[0] reqid:[22950] qname:[wikipedia.org.] qtype:[A] respid:[22950] rcode:[NOERROR] respflags:[qr rd ra] err:[<nil>] duration:[88.01909ms]
2025/05/21 05:39:20 worker:[0] reqid:[20071] qname:[x.com.] qtype:[A] respid:[20071] rcode:[NOERROR] respflags:[qr rd ra] err:[<nil>] duration:[87.20666ms]
2025/05/21 05:39:21 worker:[0] reqid:[48913] qname:[amazon.com.] qtype:[A] respid:[48913] rcode:[NOERROR] respflags:[qr rd ra] err:[<nil>] duration:[88.061417ms]
2025/05/21 05:39:21 worker:[0] reqid:[61260] qname:[tiktok.com.] qtype:[A] respid:[61260] rcode:[NOERROR] respflags:[qr rd ra] err:[<nil>] duration:[93.957767ms]
2025/05/21 05:39:21 worker:[0] reqid:[14425] qname:[whatsapp.com.] qtype:[A] respid:[14425] rcode:[NOERROR] respflags:[qr rd ra] err:[<nil>] duration:[88.756537ms]
2025/05/21 05:39:21 worker:[0] reqid:[652] qname:[yahoo.com.] qtype:[A] respid:[652] rcode:[NOERROR] respflags:[qr rd ra] err:[<nil>] duration:[87.864042ms]
2025/05/21 05:39:21 worker:[0] reqid:[48822] qname:[google.com.] qtype:[A] respid:[48822] rcode:[NOERROR] respflags:[qr rd ra] err:[<nil>] duration:[88.339573ms]
2025/05/21 05:39:21 worker:[0] reqid:[61576] qname:[googleusercontent.com.] qtype:[A] respid:[61576] rcode:[NOERROR] respflags:[qr rd ra] err:[<nil>] duration:[89.735033ms]
2025/05/21 05:39:21 worker:[0] reqid:[63695] qname:[facebook.com.] qtype:[A] respid:[63695] rcode:[NOERROR] respflags:[qr rd ra] err:[<nil>] duration:[88.642675ms]
2025/05/21 05:39:21 worker:[0] reqid:[2474] qname:[instagram.com.] qtype:[A] respid:[2474] rcode:[NOERROR] respflags:[qr rd ra] err:[<nil>] duration:[88.087973ms]
2025/05/21 05:39:21 worker:[0] reqid:[15205] qname:[wikipedia.org.] qtype:[A] respid:[15205] rcode:[NOERROR] respflags:[qr rd ra] err:[<nil>] duration:[87.800636ms]
2025/05/21 05:39:21 worker:[0] reqid:[15965] qname:[x.com.] qtype:[A] respid:[15965] rcode:[NOERROR] respflags:[qr rd ra] err:[<nil>] duration:[87.831565ms]
2025/05/21 05:39:21 worker:[0] reqid:[10842] qname:[amazon.com.] qtype:[A] respid:[10842] rcode:[NOERROR] respflags:[qr rd ra] err:[<nil>] duration:[87.223901ms]
2025/05/21 05:39:22 worker:[0] reqid:[37208] qname:[tiktok.com.] qtype:[A] respid:[37208] rcode:[NOERROR] respflags:[qr rd ra] err:[<nil>] duration:[90.554105ms]
2025/05/21 05:39:22 worker:[0] reqid:[48331] qname:[whatsapp.com.] qtype:[A] respid:[48331] rcode:[NOERROR] respflags:[qr rd ra] err:[<nil>] duration:[93.692856ms]
2025/05/21 05:39:22 worker:[0] reqid:[58624] qname:[yahoo.com.] qtype:[A] respid:[58624] rcode:[NOERROR] respflags:[qr rd ra] err:[<nil>] duration:[89.589457ms]
2025/05/21 05:39:22 worker:[0] reqid:[61859] qname:[google.com.] qtype:[A] respid:[61859] rcode:[NOERROR] respflags:[qr rd ra] err:[<nil>] duration:[87.853196ms]
2025/05/21 05:39:22 worker:[0] reqid:[7045] qname:[googleusercontent.com.] qtype:[A] respid:[7045] rcode:[NOERROR] respflags:[qr rd ra] err:[<nil>] duration:[87.216463ms]
2025/05/21 05:39:22 worker:[0] reqid:[38496] qname:[facebook.com.] qtype:[A] respid:[38496] rcode:[NOERROR] respflags:[qr rd ra] err:[<nil>] duration:[89.601599ms]
2025/05/21 05:39:22 worker:[0] reqid:[43701] qname:[instagram.com.] qtype:[A] respid:[43701] rcode:[NOERROR] respflags:[qr rd ra] err:[<nil>] duration:[91.011971ms]
2025/05/21 05:39:22 worker:[0] reqid:[17563] qname:[wikipedia.org.] qtype:[A] respid:[17563] rcode:[NOERROR] respflags:[qr rd ra] err:[<nil>] duration:[87.857861ms]
2025/05/21 05:39:22 worker:[0] reqid:[21750] qname:[x.com.] qtype:[A] respid:[21750] rcode:[NOERROR] respflags:[qr rd ra] err:[<nil>] duration:[87.765991ms]
2025/05/21 05:39:22 worker:[0] reqid:[13096] qname:[amazon.com.] qtype:[A] respid:[13096] rcode:[NOERROR] respflags:[qr rd ra] err:[<nil>] duration:[89.795191ms]
2025/05/21 05:39:22 worker:[0] reqid:[23060] qname:[tiktok.com.] qtype:[A] respid:[23060] rcode:[NOERROR] respflags:[qr rd ra] err:[<nil>] duration:[89.452901ms]
2025/05/21 05:39:23 worker:[0] reqid:[4362] qname:[whatsapp.com.] qtype:[A] respid:[4362] rcode:[NOERROR] respflags:[qr rd ra] err:[<nil>] duration:[90.756548ms]
2025/05/21 05:39:23 worker:[0] reqid:[5765] qname:[yahoo.com.] qtype:[A] respid:[5765] rcode:[NOERROR] respflags:[qr rd ra] err:[<nil>] duration:[88.302522ms]
2025/05/21 05:39:23 worker:[0] reqid:[49610] qname:[google.com.] qtype:[A] respid:[49610] rcode:[NOERROR] respflags:[qr rd ra] err:[<nil>] duration:[88.807657ms]
2025/05/21 05:39:23 worker:[0] reqid:[8873] qname:[googleusercontent.com.] qtype:[A] respid:[8873] rcode:[NOERROR] respflags:[qr rd ra] err:[<nil>] duration:[87.670576ms]
2025/05/21 05:39:23 worker:[0] reqid:[6938] qname:[facebook.com.] qtype:[A] respid:[6938] rcode:[NOERROR] respflags:[qr rd ra] err:[<nil>] duration:[86.947627ms]
2025/05/21 05:39:23 worker:[0] reqid:[39709] qname:[instagram.com.] qtype:[A] respid:[39709] rcode:[NOERROR] respflags:[qr rd ra] err:[<nil>] duration:[87.203521ms]
2025/05/21 05:39:23 worker:[0] reqid:[64904] qname:[wikipedia.org.] qtype:[A] respid:[64904] rcode:[NOERROR] respflags:[qr rd ra] err:[<nil>] duration:[88.896833ms]
2025/05/21 05:39:23 worker:[0] reqid:[14693] qname:[x.com.] qtype:[A] respid:[14693] rcode:[NOERROR] respflags:[qr rd ra] err:[<nil>] duration:[86.98075ms]
2025/05/21 05:39:23 worker:[0] reqid:[20532] qname:[amazon.com.] qtype:[A] respid:[20532] rcode:[NOERROR] respflags:[qr rd ra] err:[<nil>] duration:[87.351455ms]
2025/05/21 05:39:23 worker:[0] reqid:[6794] qname:[tiktok.com.] qtype:[A] respid:[6794] rcode:[NOERROR] respflags:[qr rd ra] err:[<nil>] duration:[87.512216ms]
2025/05/21 05:39:23 worker:[0] reqid:[38670] qname:[whatsapp.com.] qtype:[A] respid:[38670] rcode:[NOERROR] respflags:[qr rd ra] err:[<nil>] duration:[87.423896ms]
2025/05/21 05:39:24 worker:[0] reqid:[47632] qname:[yahoo.com.] qtype:[A] respid:[47632] rcode:[NOERROR] respflags:[qr rd ra] err:[<nil>] duration:[296.620734ms]
