2025/05/21 05:27:23 worker:[0] reqid:[50501] qname:[google.com.] qtype:[A] respid:[50501] rcode:[NOERROR] respflags:[qr rd ra] err:[<nil>] duration:[658.904266ms]
2025/05/21 05:27:23 worker:[0] reqid:[62232] qname:[googleusercontent.com.] qtype:[A] respid:[62232] rcode:[NOERROR] respflags:[qr rd ra] err:[<nil>] duration:[107.308587ms]
2025/05/21 05:27:24 worker:[0] reqid:[50839] qname:[facebook.com.] qtype:[A] respid:[50839] rcode:[NOERROR] respflags:[qr rd ra] err:[<nil>] duration:[107.25176ms]
2025/05/21 05:27:24 worker:[0] reqid:[32335] qname:[instagram.com.] qtype:[A] respid:[32335] rcode:[NOERROR] respflags:[qr rd ra] err:[<nil>] duration:[105.063389ms]
2025/05/21 05:27:24 worker:[0] reqid:[27937] qname:[wikipedia.org.] qtype:[A] respid:[27937] rcode:[NOERROR] respflags:[qr rd ra] err:[<nil>] duration:[108.248137ms]
2025/05/21 05:27:24 worker:[0] reqid:[63519] qname:[x.com.] qtype:[A] respid:[63519] rcode:[NOERROR] respflags:[qr rd ra] err:[<nil>] duration:[111.326961ms]
2025/05/21 05:27:24 worker:[0] reqid:[55499] qname:[amazon.com.] qtype:[A] respid:[55499] rcode:[NOERROR] respflags:[qr rd ra] err:[<nil>] duration:[94.984186ms]
2025/05/21 05:27:24 worker:[0] reqid:[28514] qname:[tiktok.com.] qtype:[A] respid:[28514] rcode:[NOERROR] respflags:[qr rd ra] err:[<nil>] duration:[91.231575ms]
2025/05/21 05:27:24 worker:[0] reqid:[3745] qname:[whatsapp.com.] qtype:[A] respid:[3745] rcode:[NOERROR] respflags:[qr rd ra] err:[<nil>] duration:[105.392652ms]
2025/05/21 05:27:24 worker:[0] reqid:[4096] qname:[yahoo.com.] qtype:[A] respid:[4096] rcode:[NOERROR] respflags:[qr rd ra] err:[<nil>] duration:[94.688921ms]
2025/05/21 05:27:24 worker:[0] reqid:[2908] qname:[google.com.] qtype:[A] respid:[2908] rcode:[NOERROR] respflags:[qr rd ra] err:[<nil>] duration:[91.273171ms]
2025/05/21 05:27:24 worker:[0] reqid:[55808] qname:[googleusercontent.com.] qtype:[A] respid:[55808] rcode:[NOERROR] respflags:[qr rd ra] err:[<nil>] duration:[90.540576ms]
2025/05/21 05:27:25 worker:[0] reqid:[39107] qname:[facebook.com.] qtype:[A] respid:[39107] rcode:[NOERROR] respflags:[qr rd ra] err:[<nil>] duration:[90.326643ms]
2025/05/21 05:27:25 worker:[0] reqid:[23835] qname:[instagram.com.] qtype:[A] respid:[23835] rcode:[NOERROR] respflags:[qr rd ra] err:[<nil>] duration:[103.302315ms]
2025/05/21 05:27:25 worker:[0] reqid:[33277] qname:[wikipedia.org.] qtype:[A] respid:[33277] rcode:[NOERROR] respflags:[qr rd ra] err:[<nil>] duration:[93.138777ms]
2025/05/21 05:27:25 worker:[0] reqid:[23373] qname:[x.com.] qtype:[A] respid:[23373] rcode:[NOERROR] respflags:[qr rd ra] err:[<nil>] duration:[90.367043ms]
2025/05/21 05:27:25 worker:[0] reqid:[61360] qname:[amazon.com.] qtype:[A] respid:[61360] rcode:[NOERROR] respflags:[qr rd ra] err:[<nil>] duration:[90.66019ms]
2025/05/21 05:27:25 worker:[0] reqid:[21073] qname:[tiktok.com.] qtype:[A] respid:[21073] rcode:[NOERROR] respflags:[qr rd ra] err:[<nil>] duration:[93.17863ms]
2025/05/21 05:27:25 worker:[0] reqid:[56718] qname:[whatsapp.com.] qtype:[A] respid:[56718] rcode:[NOERROR] respflags:[qr rd ra] err:[<nil>] duration:[89.717269ms]
2025/05/21 05:27:25 worker:[0] reqid:[53439] qname:[yahoo.com.] qtype:[A] respid:[53439] rcode:[NOERROR] respflags:[qr rd ra] err:[<nil>] duration:[95.073316ms]
2025/05/21 05:27:25 worker:[0] reqid:[21063] qname:[google.com.] qtype:[A] respid:[21063] rcode:[NOERROR] respflags:[qr rd ra] err:[<nil>] duration:[92.279292ms]
2025/05/21 05:27:25 worker:[0] reqid:[34314] qname:[googleusercontent.com.] qtype:[A] respid:[34314] rcode:[NOERROR] respflags:[qr rd ra] err:[<nil>] duration:[92.074543ms]
2025/05/21 05:27:25 worker:[0] reqid:[6159] qname:[facebook.com.] qtype:[A] respid:[6159] rcode:[NOERROR] respflags:[qr rd ra] err:[<nil>] duration:[91.131473ms]
2025/05/21 05:27:26 worker:[0] reqid:[3050] qname:[instagram.com.] qtype:[A] respid:[3050] rcode:[NOERROR] respflags:[qr rd ra] err:[<nil>] duration:[90.273787ms]
2025/05/21 05:27:26 worker:[0] reqid:[24088] qname:[wikipedia.org.] qtype:[A] respid:[24088] rcode:[NOERROR] respflags:[qr rd ra] err:[<nil>] duration:[95.367087ms]
2025/05/21 05:27:26 worker:[0] reqid:[28684] qname:[x.com.] qtype:[A] respid:[28684] rcode:[NOERROR] respflags:[qr rd ra] err:[<nil>] duration:[89.810653ms]
2025/05/21 05:27:26 worker:[0] reqid:[43555] qname:[amazon.com.] qtype:[A] respid:[43555] rcode:[NOERROR] respflags:[qr rd ra] err:[<nil>] duration:[91.163888ms]
2025/05/21 05:27:26 worker:[0] reqid:[19108] qname:[tiktok.com.] qtype:[A] respid:[19108] rcode:[NOERROR] respflags:[qr rd ra] err:[<nil>] duration:[89.647043ms]
2025/05/21 05:27:26 worker:[0] reqid:[4543] qname:[whatsapp.com.] qtype:[A] respid:[4543] rcode:[NOERROR] respflags:[qr rd ra] err:[<nil>] duration:[90.033692ms]
2025/05/21 05:27:26 worker:[0] reqid:[55431] qname:[yahoo.com.] qtype:[A] respid:[55431] rcode:[NOERROR] respflags:[qr rd ra] err:[<nil>] duration:[89.918446ms]
2025/05/21 05:27:26 worker:[0] reqid:[54045] qname:[google.com.] qtype:[A] respid:[54045] rcode:[NOERROR] respflags:[qr rd ra] err:[<nil>] duration:[88.999419ms]
2025/05/21 05:27:26 worker:[0] reqid:[45909] qname:[googleusercontent.com.] qtype:[A] respid:[45909] rcode:[NOERROR] respflags:[qr rd ra] err:[<nil>] duration:[95.890831ms]
2025/05/21 05:27:26 worker:[0] reqid:[43114] qname:[facebook.com.] qtype:[A] respid:[43114] rcode:[NOERROR] respflags:[qr rd ra] err:[<nil>] duration:[89.403281ms]
2025/05/21 05:27:26 worker:[0] reqid:[51184] qname:[instagram.com.] qtype:[A] respid:[51184] rcode:[NOERROR] respflags:[qr rd ra] err:[<nil>] duration:[97.025861ms]
2025/05/21 05:27:27 worker:[0] reqid:[2356] qname:[wikipedia.org.] qtype:[A] respid:[2356] rcode:[NOERROR] respflags:[qr rd ra] err:[<nil>] duration:[89.877106ms]
2025/05/21 05:27:27 worker:[0] reqid:[16931] qname:[x.com.] qtype:[A] respid:[16931] rcode:[NOERROR] respflags:[qr rd ra] err:[<nil>] duration:[89.455781ms]
2025/05/21 05:27:27 worker:[0] reqid:[46592] qname:[amazon.com.] qtype:[A] respid:[46592] rcode:[NOERROR] respflags:[qr rd ra] err:[<nil>] duration:[89.400393ms]
2025/05/21 05:27:28 worker:[0] reqid:[36755] qname:[tiktok.com.] qtype:[A] respid:[36755] rcode:[NOERROR] respflags:[qr rd ra] err:[<nil>] duration:[808.898445ms]
2025/05/21 05:27:28 worker:[0] reqid:[31744] qname:[whatsapp.com.] qtype:[A] respid:[31744] rcode:[NOERROR] respflags:[qr rd ra] err:[<nil>] duration:[92.279391ms]
2025/05/21 05:27:28 worker:[0] reqid:[25186] qname:[yahoo.com.] qtype:[A] respid:[25186] rcode:[NOERROR] respflags:[qr rd ra] err:[<nil>] duration:[163.99821ms]
2025/05/21 05:27:28 worker:[0] reqid:[41018] qname:[google.com.] qtype:[A] respid:[41018] rcode:[NOERROR] respflags:[qr rd ra] err:[<nil>] duration:[91.154465ms]
2025/05/21 05:27:28 worker:[0] reqid:[15906] qname:[googleusercontent.com.] qtype:[A] respid:[15906] rcode:[NOERROR] respflags:[qr rd ra] err:[<nil>] duration:[91.197601ms]
2025/05/21 05:27:28 worker:[0] reqid:[64900] qname:[facebook.com.] qtype:[A] respid:[64900] rcode:[NOERROR] respflags:[qr rd ra] err:[<nil>] duration:[90.251617ms]
2025/05/21 05:27:28 worker:[0] reqid:[27765] qname:[instagram.com.] qtype:[A] respid:[27765] rcode:[NOERROR] respflags:[qr rd ra] err:[<nil>] duration:[91.849584ms]
2025/05/21 05:27:28 worker:[0] reqid:[14520] qname:[wikipedia.org.] qtype:[A] respid:[14520] rcode:[NOERROR] respflags:[qr rd ra] err:[<nil>] duration:[91.284783ms]
2025/05/21 05:27:28 worker:[0] reqid:[29341] qname:[x.com.] qtype:[A] respid:[29341] rcode:[NOERROR] respflags:[qr rd ra] err:[<nil>] duration:[93.052109ms]
2025/05/21 05:27:28 worker:[0] reqid:[58351] qname:[amazon.com.] qtype:[A] respid:[58351] rcode:[NOERROR] respflags:[qr rd ra] err:[<nil>] duration:[89.617451ms]
2025/05/21 05:27:29 worker:[0] reqid:[64966] qname:[tiktok.com.] qtype:[A] respid:[64966] rcode:[NOERROR] respflags:[qr rd ra] err:[<nil>] duration:[99.963257ms]
2025/05/21 05:27:29 worker:[0] reqid:[44419] qname:[whatsapp.com.] qtype:[A] respid:[44419] rcode:[NOERROR] respflags:[qr rd ra] err:[<nil>] duration:[93.61932ms]
2025/05/21 05:27:29 worker:[0] reqid:[3966] qname:[yahoo.com.] qtype:[A] respid:[3966] rcode:[NOERROR] respflags:[qr rd ra] err:[<nil>] duration:[89.56833ms]
2025/05/21 05:27:29 worker:[0] reqid:[52595] qname:[google.com.] qtype:[A] respid:[52595] rcode:[NOERROR] respflags:[qr rd ra] err:[<nil>] duration:[89.513458ms]
2025/05/21 05:27:29 worker:[0] reqid:[60318] qname:[googleusercontent.com.] qtype:[A] respid:[60318] rcode:[NOERROR] respflags:[qr rd ra] err:[<nil>] duration:[91.69433ms]
2025/05/21 05:27:29 worker:[0] reqid:[44443] qname:[facebook.com.] qtype:[A] respid:[44443] rcode:[NOERROR] respflags:[qr rd ra] err:[<nil>] duration:[92.129878ms]
2025/05/21 05:27:29 worker:[0] reqid:[18418] qname:[instagram.com.] qtype:[A] respid:[18418] rcode:[NOERROR] respflags:[qr rd ra] err:[<nil>] duration:[91.970465ms]
2025/05/21 05:27:29 worker:[0] reqid:[35749] qname:[wikipedia.org.] qtype:[A] respid:[35749] rcode:[NOERROR] respflags:[qr rd ra] err:[<nil>] duration:[91.97027ms]
2025/05/21 05:27:29 worker:[0] reqid:[56416] qname:[x.com.] qtype:[A] respid:[56416] rcode:[NOERROR] respflags:[qr rd ra] err:[<nil>] duration:[89.688662ms]
2025/05/21 05:27:29 worker:[0] reqid:[46391] qname:[amazon.com.] qtype:[A] respid:[46391] rcode:[NOERROR] respflags:[qr rd ra] err:[<nil>] duration:[90.156177ms]
2025/05/21 05:27:29 worker:[0] reqid:[14679] qname:[tiktok.com.] qtype:[A] respid:[14679] rcode:[NOERROR] respflags:[qr rd ra] err:[<nil>] duration:[89.754661ms]
2025/05/21 05:27:30 worker:[0] reqid:[19606] qname:[whatsapp.com.] qtype:[A] respid:[19606] rcode:[NOERROR] respflags:[qr rd ra] err:[<nil>] duration:[93.921099ms]
2025/05/21 05:27:30 worker:[0] reqid:[20823] qname:[yahoo.com.] qtype:[A] respid:[20823] rcode:[NOERROR] respflags:[qr rd ra] err:[<nil>] duration:[90.297425ms]
2025/05/21 05:27:30 worker:[0] reqid:[5742] qname:[google.com.] qtype:[A] respid:[5742] rcode:[NOERROR] respflags:[qr rd ra] err:[<nil>] duration:[89.445801ms]
2025/05/21 05:27:30 worker:[0] reqid:[59866] qname:[googleusercontent.com.] qtype:[A] respid:[59866] rcode:[NOERROR] respflags:[qr rd ra] err:[<nil>] duration:[92.530551ms]
2025/05/21 05:27:30 worker:[0] reqid:[33] qname:[facebook.com.] qtype:[A] respid:[33] rcode:[NOERROR] respflags:[qr rd ra] err:[<nil>] duration:[89.496986ms]
2025/05/21 05:27:30 worker:[0] reqid:[18172] qname:[instagram.com.] qtype:[A] respid:[18172] rcode:[NOERROR] respflags:[qr rd ra] err:[<nil>] duration:[91.875443ms]
2025/05/21 05:27:30 worker:[0] reqid:[46063] qname:[wikipedia.org.] qtype:[A] respid:[46063] rcode:[NOERROR] respflags:[qr rd ra] err:[<nil>] duration:[91.569596ms]
2025/05/21 05:27:30 worker:[0] reqid:[43729] qname:[x.com.] qtype:[A] respid:[43729] rcode:[NOERROR] respflags:[qr rd ra] err:[<nil>] duration:[93.93917ms]
2025/05/21 05:27:30 worker:[0] reqid:[25877] qname:[amazon.com.] qtype:[A] respid:[25877] rcode:[NOERROR] respflags:[qr rd ra] err:[<nil>] duration:[90.742962ms]
2025/05/21 05:27:30 worker:[0] reqid:[21587] qname:[tiktok.com.] qtype:[A] respid:[21587] rcode:[NOERROR] respflags:[qr rd ra] err:[<nil>] duration:[91.017307ms]
2025/05/21 05:27:30 worker:[0] reqid:[29289] qname:[whatsapp.com.] qtype:[A] respid:[29289] rcode:[NOERROR] respflags:[qr rd ra] err:[<nil>] duration:[91.084806ms]
2025/05/21 05:27:31 worker:[0] reqid:[2732] qname:[yahoo.com.] qtype:[A] respid:[2732] rcode:[NOERROR] respflags:[qr rd ra] err:[<nil>] duration:[89.396299ms]
2025/05/21 05:27:31 worker:[0] reqid:[26450] qname:[google.com.] qtype:[A] respid:[26450] rcode:[NOERROR] respflags:[qr rd ra] err:[<nil>] duration:[92.062028ms]
2025/05/21 05:27:31 worker:[0] reqid:[61074] qname:[googleusercontent.com.] qtype:[A] respid:[61074] rcode:[NOERROR] respflags:[qr rd ra] err:[<nil>] duration:[89.135699ms]
2025/05/21 05:27:31 worker:[0] reqid:[39896] qname:[facebook.com.] qtype:[A] respid:[39896] rcode:[NOERROR] respflags:[qr rd ra] err:[<nil>] duration:[90.2076ms]
2025/05/21 05:27:31 worker:[0] reqid:[34071] qname:[instagram.com.] qtype:[A] respid:[34071] rcode:[NOERROR] respflags:[qr rd ra] err:[<nil>] duration:[96.995334ms]
2025/05/21 05:27:31 worker:[0] reqid:[9336] qname:[wikipedia.org.] qtype:[A] respid:[9336] rcode:[NOERROR] respflags:[qr rd ra] err:[<nil>] duration:[89.896877ms]
2025/05/21 05:27:31 worker:[0] reqid:[11515] qname:[x.com.] qtype:[A] respid:[11515] rcode:[NOERROR] respflags:[qr rd ra] err:[<nil>] duration:[89.687675ms]
2025/05/21 05:27:31 worker:[0] reqid:[43274] qname:[amazon.com.] qtype:[A] respid:[43274] rcode:[NOERROR] respflags:[qr rd ra] err:[<nil>] duration:[91.857845ms]
2025/05/21 05:27:31 worker:[0] reqid:[196] qname:[tiktok.com.] qtype:[A] respid:[196] rcode:[NOERROR] respflags:[qr rd ra] err:[<nil>] duration:[91.696162ms]
2025/05/21 05:27:31 worker:[0] reqid:[33223] qname:[whatsapp.com.] qtype:[A] respid:[33223] rcode:[NOERROR] respflags:[qr rd ra] err:[<nil>] duration:[91.746382ms]
2025/05/21 05:27:31 worker:[0] reqid:[41087] qname:[yahoo.com.] qtype:[A] respid:[41087] rcode:[NOERROR] respflags:[qr rd ra] err:[<nil>] duration:[89.725398ms]
2025/05/21 05:27:32 worker:[0] reqid:[14800] qname:[google.com.] qtype:[A] respid:[14800] rcode:[NOERROR] respflags:[qr rd ra] err:[<nil>] duration:[89.670552ms]
2025/05/21 05:27:32 worker:[0] reqid:[59345] qname:[googleusercontent.com.] qtype:[A] respid:[59345] rcode:[NOERROR] respflags:[qr rd ra] err:[<nil>] duration:[94.963189ms]
2025/05/21 05:27:32 worker:[0] reqid:[15666] qname:[facebook.com.] qtype:[A] respid:[15666] rcode:[NOERROR] respflags:[qr rd ra] err:[<nil>] duration:[89.272918ms]
2025/05/21 05:27:32 worker:[0] reqid:[6555] qname:[instagram.com.] qtype:[A] respid:[6555] rcode:[NOERROR] respflags:[qr rd ra] err:[<nil>] duration:[91.150009ms]
2025/05/21 05:27:32 worker:[0] reqid:[30170] qname:[wikipedia.org.] qtype:[A] respid:[30170] rcode:[NOERROR] respflags:[qr rd ra] err:[<nil>] duration:[90.677863ms]
2025/05/21 05:27:32 worker:[0] reqid:[21901] qname:[x.com.] qtype:[A] respid:[21901] rcode:[NOERROR] respflags:[qr rd ra] err:[<nil>] duration:[89.360761ms]
2025/05/21 05:27:32 worker:[0] reqid:[29163] qname:[amazon.com.] qtype:[A] respid:[29163] rcode:[NOERROR] respflags:[qr rd ra] err:[<nil>] duration:[89.765826ms]
2025/05/21 05:27:32 worker:[0] reqid:[43840] qname:[tiktok.com.] qtype:[A] respid:[43840] rcode:[NOERROR] respflags:[qr rd ra] err:[<nil>] duration:[90.390479ms]
2025/05/21 05:27:32 worker:[0] reqid:[32368] qname:[whatsapp.com.] qtype:[A] respid:[32368] rcode:[NOERROR] respflags:[qr rd ra] err:[<nil>] duration:[89.878279ms]
2025/05/21 05:27:32 worker:[0] reqid:[16510] qname:[yahoo.com.] qtype:[A] respid:[16510] rcode:[NOERROR] respflags:[qr rd ra] err:[<nil>] duration:[88.718608ms]
2025/05/21 05:27:32 worker:[0] reqid:[62020] qname:[google.com.] qtype:[A] respid:[62020] rcode:[NOERROR] respflags:[qr rd ra] err:[<nil>] duration:[91.576366ms]
2025/05/21 05:27:33 worker:[0] reqid:[61788] qname:[googleusercontent.com.] qtype:[A] respid:[61788] rcode:[NOERROR] respflags:[qr rd ra] err:[<nil>] duration:[90.461498ms]
2025/05/21 05:27:33 worker:[0] reqid:[17310] qname:[facebook.com.] qtype:[A] respid:[17310] rcode:[NOERROR] respflags:[qr rd ra] err:[<nil>] duration:[92.423076ms]
2025/05/21 05:27:33 worker:[0] reqid:[10957] qname:[instagram.com.] qtype:[A] respid:[10957] rcode:[NOERROR] respflags:[qr rd ra] err:[<nil>] duration:[89.947097ms]
2025/05/21 05:27:33 worker:[0] reqid:[57771] qname:[wikipedia.org.] qtype:[A] respid:[57771] rcode:[NOERROR] respflags:[qr rd ra] err:[<nil>] duration:[90.205629ms]
2025/05/21 05:27:33 worker:[0] reqid:[25546] qname:[x.com.] qtype:[A] respid:[25546] rcode:[NOERROR] respflags:[qr rd ra] err:[<nil>] duration:[90.010213ms]
2025/05/21 05:27:33 worker:[0] reqid:[44673] qname:[amazon.com.] qtype:[A] respid:[44673] rcode:[NOERROR] respflags:[qr rd ra] err:[<nil>] duration:[89.666464ms]
2025/05/21 05:27:33 worker:[0] reqid:[61216] qname:[tiktok.com.] qtype:[A] respid:[61216] rcode:[NOERROR] respflags:[qr rd ra] err:[<nil>] duration:[92.718374ms]
2025/05/21 05:27:33 worker:[0] reqid:[11226] qname:[whatsapp.com.] qtype:[A] respid:[11226] rcode:[NOERROR] respflags:[qr rd ra] err:[<nil>] duration:[89.549667ms]
2025/05/21 05:27:33 worker:[0] reqid:[4421] qname:[yahoo.com.] qtype:[A] respid:[4421] rcode:[NOERROR] respflags:[qr rd ra] err:[<nil>] duration:[90.123232ms]
2025/05/21 05:27:33 worker:[0] reqid:[50886] qname:[google.com.] qtype:[A] respid:[50886] rcode:[NOERROR] respflags:[qr rd ra] err:[<nil>] duration:[90.345401ms]
2025/05/21 05:27:33 worker:[0] reqid:[1764] qname:[googleusercontent.com.] qtype:[A] respid:[1764] rcode:[NOERROR] respflags:[qr rd ra] err:[<nil>] duration:[90.081371ms]
2025/05/21 05:27:34 worker:[0] reqid:[34277] qname:[facebook.com.] qtype:[A] respid:[34277] rcode:[NOERROR] respflags:[qr rd ra] err:[<nil>] duration:[90.121798ms]
2025/05/21 05:27:34 worker:[0] reqid:[61149] qname:[instagram.com.] qtype:[A] respid:[61149] rcode:[NOERROR] respflags:[qr rd ra] err:[<nil>] duration:[93.57529ms]
2025/05/21 05:27:34 worker:[0] reqid:[43279] qname:[wikipedia.org.] qtype:[A] respid:[43279] rcode:[NOERROR] respflags:[qr rd ra] err:[<nil>] duration:[90.452644ms]
2025/05/21 05:27:34 worker:[0] reqid:[51966] qname:[x.com.] qtype:[A] respid:[51966] rcode:[NOERROR] respflags:[qr rd ra] err:[<nil>] duration:[91.485817ms]
2025/05/21 05:27:34 worker:[0] reqid:[64332] qname:[amazon.com.] qtype:[A] respid:[64332] rcode:[NOERROR] respflags:[qr rd ra] err:[<nil>] duration:[90.272941ms]
2025/05/21 05:27:34 worker:[0] reqid:[2209] qname:[tiktok.com.] qtype:[A] respid:[2209] rcode:[NOERROR] respflags:[qr rd ra] err:[<nil>] duration:[89.518473ms]
2025/05/21 05:27:34 worker:[0] reqid:[16455] qname:[whatsapp.com.] qtype:[A] respid:[16455] rcode:[NOERROR] respflags:[qr rd ra] err:[<nil>] duration:[95.979123ms]
2025/05/21 05:27:34 worker:[0] reqid:[36656] qname:[yahoo.com.] qtype:[A] respid:[36656] rcode:[NOERROR] respflags:[qr rd ra] err:[<nil>] duration:[90.182926ms]
2025/05/21 05:27:34 worker:[0] reqid:[45802] qname:[google.com.] qtype:[A] respid:[45802] rcode:[NOERROR] respflags:[qr rd ra] err:[<nil>] duration:[93.490012ms]
2025/05/21 05:27:34 worker:[0] reqid:[28921] qname:[googleusercontent.com.] qtype:[A] respid:[28921] rcode:[NOERROR] respflags:[qr rd ra] err:[<nil>] duration:[97.279721ms]
2025/05/21 05:27:34 worker:[0] reqid:[59791] qname:[facebook.com.] qtype:[A] respid:[59791] rcode:[NOERROR] respflags:[qr rd ra] err:[<nil>] duration:[99.81136ms]
2025/05/21 05:27:35 worker:[0] reqid:[50261] qname:[instagram.com.] qtype:[A] respid:[50261] rcode:[NOERROR] respflags:[qr rd ra] err:[<nil>] duration:[107.307523ms]
2025/05/21 05:27:35 worker:[0] reqid:[60367] qname:[wikipedia.org.] qtype:[A] respid:[60367] rcode:[NOERROR] respflags:[qr rd ra] err:[<nil>] duration:[103.536265ms]
2025/05/21 05:27:35 worker:[0] reqid:[7254] qname:[x.com.] qtype:[A] respid:[7254] rcode:[NOERROR] respflags:[qr rd ra] err:[<nil>] duration:[90.879763ms]
2025/05/21 05:27:35 worker:[0] reqid:[30157] qname:[amazon.com.] qtype:[A] respid:[30157] rcode:[NOERROR] respflags:[qr rd ra] err:[<nil>] duration:[89.161654ms]
2025/05/21 05:27:35 worker:[0] reqid:[10470] qname:[tiktok.com.] qtype:[A] respid:[10470] rcode:[NOERROR] respflags:[qr rd ra] err:[<nil>] duration:[89.587075ms]
2025/05/21 05:27:35 worker:[0] reqid:[45770] qname:[whatsapp.com.] qtype:[A] respid:[45770] rcode:[NOERROR] respflags:[qr rd ra] err:[<nil>] duration:[90.108574ms]
2025/05/21 05:27:35 worker:[0] reqid:[61635] qname:[yahoo.com.] qtype:[A] respid:[61635] rcode:[NOERROR] respflags:[qr rd ra] err:[<nil>] duration:[91.203039ms]
2025/05/21 05:27:35 worker:[0] reqid:[20015] qname:[google.com.] qtype:[A] respid:[20015] rcode:[NOERROR] respflags:[qr rd ra] err:[<nil>] duration:[91.662782ms]
2025/05/21 05:27:35 worker:[0] reqid:[12912] qname:[googleusercontent.com.] qtype:[A] respid:[12912] rcode:[NOERROR] respflags:[qr rd ra] err:[<nil>] duration:[129.654871ms]
2025/05/21 05:27:36 worker:[0] reqid:[16950] qname:[facebook.com.] qtype:[A] respid:[16950] rcode:[NOERROR] respflags:[qr rd ra] err:[<nil>] duration:[271.403179ms]
2025/05/21 05:27:36 worker:[0] reqid:[28433] qname:[instagram.com.] qtype:[A] respid:[28433] rcode:[NOERROR] respflags:[qr rd ra] err:[<nil>] duration:[89.766003ms]
2025/05/21 05:27:36 worker:[0] reqid:[8911] qname:[wikipedia.org.] qtype:[A] respid:[8911] rcode:[NOERROR] respflags:[qr rd ra] err:[<nil>] duration:[92.800988ms]
2025/05/21 05:27:36 worker:[0] reqid:[56522] qname:[x.com.] qtype:[A] respid:[56522] rcode:[NOERROR] respflags:[qr rd ra] err:[<nil>] duration:[89.786397ms]
2025/05/21 05:27:36 worker:[0] reqid:[19442] qname:[amazon.com.] qtype:[A] respid:[19442] rcode:[NOERROR] respflags:[qr rd ra] err:[<nil>] duration:[89.516034ms]
2025/05/21 05:27:36 worker:[0] reqid:[7819] qname:[tiktok.com.] qtype:[A] respid:[7819] rcode:[NOERROR] respflags:[qr rd ra] err:[<nil>] duration:[89.751725ms]
2025/05/21 05:27:36 worker:[0] reqid:[51149] qname:[whatsapp.com.] qtype:[A] respid:[51149] rcode:[NOERROR] respflags:[qr rd ra] err:[<nil>] duration:[89.760411ms]
2025/05/21 05:27:36 worker:[0] reqid:[48457] qname:[yahoo.com.] qtype:[A] respid:[48457] rcode:[NOERROR] respflags:[qr rd ra] err:[<nil>] duration:[90.375254ms]
2025/05/21 05:27:36 worker:[0] reqid:[46830] qname:[google.com.] qtype:[A] respid:[46830] rcode:[NOERROR] respflags:[qr rd ra] err:[<nil>] duration:[89.681569ms]
2025/05/21 05:27:36 worker:[0] reqid:[40517] qname:[googleusercontent.com.] qtype:[A] respid:[40517] rcode:[NOERROR] respflags:[qr rd ra] err:[<nil>] duration:[90.152204ms]
2025/05/21 05:27:37 worker:[0] reqid:[45786] qname:[facebook.com.] qtype:[A] respid:[45786] rcode:[NOERROR] respflags:[qr rd ra] err:[<nil>] duration:[90.286499ms]
2025/05/21 05:27:37 worker:[0] reqid:[1499] qname:[instagram.com.] qtype:[A] respid:[1499] rcode:[NOERROR] respflags:[qr rd ra] err:[<nil>] duration:[90.383464ms]
2025/05/21 05:27:37 worker:[0] reqid:[52578] qname:[wikipedia.org.] qtype:[A] respid:[52578] rcode:[NOERROR] respflags:[qr rd ra] err:[<nil>] duration:[89.819933ms]
2025/05/21 05:27:37 worker:[0] reqid:[39122] qname:[x.com.] qtype:[A] respid:[39122] rcode:[NOERROR] respflags:[qr rd ra] err:[<nil>] duration:[89.543095ms]
2025/05/21 05:27:37 worker:[0] reqid:[31844] qname:[amazon.com.] qtype:[A] respid:[31844] rcode:[NOERROR] respflags:[qr rd ra] err:[<nil>] duration:[89.644657ms]
2025/05/21 05:27:37 worker:[0] reqid:[52273] qname:[tiktok.com.] qtype:[A] respid:[52273] rcode:[NOERROR] respflags:[qr rd ra] err:[<nil>] duration:[89.757841ms]
2025/05/21 05:27:37 worker:[0] reqid:[46415] qname:[whatsapp.com.] qtype:[A] respid:[46415] rcode:[NOERROR] respflags:[qr rd ra] err:[<nil>] duration:[89.793663ms]
2025/05/21 05:27:37 worker:[0] reqid:[6467] qname:[yahoo.com.] qtype:[A] respid:[6467] rcode:[NOERROR] respflags:[qr rd ra] err:[<nil>] duration:[90.67147ms]
2025/05/21 05:27:37 worker:[0] reqid:[27647] qname:[google.com.] qtype:[A] respid:[27647] rcode:[NOERROR] respflags:[qr rd ra] err:[<nil>] duration:[89.766865ms]
2025/05/21 05:27:37 worker:[0] reqid:[18414] qname:[googleusercontent.com.] qtype:[A] respid:[18414] rcode:[NOERROR] respflags:[qr rd ra] err:[<nil>] duration:[90.779918ms]
2025/05/21 05:27:37 worker:[0] reqid:[42958] qname:[facebook.com.] qtype:[A] respid:[42958] rcode:[NOERROR] respflags:[qr rd ra] err:[<nil>] duration:[90.97643ms]
2025/05/21 05:27:38 worker:[0] reqid:[55269] qname:[instagram.com.] qtype:[A] respid:[55269] rcode:[NOERROR] respflags:[qr rd ra] err:[<nil>] duration:[90.841601ms]
2025/05/21 05:27:38 worker:[0] reqid:[64373] qname:[wikipedia.org.] qtype:[A] respid:[64373] rcode:[NOERROR] respflags:[qr rd ra] err:[<nil>] duration:[91.000418ms]
2025/05/21 05:27:38 worker:[0] reqid:[57458] qname:[x.com.] qtype:[A] respid:[57458] rcode:[NOERROR] respflags:[qr rd ra] err:[<nil>] duration:[91.457026ms]
2025/05/21 05:27:38 worker:[0] reqid:[31439] qname:[amazon.com.] qtype:[A] respid:[31439] rcode:[NOERROR] respflags:[qr rd ra] err:[<nil>] duration:[90.111108ms]
2025/05/21 05:27:38 worker:[0] reqid:[50336] qname:[tiktok.com.] qtype:[A] respid:[50336] rcode:[NOERROR] respflags:[qr rd ra] err:[<nil>] duration:[91.714722ms]
2025/05/21 05:27:38 worker:[0] reqid:[33700] qname:[whatsapp.com.] qtype:[A] respid:[33700] rcode:[NOERROR] respflags:[qr rd ra] err:[<nil>] duration:[90.603141ms]
2025/05/21 05:27:38 worker:[0] reqid:[59554] qname:[yahoo.com.] qtype:[A] respid:[59554] rcode:[NOERROR] respflags:[qr rd ra] err:[<nil>] duration:[89.925188ms]
2025/05/21 05:27:38 worker:[0] reqid:[9540] qname:[google.com.] qtype:[A] respid:[9540] rcode:[NOERROR] respflags:[qr rd ra] err:[<nil>] duration:[89.750826ms]
2025/05/21 05:27:38 worker:[0] reqid:[10230] qname:[googleusercontent.com.] qtype:[A] respid:[10230] rcode:[NOERROR] respflags:[qr rd ra] err:[<nil>] duration:[90.746863ms]
2025/05/21 05:27:38 worker:[0] reqid:[50429] qname:[facebook.com.] qtype:[A] respid:[50429] rcode:[NOERROR] respflags:[qr rd ra] err:[<nil>] duration:[90.9346ms]
2025/05/21 05:27:38 worker:[0] reqid:[51810] qname:[instagram.com.] qtype:[A] respid:[51810] rcode:[NOERROR] respflags:[qr rd ra] err:[<nil>] duration:[91.245311ms]
2025/05/21 05:27:39 worker:[0] reqid:[38320] qname:[wikipedia.org.] qtype:[A] respid:[38320] rcode:[NOERROR] respflags:[qr rd ra] err:[<nil>] duration:[99.495763ms]
2025/05/21 05:27:39 worker:[0] reqid:[30879] qname:[x.com.] qtype:[A] respid:[30879] rcode:[NOERROR] respflags:[qr rd ra] err:[<nil>] duration:[89.893744ms]
2025/05/21 05:27:39 worker:[0] reqid:[28032] qname:[amazon.com.] qtype:[A] respid:[28032] rcode:[NOERROR] respflags:[qr rd ra] err:[<nil>] duration:[89.597097ms]
2025/05/21 05:27:39 worker:[0] reqid:[41244] qname:[tiktok.com.] qtype:[A] respid:[41244] rcode:[NOERROR] respflags:[qr rd ra] err:[<nil>] duration:[89.717634ms]
2025/05/21 05:27:39 worker:[0] reqid:[52469] qname:[whatsapp.com.] qtype:[A] respid:[52469] rcode:[NOERROR] respflags:[qr rd ra] err:[<nil>] duration:[89.403579ms]
2025/05/21 05:27:39 worker:[0] reqid:[63445] qname:[yahoo.com.] qtype:[A] respid:[63445] rcode:[NOERROR] respflags:[qr rd ra] err:[<nil>] duration:[89.874213ms]
2025/05/21 05:27:39 worker:[0] reqid:[57789] qname:[google.com.] qtype:[A] respid:[57789] rcode:[NOERROR] respflags:[qr rd ra] err:[<nil>] duration:[90.196916ms]
2025/05/21 05:27:39 worker:[0] reqid:[35364] qname:[googleusercontent.com.] qtype:[A] respid:[35364] rcode:[NOERROR] respflags:[qr rd ra] err:[<nil>] duration:[90.310396ms]
2025/05/21 05:27:39 worker:[0] reqid:[22050] qname:[facebook.com.] qtype:[A] respid:[22050] rcode:[NOERROR] respflags:[qr rd ra] err:[<nil>] duration:[89.898709ms]
2025/05/21 05:27:39 worker:[0] reqid:[18056] qname:[instagram.com.] qtype:[A] respid:[18056] rcode:[NOERROR] respflags:[qr rd ra] err:[<nil>] duration:[90.007961ms]
2025/05/21 05:27:39 worker:[0] reqid:[14034] qname:[wikipedia.org.] qtype:[A] respid:[14034] rcode:[NOERROR] respflags:[qr rd ra] err:[<nil>] duration:[90.345932ms]
2025/05/21 05:27:40 worker:[0] reqid:[6809] qname:[x.com.] qtype:[A] respid:[6809] rcode:[NOERROR] respflags:[qr rd ra] err:[<nil>] duration:[89.9391ms]
2025/05/21 05:27:40 worker:[0] reqid:[35619] qname:[amazon.com.] qtype:[A] respid:[35619] rcode:[NOERROR] respflags:[qr rd ra] err:[<nil>] duration:[90.016823ms]
2025/05/21 05:27:40 worker:[0] reqid:[47282] qname:[tiktok.com.] qtype:[A] respid:[47282] rcode:[NOERROR] respflags:[qr rd ra] err:[<nil>] duration:[92.46648ms]
2025/05/21 05:27:40 worker:[0] reqid:[32854] qname:[whatsapp.com.] qtype:[A] respid:[32854] rcode:[NOERROR] respflags:[qr rd ra] err:[<nil>] duration:[89.811095ms]
2025/05/21 05:27:40 worker:[0] reqid:[52959] qname:[yahoo.com.] qtype:[A] respid:[52959] rcode:[NOERROR] respflags:[qr rd ra] err:[<nil>] duration:[91.527156ms]
2025/05/21 05:27:40 worker:[0] reqid:[34902] qname:[google.com.] qtype:[A] respid:[34902] rcode:[NOERROR] respflags:[qr rd ra] err:[<nil>] duration:[89.774402ms]
2025/05/21 05:27:40 worker:[0] reqid:[3982] qname:[googleusercontent.com.] qtype:[A] respid:[3982] rcode:[NOERROR] respflags:[qr rd ra] err:[<nil>] duration:[92.589772ms]
2025/05/21 05:27:40 worker:[0] reqid:[16501] qname:[facebook.com.] qtype:[A] respid:[16501] rcode:[NOERROR] respflags:[qr rd ra] err:[<nil>] duration:[90.896654ms]
2025/05/21 05:27:40 worker:[0] reqid:[46541] qname:[instagram.com.] qtype:[A] respid:[46541] rcode:[NOERROR] respflags:[qr rd ra] err:[<nil>] duration:[90.058762ms]
2025/05/21 05:27:40 worker:[0] reqid:[8810] qname:[wikipedia.org.] qtype:[A] respid:[8810] rcode:[NOERROR] respflags:[qr rd ra] err:[<nil>] duration:[89.513608ms]
2025/05/21 05:27:40 worker:[0] reqid:[57758] qname:[x.com.] qtype:[A] respid:[57758] rcode:[NOERROR] respflags:[qr rd ra] err:[<nil>] duration:[89.735495ms]
2025/05/21 05:27:41 worker:[0] reqid:[13242] qname:[amazon.com.] qtype:[A] respid:[13242] rcode:[NOERROR] respflags:[qr rd ra] err:[<nil>] duration:[92.89414ms]
2025/05/21 05:27:41 worker:[0] reqid:[14179] qname:[tiktok.com.] qtype:[A] respid:[14179] rcode:[NOERROR] respflags:[qr rd ra] err:[<nil>] duration:[93.990091ms]
2025/05/21 05:27:41 worker:[0] reqid:[53419] qname:[whatsapp.com.] qtype:[A] respid:[53419] rcode:[NOERROR] respflags:[qr rd ra] err:[<nil>] duration:[90.239685ms]
2025/05/21 05:27:41 worker:[0] reqid:[4034] qname:[yahoo.com.] qtype:[A] respid:[4034] rcode:[NOERROR] respflags:[qr rd ra] err:[<nil>] duration:[89.542955ms]
2025/05/21 05:27:41 worker:[0] reqid:[15938] qname:[google.com.] qtype:[A] respid:[15938] rcode:[NOERROR] respflags:[qr rd ra] err:[<nil>] duration:[89.900822ms]
2025/05/21 05:27:41 worker:[0] reqid:[15315] qname:[googleusercontent.com.] qtype:[A] respid:[15315] rcode:[NOERROR] respflags:[qr rd ra] err:[<nil>] duration:[89.408764ms]
2025/05/21 05:27:41 worker:[0] reqid:[1992] qname:[facebook.com.] qtype:[A] respid:[1992] rcode:[NOERROR] respflags:[qr rd ra] err:[<nil>] duration:[91.356277ms]
2025/05/21 05:27:41 worker:[0] reqid:[5512] qname:[instagram.com.] qtype:[A] respid:[5512] rcode:[NOERROR] respflags:[qr rd ra] err:[<nil>] duration:[89.662699ms]
2025/05/21 05:27:41 worker:[0] reqid:[36672] qname:[wikipedia.org.] qtype:[A] respid:[36672] rcode:[NOERROR] respflags:[qr rd ra] err:[<nil>] duration:[89.397363ms]
2025/05/21 05:27:41 worker:[0] reqid:[38098] qname:[x.com.] qtype:[A] respid:[38098] rcode:[NOERROR] respflags:[qr rd ra] err:[<nil>] duration:[89.17435ms]
2025/05/21 05:27:41 worker:[0] reqid:[56360] qname:[amazon.com.] qtype:[A] respid:[56360] rcode:[NOERROR] respflags:[qr rd ra] err:[<nil>] duration:[89.812715ms]
2025/05/21 05:27:42 worker:[0] reqid:[39789] qname:[tiktok.com.] qtype:[A] respid:[39789] rcode:[NOERROR] respflags:[qr rd ra] err:[<nil>] duration:[100.335249ms]
2025/05/21 05:27:42 worker:[0] reqid:[52398] qname:[whatsapp.com.] qtype:[A] respid:[52398] rcode:[NOERROR] respflags:[qr rd ra] err:[<nil>] duration:[90.006152ms]
2025/05/21 05:27:42 worker:[0] reqid:[51259] qname:[yahoo.com.] qtype:[A] respid:[51259] rcode:[NOERROR] respflags:[qr rd ra] err:[<nil>] duration:[89.512733ms]
2025/05/21 05:27:42 worker:[0] reqid:[2199] qname:[google.com.] qtype:[A] respid:[2199] rcode:[NOERROR] respflags:[qr rd ra] err:[<nil>] duration:[94.891978ms]
2025/05/21 05:27:42 worker:[0] reqid:[44652] qname:[googleusercontent.com.] qtype:[A] respid:[44652] rcode:[NOERROR] respflags:[qr rd ra] err:[<nil>] duration:[90.684945ms]
2025/05/21 05:27:42 worker:[0] reqid:[21358] qname:[facebook.com.] qtype:[A] respid:[21358] rcode:[NOERROR] respflags:[qr rd ra] err:[<nil>] duration:[90.973249ms]
2025/05/21 05:27:42 worker:[0] reqid:[62783] qname:[instagram.com.] qtype:[A] respid:[62783] rcode:[NOERROR] respflags:[qr rd ra] err:[<nil>] duration:[90.078946ms]
2025/05/21 05:27:42 worker:[0] reqid:[59643] qname:[wikipedia.org.] qtype:[A] respid:[59643] rcode:[NOERROR] respflags:[qr rd ra] err:[<nil>] duration:[90.367722ms]
2025/05/21 05:27:42 worker:[0] reqid:[59247] qname:[x.com.] qtype:[A] respid:[59247] rcode:[NOERROR] respflags:[qr rd ra] err:[<nil>] duration:[94.61887ms]
2025/05/21 05:27:42 worker:[0] reqid:[18129] qname:[amazon.com.] qtype:[A] respid:[18129] rcode:[NOERROR] respflags:[qr rd ra] err:[<nil>] duration:[91.571836ms]
2025/05/21 05:27:42 worker:[0] reqid:[31528] qname:[tiktok.com.] qtype:[A] respid:[31528] rcode:[NOERROR] respflags:[qr rd ra] err:[<nil>] duration:[93.761904ms]
2025/05/21 05:27:43 worker:[0] reqid:[1890] qname:[whatsapp.com.] qtype:[A] respid:[1890] rcode:[NOERROR] respflags:[qr rd ra] err:[<nil>] duration:[90.009453ms]
2025/05/21 05:27:43 worker:[0] reqid:[52164] qname:[yahoo.com.] qtype:[A] respid:[52164] rcode:[NOERROR] respflags:[qr rd ra] err:[<nil>] duration:[91.819073ms]
2025/05/21 05:27:43 worker:[0] reqid:[2734] qname:[google.com.] qtype:[A] respid:[2734] rcode:[NOERROR] respflags:[qr rd ra] err:[<nil>] duration:[90.133451ms]
2025/05/21 05:27:43 worker:[0] reqid:[60265] qname:[googleusercontent.com.] qtype:[A] respid:[60265] rcode:[NOERROR] respflags:[qr rd ra] err:[<nil>] duration:[90.977618ms]
2025/05/21 05:27:43 worker:[0] reqid:[53977] qname:[facebook.com.] qtype:[A] respid:[53977] rcode:[NOERROR] respflags:[qr rd ra] err:[<nil>] duration:[90.739307ms]
2025/05/21 05:27:43 worker:[0] reqid:[32447] qname:[instagram.com.] qtype:[A] respid:[32447] rcode:[NOERROR] respflags:[qr rd ra] err:[<nil>] duration:[90.009928ms]
2025/05/21 05:27:43 worker:[0] reqid:[65501] qname:[wikipedia.org.] qtype:[A] respid:[65501] rcode:[NOERROR] respflags:[qr rd ra] err:[<nil>] duration:[103.305827ms]
2025/05/21 05:27:43 worker:[0] reqid:[60437] qname:[x.com.] qtype:[A] respid:[60437] rcode:[NOERROR] respflags:[qr rd ra] err:[<nil>] duration:[90.338022ms]
2025/05/21 05:27:43 worker:[0] reqid:[2614] qname:[amazon.com.] qtype:[A] respid:[2614] rcode:[NOERROR] respflags:[qr rd ra] err:[<nil>] duration:[92.752636ms]
2025/05/21 05:27:43 worker:[0] reqid:[58312] qname:[tiktok.com.] qtype:[A] respid:[58312] rcode:[NOERROR] respflags:[qr rd ra] err:[<nil>] duration:[90.357636ms]
2025/05/21 05:27:43 worker:[0] reqid:[443] qname:[whatsapp.com.] qtype:[A] respid:[443] rcode:[NOERROR] respflags:[qr rd ra] err:[<nil>] duration:[92.098992ms]
2025/05/21 05:27:44 worker:[0] reqid:[18740] qname:[yahoo.com.] qtype:[A] respid:[18740] rcode:[NOERROR] respflags:[qr rd ra] err:[<nil>] duration:[90.184832ms]
2025/05/21 05:27:44 worker:[0] reqid:[16598] qname:[google.com.] qtype:[A] respid:[16598] rcode:[NOERROR] respflags:[qr rd ra] err:[<nil>] duration:[91.64174ms]
2025/05/21 05:27:44 worker:[0] reqid:[61467] qname:[googleusercontent.com.] qtype:[A] respid:[61467] rcode:[NOERROR] respflags:[qr rd ra] err:[<nil>] duration:[90.421555ms]
2025/05/21 05:27:44 worker:[0] reqid:[16426] qname:[facebook.com.] qtype:[A] respid:[16426] rcode:[NOERROR] respflags:[qr rd ra] err:[<nil>] duration:[89.760423ms]
2025/05/21 05:27:44 worker:[0] reqid:[48076] qname:[instagram.com.] qtype:[A] respid:[48076] rcode:[NOERROR] respflags:[qr rd ra] err:[<nil>] duration:[89.737197ms]
2025/05/21 05:27:44 worker:[0] reqid:[46980] qname:[wikipedia.org.] qtype:[A] respid:[46980] rcode:[NOERROR] respflags:[qr rd ra] err:[<nil>] duration:[90.876017ms]
2025/05/21 05:27:44 worker:[0] reqid:[42324] qname:[x.com.] qtype:[A] respid:[42324] rcode:[NOERROR] respflags:[qr rd ra] err:[<nil>] duration:[90.685242ms]
2025/05/21 05:27:44 worker:[0] reqid:[64837] qname:[amazon.com.] qtype:[A] respid:[64837] rcode:[NOERROR] respflags:[qr rd ra] err:[<nil>] duration:[90.115969ms]
2025/05/21 05:27:44 worker:[0] reqid:[38449] qname:[tiktok.com.] qtype:[A] respid:[38449] rcode:[NOERROR] respflags:[qr rd ra] err:[<nil>] duration:[90.582447ms]
2025/05/21 05:27:45 worker:[0] reqid:[14612] qname:[whatsapp.com.] qtype:[A] respid:[14612] rcode:[NOERROR] respflags:[qr rd ra] err:[<nil>] duration:[543.089512ms]
2025/05/21 05:27:45 worker:[0] reqid:[56932] qname:[yahoo.com.] qtype:[A] respid:[56932] rcode:[NOERROR] respflags:[qr rd ra] err:[<nil>] duration:[89.518088ms]
2025/05/21 05:27:45 worker:[0] reqid:[50572] qname:[google.com.] qtype:[A] respid:[50572] rcode:[NOERROR] respflags:[qr rd ra] err:[<nil>] duration:[90.505818ms]
2025/05/21 05:27:45 worker:[0] reqid:[15331] qname:[googleusercontent.com.] qtype:[A] respid:[15331] rcode:[NOERROR] respflags:[qr rd ra] err:[<nil>] duration:[91.428631ms]
2025/05/21 05:27:45 worker:[0] reqid:[47162] qname:[facebook.com.] qtype:[A] respid:[47162] rcode:[NOERROR] respflags:[qr rd ra] err:[<nil>] duration:[90.265367ms]
2025/05/21 05:27:45 worker:[0] reqid:[24050] qname:[instagram.com.] qtype:[A] respid:[24050] rcode:[NOERROR] respflags:[qr rd ra] err:[<nil>] duration:[89.642242ms]
2025/05/21 05:27:45 worker:[0] reqid:[11164] qname:[wikipedia.org.] qtype:[A] respid:[11164] rcode:[NOERROR] respflags:[qr rd ra] err:[<nil>] duration:[89.606313ms]
2025/05/21 05:27:45 worker:[0] reqid:[54345] qname:[x.com.] qtype:[A] respid:[54345] rcode:[NOERROR] respflags:[qr rd ra] err:[<nil>] duration:[90.472948ms]
2025/05/21 05:27:46 worker:[0] reqid:[62543] qname:[amazon.com.] qtype:[A] respid:[62543] rcode:[NOERROR] respflags:[qr rd ra] err:[<nil>] duration:[90.926422ms]
2025/05/21 05:27:46 worker:[0] reqid:[44320] qname:[tiktok.com.] qtype:[A] respid:[44320] rcode:[NOERROR] respflags:[qr rd ra] err:[<nil>] duration:[90.265767ms]
2025/05/21 05:27:46 worker:[0] reqid:[27955] qname:[whatsapp.com.] qtype:[A] respid:[27955] rcode:[NOERROR] respflags:[qr rd ra] err:[<nil>] duration:[91.01148ms]
2025/05/21 05:27:46 worker:[0] reqid:[42822] qname:[yahoo.com.] qtype:[A] respid:[42822] rcode:[NOERROR] respflags:[qr rd ra] err:[<nil>] duration:[90.064563ms]
2025/05/21 05:27:46 worker:[0] reqid:[28467] qname:[google.com.] qtype:[A] respid:[28467] rcode:[NOERROR] respflags:[qr rd ra] err:[<nil>] duration:[91.916466ms]
2025/05/21 05:27:46 worker:[0] reqid:[64547] qname:[googleusercontent.com.] qtype:[A] respid:[64547] rcode:[NOERROR] respflags:[qr rd ra] err:[<nil>] duration:[94.093744ms]
2025/05/21 05:27:46 worker:[0] reqid:[29584] qname:[facebook.com.] qtype:[A] respid:[29584] rcode:[NOERROR] respflags:[qr rd ra] err:[<nil>] duration:[90.836282ms]
2025/05/21 05:27:46 worker:[0] reqid:[24128] qname:[instagram.com.] qtype:[A] respid:[24128] rcode:[NOERROR] respflags:[qr rd ra] err:[<nil>] duration:[89.945816ms]
2025/05/21 05:27:46 worker:[0] reqid:[36686] qname:[wikipedia.org.] qtype:[A] respid:[36686] rcode:[NOERROR] respflags:[qr rd ra] err:[<nil>] duration:[89.957329ms]
2025/05/21 05:27:46 worker:[0] reqid:[19781] qname:[x.com.] qtype:[A] respid:[19781] rcode:[NOERROR] respflags:[qr rd ra] err:[<nil>] duration:[91.412609ms]
2025/05/21 05:27:46 worker:[0] reqid:[35756] qname:[amazon.com.] qtype:[A] respid:[35756] rcode:[NOERROR] respflags:[qr rd ra] err:[<nil>] duration:[91.124131ms]
2025/05/21 05:27:47 worker:[0] reqid:[27626] qname:[tiktok.com.] qtype:[A] respid:[27626] rcode:[NOERROR] respflags:[qr rd ra] err:[<nil>] duration:[90.496343ms]
2025/05/21 05:27:47 worker:[0] reqid:[51874] qname:[whatsapp.com.] qtype:[A] respid:[51874] rcode:[NOERROR] respflags:[qr rd ra] err:[<nil>] duration:[90.90715ms]
2025/05/21 05:27:47 worker:[0] reqid:[30133] qname:[yahoo.com.] qtype:[A] respid:[30133] rcode:[NOERROR] respflags:[qr rd ra] err:[<nil>] duration:[90.776097ms]
2025/05/21 05:27:47 worker:[0] reqid:[14141] qname:[google.com.] qtype:[A] respid:[14141] rcode:[NOERROR] respflags:[qr rd ra] err:[<nil>] duration:[90.443999ms]
2025/05/21 05:27:47 worker:[0] reqid:[3122] qname:[googleusercontent.com.] qtype:[A] respid:[3122] rcode:[NOERROR] respflags:[qr rd ra] err:[<nil>] duration:[91.698895ms]
2025/05/21 05:27:47 worker:[0] reqid:[46909] qname:[facebook.com.] qtype:[A] respid:[46909] rcode:[NOERROR] respflags:[qr rd ra] err:[<nil>] duration:[91.442309ms]
2025/05/21 05:27:47 worker:[0] reqid:[28642] qname:[instagram.com.] qtype:[A] respid:[28642] rcode:[NOERROR] respflags:[qr rd ra] err:[<nil>] duration:[91.196359ms]
2025/05/21 05:27:47 worker:[0] reqid:[31730] qname:[wikipedia.org.] qtype:[A] respid:[31730] rcode:[NOERROR] respflags:[qr rd ra] err:[<nil>] duration:[93.181985ms]
2025/05/21 05:27:47 worker:[0] reqid:[62926] qname:[x.com.] qtype:[A] respid:[62926] rcode:[NOERROR] respflags:[qr rd ra] err:[<nil>] duration:[101.372481ms]
2025/05/21 05:27:47 worker:[0] reqid:[60921] qname:[amazon.com.] qtype:[A] respid:[60921] rcode:[NOERROR] respflags:[qr rd ra] err:[<nil>] duration:[91.943555ms]
2025/05/21 05:27:47 worker:[0] reqid:[64792] qname:[tiktok.com.] qtype:[A] respid:[64792] rcode:[NOERROR] respflags:[qr rd ra] err:[<nil>] duration:[93.43883ms]
2025/05/21 05:27:48 worker:[0] reqid:[61751] qname:[whatsapp.com.] qtype:[A] respid:[61751] rcode:[NOERROR] respflags:[qr rd ra] err:[<nil>] duration:[93.902653ms]
2025/05/21 05:27:48 worker:[0] reqid:[36119] qname:[yahoo.com.] qtype:[A] respid:[36119] rcode:[NOERROR] respflags:[qr rd ra] err:[<nil>] duration:[93.408455ms]
2025/05/21 05:27:48 worker:[0] reqid:[20620] qname:[google.com.] qtype:[A] respid:[20620] rcode:[NOERROR] respflags:[qr rd ra] err:[<nil>] duration:[95.340519ms]
2025/05/21 05:27:48 worker:[0] reqid:[62714] qname:[googleusercontent.com.] qtype:[A] respid:[62714] rcode:[NOERROR] respflags:[qr rd ra] err:[<nil>] duration:[89.870498ms]
2025/05/21 05:27:48 worker:[0] reqid:[53918] qname:[facebook.com.] qtype:[A] respid:[53918] rcode:[NOERROR] respflags:[qr rd ra] err:[<nil>] duration:[92.721811ms]
2025/05/21 05:27:48 worker:[0] reqid:[34553] qname:[instagram.com.] qtype:[A] respid:[34553] rcode:[NOERROR] respflags:[qr rd ra] err:[<nil>] duration:[90.932768ms]
2025/05/21 05:27:48 worker:[0] reqid:[24354] qname:[wikipedia.org.] qtype:[A] respid:[24354] rcode:[NOERROR] respflags:[qr rd ra] err:[<nil>] duration:[90.440141ms]
2025/05/21 05:27:48 worker:[0] reqid:[35423] qname:[x.com.] qtype:[A] respid:[35423] rcode:[NOERROR] respflags:[qr rd ra] err:[<nil>] duration:[90.9093ms]
2025/05/21 05:27:48 worker:[0] reqid:[28422] qname:[amazon.com.] qtype:[A] respid:[28422] rcode:[NOERROR] respflags:[qr rd ra] err:[<nil>] duration:[90.291669ms]
2025/05/21 05:27:48 worker:[0] reqid:[21840] qname:[tiktok.com.] qtype:[A] respid:[21840] rcode:[NOERROR] respflags:[qr rd ra] err:[<nil>] duration:[90.379839ms]
2025/05/21 05:27:48 worker:[0] reqid:[7949] qname:[whatsapp.com.] qtype:[A] respid:[7949] rcode:[NOERROR] respflags:[qr rd ra] err:[<nil>] duration:[89.522708ms]
2025/05/21 05:27:49 worker:[0] reqid:[1342] qname:[yahoo.com.] qtype:[A] respid:[1342] rcode:[NOERROR] respflags:[qr rd ra] err:[<nil>] duration:[90.833443ms]
2025/05/21 05:27:49 worker:[0] reqid:[53597] qname:[google.com.] qtype:[A] respid:[53597] rcode:[NOERROR] respflags:[qr rd ra] err:[<nil>] duration:[94.37288ms]
2025/05/21 05:27:49 worker:[0] reqid:[20991] qname:[googleusercontent.com.] qtype:[A] respid:[20991] rcode:[NOERROR] respflags:[qr rd ra] err:[<nil>] duration:[92.554624ms]
2025/05/21 05:27:49 worker:[0] reqid:[57933] qname:[facebook.com.] qtype:[A] respid:[57933] rcode:[NOERROR] respflags:[qr rd ra] err:[<nil>] duration:[90.94834ms]
2025/05/21 05:27:49 worker:[0] reqid:[50952] qname:[instagram.com.] qtype:[A] respid:[50952] rcode:[NOERROR] respflags:[qr rd ra] err:[<nil>] duration:[89.554841ms]
2025/05/21 05:27:49 worker:[0] reqid:[30633] qname:[wikipedia.org.] qtype:[A] respid:[30633] rcode:[NOERROR] respflags:[qr rd ra] err:[<nil>] duration:[90.801314ms]
2025/05/21 05:27:49 worker:[0] reqid:[7391] qname:[x.com.] qtype:[A] respid:[7391] rcode:[NOERROR] respflags:[qr rd ra] err:[<nil>] duration:[89.369299ms]
2025/05/21 05:27:49 worker:[0] reqid:[12841] qname:[amazon.com.] qtype:[A] respid:[12841] rcode:[NOERROR] respflags:[qr rd ra] err:[<nil>] duration:[89.009236ms]
2025/05/21 05:27:49 worker:[0] reqid:[51893] qname:[tiktok.com.] qtype:[A] respid:[51893] rcode:[NOERROR] respflags:[qr rd ra] err:[<nil>] duration:[89.330607ms]
2025/05/21 05:27:49 worker:[0] reqid:[56356] qname:[whatsapp.com.] qtype:[A] respid:[56356] rcode:[NOERROR] respflags:[qr rd ra] err:[<nil>] duration:[91.669099ms]
2025/05/21 05:27:49 worker:[0] reqid:[30965] qname:[yahoo.com.] qtype:[A] respid:[30965] rcode:[NOERROR] respflags:[qr rd ra] err:[<nil>] duration:[89.991678ms]
2025/05/21 05:27:50 worker:[0] reqid:[20409] qname:[google.com.] qtype:[A] respid:[20409] rcode:[NOERROR] respflags:[qr rd ra] err:[<nil>] duration:[90.903764ms]
2025/05/21 05:27:50 worker:[0] reqid:[29965] qname:[googleusercontent.com.] qtype:[A] respid:[29965] rcode:[NOERROR] respflags:[qr rd ra] err:[<nil>] duration:[90.772949ms]
2025/05/21 05:27:50 worker:[0] reqid:[25047] qname:[facebook.com.] qtype:[A] respid:[25047] rcode:[NOERROR] respflags:[qr rd ra] err:[<nil>] duration:[90.028547ms]
2025/05/21 05:27:50 worker:[0] reqid:[33372] qname:[instagram.com.] qtype:[A] respid:[33372] rcode:[NOERROR] respflags:[qr rd ra] err:[<nil>] duration:[92.048738ms]
2025/05/21 05:27:50 worker:[0] reqid:[11444] qname:[wikipedia.org.] qtype:[A] respid:[11444] rcode:[NOERROR] respflags:[qr rd ra] err:[<nil>] duration:[89.784956ms]
2025/05/21 05:27:50 worker:[0] reqid:[63020] qname:[x.com.] qtype:[A] respid:[63020] rcode:[NOERROR] respflags:[qr rd ra] err:[<nil>] duration:[92.611246ms]
2025/05/21 05:27:50 worker:[0] reqid:[800] qname:[amazon.com.] qtype:[A] respid:[800] rcode:[NOERROR] respflags:[qr rd ra] err:[<nil>] duration:[89.953763ms]
2025/05/21 05:27:50 worker:[0] reqid:[30549] qname:[tiktok.com.] qtype:[A] respid:[30549] rcode:[NOERROR] respflags:[qr rd ra] err:[<nil>] duration:[90.226544ms]
2025/05/21 05:27:50 worker:[0] reqid:[20768] qname:[whatsapp.com.] qtype:[A] respid:[20768] rcode:[NOERROR] respflags:[qr rd ra] err:[<nil>] duration:[90.741593ms]
2025/05/21 05:27:50 worker:[0] reqid:[48670] qname:[yahoo.com.] qtype:[A] respid:[48670] rcode:[NOERROR] respflags:[qr rd ra] err:[<nil>] duration:[90.656429ms]
2025/05/21 05:27:51 worker:[0] reqid:[50749] qname:[google.com.] qtype:[A] respid:[50749] rcode:[NOERROR] respflags:[qr rd ra] err:[<nil>] duration:[95.661927ms]
2025/05/21 05:27:51 worker:[0] reqid:[39754] qname:[googleusercontent.com.] qtype:[A] respid:[39754] rcode:[NOERROR] respflags:[qr rd ra] err:[<nil>] duration:[92.585903ms]
2025/05/21 05:27:51 worker:[0] reqid:[8939] qname:[facebook.com.] qtype:[A] respid:[8939] rcode:[NOERROR] respflags:[qr rd ra] err:[<nil>] duration:[90.17743ms]
2025/05/21 05:27:51 worker:[0] reqid:[39161] qname:[instagram.com.] qtype:[A] respid:[39161] rcode:[NOERROR] respflags:[qr rd ra] err:[<nil>] duration:[91.321369ms]
2025/05/21 05:27:51 worker:[0] reqid:[37516] qname:[wikipedia.org.] qtype:[A] respid:[37516] rcode:[NOERROR] respflags:[qr rd ra] err:[<nil>] duration:[91.643138ms]
2025/05/21 05:27:51 worker:[0] reqid:[50292] qname:[x.com.] qtype:[A] respid:[50292] rcode:[NOERROR] respflags:[qr rd ra] err:[<nil>] duration:[89.737153ms]
2025/05/21 05:27:51 worker:[0] reqid:[35095] qname:[amazon.com.] qtype:[A] respid:[35095] rcode:[NOERROR] respflags:[qr rd ra] err:[<nil>] duration:[91.862652ms]
2025/05/21 05:27:51 worker:[0] reqid:[62310] qname:[tiktok.com.] qtype:[A] respid:[62310] rcode:[NOERROR] respflags:[qr rd ra] err:[<nil>] duration:[91.74267ms]
2025/05/21 05:27:51 worker:[0] reqid:[64488] qname:[whatsapp.com.] qtype:[A] respid:[64488] rcode:[NOERROR] respflags:[qr rd ra] err:[<nil>] duration:[92.067004ms]
2025/05/21 05:27:51 worker:[0] reqid:[37383] qname:[yahoo.com.] qtype:[A] respid:[37383] rcode:[NOERROR] respflags:[qr rd ra] err:[<nil>] duration:[92.032082ms]
2025/05/21 05:27:51 worker:[0] reqid:[13032] qname:[google.com.] qtype:[A] respid:[13032] rcode:[NOERROR] respflags:[qr rd ra] err:[<nil>] duration:[90.394485ms]
2025/05/21 05:27:52 worker:[0] reqid:[58248] qname:[googleusercontent.com.] qtype:[A] respid:[58248] rcode:[NOERROR] respflags:[qr rd ra] err:[<nil>] duration:[89.561365ms]
2025/05/21 05:27:52 worker:[0] reqid:[42738] qname:[facebook.com.] qtype:[A] respid:[42738] rcode:[NOERROR] respflags:[qr rd ra] err:[<nil>] duration:[89.770952ms]
2025/05/21 05:27:52 worker:[0] reqid:[37491] qname:[instagram.com.] qtype:[A] respid:[37491] rcode:[NOERROR] respflags:[qr rd ra] err:[<nil>] duration:[90.504964ms]
2025/05/21 05:27:52 worker:[0] reqid:[48501] qname:[wikipedia.org.] qtype:[A] respid:[48501] rcode:[NOERROR] respflags:[qr rd ra] err:[<nil>] duration:[103.47794ms]
2025/05/21 05:27:52 worker:[0] reqid:[2296] qname:[x.com.] qtype:[A] respid:[2296] rcode:[NOERROR] respflags:[qr rd ra] err:[<nil>] duration:[91.590856ms]
2025/05/21 05:27:52 worker:[0] reqid:[41719] qname:[amazon.com.] qtype:[A] respid:[41719] rcode:[NOERROR] respflags:[qr rd ra] err:[<nil>] duration:[91.922593ms]
2025/05/21 05:27:52 worker:[0] reqid:[16082] qname:[tiktok.com.] qtype:[A] respid:[16082] rcode:[NOERROR] respflags:[qr rd ra] err:[<nil>] duration:[89.816546ms]
2025/05/21 05:27:52 worker:[0] reqid:[54888] qname:[whatsapp.com.] qtype:[A] respid:[54888] rcode:[NOERROR] respflags:[qr rd ra] err:[<nil>] duration:[90.418376ms]
2025/05/21 05:27:52 worker:[0] reqid:[38077] qname:[yahoo.com.] qtype:[A] respid:[38077] rcode:[NOERROR] respflags:[qr rd ra] err:[<nil>] duration:[89.700477ms]
2025/05/21 05:27:52 worker:[0] reqid:[37911] qname:[google.com.] qtype:[A] respid:[37911] rcode:[NOERROR] respflags:[qr rd ra] err:[<nil>] duration:[89.848814ms]
2025/05/21 05:27:52 worker:[0] reqid:[19918] qname:[googleusercontent.com.] qtype:[A] respid:[19918] rcode:[NOERROR] respflags:[qr rd ra] err:[<nil>] duration:[89.590199ms]
2025/05/21 05:27:53 worker:[0] reqid:[57892] qname:[facebook.com.] qtype:[A] respid:[57892] rcode:[NOERROR] respflags:[qr rd ra] err:[<nil>] duration:[89.695345ms]
2025/05/21 05:27:53 worker:[0] reqid:[27283] qname:[instagram.com.] qtype:[A] respid:[27283] rcode:[NOERROR] respflags:[qr rd ra] err:[<nil>] duration:[93.033654ms]
2025/05/21 05:27:53 worker:[0] reqid:[32636] qname:[wikipedia.org.] qtype:[A] respid:[32636] rcode:[NOERROR] respflags:[qr rd ra] err:[<nil>] duration:[90.562805ms]
2025/05/21 05:27:53 worker:[0] reqid:[57635] qname:[x.com.] qtype:[A] respid:[57635] rcode:[NOERROR] respflags:[qr rd ra] err:[<nil>] duration:[90.238465ms]
2025/05/21 05:27:53 worker:[0] reqid:[65299] qname:[amazon.com.] qtype:[A] respid:[65299] rcode:[NOERROR] respflags:[qr rd ra] err:[<nil>] duration:[90.903044ms]
2025/05/21 05:27:53 worker:[0] reqid:[6705] qname:[tiktok.com.] qtype:[A] respid:[6705] rcode:[NOERROR] respflags:[qr rd ra] err:[<nil>] duration:[90.398913ms]
2025/05/21 05:27:53 worker:[0] reqid:[20530] qname:[whatsapp.com.] qtype:[A] respid:[20530] rcode:[NOERROR] respflags:[qr rd ra] err:[<nil>] duration:[92.534534ms]
2025/05/21 05:27:53 worker:[0] reqid:[20331] qname:[yahoo.com.] qtype:[A] respid:[20331] rcode:[NOERROR] respflags:[qr rd ra] err:[<nil>] duration:[89.367792ms]
2025/05/21 05:27:53 worker:[0] reqid:[1610] qname:[google.com.] qtype:[A] respid:[1610] rcode:[NOERROR] respflags:[qr rd ra] err:[<nil>] duration:[89.963359ms]
2025/05/21 05:27:53 worker:[0] reqid:[35603] qname:[googleusercontent.com.] qtype:[A] respid:[35603] rcode:[NOERROR] respflags:[qr rd ra] err:[<nil>] duration:[90.650458ms]
2025/05/21 05:27:53 worker:[0] reqid:[59911] qname:[facebook.com.] qtype:[A] respid:[59911] rcode:[NOERROR] respflags:[qr rd ra] err:[<nil>] duration:[90.260369ms]
2025/05/21 05:27:54 worker:[0] reqid:[21825] qname:[instagram.com.] qtype:[A] respid:[21825] rcode:[NOERROR] respflags:[qr rd ra] err:[<nil>] duration:[156.003367ms]
2025/05/21 05:27:54 worker:[0] reqid:[8539] qname:[wikipedia.org.] qtype:[A] respid:[8539] rcode:[NOERROR] respflags:[qr rd ra] err:[<nil>] duration:[147.40052ms]
2025/05/21 05:27:54 worker:[0] reqid:[63033] qname:[x.com.] qtype:[A] respid:[63033] rcode:[NOERROR] respflags:[qr rd ra] err:[<nil>] duration:[89.792343ms]
2025/05/21 05:27:54 worker:[0] reqid:[60067] qname:[amazon.com.] qtype:[A] respid:[60067] rcode:[NOERROR] respflags:[qr rd ra] err:[<nil>] duration:[91.712338ms]
2025/05/21 05:27:54 worker:[0] reqid:[26753] qname:[tiktok.com.] qtype:[A] respid:[26753] rcode:[NOERROR] respflags:[qr rd ra] err:[<nil>] duration:[90.013162ms]
2025/05/21 05:27:54 worker:[0] reqid:[12726] qname:[whatsapp.com.] qtype:[A] respid:[12726] rcode:[NOERROR] respflags:[qr rd ra] err:[<nil>] duration:[89.614426ms]
2025/05/21 05:27:54 worker:[0] reqid:[40076] qname:[yahoo.com.] qtype:[A] respid:[40076] rcode:[NOERROR] respflags:[qr rd ra] err:[<nil>] duration:[92.282193ms]
2025/05/21 05:27:54 worker:[0] reqid:[14845] qname:[google.com.] qtype:[A] respid:[14845] rcode:[NOERROR] respflags:[qr rd ra] err:[<nil>] duration:[90.070093ms]
2025/05/21 05:27:54 worker:[0] reqid:[48525] qname:[googleusercontent.com.] qtype:[A] respid:[48525] rcode:[NOERROR] respflags:[qr rd ra] err:[<nil>] duration:[90.04476ms]
2025/05/21 05:27:54 worker:[0] reqid:[3223] qname:[facebook.com.] qtype:[A] respid:[3223] rcode:[NOERROR] respflags:[qr rd ra] err:[<nil>] duration:[90.351555ms]
2025/05/21 05:27:55 worker:[0] reqid:[61538] qname:[instagram.com.] qtype:[A] respid:[61538] rcode:[NOERROR] respflags:[qr rd ra] err:[<nil>] duration:[92.59963ms]
2025/05/21 05:27:55 worker:[0] reqid:[44800] qname:[wikipedia.org.] qtype:[A] respid:[44800] rcode:[NOERROR] respflags:[qr rd ra] err:[<nil>] duration:[120.554686ms]
2025/05/21 05:27:55 worker:[0] reqid:[11968] qname:[x.com.] qtype:[A] respid:[11968] rcode:[NOERROR] respflags:[qr rd ra] err:[<nil>] duration:[90.143165ms]
2025/05/21 05:27:55 worker:[0] reqid:[6495] qname:[amazon.com.] qtype:[A] respid:[6495] rcode:[NOERROR] respflags:[qr rd ra] err:[<nil>] duration:[89.45964ms]
2025/05/21 05:27:55 worker:[0] reqid:[20332] qname:[tiktok.com.] qtype:[A] respid:[20332] rcode:[NOERROR] respflags:[qr rd ra] err:[<nil>] duration:[91.390999ms]
2025/05/21 05:27:55 worker:[0] reqid:[5658] qname:[whatsapp.com.] qtype:[A] respid:[5658] rcode:[NOERROR] respflags:[qr rd ra] err:[<nil>] duration:[89.688802ms]
2025/05/21 05:27:55 worker:[0] reqid:[33127] qname:[yahoo.com.] qtype:[A] respid:[33127] rcode:[NOERROR] respflags:[qr rd ra] err:[<nil>] duration:[89.965278ms]
2025/05/21 05:27:55 worker:[0] reqid:[56397] qname:[google.com.] qtype:[A] respid:[56397] rcode:[NOERROR] respflags:[qr rd ra] err:[<nil>] duration:[90.285586ms]
2025/05/21 05:27:55 worker:[0] reqid:[16987] qname:[googleusercontent.com.] qtype:[A] respid:[16987] rcode:[NOERROR] respflags:[qr rd ra] err:[<nil>] duration:[89.689277ms]
2025/05/21 05:27:55 worker:[0] reqid:[34768] qname:[facebook.com.] qtype:[A] respid:[34768] rcode:[NOERROR] respflags:[qr rd ra] err:[<nil>] duration:[92.611008ms]
2025/05/21 05:27:55 worker:[0] reqid:[41710] qname:[instagram.com.] qtype:[A] respid:[41710] rcode:[NOERROR] respflags:[qr rd ra] err:[<nil>] duration:[90.909616ms]
2025/05/21 05:27:56 worker:[0] reqid:[5008] qname:[wikipedia.org.] qtype:[A] respid:[5008] rcode:[NOERROR] respflags:[qr rd ra] err:[<nil>] duration:[89.526006ms]
2025/05/21 05:27:56 worker:[0] reqid:[32540] qname:[x.com.] qtype:[A] respid:[32540] rcode:[NOERROR] respflags:[qr rd ra] err:[<nil>] duration:[92.140496ms]
2025/05/21 05:27:56 worker:[0] reqid:[3932] qname:[amazon.com.] qtype:[A] respid:[3932] rcode:[NOERROR] respflags:[qr rd ra] err:[<nil>] duration:[89.524148ms]
2025/05/21 05:27:56 worker:[0] reqid:[51200] qname:[tiktok.com.] qtype:[A] respid:[51200] rcode:[NOERROR] respflags:[qr rd ra] err:[<nil>] duration:[88.984208ms]
2025/05/21 05:27:56 worker:[0] reqid:[31263] qname:[whatsapp.com.] qtype:[A] respid:[31263] rcode:[NOERROR] respflags:[qr rd ra] err:[<nil>] duration:[89.952282ms]
2025/05/21 05:27:56 worker:[0] reqid:[23506] qname:[yahoo.com.] qtype:[A] respid:[23506] rcode:[NOERROR] respflags:[qr rd ra] err:[<nil>] duration:[89.60112ms]
2025/05/21 05:27:56 worker:[0] reqid:[458] qname:[google.com.] qtype:[A] respid:[458] rcode:[NOERROR] respflags:[qr rd ra] err:[<nil>] duration:[90.400401ms]
2025/05/21 05:27:56 worker:[0] reqid:[40015] qname:[googleusercontent.com.] qtype:[A] respid:[40015] rcode:[NOERROR] respflags:[qr rd ra] err:[<nil>] duration:[90.780515ms]
2025/05/21 05:27:56 worker:[0] reqid:[56999] qname:[facebook.com.] qtype:[A] respid:[56999] rcode:[NOERROR] respflags:[qr rd ra] err:[<nil>] duration:[89.551013ms]
2025/05/21 05:27:56 worker:[0] reqid:[51369] qname:[instagram.com.] qtype:[A] respid:[51369] rcode:[NOERROR] respflags:[qr rd ra] err:[<nil>] duration:[89.834105ms]
2025/05/21 05:27:56 worker:[0] reqid:[13481] qname:[wikipedia.org.] qtype:[A] respid:[13481] rcode:[NOERROR] respflags:[qr rd ra] err:[<nil>] duration:[89.577271ms]
2025/05/21 05:27:57 worker:[0] reqid:[36736] qname:[x.com.] qtype:[A] respid:[36736] rcode:[NOERROR] respflags:[qr rd ra] err:[<nil>] duration:[91.072568ms]
2025/05/21 05:27:57 worker:[0] reqid:[61278] qname:[amazon.com.] qtype:[A] respid:[61278] rcode:[NOERROR] respflags:[qr rd ra] err:[<nil>] duration:[91.005521ms]
2025/05/21 05:27:57 worker:[0] reqid:[3674] qname:[tiktok.com.] qtype:[A] respid:[3674] rcode:[NOERROR] respflags:[qr rd ra] err:[<nil>] duration:[98.727921ms]
2025/05/21 05:27:57 worker:[0] reqid:[5433] qname:[whatsapp.com.] qtype:[A] respid:[5433] rcode:[NOERROR] respflags:[qr rd ra] err:[<nil>] duration:[89.905083ms]
2025/05/21 05:27:57 worker:[0] reqid:[8037] qname:[yahoo.com.] qtype:[A] respid:[8037] rcode:[NOERROR] respflags:[qr rd ra] err:[<nil>] duration:[90.161098ms]
2025/05/21 05:27:57 worker:[0] reqid:[35730] qname:[google.com.] qtype:[A] respid:[35730] rcode:[NOERROR] respflags:[qr rd ra] err:[<nil>] duration:[89.883674ms]
2025/05/21 05:27:57 worker:[0] reqid:[14284] qname:[googleusercontent.com.] qtype:[A] respid:[14284] rcode:[NOERROR] respflags:[qr rd ra] err:[<nil>] duration:[91.470401ms]
2025/05/21 05:27:57 worker:[0] reqid:[45837] qname:[facebook.com.] qtype:[A] respid:[45837] rcode:[NOERROR] respflags:[qr rd ra] err:[<nil>] duration:[90.037468ms]
2025/05/21 05:27:57 worker:[0] reqid:[61730] qname:[instagram.com.] qtype:[A] respid:[61730] rcode:[NOERROR] respflags:[qr rd ra] err:[<nil>] duration:[90.405593ms]
2025/05/21 05:27:57 worker:[0] reqid:[25003] qname:[wikipedia.org.] qtype:[A] respid:[25003] rcode:[NOERROR] respflags:[qr rd ra] err:[<nil>] duration:[90.389098ms]
2025/05/21 05:27:57 worker:[0] reqid:[58791] qname:[x.com.] qtype:[A] respid:[58791] rcode:[NOERROR] respflags:[qr rd ra] err:[<nil>] duration:[90.210501ms]
2025/05/21 05:27:58 worker:[0] reqid:[28672] qname:[amazon.com.] qtype:[A] respid:[28672] rcode:[NOERROR] respflags:[qr rd ra] err:[<nil>] duration:[89.956754ms]
2025/05/21 05:27:58 worker:[0] reqid:[53825] qname:[tiktok.com.] qtype:[A] respid:[53825] rcode:[NOERROR] respflags:[qr rd ra] err:[<nil>] duration:[94.587918ms]
2025/05/21 05:27:58 worker:[0] reqid:[59548] qname:[whatsapp.com.] qtype:[A] respid:[59548] rcode:[NOERROR] respflags:[qr rd ra] err:[<nil>] duration:[98.783169ms]
2025/05/21 05:27:58 worker:[0] reqid:[36122] qname:[yahoo.com.] qtype:[A] respid:[36122] rcode:[NOERROR] respflags:[qr rd ra] err:[<nil>] duration:[91.399756ms]
2025/05/21 05:27:58 worker:[0] reqid:[61885] qname:[google.com.] qtype:[A] respid:[61885] rcode:[NOERROR] respflags:[qr rd ra] err:[<nil>] duration:[91.266207ms]
2025/05/21 05:27:58 worker:[0] reqid:[43013] qname:[googleusercontent.com.] qtype:[A] respid:[43013] rcode:[NOERROR] respflags:[qr rd ra] err:[<nil>] duration:[90.785375ms]
2025/05/21 05:27:58 worker:[0] reqid:[22058] qname:[facebook.com.] qtype:[A] respid:[22058] rcode:[NOERROR] respflags:[qr rd ra] err:[<nil>] duration:[89.767457ms]
2025/05/21 05:27:58 worker:[0] reqid:[43338] qname:[instagram.com.] qtype:[A] respid:[43338] rcode:[NOERROR] respflags:[qr rd ra] err:[<nil>] duration:[89.450615ms]
2025/05/21 05:27:58 worker:[0] reqid:[10046] qname:[wikipedia.org.] qtype:[A] respid:[10046] rcode:[NOERROR] respflags:[qr rd ra] err:[<nil>] duration:[89.962835ms]
2025/05/21 05:27:58 worker:[0] reqid:[60636] qname:[x.com.] qtype:[A] respid:[60636] rcode:[NOERROR] respflags:[qr rd ra] err:[<nil>] duration:[89.638699ms]
2025/05/21 05:27:58 worker:[0] reqid:[2520] qname:[amazon.com.] qtype:[A] respid:[2520] rcode:[NOERROR] respflags:[qr rd ra] err:[<nil>] duration:[90.746309ms]
2025/05/21 05:27:59 worker:[0] reqid:[10654] qname:[tiktok.com.] qtype:[A] respid:[10654] rcode:[NOERROR] respflags:[qr rd ra] err:[<nil>] duration:[90.478699ms]
2025/05/21 05:27:59 worker:[0] reqid:[10541] qname:[whatsapp.com.] qtype:[A] respid:[10541] rcode:[NOERROR] respflags:[qr rd ra] err:[<nil>] duration:[90.291847ms]
2025/05/21 05:27:59 worker:[0] reqid:[11890] qname:[yahoo.com.] qtype:[A] respid:[11890] rcode:[NOERROR] respflags:[qr rd ra] err:[<nil>] duration:[89.800151ms]
2025/05/21 05:27:59 worker:[0] reqid:[46799] qname:[google.com.] qtype:[A] respid:[46799] rcode:[NOERROR] respflags:[qr rd ra] err:[<nil>] duration:[90.030908ms]
2025/05/21 05:27:59 worker:[0] reqid:[64640] qname:[googleusercontent.com.] qtype:[A] respid:[64640] rcode:[NOERROR] respflags:[qr rd ra] err:[<nil>] duration:[89.375362ms]
2025/05/21 05:27:59 worker:[0] reqid:[39012] qname:[facebook.com.] qtype:[A] respid:[39012] rcode:[NOERROR] respflags:[qr rd ra] err:[<nil>] duration:[90.944669ms]
2025/05/21 05:27:59 worker:[0] reqid:[41301] qname:[instagram.com.] qtype:[A] respid:[41301] rcode:[NOERROR] respflags:[qr rd ra] err:[<nil>] duration:[90.891876ms]
2025/05/21 05:27:59 worker:[0] reqid:[53121] qname:[wikipedia.org.] qtype:[A] respid:[53121] rcode:[NOERROR] respflags:[qr rd ra] err:[<nil>] duration:[90.956514ms]
2025/05/21 05:27:59 worker:[0] reqid:[37454] qname:[x.com.] qtype:[A] respid:[37454] rcode:[NOERROR] respflags:[qr rd ra] err:[<nil>] duration:[89.924956ms]
2025/05/21 05:27:59 worker:[0] reqid:[16195] qname:[amazon.com.] qtype:[A] respid:[16195] rcode:[NOERROR] respflags:[qr rd ra] err:[<nil>] duration:[90.004049ms]
2025/05/21 05:27:59 worker:[0] reqid:[31973] qname:[tiktok.com.] qtype:[A] respid:[31973] rcode:[NOERROR] respflags:[qr rd ra] err:[<nil>] duration:[89.435695ms]
2025/05/21 05:28:00 worker:[0] reqid:[28248] qname:[whatsapp.com.] qtype:[A] respid:[28248] rcode:[NOERROR] respflags:[qr rd ra] err:[<nil>] duration:[89.602566ms]
2025/05/21 05:28:00 worker:[0] reqid:[34713] qname:[yahoo.com.] qtype:[A] respid:[34713] rcode:[NOERROR] respflags:[qr rd ra] err:[<nil>] duration:[89.497881ms]
2025/05/21 05:28:00 worker:[0] reqid:[64072] qname:[google.com.] qtype:[A] respid:[64072] rcode:[NOERROR] respflags:[qr rd ra] err:[<nil>] duration:[95.731686ms]
2025/05/21 05:28:00 worker:[0] reqid:[16457] qname:[googleusercontent.com.] qtype:[A] respid:[16457] rcode:[NOERROR] respflags:[qr rd ra] err:[<nil>] duration:[89.446706ms]
2025/05/21 05:28:00 worker:[0] reqid:[39529] qname:[facebook.com.] qtype:[A] respid:[39529] rcode:[NOERROR] respflags:[qr rd ra] err:[<nil>] duration:[90.182897ms]
2025/05/21 05:28:00 worker:[0] reqid:[18873] qname:[instagram.com.] qtype:[A] respid:[18873] rcode:[NOERROR] respflags:[qr rd ra] err:[<nil>] duration:[89.666967ms]
2025/05/21 05:28:00 worker:[0] reqid:[2775] qname:[wikipedia.org.] qtype:[A] respid:[2775] rcode:[NOERROR] respflags:[qr rd ra] err:[<nil>] duration:[90.14065ms]
2025/05/21 05:28:00 worker:[0] reqid:[30327] qname:[x.com.] qtype:[A] respid:[30327] rcode:[NOERROR] respflags:[qr rd ra] err:[<nil>] duration:[89.344356ms]
2025/05/21 05:28:00 worker:[0] reqid:[58406] qname:[amazon.com.] qtype:[A] respid:[58406] rcode:[NOERROR] respflags:[qr rd ra] err:[<nil>] duration:[89.461345ms]
2025/05/21 05:28:00 worker:[0] reqid:[44846] qname:[tiktok.com.] qtype:[A] respid:[44846] rcode:[NOERROR] respflags:[qr rd ra] err:[<nil>] duration:[89.511822ms]
2025/05/21 05:28:00 worker:[0] reqid:[29346] qname:[whatsapp.com.] qtype:[A] respid:[29346] rcode:[NOERROR] respflags:[qr rd ra] err:[<nil>] duration:[90.428168ms]
2025/05/21 05:28:01 worker:[0] reqid:[37879] qname:[yahoo.com.] qtype:[A] respid:[37879] rcode:[NOERROR] respflags:[qr rd ra] err:[<nil>] duration:[90.296765ms]
2025/05/21 05:28:01 worker:[0] reqid:[46272] qname:[google.com.] qtype:[A] respid:[46272] rcode:[NOERROR] respflags:[qr rd ra] err:[<nil>] duration:[90.473802ms]
2025/05/21 05:28:01 worker:[0] reqid:[12603] qname:[googleusercontent.com.] qtype:[A] respid:[12603] rcode:[NOERROR] respflags:[qr rd ra] err:[<nil>] duration:[97.799ms]
2025/05/21 05:28:01 worker:[0] reqid:[47462] qname:[facebook.com.] qtype:[A] respid:[47462] rcode:[NOERROR] respflags:[qr rd ra] err:[<nil>] duration:[90.009353ms]
2025/05/21 05:28:01 worker:[0] reqid:[65399] qname:[instagram.com.] qtype:[A] respid:[65399] rcode:[NOERROR] respflags:[qr rd ra] err:[<nil>] duration:[88.682892ms]
2025/05/21 05:28:01 worker:[0] reqid:[55803] qname:[wikipedia.org.] qtype:[A] respid:[55803] rcode:[NOERROR] respflags:[qr rd ra] err:[<nil>] duration:[89.635785ms]
2025/05/21 05:28:01 worker:[0] reqid:[21476] qname:[x.com.] qtype:[A] respid:[21476] rcode:[NOERROR] respflags:[qr rd ra] err:[<nil>] duration:[97.682499ms]
2025/05/21 05:28:01 worker:[0] reqid:[6536] qname:[amazon.com.] qtype:[A] respid:[6536] rcode:[NOERROR] respflags:[qr rd ra] err:[<nil>] duration:[91.31037ms]
2025/05/21 05:28:01 worker:[0] reqid:[51968] qname:[tiktok.com.] qtype:[A] respid:[51968] rcode:[NOERROR] respflags:[qr rd ra] err:[<nil>] duration:[90.44708ms]
2025/05/21 05:28:01 worker:[0] reqid:[60554] qname:[whatsapp.com.] qtype:[A] respid:[60554] rcode:[NOERROR] respflags:[qr rd ra] err:[<nil>] duration:[91.947673ms]
2025/05/21 05:28:01 worker:[0] reqid:[11636] qname:[yahoo.com.] qtype:[A] respid:[11636] rcode:[NOERROR] respflags:[qr rd ra] err:[<nil>] duration:[93.998967ms]
2025/05/21 05:28:02 worker:[0] reqid:[60297] qname:[google.com.] qtype:[A] respid:[60297] rcode:[NOERROR] respflags:[qr rd ra] err:[<nil>] duration:[90.194171ms]
2025/05/21 05:28:02 worker:[0] reqid:[51224] qname:[googleusercontent.com.] qtype:[A] respid:[51224] rcode:[NOERROR] respflags:[qr rd ra] err:[<nil>] duration:[91.078732ms]
2025/05/21 05:28:02 worker:[0] reqid:[10781] qname:[facebook.com.] qtype:[A] respid:[10781] rcode:[NOERROR] respflags:[qr rd ra] err:[<nil>] duration:[91.021989ms]
2025/05/21 05:28:02 worker:[0] reqid:[15068] qname:[instagram.com.] qtype:[A] respid:[15068] rcode:[NOERROR] respflags:[qr rd ra] err:[<nil>] duration:[90.394112ms]
2025/05/21 05:28:02 worker:[0] reqid:[36853] qname:[wikipedia.org.] qtype:[A] respid:[36853] rcode:[NOERROR] respflags:[qr rd ra] err:[<nil>] duration:[90.426926ms]
2025/05/21 05:28:02 worker:[0] reqid:[24786] qname:[x.com.] qtype:[A] respid:[24786] rcode:[NOERROR] respflags:[qr rd ra] err:[<nil>] duration:[90.292327ms]
2025/05/21 05:28:02 worker:[0] reqid:[43444] qname:[amazon.com.] qtype:[A] respid:[43444] rcode:[NOERROR] respflags:[qr rd ra] err:[<nil>] duration:[90.330991ms]
2025/05/21 05:28:02 worker:[0] reqid:[11910] qname:[tiktok.com.] qtype:[A] respid:[11910] rcode:[NOERROR] respflags:[qr rd ra] err:[<nil>] duration:[96.408566ms]
2025/05/21 05:28:02 worker:[0] reqid:[3976] qname:[whatsapp.com.] qtype:[A] respid:[3976] rcode:[NOERROR] respflags:[qr rd ra] err:[<nil>] duration:[91.994278ms]
2025/05/21 05:28:02 worker:[0] reqid:[51559] qname:[yahoo.com.] qtype:[A] respid:[51559] rcode:[NOERROR] respflags:[qr rd ra] err:[<nil>] duration:[127.927372ms]
2025/05/21 05:28:03 worker:[0] reqid:[36292] qname:[google.com.] qtype:[A] respid:[36292] rcode:[NOERROR] respflags:[qr rd ra] err:[<nil>] duration:[95.726152ms]
2025/05/21 05:28:03 worker:[0] reqid:[17131] qname:[googleusercontent.com.] qtype:[A] respid:[17131] rcode:[NOERROR] respflags:[qr rd ra] err:[<nil>] duration:[312.679683ms]
2025/05/21 05:28:03 worker:[0] reqid:[55845] qname:[facebook.com.] qtype:[A] respid:[55845] rcode:[NOERROR] respflags:[qr rd ra] err:[<nil>] duration:[114.095122ms]
2025/05/21 05:28:03 worker:[0] reqid:[5756] qname:[instagram.com.] qtype:[A] respid:[5756] rcode:[NOERROR] respflags:[qr rd ra] err:[<nil>] duration:[89.496806ms]
2025/05/21 05:28:03 worker:[0] reqid:[57202] qname:[wikipedia.org.] qtype:[A] respid:[57202] rcode:[NOERROR] respflags:[qr rd ra] err:[<nil>] duration:[89.422249ms]
2025/05/21 05:28:03 worker:[0] reqid:[18318] qname:[x.com.] qtype:[A] respid:[18318] rcode:[NOERROR] respflags:[qr rd ra] err:[<nil>] duration:[89.849646ms]
2025/05/21 05:28:03 worker:[0] reqid:[547] qname:[amazon.com.] qtype:[A] respid:[547] rcode:[NOERROR] respflags:[qr rd ra] err:[<nil>] duration:[89.792912ms]
2025/05/21 05:28:03 worker:[0] reqid:[51277] qname:[tiktok.com.] qtype:[A] respid:[51277] rcode:[NOERROR] respflags:[qr rd ra] err:[<nil>] duration:[90.06034ms]
2025/05/21 05:28:04 worker:[0] reqid:[54568] qname:[whatsapp.com.] qtype:[A] respid:[54568] rcode:[NOERROR] respflags:[qr rd ra] err:[<nil>] duration:[102.291955ms]
2025/05/21 05:28:04 worker:[0] reqid:[26814] qname:[yahoo.com.] qtype:[A] respid:[26814] rcode:[NOERROR] respflags:[qr rd ra] err:[<nil>] duration:[90.042374ms]
2025/05/21 05:28:04 worker:[0] reqid:[50386] qname:[google.com.] qtype:[A] respid:[50386] rcode:[NOERROR] respflags:[qr rd ra] err:[<nil>] duration:[90.159336ms]
2025/05/21 05:28:04 worker:[0] reqid:[48379] qname:[googleusercontent.com.] qtype:[A] respid:[48379] rcode:[NOERROR] respflags:[qr rd ra] err:[<nil>] duration:[90.337969ms]
2025/05/21 05:28:04 worker:[0] reqid:[9317] qname:[facebook.com.] qtype:[A] respid:[9317] rcode:[NOERROR] respflags:[qr rd ra] err:[<nil>] duration:[90.01289ms]
2025/05/21 05:28:04 worker:[0] reqid:[13] qname:[instagram.com.] qtype:[A] respid:[13] rcode:[NOERROR] respflags:[qr rd ra] err:[<nil>] duration:[90.023055ms]
2025/05/21 05:28:04 worker:[0] reqid:[10097] qname:[wikipedia.org.] qtype:[A] respid:[10097] rcode:[NOERROR] respflags:[qr rd ra] err:[<nil>] duration:[92.28228ms]
2025/05/21 05:28:04 worker:[0] reqid:[8895] qname:[x.com.] qtype:[A] respid:[8895] rcode:[NOERROR] respflags:[qr rd ra] err:[<nil>] duration:[89.416ms]
2025/05/21 05:28:04 worker:[0] reqid:[35303] qname:[amazon.com.] qtype:[A] respid:[35303] rcode:[NOERROR] respflags:[qr rd ra] err:[<nil>] duration:[90.1246ms]
2025/05/21 05:28:04 worker:[0] reqid:[63274] qname:[tiktok.com.] qtype:[A] respid:[63274] rcode:[NOERROR] respflags:[qr rd ra] err:[<nil>] duration:[89.689475ms]
2025/05/21 05:28:04 worker:[0] reqid:[63601] qname:[whatsapp.com.] qtype:[A] respid:[63601] rcode:[NOERROR] respflags:[qr rd ra] err:[<nil>] duration:[89.785464ms]
2025/05/21 05:28:05 worker:[0] reqid:[25737] qname:[yahoo.com.] qtype:[A] respid:[25737] rcode:[NOERROR] respflags:[qr rd ra] err:[<nil>] duration:[91.211087ms]
2025/05/21 05:28:05 worker:[0] reqid:[39104] qname:[google.com.] qtype:[A] respid:[39104] rcode:[NOERROR] respflags:[qr rd ra] err:[<nil>] duration:[90.045719ms]
2025/05/21 05:28:05 worker:[0] reqid:[56612] qname:[googleusercontent.com.] qtype:[A] respid:[56612] rcode:[NOERROR] respflags:[qr rd ra] err:[<nil>] duration:[90.856037ms]
2025/05/21 05:28:05 worker:[0] reqid:[27621] qname:[facebook.com.] qtype:[A] respid:[27621] rcode:[NOERROR] respflags:[qr rd ra] err:[<nil>] duration:[93.244905ms]
2025/05/21 05:28:05 worker:[0] reqid:[44331] qname:[instagram.com.] qtype:[A] respid:[44331] rcode:[NOERROR] respflags:[qr rd ra] err:[<nil>] duration:[90.937551ms]
2025/05/21 05:28:05 worker:[0] reqid:[37491] qname:[wikipedia.org.] qtype:[A] respid:[37491] rcode:[NOERROR] respflags:[qr rd ra] err:[<nil>] duration:[91.887391ms]
2025/05/21 05:28:05 worker:[0] reqid:[59153] qname:[x.com.] qtype:[A] respid:[59153] rcode:[NOERROR] respflags:[qr rd ra] err:[<nil>] duration:[89.774173ms]
2025/05/21 05:28:05 worker:[0] reqid:[44897] qname:[amazon.com.] qtype:[A] respid:[44897] rcode:[NOERROR] respflags:[qr rd ra] err:[<nil>] duration:[90.435971ms]
2025/05/21 05:28:05 worker:[0] reqid:[55815] qname:[tiktok.com.] qtype:[A] respid:[55815] rcode:[NOERROR] respflags:[qr rd ra] err:[<nil>] duration:[90.864272ms]
2025/05/21 05:28:05 worker:[0] reqid:[52994] qname:[whatsapp.com.] qtype:[A] respid:[52994] rcode:[NOERROR] respflags:[qr rd ra] err:[<nil>] duration:[90.231431ms]
2025/05/21 05:28:05 worker:[0] reqid:[17863] qname:[yahoo.com.] qtype:[A] respid:[17863] rcode:[NOERROR] respflags:[qr rd ra] err:[<nil>] duration:[91.372333ms]
2025/05/21 05:28:06 worker:[0] reqid:[6148] qname:[google.com.] qtype:[A] respid:[6148] rcode:[NOERROR] respflags:[qr rd ra] err:[<nil>] duration:[89.789491ms]
2025/05/21 05:28:06 worker:[0] reqid:[18525] qname:[googleusercontent.com.] qtype:[A] respid:[18525] rcode:[NOERROR] respflags:[qr rd ra] err:[<nil>] duration:[89.502439ms]
2025/05/21 05:28:06 worker:[0] reqid:[42175] qname:[facebook.com.] qtype:[A] respid:[42175] rcode:[NOERROR] respflags:[qr rd ra] err:[<nil>] duration:[89.692235ms]
2025/05/21 05:28:06 worker:[0] reqid:[45182] qname:[instagram.com.] qtype:[A] respid:[45182] rcode:[NOERROR] respflags:[qr rd ra] err:[<nil>] duration:[89.598526ms]
2025/05/21 05:28:06 worker:[0] reqid:[40246] qname:[wikipedia.org.] qtype:[A] respid:[40246] rcode:[NOERROR] respflags:[qr rd ra] err:[<nil>] duration:[89.957582ms]
2025/05/21 05:28:06 worker:[0] reqid:[27585] qname:[x.com.] qtype:[A] respid:[27585] rcode:[NOERROR] respflags:[qr rd ra] err:[<nil>] duration:[89.989665ms]
2025/05/21 05:28:06 worker:[0] reqid:[11912] qname:[amazon.com.] qtype:[A] respid:[11912] rcode:[NOERROR] respflags:[qr rd ra] err:[<nil>] duration:[90.103067ms]
2025/05/21 05:28:06 worker:[0] reqid:[61684] qname:[tiktok.com.] qtype:[A] respid:[61684] rcode:[NOERROR] respflags:[qr rd ra] err:[<nil>] duration:[90.187194ms]
2025/05/21 05:28:06 worker:[0] reqid:[31422] qname:[whatsapp.com.] qtype:[A] respid:[31422] rcode:[NOERROR] respflags:[qr rd ra] err:[<nil>] duration:[89.453895ms]
2025/05/21 05:28:06 worker:[0] reqid:[50547] qname:[yahoo.com.] qtype:[A] respid:[50547] rcode:[NOERROR] respflags:[qr rd ra] err:[<nil>] duration:[89.777589ms]
2025/05/21 05:28:06 worker:[0] reqid:[30695] qname:[google.com.] qtype:[A] respid:[30695] rcode:[NOERROR] respflags:[qr rd ra] err:[<nil>] duration:[90.230876ms]
2025/05/21 05:28:07 worker:[0] reqid:[21447] qname:[googleusercontent.com.] qtype:[A] respid:[21447] rcode:[NOERROR] respflags:[qr rd ra] err:[<nil>] duration:[92.904701ms]
2025/05/21 05:28:07 worker:[0] reqid:[12490] qname:[facebook.com.] qtype:[A] respid:[12490] rcode:[NOERROR] respflags:[qr rd ra] err:[<nil>] duration:[90.575453ms]
2025/05/21 05:28:07 worker:[0] reqid:[35273] qname:[instagram.com.] qtype:[A] respid:[35273] rcode:[NOERROR] respflags:[qr rd ra] err:[<nil>] duration:[89.577657ms]
2025/05/21 05:28:07 worker:[0] reqid:[30972] qname:[wikipedia.org.] qtype:[A] respid:[30972] rcode:[NOERROR] respflags:[qr rd ra] err:[<nil>] duration:[89.864832ms]
2025/05/21 05:28:07 worker:[0] reqid:[31236] qname:[x.com.] qtype:[A] respid:[31236] rcode:[NOERROR] respflags:[qr rd ra] err:[<nil>] duration:[91.324062ms]
2025/05/21 05:28:07 worker:[0] reqid:[44849] qname:[amazon.com.] qtype:[A] respid:[44849] rcode:[NOERROR] respflags:[qr rd ra] err:[<nil>] duration:[89.497519ms]
2025/05/21 05:28:07 worker:[0] reqid:[35453] qname:[tiktok.com.] qtype:[A] respid:[35453] rcode:[NOERROR] respflags:[qr rd ra] err:[<nil>] duration:[89.628985ms]
2025/05/21 05:28:07 worker:[0] reqid:[63815] qname:[whatsapp.com.] qtype:[A] respid:[63815] rcode:[NOERROR] respflags:[qr rd ra] err:[<nil>] duration:[89.598898ms]
2025/05/21 05:28:07 worker:[0] reqid:[39488] qname:[yahoo.com.] qtype:[A] respid:[39488] rcode:[NOERROR] respflags:[qr rd ra] err:[<nil>] duration:[89.506075ms]
2025/05/21 05:28:07 worker:[0] reqid:[61360] qname:[google.com.] qtype:[A] respid:[61360] rcode:[NOERROR] respflags:[qr rd ra] err:[<nil>] duration:[89.660646ms]
2025/05/21 05:28:07 worker:[0] reqid:[34921] qname:[googleusercontent.com.] qtype:[A] respid:[34921] rcode:[NOERROR] respflags:[qr rd ra] err:[<nil>] duration:[90.169766ms]
2025/05/21 05:28:07 worker:[0] reqid:[28263] qname:[facebook.com.] qtype:[A] respid:[28263] rcode:[NOERROR] respflags:[qr rd ra] err:[<nil>] duration:[89.73736ms]
2025/05/21 05:28:08 worker:[0] reqid:[40057] qname:[instagram.com.] qtype:[A] respid:[40057] rcode:[NOERROR] respflags:[qr rd ra] err:[<nil>] duration:[90.793824ms]
2025/05/21 05:28:08 worker:[0] reqid:[62502] qname:[wikipedia.org.] qtype:[A] respid:[62502] rcode:[NOERROR] respflags:[qr rd ra] err:[<nil>] duration:[90.792152ms]
2025/05/21 05:28:08 worker:[0] reqid:[14327] qname:[x.com.] qtype:[A] respid:[14327] rcode:[NOERROR] respflags:[qr rd ra] err:[<nil>] duration:[90.356087ms]
2025/05/21 05:28:08 worker:[0] reqid:[31274] qname:[amazon.com.] qtype:[A] respid:[31274] rcode:[NOERROR] respflags:[qr rd ra] err:[<nil>] duration:[89.815533ms]
2025/05/21 05:28:08 worker:[0] reqid:[57010] qname:[tiktok.com.] qtype:[A] respid:[57010] rcode:[NOERROR] respflags:[qr rd ra] err:[<nil>] duration:[89.602754ms]
2025/05/21 05:28:08 worker:[0] reqid:[32838] qname:[whatsapp.com.] qtype:[A] respid:[32838] rcode:[NOERROR] respflags:[qr rd ra] err:[<nil>] duration:[89.519301ms]
2025/05/21 05:28:08 worker:[0] reqid:[63498] qname:[yahoo.com.] qtype:[A] respid:[63498] rcode:[NOERROR] respflags:[qr rd ra] err:[<nil>] duration:[90.380564ms]
2025/05/21 05:28:08 worker:[0] reqid:[20597] qname:[google.com.] qtype:[A] respid:[20597] rcode:[NOERROR] respflags:[qr rd ra] err:[<nil>] duration:[90.503211ms]
2025/05/21 05:28:08 worker:[0] reqid:[41027] qname:[googleusercontent.com.] qtype:[A] respid:[41027] rcode:[NOERROR] respflags:[qr rd ra] err:[<nil>] duration:[91.410523ms]
2025/05/21 05:28:08 worker:[0] reqid:[8015] qname:[facebook.com.] qtype:[A] respid:[8015] rcode:[NOERROR] respflags:[qr rd ra] err:[<nil>] duration:[91.46059ms]
2025/05/21 05:28:08 worker:[0] reqid:[12074] qname:[instagram.com.] qtype:[A] respid:[12074] rcode:[NOERROR] respflags:[qr rd ra] err:[<nil>] duration:[89.923791ms]
2025/05/21 05:28:09 worker:[0] reqid:[37220] qname:[wikipedia.org.] qtype:[A] respid:[37220] rcode:[NOERROR] respflags:[qr rd ra] err:[<nil>] duration:[89.938083ms]
2025/05/21 05:28:09 worker:[0] reqid:[41275] qname:[x.com.] qtype:[A] respid:[41275] rcode:[NOERROR] respflags:[qr rd ra] err:[<nil>] duration:[89.542998ms]
2025/05/21 05:28:09 worker:[0] reqid:[62247] qname:[amazon.com.] qtype:[A] respid:[62247] rcode:[NOERROR] respflags:[qr rd ra] err:[<nil>] duration:[89.618087ms]
2025/05/21 05:28:09 worker:[0] reqid:[49858] qname:[tiktok.com.] qtype:[A] respid:[49858] rcode:[NOERROR] respflags:[qr rd ra] err:[<nil>] duration:[90.757663ms]
2025/05/21 05:28:09 worker:[0] reqid:[2298] qname:[whatsapp.com.] qtype:[A] respid:[2298] rcode:[NOERROR] respflags:[qr rd ra] err:[<nil>] duration:[90.394715ms]
2025/05/21 05:28:09 worker:[0] reqid:[13274] qname:[yahoo.com.] qtype:[A] respid:[13274] rcode:[NOERROR] respflags:[qr rd ra] err:[<nil>] duration:[90.118082ms]
2025/05/21 05:28:09 worker:[0] reqid:[54956] qname:[google.com.] qtype:[A] respid:[54956] rcode:[NOERROR] respflags:[qr rd ra] err:[<nil>] duration:[90.481784ms]
2025/05/21 05:28:09 worker:[0] reqid:[52667] qname:[googleusercontent.com.] qtype:[A] respid:[52667] rcode:[NOERROR] respflags:[qr rd ra] err:[<nil>] duration:[90.064397ms]
2025/05/21 05:28:09 worker:[0] reqid:[19069] qname:[facebook.com.] qtype:[A] respid:[19069] rcode:[NOERROR] respflags:[qr rd ra] err:[<nil>] duration:[89.937196ms]
2025/05/21 05:28:09 worker:[0] reqid:[10760] qname:[instagram.com.] qtype:[A] respid:[10760] rcode:[NOERROR] respflags:[qr rd ra] err:[<nil>] duration:[91.147985ms]
2025/05/21 05:28:09 worker:[0] reqid:[14418] qname:[wikipedia.org.] qtype:[A] respid:[14418] rcode:[NOERROR] respflags:[qr rd ra] err:[<nil>] duration:[90.783798ms]
2025/05/21 05:28:10 worker:[0] reqid:[61119] qname:[x.com.] qtype:[A] respid:[61119] rcode:[NOERROR] respflags:[qr rd ra] err:[<nil>] duration:[90.428938ms]
2025/05/21 05:28:10 worker:[0] reqid:[9868] qname:[amazon.com.] qtype:[A] respid:[9868] rcode:[NOERROR] respflags:[qr rd ra] err:[<nil>] duration:[92.863219ms]
2025/05/21 05:28:10 worker:[0] reqid:[13070] qname:[tiktok.com.] qtype:[A] respid:[13070] rcode:[NOERROR] respflags:[qr rd ra] err:[<nil>] duration:[89.997007ms]
2025/05/21 05:28:10 worker:[0] reqid:[6153] qname:[whatsapp.com.] qtype:[A] respid:[6153] rcode:[NOERROR] respflags:[qr rd ra] err:[<nil>] duration:[90.614008ms]
2025/05/21 05:28:10 worker:[0] reqid:[13551] qname:[yahoo.com.] qtype:[A] respid:[13551] rcode:[NOERROR] respflags:[qr rd ra] err:[<nil>] duration:[90.332377ms]
2025/05/21 05:28:10 worker:[0] reqid:[59293] qname:[google.com.] qtype:[A] respid:[59293] rcode:[NOERROR] respflags:[qr rd ra] err:[<nil>] duration:[90.514708ms]
2025/05/21 05:28:10 worker:[0] reqid:[38585] qname:[googleusercontent.com.] qtype:[A] respid:[38585] rcode:[NOERROR] respflags:[qr rd ra] err:[<nil>] duration:[89.946879ms]
2025/05/21 05:28:10 worker:[0] reqid:[38639] qname:[facebook.com.] qtype:[A] respid:[38639] rcode:[NOERROR] respflags:[qr rd ra] err:[<nil>] duration:[90.98016ms]
2025/05/21 05:28:10 worker:[0] reqid:[45457] qname:[instagram.com.] qtype:[A] respid:[45457] rcode:[NOERROR] respflags:[qr rd ra] err:[<nil>] duration:[89.792584ms]
2025/05/21 05:28:10 worker:[0] reqid:[39688] qname:[wikipedia.org.] qtype:[A] respid:[39688] rcode:[NOERROR] respflags:[qr rd ra] err:[<nil>] duration:[94.896794ms]
2025/05/21 05:28:10 worker:[0] reqid:[6459] qname:[x.com.] qtype:[A] respid:[6459] rcode:[NOERROR] respflags:[qr rd ra] err:[<nil>] duration:[96.673397ms]
2025/05/21 05:28:11 worker:[0] reqid:[6347] qname:[amazon.com.] qtype:[A] respid:[6347] rcode:[NOERROR] respflags:[qr rd ra] err:[<nil>] duration:[100.094546ms]
2025/05/21 05:28:11 worker:[0] reqid:[65225] qname:[tiktok.com.] qtype:[A] respid:[65225] rcode:[NOERROR] respflags:[qr rd ra] err:[<nil>] duration:[104.128329ms]
2025/05/21 05:28:11 worker:[0] reqid:[60626] qname:[whatsapp.com.] qtype:[A] respid:[60626] rcode:[NOERROR] respflags:[qr rd ra] err:[<nil>] duration:[220.250406ms]
2025/05/21 05:28:11 worker:[0] reqid:[48674] qname:[yahoo.com.] qtype:[A] respid:[48674] rcode:[NOERROR] respflags:[qr rd ra] err:[<nil>] duration:[415.966929ms]
