2025/05/21 05:49:25 failed to sufficiently increase receive buffer size (was: 208 kiB, wanted: 7168 kiB, got: 416 kiB). See https://github.com/quic-go/quic-go/wiki/UDP-Buffer-Sizes for details.
2025/05/21 05:49:26 worker:[0] reqid:[0] qname:[google.com.] qtype:[A] respid:[0] rcode:[NOERROR] respflags:[qr rd ra] err:[<nil>] duration:[412.025292ms]
2025/05/21 05:49:26 worker:[0] reqid:[0] qname:[googleusercontent.com.] qtype:[A] respid:[0] rcode:[NOERROR] respflags:[qr rd ra] err:[<nil>] duration:[85.166152ms]
2025/05/21 05:49:26 worker:[0] reqid:[0] qname:[facebook.com.] qtype:[A] respid:[0] rcode:[NOERROR] respflags:[qr rd ra] err:[<nil>] duration:[99.202021ms]
2025/05/21 05:49:26 worker:[0] reqid:[0] qname:[instagram.com.] qtype:[A] respid:[0] rcode:[NOERROR] respflags:[qr rd ra] err:[<nil>] duration:[103.550389ms]
2025/05/21 05:49:26 worker:[0] reqid:[0] qname:[wikipedia.org.] qtype:[A] respid:[0] rcode:[NOERROR] respflags:[qr rd ra] err:[<nil>] duration:[84.913729ms]
2025/05/21 05:49:26 worker:[0] reqid:[0] qname:[x.com.] qtype:[A] respid:[0] rcode:[NOERROR] respflags:[qr rd ra] err:[<nil>] duration:[86.916878ms]
2025/05/21 05:49:26 worker:[0] reqid:[0] qname:[amazon.com.] qtype:[A] respid:[0] rcode:[NOERROR] respflags:[qr rd ra] err:[<nil>] duration:[84.739035ms]
2025/05/21 05:49:26 worker:[0] reqid:[0] qname:[tiktok.com.] qtype:[A] respid:[0] rcode:[NOERROR] respflags:[qr rd ra] err:[<nil>] duration:[86.15942ms]
2025/05/21 05:49:27 worker:[0] reqid:[0] qname:[whatsapp.com.] qtype:[A] respid:[0] rcode:[NOERROR] respflags:[qr rd ra] err:[<nil>] duration:[98.02842ms]
2025/05/21 05:49:27 worker:[0] reqid:[0] qname:[yahoo.com.] qtype:[A] respid:[0] rcode:[NOERROR] respflags:[qr rd ra] err:[<nil>] duration:[85.380894ms]
2025/05/21 05:49:27 worker:[0] reqid:[0] qname:[google.com.] qtype:[A] respid:[0] rcode:[NOERROR] respflags:[qr rd ra] err:[<nil>] duration:[88.274642ms]
2025/05/21 05:49:27 worker:[0] reqid:[0] qname:[googleusercontent.com.] qtype:[A] respid:[0] rcode:[NOERROR] respflags:[qr rd ra] err:[<nil>] duration:[91.673024ms]
2025/05/21 05:49:27 worker:[0] reqid:[0] qname:[facebook.com.] qtype:[A] respid:[0] rcode:[NOERROR] respflags:[qr rd ra] err:[<nil>] duration:[85.764121ms]
2025/05/21 05:49:27 worker:[0] reqid:[0] qname:[instagram.com.] qtype:[A] respid:[0] rcode:[NOERROR] respflags:[qr rd ra] err:[<nil>] duration:[85.562622ms]
2025/05/21 05:49:27 worker:[0] reqid:[0] qname:[wikipedia.org.] qtype:[A] respid:[0] rcode:[NOERROR] respflags:[qr rd ra] err:[<nil>] duration:[86.802827ms]
2025/05/21 05:49:27 worker:[0] reqid:[0] qname:[x.com.] qtype:[A] respid:[0] rcode:[NOERROR] respflags:[qr rd ra] err:[<nil>] duration:[85.577338ms]
2025/05/21 05:49:27 worker:[0] reqid:[0] qname:[amazon.com.] qtype:[A] respid:[0] rcode:[NOERROR] respflags:[qr rd ra] err:[<nil>] duration:[85.237287ms]
2025/05/21 05:49:27 worker:[0] reqid:[0] qname:[tiktok.com.] qtype:[A] respid:[0] rcode:[NOERROR] respflags:[qr rd ra] err:[<nil>] duration:[84.424445ms]
2025/05/21 05:49:27 worker:[0] reqid:[0] qname:[whatsapp.com.] qtype:[A] respid:[0] rcode:[NOERROR] respflags:[qr rd ra] err:[<nil>] duration:[85.387849ms]
2025/05/21 05:49:28 worker:[0] reqid:[0] qname:[yahoo.com.] qtype:[A] respid:[0] rcode:[NOERROR] respflags:[qr rd ra] err:[<nil>] duration:[85.889103ms]
2025/05/21 05:49:28 worker:[0] reqid:[0] qname:[google.com.] qtype:[A] respid:[0] rcode:[NOERROR] respflags:[qr rd ra] err:[<nil>] duration:[89.675462ms]
2025/05/21 05:49:28 worker:[0] reqid:[0] qname:[googleusercontent.com.] qtype:[A] respid:[0] rcode:[NOERROR] respflags:[qr rd ra] err:[<nil>] duration:[86.450763ms]
2025/05/21 05:49:28 worker:[0] reqid:[0] qname:[facebook.com.] qtype:[A] respid:[0] rcode:[NOERROR] respflags:[qr rd ra] err:[<nil>] duration:[84.847123ms]
2025/05/21 05:49:28 worker:[0] reqid:[0] qname:[instagram.com.] qtype:[A] respid:[0] rcode:[NOERROR] respflags:[qr rd ra] err:[<nil>] duration:[85.628772ms]
2025/05/21 05:49:28 worker:[0] reqid:[0] qname:[wikipedia.org.] qtype:[A] respid:[0] rcode:[NOERROR] respflags:[qr rd ra] err:[<nil>] duration:[85.907181ms]
2025/05/21 05:49:28 worker:[0] reqid:[0] qname:[x.com.] qtype:[A] respid:[0] rcode:[NOERROR] respflags:[qr rd ra] err:[<nil>] duration:[85.761999ms]
2025/05/21 05:49:28 worker:[0] reqid:[0] qname:[amazon.com.] qtype:[A] respid:[0] rcode:[NOERROR] respflags:[qr rd ra] err:[<nil>] duration:[84.9829ms]
2025/05/21 05:49:28 worker:[0] reqid:[0] qname:[tiktok.com.] qtype:[A] respid:[0] rcode:[NOERROR] respflags:[qr rd ra] err:[<nil>] duration:[89.23026ms]
2025/05/21 05:49:28 worker:[0] reqid:[0] qname:[whatsapp.com.] qtype:[A] respid:[0] rcode:[NOERROR] respflags:[qr rd ra] err:[<nil>] duration:[84.752903ms]
2025/05/21 05:49:28 worker:[0] reqid:[0] qname:[yahoo.com.] qtype:[A] respid:[0] rcode:[NOERROR] respflags:[qr rd ra] err:[<nil>] duration:[98.626036ms]
2025/05/21 05:49:28 worker:[0] reqid:[0] qname:[google.com.] qtype:[A] respid:[0] rcode:[NOERROR] respflags:[qr rd ra] err:[<nil>] duration:[119.788617ms]
2025/05/21 05:49:29 worker:[0] reqid:[0] qname:[googleusercontent.com.] qtype:[A] respid:[0] rcode:[NOERROR] respflags:[qr rd ra] err:[<nil>] duration:[88.637019ms]
2025/05/21 05:49:29 worker:[0] reqid:[0] qname:[facebook.com.] qtype:[A] respid:[0] rcode:[NOERROR] respflags:[qr rd ra] err:[<nil>] duration:[95.921849ms]
2025/05/21 05:49:29 worker:[0] reqid:[0] qname:[instagram.com.] qtype:[A] respid:[0] rcode:[NOERROR] respflags:[qr rd ra] err:[<nil>] duration:[85.822105ms]
2025/05/21 05:49:29 worker:[0] reqid:[0] qname:[wikipedia.org.] qtype:[A] respid:[0] rcode:[NOERROR] respflags:[qr rd ra] err:[<nil>] duration:[84.039614ms]
2025/05/21 05:49:29 worker:[0] reqid:[0] qname:[x.com.] qtype:[A] respid:[0] rcode:[NOERROR] respflags:[qr rd ra] err:[<nil>] duration:[84.495541ms]
2025/05/21 05:49:29 worker:[0] reqid:[0] qname:[amazon.com.] qtype:[A] respid:[0] rcode:[NOERROR] respflags:[qr rd ra] err:[<nil>] duration:[85.066148ms]
2025/05/21 05:49:29 worker:[0] reqid:[0] qname:[tiktok.com.] qtype:[A] respid:[0] rcode:[NOERROR] respflags:[qr rd ra] err:[<nil>] duration:[85.298399ms]
2025/05/21 05:49:29 worker:[0] reqid:[0] qname:[whatsapp.com.] qtype:[A] respid:[0] rcode:[NOERROR] respflags:[qr rd ra] err:[<nil>] duration:[85.530424ms]
2025/05/21 05:49:29 worker:[0] reqid:[0] qname:[yahoo.com.] qtype:[A] respid:[0] rcode:[NOERROR] respflags:[qr rd ra] err:[<nil>] duration:[84.769999ms]
2025/05/21 05:49:29 worker:[0] reqid:[0] qname:[google.com.] qtype:[A] respid:[0] rcode:[NOERROR] respflags:[qr rd ra] err:[<nil>] duration:[86.246271ms]
2025/05/21 05:49:29 worker:[0] reqid:[0] qname:[googleusercontent.com.] qtype:[A] respid:[0] rcode:[NOERROR] respflags:[qr rd ra] err:[<nil>] duration:[85.664316ms]
2025/05/21 05:49:30 worker:[0] reqid:[0] qname:[facebook.com.] qtype:[A] respid:[0] rcode:[NOERROR] respflags:[qr rd ra] err:[<nil>] duration:[85.789864ms]
2025/05/21 05:49:30 worker:[0] reqid:[0] qname:[instagram.com.] qtype:[A] respid:[0] rcode:[NOERROR] respflags:[qr rd ra] err:[<nil>] duration:[85.583127ms]
2025/05/21 05:49:30 worker:[0] reqid:[0] qname:[wikipedia.org.] qtype:[A] respid:[0] rcode:[NOERROR] respflags:[qr rd ra] err:[<nil>] duration:[84.407605ms]
2025/05/21 05:49:30 worker:[0] reqid:[0] qname:[x.com.] qtype:[A] respid:[0] rcode:[NOERROR] respflags:[qr rd ra] err:[<nil>] duration:[84.175211ms]
2025/05/21 05:49:30 worker:[0] reqid:[0] qname:[amazon.com.] qtype:[A] respid:[0] rcode:[NOERROR] respflags:[qr rd ra] err:[<nil>] duration:[86.562659ms]
2025/05/21 05:49:30 worker:[0] reqid:[0] qname:[tiktok.com.] qtype:[A] respid:[0] rcode:[NOERROR] respflags:[qr rd ra] err:[<nil>] duration:[206.308248ms]
2025/05/21 05:49:30 worker:[0] reqid:[0] qname:[whatsapp.com.] qtype:[A] respid:[0] rcode:[NOERROR] respflags:[qr rd ra] err:[<nil>] duration:[84.940029ms]
2025/05/21 05:49:30 worker:[0] reqid:[0] qname:[yahoo.com.] qtype:[A] respid:[0] rcode:[NOERROR] respflags:[qr rd ra] err:[<nil>] duration:[84.272467ms]
2025/05/21 05:49:30 worker:[0] reqid:[0] qname:[google.com.] qtype:[A] respid:[0] rcode:[NOERROR] respflags:[qr rd ra] err:[<nil>] duration:[85.070465ms]
2025/05/21 05:49:30 worker:[0] reqid:[0] qname:[googleusercontent.com.] qtype:[A] respid:[0] rcode:[NOERROR] respflags:[qr rd ra] err:[<nil>] duration:[85.55105ms]
2025/05/21 05:49:31 worker:[0] reqid:[0] qname:[facebook.com.] qtype:[A] respid:[0] rcode:[NOERROR] respflags:[qr rd ra] err:[<nil>] duration:[85.772437ms]
2025/05/21 05:49:31 worker:[0] reqid:[0] qname:[instagram.com.] qtype:[A] respid:[0] rcode:[NOERROR] respflags:[qr rd ra] err:[<nil>] duration:[86.42025ms]
2025/05/21 05:49:31 worker:[0] reqid:[0] qname:[wikipedia.org.] qtype:[A] respid:[0] rcode:[NOERROR] respflags:[qr rd ra] err:[<nil>] duration:[85.550034ms]
2025/05/21 05:49:31 worker:[0] reqid:[0] qname:[x.com.] qtype:[A] respid:[0] rcode:[NOERROR] respflags:[qr rd ra] err:[<nil>] duration:[84.24403ms]
2025/05/21 05:49:31 worker:[0] reqid:[0] qname:[amazon.com.] qtype:[A] respid:[0] rcode:[NOERROR] respflags:[qr rd ra] err:[<nil>] duration:[84.493566ms]
2025/05/21 05:49:31 worker:[0] reqid:[0] qname:[tiktok.com.] qtype:[A] respid:[0] rcode:[NOERROR] respflags:[qr rd ra] err:[<nil>] duration:[85.940232ms]
2025/05/21 05:49:31 worker:[0] reqid:[0] qname:[whatsapp.com.] qtype:[A] respid:[0] rcode:[NOERROR] respflags:[qr rd ra] err:[<nil>] duration:[85.825531ms]
2025/05/21 05:49:31 worker:[0] reqid:[0] qname:[yahoo.com.] qtype:[A] respid:[0] rcode:[NOERROR] respflags:[qr rd ra] err:[<nil>] duration:[88.146892ms]
2025/05/21 05:49:31 worker:[0] reqid:[0] qname:[google.com.] qtype:[A] respid:[0] rcode:[NOERROR] respflags:[qr rd ra] err:[<nil>] duration:[85.286925ms]
2025/05/21 05:49:31 worker:[0] reqid:[0] qname:[googleusercontent.com.] qtype:[A] respid:[0] rcode:[NOERROR] respflags:[qr rd ra] err:[<nil>] duration:[85.615112ms]
2025/05/21 05:49:31 worker:[0] reqid:[0] qname:[facebook.com.] qtype:[A] respid:[0] rcode:[NOERROR] respflags:[qr rd ra] err:[<nil>] duration:[88.795363ms]
2025/05/21 05:49:31 worker:[0] reqid:[0] qname:[instagram.com.] qtype:[A] respid:[0] rcode:[NOERROR] respflags:[qr rd ra] err:[<nil>] duration:[91.70609ms]
2025/05/21 05:49:32 worker:[0] reqid:[0] qname:[wikipedia.org.] qtype:[A] respid:[0] rcode:[NOERROR] respflags:[qr rd ra] err:[<nil>] duration:[87.291095ms]
2025/05/21 05:49:32 worker:[0] reqid:[0] qname:[x.com.] qtype:[A] respid:[0] rcode:[NOERROR] respflags:[qr rd ra] err:[<nil>] duration:[85.429054ms]
2025/05/21 05:49:32 worker:[0] reqid:[0] qname:[amazon.com.] qtype:[A] respid:[0] rcode:[NOERROR] respflags:[qr rd ra] err:[<nil>] duration:[86.748484ms]
2025/05/21 05:49:32 worker:[0] reqid:[0] qname:[tiktok.com.] qtype:[A] respid:[0] rcode:[NOERROR] respflags:[qr rd ra] err:[<nil>] duration:[85.480384ms]
2025/05/21 05:49:32 worker:[0] reqid:[0] qname:[whatsapp.com.] qtype:[A] respid:[0] rcode:[NOERROR] respflags:[qr rd ra] err:[<nil>] duration:[86.083942ms]
2025/05/21 05:49:32 worker:[0] reqid:[0] qname:[yahoo.com.] qtype:[A] respid:[0] rcode:[NOERROR] respflags:[qr rd ra] err:[<nil>] duration:[89.755548ms]
2025/05/21 05:49:32 worker:[0] reqid:[0] qname:[google.com.] qtype:[A] respid:[0] rcode:[NOERROR] respflags:[qr rd ra] err:[<nil>] duration:[101.218849ms]
2025/05/21 05:49:32 worker:[0] reqid:[0] qname:[googleusercontent.com.] qtype:[A] respid:[0] rcode:[NOERROR] respflags:[qr rd ra] err:[<nil>] duration:[175.075899ms]
2025/05/21 05:49:32 worker:[0] reqid:[0] qname:[facebook.com.] qtype:[A] respid:[0] rcode:[NOERROR] respflags:[qr rd ra] err:[<nil>] duration:[85.662077ms]
2025/05/21 05:49:32 worker:[0] reqid:[0] qname:[instagram.com.] qtype:[A] respid:[0] rcode:[NOERROR] respflags:[qr rd ra] err:[<nil>] duration:[88.327417ms]
2025/05/21 05:49:33 worker:[0] reqid:[0] qname:[wikipedia.org.] qtype:[A] respid:[0] rcode:[NOERROR] respflags:[qr rd ra] err:[<nil>] duration:[85.276573ms]
2025/05/21 05:49:33 worker:[0] reqid:[0] qname:[x.com.] qtype:[A] respid:[0] rcode:[NOERROR] respflags:[qr rd ra] err:[<nil>] duration:[92.671789ms]
2025/05/21 05:49:33 worker:[0] reqid:[0] qname:[amazon.com.] qtype:[A] respid:[0] rcode:[NOERROR] respflags:[qr rd ra] err:[<nil>] duration:[89.31112ms]
2025/05/21 05:49:33 worker:[0] reqid:[0] qname:[tiktok.com.] qtype:[A] respid:[0] rcode:[NOERROR] respflags:[qr rd ra] err:[<nil>] duration:[87.084272ms]
2025/05/21 05:49:33 worker:[0] reqid:[0] qname:[whatsapp.com.] qtype:[A] respid:[0] rcode:[NOERROR] respflags:[qr rd ra] err:[<nil>] duration:[85.01363ms]
2025/05/21 05:49:33 worker:[0] reqid:[0] qname:[yahoo.com.] qtype:[A] respid:[0] rcode:[NOERROR] respflags:[qr rd ra] err:[<nil>] duration:[85.813395ms]
2025/05/21 05:49:33 worker:[0] reqid:[0] qname:[google.com.] qtype:[A] respid:[0] rcode:[NOERROR] respflags:[qr rd ra] err:[<nil>] duration:[86.042081ms]
2025/05/21 05:49:33 worker:[0] reqid:[0] qname:[googleusercontent.com.] qtype:[A] respid:[0] rcode:[NOERROR] respflags:[qr rd ra] err:[<nil>] duration:[217.000748ms]
2025/05/21 05:49:33 worker:[0] reqid:[0] qname:[facebook.com.] qtype:[A] respid:[0] rcode:[NOERROR] respflags:[qr rd ra] err:[<nil>] duration:[86.650707ms]
2025/05/21 05:49:33 worker:[0] reqid:[0] qname:[instagram.com.] qtype:[A] respid:[0] rcode:[NOERROR] respflags:[qr rd ra] err:[<nil>] duration:[86.170773ms]
2025/05/21 05:49:34 worker:[0] reqid:[0] qname:[wikipedia.org.] qtype:[A] respid:[0] rcode:[NOERROR] respflags:[qr rd ra] err:[<nil>] duration:[87.404715ms]
2025/05/21 05:49:34 worker:[0] reqid:[0] qname:[x.com.] qtype:[A] respid:[0] rcode:[NOERROR] respflags:[qr rd ra] err:[<nil>] duration:[87.071729ms]
2025/05/21 05:49:34 worker:[0] reqid:[0] qname:[amazon.com.] qtype:[A] respid:[0] rcode:[NOERROR] respflags:[qr rd ra] err:[<nil>] duration:[85.158075ms]
2025/05/21 05:49:34 worker:[0] reqid:[0] qname:[tiktok.com.] qtype:[A] respid:[0] rcode:[NOERROR] respflags:[qr rd ra] err:[<nil>] duration:[84.709535ms]
2025/05/21 05:49:34 worker:[0] reqid:[0] qname:[whatsapp.com.] qtype:[A] respid:[0] rcode:[NOERROR] respflags:[qr rd ra] err:[<nil>] duration:[84.578091ms]
2025/05/21 05:49:34 worker:[0] reqid:[0] qname:[yahoo.com.] qtype:[A] respid:[0] rcode:[NOERROR] respflags:[qr rd ra] err:[<nil>] duration:[86.597847ms]
2025/05/21 05:49:34 worker:[0] reqid:[0] qname:[google.com.] qtype:[A] respid:[0] rcode:[NOERROR] respflags:[qr rd ra] err:[<nil>] duration:[86.565925ms]
2025/05/21 05:49:34 worker:[0] reqid:[0] qname:[googleusercontent.com.] qtype:[A] respid:[0] rcode:[NOERROR] respflags:[qr rd ra] err:[<nil>] duration:[90.115335ms]
2025/05/21 05:49:34 worker:[0] reqid:[0] qname:[facebook.com.] qtype:[A] respid:[0] rcode:[NOERROR] respflags:[qr rd ra] err:[<nil>] duration:[85.760138ms]
2025/05/21 05:49:34 worker:[0] reqid:[0] qname:[instagram.com.] qtype:[A] respid:[0] rcode:[NOERROR] respflags:[qr rd ra] err:[<nil>] duration:[89.152105ms]
2025/05/21 05:49:34 worker:[0] reqid:[0] qname:[wikipedia.org.] qtype:[A] respid:[0] rcode:[NOERROR] respflags:[qr rd ra] err:[<nil>] duration:[86.58538ms]
2025/05/21 05:49:34 worker:[0] reqid:[0] qname:[x.com.] qtype:[A] respid:[0] rcode:[NOERROR] respflags:[qr rd ra] err:[<nil>] duration:[84.527987ms]
2025/05/21 05:49:35 worker:[0] reqid:[0] qname:[amazon.com.] qtype:[A] respid:[0] rcode:[NOERROR] respflags:[qr rd ra] err:[<nil>] duration:[85.601759ms]
2025/05/21 05:49:35 worker:[0] reqid:[0] qname:[tiktok.com.] qtype:[A] respid:[0] rcode:[NOERROR] respflags:[qr rd ra] err:[<nil>] duration:[84.362397ms]
2025/05/21 05:49:35 worker:[0] reqid:[0] qname:[whatsapp.com.] qtype:[A] respid:[0] rcode:[NOERROR] respflags:[qr rd ra] err:[<nil>] duration:[94.823219ms]
2025/05/21 05:49:35 worker:[0] reqid:[0] qname:[yahoo.com.] qtype:[A] respid:[0] rcode:[NOERROR] respflags:[qr rd ra] err:[<nil>] duration:[85.432082ms]
2025/05/21 05:49:35 worker:[0] reqid:[0] qname:[google.com.] qtype:[A] respid:[0] rcode:[NOERROR] respflags:[qr rd ra] err:[<nil>] duration:[87.382883ms]
2025/05/21 05:49:35 worker:[0] reqid:[0] qname:[googleusercontent.com.] qtype:[A] respid:[0] rcode:[NOERROR] respflags:[qr rd ra] err:[<nil>] duration:[84.458769ms]
2025/05/21 05:49:35 worker:[0] reqid:[0] qname:[facebook.com.] qtype:[A] respid:[0] rcode:[NOERROR] respflags:[qr rd ra] err:[<nil>] duration:[84.763913ms]
2025/05/21 05:49:35 worker:[0] reqid:[0] qname:[instagram.com.] qtype:[A] respid:[0] rcode:[NOERROR] respflags:[qr rd ra] err:[<nil>] duration:[86.565457ms]
2025/05/21 05:49:35 worker:[0] reqid:[0] qname:[wikipedia.org.] qtype:[A] respid:[0] rcode:[NOERROR] respflags:[qr rd ra] err:[<nil>] duration:[86.816994ms]
2025/05/21 05:49:35 worker:[0] reqid:[0] qname:[x.com.] qtype:[A] respid:[0] rcode:[NOERROR] respflags:[qr rd ra] err:[<nil>] duration:[84.582948ms]
2025/05/21 05:49:35 worker:[0] reqid:[0] qname:[amazon.com.] qtype:[A] respid:[0] rcode:[NOERROR] respflags:[qr rd ra] err:[<nil>] duration:[86.989396ms]
2025/05/21 05:49:36 worker:[0] reqid:[0] qname:[tiktok.com.] qtype:[A] respid:[0] rcode:[NOERROR] respflags:[qr rd ra] err:[<nil>] duration:[85.921593ms]
2025/05/21 05:49:36 worker:[0] reqid:[0] qname:[whatsapp.com.] qtype:[A] respid:[0] rcode:[NOERROR] respflags:[qr rd ra] err:[<nil>] duration:[86.847837ms]
2025/05/21 05:49:36 worker:[0] reqid:[0] qname:[yahoo.com.] qtype:[A] respid:[0] rcode:[NOERROR] respflags:[qr rd ra] err:[<nil>] duration:[87.233868ms]
2025/05/21 05:49:36 worker:[0] reqid:[0] qname:[google.com.] qtype:[A] respid:[0] rcode:[NOERROR] respflags:[qr rd ra] err:[<nil>] duration:[85.484068ms]
2025/05/21 05:49:36 worker:[0] reqid:[0] qname:[googleusercontent.com.] qtype:[A] respid:[0] rcode:[NOERROR] respflags:[qr rd ra] err:[<nil>] duration:[87.834445ms]
2025/05/21 05:49:36 worker:[0] reqid:[0] qname:[facebook.com.] qtype:[A] respid:[0] rcode:[NOERROR] respflags:[qr rd ra] err:[<nil>] duration:[86.745525ms]
2025/05/21 05:49:36 worker:[0] reqid:[0] qname:[instagram.com.] qtype:[A] respid:[0] rcode:[NOERROR] respflags:[qr rd ra] err:[<nil>] duration:[84.700436ms]
2025/05/21 05:49:36 worker:[0] reqid:[0] qname:[wikipedia.org.] qtype:[A] respid:[0] rcode:[NOERROR] respflags:[qr rd ra] err:[<nil>] duration:[90.734926ms]
2025/05/21 05:49:36 worker:[0] reqid:[0] qname:[x.com.] qtype:[A] respid:[0] rcode:[NOERROR] respflags:[qr rd ra] err:[<nil>] duration:[85.83042ms]
2025/05/21 05:49:36 worker:[0] reqid:[0] qname:[amazon.com.] qtype:[A] respid:[0] rcode:[NOERROR] respflags:[qr rd ra] err:[<nil>] duration:[87.6411ms]
2025/05/21 05:49:36 worker:[0] reqid:[0] qname:[tiktok.com.] qtype:[A] respid:[0] rcode:[NOERROR] respflags:[qr rd ra] err:[<nil>] duration:[86.734512ms]
2025/05/21 05:49:36 worker:[0] reqid:[0] qname:[whatsapp.com.] qtype:[A] respid:[0] rcode:[NOERROR] respflags:[qr rd ra] err:[<nil>] duration:[92.263894ms]
2025/05/21 05:49:37 worker:[0] reqid:[0] qname:[yahoo.com.] qtype:[A] respid:[0] rcode:[NOERROR] respflags:[qr rd ra] err:[<nil>] duration:[85.853024ms]
2025/05/21 05:49:37 worker:[0] reqid:[0] qname:[google.com.] qtype:[A] respid:[0] rcode:[NOERROR] respflags:[qr rd ra] err:[<nil>] duration:[85.078889ms]
2025/05/21 05:49:37 worker:[0] reqid:[0] qname:[googleusercontent.com.] qtype:[A] respid:[0] rcode:[NOERROR] respflags:[qr rd ra] err:[<nil>] duration:[84.186382ms]
2025/05/21 05:49:37 worker:[0] reqid:[0] qname:[facebook.com.] qtype:[A] respid:[0] rcode:[NOERROR] respflags:[qr rd ra] err:[<nil>] duration:[84.754465ms]
2025/05/21 05:49:37 worker:[0] reqid:[0] qname:[instagram.com.] qtype:[A] respid:[0] rcode:[NOERROR] respflags:[qr rd ra] err:[<nil>] duration:[87.319507ms]
2025/05/21 05:49:37 worker:[0] reqid:[0] qname:[wikipedia.org.] qtype:[A] respid:[0] rcode:[NOERROR] respflags:[qr rd ra] err:[<nil>] duration:[85.466678ms]
2025/05/21 05:49:37 worker:[0] reqid:[0] qname:[x.com.] qtype:[A] respid:[0] rcode:[NOERROR] respflags:[qr rd ra] err:[<nil>] duration:[86.931077ms]
2025/05/21 05:49:37 worker:[0] reqid:[0] qname:[amazon.com.] qtype:[A] respid:[0] rcode:[NOERROR] respflags:[qr rd ra] err:[<nil>] duration:[86.350195ms]
2025/05/21 05:49:37 worker:[0] reqid:[0] qname:[tiktok.com.] qtype:[A] respid:[0] rcode:[NOERROR] respflags:[qr rd ra] err:[<nil>] duration:[86.593643ms]
2025/05/21 05:49:37 worker:[0] reqid:[0] qname:[whatsapp.com.] qtype:[A] respid:[0] rcode:[NOERROR] respflags:[qr rd ra] err:[<nil>] duration:[86.713379ms]
2025/05/21 05:49:37 worker:[0] reqid:[0] qname:[yahoo.com.] qtype:[A] respid:[0] rcode:[NOERROR] respflags:[qr rd ra] err:[<nil>] duration:[87.774191ms]
2025/05/21 05:49:38 worker:[0] reqid:[0] qname:[google.com.] qtype:[A] respid:[0] rcode:[NOERROR] respflags:[qr rd ra] err:[<nil>] duration:[89.681792ms]
2025/05/21 05:49:38 worker:[0] reqid:[0] qname:[googleusercontent.com.] qtype:[A] respid:[0] rcode:[NOERROR] respflags:[qr rd ra] err:[<nil>] duration:[88.377957ms]
2025/05/21 05:49:38 worker:[0] reqid:[0] qname:[facebook.com.] qtype:[A] respid:[0] rcode:[NOERROR] respflags:[qr rd ra] err:[<nil>] duration:[100.67057ms]
2025/05/21 05:49:38 worker:[0] reqid:[0] qname:[instagram.com.] qtype:[A] respid:[0] rcode:[NOERROR] respflags:[qr rd ra] err:[<nil>] duration:[88.29955ms]
2025/05/21 05:49:38 worker:[0] reqid:[0] qname:[wikipedia.org.] qtype:[A] respid:[0] rcode:[NOERROR] respflags:[qr rd ra] err:[<nil>] duration:[92.683033ms]
2025/05/21 05:49:38 worker:[0] reqid:[0] qname:[x.com.] qtype:[A] respid:[0] rcode:[NOERROR] respflags:[qr rd ra] err:[<nil>] duration:[85.761694ms]
2025/05/21 05:49:38 worker:[0] reqid:[0] qname:[amazon.com.] qtype:[A] respid:[0] rcode:[NOERROR] respflags:[qr rd ra] err:[<nil>] duration:[85.412915ms]
2025/05/21 05:49:38 worker:[0] reqid:[0] qname:[tiktok.com.] qtype:[A] respid:[0] rcode:[NOERROR] respflags:[qr rd ra] err:[<nil>] duration:[86.807161ms]
2025/05/21 05:49:38 worker:[0] reqid:[0] qname:[whatsapp.com.] qtype:[A] respid:[0] rcode:[NOERROR] respflags:[qr rd ra] err:[<nil>] duration:[86.005908ms]
2025/05/21 05:49:38 worker:[0] reqid:[0] qname:[yahoo.com.] qtype:[A] respid:[0] rcode:[NOERROR] respflags:[qr rd ra] err:[<nil>] duration:[85.528426ms]
2025/05/21 05:49:38 worker:[0] reqid:[0] qname:[google.com.] qtype:[A] respid:[0] rcode:[NOERROR] respflags:[qr rd ra] err:[<nil>] duration:[85.379704ms]
2025/05/21 05:49:39 worker:[0] reqid:[0] qname:[googleusercontent.com.] qtype:[A] respid:[0] rcode:[NOERROR] respflags:[qr rd ra] err:[<nil>] duration:[86.859622ms]
2025/05/21 05:49:39 worker:[0] reqid:[0] qname:[facebook.com.] qtype:[A] respid:[0] rcode:[NOERROR] respflags:[qr rd ra] err:[<nil>] duration:[87.945179ms]
2025/05/21 05:49:39 worker:[0] reqid:[0] qname:[instagram.com.] qtype:[A] respid:[0] rcode:[NOERROR] respflags:[qr rd ra] err:[<nil>] duration:[87.138799ms]
2025/05/21 05:49:39 worker:[0] reqid:[0] qname:[wikipedia.org.] qtype:[A] respid:[0] rcode:[NOERROR] respflags:[qr rd ra] err:[<nil>] duration:[84.430947ms]
2025/05/21 05:49:39 worker:[0] reqid:[0] qname:[x.com.] qtype:[A] respid:[0] rcode:[NOERROR] respflags:[qr rd ra] err:[<nil>] duration:[91.354548ms]
2025/05/21 05:49:39 worker:[0] reqid:[0] qname:[amazon.com.] qtype:[A] respid:[0] rcode:[NOERROR] respflags:[qr rd ra] err:[<nil>] duration:[86.974883ms]
2025/05/21 05:49:39 worker:[0] reqid:[0] qname:[tiktok.com.] qtype:[A] respid:[0] rcode:[NOERROR] respflags:[qr rd ra] err:[<nil>] duration:[85.183657ms]
2025/05/21 05:49:39 worker:[0] reqid:[0] qname:[whatsapp.com.] qtype:[A] respid:[0] rcode:[NOERROR] respflags:[qr rd ra] err:[<nil>] duration:[84.231883ms]
2025/05/21 05:49:39 worker:[0] reqid:[0] qname:[yahoo.com.] qtype:[A] respid:[0] rcode:[NOERROR] respflags:[qr rd ra] err:[<nil>] duration:[86.434907ms]
2025/05/21 05:49:39 worker:[0] reqid:[0] qname:[google.com.] qtype:[A] respid:[0] rcode:[NOERROR] respflags:[qr rd ra] err:[<nil>] duration:[88.194879ms]
2025/05/21 05:49:39 worker:[0] reqid:[0] qname:[googleusercontent.com.] qtype:[A] respid:[0] rcode:[NOERROR] respflags:[qr rd ra] err:[<nil>] duration:[84.421552ms]
2025/05/21 05:49:39 worker:[0] reqid:[0] qname:[facebook.com.] qtype:[A] respid:[0] rcode:[NOERROR] respflags:[qr rd ra] err:[<nil>] duration:[86.239913ms]
2025/05/21 05:49:40 worker:[0] reqid:[0] qname:[instagram.com.] qtype:[A] respid:[0] rcode:[NOERROR] respflags:[qr rd ra] err:[<nil>] duration:[85.805914ms]
2025/05/21 05:49:40 worker:[0] reqid:[0] qname:[wikipedia.org.] qtype:[A] respid:[0] rcode:[NOERROR] respflags:[qr rd ra] err:[<nil>] duration:[85.82321ms]
2025/05/21 05:49:40 worker:[0] reqid:[0] qname:[x.com.] qtype:[A] respid:[0] rcode:[NOERROR] respflags:[qr rd ra] err:[<nil>] duration:[87.695265ms]
2025/05/21 05:49:40 worker:[0] reqid:[0] qname:[amazon.com.] qtype:[A] respid:[0] rcode:[NOERROR] respflags:[qr rd ra] err:[<nil>] duration:[86.499623ms]
2025/05/21 05:49:40 worker:[0] reqid:[0] qname:[tiktok.com.] qtype:[A] respid:[0] rcode:[NOERROR] respflags:[qr rd ra] err:[<nil>] duration:[85.835115ms]
2025/05/21 05:49:40 worker:[0] reqid:[0] qname:[whatsapp.com.] qtype:[A] respid:[0] rcode:[NOERROR] respflags:[qr rd ra] err:[<nil>] duration:[90.114523ms]
2025/05/21 05:49:40 worker:[0] reqid:[0] qname:[yahoo.com.] qtype:[A] respid:[0] rcode:[NOERROR] respflags:[qr rd ra] err:[<nil>] duration:[86.99256ms]
2025/05/21 05:49:40 worker:[0] reqid:[0] qname:[google.com.] qtype:[A] respid:[0] rcode:[NOERROR] respflags:[qr rd ra] err:[<nil>] duration:[85.22815ms]
2025/05/21 05:49:40 worker:[0] reqid:[0] qname:[googleusercontent.com.] qtype:[A] respid:[0] rcode:[NOERROR] respflags:[qr rd ra] err:[<nil>] duration:[89.054425ms]
2025/05/21 05:49:40 worker:[0] reqid:[0] qname:[facebook.com.] qtype:[A] respid:[0] rcode:[NOERROR] respflags:[qr rd ra] err:[<nil>] duration:[86.988265ms]
2025/05/21 05:49:40 worker:[0] reqid:[0] qname:[instagram.com.] qtype:[A] respid:[0] rcode:[NOERROR] respflags:[qr rd ra] err:[<nil>] duration:[87.149371ms]
2025/05/21 05:49:41 worker:[0] reqid:[0] qname:[wikipedia.org.] qtype:[A] respid:[0] rcode:[NOERROR] respflags:[qr rd ra] err:[<nil>] duration:[88.949857ms]
2025/05/21 05:49:41 worker:[0] reqid:[0] qname:[x.com.] qtype:[A] respid:[0] rcode:[NOERROR] respflags:[qr rd ra] err:[<nil>] duration:[85.562749ms]
2025/05/21 05:49:41 worker:[0] reqid:[0] qname:[amazon.com.] qtype:[A] respid:[0] rcode:[NOERROR] respflags:[qr rd ra] err:[<nil>] duration:[101.099409ms]
2025/05/21 05:49:41 worker:[0] reqid:[0] qname:[tiktok.com.] qtype:[A] respid:[0] rcode:[NOERROR] respflags:[qr rd ra] err:[<nil>] duration:[87.732757ms]
2025/05/21 05:49:41 worker:[0] reqid:[0] qname:[whatsapp.com.] qtype:[A] respid:[0] rcode:[NOERROR] respflags:[qr rd ra] err:[<nil>] duration:[84.499337ms]
2025/05/21 05:49:41 worker:[0] reqid:[0] qname:[yahoo.com.] qtype:[A] respid:[0] rcode:[NOERROR] respflags:[qr rd ra] err:[<nil>] duration:[86.468222ms]
2025/05/21 05:49:41 worker:[0] reqid:[0] qname:[google.com.] qtype:[A] respid:[0] rcode:[NOERROR] respflags:[qr rd ra] err:[<nil>] duration:[86.71737ms]
2025/05/21 05:49:41 worker:[0] reqid:[0] qname:[googleusercontent.com.] qtype:[A] respid:[0] rcode:[NOERROR] respflags:[qr rd ra] err:[<nil>] duration:[85.805874ms]
2025/05/21 05:49:41 worker:[0] reqid:[0] qname:[facebook.com.] qtype:[A] respid:[0] rcode:[NOERROR] respflags:[qr rd ra] err:[<nil>] duration:[87.701384ms]
2025/05/21 05:49:41 worker:[0] reqid:[0] qname:[instagram.com.] qtype:[A] respid:[0] rcode:[NOERROR] respflags:[qr rd ra] err:[<nil>] duration:[88.600103ms]
2025/05/21 05:49:41 worker:[0] reqid:[0] qname:[wikipedia.org.] qtype:[A] respid:[0] rcode:[NOERROR] respflags:[qr rd ra] err:[<nil>] duration:[84.185124ms]
2025/05/21 05:49:41 worker:[0] reqid:[0] qname:[x.com.] qtype:[A] respid:[0] rcode:[NOERROR] respflags:[qr rd ra] err:[<nil>] duration:[88.406837ms]
2025/05/21 05:49:42 worker:[0] reqid:[0] qname:[amazon.com.] qtype:[A] respid:[0] rcode:[NOERROR] respflags:[qr rd ra] err:[<nil>] duration:[112.567573ms]
2025/05/21 05:49:42 worker:[0] reqid:[0] qname:[tiktok.com.] qtype:[A] respid:[0] rcode:[NOERROR] respflags:[qr rd ra] err:[<nil>] duration:[89.451278ms]
2025/05/21 05:49:42 worker:[0] reqid:[0] qname:[whatsapp.com.] qtype:[A] respid:[0] rcode:[NOERROR] respflags:[qr rd ra] err:[<nil>] duration:[85.9278ms]
2025/05/21 05:49:42 worker:[0] reqid:[0] qname:[yahoo.com.] qtype:[A] respid:[0] rcode:[NOERROR] respflags:[qr rd ra] err:[<nil>] duration:[84.407563ms]
2025/05/21 05:49:42 worker:[0] reqid:[0] qname:[google.com.] qtype:[A] respid:[0] rcode:[NOERROR] respflags:[qr rd ra] err:[<nil>] duration:[86.354696ms]
2025/05/21 05:49:42 worker:[0] reqid:[0] qname:[googleusercontent.com.] qtype:[A] respid:[0] rcode:[NOERROR] respflags:[qr rd ra] err:[<nil>] duration:[86.553441ms]
2025/05/21 05:49:42 worker:[0] reqid:[0] qname:[facebook.com.] qtype:[A] respid:[0] rcode:[NOERROR] respflags:[qr rd ra] err:[<nil>] duration:[85.253415ms]
2025/05/21 05:49:42 worker:[0] reqid:[0] qname:[instagram.com.] qtype:[A] respid:[0] rcode:[NOERROR] respflags:[qr rd ra] err:[<nil>] duration:[84.354899ms]
2025/05/21 05:49:42 worker:[0] reqid:[0] qname:[wikipedia.org.] qtype:[A] respid:[0] rcode:[NOERROR] respflags:[qr rd ra] err:[<nil>] duration:[87.019802ms]
2025/05/21 05:49:42 worker:[0] reqid:[0] qname:[x.com.] qtype:[A] respid:[0] rcode:[NOERROR] respflags:[qr rd ra] err:[<nil>] duration:[86.646662ms]
2025/05/21 05:49:42 worker:[0] reqid:[0] qname:[amazon.com.] qtype:[A] respid:[0] rcode:[NOERROR] respflags:[qr rd ra] err:[<nil>] duration:[84.500255ms]
2025/05/21 05:49:43 worker:[0] reqid:[0] qname:[tiktok.com.] qtype:[A] respid:[0] rcode:[NOERROR] respflags:[qr rd ra] err:[<nil>] duration:[88.261158ms]
2025/05/21 05:49:43 worker:[0] reqid:[0] qname:[whatsapp.com.] qtype:[A] respid:[0] rcode:[NOERROR] respflags:[qr rd ra] err:[<nil>] duration:[88.356109ms]
2025/05/21 05:49:43 worker:[0] reqid:[0] qname:[yahoo.com.] qtype:[A] respid:[0] rcode:[NOERROR] respflags:[qr rd ra] err:[<nil>] duration:[85.490478ms]
2025/05/21 05:49:43 worker:[0] reqid:[0] qname:[google.com.] qtype:[A] respid:[0] rcode:[NOERROR] respflags:[qr rd ra] err:[<nil>] duration:[86.187034ms]
2025/05/21 05:49:43 worker:[0] reqid:[0] qname:[googleusercontent.com.] qtype:[A] respid:[0] rcode:[NOERROR] respflags:[qr rd ra] err:[<nil>] duration:[86.014925ms]
2025/05/21 05:49:43 worker:[0] reqid:[0] qname:[facebook.com.] qtype:[A] respid:[0] rcode:[NOERROR] respflags:[qr rd ra] err:[<nil>] duration:[84.833878ms]
2025/05/21 05:49:43 worker:[0] reqid:[0] qname:[instagram.com.] qtype:[A] respid:[0] rcode:[NOERROR] respflags:[qr rd ra] err:[<nil>] duration:[85.611651ms]
2025/05/21 05:49:43 worker:[0] reqid:[0] qname:[wikipedia.org.] qtype:[A] respid:[0] rcode:[NOERROR] respflags:[qr rd ra] err:[<nil>] duration:[86.673295ms]
2025/05/21 05:49:43 worker:[0] reqid:[0] qname:[x.com.] qtype:[A] respid:[0] rcode:[NOERROR] respflags:[qr rd ra] err:[<nil>] duration:[85.202793ms]
2025/05/21 05:49:43 worker:[0] reqid:[0] qname:[amazon.com.] qtype:[A] respid:[0] rcode:[NOERROR] respflags:[qr rd ra] err:[<nil>] duration:[84.295165ms]
2025/05/21 05:49:43 worker:[0] reqid:[0] qname:[tiktok.com.] qtype:[A] respid:[0] rcode:[NOERROR] respflags:[qr rd ra] err:[<nil>] duration:[86.169312ms]
2025/05/21 05:49:43 worker:[0] reqid:[0] qname:[whatsapp.com.] qtype:[A] respid:[0] rcode:[NOERROR] respflags:[qr rd ra] err:[<nil>] duration:[85.760077ms]
2025/05/21 05:49:44 worker:[0] reqid:[0] qname:[yahoo.com.] qtype:[A] respid:[0] rcode:[NOERROR] respflags:[qr rd ra] err:[<nil>] duration:[84.699368ms]
2025/05/21 05:49:44 worker:[0] reqid:[0] qname:[google.com.] qtype:[A] respid:[0] rcode:[NOERROR] respflags:[qr rd ra] err:[<nil>] duration:[85.150127ms]
2025/05/21 05:49:44 worker:[0] reqid:[0] qname:[googleusercontent.com.] qtype:[A] respid:[0] rcode:[NOERROR] respflags:[qr rd ra] err:[<nil>] duration:[91.965202ms]
2025/05/21 05:49:44 worker:[0] reqid:[0] qname:[facebook.com.] qtype:[A] respid:[0] rcode:[NOERROR] respflags:[qr rd ra] err:[<nil>] duration:[86.645841ms]
2025/05/21 05:49:44 worker:[0] reqid:[0] qname:[instagram.com.] qtype:[A] respid:[0] rcode:[NOERROR] respflags:[qr rd ra] err:[<nil>] duration:[94.945739ms]
2025/05/21 05:49:44 worker:[0] reqid:[0] qname:[wikipedia.org.] qtype:[A] respid:[0] rcode:[NOERROR] respflags:[qr rd ra] err:[<nil>] duration:[89.025853ms]
2025/05/21 05:49:44 worker:[0] reqid:[0] qname:[x.com.] qtype:[A] respid:[0] rcode:[NOERROR] respflags:[qr rd ra] err:[<nil>] duration:[88.138049ms]
2025/05/21 05:49:44 worker:[0] reqid:[0] qname:[amazon.com.] qtype:[A] respid:[0] rcode:[NOERROR] respflags:[qr rd ra] err:[<nil>] duration:[86.785279ms]
2025/05/21 05:49:44 worker:[0] reqid:[0] qname:[tiktok.com.] qtype:[A] respid:[0] rcode:[NOERROR] respflags:[qr rd ra] err:[<nil>] duration:[86.06977ms]
2025/05/21 05:49:44 worker:[0] reqid:[0] qname:[whatsapp.com.] qtype:[A] respid:[0] rcode:[NOERROR] respflags:[qr rd ra] err:[<nil>] duration:[84.673625ms]
2025/05/21 05:49:44 worker:[0] reqid:[0] qname:[yahoo.com.] qtype:[A] respid:[0] rcode:[NOERROR] respflags:[qr rd ra] err:[<nil>] duration:[84.53945ms]
2025/05/21 05:49:45 worker:[0] reqid:[0] qname:[google.com.] qtype:[A] respid:[0] rcode:[NOERROR] respflags:[qr rd ra] err:[<nil>] duration:[84.565359ms]
2025/05/21 05:49:45 worker:[0] reqid:[0] qname:[googleusercontent.com.] qtype:[A] respid:[0] rcode:[NOERROR] respflags:[qr rd ra] err:[<nil>] duration:[85.450705ms]
2025/05/21 05:49:45 worker:[0] reqid:[0] qname:[facebook.com.] qtype:[A] respid:[0] rcode:[NOERROR] respflags:[qr rd ra] err:[<nil>] duration:[85.16719ms]
2025/05/21 05:49:45 worker:[0] reqid:[0] qname:[instagram.com.] qtype:[A] respid:[0] rcode:[NOERROR] respflags:[qr rd ra] err:[<nil>] duration:[84.364016ms]
2025/05/21 05:49:45 worker:[0] reqid:[0] qname:[wikipedia.org.] qtype:[A] respid:[0] rcode:[NOERROR] respflags:[qr rd ra] err:[<nil>] duration:[85.323039ms]
2025/05/21 05:49:45 worker:[0] reqid:[0] qname:[x.com.] qtype:[A] respid:[0] rcode:[NOERROR] respflags:[qr rd ra] err:[<nil>] duration:[85.722584ms]
2025/05/21 05:49:45 worker:[0] reqid:[0] qname:[amazon.com.] qtype:[A] respid:[0] rcode:[NOERROR] respflags:[qr rd ra] err:[<nil>] duration:[85.845666ms]
2025/05/21 05:49:45 worker:[0] reqid:[0] qname:[tiktok.com.] qtype:[A] respid:[0] rcode:[NOERROR] respflags:[qr rd ra] err:[<nil>] duration:[86.434081ms]
2025/05/21 05:49:45 worker:[0] reqid:[0] qname:[whatsapp.com.] qtype:[A] respid:[0] rcode:[NOERROR] respflags:[qr rd ra] err:[<nil>] duration:[84.153196ms]
2025/05/21 05:49:45 worker:[0] reqid:[0] qname:[yahoo.com.] qtype:[A] respid:[0] rcode:[NOERROR] respflags:[qr rd ra] err:[<nil>] duration:[84.316015ms]
2025/05/21 05:49:45 worker:[0] reqid:[0] qname:[google.com.] qtype:[A] respid:[0] rcode:[NOERROR] respflags:[qr rd ra] err:[<nil>] duration:[85.555105ms]
2025/05/21 05:49:45 worker:[0] reqid:[0] qname:[googleusercontent.com.] qtype:[A] respid:[0] rcode:[NOERROR] respflags:[qr rd ra] err:[<nil>] duration:[85.164481ms]
2025/05/21 05:49:46 worker:[0] reqid:[0] qname:[facebook.com.] qtype:[A] respid:[0] rcode:[NOERROR] respflags:[qr rd ra] err:[<nil>] duration:[93.145113ms]
2025/05/21 05:49:46 worker:[0] reqid:[0] qname:[instagram.com.] qtype:[A] respid:[0] rcode:[NOERROR] respflags:[qr rd ra] err:[<nil>] duration:[84.711048ms]
2025/05/21 05:49:46 worker:[0] reqid:[0] qname:[wikipedia.org.] qtype:[A] respid:[0] rcode:[NOERROR] respflags:[qr rd ra] err:[<nil>] duration:[85.266438ms]
2025/05/21 05:49:46 worker:[0] reqid:[0] qname:[x.com.] qtype:[A] respid:[0] rcode:[NOERROR] respflags:[qr rd ra] err:[<nil>] duration:[84.892249ms]
2025/05/21 05:49:46 worker:[0] reqid:[0] qname:[amazon.com.] qtype:[A] respid:[0] rcode:[NOERROR] respflags:[qr rd ra] err:[<nil>] duration:[85.732713ms]
2025/05/21 05:49:46 worker:[0] reqid:[0] qname:[tiktok.com.] qtype:[A] respid:[0] rcode:[NOERROR] respflags:[qr rd ra] err:[<nil>] duration:[85.542509ms]
2025/05/21 05:49:46 worker:[0] reqid:[0] qname:[whatsapp.com.] qtype:[A] respid:[0] rcode:[NOERROR] respflags:[qr rd ra] err:[<nil>] duration:[84.745413ms]
2025/05/21 05:49:46 worker:[0] reqid:[0] qname:[yahoo.com.] qtype:[A] respid:[0] rcode:[NOERROR] respflags:[qr rd ra] err:[<nil>] duration:[86.001706ms]
2025/05/21 05:49:46 worker:[0] reqid:[0] qname:[google.com.] qtype:[A] respid:[0] rcode:[NOERROR] respflags:[qr rd ra] err:[<nil>] duration:[85.625945ms]
2025/05/21 05:49:46 worker:[0] reqid:[0] qname:[googleusercontent.com.] qtype:[A] respid:[0] rcode:[NOERROR] respflags:[qr rd ra] err:[<nil>] duration:[85.157523ms]
2025/05/21 05:49:46 worker:[0] reqid:[0] qname:[facebook.com.] qtype:[A] respid:[0] rcode:[NOERROR] respflags:[qr rd ra] err:[<nil>] duration:[86.258638ms]
2025/05/21 05:49:47 worker:[0] reqid:[0] qname:[instagram.com.] qtype:[A] respid:[0] rcode:[NOERROR] respflags:[qr rd ra] err:[<nil>] duration:[86.027463ms]
2025/05/21 05:49:47 worker:[0] reqid:[0] qname:[wikipedia.org.] qtype:[A] respid:[0] rcode:[NOERROR] respflags:[qr rd ra] err:[<nil>] duration:[84.590613ms]
2025/05/21 05:49:47 worker:[0] reqid:[0] qname:[x.com.] qtype:[A] respid:[0] rcode:[NOERROR] respflags:[qr rd ra] err:[<nil>] duration:[85.936999ms]
2025/05/21 05:49:47 worker:[0] reqid:[0] qname:[amazon.com.] qtype:[A] respid:[0] rcode:[NOERROR] respflags:[qr rd ra] err:[<nil>] duration:[85.704979ms]
2025/05/21 05:49:47 worker:[0] reqid:[0] qname:[tiktok.com.] qtype:[A] respid:[0] rcode:[NOERROR] respflags:[qr rd ra] err:[<nil>] duration:[202.418445ms]
2025/05/21 05:49:47 worker:[0] reqid:[0] qname:[whatsapp.com.] qtype:[A] respid:[0] rcode:[NOERROR] respflags:[qr rd ra] err:[<nil>] duration:[86.561377ms]
2025/05/21 05:49:47 worker:[0] reqid:[0] qname:[yahoo.com.] qtype:[A] respid:[0] rcode:[NOERROR] respflags:[qr rd ra] err:[<nil>] duration:[86.408269ms]
2025/05/21 05:49:47 worker:[0] reqid:[0] qname:[google.com.] qtype:[A] respid:[0] rcode:[NOERROR] respflags:[qr rd ra] err:[<nil>] duration:[87.859458ms]
2025/05/21 05:49:47 worker:[0] reqid:[0] qname:[googleusercontent.com.] qtype:[A] respid:[0] rcode:[NOERROR] respflags:[qr rd ra] err:[<nil>] duration:[85.144204ms]
2025/05/21 05:49:47 worker:[0] reqid:[0] qname:[facebook.com.] qtype:[A] respid:[0] rcode:[NOERROR] respflags:[qr rd ra] err:[<nil>] duration:[84.240903ms]
2025/05/21 05:49:47 worker:[0] reqid:[0] qname:[instagram.com.] qtype:[A] respid:[0] rcode:[NOERROR] respflags:[qr rd ra] err:[<nil>] duration:[85.223936ms]
2025/05/21 05:49:48 worker:[0] reqid:[0] qname:[wikipedia.org.] qtype:[A] respid:[0] rcode:[NOERROR] respflags:[qr rd ra] err:[<nil>] duration:[84.891183ms]
2025/05/21 05:49:48 worker:[0] reqid:[0] qname:[x.com.] qtype:[A] respid:[0] rcode:[NOERROR] respflags:[qr rd ra] err:[<nil>] duration:[85.958ms]
2025/05/21 05:49:48 worker:[0] reqid:[0] qname:[amazon.com.] qtype:[A] respid:[0] rcode:[NOERROR] respflags:[qr rd ra] err:[<nil>] duration:[86.501693ms]
2025/05/21 05:49:48 worker:[0] reqid:[0] qname:[tiktok.com.] qtype:[A] respid:[0] rcode:[NOERROR] respflags:[qr rd ra] err:[<nil>] duration:[85.290109ms]
2025/05/21 05:49:48 worker:[0] reqid:[0] qname:[whatsapp.com.] qtype:[A] respid:[0] rcode:[NOERROR] respflags:[qr rd ra] err:[<nil>] duration:[88.037441ms]
2025/05/21 05:49:48 worker:[0] reqid:[0] qname:[yahoo.com.] qtype:[A] respid:[0] rcode:[NOERROR] respflags:[qr rd ra] err:[<nil>] duration:[85.328692ms]
2025/05/21 05:49:48 worker:[0] reqid:[0] qname:[google.com.] qtype:[A] respid:[0] rcode:[NOERROR] respflags:[qr rd ra] err:[<nil>] duration:[84.398226ms]
2025/05/21 05:49:48 worker:[0] reqid:[0] qname:[googleusercontent.com.] qtype:[A] respid:[0] rcode:[NOERROR] respflags:[qr rd ra] err:[<nil>] duration:[84.107597ms]
2025/05/21 05:49:48 worker:[0] reqid:[0] qname:[facebook.com.] qtype:[A] respid:[0] rcode:[NOERROR] respflags:[qr rd ra] err:[<nil>] duration:[87.559446ms]
2025/05/21 05:49:48 worker:[0] reqid:[0] qname:[instagram.com.] qtype:[A] respid:[0] rcode:[NOERROR] respflags:[qr rd ra] err:[<nil>] duration:[85.998497ms]
2025/05/21 05:49:48 worker:[0] reqid:[0] qname:[wikipedia.org.] qtype:[A] respid:[0] rcode:[NOERROR] respflags:[qr rd ra] err:[<nil>] duration:[85.024299ms]
2025/05/21 05:49:49 worker:[0] reqid:[0] qname:[x.com.] qtype:[A] respid:[0] rcode:[NOERROR] respflags:[qr rd ra] err:[<nil>] duration:[84.409394ms]
2025/05/21 05:49:49 worker:[0] reqid:[0] qname:[amazon.com.] qtype:[A] respid:[0] rcode:[NOERROR] respflags:[qr rd ra] err:[<nil>] duration:[85.431664ms]
2025/05/21 05:49:49 worker:[0] reqid:[0] qname:[tiktok.com.] qtype:[A] respid:[0] rcode:[NOERROR] respflags:[qr rd ra] err:[<nil>] duration:[85.174542ms]
2025/05/21 05:49:49 worker:[0] reqid:[0] qname:[whatsapp.com.] qtype:[A] respid:[0] rcode:[NOERROR] respflags:[qr rd ra] err:[<nil>] duration:[84.666174ms]
2025/05/21 05:49:49 worker:[0] reqid:[0] qname:[yahoo.com.] qtype:[A] respid:[0] rcode:[NOERROR] respflags:[qr rd ra] err:[<nil>] duration:[84.345128ms]
2025/05/21 05:49:49 worker:[0] reqid:[0] qname:[google.com.] qtype:[A] respid:[0] rcode:[NOERROR] respflags:[qr rd ra] err:[<nil>] duration:[84.073774ms]
2025/05/21 05:49:49 worker:[0] reqid:[0] qname:[googleusercontent.com.] qtype:[A] respid:[0] rcode:[NOERROR] respflags:[qr rd ra] err:[<nil>] duration:[84.686439ms]
2025/05/21 05:49:49 worker:[0] reqid:[0] qname:[facebook.com.] qtype:[A] respid:[0] rcode:[NOERROR] respflags:[qr rd ra] err:[<nil>] duration:[85.538101ms]
2025/05/21 05:49:49 worker:[0] reqid:[0] qname:[instagram.com.] qtype:[A] respid:[0] rcode:[NOERROR] respflags:[qr rd ra] err:[<nil>] duration:[85.997813ms]
2025/05/21 05:49:49 worker:[0] reqid:[0] qname:[wikipedia.org.] qtype:[A] respid:[0] rcode:[NOERROR] respflags:[qr rd ra] err:[<nil>] duration:[85.783705ms]
2025/05/21 05:49:49 worker:[0] reqid:[0] qname:[x.com.] qtype:[A] respid:[0] rcode:[NOERROR] respflags:[qr rd ra] err:[<nil>] duration:[85.488598ms]
2025/05/21 05:49:49 worker:[0] reqid:[0] qname:[amazon.com.] qtype:[A] respid:[0] rcode:[NOERROR] respflags:[qr rd ra] err:[<nil>] duration:[87.112306ms]
2025/05/21 05:49:50 worker:[0] reqid:[0] qname:[tiktok.com.] qtype:[A] respid:[0] rcode:[NOERROR] respflags:[qr rd ra] err:[<nil>] duration:[85.602774ms]
2025/05/21 05:49:50 worker:[0] reqid:[0] qname:[whatsapp.com.] qtype:[A] respid:[0] rcode:[NOERROR] respflags:[qr rd ra] err:[<nil>] duration:[86.694236ms]
2025/05/21 05:49:50 worker:[0] reqid:[0] qname:[yahoo.com.] qtype:[A] respid:[0] rcode:[NOERROR] respflags:[qr rd ra] err:[<nil>] duration:[85.053881ms]
2025/05/21 05:49:50 worker:[0] reqid:[0] qname:[google.com.] qtype:[A] respid:[0] rcode:[NOERROR] respflags:[qr rd ra] err:[<nil>] duration:[88.507004ms]
2025/05/21 05:49:50 worker:[0] reqid:[0] qname:[googleusercontent.com.] qtype:[A] respid:[0] rcode:[NOERROR] respflags:[qr rd ra] err:[<nil>] duration:[84.88674ms]
2025/05/21 05:49:50 worker:[0] reqid:[0] qname:[facebook.com.] qtype:[A] respid:[0] rcode:[NOERROR] respflags:[qr rd ra] err:[<nil>] duration:[85.562772ms]
2025/05/21 05:49:50 worker:[0] reqid:[0] qname:[instagram.com.] qtype:[A] respid:[0] rcode:[NOERROR] respflags:[qr rd ra] err:[<nil>] duration:[84.95258ms]
2025/05/21 05:49:50 worker:[0] reqid:[0] qname:[wikipedia.org.] qtype:[A] respid:[0] rcode:[NOERROR] respflags:[qr rd ra] err:[<nil>] duration:[86.479056ms]
2025/05/21 05:49:50 worker:[0] reqid:[0] qname:[x.com.] qtype:[A] respid:[0] rcode:[NOERROR] respflags:[qr rd ra] err:[<nil>] duration:[86.859069ms]
2025/05/21 05:49:50 worker:[0] reqid:[0] qname:[amazon.com.] qtype:[A] respid:[0] rcode:[NOERROR] respflags:[qr rd ra] err:[<nil>] duration:[88.217742ms]
2025/05/21 05:49:50 worker:[0] reqid:[0] qname:[tiktok.com.] qtype:[A] respid:[0] rcode:[NOERROR] respflags:[qr rd ra] err:[<nil>] duration:[87.792908ms]
2025/05/21 05:49:51 worker:[0] reqid:[0] qname:[whatsapp.com.] qtype:[A] respid:[0] rcode:[NOERROR] respflags:[qr rd ra] err:[<nil>] duration:[85.329417ms]
2025/05/21 05:49:51 worker:[0] reqid:[0] qname:[yahoo.com.] qtype:[A] respid:[0] rcode:[NOERROR] respflags:[qr rd ra] err:[<nil>] duration:[87.268821ms]
2025/05/21 05:49:51 worker:[0] reqid:[0] qname:[google.com.] qtype:[A] respid:[0] rcode:[NOERROR] respflags:[qr rd ra] err:[<nil>] duration:[87.027352ms]
2025/05/21 05:49:51 worker:[0] reqid:[0] qname:[googleusercontent.com.] qtype:[A] respid:[0] rcode:[NOERROR] respflags:[qr rd ra] err:[<nil>] duration:[88.763456ms]
2025/05/21 05:49:51 worker:[0] reqid:[0] qname:[facebook.com.] qtype:[A] respid:[0] rcode:[NOERROR] respflags:[qr rd ra] err:[<nil>] duration:[109.126871ms]
2025/05/21 05:49:51 worker:[0] reqid:[0] qname:[instagram.com.] qtype:[A] respid:[0] rcode:[NOERROR] respflags:[qr rd ra] err:[<nil>] duration:[123.261345ms]
2025/05/21 05:49:52 worker:[0] reqid:[0] qname:[wikipedia.org.] qtype:[A] respid:[0] rcode:[NOERROR] respflags:[qr rd ra] err:[<nil>] duration:[728.697934ms]
2025/05/21 05:49:52 worker:[0] reqid:[0] qname:[x.com.] qtype:[A] respid:[0] rcode:[NOERROR] respflags:[qr rd ra] err:[<nil>] duration:[86.477998ms]
2025/05/21 05:49:52 worker:[0] reqid:[0] qname:[amazon.com.] qtype:[A] respid:[0] rcode:[NOERROR] respflags:[qr rd ra] err:[<nil>] duration:[85.321152ms]
2025/05/21 05:49:52 worker:[0] reqid:[0] qname:[tiktok.com.] qtype:[A] respid:[0] rcode:[NOERROR] respflags:[qr rd ra] err:[<nil>] duration:[84.632884ms]
2025/05/21 05:49:52 worker:[0] reqid:[0] qname:[whatsapp.com.] qtype:[A] respid:[0] rcode:[NOERROR] respflags:[qr rd ra] err:[<nil>] duration:[85.734633ms]
2025/05/21 05:49:52 worker:[0] reqid:[0] qname:[yahoo.com.] qtype:[A] respid:[0] rcode:[NOERROR] respflags:[qr rd ra] err:[<nil>] duration:[85.694767ms]
2025/05/21 05:49:52 worker:[0] reqid:[0] qname:[google.com.] qtype:[A] respid:[0] rcode:[NOERROR] respflags:[qr rd ra] err:[<nil>] duration:[84.812418ms]
2025/05/21 05:49:52 worker:[0] reqid:[0] qname:[googleusercontent.com.] qtype:[A] respid:[0] rcode:[NOERROR] respflags:[qr rd ra] err:[<nil>] duration:[85.349383ms]
2025/05/21 05:49:52 worker:[0] reqid:[0] qname:[facebook.com.] qtype:[A] respid:[0] rcode:[NOERROR] respflags:[qr rd ra] err:[<nil>] duration:[84.052999ms]
2025/05/21 05:49:52 worker:[0] reqid:[0] qname:[instagram.com.] qtype:[A] respid:[0] rcode:[NOERROR] respflags:[qr rd ra] err:[<nil>] duration:[85.827156ms]
2025/05/21 05:49:53 worker:[0] reqid:[0] qname:[wikipedia.org.] qtype:[A] respid:[0] rcode:[NOERROR] respflags:[qr rd ra] err:[<nil>] duration:[91.484194ms]
2025/05/21 05:49:53 worker:[0] reqid:[0] qname:[x.com.] qtype:[A] respid:[0] rcode:[NOERROR] respflags:[qr rd ra] err:[<nil>] duration:[86.414241ms]
2025/05/21 05:49:53 worker:[0] reqid:[0] qname:[amazon.com.] qtype:[A] respid:[0] rcode:[NOERROR] respflags:[qr rd ra] err:[<nil>] duration:[86.418893ms]
2025/05/21 05:49:53 worker:[0] reqid:[0] qname:[tiktok.com.] qtype:[A] respid:[0] rcode:[NOERROR] respflags:[qr rd ra] err:[<nil>] duration:[86.19973ms]
2025/05/21 05:49:53 worker:[0] reqid:[0] qname:[whatsapp.com.] qtype:[A] respid:[0] rcode:[NOERROR] respflags:[qr rd ra] err:[<nil>] duration:[84.124162ms]
2025/05/21 05:49:53 worker:[0] reqid:[0] qname:[yahoo.com.] qtype:[A] respid:[0] rcode:[NOERROR] respflags:[qr rd ra] err:[<nil>] duration:[86.904782ms]
2025/05/21 05:49:53 worker:[0] reqid:[0] qname:[google.com.] qtype:[A] respid:[0] rcode:[NOERROR] respflags:[qr rd ra] err:[<nil>] duration:[89.979504ms]
2025/05/21 05:49:53 worker:[0] reqid:[0] qname:[googleusercontent.com.] qtype:[A] respid:[0] rcode:[NOERROR] respflags:[qr rd ra] err:[<nil>] duration:[89.572282ms]
2025/05/21 05:49:53 worker:[0] reqid:[0] qname:[facebook.com.] qtype:[A] respid:[0] rcode:[NOERROR] respflags:[qr rd ra] err:[<nil>] duration:[86.932736ms]
2025/05/21 05:49:53 worker:[0] reqid:[0] qname:[instagram.com.] qtype:[A] respid:[0] rcode:[NOERROR] respflags:[qr rd ra] err:[<nil>] duration:[92.776942ms]
2025/05/21 05:49:53 worker:[0] reqid:[0] qname:[wikipedia.org.] qtype:[A] respid:[0] rcode:[NOERROR] respflags:[qr rd ra] err:[<nil>] duration:[86.44524ms]
2025/05/21 05:49:54 worker:[0] reqid:[0] qname:[x.com.] qtype:[A] respid:[0] rcode:[NOERROR] respflags:[qr rd ra] err:[<nil>] duration:[88.235578ms]
2025/05/21 05:49:54 worker:[0] reqid:[0] qname:[amazon.com.] qtype:[A] respid:[0] rcode:[NOERROR] respflags:[qr rd ra] err:[<nil>] duration:[84.98448ms]
2025/05/21 05:49:54 worker:[0] reqid:[0] qname:[tiktok.com.] qtype:[A] respid:[0] rcode:[NOERROR] respflags:[qr rd ra] err:[<nil>] duration:[85.51059ms]
2025/05/21 05:49:54 worker:[0] reqid:[0] qname:[whatsapp.com.] qtype:[A] respid:[0] rcode:[NOERROR] respflags:[qr rd ra] err:[<nil>] duration:[83.854182ms]
2025/05/21 05:49:54 worker:[0] reqid:[0] qname:[yahoo.com.] qtype:[A] respid:[0] rcode:[NOERROR] respflags:[qr rd ra] err:[<nil>] duration:[85.356557ms]
2025/05/21 05:49:54 worker:[0] reqid:[0] qname:[google.com.] qtype:[A] respid:[0] rcode:[NOERROR] respflags:[qr rd ra] err:[<nil>] duration:[88.675231ms]
2025/05/21 05:49:54 worker:[0] reqid:[0] qname:[googleusercontent.com.] qtype:[A] respid:[0] rcode:[NOERROR] respflags:[qr rd ra] err:[<nil>] duration:[86.939129ms]
2025/05/21 05:49:54 worker:[0] reqid:[0] qname:[facebook.com.] qtype:[A] respid:[0] rcode:[NOERROR] respflags:[qr rd ra] err:[<nil>] duration:[84.33104ms]
2025/05/21 05:49:54 worker:[0] reqid:[0] qname:[instagram.com.] qtype:[A] respid:[0] rcode:[NOERROR] respflags:[qr rd ra] err:[<nil>] duration:[86.475446ms]
2025/05/21 05:49:54 worker:[0] reqid:[0] qname:[wikipedia.org.] qtype:[A] respid:[0] rcode:[NOERROR] respflags:[qr rd ra] err:[<nil>] duration:[85.618201ms]
2025/05/21 05:49:54 worker:[0] reqid:[0] qname:[x.com.] qtype:[A] respid:[0] rcode:[NOERROR] respflags:[qr rd ra] err:[<nil>] duration:[84.687886ms]
2025/05/21 05:49:55 worker:[0] reqid:[0] qname:[amazon.com.] qtype:[A] respid:[0] rcode:[NOERROR] respflags:[qr rd ra] err:[<nil>] duration:[85.988544ms]
2025/05/21 05:49:55 worker:[0] reqid:[0] qname:[tiktok.com.] qtype:[A] respid:[0] rcode:[NOERROR] respflags:[qr rd ra] err:[<nil>] duration:[86.000423ms]
2025/05/21 05:49:55 worker:[0] reqid:[0] qname:[whatsapp.com.] qtype:[A] respid:[0] rcode:[NOERROR] respflags:[qr rd ra] err:[<nil>] duration:[85.808195ms]
2025/05/21 05:49:55 worker:[0] reqid:[0] qname:[yahoo.com.] qtype:[A] respid:[0] rcode:[NOERROR] respflags:[qr rd ra] err:[<nil>] duration:[85.461531ms]
2025/05/21 05:49:55 worker:[0] reqid:[0] qname:[google.com.] qtype:[A] respid:[0] rcode:[NOERROR] respflags:[qr rd ra] err:[<nil>] duration:[84.160223ms]
2025/05/21 05:49:55 worker:[0] reqid:[0] qname:[googleusercontent.com.] qtype:[A] respid:[0] rcode:[NOERROR] respflags:[qr rd ra] err:[<nil>] duration:[84.193462ms]
2025/05/21 05:49:55 worker:[0] reqid:[0] qname:[facebook.com.] qtype:[A] respid:[0] rcode:[NOERROR] respflags:[qr rd ra] err:[<nil>] duration:[86.498022ms]
2025/05/21 05:49:55 worker:[0] reqid:[0] qname:[instagram.com.] qtype:[A] respid:[0] rcode:[NOERROR] respflags:[qr rd ra] err:[<nil>] duration:[85.74728ms]
2025/05/21 05:49:55 worker:[0] reqid:[0] qname:[wikipedia.org.] qtype:[A] respid:[0] rcode:[NOERROR] respflags:[qr rd ra] err:[<nil>] duration:[84.367006ms]
2025/05/21 05:49:55 worker:[0] reqid:[0] qname:[x.com.] qtype:[A] respid:[0] rcode:[NOERROR] respflags:[qr rd ra] err:[<nil>] duration:[84.050083ms]
2025/05/21 05:49:55 worker:[0] reqid:[0] qname:[amazon.com.] qtype:[A] respid:[0] rcode:[NOERROR] respflags:[qr rd ra] err:[<nil>] duration:[84.463646ms]
2025/05/21 05:49:55 worker:[0] reqid:[0] qname:[tiktok.com.] qtype:[A] respid:[0] rcode:[NOERROR] respflags:[qr rd ra] err:[<nil>] duration:[84.864622ms]
2025/05/21 05:49:56 worker:[0] reqid:[0] qname:[whatsapp.com.] qtype:[A] respid:[0] rcode:[NOERROR] respflags:[qr rd ra] err:[<nil>] duration:[84.174429ms]
2025/05/21 05:49:56 worker:[0] reqid:[0] qname:[yahoo.com.] qtype:[A] respid:[0] rcode:[NOERROR] respflags:[qr rd ra] err:[<nil>] duration:[92.624233ms]
2025/05/21 05:49:56 worker:[0] reqid:[0] qname:[google.com.] qtype:[A] respid:[0] rcode:[NOERROR] respflags:[qr rd ra] err:[<nil>] duration:[87.614909ms]
2025/05/21 05:49:56 worker:[0] reqid:[0] qname:[googleusercontent.com.] qtype:[A] respid:[0] rcode:[NOERROR] respflags:[qr rd ra] err:[<nil>] duration:[84.197284ms]
2025/05/21 05:49:56 worker:[0] reqid:[0] qname:[facebook.com.] qtype:[A] respid:[0] rcode:[NOERROR] respflags:[qr rd ra] err:[<nil>] duration:[85.602942ms]
2025/05/21 05:49:56 worker:[0] reqid:[0] qname:[instagram.com.] qtype:[A] respid:[0] rcode:[NOERROR] respflags:[qr rd ra] err:[<nil>] duration:[86.91882ms]
2025/05/21 05:49:56 worker:[0] reqid:[0] qname:[wikipedia.org.] qtype:[A] respid:[0] rcode:[NOERROR] respflags:[qr rd ra] err:[<nil>] duration:[84.550105ms]
2025/05/21 05:49:56 worker:[0] reqid:[0] qname:[x.com.] qtype:[A] respid:[0] rcode:[NOERROR] respflags:[qr rd ra] err:[<nil>] duration:[85.438151ms]
2025/05/21 05:49:56 worker:[0] reqid:[0] qname:[amazon.com.] qtype:[A] respid:[0] rcode:[NOERROR] respflags:[qr rd ra] err:[<nil>] duration:[86.349332ms]
2025/05/21 05:49:56 worker:[0] reqid:[0] qname:[tiktok.com.] qtype:[A] respid:[0] rcode:[NOERROR] respflags:[qr rd ra] err:[<nil>] duration:[87.875658ms]
2025/05/21 05:49:56 worker:[0] reqid:[0] qname:[whatsapp.com.] qtype:[A] respid:[0] rcode:[NOERROR] respflags:[qr rd ra] err:[<nil>] duration:[87.51673ms]
2025/05/21 05:49:56 worker:[0] reqid:[0] qname:[yahoo.com.] qtype:[A] respid:[0] rcode:[NOERROR] respflags:[qr rd ra] err:[<nil>] duration:[86.957759ms]
2025/05/21 05:49:57 worker:[0] reqid:[0] qname:[google.com.] qtype:[A] respid:[0] rcode:[NOERROR] respflags:[qr rd ra] err:[<nil>] duration:[85.086221ms]
2025/05/21 05:49:57 worker:[0] reqid:[0] qname:[googleusercontent.com.] qtype:[A] respid:[0] rcode:[NOERROR] respflags:[qr rd ra] err:[<nil>] duration:[85.454205ms]
2025/05/21 05:49:57 worker:[0] reqid:[0] qname:[facebook.com.] qtype:[A] respid:[0] rcode:[NOERROR] respflags:[qr rd ra] err:[<nil>] duration:[87.892602ms]
2025/05/21 05:49:57 worker:[0] reqid:[0] qname:[instagram.com.] qtype:[A] respid:[0] rcode:[NOERROR] respflags:[qr rd ra] err:[<nil>] duration:[86.089434ms]
2025/05/21 05:49:57 worker:[0] reqid:[0] qname:[wikipedia.org.] qtype:[A] respid:[0] rcode:[NOERROR] respflags:[qr rd ra] err:[<nil>] duration:[85.441906ms]
2025/05/21 05:49:57 worker:[0] reqid:[0] qname:[x.com.] qtype:[A] respid:[0] rcode:[NOERROR] respflags:[qr rd ra] err:[<nil>] duration:[85.69374ms]
2025/05/21 05:49:57 worker:[0] reqid:[0] qname:[amazon.com.] qtype:[A] respid:[0] rcode:[NOERROR] respflags:[qr rd ra] err:[<nil>] duration:[201.263708ms]
2025/05/21 05:49:57 worker:[0] reqid:[0] qname:[tiktok.com.] qtype:[A] respid:[0] rcode:[NOERROR] respflags:[qr rd ra] err:[<nil>] duration:[84.007536ms]
2025/05/21 05:49:57 worker:[0] reqid:[0] qname:[whatsapp.com.] qtype:[A] respid:[0] rcode:[NOERROR] respflags:[qr rd ra] err:[<nil>] duration:[84.307279ms]
2025/05/21 05:49:57 worker:[0] reqid:[0] qname:[yahoo.com.] qtype:[A] respid:[0] rcode:[NOERROR] respflags:[qr rd ra] err:[<nil>] duration:[84.682891ms]
2025/05/21 05:49:58 worker:[0] reqid:[0] qname:[google.com.] qtype:[A] respid:[0] rcode:[NOERROR] respflags:[qr rd ra] err:[<nil>] duration:[85.997118ms]
2025/05/21 05:49:58 worker:[0] reqid:[0] qname:[googleusercontent.com.] qtype:[A] respid:[0] rcode:[NOERROR] respflags:[qr rd ra] err:[<nil>] duration:[87.068164ms]
2025/05/21 05:49:58 worker:[0] reqid:[0] qname:[facebook.com.] qtype:[A] respid:[0] rcode:[NOERROR] respflags:[qr rd ra] err:[<nil>] duration:[85.663878ms]
2025/05/21 05:49:58 worker:[0] reqid:[0] qname:[instagram.com.] qtype:[A] respid:[0] rcode:[NOERROR] respflags:[qr rd ra] err:[<nil>] duration:[88.504823ms]
2025/05/21 05:49:58 worker:[0] reqid:[0] qname:[wikipedia.org.] qtype:[A] respid:[0] rcode:[NOERROR] respflags:[qr rd ra] err:[<nil>] duration:[84.273717ms]
2025/05/21 05:49:58 worker:[0] reqid:[0] qname:[x.com.] qtype:[A] respid:[0] rcode:[NOERROR] respflags:[qr rd ra] err:[<nil>] duration:[86.105283ms]
2025/05/21 05:49:58 worker:[0] reqid:[0] qname:[amazon.com.] qtype:[A] respid:[0] rcode:[NOERROR] respflags:[qr rd ra] err:[<nil>] duration:[86.218096ms]
2025/05/21 05:49:58 worker:[0] reqid:[0] qname:[tiktok.com.] qtype:[A] respid:[0] rcode:[NOERROR] respflags:[qr rd ra] err:[<nil>] duration:[83.731817ms]
2025/05/21 05:49:58 worker:[0] reqid:[0] qname:[whatsapp.com.] qtype:[A] respid:[0] rcode:[NOERROR] respflags:[qr rd ra] err:[<nil>] duration:[84.134463ms]
2025/05/21 05:49:58 worker:[0] reqid:[0] qname:[yahoo.com.] qtype:[A] respid:[0] rcode:[NOERROR] respflags:[qr rd ra] err:[<nil>] duration:[84.799361ms]
2025/05/21 05:49:58 worker:[0] reqid:[0] qname:[google.com.] qtype:[A] respid:[0] rcode:[NOERROR] respflags:[qr rd ra] err:[<nil>] duration:[85.204266ms]
2025/05/21 05:49:58 worker:[0] reqid:[0] qname:[googleusercontent.com.] qtype:[A] respid:[0] rcode:[NOERROR] respflags:[qr rd ra] err:[<nil>] duration:[87.112431ms]
2025/05/21 05:49:59 worker:[0] reqid:[0] qname:[facebook.com.] qtype:[A] respid:[0] rcode:[NOERROR] respflags:[qr rd ra] err:[<nil>] duration:[84.069114ms]
2025/05/21 05:49:59 worker:[0] reqid:[0] qname:[instagram.com.] qtype:[A] respid:[0] rcode:[NOERROR] respflags:[qr rd ra] err:[<nil>] duration:[84.816157ms]
2025/05/21 05:49:59 worker:[0] reqid:[0] qname:[wikipedia.org.] qtype:[A] respid:[0] rcode:[NOERROR] respflags:[qr rd ra] err:[<nil>] duration:[85.535975ms]
2025/05/21 05:49:59 worker:[0] reqid:[0] qname:[x.com.] qtype:[A] respid:[0] rcode:[NOERROR] respflags:[qr rd ra] err:[<nil>] duration:[88.479467ms]
2025/05/21 05:49:59 worker:[0] reqid:[0] qname:[amazon.com.] qtype:[A] respid:[0] rcode:[NOERROR] respflags:[qr rd ra] err:[<nil>] duration:[87.103788ms]
2025/05/21 05:49:59 worker:[0] reqid:[0] qname:[tiktok.com.] qtype:[A] respid:[0] rcode:[NOERROR] respflags:[qr rd ra] err:[<nil>] duration:[86.946825ms]
2025/05/21 05:49:59 worker:[0] reqid:[0] qname:[whatsapp.com.] qtype:[A] respid:[0] rcode:[NOERROR] respflags:[qr rd ra] err:[<nil>] duration:[89.749758ms]
2025/05/21 05:49:59 worker:[0] reqid:[0] qname:[yahoo.com.] qtype:[A] respid:[0] rcode:[NOERROR] respflags:[qr rd ra] err:[<nil>] duration:[84.591747ms]
2025/05/21 05:49:59 worker:[0] reqid:[0] qname:[google.com.] qtype:[A] respid:[0] rcode:[NOERROR] respflags:[qr rd ra] err:[<nil>] duration:[85.013598ms]
2025/05/21 05:49:59 worker:[0] reqid:[0] qname:[googleusercontent.com.] qtype:[A] respid:[0] rcode:[NOERROR] respflags:[qr rd ra] err:[<nil>] duration:[84.755525ms]
2025/05/21 05:49:59 worker:[0] reqid:[0] qname:[facebook.com.] qtype:[A] respid:[0] rcode:[NOERROR] respflags:[qr rd ra] err:[<nil>] duration:[85.838858ms]
2025/05/21 05:50:00 worker:[0] reqid:[0] qname:[instagram.com.] qtype:[A] respid:[0] rcode:[NOERROR] respflags:[qr rd ra] err:[<nil>] duration:[83.897459ms]
2025/05/21 05:50:00 worker:[0] reqid:[0] qname:[wikipedia.org.] qtype:[A] respid:[0] rcode:[NOERROR] respflags:[qr rd ra] err:[<nil>] duration:[84.318061ms]
2025/05/21 05:50:00 worker:[0] reqid:[0] qname:[x.com.] qtype:[A] respid:[0] rcode:[NOERROR] respflags:[qr rd ra] err:[<nil>] duration:[84.267678ms]
2025/05/21 05:50:00 worker:[0] reqid:[0] qname:[amazon.com.] qtype:[A] respid:[0] rcode:[NOERROR] respflags:[qr rd ra] err:[<nil>] duration:[84.620727ms]
2025/05/21 05:50:00 worker:[0] reqid:[0] qname:[tiktok.com.] qtype:[A] respid:[0] rcode:[NOERROR] respflags:[qr rd ra] err:[<nil>] duration:[85.04227ms]
2025/05/21 05:50:00 worker:[0] reqid:[0] qname:[whatsapp.com.] qtype:[A] respid:[0] rcode:[NOERROR] respflags:[qr rd ra] err:[<nil>] duration:[87.88797ms]
2025/05/21 05:50:00 worker:[0] reqid:[0] qname:[yahoo.com.] qtype:[A] respid:[0] rcode:[NOERROR] respflags:[qr rd ra] err:[<nil>] duration:[516.394994ms]
2025/05/21 05:50:01 worker:[0] reqid:[0] qname:[google.com.] qtype:[A] respid:[0] rcode:[NOERROR] respflags:[qr rd ra] err:[<nil>] duration:[239.577381ms]
2025/05/21 05:50:01 worker:[0] reqid:[0] qname:[googleusercontent.com.] qtype:[A] respid:[0] rcode:[NOERROR] respflags:[qr rd ra] err:[<nil>] duration:[84.9672ms]
2025/05/21 05:50:01 worker:[0] reqid:[0] qname:[facebook.com.] qtype:[A] respid:[0] rcode:[NOERROR] respflags:[qr rd ra] err:[<nil>] duration:[86.412797ms]
2025/05/21 05:50:01 worker:[0] reqid:[0] qname:[instagram.com.] qtype:[A] respid:[0] rcode:[NOERROR] respflags:[qr rd ra] err:[<nil>] duration:[85.331549ms]
2025/05/21 05:50:01 worker:[0] reqid:[0] qname:[wikipedia.org.] qtype:[A] respid:[0] rcode:[NOERROR] respflags:[qr rd ra] err:[<nil>] duration:[86.380006ms]
2025/05/21 05:50:01 worker:[0] reqid:[0] qname:[x.com.] qtype:[A] respid:[0] rcode:[NOERROR] respflags:[qr rd ra] err:[<nil>] duration:[85.659243ms]
2025/05/21 05:50:01 worker:[0] reqid:[0] qname:[amazon.com.] qtype:[A] respid:[0] rcode:[NOERROR] respflags:[qr rd ra] err:[<nil>] duration:[84.429785ms]
2025/05/21 05:50:01 worker:[0] reqid:[0] qname:[tiktok.com.] qtype:[A] respid:[0] rcode:[NOERROR] respflags:[qr rd ra] err:[<nil>] duration:[85.869843ms]
2025/05/21 05:50:01 worker:[0] reqid:[0] qname:[whatsapp.com.] qtype:[A] respid:[0] rcode:[NOERROR] respflags:[qr rd ra] err:[<nil>] duration:[86.250288ms]
2025/05/21 05:50:01 worker:[0] reqid:[0] qname:[yahoo.com.] qtype:[A] respid:[0] rcode:[NOERROR] respflags:[qr rd ra] err:[<nil>] duration:[86.439241ms]
2025/05/21 05:50:02 worker:[0] reqid:[0] qname:[google.com.] qtype:[A] respid:[0] rcode:[NOERROR] respflags:[qr rd ra] err:[<nil>] duration:[84.174148ms]
2025/05/21 05:50:02 worker:[0] reqid:[0] qname:[googleusercontent.com.] qtype:[A] respid:[0] rcode:[NOERROR] respflags:[qr rd ra] err:[<nil>] duration:[86.150161ms]
2025/05/21 05:50:02 worker:[0] reqid:[0] qname:[facebook.com.] qtype:[A] respid:[0] rcode:[NOERROR] respflags:[qr rd ra] err:[<nil>] duration:[85.275306ms]
2025/05/21 05:50:02 worker:[0] reqid:[0] qname:[instagram.com.] qtype:[A] respid:[0] rcode:[NOERROR] respflags:[qr rd ra] err:[<nil>] duration:[84.146828ms]
2025/05/21 05:50:02 worker:[0] reqid:[0] qname:[wikipedia.org.] qtype:[A] respid:[0] rcode:[NOERROR] respflags:[qr rd ra] err:[<nil>] duration:[86.429587ms]
2025/05/21 05:50:02 worker:[0] reqid:[0] qname:[x.com.] qtype:[A] respid:[0] rcode:[NOERROR] respflags:[qr rd ra] err:[<nil>] duration:[85.864145ms]
2025/05/21 05:50:02 worker:[0] reqid:[0] qname:[amazon.com.] qtype:[A] respid:[0] rcode:[NOERROR] respflags:[qr rd ra] err:[<nil>] duration:[85.152895ms]
2025/05/21 05:50:02 worker:[0] reqid:[0] qname:[tiktok.com.] qtype:[A] respid:[0] rcode:[NOERROR] respflags:[qr rd ra] err:[<nil>] duration:[84.718301ms]
2025/05/21 05:50:02 worker:[0] reqid:[0] qname:[whatsapp.com.] qtype:[A] respid:[0] rcode:[NOERROR] respflags:[qr rd ra] err:[<nil>] duration:[87.339749ms]
2025/05/21 05:50:02 worker:[0] reqid:[0] qname:[yahoo.com.] qtype:[A] respid:[0] rcode:[NOERROR] respflags:[qr rd ra] err:[<nil>] duration:[85.734214ms]
2025/05/21 05:50:02 worker:[0] reqid:[0] qname:[google.com.] qtype:[A] respid:[0] rcode:[NOERROR] respflags:[qr rd ra] err:[<nil>] duration:[84.808154ms]
2025/05/21 05:50:03 worker:[0] reqid:[0] qname:[googleusercontent.com.] qtype:[A] respid:[0] rcode:[NOERROR] respflags:[qr rd ra] err:[<nil>] duration:[85.202885ms]
2025/05/21 05:50:03 worker:[0] reqid:[0] qname:[facebook.com.] qtype:[A] respid:[0] rcode:[NOERROR] respflags:[qr rd ra] err:[<nil>] duration:[84.324776ms]
2025/05/21 05:50:03 worker:[0] reqid:[0] qname:[instagram.com.] qtype:[A] respid:[0] rcode:[NOERROR] respflags:[qr rd ra] err:[<nil>] duration:[85.015555ms]
2025/05/21 05:50:03 worker:[0] reqid:[0] qname:[wikipedia.org.] qtype:[A] respid:[0] rcode:[NOERROR] respflags:[qr rd ra] err:[<nil>] duration:[85.627732ms]
2025/05/21 05:50:03 worker:[0] reqid:[0] qname:[x.com.] qtype:[A] respid:[0] rcode:[NOERROR] respflags:[qr rd ra] err:[<nil>] duration:[85.574515ms]
2025/05/21 05:50:03 worker:[0] reqid:[0] qname:[amazon.com.] qtype:[A] respid:[0] rcode:[NOERROR] respflags:[qr rd ra] err:[<nil>] duration:[202.357244ms]
2025/05/21 05:50:03 worker:[0] reqid:[0] qname:[tiktok.com.] qtype:[A] respid:[0] rcode:[NOERROR] respflags:[qr rd ra] err:[<nil>] duration:[85.755862ms]
2025/05/21 05:50:03 worker:[0] reqid:[0] qname:[whatsapp.com.] qtype:[A] respid:[0] rcode:[NOERROR] respflags:[qr rd ra] err:[<nil>] duration:[84.926251ms]
2025/05/21 05:50:03 worker:[0] reqid:[0] qname:[yahoo.com.] qtype:[A] respid:[0] rcode:[NOERROR] respflags:[qr rd ra] err:[<nil>] duration:[88.821512ms]
2025/05/21 05:50:03 worker:[0] reqid:[0] qname:[google.com.] qtype:[A] respid:[0] rcode:[NOERROR] respflags:[qr rd ra] err:[<nil>] duration:[90.932893ms]
2025/05/21 05:50:03 worker:[0] reqid:[0] qname:[googleusercontent.com.] qtype:[A] respid:[0] rcode:[NOERROR] respflags:[qr rd ra] err:[<nil>] duration:[88.528587ms]
2025/05/21 05:50:04 worker:[0] reqid:[0] qname:[facebook.com.] qtype:[A] respid:[0] rcode:[NOERROR] respflags:[qr rd ra] err:[<nil>] duration:[86.467747ms]
2025/05/21 05:50:04 worker:[0] reqid:[0] qname:[instagram.com.] qtype:[A] respid:[0] rcode:[NOERROR] respflags:[qr rd ra] err:[<nil>] duration:[87.477314ms]
2025/05/21 05:50:04 worker:[0] reqid:[0] qname:[wikipedia.org.] qtype:[A] respid:[0] rcode:[NOERROR] respflags:[qr rd ra] err:[<nil>] duration:[84.455148ms]
2025/05/21 05:50:04 worker:[0] reqid:[0] qname:[x.com.] qtype:[A] respid:[0] rcode:[NOERROR] respflags:[qr rd ra] err:[<nil>] duration:[85.298093ms]
2025/05/21 05:50:04 worker:[0] reqid:[0] qname:[amazon.com.] qtype:[A] respid:[0] rcode:[NOERROR] respflags:[qr rd ra] err:[<nil>] duration:[87.393685ms]
2025/05/21 05:50:04 worker:[0] reqid:[0] qname:[tiktok.com.] qtype:[A] respid:[0] rcode:[NOERROR] respflags:[qr rd ra] err:[<nil>] duration:[85.069577ms]
2025/05/21 05:50:04 worker:[0] reqid:[0] qname:[whatsapp.com.] qtype:[A] respid:[0] rcode:[NOERROR] respflags:[qr rd ra] err:[<nil>] duration:[92.147295ms]
2025/05/21 05:50:04 worker:[0] reqid:[0] qname:[yahoo.com.] qtype:[A] respid:[0] rcode:[NOERROR] respflags:[qr rd ra] err:[<nil>] duration:[85.686006ms]
2025/05/21 05:50:04 worker:[0] reqid:[0] qname:[google.com.] qtype:[A] respid:[0] rcode:[NOERROR] respflags:[qr rd ra] err:[<nil>] duration:[84.177988ms]
2025/05/21 05:50:04 worker:[0] reqid:[0] qname:[googleusercontent.com.] qtype:[A] respid:[0] rcode:[NOERROR] respflags:[qr rd ra] err:[<nil>] duration:[85.095052ms]
2025/05/21 05:50:04 worker:[0] reqid:[0] qname:[facebook.com.] qtype:[A] respid:[0] rcode:[NOERROR] respflags:[qr rd ra] err:[<nil>] duration:[84.639534ms]
2025/05/21 05:50:05 worker:[0] reqid:[0] qname:[instagram.com.] qtype:[A] respid:[0] rcode:[NOERROR] respflags:[qr rd ra] err:[<nil>] duration:[88.621893ms]
2025/05/21 05:50:05 worker:[0] reqid:[0] qname:[wikipedia.org.] qtype:[A] respid:[0] rcode:[NOERROR] respflags:[qr rd ra] err:[<nil>] duration:[85.447534ms]
2025/05/21 05:50:05 worker:[0] reqid:[0] qname:[x.com.] qtype:[A] respid:[0] rcode:[NOERROR] respflags:[qr rd ra] err:[<nil>] duration:[84.055177ms]
2025/05/21 05:50:05 worker:[0] reqid:[0] qname:[amazon.com.] qtype:[A] respid:[0] rcode:[NOERROR] respflags:[qr rd ra] err:[<nil>] duration:[95.003447ms]
2025/05/21 05:50:05 worker:[0] reqid:[0] qname:[tiktok.com.] qtype:[A] respid:[0] rcode:[NOERROR] respflags:[qr rd ra] err:[<nil>] duration:[90.519861ms]
2025/05/21 05:50:05 worker:[0] reqid:[0] qname:[whatsapp.com.] qtype:[A] respid:[0] rcode:[NOERROR] respflags:[qr rd ra] err:[<nil>] duration:[84.077422ms]
2025/05/21 05:50:05 worker:[0] reqid:[0] qname:[yahoo.com.] qtype:[A] respid:[0] rcode:[NOERROR] respflags:[qr rd ra] err:[<nil>] duration:[84.37041ms]
2025/05/21 05:50:05 worker:[0] reqid:[0] qname:[google.com.] qtype:[A] respid:[0] rcode:[NOERROR] respflags:[qr rd ra] err:[<nil>] duration:[84.166974ms]
2025/05/21 05:50:05 worker:[0] reqid:[0] qname:[googleusercontent.com.] qtype:[A] respid:[0] rcode:[NOERROR] respflags:[qr rd ra] err:[<nil>] duration:[85.226717ms]
2025/05/21 05:50:05 worker:[0] reqid:[0] qname:[facebook.com.] qtype:[A] respid:[0] rcode:[NOERROR] respflags:[qr rd ra] err:[<nil>] duration:[85.2184ms]
2025/05/21 05:50:05 worker:[0] reqid:[0] qname:[instagram.com.] qtype:[A] respid:[0] rcode:[NOERROR] respflags:[qr rd ra] err:[<nil>] duration:[84.951126ms]
2025/05/21 05:50:05 worker:[0] reqid:[0] qname:[wikipedia.org.] qtype:[A] respid:[0] rcode:[NOERROR] respflags:[qr rd ra] err:[<nil>] duration:[85.74242ms]
2025/05/21 05:50:06 worker:[0] reqid:[0] qname:[x.com.] qtype:[A] respid:[0] rcode:[NOERROR] respflags:[qr rd ra] err:[<nil>] duration:[84.890897ms]
2025/05/21 05:50:06 worker:[0] reqid:[0] qname:[amazon.com.] qtype:[A] respid:[0] rcode:[NOERROR] respflags:[qr rd ra] err:[<nil>] duration:[85.419027ms]
2025/05/21 05:50:06 worker:[0] reqid:[0] qname:[tiktok.com.] qtype:[A] respid:[0] rcode:[NOERROR] respflags:[qr rd ra] err:[<nil>] duration:[85.59566ms]
2025/05/21 05:50:06 worker:[0] reqid:[0] qname:[whatsapp.com.] qtype:[A] respid:[0] rcode:[NOERROR] respflags:[qr rd ra] err:[<nil>] duration:[85.694103ms]
2025/05/21 05:50:06 worker:[0] reqid:[0] qname:[yahoo.com.] qtype:[A] respid:[0] rcode:[NOERROR] respflags:[qr rd ra] err:[<nil>] duration:[84.780512ms]
2025/05/21 05:50:06 worker:[0] reqid:[0] qname:[google.com.] qtype:[A] respid:[0] rcode:[NOERROR] respflags:[qr rd ra] err:[<nil>] duration:[85.199256ms]
2025/05/21 05:50:06 worker:[0] reqid:[0] qname:[googleusercontent.com.] qtype:[A] respid:[0] rcode:[NOERROR] respflags:[qr rd ra] err:[<nil>] duration:[86.458785ms]
2025/05/21 05:50:06 worker:[0] reqid:[0] qname:[facebook.com.] qtype:[A] respid:[0] rcode:[NOERROR] respflags:[qr rd ra] err:[<nil>] duration:[84.966611ms]
2025/05/21 05:50:06 worker:[0] reqid:[0] qname:[instagram.com.] qtype:[A] respid:[0] rcode:[NOERROR] respflags:[qr rd ra] err:[<nil>] duration:[86.508825ms]
2025/05/21 05:50:06 worker:[0] reqid:[0] qname:[wikipedia.org.] qtype:[A] respid:[0] rcode:[NOERROR] respflags:[qr rd ra] err:[<nil>] duration:[86.122687ms]
2025/05/21 05:50:06 worker:[0] reqid:[0] qname:[x.com.] qtype:[A] respid:[0] rcode:[NOERROR] respflags:[qr rd ra] err:[<nil>] duration:[85.504064ms]
2025/05/21 05:50:07 worker:[0] reqid:[0] qname:[amazon.com.] qtype:[A] respid:[0] rcode:[NOERROR] respflags:[qr rd ra] err:[<nil>] duration:[85.038521ms]
2025/05/21 05:50:07 worker:[0] reqid:[0] qname:[tiktok.com.] qtype:[A] respid:[0] rcode:[NOERROR] respflags:[qr rd ra] err:[<nil>] duration:[84.535984ms]
2025/05/21 05:50:07 worker:[0] reqid:[0] qname:[whatsapp.com.] qtype:[A] respid:[0] rcode:[NOERROR] respflags:[qr rd ra] err:[<nil>] duration:[87.613095ms]
2025/05/21 05:50:07 worker:[0] reqid:[0] qname:[yahoo.com.] qtype:[A] respid:[0] rcode:[NOERROR] respflags:[qr rd ra] err:[<nil>] duration:[87.407261ms]
2025/05/21 05:50:07 worker:[0] reqid:[0] qname:[google.com.] qtype:[A] respid:[0] rcode:[NOERROR] respflags:[qr rd ra] err:[<nil>] duration:[86.473267ms]
2025/05/21 05:50:07 worker:[0] reqid:[0] qname:[googleusercontent.com.] qtype:[A] respid:[0] rcode:[NOERROR] respflags:[qr rd ra] err:[<nil>] duration:[87.685591ms]
2025/05/21 05:50:07 worker:[0] reqid:[0] qname:[facebook.com.] qtype:[A] respid:[0] rcode:[NOERROR] respflags:[qr rd ra] err:[<nil>] duration:[100.181786ms]
2025/05/21 05:50:07 worker:[0] reqid:[0] qname:[instagram.com.] qtype:[A] respid:[0] rcode:[NOERROR] respflags:[qr rd ra] err:[<nil>] duration:[89.388136ms]
2025/05/21 05:50:07 worker:[0] reqid:[0] qname:[wikipedia.org.] qtype:[A] respid:[0] rcode:[NOERROR] respflags:[qr rd ra] err:[<nil>] duration:[84.143823ms]
2025/05/21 05:50:07 worker:[0] reqid:[0] qname:[x.com.] qtype:[A] respid:[0] rcode:[NOERROR] respflags:[qr rd ra] err:[<nil>] duration:[84.244652ms]
2025/05/21 05:50:07 worker:[0] reqid:[0] qname:[amazon.com.] qtype:[A] respid:[0] rcode:[NOERROR] respflags:[qr rd ra] err:[<nil>] duration:[85.195651ms]
2025/05/21 05:50:07 worker:[0] reqid:[0] qname:[tiktok.com.] qtype:[A] respid:[0] rcode:[NOERROR] respflags:[qr rd ra] err:[<nil>] duration:[84.351299ms]
2025/05/21 05:50:08 worker:[0] reqid:[0] qname:[whatsapp.com.] qtype:[A] respid:[0] rcode:[NOERROR] respflags:[qr rd ra] err:[<nil>] duration:[86.054745ms]
2025/05/21 05:50:08 worker:[0] reqid:[0] qname:[yahoo.com.] qtype:[A] respid:[0] rcode:[NOERROR] respflags:[qr rd ra] err:[<nil>] duration:[86.387773ms]
2025/05/21 05:50:08 worker:[0] reqid:[0] qname:[google.com.] qtype:[A] respid:[0] rcode:[NOERROR] respflags:[qr rd ra] err:[<nil>] duration:[86.735044ms]
2025/05/21 05:50:08 worker:[0] reqid:[0] qname:[googleusercontent.com.] qtype:[A] respid:[0] rcode:[NOERROR] respflags:[qr rd ra] err:[<nil>] duration:[83.891454ms]
2025/05/21 05:50:08 worker:[0] reqid:[0] qname:[facebook.com.] qtype:[A] respid:[0] rcode:[NOERROR] respflags:[qr rd ra] err:[<nil>] duration:[86.030502ms]
2025/05/21 05:50:08 worker:[0] reqid:[0] qname:[instagram.com.] qtype:[A] respid:[0] rcode:[NOERROR] respflags:[qr rd ra] err:[<nil>] duration:[85.264549ms]
2025/05/21 05:50:08 worker:[0] reqid:[0] qname:[wikipedia.org.] qtype:[A] respid:[0] rcode:[NOERROR] respflags:[qr rd ra] err:[<nil>] duration:[84.660398ms]
2025/05/21 05:50:08 worker:[0] reqid:[0] qname:[x.com.] qtype:[A] respid:[0] rcode:[NOERROR] respflags:[qr rd ra] err:[<nil>] duration:[85.240028ms]
2025/05/21 05:50:08 worker:[0] reqid:[0] qname:[amazon.com.] qtype:[A] respid:[0] rcode:[NOERROR] respflags:[qr rd ra] err:[<nil>] duration:[85.775802ms]
2025/05/21 05:50:08 worker:[0] reqid:[0] qname:[tiktok.com.] qtype:[A] respid:[0] rcode:[NOERROR] respflags:[qr rd ra] err:[<nil>] duration:[85.740087ms]
2025/05/21 05:50:08 worker:[0] reqid:[0] qname:[whatsapp.com.] qtype:[A] respid:[0] rcode:[NOERROR] respflags:[qr rd ra] err:[<nil>] duration:[85.060994ms]
2025/05/21 05:50:09 worker:[0] reqid:[0] qname:[yahoo.com.] qtype:[A] respid:[0] rcode:[NOERROR] respflags:[qr rd ra] err:[<nil>] duration:[86.607257ms]
2025/05/21 05:50:09 worker:[0] reqid:[0] qname:[google.com.] qtype:[A] respid:[0] rcode:[NOERROR] respflags:[qr rd ra] err:[<nil>] duration:[88.717429ms]
2025/05/21 05:50:09 worker:[0] reqid:[0] qname:[googleusercontent.com.] qtype:[A] respid:[0] rcode:[NOERROR] respflags:[qr rd ra] err:[<nil>] duration:[88.440239ms]
2025/05/21 05:50:09 worker:[0] reqid:[0] qname:[facebook.com.] qtype:[A] respid:[0] rcode:[NOERROR] respflags:[qr rd ra] err:[<nil>] duration:[85.624477ms]
2025/05/21 05:50:09 worker:[0] reqid:[0] qname:[instagram.com.] qtype:[A] respid:[0] rcode:[NOERROR] respflags:[qr rd ra] err:[<nil>] duration:[87.19361ms]
2025/05/21 05:50:09 worker:[0] reqid:[0] qname:[wikipedia.org.] qtype:[A] respid:[0] rcode:[NOERROR] respflags:[qr rd ra] err:[<nil>] duration:[91.223029ms]
2025/05/21 05:50:09 worker:[0] reqid:[0] qname:[x.com.] qtype:[A] respid:[0] rcode:[NOERROR] respflags:[qr rd ra] err:[<nil>] duration:[89.031564ms]
2025/05/21 05:50:09 worker:[0] reqid:[0] qname:[amazon.com.] qtype:[A] respid:[0] rcode:[NOERROR] respflags:[qr rd ra] err:[<nil>] duration:[87.441525ms]
2025/05/21 05:50:09 worker:[0] reqid:[0] qname:[tiktok.com.] qtype:[A] respid:[0] rcode:[NOERROR] respflags:[qr rd ra] err:[<nil>] duration:[84.326446ms]
2025/05/21 05:50:10 worker:[0] reqid:[0] qname:[whatsapp.com.] qtype:[A] respid:[0] rcode:[NOERROR] respflags:[qr rd ra] err:[<nil>] duration:[542.449564ms]
2025/05/21 05:50:10 worker:[0] reqid:[0] qname:[yahoo.com.] qtype:[A] respid:[0] rcode:[NOERROR] respflags:[qr rd ra] err:[<nil>] duration:[86.8377ms]
2025/05/21 05:50:10 worker:[0] reqid:[0] qname:[google.com.] qtype:[A] respid:[0] rcode:[NOERROR] respflags:[qr rd ra] err:[<nil>] duration:[90.666069ms]
2025/05/21 05:50:10 worker:[0] reqid:[0] qname:[googleusercontent.com.] qtype:[A] respid:[0] rcode:[NOERROR] respflags:[qr rd ra] err:[<nil>] duration:[85.694282ms]
2025/05/21 05:50:10 worker:[0] reqid:[0] qname:[facebook.com.] qtype:[A] respid:[0] rcode:[NOERROR] respflags:[qr rd ra] err:[<nil>] duration:[85.867671ms]
2025/05/21 05:50:10 worker:[0] reqid:[0] qname:[instagram.com.] qtype:[A] respid:[0] rcode:[NOERROR] respflags:[qr rd ra] err:[<nil>] duration:[85.250483ms]
2025/05/21 05:50:10 worker:[0] reqid:[0] qname:[wikipedia.org.] qtype:[A] respid:[0] rcode:[NOERROR] respflags:[qr rd ra] err:[<nil>] duration:[84.051455ms]
2025/05/21 05:50:10 worker:[0] reqid:[0] qname:[x.com.] qtype:[A] respid:[0] rcode:[NOERROR] respflags:[qr rd ra] err:[<nil>] duration:[85.839962ms]
2025/05/21 05:50:10 worker:[0] reqid:[0] qname:[amazon.com.] qtype:[A] respid:[0] rcode:[NOERROR] respflags:[qr rd ra] err:[<nil>] duration:[84.971145ms]
2025/05/21 05:50:11 worker:[0] reqid:[0] qname:[tiktok.com.] qtype:[A] respid:[0] rcode:[NOERROR] respflags:[qr rd ra] err:[<nil>] duration:[85.767329ms]
2025/05/21 05:50:11 worker:[0] reqid:[0] qname:[whatsapp.com.] qtype:[A] respid:[0] rcode:[NOERROR] respflags:[qr rd ra] err:[<nil>] duration:[88.156823ms]
2025/05/21 05:50:11 worker:[0] reqid:[0] qname:[yahoo.com.] qtype:[A] respid:[0] rcode:[NOERROR] respflags:[qr rd ra] err:[<nil>] duration:[85.2477ms]
2025/05/21 05:50:11 worker:[0] reqid:[0] qname:[google.com.] qtype:[A] respid:[0] rcode:[NOERROR] respflags:[qr rd ra] err:[<nil>] duration:[87.406284ms]
2025/05/21 05:50:11 worker:[0] reqid:[0] qname:[googleusercontent.com.] qtype:[A] respid:[0] rcode:[NOERROR] respflags:[qr rd ra] err:[<nil>] duration:[86.849068ms]
2025/05/21 05:50:11 worker:[0] reqid:[0] qname:[facebook.com.] qtype:[A] respid:[0] rcode:[NOERROR] respflags:[qr rd ra] err:[<nil>] duration:[84.18062ms]
2025/05/21 05:50:11 worker:[0] reqid:[0] qname:[instagram.com.] qtype:[A] respid:[0] rcode:[NOERROR] respflags:[qr rd ra] err:[<nil>] duration:[84.064525ms]
2025/05/21 05:50:11 worker:[0] reqid:[0] qname:[wikipedia.org.] qtype:[A] respid:[0] rcode:[NOERROR] respflags:[qr rd ra] err:[<nil>] duration:[85.2606ms]
2025/05/21 05:50:11 worker:[0] reqid:[0] qname:[x.com.] qtype:[A] respid:[0] rcode:[NOERROR] respflags:[qr rd ra] err:[<nil>] duration:[84.687271ms]
2025/05/21 05:50:11 worker:[0] reqid:[0] qname:[amazon.com.] qtype:[A] respid:[0] rcode:[NOERROR] respflags:[qr rd ra] err:[<nil>] duration:[84.326719ms]
2025/05/21 05:50:11 worker:[0] reqid:[0] qname:[tiktok.com.] qtype:[A] respid:[0] rcode:[NOERROR] respflags:[qr rd ra] err:[<nil>] duration:[85.718725ms]
2025/05/21 05:50:11 worker:[0] reqid:[0] qname:[whatsapp.com.] qtype:[A] respid:[0] rcode:[NOERROR] respflags:[qr rd ra] err:[<nil>] duration:[86.101502ms]
2025/05/21 05:50:12 worker:[0] reqid:[0] qname:[yahoo.com.] qtype:[A] respid:[0] rcode:[NOERROR] respflags:[qr rd ra] err:[<nil>] duration:[84.277326ms]
