2025/05/21 05:58:54 failed to sufficiently increase receive buffer size (was: 208 kiB, wanted: 7168 kiB, got: 416 kiB). See https://github.com/quic-go/quic-go/wiki/UDP-Buffer-Sizes for details.
2025/05/21 05:58:55 worker:[0] reqid:[0] qname:[google.com.] qtype:[A] respid:[0] rcode:[NOERROR] respflags:[qr rd ra] err:[<nil>] duration:[624.747137ms]
2025/05/21 05:58:55 worker:[0] reqid:[0] qname:[googleusercontent.com.] qtype:[A] respid:[0] rcode:[NOERROR] respflags:[qr rd ra] err:[<nil>] duration:[92.346926ms]
2025/05/21 05:58:55 worker:[0] reqid:[0] qname:[facebook.com.] qtype:[A] respid:[0] rcode:[NOERROR] respflags:[qr rd ra] err:[<nil>] duration:[92.91079ms]
2025/05/21 05:58:55 worker:[0] reqid:[0] qname:[instagram.com.] qtype:[A] respid:[0] rcode:[NOERROR] respflags:[qr rd ra] err:[<nil>] duration:[101.771097ms]
2025/05/21 05:58:55 worker:[0] reqid:[0] qname:[wikipedia.org.] qtype:[A] respid:[0] rcode:[NOERROR] respflags:[qr rd ra] err:[<nil>] duration:[206.070055ms]
2025/05/21 05:58:55 worker:[0] reqid:[0] qname:[x.com.] qtype:[A] respid:[0] rcode:[NOERROR] respflags:[qr rd ra] err:[<nil>] duration:[83.591215ms]
2025/05/21 05:58:56 worker:[0] reqid:[0] qname:[amazon.com.] qtype:[A] respid:[0] rcode:[NOERROR] respflags:[qr rd ra] err:[<nil>] duration:[274.559354ms]
2025/05/21 05:58:56 worker:[0] reqid:[0] qname:[tiktok.com.] qtype:[A] respid:[0] rcode:[NOERROR] respflags:[qr rd ra] err:[<nil>] duration:[101.329527ms]
2025/05/21 05:58:56 worker:[0] reqid:[0] qname:[whatsapp.com.] qtype:[A] respid:[0] rcode:[NOERROR] respflags:[qr rd ra] err:[<nil>] duration:[271.349365ms]
2025/05/21 05:58:56 worker:[0] reqid:[0] qname:[yahoo.com.] qtype:[A] respid:[0] rcode:[NOERROR] respflags:[qr rd ra] err:[<nil>] duration:[87.229285ms]
2025/05/21 05:58:56 worker:[0] reqid:[0] qname:[google.com.] qtype:[A] respid:[0] rcode:[NOERROR] respflags:[qr rd ra] err:[<nil>] duration:[92.314423ms]
2025/05/21 05:58:56 worker:[0] reqid:[0] qname:[googleusercontent.com.] qtype:[A] respid:[0] rcode:[NOERROR] respflags:[qr rd ra] err:[<nil>] duration:[88.324843ms]
2025/05/21 05:58:56 worker:[0] reqid:[0] qname:[facebook.com.] qtype:[A] respid:[0] rcode:[NOERROR] respflags:[qr rd ra] err:[<nil>] duration:[93.587345ms]
2025/05/21 05:58:57 worker:[0] reqid:[0] qname:[instagram.com.] qtype:[A] respid:[0] rcode:[NOERROR] respflags:[qr rd ra] err:[<nil>] duration:[222.399119ms]
2025/05/21 05:58:57 worker:[0] reqid:[0] qname:[wikipedia.org.] qtype:[A] respid:[0] rcode:[NOERROR] respflags:[qr rd ra] err:[<nil>] duration:[83.82644ms]
2025/05/21 05:58:57 worker:[0] reqid:[0] qname:[x.com.] qtype:[A] respid:[0] rcode:[NOERROR] respflags:[qr rd ra] err:[<nil>] duration:[253.546214ms]
2025/05/21 05:58:57 worker:[0] reqid:[0] qname:[amazon.com.] qtype:[A] respid:[0] rcode:[NOERROR] respflags:[qr rd ra] err:[<nil>] duration:[83.636089ms]
2025/05/21 05:58:57 worker:[0] reqid:[0] qname:[tiktok.com.] qtype:[A] respid:[0] rcode:[NOERROR] respflags:[qr rd ra] err:[<nil>] duration:[84.404351ms]
2025/05/21 05:58:57 worker:[0] reqid:[0] qname:[whatsapp.com.] qtype:[A] respid:[0] rcode:[NOERROR] respflags:[qr rd ra] err:[<nil>] duration:[84.22622ms]
2025/05/21 05:58:57 worker:[0] reqid:[0] qname:[yahoo.com.] qtype:[A] respid:[0] rcode:[NOERROR] respflags:[qr rd ra] err:[<nil>] duration:[90.956809ms]
2025/05/21 05:58:58 worker:[0] reqid:[0] qname:[google.com.] qtype:[A] respid:[0] rcode:[NOERROR] respflags:[qr rd ra] err:[<nil>] duration:[475.43625ms]
2025/05/21 05:58:58 worker:[0] reqid:[0] qname:[googleusercontent.com.] qtype:[A] respid:[0] rcode:[NOERROR] respflags:[qr rd ra] err:[<nil>] duration:[84.62062ms]
2025/05/21 05:58:58 worker:[0] reqid:[0] qname:[facebook.com.] qtype:[A] respid:[0] rcode:[NOERROR] respflags:[qr rd ra] err:[<nil>] duration:[82.714118ms]
2025/05/21 05:58:58 worker:[0] reqid:[0] qname:[instagram.com.] qtype:[A] respid:[0] rcode:[NOERROR] respflags:[qr rd ra] err:[<nil>] duration:[83.262534ms]
2025/05/21 05:58:58 worker:[0] reqid:[0] qname:[wikipedia.org.] qtype:[A] respid:[0] rcode:[NOERROR] respflags:[qr rd ra] err:[<nil>] duration:[84.109771ms]
2025/05/21 05:58:58 worker:[0] reqid:[0] qname:[x.com.] qtype:[A] respid:[0] rcode:[NOERROR] respflags:[qr rd ra] err:[<nil>] duration:[86.146133ms]
2025/05/21 05:58:58 worker:[0] reqid:[0] qname:[amazon.com.] qtype:[A] respid:[0] rcode:[NOERROR] respflags:[qr rd ra] err:[<nil>] duration:[85.357376ms]
2025/05/21 05:58:58 worker:[0] reqid:[0] qname:[tiktok.com.] qtype:[A] respid:[0] rcode:[NOERROR] respflags:[qr rd ra] err:[<nil>] duration:[88.066942ms]
2025/05/21 05:58:58 worker:[0] reqid:[0] qname:[whatsapp.com.] qtype:[A] respid:[0] rcode:[NOERROR] respflags:[qr rd ra] err:[<nil>] duration:[82.600065ms]
2025/05/21 05:58:58 worker:[0] reqid:[0] qname:[yahoo.com.] qtype:[A] respid:[0] rcode:[NOERROR] respflags:[qr rd ra] err:[<nil>] duration:[84.718834ms]
2025/05/21 05:58:59 worker:[0] reqid:[0] qname:[google.com.] qtype:[A] respid:[0] rcode:[NOERROR] respflags:[qr rd ra] err:[<nil>] duration:[203.470068ms]
2025/05/21 05:58:59 worker:[0] reqid:[0] qname:[googleusercontent.com.] qtype:[A] respid:[0] rcode:[NOERROR] respflags:[qr rd ra] err:[<nil>] duration:[83.699534ms]
2025/05/21 05:58:59 worker:[0] reqid:[0] qname:[facebook.com.] qtype:[A] respid:[0] rcode:[NOERROR] respflags:[qr rd ra] err:[<nil>] duration:[203.400826ms]
2025/05/21 05:58:59 worker:[0] reqid:[0] qname:[instagram.com.] qtype:[A] respid:[0] rcode:[NOERROR] respflags:[qr rd ra] err:[<nil>] duration:[87.381959ms]
2025/05/21 05:58:59 worker:[0] reqid:[0] qname:[wikipedia.org.] qtype:[A] respid:[0] rcode:[NOERROR] respflags:[qr rd ra] err:[<nil>] duration:[85.240045ms]
2025/05/21 05:58:59 worker:[0] reqid:[0] qname:[x.com.] qtype:[A] respid:[0] rcode:[NOERROR] respflags:[qr rd ra] err:[<nil>] duration:[84.855185ms]
2025/05/21 05:58:59 worker:[0] reqid:[0] qname:[amazon.com.] qtype:[A] respid:[0] rcode:[NOERROR] respflags:[qr rd ra] err:[<nil>] duration:[89.746296ms]
2025/05/21 05:58:59 worker:[0] reqid:[0] qname:[tiktok.com.] qtype:[A] respid:[0] rcode:[NOERROR] respflags:[qr rd ra] err:[<nil>] duration:[83.882235ms]
2025/05/21 05:58:59 worker:[0] reqid:[0] qname:[whatsapp.com.] qtype:[A] respid:[0] rcode:[NOERROR] respflags:[qr rd ra] err:[<nil>] duration:[85.756355ms]
2025/05/21 05:59:00 worker:[0] reqid:[0] qname:[yahoo.com.] qtype:[A] respid:[0] rcode:[NOERROR] respflags:[qr rd ra] err:[<nil>] duration:[115.024556ms]
2025/05/21 05:59:00 worker:[0] reqid:[0] qname:[google.com.] qtype:[A] respid:[0] rcode:[NOERROR] respflags:[qr rd ra] err:[<nil>] duration:[102.734009ms]
2025/05/21 05:59:00 worker:[0] reqid:[0] qname:[googleusercontent.com.] qtype:[A] respid:[0] rcode:[NOERROR] respflags:[qr rd ra] err:[<nil>] duration:[227.885007ms]
2025/05/21 05:59:00 worker:[0] reqid:[0] qname:[facebook.com.] qtype:[A] respid:[0] rcode:[NOERROR] respflags:[qr rd ra] err:[<nil>] duration:[85.438537ms]
2025/05/21 05:59:00 worker:[0] reqid:[0] qname:[instagram.com.] qtype:[A] respid:[0] rcode:[NOERROR] respflags:[qr rd ra] err:[<nil>] duration:[83.251423ms]
2025/05/21 05:59:00 worker:[0] reqid:[0] qname:[wikipedia.org.] qtype:[A] respid:[0] rcode:[NOERROR] respflags:[qr rd ra] err:[<nil>] duration:[84.654904ms]
2025/05/21 05:59:00 worker:[0] reqid:[0] qname:[x.com.] qtype:[A] respid:[0] rcode:[NOERROR] respflags:[qr rd ra] err:[<nil>] duration:[217.624395ms]
2025/05/21 05:59:00 worker:[0] reqid:[0] qname:[amazon.com.] qtype:[A] respid:[0] rcode:[NOERROR] respflags:[qr rd ra] err:[<nil>] duration:[83.531076ms]
2025/05/21 05:59:01 worker:[0] reqid:[0] qname:[tiktok.com.] qtype:[A] respid:[0] rcode:[NOERROR] respflags:[qr rd ra] err:[<nil>] duration:[85.850058ms]
2025/05/21 05:59:01 worker:[0] reqid:[0] qname:[whatsapp.com.] qtype:[A] respid:[0] rcode:[NOERROR] respflags:[qr rd ra] err:[<nil>] duration:[84.051329ms]
2025/05/21 05:59:01 worker:[0] reqid:[0] qname:[yahoo.com.] qtype:[A] respid:[0] rcode:[NOERROR] respflags:[qr rd ra] err:[<nil>] duration:[83.350447ms]
2025/05/21 05:59:01 worker:[0] reqid:[0] qname:[google.com.] qtype:[A] respid:[0] rcode:[NOERROR] respflags:[qr rd ra] err:[<nil>] duration:[87.982552ms]
2025/05/21 05:59:01 worker:[0] reqid:[0] qname:[googleusercontent.com.] qtype:[A] respid:[0] rcode:[NOERROR] respflags:[qr rd ra] err:[<nil>] duration:[84.084056ms]
2025/05/21 05:59:01 worker:[0] reqid:[0] qname:[facebook.com.] qtype:[A] respid:[0] rcode:[NOERROR] respflags:[qr rd ra] err:[<nil>] duration:[84.876466ms]
2025/05/21 05:59:01 worker:[0] reqid:[0] qname:[instagram.com.] qtype:[A] respid:[0] rcode:[NOERROR] respflags:[qr rd ra] err:[<nil>] duration:[86.778779ms]
2025/05/21 05:59:01 worker:[0] reqid:[0] qname:[wikipedia.org.] qtype:[A] respid:[0] rcode:[NOERROR] respflags:[qr rd ra] err:[<nil>] duration:[205.527352ms]
2025/05/21 05:59:01 worker:[0] reqid:[0] qname:[x.com.] qtype:[A] respid:[0] rcode:[NOERROR] respflags:[qr rd ra] err:[<nil>] duration:[87.506098ms]
2025/05/21 05:59:01 worker:[0] reqid:[0] qname:[amazon.com.] qtype:[A] respid:[0] rcode:[NOERROR] respflags:[qr rd ra] err:[<nil>] duration:[83.238496ms]
2025/05/21 05:59:02 worker:[0] reqid:[0] qname:[tiktok.com.] qtype:[A] respid:[0] rcode:[NOERROR] respflags:[qr rd ra] err:[<nil>] duration:[87.671647ms]
2025/05/21 05:59:02 worker:[0] reqid:[0] qname:[whatsapp.com.] qtype:[A] respid:[0] rcode:[NOERROR] respflags:[qr rd ra] err:[<nil>] duration:[85.826596ms]
2025/05/21 05:59:02 worker:[0] reqid:[0] qname:[yahoo.com.] qtype:[A] respid:[0] rcode:[NOERROR] respflags:[qr rd ra] err:[<nil>] duration:[83.181852ms]
2025/05/21 05:59:02 worker:[0] reqid:[0] qname:[google.com.] qtype:[A] respid:[0] rcode:[NOERROR] respflags:[qr rd ra] err:[<nil>] duration:[83.654905ms]
2025/05/21 05:59:02 worker:[0] reqid:[0] qname:[googleusercontent.com.] qtype:[A] respid:[0] rcode:[NOERROR] respflags:[qr rd ra] err:[<nil>] duration:[84.265377ms]
2025/05/21 05:59:02 worker:[0] reqid:[0] qname:[facebook.com.] qtype:[A] respid:[0] rcode:[NOERROR] respflags:[qr rd ra] err:[<nil>] duration:[85.111013ms]
2025/05/21 05:59:02 worker:[0] reqid:[0] qname:[instagram.com.] qtype:[A] respid:[0] rcode:[NOERROR] respflags:[qr rd ra] err:[<nil>] duration:[84.950071ms]
2025/05/21 05:59:02 worker:[0] reqid:[0] qname:[wikipedia.org.] qtype:[A] respid:[0] rcode:[NOERROR] respflags:[qr rd ra] err:[<nil>] duration:[84.84005ms]
2025/05/21 05:59:02 worker:[0] reqid:[0] qname:[x.com.] qtype:[A] respid:[0] rcode:[NOERROR] respflags:[qr rd ra] err:[<nil>] duration:[84.904098ms]
2025/05/21 05:59:02 worker:[0] reqid:[0] qname:[amazon.com.] qtype:[A] respid:[0] rcode:[NOERROR] respflags:[qr rd ra] err:[<nil>] duration:[84.827159ms]
2025/05/21 05:59:02 worker:[0] reqid:[0] qname:[tiktok.com.] qtype:[A] respid:[0] rcode:[NOERROR] respflags:[qr rd ra] err:[<nil>] duration:[84.501513ms]
2025/05/21 05:59:03 worker:[0] reqid:[0] qname:[whatsapp.com.] qtype:[A] respid:[0] rcode:[NOERROR] respflags:[qr rd ra] err:[<nil>] duration:[198.751896ms]
2025/05/21 05:59:03 worker:[0] reqid:[0] qname:[yahoo.com.] qtype:[A] respid:[0] rcode:[NOERROR] respflags:[qr rd ra] err:[<nil>] duration:[313.430304ms]
2025/05/21 05:59:03 worker:[0] reqid:[0] qname:[google.com.] qtype:[A] respid:[0] rcode:[NOERROR] respflags:[qr rd ra] err:[<nil>] duration:[198.994211ms]
2025/05/21 05:59:03 worker:[0] reqid:[0] qname:[googleusercontent.com.] qtype:[A] respid:[0] rcode:[NOERROR] respflags:[qr rd ra] err:[<nil>] duration:[91.260222ms]
2025/05/21 05:59:03 worker:[0] reqid:[0] qname:[facebook.com.] qtype:[A] respid:[0] rcode:[NOERROR] respflags:[qr rd ra] err:[<nil>] duration:[86.998838ms]
2025/05/21 05:59:03 worker:[0] reqid:[0] qname:[instagram.com.] qtype:[A] respid:[0] rcode:[NOERROR] respflags:[qr rd ra] err:[<nil>] duration:[104.575314ms]
2025/05/21 05:59:03 worker:[0] reqid:[0] qname:[wikipedia.org.] qtype:[A] respid:[0] rcode:[NOERROR] respflags:[qr rd ra] err:[<nil>] duration:[85.572362ms]
2025/05/21 05:59:04 worker:[0] reqid:[0] qname:[x.com.] qtype:[A] respid:[0] rcode:[NOERROR] respflags:[qr rd ra] err:[<nil>] duration:[85.725182ms]
2025/05/21 05:59:04 worker:[0] reqid:[0] qname:[amazon.com.] qtype:[A] respid:[0] rcode:[NOERROR] respflags:[qr rd ra] err:[<nil>] duration:[85.050442ms]
2025/05/21 05:59:04 worker:[0] reqid:[0] qname:[tiktok.com.] qtype:[A] respid:[0] rcode:[NOERROR] respflags:[qr rd ra] err:[<nil>] duration:[214.394512ms]
2025/05/21 05:59:04 worker:[0] reqid:[0] qname:[whatsapp.com.] qtype:[A] respid:[0] rcode:[NOERROR] respflags:[qr rd ra] err:[<nil>] duration:[85.535347ms]
2025/05/21 05:59:04 worker:[0] reqid:[0] qname:[yahoo.com.] qtype:[A] respid:[0] rcode:[NOERROR] respflags:[qr rd ra] err:[<nil>] duration:[86.097408ms]
2025/05/21 05:59:04 worker:[0] reqid:[0] qname:[google.com.] qtype:[A] respid:[0] rcode:[NOERROR] respflags:[qr rd ra] err:[<nil>] duration:[208.268671ms]
2025/05/21 05:59:04 worker:[0] reqid:[0] qname:[googleusercontent.com.] qtype:[A] respid:[0] rcode:[NOERROR] respflags:[qr rd ra] err:[<nil>] duration:[83.059526ms]
2025/05/21 05:59:04 worker:[0] reqid:[0] qname:[facebook.com.] qtype:[A] respid:[0] rcode:[NOERROR] respflags:[qr rd ra] err:[<nil>] duration:[92.771213ms]
2025/05/21 05:59:05 worker:[0] reqid:[0] qname:[instagram.com.] qtype:[A] respid:[0] rcode:[NOERROR] respflags:[qr rd ra] err:[<nil>] duration:[470.728128ms]
2025/05/21 05:59:05 worker:[0] reqid:[0] qname:[wikipedia.org.] qtype:[A] respid:[0] rcode:[NOERROR] respflags:[qr rd ra] err:[<nil>] duration:[83.339204ms]
2025/05/21 05:59:05 worker:[0] reqid:[0] qname:[x.com.] qtype:[A] respid:[0] rcode:[NOERROR] respflags:[qr rd ra] err:[<nil>] duration:[83.244805ms]
2025/05/21 05:59:05 worker:[0] reqid:[0] qname:[amazon.com.] qtype:[A] respid:[0] rcode:[NOERROR] respflags:[qr rd ra] err:[<nil>] duration:[87.993647ms]
2025/05/21 05:59:05 worker:[0] reqid:[0] qname:[tiktok.com.] qtype:[A] respid:[0] rcode:[NOERROR] respflags:[qr rd ra] err:[<nil>] duration:[87.653916ms]
2025/05/21 05:59:05 worker:[0] reqid:[0] qname:[whatsapp.com.] qtype:[A] respid:[0] rcode:[NOERROR] respflags:[qr rd ra] err:[<nil>] duration:[82.850826ms]
2025/05/21 05:59:05 worker:[0] reqid:[0] qname:[yahoo.com.] qtype:[A] respid:[0] rcode:[NOERROR] respflags:[qr rd ra] err:[<nil>] duration:[85.082053ms]
2025/05/21 05:59:06 worker:[0] reqid:[0] qname:[google.com.] qtype:[A] respid:[0] rcode:[NOERROR] respflags:[qr rd ra] err:[<nil>] duration:[207.355642ms]
2025/05/21 05:59:06 worker:[0] reqid:[0] qname:[googleusercontent.com.] qtype:[A] respid:[0] rcode:[NOERROR] respflags:[qr rd ra] err:[<nil>] duration:[84.897843ms]
2025/05/21 05:59:06 worker:[0] reqid:[0] qname:[facebook.com.] qtype:[A] respid:[0] rcode:[NOERROR] respflags:[qr rd ra] err:[<nil>] duration:[86.3513ms]
2025/05/21 05:59:06 worker:[0] reqid:[0] qname:[instagram.com.] qtype:[A] respid:[0] rcode:[NOERROR] respflags:[qr rd ra] err:[<nil>] duration:[96.909693ms]
2025/05/21 05:59:06 worker:[0] reqid:[0] qname:[wikipedia.org.] qtype:[A] respid:[0] rcode:[NOERROR] respflags:[qr rd ra] err:[<nil>] duration:[92.346093ms]
2025/05/21 05:59:06 worker:[0] reqid:[0] qname:[x.com.] qtype:[A] respid:[0] rcode:[NOERROR] respflags:[qr rd ra] err:[<nil>] duration:[102.064524ms]
2025/05/21 05:59:06 worker:[0] reqid:[0] qname:[amazon.com.] qtype:[A] respid:[0] rcode:[NOERROR] respflags:[qr rd ra] err:[<nil>] duration:[87.684198ms]
2025/05/21 05:59:06 worker:[0] reqid:[0] qname:[tiktok.com.] qtype:[A] respid:[0] rcode:[NOERROR] respflags:[qr rd ra] err:[<nil>] duration:[223.116451ms]
2025/05/21 05:59:06 worker:[0] reqid:[0] qname:[whatsapp.com.] qtype:[A] respid:[0] rcode:[NOERROR] respflags:[qr rd ra] err:[<nil>] duration:[84.163393ms]
2025/05/21 05:59:07 worker:[0] reqid:[0] qname:[yahoo.com.] qtype:[A] respid:[0] rcode:[NOERROR] respflags:[qr rd ra] err:[<nil>] duration:[82.818538ms]
2025/05/21 05:59:07 worker:[0] reqid:[0] qname:[google.com.] qtype:[A] respid:[0] rcode:[NOERROR] respflags:[qr rd ra] err:[<nil>] duration:[83.700689ms]
2025/05/21 05:59:07 worker:[0] reqid:[0] qname:[googleusercontent.com.] qtype:[A] respid:[0] rcode:[NOERROR] respflags:[qr rd ra] err:[<nil>] duration:[216.813256ms]
2025/05/21 05:59:07 worker:[0] reqid:[0] qname:[facebook.com.] qtype:[A] respid:[0] rcode:[NOERROR] respflags:[qr rd ra] err:[<nil>] duration:[83.254597ms]
2025/05/21 05:59:07 worker:[0] reqid:[0] qname:[instagram.com.] qtype:[A] respid:[0] rcode:[NOERROR] respflags:[qr rd ra] err:[<nil>] duration:[84.287016ms]
2025/05/21 05:59:07 worker:[0] reqid:[0] qname:[wikipedia.org.] qtype:[A] respid:[0] rcode:[NOERROR] respflags:[qr rd ra] err:[<nil>] duration:[254.950198ms]
2025/05/21 05:59:07 worker:[0] reqid:[0] qname:[x.com.] qtype:[A] respid:[0] rcode:[NOERROR] respflags:[qr rd ra] err:[<nil>] duration:[84.411374ms]
2025/05/21 05:59:07 worker:[0] reqid:[0] qname:[amazon.com.] qtype:[A] respid:[0] rcode:[NOERROR] respflags:[qr rd ra] err:[<nil>] duration:[99.192262ms]
2025/05/21 05:59:08 worker:[0] reqid:[0] qname:[tiktok.com.] qtype:[A] respid:[0] rcode:[NOERROR] respflags:[qr rd ra] err:[<nil>] duration:[207.140543ms]
2025/05/21 05:59:08 worker:[0] reqid:[0] qname:[whatsapp.com.] qtype:[A] respid:[0] rcode:[NOERROR] respflags:[qr rd ra] err:[<nil>] duration:[90.946556ms]
2025/05/21 05:59:08 worker:[0] reqid:[0] qname:[yahoo.com.] qtype:[A] respid:[0] rcode:[NOERROR] respflags:[qr rd ra] err:[<nil>] duration:[85.129376ms]
2025/05/21 05:59:08 worker:[0] reqid:[0] qname:[google.com.] qtype:[A] respid:[0] rcode:[NOERROR] respflags:[qr rd ra] err:[<nil>] duration:[205.816168ms]
2025/05/21 05:59:08 worker:[0] reqid:[0] qname:[googleusercontent.com.] qtype:[A] respid:[0] rcode:[NOERROR] respflags:[qr rd ra] err:[<nil>] duration:[85.859217ms]
2025/05/21 05:59:08 worker:[0] reqid:[0] qname:[facebook.com.] qtype:[A] respid:[0] rcode:[NOERROR] respflags:[qr rd ra] err:[<nil>] duration:[82.594074ms]
2025/05/21 05:59:08 worker:[0] reqid:[0] qname:[instagram.com.] qtype:[A] respid:[0] rcode:[NOERROR] respflags:[qr rd ra] err:[<nil>] duration:[205.293187ms]
2025/05/21 05:59:08 worker:[0] reqid:[0] qname:[wikipedia.org.] qtype:[A] respid:[0] rcode:[NOERROR] respflags:[qr rd ra] err:[<nil>] duration:[90.59533ms]
2025/05/21 05:59:09 worker:[0] reqid:[0] qname:[x.com.] qtype:[A] respid:[0] rcode:[NOERROR] respflags:[qr rd ra] err:[<nil>] duration:[82.708574ms]
2025/05/21 05:59:09 worker:[0] reqid:[0] qname:[amazon.com.] qtype:[A] respid:[0] rcode:[NOERROR] respflags:[qr rd ra] err:[<nil>] duration:[212.165612ms]
2025/05/21 05:59:09 worker:[0] reqid:[0] qname:[tiktok.com.] qtype:[A] respid:[0] rcode:[NOERROR] respflags:[qr rd ra] err:[<nil>] duration:[328.635904ms]
2025/05/21 05:59:09 worker:[0] reqid:[0] qname:[whatsapp.com.] qtype:[A] respid:[0] rcode:[NOERROR] respflags:[qr rd ra] err:[<nil>] duration:[84.006219ms]
2025/05/21 05:59:09 worker:[0] reqid:[0] qname:[yahoo.com.] qtype:[A] respid:[0] rcode:[NOERROR] respflags:[qr rd ra] err:[<nil>] duration:[83.733459ms]
2025/05/21 05:59:09 worker:[0] reqid:[0] qname:[google.com.] qtype:[A] respid:[0] rcode:[NOERROR] respflags:[qr rd ra] err:[<nil>] duration:[84.491384ms]
2025/05/21 05:59:09 worker:[0] reqid:[0] qname:[googleusercontent.com.] qtype:[A] respid:[0] rcode:[NOERROR] respflags:[qr rd ra] err:[<nil>] duration:[82.50927ms]
2025/05/21 05:59:10 worker:[0] reqid:[0] qname:[facebook.com.] qtype:[A] respid:[0] rcode:[NOERROR] respflags:[qr rd ra] err:[<nil>] duration:[84.206802ms]
2025/05/21 05:59:10 worker:[0] reqid:[0] qname:[instagram.com.] qtype:[A] respid:[0] rcode:[NOERROR] respflags:[qr rd ra] err:[<nil>] duration:[84.893117ms]
2025/05/21 05:59:10 worker:[0] reqid:[0] qname:[wikipedia.org.] qtype:[A] respid:[0] rcode:[NOERROR] respflags:[qr rd ra] err:[<nil>] duration:[89.746769ms]
2025/05/21 05:59:10 worker:[0] reqid:[0] qname:[x.com.] qtype:[A] respid:[0] rcode:[NOERROR] respflags:[qr rd ra] err:[<nil>] duration:[84.958564ms]
2025/05/21 05:59:10 worker:[0] reqid:[0] qname:[amazon.com.] qtype:[A] respid:[0] rcode:[NOERROR] respflags:[qr rd ra] err:[<nil>] duration:[86.871204ms]
2025/05/21 05:59:10 worker:[0] reqid:[0] qname:[tiktok.com.] qtype:[A] respid:[0] rcode:[NOERROR] respflags:[qr rd ra] err:[<nil>] duration:[83.109199ms]
2025/05/21 05:59:10 worker:[0] reqid:[0] qname:[whatsapp.com.] qtype:[A] respid:[0] rcode:[NOERROR] respflags:[qr rd ra] err:[<nil>] duration:[83.597892ms]
2025/05/21 05:59:10 worker:[0] reqid:[0] qname:[yahoo.com.] qtype:[A] respid:[0] rcode:[NOERROR] respflags:[qr rd ra] err:[<nil>] duration:[86.746639ms]
2025/05/21 05:59:10 worker:[0] reqid:[0] qname:[google.com.] qtype:[A] respid:[0] rcode:[NOERROR] respflags:[qr rd ra] err:[<nil>] duration:[83.230432ms]
2025/05/21 05:59:10 worker:[0] reqid:[0] qname:[googleusercontent.com.] qtype:[A] respid:[0] rcode:[NOERROR] respflags:[qr rd ra] err:[<nil>] duration:[202.753531ms]
2025/05/21 05:59:10 worker:[0] reqid:[0] qname:[facebook.com.] qtype:[A] respid:[0] rcode:[NOERROR] respflags:[qr rd ra] err:[<nil>] duration:[86.993199ms]
2025/05/21 05:59:11 worker:[0] reqid:[0] qname:[instagram.com.] qtype:[A] respid:[0] rcode:[NOERROR] respflags:[qr rd ra] err:[<nil>] duration:[83.307206ms]
2025/05/21 05:59:11 worker:[0] reqid:[0] qname:[wikipedia.org.] qtype:[A] respid:[0] rcode:[NOERROR] respflags:[qr rd ra] err:[<nil>] duration:[86.502955ms]
2025/05/21 05:59:11 worker:[0] reqid:[0] qname:[x.com.] qtype:[A] respid:[0] rcode:[NOERROR] respflags:[qr rd ra] err:[<nil>] duration:[85.073183ms]
2025/05/21 05:59:11 worker:[0] reqid:[0] qname:[amazon.com.] qtype:[A] respid:[0] rcode:[NOERROR] respflags:[qr rd ra] err:[<nil>] duration:[82.961678ms]
2025/05/21 05:59:11 worker:[0] reqid:[0] qname:[tiktok.com.] qtype:[A] respid:[0] rcode:[NOERROR] respflags:[qr rd ra] err:[<nil>] duration:[83.720764ms]
2025/05/21 05:59:11 worker:[0] reqid:[0] qname:[whatsapp.com.] qtype:[A] respid:[0] rcode:[NOERROR] respflags:[qr rd ra] err:[<nil>] duration:[83.757394ms]
2025/05/21 05:59:11 worker:[0] reqid:[0] qname:[yahoo.com.] qtype:[A] respid:[0] rcode:[NOERROR] respflags:[qr rd ra] err:[<nil>] duration:[87.271783ms]
2025/05/21 05:59:11 worker:[0] reqid:[0] qname:[google.com.] qtype:[A] respid:[0] rcode:[NOERROR] respflags:[qr rd ra] err:[<nil>] duration:[83.351222ms]
2025/05/21 05:59:11 worker:[0] reqid:[0] qname:[googleusercontent.com.] qtype:[A] respid:[0] rcode:[NOERROR] respflags:[qr rd ra] err:[<nil>] duration:[83.265916ms]
2025/05/21 05:59:11 worker:[0] reqid:[0] qname:[facebook.com.] qtype:[A] respid:[0] rcode:[NOERROR] respflags:[qr rd ra] err:[<nil>] duration:[82.810236ms]
2025/05/21 05:59:12 worker:[0] reqid:[0] qname:[instagram.com.] qtype:[A] respid:[0] rcode:[NOERROR] respflags:[qr rd ra] err:[<nil>] duration:[204.821406ms]
2025/05/21 05:59:12 worker:[0] reqid:[0] qname:[wikipedia.org.] qtype:[A] respid:[0] rcode:[NOERROR] respflags:[qr rd ra] err:[<nil>] duration:[90.32072ms]
2025/05/21 05:59:12 worker:[0] reqid:[0] qname:[x.com.] qtype:[A] respid:[0] rcode:[NOERROR] respflags:[qr rd ra] err:[<nil>] duration:[83.116531ms]
2025/05/21 05:59:12 worker:[0] reqid:[0] qname:[amazon.com.] qtype:[A] respid:[0] rcode:[NOERROR] respflags:[qr rd ra] err:[<nil>] duration:[82.973061ms]
2025/05/21 05:59:12 worker:[0] reqid:[0] qname:[tiktok.com.] qtype:[A] respid:[0] rcode:[NOERROR] respflags:[qr rd ra] err:[<nil>] duration:[84.252487ms]
2025/05/21 05:59:12 worker:[0] reqid:[0] qname:[whatsapp.com.] qtype:[A] respid:[0] rcode:[NOERROR] respflags:[qr rd ra] err:[<nil>] duration:[83.683807ms]
2025/05/21 05:59:12 worker:[0] reqid:[0] qname:[yahoo.com.] qtype:[A] respid:[0] rcode:[NOERROR] respflags:[qr rd ra] err:[<nil>] duration:[82.715143ms]
2025/05/21 05:59:12 worker:[0] reqid:[0] qname:[google.com.] qtype:[A] respid:[0] rcode:[NOERROR] respflags:[qr rd ra] err:[<nil>] duration:[84.37905ms]
2025/05/21 05:59:12 worker:[0] reqid:[0] qname:[googleusercontent.com.] qtype:[A] respid:[0] rcode:[NOERROR] respflags:[qr rd ra] err:[<nil>] duration:[82.641072ms]
2025/05/21 05:59:12 worker:[0] reqid:[0] qname:[facebook.com.] qtype:[A] respid:[0] rcode:[NOERROR] respflags:[qr rd ra] err:[<nil>] duration:[82.818564ms]
2025/05/21 05:59:12 worker:[0] reqid:[0] qname:[instagram.com.] qtype:[A] respid:[0] rcode:[NOERROR] respflags:[qr rd ra] err:[<nil>] duration:[83.303842ms]
2025/05/21 05:59:12 worker:[0] reqid:[0] qname:[wikipedia.org.] qtype:[A] respid:[0] rcode:[NOERROR] respflags:[qr rd ra] err:[<nil>] duration:[84.543915ms]
2025/05/21 05:59:13 worker:[0] reqid:[0] qname:[x.com.] qtype:[A] respid:[0] rcode:[NOERROR] respflags:[qr rd ra] err:[<nil>] duration:[83.007027ms]
2025/05/21 05:59:13 worker:[0] reqid:[0] qname:[amazon.com.] qtype:[A] respid:[0] rcode:[NOERROR] respflags:[qr rd ra] err:[<nil>] duration:[199.194749ms]
2025/05/21 05:59:13 worker:[0] reqid:[0] qname:[tiktok.com.] qtype:[A] respid:[0] rcode:[NOERROR] respflags:[qr rd ra] err:[<nil>] duration:[83.855784ms]
2025/05/21 05:59:13 worker:[0] reqid:[0] qname:[whatsapp.com.] qtype:[A] respid:[0] rcode:[NOERROR] respflags:[qr rd ra] err:[<nil>] duration:[89.417432ms]
2025/05/21 05:59:13 worker:[0] reqid:[0] qname:[yahoo.com.] qtype:[A] respid:[0] rcode:[NOERROR] respflags:[qr rd ra] err:[<nil>] duration:[83.556763ms]
2025/05/21 05:59:13 worker:[0] reqid:[0] qname:[google.com.] qtype:[A] respid:[0] rcode:[NOERROR] respflags:[qr rd ra] err:[<nil>] duration:[83.777012ms]
2025/05/21 05:59:13 worker:[0] reqid:[0] qname:[googleusercontent.com.] qtype:[A] respid:[0] rcode:[NOERROR] respflags:[qr rd ra] err:[<nil>] duration:[85.376872ms]
2025/05/21 05:59:13 worker:[0] reqid:[0] qname:[facebook.com.] qtype:[A] respid:[0] rcode:[NOERROR] respflags:[qr rd ra] err:[<nil>] duration:[82.530295ms]
2025/05/21 05:59:13 worker:[0] reqid:[0] qname:[instagram.com.] qtype:[A] respid:[0] rcode:[NOERROR] respflags:[qr rd ra] err:[<nil>] duration:[85.378562ms]
2025/05/21 05:59:13 worker:[0] reqid:[0] qname:[wikipedia.org.] qtype:[A] respid:[0] rcode:[NOERROR] respflags:[qr rd ra] err:[<nil>] duration:[101.381581ms]
2025/05/21 05:59:14 worker:[0] reqid:[0] qname:[x.com.] qtype:[A] respid:[0] rcode:[NOERROR] respflags:[qr rd ra] err:[<nil>] duration:[218.220558ms]
2025/05/21 05:59:14 worker:[0] reqid:[0] qname:[amazon.com.] qtype:[A] respid:[0] rcode:[NOERROR] respflags:[qr rd ra] err:[<nil>] duration:[84.173202ms]
2025/05/21 05:59:14 worker:[0] reqid:[0] qname:[tiktok.com.] qtype:[A] respid:[0] rcode:[NOERROR] respflags:[qr rd ra] err:[<nil>] duration:[82.858357ms]
2025/05/21 05:59:14 worker:[0] reqid:[0] qname:[whatsapp.com.] qtype:[A] respid:[0] rcode:[NOERROR] respflags:[qr rd ra] err:[<nil>] duration:[84.497433ms]
2025/05/21 05:59:14 worker:[0] reqid:[0] qname:[yahoo.com.] qtype:[A] respid:[0] rcode:[NOERROR] respflags:[qr rd ra] err:[<nil>] duration:[83.251871ms]
2025/05/21 05:59:14 worker:[0] reqid:[0] qname:[google.com.] qtype:[A] respid:[0] rcode:[NOERROR] respflags:[qr rd ra] err:[<nil>] duration:[83.422223ms]
2025/05/21 05:59:14 worker:[0] reqid:[0] qname:[googleusercontent.com.] qtype:[A] respid:[0] rcode:[NOERROR] respflags:[qr rd ra] err:[<nil>] duration:[85.449204ms]
2025/05/21 05:59:14 worker:[0] reqid:[0] qname:[facebook.com.] qtype:[A] respid:[0] rcode:[NOERROR] respflags:[qr rd ra] err:[<nil>] duration:[204.172066ms]
2025/05/21 05:59:14 worker:[0] reqid:[0] qname:[instagram.com.] qtype:[A] respid:[0] rcode:[NOERROR] respflags:[qr rd ra] err:[<nil>] duration:[83.595174ms]
2025/05/21 05:59:15 worker:[0] reqid:[0] qname:[wikipedia.org.] qtype:[A] respid:[0] rcode:[NOERROR] respflags:[qr rd ra] err:[<nil>] duration:[213.590021ms]
2025/05/21 05:59:15 worker:[0] reqid:[0] qname:[x.com.] qtype:[A] respid:[0] rcode:[NOERROR] respflags:[qr rd ra] err:[<nil>] duration:[87.365256ms]
2025/05/21 05:59:15 worker:[0] reqid:[0] qname:[amazon.com.] qtype:[A] respid:[0] rcode:[NOERROR] respflags:[qr rd ra] err:[<nil>] duration:[84.302151ms]
2025/05/21 05:59:15 worker:[0] reqid:[0] qname:[tiktok.com.] qtype:[A] respid:[0] rcode:[NOERROR] respflags:[qr rd ra] err:[<nil>] duration:[125.220362ms]
2025/05/21 05:59:15 worker:[0] reqid:[0] qname:[whatsapp.com.] qtype:[A] respid:[0] rcode:[NOERROR] respflags:[qr rd ra] err:[<nil>] duration:[161.768292ms]
2025/05/21 05:59:15 worker:[0] reqid:[0] qname:[yahoo.com.] qtype:[A] respid:[0] rcode:[NOERROR] respflags:[qr rd ra] err:[<nil>] duration:[84.342626ms]
2025/05/21 05:59:15 worker:[0] reqid:[0] qname:[google.com.] qtype:[A] respid:[0] rcode:[NOERROR] respflags:[qr rd ra] err:[<nil>] duration:[83.243478ms]
2025/05/21 05:59:15 worker:[0] reqid:[0] qname:[googleusercontent.com.] qtype:[A] respid:[0] rcode:[NOERROR] respflags:[qr rd ra] err:[<nil>] duration:[86.560027ms]
2025/05/21 05:59:15 worker:[0] reqid:[0] qname:[facebook.com.] qtype:[A] respid:[0] rcode:[NOERROR] respflags:[qr rd ra] err:[<nil>] duration:[83.570873ms]
2025/05/21 05:59:16 worker:[0] reqid:[0] qname:[instagram.com.] qtype:[A] respid:[0] rcode:[NOERROR] respflags:[qr rd ra] err:[<nil>] duration:[83.815015ms]
2025/05/21 05:59:16 worker:[0] reqid:[0] qname:[wikipedia.org.] qtype:[A] respid:[0] rcode:[NOERROR] respflags:[qr rd ra] err:[<nil>] duration:[213.732206ms]
2025/05/21 05:59:16 worker:[0] reqid:[0] qname:[x.com.] qtype:[A] respid:[0] rcode:[NOERROR] respflags:[qr rd ra] err:[<nil>] duration:[83.340903ms]
2025/05/21 05:59:16 worker:[0] reqid:[0] qname:[amazon.com.] qtype:[A] respid:[0] rcode:[NOERROR] respflags:[qr rd ra] err:[<nil>] duration:[93.896706ms]
2025/05/21 05:59:16 worker:[0] reqid:[0] qname:[tiktok.com.] qtype:[A] respid:[0] rcode:[NOERROR] respflags:[qr rd ra] err:[<nil>] duration:[83.362712ms]
2025/05/21 05:59:16 worker:[0] reqid:[0] qname:[whatsapp.com.] qtype:[A] respid:[0] rcode:[NOERROR] respflags:[qr rd ra] err:[<nil>] duration:[215.293059ms]
2025/05/21 05:59:16 worker:[0] reqid:[0] qname:[yahoo.com.] qtype:[A] respid:[0] rcode:[NOERROR] respflags:[qr rd ra] err:[<nil>] duration:[84.087993ms]
2025/05/21 05:59:16 worker:[0] reqid:[0] qname:[google.com.] qtype:[A] respid:[0] rcode:[NOERROR] respflags:[qr rd ra] err:[<nil>] duration:[82.537072ms]
2025/05/21 05:59:16 worker:[0] reqid:[0] qname:[googleusercontent.com.] qtype:[A] respid:[0] rcode:[NOERROR] respflags:[qr rd ra] err:[<nil>] duration:[88.71049ms]
2025/05/21 05:59:17 worker:[0] reqid:[0] qname:[facebook.com.] qtype:[A] respid:[0] rcode:[NOERROR] respflags:[qr rd ra] err:[<nil>] duration:[84.502759ms]
2025/05/21 05:59:17 worker:[0] reqid:[0] qname:[instagram.com.] qtype:[A] respid:[0] rcode:[NOERROR] respflags:[qr rd ra] err:[<nil>] duration:[211.509662ms]
2025/05/21 05:59:17 worker:[0] reqid:[0] qname:[wikipedia.org.] qtype:[A] respid:[0] rcode:[NOERROR] respflags:[qr rd ra] err:[<nil>] duration:[82.998299ms]
2025/05/21 05:59:17 worker:[0] reqid:[0] qname:[x.com.] qtype:[A] respid:[0] rcode:[NOERROR] respflags:[qr rd ra] err:[<nil>] duration:[83.827158ms]
2025/05/21 05:59:17 worker:[0] reqid:[0] qname:[amazon.com.] qtype:[A] respid:[0] rcode:[NOERROR] respflags:[qr rd ra] err:[<nil>] duration:[83.090149ms]
2025/05/21 05:59:17 worker:[0] reqid:[0] qname:[tiktok.com.] qtype:[A] respid:[0] rcode:[NOERROR] respflags:[qr rd ra] err:[<nil>] duration:[214.363099ms]
2025/05/21 05:59:17 worker:[0] reqid:[0] qname:[whatsapp.com.] qtype:[A] respid:[0] rcode:[NOERROR] respflags:[qr rd ra] err:[<nil>] duration:[85.067321ms]
2025/05/21 05:59:17 worker:[0] reqid:[0] qname:[yahoo.com.] qtype:[A] respid:[0] rcode:[NOERROR] respflags:[qr rd ra] err:[<nil>] duration:[83.879369ms]
2025/05/21 05:59:18 worker:[0] reqid:[0] qname:[google.com.] qtype:[A] respid:[0] rcode:[NOERROR] respflags:[qr rd ra] err:[<nil>] duration:[83.861764ms]
2025/05/21 05:59:18 worker:[0] reqid:[0] qname:[googleusercontent.com.] qtype:[A] respid:[0] rcode:[NOERROR] respflags:[qr rd ra] err:[<nil>] duration:[84.354194ms]
2025/05/21 05:59:18 worker:[0] reqid:[0] qname:[facebook.com.] qtype:[A] respid:[0] rcode:[NOERROR] respflags:[qr rd ra] err:[<nil>] duration:[83.733128ms]
2025/05/21 05:59:18 worker:[0] reqid:[0] qname:[instagram.com.] qtype:[A] respid:[0] rcode:[NOERROR] respflags:[qr rd ra] err:[<nil>] duration:[85.088092ms]
2025/05/21 05:59:18 worker:[0] reqid:[0] qname:[wikipedia.org.] qtype:[A] respid:[0] rcode:[NOERROR] respflags:[qr rd ra] err:[<nil>] duration:[82.818812ms]
2025/05/21 05:59:18 worker:[0] reqid:[0] qname:[x.com.] qtype:[A] respid:[0] rcode:[NOERROR] respflags:[qr rd ra] err:[<nil>] duration:[82.437396ms]
2025/05/21 05:59:18 worker:[0] reqid:[0] qname:[amazon.com.] qtype:[A] respid:[0] rcode:[NOERROR] respflags:[qr rd ra] err:[<nil>] duration:[83.968736ms]
2025/05/21 05:59:18 worker:[0] reqid:[0] qname:[tiktok.com.] qtype:[A] respid:[0] rcode:[NOERROR] respflags:[qr rd ra] err:[<nil>] duration:[204.238488ms]
2025/05/21 05:59:18 worker:[0] reqid:[0] qname:[whatsapp.com.] qtype:[A] respid:[0] rcode:[NOERROR] respflags:[qr rd ra] err:[<nil>] duration:[84.877732ms]
2025/05/21 05:59:18 worker:[0] reqid:[0] qname:[yahoo.com.] qtype:[A] respid:[0] rcode:[NOERROR] respflags:[qr rd ra] err:[<nil>] duration:[82.836676ms]
2025/05/21 05:59:18 worker:[0] reqid:[0] qname:[google.com.] qtype:[A] respid:[0] rcode:[NOERROR] respflags:[qr rd ra] err:[<nil>] duration:[84.394044ms]
2025/05/21 05:59:19 worker:[0] reqid:[0] qname:[googleusercontent.com.] qtype:[A] respid:[0] rcode:[NOERROR] respflags:[qr rd ra] err:[<nil>] duration:[82.33426ms]
2025/05/21 05:59:19 worker:[0] reqid:[0] qname:[facebook.com.] qtype:[A] respid:[0] rcode:[NOERROR] respflags:[qr rd ra] err:[<nil>] duration:[84.971106ms]
2025/05/21 05:59:19 worker:[0] reqid:[0] qname:[instagram.com.] qtype:[A] respid:[0] rcode:[NOERROR] respflags:[qr rd ra] err:[<nil>] duration:[199.144122ms]
2025/05/21 05:59:19 worker:[0] reqid:[0] qname:[wikipedia.org.] qtype:[A] respid:[0] rcode:[NOERROR] respflags:[qr rd ra] err:[<nil>] duration:[83.640948ms]
2025/05/21 05:59:19 worker:[0] reqid:[0] qname:[x.com.] qtype:[A] respid:[0] rcode:[NOERROR] respflags:[qr rd ra] err:[<nil>] duration:[85.310972ms]
2025/05/21 05:59:19 worker:[0] reqid:[0] qname:[amazon.com.] qtype:[A] respid:[0] rcode:[NOERROR] respflags:[qr rd ra] err:[<nil>] duration:[83.485781ms]
2025/05/21 05:59:19 worker:[0] reqid:[0] qname:[tiktok.com.] qtype:[A] respid:[0] rcode:[NOERROR] respflags:[qr rd ra] err:[<nil>] duration:[96.994229ms]
2025/05/21 05:59:19 worker:[0] reqid:[0] qname:[whatsapp.com.] qtype:[A] respid:[0] rcode:[NOERROR] respflags:[qr rd ra] err:[<nil>] duration:[84.817317ms]
2025/05/21 05:59:19 worker:[0] reqid:[0] qname:[yahoo.com.] qtype:[A] respid:[0] rcode:[NOERROR] respflags:[qr rd ra] err:[<nil>] duration:[85.249631ms]
2025/05/21 05:59:19 worker:[0] reqid:[0] qname:[google.com.] qtype:[A] respid:[0] rcode:[NOERROR] respflags:[qr rd ra] err:[<nil>] duration:[83.37515ms]
2025/05/21 05:59:20 worker:[0] reqid:[0] qname:[googleusercontent.com.] qtype:[A] respid:[0] rcode:[NOERROR] respflags:[qr rd ra] err:[<nil>] duration:[90.700824ms]
2025/05/21 05:59:20 worker:[0] reqid:[0] qname:[facebook.com.] qtype:[A] respid:[0] rcode:[NOERROR] respflags:[qr rd ra] err:[<nil>] duration:[84.485408ms]
2025/05/21 05:59:20 worker:[0] reqid:[0] qname:[instagram.com.] qtype:[A] respid:[0] rcode:[NOERROR] respflags:[qr rd ra] err:[<nil>] duration:[206.854605ms]
2025/05/21 05:59:20 worker:[0] reqid:[0] qname:[wikipedia.org.] qtype:[A] respid:[0] rcode:[NOERROR] respflags:[qr rd ra] err:[<nil>] duration:[84.815457ms]
2025/05/21 05:59:20 worker:[0] reqid:[0] qname:[x.com.] qtype:[A] respid:[0] rcode:[NOERROR] respflags:[qr rd ra] err:[<nil>] duration:[205.627228ms]
2025/05/21 05:59:20 worker:[0] reqid:[0] qname:[amazon.com.] qtype:[A] respid:[0] rcode:[NOERROR] respflags:[qr rd ra] err:[<nil>] duration:[83.896446ms]
2025/05/21 05:59:20 worker:[0] reqid:[0] qname:[tiktok.com.] qtype:[A] respid:[0] rcode:[NOERROR] respflags:[qr rd ra] err:[<nil>] duration:[82.954009ms]
2025/05/21 05:59:20 worker:[0] reqid:[0] qname:[whatsapp.com.] qtype:[A] respid:[0] rcode:[NOERROR] respflags:[qr rd ra] err:[<nil>] duration:[202.043734ms]
2025/05/21 05:59:21 worker:[0] reqid:[0] qname:[yahoo.com.] qtype:[A] respid:[0] rcode:[NOERROR] respflags:[qr rd ra] err:[<nil>] duration:[86.893651ms]
2025/05/21 05:59:21 worker:[0] reqid:[0] qname:[google.com.] qtype:[A] respid:[0] rcode:[NOERROR] respflags:[qr rd ra] err:[<nil>] duration:[205.259747ms]
2025/05/21 05:59:21 worker:[0] reqid:[0] qname:[googleusercontent.com.] qtype:[A] respid:[0] rcode:[NOERROR] respflags:[qr rd ra] err:[<nil>] duration:[84.442217ms]
2025/05/21 05:59:21 worker:[0] reqid:[0] qname:[facebook.com.] qtype:[A] respid:[0] rcode:[NOERROR] respflags:[qr rd ra] err:[<nil>] duration:[84.314289ms]
2025/05/21 05:59:21 worker:[0] reqid:[0] qname:[instagram.com.] qtype:[A] respid:[0] rcode:[NOERROR] respflags:[qr rd ra] err:[<nil>] duration:[83.554692ms]
2025/05/21 05:59:21 worker:[0] reqid:[0] qname:[wikipedia.org.] qtype:[A] respid:[0] rcode:[NOERROR] respflags:[qr rd ra] err:[<nil>] duration:[82.496992ms]
2025/05/21 05:59:21 worker:[0] reqid:[0] qname:[x.com.] qtype:[A] respid:[0] rcode:[NOERROR] respflags:[qr rd ra] err:[<nil>] duration:[83.339623ms]
2025/05/21 05:59:21 worker:[0] reqid:[0] qname:[amazon.com.] qtype:[A] respid:[0] rcode:[NOERROR] respflags:[qr rd ra] err:[<nil>] duration:[95.064634ms]
2025/05/21 05:59:21 worker:[0] reqid:[0] qname:[tiktok.com.] qtype:[A] respid:[0] rcode:[NOERROR] respflags:[qr rd ra] err:[<nil>] duration:[82.925666ms]
2025/05/21 05:59:21 worker:[0] reqid:[0] qname:[whatsapp.com.] qtype:[A] respid:[0] rcode:[NOERROR] respflags:[qr rd ra] err:[<nil>] duration:[82.792206ms]
2025/05/21 05:59:22 worker:[0] reqid:[0] qname:[yahoo.com.] qtype:[A] respid:[0] rcode:[NOERROR] respflags:[qr rd ra] err:[<nil>] duration:[89.655785ms]
2025/05/21 05:59:22 worker:[0] reqid:[0] qname:[google.com.] qtype:[A] respid:[0] rcode:[NOERROR] respflags:[qr rd ra] err:[<nil>] duration:[83.674667ms]
2025/05/21 05:59:22 worker:[0] reqid:[0] qname:[googleusercontent.com.] qtype:[A] respid:[0] rcode:[NOERROR] respflags:[qr rd ra] err:[<nil>] duration:[208.693459ms]
2025/05/21 05:59:22 worker:[0] reqid:[0] qname:[facebook.com.] qtype:[A] respid:[0] rcode:[NOERROR] respflags:[qr rd ra] err:[<nil>] duration:[82.720636ms]
2025/05/21 05:59:22 worker:[0] reqid:[0] qname:[instagram.com.] qtype:[A] respid:[0] rcode:[NOERROR] respflags:[qr rd ra] err:[<nil>] duration:[83.435451ms]
2025/05/21 05:59:22 worker:[0] reqid:[0] qname:[wikipedia.org.] qtype:[A] respid:[0] rcode:[NOERROR] respflags:[qr rd ra] err:[<nil>] duration:[84.367211ms]
2025/05/21 05:59:22 worker:[0] reqid:[0] qname:[x.com.] qtype:[A] respid:[0] rcode:[NOERROR] respflags:[qr rd ra] err:[<nil>] duration:[85.662923ms]
2025/05/21 05:59:22 worker:[0] reqid:[0] qname:[amazon.com.] qtype:[A] respid:[0] rcode:[NOERROR] respflags:[qr rd ra] err:[<nil>] duration:[82.728823ms]
2025/05/21 05:59:22 worker:[0] reqid:[0] qname:[tiktok.com.] qtype:[A] respid:[0] rcode:[NOERROR] respflags:[qr rd ra] err:[<nil>] duration:[87.564783ms]
2025/05/21 05:59:23 worker:[0] reqid:[0] qname:[whatsapp.com.] qtype:[A] respid:[0] rcode:[NOERROR] respflags:[qr rd ra] err:[<nil>] duration:[203.487586ms]
2025/05/21 05:59:23 worker:[0] reqid:[0] qname:[yahoo.com.] qtype:[A] respid:[0] rcode:[NOERROR] respflags:[qr rd ra] err:[<nil>] duration:[83.914406ms]
2025/05/21 05:59:23 worker:[0] reqid:[0] qname:[google.com.] qtype:[A] respid:[0] rcode:[NOERROR] respflags:[qr rd ra] err:[<nil>] duration:[82.888258ms]
2025/05/21 05:59:23 worker:[0] reqid:[0] qname:[googleusercontent.com.] qtype:[A] respid:[0] rcode:[NOERROR] respflags:[qr rd ra] err:[<nil>] duration:[98.270408ms]
2025/05/21 05:59:23 worker:[0] reqid:[0] qname:[facebook.com.] qtype:[A] respid:[0] rcode:[NOERROR] respflags:[qr rd ra] err:[<nil>] duration:[82.943213ms]
2025/05/21 05:59:23 worker:[0] reqid:[0] qname:[instagram.com.] qtype:[A] respid:[0] rcode:[NOERROR] respflags:[qr rd ra] err:[<nil>] duration:[83.399646ms]
2025/05/21 05:59:23 worker:[0] reqid:[0] qname:[wikipedia.org.] qtype:[A] respid:[0] rcode:[NOERROR] respflags:[qr rd ra] err:[<nil>] duration:[82.719713ms]
2025/05/21 05:59:23 worker:[0] reqid:[0] qname:[x.com.] qtype:[A] respid:[0] rcode:[NOERROR] respflags:[qr rd ra] err:[<nil>] duration:[300.981621ms]
2025/05/21 05:59:23 worker:[0] reqid:[0] qname:[amazon.com.] qtype:[A] respid:[0] rcode:[NOERROR] respflags:[qr rd ra] err:[<nil>] duration:[97.841053ms]
2025/05/21 05:59:24 worker:[0] reqid:[0] qname:[tiktok.com.] qtype:[A] respid:[0] rcode:[NOERROR] respflags:[qr rd ra] err:[<nil>] duration:[111.347842ms]
2025/05/21 05:59:24 worker:[0] reqid:[0] qname:[whatsapp.com.] qtype:[A] respid:[0] rcode:[NOERROR] respflags:[qr rd ra] err:[<nil>] duration:[85.044372ms]
2025/05/21 05:59:24 worker:[0] reqid:[0] qname:[yahoo.com.] qtype:[A] respid:[0] rcode:[NOERROR] respflags:[qr rd ra] err:[<nil>] duration:[83.205401ms]
2025/05/21 05:59:24 worker:[0] reqid:[0] qname:[google.com.] qtype:[A] respid:[0] rcode:[NOERROR] respflags:[qr rd ra] err:[<nil>] duration:[84.674719ms]
2025/05/21 05:59:24 worker:[0] reqid:[0] qname:[googleusercontent.com.] qtype:[A] respid:[0] rcode:[NOERROR] respflags:[qr rd ra] err:[<nil>] duration:[219.759367ms]
2025/05/21 05:59:24 worker:[0] reqid:[0] qname:[facebook.com.] qtype:[A] respid:[0] rcode:[NOERROR] respflags:[qr rd ra] err:[<nil>] duration:[87.868626ms]
2025/05/21 05:59:24 worker:[0] reqid:[0] qname:[instagram.com.] qtype:[A] respid:[0] rcode:[NOERROR] respflags:[qr rd ra] err:[<nil>] duration:[82.548664ms]
2025/05/21 05:59:24 worker:[0] reqid:[0] qname:[wikipedia.org.] qtype:[A] respid:[0] rcode:[NOERROR] respflags:[qr rd ra] err:[<nil>] duration:[211.490048ms]
2025/05/21 05:59:25 worker:[0] reqid:[0] qname:[x.com.] qtype:[A] respid:[0] rcode:[NOERROR] respflags:[qr rd ra] err:[<nil>] duration:[83.494496ms]
2025/05/21 05:59:25 worker:[0] reqid:[0] qname:[amazon.com.] qtype:[A] respid:[0] rcode:[NOERROR] respflags:[qr rd ra] err:[<nil>] duration:[82.844688ms]
2025/05/21 05:59:25 worker:[0] reqid:[0] qname:[tiktok.com.] qtype:[A] respid:[0] rcode:[NOERROR] respflags:[qr rd ra] err:[<nil>] duration:[91.437856ms]
2025/05/21 05:59:25 worker:[0] reqid:[0] qname:[whatsapp.com.] qtype:[A] respid:[0] rcode:[NOERROR] respflags:[qr rd ra] err:[<nil>] duration:[83.140491ms]
2025/05/21 05:59:25 worker:[0] reqid:[0] qname:[yahoo.com.] qtype:[A] respid:[0] rcode:[NOERROR] respflags:[qr rd ra] err:[<nil>] duration:[84.975063ms]
2025/05/21 05:59:25 worker:[0] reqid:[0] qname:[google.com.] qtype:[A] respid:[0] rcode:[NOERROR] respflags:[qr rd ra] err:[<nil>] duration:[83.396258ms]
2025/05/21 05:59:25 worker:[0] reqid:[0] qname:[googleusercontent.com.] qtype:[A] respid:[0] rcode:[NOERROR] respflags:[qr rd ra] err:[<nil>] duration:[204.794098ms]
2025/05/21 05:59:25 worker:[0] reqid:[0] qname:[facebook.com.] qtype:[A] respid:[0] rcode:[NOERROR] respflags:[qr rd ra] err:[<nil>] duration:[205.327331ms]
2025/05/21 05:59:25 worker:[0] reqid:[0] qname:[instagram.com.] qtype:[A] respid:[0] rcode:[NOERROR] respflags:[qr rd ra] err:[<nil>] duration:[83.33434ms]
2025/05/21 05:59:26 worker:[0] reqid:[0] qname:[wikipedia.org.] qtype:[A] respid:[0] rcode:[NOERROR] respflags:[qr rd ra] err:[<nil>] duration:[85.215387ms]
2025/05/21 05:59:26 worker:[0] reqid:[0] qname:[x.com.] qtype:[A] respid:[0] rcode:[NOERROR] respflags:[qr rd ra] err:[<nil>] duration:[85.713065ms]
2025/05/21 05:59:26 worker:[0] reqid:[0] qname:[amazon.com.] qtype:[A] respid:[0] rcode:[NOERROR] respflags:[qr rd ra] err:[<nil>] duration:[94.033678ms]
2025/05/21 05:59:26 worker:[0] reqid:[0] qname:[tiktok.com.] qtype:[A] respid:[0] rcode:[NOERROR] respflags:[qr rd ra] err:[<nil>] duration:[83.844554ms]
2025/05/21 05:59:26 worker:[0] reqid:[0] qname:[whatsapp.com.] qtype:[A] respid:[0] rcode:[NOERROR] respflags:[qr rd ra] err:[<nil>] duration:[83.498446ms]
2025/05/21 05:59:26 worker:[0] reqid:[0] qname:[yahoo.com.] qtype:[A] respid:[0] rcode:[NOERROR] respflags:[qr rd ra] err:[<nil>] duration:[84.455837ms]
2025/05/21 05:59:26 worker:[0] reqid:[0] qname:[google.com.] qtype:[A] respid:[0] rcode:[NOERROR] respflags:[qr rd ra] err:[<nil>] duration:[84.858916ms]
2025/05/21 05:59:26 worker:[0] reqid:[0] qname:[googleusercontent.com.] qtype:[A] respid:[0] rcode:[NOERROR] respflags:[qr rd ra] err:[<nil>] duration:[88.698904ms]
2025/05/21 05:59:26 worker:[0] reqid:[0] qname:[facebook.com.] qtype:[A] respid:[0] rcode:[NOERROR] respflags:[qr rd ra] err:[<nil>] duration:[206.333293ms]
2025/05/21 05:59:26 worker:[0] reqid:[0] qname:[instagram.com.] qtype:[A] respid:[0] rcode:[NOERROR] respflags:[qr rd ra] err:[<nil>] duration:[87.555284ms]
2025/05/21 05:59:27 worker:[0] reqid:[0] qname:[wikipedia.org.] qtype:[A] respid:[0] rcode:[NOERROR] respflags:[qr rd ra] err:[<nil>] duration:[98.564739ms]
2025/05/21 05:59:27 worker:[0] reqid:[0] qname:[x.com.] qtype:[A] respid:[0] rcode:[NOERROR] respflags:[qr rd ra] err:[<nil>] duration:[84.894244ms]
2025/05/21 05:59:27 worker:[0] reqid:[0] qname:[amazon.com.] qtype:[A] respid:[0] rcode:[NOERROR] respflags:[qr rd ra] err:[<nil>] duration:[83.403793ms]
2025/05/21 05:59:27 worker:[0] reqid:[0] qname:[tiktok.com.] qtype:[A] respid:[0] rcode:[NOERROR] respflags:[qr rd ra] err:[<nil>] duration:[96.438955ms]
2025/05/21 05:59:27 worker:[0] reqid:[0] qname:[whatsapp.com.] qtype:[A] respid:[0] rcode:[NOERROR] respflags:[qr rd ra] err:[<nil>] duration:[84.486886ms]
2025/05/21 05:59:27 worker:[0] reqid:[0] qname:[yahoo.com.] qtype:[A] respid:[0] rcode:[NOERROR] respflags:[qr rd ra] err:[<nil>] duration:[84.57099ms]
2025/05/21 05:59:27 worker:[0] reqid:[0] qname:[google.com.] qtype:[A] respid:[0] rcode:[NOERROR] respflags:[qr rd ra] err:[<nil>] duration:[90.994648ms]
2025/05/21 05:59:27 worker:[0] reqid:[0] qname:[googleusercontent.com.] qtype:[A] respid:[0] rcode:[NOERROR] respflags:[qr rd ra] err:[<nil>] duration:[88.129942ms]
2025/05/21 05:59:27 worker:[0] reqid:[0] qname:[facebook.com.] qtype:[A] respid:[0] rcode:[NOERROR] respflags:[qr rd ra] err:[<nil>] duration:[85.723136ms]
2025/05/21 05:59:27 worker:[0] reqid:[0] qname:[instagram.com.] qtype:[A] respid:[0] rcode:[NOERROR] respflags:[qr rd ra] err:[<nil>] duration:[86.346906ms]
2025/05/21 05:59:27 worker:[0] reqid:[0] qname:[wikipedia.org.] qtype:[A] respid:[0] rcode:[NOERROR] respflags:[qr rd ra] err:[<nil>] duration:[84.319152ms]
2025/05/21 05:59:27 worker:[0] reqid:[0] qname:[x.com.] qtype:[A] respid:[0] rcode:[NOERROR] respflags:[qr rd ra] err:[<nil>] duration:[85.625401ms]
2025/05/21 05:59:28 worker:[0] reqid:[0] qname:[amazon.com.] qtype:[A] respid:[0] rcode:[NOERROR] respflags:[qr rd ra] err:[<nil>] duration:[83.905206ms]
2025/05/21 05:59:28 worker:[0] reqid:[0] qname:[tiktok.com.] qtype:[A] respid:[0] rcode:[NOERROR] respflags:[qr rd ra] err:[<nil>] duration:[85.625264ms]
2025/05/21 05:59:28 worker:[0] reqid:[0] qname:[whatsapp.com.] qtype:[A] respid:[0] rcode:[NOERROR] respflags:[qr rd ra] err:[<nil>] duration:[84.157177ms]
2025/05/21 05:59:28 worker:[0] reqid:[0] qname:[yahoo.com.] qtype:[A] respid:[0] rcode:[NOERROR] respflags:[qr rd ra] err:[<nil>] duration:[87.678744ms]
2025/05/21 05:59:28 worker:[0] reqid:[0] qname:[google.com.] qtype:[A] respid:[0] rcode:[NOERROR] respflags:[qr rd ra] err:[<nil>] duration:[83.042137ms]
2025/05/21 05:59:28 worker:[0] reqid:[0] qname:[googleusercontent.com.] qtype:[A] respid:[0] rcode:[NOERROR] respflags:[qr rd ra] err:[<nil>] duration:[87.512545ms]
2025/05/21 05:59:28 worker:[0] reqid:[0] qname:[facebook.com.] qtype:[A] respid:[0] rcode:[NOERROR] respflags:[qr rd ra] err:[<nil>] duration:[105.765665ms]
2025/05/21 05:59:28 worker:[0] reqid:[0] qname:[instagram.com.] qtype:[A] respid:[0] rcode:[NOERROR] respflags:[qr rd ra] err:[<nil>] duration:[85.505515ms]
2025/05/21 05:59:28 worker:[0] reqid:[0] qname:[wikipedia.org.] qtype:[A] respid:[0] rcode:[NOERROR] respflags:[qr rd ra] err:[<nil>] duration:[84.86442ms]
2025/05/21 05:59:28 worker:[0] reqid:[0] qname:[x.com.] qtype:[A] respid:[0] rcode:[NOERROR] respflags:[qr rd ra] err:[<nil>] duration:[83.825754ms]
2025/05/21 05:59:28 worker:[0] reqid:[0] qname:[amazon.com.] qtype:[A] respid:[0] rcode:[NOERROR] respflags:[qr rd ra] err:[<nil>] duration:[84.771894ms]
2025/05/21 05:59:29 worker:[0] reqid:[0] qname:[tiktok.com.] qtype:[A] respid:[0] rcode:[NOERROR] respflags:[qr rd ra] err:[<nil>] duration:[85.8319ms]
2025/05/21 05:59:29 worker:[0] reqid:[0] qname:[whatsapp.com.] qtype:[A] respid:[0] rcode:[NOERROR] respflags:[qr rd ra] err:[<nil>] duration:[84.515899ms]
2025/05/21 05:59:29 worker:[0] reqid:[0] qname:[yahoo.com.] qtype:[A] respid:[0] rcode:[NOERROR] respflags:[qr rd ra] err:[<nil>] duration:[211.808182ms]
2025/05/21 05:59:29 worker:[0] reqid:[0] qname:[google.com.] qtype:[A] respid:[0] rcode:[NOERROR] respflags:[qr rd ra] err:[<nil>] duration:[83.944305ms]
2025/05/21 05:59:29 worker:[0] reqid:[0] qname:[googleusercontent.com.] qtype:[A] respid:[0] rcode:[NOERROR] respflags:[qr rd ra] err:[<nil>] duration:[85.83147ms]
2025/05/21 05:59:29 worker:[0] reqid:[0] qname:[facebook.com.] qtype:[A] respid:[0] rcode:[NOERROR] respflags:[qr rd ra] err:[<nil>] duration:[86.118496ms]
2025/05/21 05:59:29 worker:[0] reqid:[0] qname:[instagram.com.] qtype:[A] respid:[0] rcode:[NOERROR] respflags:[qr rd ra] err:[<nil>] duration:[91.67396ms]
2025/05/21 05:59:29 worker:[0] reqid:[0] qname:[wikipedia.org.] qtype:[A] respid:[0] rcode:[NOERROR] respflags:[qr rd ra] err:[<nil>] duration:[85.834864ms]
2025/05/21 05:59:29 worker:[0] reqid:[0] qname:[x.com.] qtype:[A] respid:[0] rcode:[NOERROR] respflags:[qr rd ra] err:[<nil>] duration:[84.23021ms]
2025/05/21 05:59:29 worker:[0] reqid:[0] qname:[amazon.com.] qtype:[A] respid:[0] rcode:[NOERROR] respflags:[qr rd ra] err:[<nil>] duration:[82.622873ms]
2025/05/21 05:59:30 worker:[0] reqid:[0] qname:[tiktok.com.] qtype:[A] respid:[0] rcode:[NOERROR] respflags:[qr rd ra] err:[<nil>] duration:[208.921589ms]
2025/05/21 05:59:30 worker:[0] reqid:[0] qname:[whatsapp.com.] qtype:[A] respid:[0] rcode:[NOERROR] respflags:[qr rd ra] err:[<nil>] duration:[87.778987ms]
2025/05/21 05:59:30 worker:[0] reqid:[0] qname:[yahoo.com.] qtype:[A] respid:[0] rcode:[NOERROR] respflags:[qr rd ra] err:[<nil>] duration:[84.081129ms]
2025/05/21 05:59:30 worker:[0] reqid:[0] qname:[google.com.] qtype:[A] respid:[0] rcode:[NOERROR] respflags:[qr rd ra] err:[<nil>] duration:[204.871897ms]
2025/05/21 05:59:30 worker:[0] reqid:[0] qname:[googleusercontent.com.] qtype:[A] respid:[0] rcode:[NOERROR] respflags:[qr rd ra] err:[<nil>] duration:[85.319788ms]
2025/05/21 05:59:30 worker:[0] reqid:[0] qname:[facebook.com.] qtype:[A] respid:[0] rcode:[NOERROR] respflags:[qr rd ra] err:[<nil>] duration:[86.590862ms]
2025/05/21 05:59:30 worker:[0] reqid:[0] qname:[instagram.com.] qtype:[A] respid:[0] rcode:[NOERROR] respflags:[qr rd ra] err:[<nil>] duration:[85.070759ms]
2025/05/21 05:59:30 worker:[0] reqid:[0] qname:[wikipedia.org.] qtype:[A] respid:[0] rcode:[NOERROR] respflags:[qr rd ra] err:[<nil>] duration:[83.581689ms]
2025/05/21 05:59:30 worker:[0] reqid:[0] qname:[x.com.] qtype:[A] respid:[0] rcode:[NOERROR] respflags:[qr rd ra] err:[<nil>] duration:[84.363661ms]
2025/05/21 05:59:31 worker:[0] reqid:[0] qname:[amazon.com.] qtype:[A] respid:[0] rcode:[NOERROR] respflags:[qr rd ra] err:[<nil>] duration:[98.652808ms]
2025/05/21 05:59:31 worker:[0] reqid:[0] qname:[tiktok.com.] qtype:[A] respid:[0] rcode:[NOERROR] respflags:[qr rd ra] err:[<nil>] duration:[91.015263ms]
2025/05/21 05:59:31 worker:[0] reqid:[0] qname:[whatsapp.com.] qtype:[A] respid:[0] rcode:[NOERROR] respflags:[qr rd ra] err:[<nil>] duration:[215.082481ms]
2025/05/21 05:59:31 worker:[0] reqid:[0] qname:[yahoo.com.] qtype:[A] respid:[0] rcode:[NOERROR] respflags:[qr rd ra] err:[<nil>] duration:[85.67467ms]
2025/05/21 05:59:31 worker:[0] reqid:[0] qname:[google.com.] qtype:[A] respid:[0] rcode:[NOERROR] respflags:[qr rd ra] err:[<nil>] duration:[95.680575ms]
2025/05/21 05:59:31 worker:[0] reqid:[0] qname:[googleusercontent.com.] qtype:[A] respid:[0] rcode:[NOERROR] respflags:[qr rd ra] err:[<nil>] duration:[82.982072ms]
2025/05/21 05:59:31 worker:[0] reqid:[0] qname:[facebook.com.] qtype:[A] respid:[0] rcode:[NOERROR] respflags:[qr rd ra] err:[<nil>] duration:[215.858248ms]
2025/05/21 05:59:32 worker:[0] reqid:[0] qname:[instagram.com.] qtype:[A] respid:[0] rcode:[NOERROR] respflags:[qr rd ra] err:[<nil>] duration:[355.583709ms]
2025/05/21 05:59:32 worker:[0] reqid:[0] qname:[wikipedia.org.] qtype:[A] respid:[0] rcode:[NOERROR] respflags:[qr rd ra] err:[<nil>] duration:[227.365942ms]
2025/05/21 05:59:32 worker:[0] reqid:[0] qname:[x.com.] qtype:[A] respid:[0] rcode:[NOERROR] respflags:[qr rd ra] err:[<nil>] duration:[89.887629ms]
2025/05/21 05:59:32 worker:[0] reqid:[0] qname:[amazon.com.] qtype:[A] respid:[0] rcode:[NOERROR] respflags:[qr rd ra] err:[<nil>] duration:[85.428522ms]
2025/05/21 05:59:32 worker:[0] reqid:[0] qname:[tiktok.com.] qtype:[A] respid:[0] rcode:[NOERROR] respflags:[qr rd ra] err:[<nil>] duration:[99.648959ms]
2025/05/21 05:59:32 worker:[0] reqid:[0] qname:[whatsapp.com.] qtype:[A] respid:[0] rcode:[NOERROR] respflags:[qr rd ra] err:[<nil>] duration:[225.784582ms]
2025/05/21 05:59:32 worker:[0] reqid:[0] qname:[yahoo.com.] qtype:[A] respid:[0] rcode:[NOERROR] respflags:[qr rd ra] err:[<nil>] duration:[82.630347ms]
2025/05/21 05:59:33 worker:[0] reqid:[0] qname:[google.com.] qtype:[A] respid:[0] rcode:[NOERROR] respflags:[qr rd ra] err:[<nil>] duration:[85.192156ms]
2025/05/21 05:59:33 worker:[0] reqid:[0] qname:[googleusercontent.com.] qtype:[A] respid:[0] rcode:[NOERROR] respflags:[qr rd ra] err:[<nil>] duration:[82.563006ms]
2025/05/21 05:59:33 worker:[0] reqid:[0] qname:[facebook.com.] qtype:[A] respid:[0] rcode:[NOERROR] respflags:[qr rd ra] err:[<nil>] duration:[83.755792ms]
2025/05/21 05:59:33 worker:[0] reqid:[0] qname:[instagram.com.] qtype:[A] respid:[0] rcode:[NOERROR] respflags:[qr rd ra] err:[<nil>] duration:[217.822263ms]
2025/05/21 05:59:33 worker:[0] reqid:[0] qname:[wikipedia.org.] qtype:[A] respid:[0] rcode:[NOERROR] respflags:[qr rd ra] err:[<nil>] duration:[84.158866ms]
2025/05/21 05:59:33 worker:[0] reqid:[0] qname:[x.com.] qtype:[A] respid:[0] rcode:[NOERROR] respflags:[qr rd ra] err:[<nil>] duration:[83.068472ms]
2025/05/21 05:59:33 worker:[0] reqid:[0] qname:[amazon.com.] qtype:[A] respid:[0] rcode:[NOERROR] respflags:[qr rd ra] err:[<nil>] duration:[85.349382ms]
2025/05/21 05:59:33 worker:[0] reqid:[0] qname:[tiktok.com.] qtype:[A] respid:[0] rcode:[NOERROR] respflags:[qr rd ra] err:[<nil>] duration:[87.551158ms]
2025/05/21 05:59:33 worker:[0] reqid:[0] qname:[whatsapp.com.] qtype:[A] respid:[0] rcode:[NOERROR] respflags:[qr rd ra] err:[<nil>] duration:[94.992109ms]
2025/05/21 05:59:33 worker:[0] reqid:[0] qname:[yahoo.com.] qtype:[A] respid:[0] rcode:[NOERROR] respflags:[qr rd ra] err:[<nil>] duration:[82.523654ms]
2025/05/21 05:59:34 worker:[0] reqid:[0] qname:[google.com.] qtype:[A] respid:[0] rcode:[NOERROR] respflags:[qr rd ra] err:[<nil>] duration:[89.832626ms]
2025/05/21 05:59:34 worker:[0] reqid:[0] qname:[googleusercontent.com.] qtype:[A] respid:[0] rcode:[NOERROR] respflags:[qr rd ra] err:[<nil>] duration:[214.752014ms]
2025/05/21 05:59:34 worker:[0] reqid:[0] qname:[facebook.com.] qtype:[A] respid:[0] rcode:[NOERROR] respflags:[qr rd ra] err:[<nil>] duration:[87.536868ms]
2025/05/21 05:59:34 worker:[0] reqid:[0] qname:[instagram.com.] qtype:[A] respid:[0] rcode:[NOERROR] respflags:[qr rd ra] err:[<nil>] duration:[90.094227ms]
2025/05/21 05:59:34 worker:[0] reqid:[0] qname:[wikipedia.org.] qtype:[A] respid:[0] rcode:[NOERROR] respflags:[qr rd ra] err:[<nil>] duration:[85.856364ms]
2025/05/21 05:59:34 worker:[0] reqid:[0] qname:[x.com.] qtype:[A] respid:[0] rcode:[NOERROR] respflags:[qr rd ra] err:[<nil>] duration:[84.467085ms]
2025/05/21 05:59:34 worker:[0] reqid:[0] qname:[amazon.com.] qtype:[A] respid:[0] rcode:[NOERROR] respflags:[qr rd ra] err:[<nil>] duration:[82.358635ms]
2025/05/21 05:59:34 worker:[0] reqid:[0] qname:[tiktok.com.] qtype:[A] respid:[0] rcode:[NOERROR] respflags:[qr rd ra] err:[<nil>] duration:[84.267878ms]
2025/05/21 05:59:34 worker:[0] reqid:[0] qname:[whatsapp.com.] qtype:[A] respid:[0] rcode:[NOERROR] respflags:[qr rd ra] err:[<nil>] duration:[83.866371ms]
2025/05/21 05:59:34 worker:[0] reqid:[0] qname:[yahoo.com.] qtype:[A] respid:[0] rcode:[NOERROR] respflags:[qr rd ra] err:[<nil>] duration:[86.22258ms]
2025/05/21 05:59:35 worker:[0] reqid:[0] qname:[google.com.] qtype:[A] respid:[0] rcode:[NOERROR] respflags:[qr rd ra] err:[<nil>] duration:[204.333947ms]
2025/05/21 05:59:35 worker:[0] reqid:[0] qname:[googleusercontent.com.] qtype:[A] respid:[0] rcode:[NOERROR] respflags:[qr rd ra] err:[<nil>] duration:[86.480668ms]
2025/05/21 05:59:35 worker:[0] reqid:[0] qname:[facebook.com.] qtype:[A] respid:[0] rcode:[NOERROR] respflags:[qr rd ra] err:[<nil>] duration:[85.180073ms]
2025/05/21 05:59:35 worker:[0] reqid:[0] qname:[instagram.com.] qtype:[A] respid:[0] rcode:[NOERROR] respflags:[qr rd ra] err:[<nil>] duration:[96.146808ms]
2025/05/21 05:59:35 worker:[0] reqid:[0] qname:[wikipedia.org.] qtype:[A] respid:[0] rcode:[NOERROR] respflags:[qr rd ra] err:[<nil>] duration:[96.80896ms]
2025/05/21 05:59:35 worker:[0] reqid:[0] qname:[x.com.] qtype:[A] respid:[0] rcode:[NOERROR] respflags:[qr rd ra] err:[<nil>] duration:[84.263573ms]
2025/05/21 05:59:35 worker:[0] reqid:[0] qname:[amazon.com.] qtype:[A] respid:[0] rcode:[NOERROR] respflags:[qr rd ra] err:[<nil>] duration:[83.539875ms]
2025/05/21 05:59:35 worker:[0] reqid:[0] qname:[tiktok.com.] qtype:[A] respid:[0] rcode:[NOERROR] respflags:[qr rd ra] err:[<nil>] duration:[95.230901ms]
2025/05/21 05:59:35 worker:[0] reqid:[0] qname:[whatsapp.com.] qtype:[A] respid:[0] rcode:[NOERROR] respflags:[qr rd ra] err:[<nil>] duration:[92.251138ms]
2025/05/21 05:59:35 worker:[0] reqid:[0] qname:[yahoo.com.] qtype:[A] respid:[0] rcode:[NOERROR] respflags:[qr rd ra] err:[<nil>] duration:[87.767681ms]
2025/05/21 05:59:36 worker:[0] reqid:[0] qname:[google.com.] qtype:[A] respid:[0] rcode:[NOERROR] respflags:[qr rd ra] err:[<nil>] duration:[86.426381ms]
2025/05/21 05:59:36 worker:[0] reqid:[0] qname:[googleusercontent.com.] qtype:[A] respid:[0] rcode:[NOERROR] respflags:[qr rd ra] err:[<nil>] duration:[89.720369ms]
2025/05/21 05:59:36 worker:[0] reqid:[0] qname:[facebook.com.] qtype:[A] respid:[0] rcode:[NOERROR] respflags:[qr rd ra] err:[<nil>] duration:[93.173797ms]
2025/05/21 05:59:36 worker:[0] reqid:[0] qname:[instagram.com.] qtype:[A] respid:[0] rcode:[NOERROR] respflags:[qr rd ra] err:[<nil>] duration:[84.962811ms]
2025/05/21 05:59:36 worker:[0] reqid:[0] qname:[wikipedia.org.] qtype:[A] respid:[0] rcode:[NOERROR] respflags:[qr rd ra] err:[<nil>] duration:[83.41137ms]
2025/05/21 05:59:36 worker:[0] reqid:[0] qname:[x.com.] qtype:[A] respid:[0] rcode:[NOERROR] respflags:[qr rd ra] err:[<nil>] duration:[83.096988ms]
2025/05/21 05:59:36 worker:[0] reqid:[0] qname:[amazon.com.] qtype:[A] respid:[0] rcode:[NOERROR] respflags:[qr rd ra] err:[<nil>] duration:[216.337935ms]
2025/05/21 05:59:36 worker:[0] reqid:[0] qname:[tiktok.com.] qtype:[A] respid:[0] rcode:[NOERROR] respflags:[qr rd ra] err:[<nil>] duration:[84.460982ms]
2025/05/21 05:59:36 worker:[0] reqid:[0] qname:[whatsapp.com.] qtype:[A] respid:[0] rcode:[NOERROR] respflags:[qr rd ra] err:[<nil>] duration:[83.312547ms]
2025/05/21 05:59:36 worker:[0] reqid:[0] qname:[yahoo.com.] qtype:[A] respid:[0] rcode:[NOERROR] respflags:[qr rd ra] err:[<nil>] duration:[83.194548ms]
2025/05/21 05:59:37 worker:[0] reqid:[0] qname:[google.com.] qtype:[A] respid:[0] rcode:[NOERROR] respflags:[qr rd ra] err:[<nil>] duration:[88.936474ms]
2025/05/21 05:59:37 worker:[0] reqid:[0] qname:[googleusercontent.com.] qtype:[A] respid:[0] rcode:[NOERROR] respflags:[qr rd ra] err:[<nil>] duration:[82.592664ms]
2025/05/21 05:59:37 worker:[0] reqid:[0] qname:[facebook.com.] qtype:[A] respid:[0] rcode:[NOERROR] respflags:[qr rd ra] err:[<nil>] duration:[85.202205ms]
2025/05/21 05:59:37 worker:[0] reqid:[0] qname:[instagram.com.] qtype:[A] respid:[0] rcode:[NOERROR] respflags:[qr rd ra] err:[<nil>] duration:[84.127147ms]
2025/05/21 05:59:37 worker:[0] reqid:[0] qname:[wikipedia.org.] qtype:[A] respid:[0] rcode:[NOERROR] respflags:[qr rd ra] err:[<nil>] duration:[82.944279ms]
2025/05/21 05:59:37 worker:[0] reqid:[0] qname:[x.com.] qtype:[A] respid:[0] rcode:[NOERROR] respflags:[qr rd ra] err:[<nil>] duration:[82.989354ms]
2025/05/21 05:59:37 worker:[0] reqid:[0] qname:[amazon.com.] qtype:[A] respid:[0] rcode:[NOERROR] respflags:[qr rd ra] err:[<nil>] duration:[84.681582ms]
2025/05/21 05:59:37 worker:[0] reqid:[0] qname:[tiktok.com.] qtype:[A] respid:[0] rcode:[NOERROR] respflags:[qr rd ra] err:[<nil>] duration:[83.91436ms]
2025/05/21 05:59:37 worker:[0] reqid:[0] qname:[whatsapp.com.] qtype:[A] respid:[0] rcode:[NOERROR] respflags:[qr rd ra] err:[<nil>] duration:[85.162309ms]
2025/05/21 05:59:37 worker:[0] reqid:[0] qname:[yahoo.com.] qtype:[A] respid:[0] rcode:[NOERROR] respflags:[qr rd ra] err:[<nil>] duration:[83.502974ms]
2025/05/21 05:59:37 worker:[0] reqid:[0] qname:[google.com.] qtype:[A] respid:[0] rcode:[NOERROR] respflags:[qr rd ra] err:[<nil>] duration:[85.859776ms]
2025/05/21 05:59:38 worker:[0] reqid:[0] qname:[googleusercontent.com.] qtype:[A] respid:[0] rcode:[NOERROR] respflags:[qr rd ra] err:[<nil>] duration:[92.046611ms]
2025/05/21 05:59:38 worker:[0] reqid:[0] qname:[facebook.com.] qtype:[A] respid:[0] rcode:[NOERROR] respflags:[qr rd ra] err:[<nil>] duration:[207.442374ms]
2025/05/21 05:59:38 worker:[0] reqid:[0] qname:[instagram.com.] qtype:[A] respid:[0] rcode:[NOERROR] respflags:[qr rd ra] err:[<nil>] duration:[83.568687ms]
2025/05/21 05:59:38 worker:[0] reqid:[0] qname:[wikipedia.org.] qtype:[A] respid:[0] rcode:[NOERROR] respflags:[qr rd ra] err:[<nil>] duration:[86.176449ms]
2025/05/21 05:59:38 worker:[0] reqid:[0] qname:[x.com.] qtype:[A] respid:[0] rcode:[NOERROR] respflags:[qr rd ra] err:[<nil>] duration:[99.153896ms]
2025/05/21 05:59:38 worker:[0] reqid:[0] qname:[amazon.com.] qtype:[A] respid:[0] rcode:[NOERROR] respflags:[qr rd ra] err:[<nil>] duration:[88.891096ms]
2025/05/21 05:59:38 worker:[0] reqid:[0] qname:[tiktok.com.] qtype:[A] respid:[0] rcode:[NOERROR] respflags:[qr rd ra] err:[<nil>] duration:[90.817585ms]
2025/05/21 05:59:38 worker:[0] reqid:[0] qname:[whatsapp.com.] qtype:[A] respid:[0] rcode:[NOERROR] respflags:[qr rd ra] err:[<nil>] duration:[86.35285ms]
2025/05/21 05:59:38 worker:[0] reqid:[0] qname:[yahoo.com.] qtype:[A] respid:[0] rcode:[NOERROR] respflags:[qr rd ra] err:[<nil>] duration:[88.307329ms]
2025/05/21 05:59:38 worker:[0] reqid:[0] qname:[google.com.] qtype:[A] respid:[0] rcode:[NOERROR] respflags:[qr rd ra] err:[<nil>] duration:[86.027913ms]
2025/05/21 05:59:39 worker:[0] reqid:[0] qname:[googleusercontent.com.] qtype:[A] respid:[0] rcode:[NOERROR] respflags:[qr rd ra] err:[<nil>] duration:[83.4908ms]
2025/05/21 05:59:39 worker:[0] reqid:[0] qname:[facebook.com.] qtype:[A] respid:[0] rcode:[NOERROR] respflags:[qr rd ra] err:[<nil>] duration:[88.818668ms]
2025/05/21 05:59:39 worker:[0] reqid:[0] qname:[instagram.com.] qtype:[A] respid:[0] rcode:[NOERROR] respflags:[qr rd ra] err:[<nil>] duration:[83.417607ms]
2025/05/21 05:59:39 worker:[0] reqid:[0] qname:[wikipedia.org.] qtype:[A] respid:[0] rcode:[NOERROR] respflags:[qr rd ra] err:[<nil>] duration:[86.485033ms]
2025/05/21 05:59:39 worker:[0] reqid:[0] qname:[x.com.] qtype:[A] respid:[0] rcode:[NOERROR] respflags:[qr rd ra] err:[<nil>] duration:[89.438448ms]
2025/05/21 05:59:39 worker:[0] reqid:[0] qname:[amazon.com.] qtype:[A] respid:[0] rcode:[NOERROR] respflags:[qr rd ra] err:[<nil>] duration:[86.286973ms]
2025/05/21 05:59:39 worker:[0] reqid:[0] qname:[tiktok.com.] qtype:[A] respid:[0] rcode:[NOERROR] respflags:[qr rd ra] err:[<nil>] duration:[82.856638ms]
2025/05/21 05:59:39 worker:[0] reqid:[0] qname:[whatsapp.com.] qtype:[A] respid:[0] rcode:[NOERROR] respflags:[qr rd ra] err:[<nil>] duration:[82.54127ms]
2025/05/21 05:59:39 worker:[0] reqid:[0] qname:[yahoo.com.] qtype:[A] respid:[0] rcode:[NOERROR] respflags:[qr rd ra] err:[<nil>] duration:[85.770609ms]
2025/05/21 05:59:39 worker:[0] reqid:[0] qname:[google.com.] qtype:[A] respid:[0] rcode:[NOERROR] respflags:[qr rd ra] err:[<nil>] duration:[87.346289ms]
2025/05/21 05:59:39 worker:[0] reqid:[0] qname:[googleusercontent.com.] qtype:[A] respid:[0] rcode:[NOERROR] respflags:[qr rd ra] err:[<nil>] duration:[83.401381ms]
2025/05/21 05:59:39 worker:[0] reqid:[0] qname:[facebook.com.] qtype:[A] respid:[0] rcode:[NOERROR] respflags:[qr rd ra] err:[<nil>] duration:[86.496764ms]
2025/05/21 05:59:40 worker:[0] reqid:[0] qname:[instagram.com.] qtype:[A] respid:[0] rcode:[NOERROR] respflags:[qr rd ra] err:[<nil>] duration:[91.948461ms]
2025/05/21 05:59:40 worker:[0] reqid:[0] qname:[wikipedia.org.] qtype:[A] respid:[0] rcode:[NOERROR] respflags:[qr rd ra] err:[<nil>] duration:[82.548672ms]
2025/05/21 05:59:40 worker:[0] reqid:[0] qname:[x.com.] qtype:[A] respid:[0] rcode:[NOERROR] respflags:[qr rd ra] err:[<nil>] duration:[83.536908ms]
2025/05/21 05:59:40 worker:[0] reqid:[0] qname:[amazon.com.] qtype:[A] respid:[0] rcode:[NOERROR] respflags:[qr rd ra] err:[<nil>] duration:[83.776753ms]
2025/05/21 05:59:40 worker:[0] reqid:[0] qname:[tiktok.com.] qtype:[A] respid:[0] rcode:[NOERROR] respflags:[qr rd ra] err:[<nil>] duration:[102.844511ms]
2025/05/21 05:59:40 worker:[0] reqid:[0] qname:[whatsapp.com.] qtype:[A] respid:[0] rcode:[NOERROR] respflags:[qr rd ra] err:[<nil>] duration:[153.342463ms]
2025/05/21 05:59:40 worker:[0] reqid:[0] qname:[yahoo.com.] qtype:[A] respid:[0] rcode:[NOERROR] respflags:[qr rd ra] err:[<nil>] duration:[85.542733ms]
2025/05/21 05:59:40 worker:[0] reqid:[0] qname:[google.com.] qtype:[A] respid:[0] rcode:[NOERROR] respflags:[qr rd ra] err:[<nil>] duration:[88.126539ms]
2025/05/21 05:59:40 worker:[0] reqid:[0] qname:[googleusercontent.com.] qtype:[A] respid:[0] rcode:[NOERROR] respflags:[qr rd ra] err:[<nil>] duration:[85.829335ms]
2025/05/21 05:59:40 worker:[0] reqid:[0] qname:[facebook.com.] qtype:[A] respid:[0] rcode:[NOERROR] respflags:[qr rd ra] err:[<nil>] duration:[90.499751ms]
2025/05/21 05:59:41 worker:[0] reqid:[0] qname:[instagram.com.] qtype:[A] respid:[0] rcode:[NOERROR] respflags:[qr rd ra] err:[<nil>] duration:[220.556988ms]
2025/05/21 05:59:41 worker:[0] reqid:[0] qname:[wikipedia.org.] qtype:[A] respid:[0] rcode:[NOERROR] respflags:[qr rd ra] err:[<nil>] duration:[85.191388ms]
2025/05/21 05:59:41 worker:[0] reqid:[0] qname:[x.com.] qtype:[A] respid:[0] rcode:[NOERROR] respflags:[qr rd ra] err:[<nil>] duration:[85.482031ms]
2025/05/21 05:59:41 worker:[0] reqid:[0] qname:[amazon.com.] qtype:[A] respid:[0] rcode:[NOERROR] respflags:[qr rd ra] err:[<nil>] duration:[211.365237ms]
2025/05/21 05:59:41 worker:[0] reqid:[0] qname:[tiktok.com.] qtype:[A] respid:[0] rcode:[NOERROR] respflags:[qr rd ra] err:[<nil>] duration:[86.555171ms]
2025/05/21 05:59:41 worker:[0] reqid:[0] qname:[whatsapp.com.] qtype:[A] respid:[0] rcode:[NOERROR] respflags:[qr rd ra] err:[<nil>] duration:[84.50057ms]
2025/05/21 05:59:41 worker:[0] reqid:[0] qname:[yahoo.com.] qtype:[A] respid:[0] rcode:[NOERROR] respflags:[qr rd ra] err:[<nil>] duration:[86.652456ms]
2025/05/21 05:59:41 worker:[0] reqid:[0] qname:[google.com.] qtype:[A] respid:[0] rcode:[NOERROR] respflags:[qr rd ra] err:[<nil>] duration:[83.04087ms]
2025/05/21 05:59:41 worker:[0] reqid:[0] qname:[googleusercontent.com.] qtype:[A] respid:[0] rcode:[NOERROR] respflags:[qr rd ra] err:[<nil>] duration:[96.299483ms]
2025/05/21 05:59:42 worker:[0] reqid:[0] qname:[facebook.com.] qtype:[A] respid:[0] rcode:[NOERROR] respflags:[qr rd ra] err:[<nil>] duration:[216.427584ms]
2025/05/21 05:59:42 worker:[0] reqid:[0] qname:[instagram.com.] qtype:[A] respid:[0] rcode:[NOERROR] respflags:[qr rd ra] err:[<nil>] duration:[84.574562ms]
2025/05/21 05:59:42 worker:[0] reqid:[0] qname:[wikipedia.org.] qtype:[A] respid:[0] rcode:[NOERROR] respflags:[qr rd ra] err:[<nil>] duration:[213.059213ms]
2025/05/21 05:59:42 worker:[0] reqid:[0] qname:[x.com.] qtype:[A] respid:[0] rcode:[NOERROR] respflags:[qr rd ra] err:[<nil>] duration:[85.055286ms]
2025/05/21 05:59:42 worker:[0] reqid:[0] qname:[amazon.com.] qtype:[A] respid:[0] rcode:[NOERROR] respflags:[qr rd ra] err:[<nil>] duration:[211.654932ms]
2025/05/21 05:59:42 worker:[0] reqid:[0] qname:[tiktok.com.] qtype:[A] respid:[0] rcode:[NOERROR] respflags:[qr rd ra] err:[<nil>] duration:[83.730695ms]
2025/05/21 05:59:42 worker:[0] reqid:[0] qname:[whatsapp.com.] qtype:[A] respid:[0] rcode:[NOERROR] respflags:[qr rd ra] err:[<nil>] duration:[113.907082ms]
2025/05/21 05:59:43 worker:[0] reqid:[0] qname:[yahoo.com.] qtype:[A] respid:[0] rcode:[NOERROR] respflags:[qr rd ra] err:[<nil>] duration:[237.383396ms]
2025/05/21 05:59:43 worker:[0] reqid:[0] qname:[google.com.] qtype:[A] respid:[0] rcode:[NOERROR] respflags:[qr rd ra] err:[<nil>] duration:[85.339907ms]
2025/05/21 05:59:43 worker:[0] reqid:[0] qname:[googleusercontent.com.] qtype:[A] respid:[0] rcode:[NOERROR] respflags:[qr rd ra] err:[<nil>] duration:[99.065271ms]
2025/05/21 05:59:43 worker:[0] reqid:[0] qname:[facebook.com.] qtype:[A] respid:[0] rcode:[NOERROR] respflags:[qr rd ra] err:[<nil>] duration:[239.547065ms]
2025/05/21 05:59:43 worker:[0] reqid:[0] qname:[instagram.com.] qtype:[A] respid:[0] rcode:[NOERROR] respflags:[qr rd ra] err:[<nil>] duration:[85.114824ms]
2025/05/21 05:59:43 worker:[0] reqid:[0] qname:[wikipedia.org.] qtype:[A] respid:[0] rcode:[NOERROR] respflags:[qr rd ra] err:[<nil>] duration:[85.536757ms]
2025/05/21 05:59:43 worker:[0] reqid:[0] qname:[x.com.] qtype:[A] respid:[0] rcode:[NOERROR] respflags:[qr rd ra] err:[<nil>] duration:[86.669386ms]
2025/05/21 05:59:43 worker:[0] reqid:[0] qname:[amazon.com.] qtype:[A] respid:[0] rcode:[NOERROR] respflags:[qr rd ra] err:[<nil>] duration:[82.97717ms]
2025/05/21 05:59:44 worker:[0] reqid:[0] qname:[tiktok.com.] qtype:[A] respid:[0] rcode:[NOERROR] respflags:[qr rd ra] err:[<nil>] duration:[89.673305ms]
2025/05/21 05:59:44 worker:[0] reqid:[0] qname:[whatsapp.com.] qtype:[A] respid:[0] rcode:[NOERROR] respflags:[qr rd ra] err:[<nil>] duration:[84.529064ms]
2025/05/21 05:59:44 worker:[0] reqid:[0] qname:[yahoo.com.] qtype:[A] respid:[0] rcode:[NOERROR] respflags:[qr rd ra] err:[<nil>] duration:[83.623469ms]
2025/05/21 05:59:44 worker:[0] reqid:[0] qname:[google.com.] qtype:[A] respid:[0] rcode:[NOERROR] respflags:[qr rd ra] err:[<nil>] duration:[83.514691ms]
2025/05/21 05:59:44 worker:[0] reqid:[0] qname:[googleusercontent.com.] qtype:[A] respid:[0] rcode:[NOERROR] respflags:[qr rd ra] err:[<nil>] duration:[85.202149ms]
2025/05/21 05:59:44 worker:[0] reqid:[0] qname:[facebook.com.] qtype:[A] respid:[0] rcode:[NOERROR] respflags:[qr rd ra] err:[<nil>] duration:[84.243291ms]
2025/05/21 05:59:44 worker:[0] reqid:[0] qname:[instagram.com.] qtype:[A] respid:[0] rcode:[NOERROR] respflags:[qr rd ra] err:[<nil>] duration:[211.495889ms]
2025/05/21 05:59:44 worker:[0] reqid:[0] qname:[wikipedia.org.] qtype:[A] respid:[0] rcode:[NOERROR] respflags:[qr rd ra] err:[<nil>] duration:[83.255424ms]
2025/05/21 05:59:44 worker:[0] reqid:[0] qname:[x.com.] qtype:[A] respid:[0] rcode:[NOERROR] respflags:[qr rd ra] err:[<nil>] duration:[83.653214ms]
2025/05/21 05:59:44 worker:[0] reqid:[0] qname:[amazon.com.] qtype:[A] respid:[0] rcode:[NOERROR] respflags:[qr rd ra] err:[<nil>] duration:[100.831328ms]
2025/05/21 05:59:45 worker:[0] reqid:[0] qname:[tiktok.com.] qtype:[A] respid:[0] rcode:[NOERROR] respflags:[qr rd ra] err:[<nil>] duration:[222.148379ms]
2025/05/21 05:59:45 worker:[0] reqid:[0] qname:[whatsapp.com.] qtype:[A] respid:[0] rcode:[NOERROR] respflags:[qr rd ra] err:[<nil>] duration:[96.839854ms]
2025/05/21 05:59:45 worker:[0] reqid:[0] qname:[yahoo.com.] qtype:[A] respid:[0] rcode:[NOERROR] respflags:[qr rd ra] err:[<nil>] duration:[84.791899ms]
2025/05/21 05:59:45 worker:[0] reqid:[0] qname:[google.com.] qtype:[A] respid:[0] rcode:[NOERROR] respflags:[qr rd ra] err:[<nil>] duration:[83.476375ms]
2025/05/21 05:59:45 worker:[0] reqid:[0] qname:[googleusercontent.com.] qtype:[A] respid:[0] rcode:[NOERROR] respflags:[qr rd ra] err:[<nil>] duration:[84.241274ms]
2025/05/21 05:59:45 worker:[0] reqid:[0] qname:[facebook.com.] qtype:[A] respid:[0] rcode:[NOERROR] respflags:[qr rd ra] err:[<nil>] duration:[101.837379ms]
2025/05/21 05:59:45 worker:[0] reqid:[0] qname:[instagram.com.] qtype:[A] respid:[0] rcode:[NOERROR] respflags:[qr rd ra] err:[<nil>] duration:[86.442946ms]
2025/05/21 05:59:45 worker:[0] reqid:[0] qname:[wikipedia.org.] qtype:[A] respid:[0] rcode:[NOERROR] respflags:[qr rd ra] err:[<nil>] duration:[85.368101ms]
2025/05/21 05:59:45 worker:[0] reqid:[0] qname:[x.com.] qtype:[A] respid:[0] rcode:[NOERROR] respflags:[qr rd ra] err:[<nil>] duration:[84.479032ms]
2025/05/21 05:59:45 worker:[0] reqid:[0] qname:[amazon.com.] qtype:[A] respid:[0] rcode:[NOERROR] respflags:[qr rd ra] err:[<nil>] duration:[85.170288ms]
2025/05/21 05:59:46 worker:[0] reqid:[0] qname:[tiktok.com.] qtype:[A] respid:[0] rcode:[NOERROR] respflags:[qr rd ra] err:[<nil>] duration:[83.108155ms]
2025/05/21 05:59:46 worker:[0] reqid:[0] qname:[whatsapp.com.] qtype:[A] respid:[0] rcode:[NOERROR] respflags:[qr rd ra] err:[<nil>] duration:[84.272165ms]
2025/05/21 05:59:46 worker:[0] reqid:[0] qname:[yahoo.com.] qtype:[A] respid:[0] rcode:[NOERROR] respflags:[qr rd ra] err:[<nil>] duration:[86.992147ms]
2025/05/21 05:59:46 worker:[0] reqid:[0] qname:[google.com.] qtype:[A] respid:[0] rcode:[NOERROR] respflags:[qr rd ra] err:[<nil>] duration:[86.303501ms]
2025/05/21 05:59:46 worker:[0] reqid:[0] qname:[googleusercontent.com.] qtype:[A] respid:[0] rcode:[NOERROR] respflags:[qr rd ra] err:[<nil>] duration:[210.72251ms]
2025/05/21 05:59:46 worker:[0] reqid:[0] qname:[facebook.com.] qtype:[A] respid:[0] rcode:[NOERROR] respflags:[qr rd ra] err:[<nil>] duration:[86.847977ms]
2025/05/21 05:59:46 worker:[0] reqid:[0] qname:[instagram.com.] qtype:[A] respid:[0] rcode:[NOERROR] respflags:[qr rd ra] err:[<nil>] duration:[100.016083ms]
2025/05/21 05:59:46 worker:[0] reqid:[0] qname:[wikipedia.org.] qtype:[A] respid:[0] rcode:[NOERROR] respflags:[qr rd ra] err:[<nil>] duration:[83.026327ms]
2025/05/21 05:59:46 worker:[0] reqid:[0] qname:[x.com.] qtype:[A] respid:[0] rcode:[NOERROR] respflags:[qr rd ra] err:[<nil>] duration:[83.588256ms]
2025/05/21 05:59:47 worker:[0] reqid:[0] qname:[amazon.com.] qtype:[A] respid:[0] rcode:[NOERROR] respflags:[qr rd ra] err:[<nil>] duration:[216.128791ms]
2025/05/21 05:59:47 worker:[0] reqid:[0] qname:[tiktok.com.] qtype:[A] respid:[0] rcode:[NOERROR] respflags:[qr rd ra] err:[<nil>] duration:[88.451301ms]
2025/05/21 05:59:47 worker:[0] reqid:[0] qname:[whatsapp.com.] qtype:[A] respid:[0] rcode:[NOERROR] respflags:[qr rd ra] err:[<nil>] duration:[82.673004ms]
2025/05/21 05:59:47 worker:[0] reqid:[0] qname:[yahoo.com.] qtype:[A] respid:[0] rcode:[NOERROR] respflags:[qr rd ra] err:[<nil>] duration:[84.78569ms]
2025/05/21 05:59:47 worker:[0] reqid:[0] qname:[google.com.] qtype:[A] respid:[0] rcode:[NOERROR] respflags:[qr rd ra] err:[<nil>] duration:[84.336034ms]
2025/05/21 05:59:47 worker:[0] reqid:[0] qname:[googleusercontent.com.] qtype:[A] respid:[0] rcode:[NOERROR] respflags:[qr rd ra] err:[<nil>] duration:[85.257232ms]
2025/05/21 05:59:47 worker:[0] reqid:[0] qname:[facebook.com.] qtype:[A] respid:[0] rcode:[NOERROR] respflags:[qr rd ra] err:[<nil>] duration:[85.212703ms]
2025/05/21 05:59:47 worker:[0] reqid:[0] qname:[instagram.com.] qtype:[A] respid:[0] rcode:[NOERROR] respflags:[qr rd ra] err:[<nil>] duration:[204.563003ms]
2025/05/21 05:59:47 worker:[0] reqid:[0] qname:[wikipedia.org.] qtype:[A] respid:[0] rcode:[NOERROR] respflags:[qr rd ra] err:[<nil>] duration:[87.853643ms]
2025/05/21 05:59:47 worker:[0] reqid:[0] qname:[x.com.] qtype:[A] respid:[0] rcode:[NOERROR] respflags:[qr rd ra] err:[<nil>] duration:[83.613194ms]
2025/05/21 05:59:48 worker:[0] reqid:[0] qname:[amazon.com.] qtype:[A] respid:[0] rcode:[NOERROR] respflags:[qr rd ra] err:[<nil>] duration:[84.467818ms]
2025/05/21 05:59:48 worker:[0] reqid:[0] qname:[tiktok.com.] qtype:[A] respid:[0] rcode:[NOERROR] respflags:[qr rd ra] err:[<nil>] duration:[83.933597ms]
2025/05/21 05:59:48 worker:[0] reqid:[0] qname:[whatsapp.com.] qtype:[A] respid:[0] rcode:[NOERROR] respflags:[qr rd ra] err:[<nil>] duration:[84.235873ms]
2025/05/21 05:59:48 worker:[0] reqid:[0] qname:[yahoo.com.] qtype:[A] respid:[0] rcode:[NOERROR] respflags:[qr rd ra] err:[<nil>] duration:[84.459811ms]
2025/05/21 05:59:48 worker:[0] reqid:[0] qname:[google.com.] qtype:[A] respid:[0] rcode:[NOERROR] respflags:[qr rd ra] err:[<nil>] duration:[492.645822ms]
2025/05/21 05:59:48 worker:[0] reqid:[0] qname:[googleusercontent.com.] qtype:[A] respid:[0] rcode:[NOERROR] respflags:[qr rd ra] err:[<nil>] duration:[84.094015ms]
2025/05/21 05:59:48 worker:[0] reqid:[0] qname:[facebook.com.] qtype:[A] respid:[0] rcode:[NOERROR] respflags:[qr rd ra] err:[<nil>] duration:[88.272588ms]
2025/05/21 05:59:49 worker:[0] reqid:[0] qname:[instagram.com.] qtype:[A] respid:[0] rcode:[NOERROR] respflags:[qr rd ra] err:[<nil>] duration:[85.491769ms]
2025/05/21 05:59:49 worker:[0] reqid:[0] qname:[wikipedia.org.] qtype:[A] respid:[0] rcode:[NOERROR] respflags:[qr rd ra] err:[<nil>] duration:[96.424874ms]
2025/05/21 05:59:49 worker:[0] reqid:[0] qname:[x.com.] qtype:[A] respid:[0] rcode:[NOERROR] respflags:[qr rd ra] err:[<nil>] duration:[220.928878ms]
2025/05/21 05:59:49 worker:[0] reqid:[0] qname:[amazon.com.] qtype:[A] respid:[0] rcode:[NOERROR] respflags:[qr rd ra] err:[<nil>] duration:[83.84505ms]
2025/05/21 05:59:49 worker:[0] reqid:[0] qname:[tiktok.com.] qtype:[A] respid:[0] rcode:[NOERROR] respflags:[qr rd ra] err:[<nil>] duration:[93.290481ms]
2025/05/21 05:59:49 worker:[0] reqid:[0] qname:[whatsapp.com.] qtype:[A] respid:[0] rcode:[NOERROR] respflags:[qr rd ra] err:[<nil>] duration:[85.462649ms]
2025/05/21 05:59:49 worker:[0] reqid:[0] qname:[yahoo.com.] qtype:[A] respid:[0] rcode:[NOERROR] respflags:[qr rd ra] err:[<nil>] duration:[87.018736ms]
