2025/05/21 04:12:16 worker:[0] reqid:[45341] qname:[google.com.] qtype:[A] respid:[45341] rcode:[NOERROR] respflags:[qr rd ra] err:[<nil>] duration:[6.740658ms]
2025/05/21 04:12:17 worker:[0] reqid:[20940] qname:[googleusercontent.com.] qtype:[A] respid:[20940] rcode:[NOERROR] respflags:[qr rd ra] err:[<nil>] duration:[81.1866ms]
2025/05/21 04:12:17 worker:[0] reqid:[48829] qname:[facebook.com.] qtype:[A] respid:[48829] rcode:[NOERROR] respflags:[qr rd ra] err:[<nil>] duration:[3.352321ms]
2025/05/21 04:12:17 worker:[0] reqid:[21132] qname:[instagram.com.] qtype:[A] respid:[21132] rcode:[NOERROR] respflags:[qr rd ra] err:[<nil>] duration:[3.243089ms]
2025/05/21 04:12:17 worker:[0] reqid:[6069] qname:[wikipedia.org.] qtype:[A] respid:[6069] rcode:[NOERROR] respflags:[qr rd ra] err:[<nil>] duration:[81.221964ms]
2025/05/21 04:12:17 worker:[0] reqid:[5591] qname:[x.com.] qtype:[A] respid:[5591] rcode:[NOERROR] respflags:[qr rd ra] err:[<nil>] duration:[1.638833ms]
2025/05/21 04:12:17 worker:[0] reqid:[51321] qname:[amazon.com.] qtype:[A] respid:[51321] rcode:[NOERROR] respflags:[qr rd ra] err:[<nil>] duration:[82.065008ms]
2025/05/21 04:12:17 worker:[0] reqid:[53714] qname:[tiktok.com.] qtype:[A] respid:[53714] rcode:[NOERROR] respflags:[qr rd ra] err:[<nil>] duration:[5.146733ms]
2025/05/21 04:12:17 worker:[0] reqid:[40930] qname:[whatsapp.com.] qtype:[A] respid:[40930] rcode:[NOERROR] respflags:[qr rd ra] err:[<nil>] duration:[94.551805ms]
2025/05/21 04:12:17 worker:[0] reqid:[42519] qname:[yahoo.com.] qtype:[A] respid:[42519] rcode:[NOERROR] respflags:[qr rd ra] err:[<nil>] duration:[86.682103ms]
2025/05/21 04:12:17 worker:[0] reqid:[26309] qname:[google.com.] qtype:[A] respid:[26309] rcode:[NOERROR] respflags:[qr rd ra] err:[<nil>] duration:[3.916765ms]
2025/05/21 04:12:17 worker:[0] reqid:[13474] qname:[googleusercontent.com.] qtype:[A] respid:[13474] rcode:[NOERROR] respflags:[qr rd ra] err:[<nil>] duration:[251.838935ms]
2025/05/21 04:12:17 worker:[0] reqid:[13330] qname:[facebook.com.] qtype:[A] respid:[13330] rcode:[NOERROR] respflags:[qr rd ra] err:[<nil>] duration:[5.788727ms]
2025/05/21 04:12:17 worker:[0] reqid:[35955] qname:[instagram.com.] qtype:[A] respid:[35955] rcode:[NOERROR] respflags:[qr rd ra] err:[<nil>] duration:[4.832195ms]
2025/05/21 04:12:17 worker:[0] reqid:[50349] qname:[wikipedia.org.] qtype:[A] respid:[50349] rcode:[NOERROR] respflags:[qr rd ra] err:[<nil>] duration:[83.230498ms]
2025/05/21 04:12:22 worker:[0] reqid:[4384] qname:[x.com.] qtype:[A] respid:[<nil>] rcode:[<nil>] respflags:[<nil>] err:[read udp 192.168.83.137:50837->94.140.14.49:53: i/o timeout] duration:[5.001034224s]
2025/05/21 04:12:22 worker:[0] reqid:[4464] qname:[amazon.com.] qtype:[A] respid:[4464] rcode:[NOERROR] respflags:[qr rd ra] err:[<nil>] duration:[106.234758ms]
2025/05/21 04:12:22 worker:[0] reqid:[20548] qname:[tiktok.com.] qtype:[A] respid:[20548] rcode:[NOERROR] respflags:[qr rd ra] err:[<nil>] duration:[4.970284ms]
2025/05/21 04:12:22 worker:[0] reqid:[33515] qname:[whatsapp.com.] qtype:[A] respid:[33515] rcode:[NOERROR] respflags:[qr rd ra] err:[<nil>] duration:[92.31333ms]
2025/05/21 04:12:27 worker:[0] reqid:[8311] qname:[yahoo.com.] qtype:[A] respid:[<nil>] rcode:[<nil>] respflags:[<nil>] err:[read udp 192.168.83.137:44928->94.140.14.49:53: i/o timeout] duration:[5.000232403s]
2025/05/21 04:12:27 worker:[0] reqid:[15529] qname:[google.com.] qtype:[A] respid:[15529] rcode:[NOERROR] respflags:[qr rd ra] err:[<nil>] duration:[12.433083ms]
2025/05/21 04:12:28 worker:[0] reqid:[44028] qname:[googleusercontent.com.] qtype:[A] respid:[44028] rcode:[NOERROR] respflags:[qr rd ra] err:[<nil>] duration:[80.888519ms]
2025/05/21 04:12:28 worker:[0] reqid:[35120] qname:[facebook.com.] qtype:[A] respid:[35120] rcode:[NOERROR] respflags:[qr rd ra] err:[<nil>] duration:[3.668803ms]
2025/05/21 04:12:28 worker:[0] reqid:[56393] qname:[instagram.com.] qtype:[A] respid:[56393] rcode:[NOERROR] respflags:[qr rd ra] err:[<nil>] duration:[3.457644ms]
2025/05/21 04:12:28 worker:[0] reqid:[16212] qname:[wikipedia.org.] qtype:[A] respid:[16212] rcode:[NOERROR] respflags:[qr rd ra] err:[<nil>] duration:[79.933862ms]
2025/05/21 04:12:28 worker:[0] reqid:[28400] qname:[x.com.] qtype:[A] respid:[28400] rcode:[NOERROR] respflags:[qr rd ra] err:[<nil>] duration:[3.395488ms]
2025/05/21 04:12:28 worker:[0] reqid:[21629] qname:[amazon.com.] qtype:[A] respid:[21629] rcode:[NOERROR] respflags:[qr rd ra] err:[<nil>] duration:[79.915549ms]
2025/05/21 04:12:28 worker:[0] reqid:[44460] qname:[tiktok.com.] qtype:[A] respid:[44460] rcode:[NOERROR] respflags:[qr rd ra] err:[<nil>] duration:[2.962842ms]
2025/05/21 04:12:28 worker:[0] reqid:[48135] qname:[whatsapp.com.] qtype:[A] respid:[48135] rcode:[NOERROR] respflags:[qr rd ra] err:[<nil>] duration:[79.386844ms]
2025/05/21 04:12:28 worker:[0] reqid:[41062] qname:[yahoo.com.] qtype:[A] respid:[41062] rcode:[NOERROR] respflags:[qr rd ra] err:[<nil>] duration:[79.261861ms]
2025/05/21 04:12:28 worker:[0] reqid:[39447] qname:[google.com.] qtype:[A] respid:[39447] rcode:[NOERROR] respflags:[qr rd ra] err:[<nil>] duration:[3.067773ms]
2025/05/21 04:12:28 worker:[0] reqid:[3869] qname:[googleusercontent.com.] qtype:[A] respid:[3869] rcode:[NOERROR] respflags:[qr rd ra] err:[<nil>] duration:[81.423132ms]
2025/05/21 04:12:28 worker:[0] reqid:[34967] qname:[facebook.com.] qtype:[A] respid:[34967] rcode:[NOERROR] respflags:[qr rd ra] err:[<nil>] duration:[3.722589ms]
2025/05/21 04:12:28 worker:[0] reqid:[31556] qname:[instagram.com.] qtype:[A] respid:[31556] rcode:[NOERROR] respflags:[qr rd ra] err:[<nil>] duration:[5.298478ms]
2025/05/21 04:12:28 worker:[0] reqid:[54916] qname:[wikipedia.org.] qtype:[A] respid:[54916] rcode:[NOERROR] respflags:[qr rd ra] err:[<nil>] duration:[84.470012ms]
2025/05/21 04:12:28 worker:[0] reqid:[43367] qname:[x.com.] qtype:[A] respid:[43367] rcode:[NOERROR] respflags:[qr rd ra] err:[<nil>] duration:[9.184065ms]
2025/05/21 04:12:28 worker:[0] reqid:[10019] qname:[amazon.com.] qtype:[A] respid:[10019] rcode:[NOERROR] respflags:[qr rd ra] err:[<nil>] duration:[79.962788ms]
2025/05/21 04:12:28 worker:[0] reqid:[7992] qname:[tiktok.com.] qtype:[A] respid:[7992] rcode:[NOERROR] respflags:[qr rd ra] err:[<nil>] duration:[3.347373ms]
2025/05/21 04:12:28 worker:[0] reqid:[41692] qname:[whatsapp.com.] qtype:[A] respid:[41692] rcode:[NOERROR] respflags:[qr rd ra] err:[<nil>] duration:[80.725743ms]
2025/05/21 04:12:28 worker:[0] reqid:[56907] qname:[yahoo.com.] qtype:[A] respid:[56907] rcode:[NOERROR] respflags:[qr rd ra] err:[<nil>] duration:[79.660968ms]
2025/05/21 04:12:28 worker:[0] reqid:[51915] qname:[google.com.] qtype:[A] respid:[51915] rcode:[NOERROR] respflags:[qr rd ra] err:[<nil>] duration:[4.712588ms]
2025/05/21 04:12:28 worker:[0] reqid:[58371] qname:[googleusercontent.com.] qtype:[A] respid:[58371] rcode:[NOERROR] respflags:[qr rd ra] err:[<nil>] duration:[80.184812ms]
2025/05/21 04:12:28 worker:[0] reqid:[50235] qname:[facebook.com.] qtype:[A] respid:[50235] rcode:[NOERROR] respflags:[qr rd ra] err:[<nil>] duration:[3.148582ms]
2025/05/21 04:12:33 worker:[0] reqid:[54654] qname:[instagram.com.] qtype:[A] respid:[<nil>] rcode:[<nil>] respflags:[<nil>] err:[read udp 192.168.83.137:60393->94.140.14.49:53: i/o timeout] duration:[5.001537477s]
2025/05/21 04:12:38 worker:[0] reqid:[6712] qname:[wikipedia.org.] qtype:[A] respid:[<nil>] rcode:[<nil>] respflags:[<nil>] err:[dial udp: lookup 245cca3b.d.adguard-dns.com: i/o timeout] duration:[5.000468175s]
2025/05/21 04:12:38 worker:[0] reqid:[50255] qname:[x.com.] qtype:[A] respid:[50255] rcode:[NOERROR] respflags:[qr rd ra] err:[<nil>] duration:[6.188832ms]
2025/05/21 04:12:39 worker:[0] reqid:[23689] qname:[amazon.com.] qtype:[A] respid:[23689] rcode:[NOERROR] respflags:[qr rd ra] err:[<nil>] duration:[79.117239ms]
2025/05/21 04:12:39 worker:[0] reqid:[15954] qname:[tiktok.com.] qtype:[A] respid:[15954] rcode:[NOERROR] respflags:[qr rd ra] err:[<nil>] duration:[5.559085ms]
2025/05/21 04:12:39 worker:[0] reqid:[51577] qname:[whatsapp.com.] qtype:[A] respid:[51577] rcode:[NOERROR] respflags:[qr rd ra] err:[<nil>] duration:[77.140206ms]
2025/05/21 04:12:39 worker:[0] reqid:[52043] qname:[yahoo.com.] qtype:[A] respid:[52043] rcode:[NOERROR] respflags:[qr rd ra] err:[<nil>] duration:[76.565174ms]
2025/05/21 04:12:39 worker:[0] reqid:[16364] qname:[google.com.] qtype:[A] respid:[16364] rcode:[NOERROR] respflags:[qr rd ra] err:[<nil>] duration:[2.669416ms]
2025/05/21 04:12:39 worker:[0] reqid:[32964] qname:[googleusercontent.com.] qtype:[A] respid:[32964] rcode:[NOERROR] respflags:[qr rd ra] err:[<nil>] duration:[76.26201ms]
2025/05/21 04:12:39 worker:[0] reqid:[12531] qname:[facebook.com.] qtype:[A] respid:[12531] rcode:[NOERROR] respflags:[qr rd ra] err:[<nil>] duration:[2.46662ms]
2025/05/21 04:12:39 worker:[0] reqid:[47449] qname:[instagram.com.] qtype:[A] respid:[47449] rcode:[NOERROR] respflags:[qr rd ra] err:[<nil>] duration:[3.142384ms]
2025/05/21 04:12:39 worker:[0] reqid:[27003] qname:[wikipedia.org.] qtype:[A] respid:[27003] rcode:[NOERROR] respflags:[qr rd ra] err:[<nil>] duration:[77.011137ms]
2025/05/21 04:12:39 worker:[0] reqid:[46810] qname:[x.com.] qtype:[A] respid:[46810] rcode:[NOERROR] respflags:[qr rd ra] err:[<nil>] duration:[3.386825ms]
2025/05/21 04:12:39 worker:[0] reqid:[38320] qname:[amazon.com.] qtype:[A] respid:[38320] rcode:[NOERROR] respflags:[qr rd ra] err:[<nil>] duration:[76.392242ms]
2025/05/21 04:12:44 worker:[0] reqid:[22391] qname:[tiktok.com.] qtype:[A] respid:[<nil>] rcode:[<nil>] respflags:[<nil>] err:[read udp 192.168.83.137:44195->94.140.14.49:53: i/o timeout] duration:[5.00101034s]
2025/05/21 04:12:44 worker:[0] reqid:[21841] qname:[whatsapp.com.] qtype:[A] respid:[21841] rcode:[NOERROR] respflags:[qr rd ra] err:[<nil>] duration:[80.966374ms]
2025/05/21 04:12:44 worker:[0] reqid:[2176] qname:[yahoo.com.] qtype:[A] respid:[2176] rcode:[NOERROR] respflags:[qr rd ra] err:[<nil>] duration:[79.547876ms]
2025/05/21 04:12:44 worker:[0] reqid:[44486] qname:[google.com.] qtype:[A] respid:[44486] rcode:[NOERROR] respflags:[qr rd ra] err:[<nil>] duration:[6.867795ms]
2025/05/21 04:12:49 worker:[0] reqid:[18099] qname:[googleusercontent.com.] qtype:[A] respid:[<nil>] rcode:[<nil>] respflags:[<nil>] err:[read udp 192.168.83.137:35265->94.140.14.49:53: i/o timeout] duration:[5.000748121s]
2025/05/21 04:12:49 worker:[0] reqid:[5860] qname:[facebook.com.] qtype:[A] respid:[5860] rcode:[NOERROR] respflags:[qr rd ra] err:[<nil>] duration:[7.822431ms]
2025/05/21 04:12:49 worker:[0] reqid:[54709] qname:[instagram.com.] qtype:[A] respid:[54709] rcode:[NOERROR] respflags:[qr rd ra] err:[<nil>] duration:[3.093908ms]
2025/05/21 04:12:49 worker:[0] reqid:[56754] qname:[wikipedia.org.] qtype:[A] respid:[56754] rcode:[NOERROR] respflags:[qr rd ra] err:[<nil>] duration:[91.979296ms]
2025/05/21 04:12:49 worker:[0] reqid:[24715] qname:[x.com.] qtype:[A] respid:[24715] rcode:[NOERROR] respflags:[qr rd ra] err:[<nil>] duration:[10.125285ms]
2025/05/21 04:12:49 worker:[0] reqid:[33427] qname:[amazon.com.] qtype:[A] respid:[33427] rcode:[NOERROR] respflags:[qr rd ra] err:[<nil>] duration:[95.230854ms]
2025/05/21 04:12:49 worker:[0] reqid:[21623] qname:[tiktok.com.] qtype:[A] respid:[21623] rcode:[NOERROR] respflags:[qr rd ra] err:[<nil>] duration:[10.500045ms]
2025/05/21 04:12:49 worker:[0] reqid:[20595] qname:[whatsapp.com.] qtype:[A] respid:[20595] rcode:[NOERROR] respflags:[qr rd ra] err:[<nil>] duration:[86.285199ms]
2025/05/21 04:12:49 worker:[0] reqid:[59254] qname:[yahoo.com.] qtype:[A] respid:[59254] rcode:[NOERROR] respflags:[qr rd ra] err:[<nil>] duration:[86.109078ms]
2025/05/21 04:12:49 worker:[0] reqid:[65043] qname:[google.com.] qtype:[A] respid:[65043] rcode:[NOERROR] respflags:[qr rd ra] err:[<nil>] duration:[4.240913ms]
2025/05/21 04:12:50 worker:[0] reqid:[40516] qname:[googleusercontent.com.] qtype:[A] respid:[40516] rcode:[NOERROR] respflags:[qr rd ra] err:[<nil>] duration:[87.060663ms]
2025/05/21 04:12:50 worker:[0] reqid:[9555] qname:[facebook.com.] qtype:[A] respid:[9555] rcode:[NOERROR] respflags:[qr rd ra] err:[<nil>] duration:[5.279964ms]
2025/05/21 04:12:50 worker:[0] reqid:[50096] qname:[instagram.com.] qtype:[A] respid:[50096] rcode:[NOERROR] respflags:[qr rd ra] err:[<nil>] duration:[3.567228ms]
2025/05/21 04:12:50 worker:[0] reqid:[14893] qname:[wikipedia.org.] qtype:[A] respid:[14893] rcode:[NOERROR] respflags:[qr rd ra] err:[<nil>] duration:[87.100454ms]
2025/05/21 04:12:50 worker:[0] reqid:[53349] qname:[x.com.] qtype:[A] respid:[53349] rcode:[NOERROR] respflags:[qr rd ra] err:[<nil>] duration:[7.787502ms]
2025/05/21 04:12:50 worker:[0] reqid:[17970] qname:[amazon.com.] qtype:[A] respid:[17970] rcode:[NOERROR] respflags:[qr rd ra] err:[<nil>] duration:[87.415291ms]
2025/05/21 04:12:50 worker:[0] reqid:[63526] qname:[tiktok.com.] qtype:[A] respid:[63526] rcode:[NOERROR] respflags:[qr rd ra] err:[<nil>] duration:[4.156769ms]
2025/05/21 04:12:50 worker:[0] reqid:[12329] qname:[whatsapp.com.] qtype:[A] respid:[12329] rcode:[NOERROR] respflags:[qr rd ra] err:[<nil>] duration:[87.382454ms]
2025/05/21 04:12:50 worker:[0] reqid:[15213] qname:[yahoo.com.] qtype:[A] respid:[15213] rcode:[NOERROR] respflags:[qr rd ra] err:[<nil>] duration:[87.993552ms]
2025/05/21 04:12:50 worker:[0] reqid:[10345] qname:[google.com.] qtype:[A] respid:[10345] rcode:[NOERROR] respflags:[qr rd ra] err:[<nil>] duration:[3.951601ms]
2025/05/21 04:12:50 worker:[0] reqid:[13363] qname:[googleusercontent.com.] qtype:[A] respid:[13363] rcode:[NOERROR] respflags:[qr rd ra] err:[<nil>] duration:[86.720069ms]
2025/05/21 04:12:50 worker:[0] reqid:[37245] qname:[facebook.com.] qtype:[A] respid:[37245] rcode:[NOERROR] respflags:[qr rd ra] err:[<nil>] duration:[3.188562ms]
2025/05/21 04:12:50 worker:[0] reqid:[22356] qname:[instagram.com.] qtype:[A] respid:[22356] rcode:[NOERROR] respflags:[qr rd ra] err:[<nil>] duration:[2.827396ms]
2025/05/21 04:12:50 worker:[0] reqid:[19679] qname:[wikipedia.org.] qtype:[A] respid:[19679] rcode:[NOERROR] respflags:[qr rd ra] err:[<nil>] duration:[89.08732ms]
2025/05/21 04:12:50 worker:[0] reqid:[57456] qname:[x.com.] qtype:[A] respid:[57456] rcode:[NOERROR] respflags:[qr rd ra] err:[<nil>] duration:[2.802502ms]
2025/05/21 04:12:50 worker:[0] reqid:[498] qname:[amazon.com.] qtype:[A] respid:[498] rcode:[NOERROR] respflags:[qr rd ra] err:[<nil>] duration:[87.081781ms]
2025/05/21 04:12:50 worker:[0] reqid:[64643] qname:[tiktok.com.] qtype:[A] respid:[64643] rcode:[NOERROR] respflags:[qr rd ra] err:[<nil>] duration:[4.313308ms]
2025/05/21 04:12:50 worker:[0] reqid:[51779] qname:[whatsapp.com.] qtype:[A] respid:[51779] rcode:[NOERROR] respflags:[qr rd ra] err:[<nil>] duration:[86.175148ms]
2025/05/21 04:12:50 worker:[0] reqid:[1490] qname:[yahoo.com.] qtype:[A] respid:[1490] rcode:[NOERROR] respflags:[qr rd ra] err:[<nil>] duration:[86.513367ms]
2025/05/21 04:12:50 worker:[0] reqid:[39313] qname:[google.com.] qtype:[A] respid:[39313] rcode:[NOERROR] respflags:[qr rd ra] err:[<nil>] duration:[5.156624ms]
2025/05/21 04:12:50 worker:[0] reqid:[62810] qname:[googleusercontent.com.] qtype:[A] respid:[62810] rcode:[NOERROR] respflags:[qr rd ra] err:[<nil>] duration:[89.004702ms]
2025/05/21 04:12:50 worker:[0] reqid:[54217] qname:[facebook.com.] qtype:[A] respid:[54217] rcode:[NOERROR] respflags:[qr rd ra] err:[<nil>] duration:[4.305146ms]
2025/05/21 04:12:51 worker:[0] reqid:[36681] qname:[instagram.com.] qtype:[A] respid:[36681] rcode:[NOERROR] respflags:[qr rd ra] err:[<nil>] duration:[4.385226ms]
2025/05/21 04:12:51 worker:[0] reqid:[61852] qname:[wikipedia.org.] qtype:[A] respid:[61852] rcode:[NOERROR] respflags:[qr rd ra] err:[<nil>] duration:[86.737159ms]
2025/05/21 04:12:51 worker:[0] reqid:[8423] qname:[x.com.] qtype:[A] respid:[8423] rcode:[NOERROR] respflags:[qr rd ra] err:[<nil>] duration:[4.724906ms]
2025/05/21 04:12:51 worker:[0] reqid:[3582] qname:[amazon.com.] qtype:[A] respid:[3582] rcode:[NOERROR] respflags:[qr rd ra] err:[<nil>] duration:[90.88476ms]
2025/05/21 04:12:51 worker:[0] reqid:[41020] qname:[tiktok.com.] qtype:[A] respid:[41020] rcode:[NOERROR] respflags:[qr rd ra] err:[<nil>] duration:[5.24686ms]
2025/05/21 04:12:56 worker:[0] reqid:[61477] qname:[whatsapp.com.] qtype:[A] respid:[<nil>] rcode:[<nil>] respflags:[<nil>] err:[read udp 192.168.83.137:55089->94.140.14.49:53: i/o timeout] duration:[5.000353476s]
2025/05/21 04:12:56 worker:[0] reqid:[42833] qname:[yahoo.com.] qtype:[A] respid:[42833] rcode:[NOERROR] respflags:[qr rd ra] err:[<nil>] duration:[91.246003ms]
2025/05/21 04:12:56 worker:[0] reqid:[28720] qname:[google.com.] qtype:[A] respid:[28720] rcode:[NOERROR] respflags:[qr rd ra] err:[<nil>] duration:[5.844284ms]
2025/05/21 04:12:56 worker:[0] reqid:[49099] qname:[googleusercontent.com.] qtype:[A] respid:[49099] rcode:[NOERROR] respflags:[qr rd ra] err:[<nil>] duration:[89.583575ms]
2025/05/21 04:13:01 worker:[0] reqid:[63277] qname:[facebook.com.] qtype:[A] respid:[<nil>] rcode:[<nil>] respflags:[<nil>] err:[read udp 192.168.83.137:37240->94.140.14.49:53: i/o timeout] duration:[5.000586143s]
2025/05/21 04:13:01 worker:[0] reqid:[62483] qname:[instagram.com.] qtype:[A] respid:[62483] rcode:[NOERROR] respflags:[qr rd ra] err:[<nil>] duration:[13.488408ms]
2025/05/21 04:13:01 worker:[0] reqid:[62567] qname:[wikipedia.org.] qtype:[A] respid:[62567] rcode:[NOERROR] respflags:[qr rd ra] err:[<nil>] duration:[90.189537ms]
2025/05/21 04:13:01 worker:[0] reqid:[63858] qname:[x.com.] qtype:[A] respid:[63858] rcode:[NOERROR] respflags:[qr rd ra] err:[<nil>] duration:[5.536047ms]
2025/05/21 04:13:06 worker:[0] reqid:[45479] qname:[amazon.com.] qtype:[A] respid:[<nil>] rcode:[<nil>] respflags:[<nil>] err:[read udp 192.168.83.137:58198->94.140.14.49:53: i/o timeout] duration:[5.001456273s]
2025/05/21 04:13:06 worker:[0] reqid:[48558] qname:[tiktok.com.] qtype:[A] respid:[48558] rcode:[NOERROR] respflags:[qr rd ra] err:[<nil>] duration:[17.988582ms]
2025/05/21 04:13:06 worker:[0] reqid:[62783] qname:[whatsapp.com.] qtype:[A] respid:[62783] rcode:[NOERROR] respflags:[qr rd ra] err:[<nil>] duration:[78.525966ms]
2025/05/21 04:13:06 worker:[0] reqid:[44233] qname:[yahoo.com.] qtype:[A] respid:[44233] rcode:[NOERROR] respflags:[qr rd ra] err:[<nil>] duration:[87.940242ms]
2025/05/21 04:13:06 worker:[0] reqid:[2427] qname:[google.com.] qtype:[A] respid:[2427] rcode:[NOERROR] respflags:[qr rd ra] err:[<nil>] duration:[8.62167ms]
2025/05/21 04:13:06 worker:[0] reqid:[29728] qname:[googleusercontent.com.] qtype:[A] respid:[29728] rcode:[NOERROR] respflags:[qr rd ra] err:[<nil>] duration:[85.066392ms]
2025/05/21 04:13:06 worker:[0] reqid:[8978] qname:[facebook.com.] qtype:[A] respid:[8978] rcode:[NOERROR] respflags:[qr rd ra] err:[<nil>] duration:[9.974824ms]
2025/05/21 04:13:06 worker:[0] reqid:[14610] qname:[instagram.com.] qtype:[A] respid:[14610] rcode:[NOERROR] respflags:[qr rd ra] err:[<nil>] duration:[11.550137ms]
2025/05/21 04:13:06 worker:[0] reqid:[38674] qname:[wikipedia.org.] qtype:[A] respid:[38674] rcode:[NOERROR] respflags:[qr rd ra] err:[<nil>] duration:[85.376924ms]
2025/05/21 04:13:06 worker:[0] reqid:[54123] qname:[x.com.] qtype:[A] respid:[54123] rcode:[NOERROR] respflags:[qr rd ra] err:[<nil>] duration:[14.602787ms]
2025/05/21 04:13:06 worker:[0] reqid:[3722] qname:[amazon.com.] qtype:[A] respid:[3722] rcode:[NOERROR] respflags:[qr rd ra] err:[<nil>] duration:[78.239181ms]
2025/05/21 04:13:06 worker:[0] reqid:[10572] qname:[tiktok.com.] qtype:[A] respid:[10572] rcode:[NOERROR] respflags:[qr rd ra] err:[<nil>] duration:[6.209558ms]
2025/05/21 04:13:07 worker:[0] reqid:[4666] qname:[whatsapp.com.] qtype:[A] respid:[4666] rcode:[NOERROR] respflags:[qr rd ra] err:[<nil>] duration:[80.901335ms]
2025/05/21 04:13:07 worker:[0] reqid:[51980] qname:[yahoo.com.] qtype:[A] respid:[51980] rcode:[NOERROR] respflags:[qr rd ra] err:[<nil>] duration:[79.591368ms]
2025/05/21 04:13:07 worker:[0] reqid:[33270] qname:[google.com.] qtype:[A] respid:[33270] rcode:[NOERROR] respflags:[qr rd ra] err:[<nil>] duration:[8.203264ms]
2025/05/21 04:13:07 worker:[0] reqid:[56643] qname:[googleusercontent.com.] qtype:[A] respid:[56643] rcode:[NOERROR] respflags:[qr rd ra] err:[<nil>] duration:[80.867527ms]
2025/05/21 04:13:07 worker:[0] reqid:[62989] qname:[facebook.com.] qtype:[A] respid:[62989] rcode:[NOERROR] respflags:[qr rd ra] err:[<nil>] duration:[10.32065ms]
2025/05/21 04:13:07 worker:[0] reqid:[1985] qname:[instagram.com.] qtype:[A] respid:[1985] rcode:[NOERROR] respflags:[qr rd ra] err:[<nil>] duration:[9.406789ms]
2025/05/21 04:13:07 worker:[0] reqid:[27444] qname:[wikipedia.org.] qtype:[A] respid:[27444] rcode:[NOERROR] respflags:[qr rd ra] err:[<nil>] duration:[84.47998ms]
2025/05/21 04:13:07 worker:[0] reqid:[3177] qname:[x.com.] qtype:[A] respid:[3177] rcode:[NOERROR] respflags:[qr rd ra] err:[<nil>] duration:[9.904705ms]
2025/05/21 04:13:07 worker:[0] reqid:[62713] qname:[amazon.com.] qtype:[A] respid:[62713] rcode:[NOERROR] respflags:[qr rd ra] err:[<nil>] duration:[76.772614ms]
2025/05/21 04:13:07 worker:[0] reqid:[59254] qname:[tiktok.com.] qtype:[A] respid:[59254] rcode:[NOERROR] respflags:[qr rd ra] err:[<nil>] duration:[7.383188ms]
2025/05/21 04:13:07 worker:[0] reqid:[43964] qname:[whatsapp.com.] qtype:[A] respid:[43964] rcode:[NOERROR] respflags:[qr rd ra] err:[<nil>] duration:[88.675748ms]
2025/05/21 04:13:07 worker:[0] reqid:[43966] qname:[yahoo.com.] qtype:[A] respid:[43966] rcode:[NOERROR] respflags:[qr rd ra] err:[<nil>] duration:[81.945164ms]
2025/05/21 04:13:07 worker:[0] reqid:[12523] qname:[google.com.] qtype:[A] respid:[12523] rcode:[NOERROR] respflags:[qr rd ra] err:[<nil>] duration:[8.040769ms]
2025/05/21 04:13:07 worker:[0] reqid:[59568] qname:[googleusercontent.com.] qtype:[A] respid:[59568] rcode:[NOERROR] respflags:[qr rd ra] err:[<nil>] duration:[87.330412ms]
2025/05/21 04:13:07 worker:[0] reqid:[7322] qname:[facebook.com.] qtype:[A] respid:[7322] rcode:[NOERROR] respflags:[qr rd ra] err:[<nil>] duration:[13.900787ms]
2025/05/21 04:13:07 worker:[0] reqid:[47200] qname:[instagram.com.] qtype:[A] respid:[47200] rcode:[NOERROR] respflags:[qr rd ra] err:[<nil>] duration:[4.563393ms]
2025/05/21 04:13:08 worker:[0] reqid:[35576] qname:[wikipedia.org.] qtype:[A] respid:[35576] rcode:[NOERROR] respflags:[qr rd ra] err:[<nil>] duration:[427.504639ms]
2025/05/21 04:13:08 worker:[0] reqid:[6341] qname:[x.com.] qtype:[A] respid:[6341] rcode:[NOERROR] respflags:[qr rd ra] err:[<nil>] duration:[5.548338ms]
2025/05/21 04:13:08 worker:[0] reqid:[36256] qname:[amazon.com.] qtype:[A] respid:[36256] rcode:[NOERROR] respflags:[qr rd ra] err:[<nil>] duration:[80.91718ms]
2025/05/21 04:13:08 worker:[0] reqid:[10349] qname:[tiktok.com.] qtype:[A] respid:[10349] rcode:[NOERROR] respflags:[qr rd ra] err:[<nil>] duration:[9.431049ms]
2025/05/21 04:13:13 worker:[0] reqid:[62966] qname:[whatsapp.com.] qtype:[A] respid:[<nil>] rcode:[<nil>] respflags:[<nil>] err:[read udp 192.168.83.137:42855->94.140.14.49:53: i/o timeout] duration:[5.001053343s]
2025/05/21 04:13:18 worker:[0] reqid:[50078] qname:[yahoo.com.] qtype:[A] respid:[<nil>] rcode:[<nil>] respflags:[<nil>] err:[dial udp: lookup 245cca3b.d.adguard-dns.com: i/o timeout] duration:[5.004562135s]
2025/05/21 04:13:18 worker:[0] reqid:[64461] qname:[google.com.] qtype:[A] respid:[64461] rcode:[NOERROR] respflags:[qr rd ra] err:[<nil>] duration:[10.725258ms]
2025/05/21 04:13:18 worker:[0] reqid:[1824] qname:[googleusercontent.com.] qtype:[A] respid:[1824] rcode:[NOERROR] respflags:[qr rd ra] err:[<nil>] duration:[90.92425ms]
2025/05/21 04:13:18 worker:[0] reqid:[59814] qname:[facebook.com.] qtype:[A] respid:[59814] rcode:[NOERROR] respflags:[qr rd ra] err:[<nil>] duration:[2.879646ms]
2025/05/21 04:13:18 worker:[0] reqid:[9563] qname:[instagram.com.] qtype:[A] respid:[9563] rcode:[NOERROR] respflags:[qr rd ra] err:[<nil>] duration:[3.130328ms]
2025/05/21 04:13:18 worker:[0] reqid:[9920] qname:[wikipedia.org.] qtype:[A] respid:[9920] rcode:[NOERROR] respflags:[qr rd ra] err:[<nil>] duration:[92.213832ms]
2025/05/21 04:13:18 worker:[0] reqid:[2545] qname:[x.com.] qtype:[A] respid:[2545] rcode:[NOERROR] respflags:[qr rd ra] err:[<nil>] duration:[5.483753ms]
2025/05/21 04:13:18 worker:[0] reqid:[12933] qname:[amazon.com.] qtype:[A] respid:[12933] rcode:[NOERROR] respflags:[qr rd ra] err:[<nil>] duration:[91.543364ms]
2025/05/21 04:13:18 worker:[0] reqid:[55827] qname:[tiktok.com.] qtype:[A] respid:[55827] rcode:[NOERROR] respflags:[qr rd ra] err:[<nil>] duration:[2.580912ms]
2025/05/21 04:13:18 worker:[0] reqid:[36757] qname:[whatsapp.com.] qtype:[A] respid:[36757] rcode:[NOERROR] respflags:[qr rd ra] err:[<nil>] duration:[100.656117ms]
2025/05/21 04:13:18 worker:[0] reqid:[59522] qname:[yahoo.com.] qtype:[A] respid:[59522] rcode:[NOERROR] respflags:[qr rd ra] err:[<nil>] duration:[89.570246ms]
2025/05/21 04:13:18 worker:[0] reqid:[3909] qname:[google.com.] qtype:[A] respid:[3909] rcode:[NOERROR] respflags:[qr rd ra] err:[<nil>] duration:[4.720884ms]
2025/05/21 04:13:18 worker:[0] reqid:[34713] qname:[googleusercontent.com.] qtype:[A] respid:[34713] rcode:[NOERROR] respflags:[qr rd ra] err:[<nil>] duration:[90.559331ms]
2025/05/21 04:13:18 worker:[0] reqid:[4148] qname:[facebook.com.] qtype:[A] respid:[4148] rcode:[NOERROR] respflags:[qr rd ra] err:[<nil>] duration:[2.816529ms]
2025/05/21 04:13:18 worker:[0] reqid:[52992] qname:[instagram.com.] qtype:[A] respid:[52992] rcode:[NOERROR] respflags:[qr rd ra] err:[<nil>] duration:[1.527031ms]
2025/05/21 04:13:18 worker:[0] reqid:[39981] qname:[wikipedia.org.] qtype:[A] respid:[39981] rcode:[NOERROR] respflags:[qr rd ra] err:[<nil>] duration:[92.765377ms]
2025/05/21 04:13:18 worker:[0] reqid:[41467] qname:[x.com.] qtype:[A] respid:[41467] rcode:[NOERROR] respflags:[qr rd ra] err:[<nil>] duration:[8.505045ms]
2025/05/21 04:13:19 worker:[0] reqid:[38103] qname:[amazon.com.] qtype:[A] respid:[38103] rcode:[NOERROR] respflags:[qr rd ra] err:[<nil>] duration:[94.221188ms]
2025/05/21 04:13:19 worker:[0] reqid:[45185] qname:[tiktok.com.] qtype:[A] respid:[45185] rcode:[NOERROR] respflags:[qr rd ra] err:[<nil>] duration:[9.188774ms]
2025/05/21 04:13:19 worker:[0] reqid:[27018] qname:[whatsapp.com.] qtype:[A] respid:[27018] rcode:[NOERROR] respflags:[qr rd ra] err:[<nil>] duration:[90.926637ms]
2025/05/21 04:13:19 worker:[0] reqid:[25227] qname:[yahoo.com.] qtype:[A] respid:[25227] rcode:[NOERROR] respflags:[qr rd ra] err:[<nil>] duration:[90.922416ms]
2025/05/21 04:13:19 worker:[0] reqid:[56704] qname:[google.com.] qtype:[A] respid:[56704] rcode:[NOERROR] respflags:[qr rd ra] err:[<nil>] duration:[3.413603ms]
2025/05/21 04:13:19 worker:[0] reqid:[10358] qname:[googleusercontent.com.] qtype:[A] respid:[10358] rcode:[NOERROR] respflags:[qr rd ra] err:[<nil>] duration:[91.470355ms]
2025/05/21 04:13:19 worker:[0] reqid:[20639] qname:[facebook.com.] qtype:[A] respid:[20639] rcode:[NOERROR] respflags:[qr rd ra] err:[<nil>] duration:[4.606224ms]
2025/05/21 04:13:19 worker:[0] reqid:[5518] qname:[instagram.com.] qtype:[A] respid:[5518] rcode:[NOERROR] respflags:[qr rd ra] err:[<nil>] duration:[3.967421ms]
2025/05/21 04:13:19 worker:[0] reqid:[54035] qname:[wikipedia.org.] qtype:[A] respid:[54035] rcode:[NOERROR] respflags:[qr rd ra] err:[<nil>] duration:[90.579132ms]
2025/05/21 04:13:19 worker:[0] reqid:[11701] qname:[x.com.] qtype:[A] respid:[11701] rcode:[NOERROR] respflags:[qr rd ra] err:[<nil>] duration:[2.894185ms]
2025/05/21 04:13:19 worker:[0] reqid:[20311] qname:[amazon.com.] qtype:[A] respid:[20311] rcode:[NOERROR] respflags:[qr rd ra] err:[<nil>] duration:[91.078884ms]
2025/05/21 04:13:19 worker:[0] reqid:[65438] qname:[tiktok.com.] qtype:[A] respid:[65438] rcode:[NOERROR] respflags:[qr rd ra] err:[<nil>] duration:[2.98262ms]
2025/05/21 04:13:19 worker:[0] reqid:[57663] qname:[whatsapp.com.] qtype:[A] respid:[57663] rcode:[NOERROR] respflags:[qr rd ra] err:[<nil>] duration:[91.310716ms]
2025/05/21 04:13:19 worker:[0] reqid:[3365] qname:[yahoo.com.] qtype:[A] respid:[3365] rcode:[NOERROR] respflags:[qr rd ra] err:[<nil>] duration:[91.032123ms]
2025/05/21 04:13:19 worker:[0] reqid:[42302] qname:[google.com.] qtype:[A] respid:[42302] rcode:[NOERROR] respflags:[qr rd ra] err:[<nil>] duration:[3.741806ms]
2025/05/21 04:13:19 worker:[0] reqid:[40755] qname:[googleusercontent.com.] qtype:[A] respid:[40755] rcode:[NOERROR] respflags:[qr rd ra] err:[<nil>] duration:[91.405605ms]
2025/05/21 04:13:19 worker:[0] reqid:[8144] qname:[facebook.com.] qtype:[A] respid:[8144] rcode:[NOERROR] respflags:[qr rd ra] err:[<nil>] duration:[3.766299ms]
2025/05/21 04:13:19 worker:[0] reqid:[56475] qname:[instagram.com.] qtype:[A] respid:[56475] rcode:[NOERROR] respflags:[qr rd ra] err:[<nil>] duration:[2.652263ms]
2025/05/21 04:13:19 worker:[0] reqid:[9203] qname:[wikipedia.org.] qtype:[A] respid:[9203] rcode:[NOERROR] respflags:[qr rd ra] err:[<nil>] duration:[94.783734ms]
2025/05/21 04:13:19 worker:[0] reqid:[65360] qname:[x.com.] qtype:[A] respid:[65360] rcode:[NOERROR] respflags:[qr rd ra] err:[<nil>] duration:[7.195912ms]
2025/05/21 04:13:19 worker:[0] reqid:[60592] qname:[amazon.com.] qtype:[A] respid:[60592] rcode:[NOERROR] respflags:[qr rd ra] err:[<nil>] duration:[90.122188ms]
2025/05/21 04:13:19 worker:[0] reqid:[28043] qname:[tiktok.com.] qtype:[A] respid:[28043] rcode:[NOERROR] respflags:[qr rd ra] err:[<nil>] duration:[2.926335ms]
2025/05/21 04:13:20 worker:[0] reqid:[52415] qname:[whatsapp.com.] qtype:[A] respid:[52415] rcode:[NOERROR] respflags:[qr rd ra] err:[<nil>] duration:[362.804118ms]
2025/05/21 04:13:20 worker:[0] reqid:[36254] qname:[yahoo.com.] qtype:[A] respid:[36254] rcode:[NOERROR] respflags:[qr rd ra] err:[<nil>] duration:[91.446607ms]
2025/05/21 04:13:20 worker:[0] reqid:[51899] qname:[google.com.] qtype:[A] respid:[51899] rcode:[NOERROR] respflags:[qr rd ra] err:[<nil>] duration:[3.151348ms]
2025/05/21 04:13:20 worker:[0] reqid:[47016] qname:[googleusercontent.com.] qtype:[A] respid:[47016] rcode:[NOERROR] respflags:[qr rd ra] err:[<nil>] duration:[90.169037ms]
2025/05/21 04:13:20 worker:[0] reqid:[46825] qname:[facebook.com.] qtype:[A] respid:[46825] rcode:[NOERROR] respflags:[qr rd ra] err:[<nil>] duration:[2.532854ms]
2025/05/21 04:13:20 worker:[0] reqid:[55607] qname:[instagram.com.] qtype:[A] respid:[55607] rcode:[NOERROR] respflags:[qr rd ra] err:[<nil>] duration:[2.824529ms]
2025/05/21 04:13:20 worker:[0] reqid:[12767] qname:[wikipedia.org.] qtype:[A] respid:[12767] rcode:[NOERROR] respflags:[qr rd ra] err:[<nil>] duration:[89.924082ms]
2025/05/21 04:13:20 worker:[0] reqid:[41782] qname:[x.com.] qtype:[A] respid:[41782] rcode:[NOERROR] respflags:[qr rd ra] err:[<nil>] duration:[5.049157ms]
2025/05/21 04:13:25 worker:[0] reqid:[5730] qname:[amazon.com.] qtype:[A] respid:[<nil>] rcode:[<nil>] respflags:[<nil>] err:[read udp 192.168.83.137:55616->94.140.14.49:53: i/o timeout] duration:[5.000862535s]
2025/05/21 04:13:25 worker:[0] reqid:[40664] qname:[tiktok.com.] qtype:[A] respid:[40664] rcode:[NOERROR] respflags:[qr rd ra] err:[<nil>] duration:[5.985836ms]
2025/05/21 04:13:25 worker:[0] reqid:[5917] qname:[whatsapp.com.] qtype:[A] respid:[5917] rcode:[NOERROR] respflags:[qr rd ra] err:[<nil>] duration:[148.299613ms]
2025/05/21 04:13:25 worker:[0] reqid:[90] qname:[yahoo.com.] qtype:[A] respid:[90] rcode:[NOERROR] respflags:[qr rd ra] err:[<nil>] duration:[87.01322ms]
2025/05/21 04:13:25 worker:[0] reqid:[37504] qname:[google.com.] qtype:[A] respid:[37504] rcode:[NOERROR] respflags:[qr rd ra] err:[<nil>] duration:[4.585959ms]
2025/05/21 04:13:25 worker:[0] reqid:[762] qname:[googleusercontent.com.] qtype:[A] respid:[762] rcode:[NOERROR] respflags:[qr rd ra] err:[<nil>] duration:[90.32528ms]
2025/05/21 04:13:25 worker:[0] reqid:[34856] qname:[facebook.com.] qtype:[A] respid:[34856] rcode:[NOERROR] respflags:[qr rd ra] err:[<nil>] duration:[3.676956ms]
2025/05/21 04:13:25 worker:[0] reqid:[12457] qname:[instagram.com.] qtype:[A] respid:[12457] rcode:[NOERROR] respflags:[qr rd ra] err:[<nil>] duration:[6.008107ms]
2025/05/21 04:13:26 worker:[0] reqid:[20556] qname:[wikipedia.org.] qtype:[A] respid:[20556] rcode:[NOERROR] respflags:[qr rd ra] err:[<nil>] duration:[88.475143ms]
2025/05/21 04:13:26 worker:[0] reqid:[38579] qname:[x.com.] qtype:[A] respid:[38579] rcode:[NOERROR] respflags:[qr rd ra] err:[<nil>] duration:[4.762476ms]
2025/05/21 04:13:26 worker:[0] reqid:[56675] qname:[amazon.com.] qtype:[A] respid:[56675] rcode:[NOERROR] respflags:[qr rd ra] err:[<nil>] duration:[87.157212ms]
2025/05/21 04:13:26 worker:[0] reqid:[37900] qname:[tiktok.com.] qtype:[A] respid:[37900] rcode:[NOERROR] respflags:[qr rd ra] err:[<nil>] duration:[6.649331ms]
2025/05/21 04:13:26 worker:[0] reqid:[55908] qname:[whatsapp.com.] qtype:[A] respid:[55908] rcode:[NOERROR] respflags:[qr rd ra] err:[<nil>] duration:[89.607251ms]
2025/05/21 04:13:26 worker:[0] reqid:[34973] qname:[yahoo.com.] qtype:[A] respid:[34973] rcode:[NOERROR] respflags:[qr rd ra] err:[<nil>] duration:[87.341634ms]
2025/05/21 04:13:26 worker:[0] reqid:[35262] qname:[google.com.] qtype:[A] respid:[35262] rcode:[NOERROR] respflags:[qr rd ra] err:[<nil>] duration:[3.551668ms]
2025/05/21 04:13:26 worker:[0] reqid:[23705] qname:[googleusercontent.com.] qtype:[A] respid:[23705] rcode:[NOERROR] respflags:[qr rd ra] err:[<nil>] duration:[87.858379ms]
2025/05/21 04:13:26 worker:[0] reqid:[38038] qname:[facebook.com.] qtype:[A] respid:[38038] rcode:[NOERROR] respflags:[qr rd ra] err:[<nil>] duration:[5.827254ms]
2025/05/21 04:13:26 worker:[0] reqid:[55931] qname:[instagram.com.] qtype:[A] respid:[55931] rcode:[NOERROR] respflags:[qr rd ra] err:[<nil>] duration:[8.963404ms]
2025/05/21 04:13:26 worker:[0] reqid:[12837] qname:[wikipedia.org.] qtype:[A] respid:[12837] rcode:[NOERROR] respflags:[qr rd ra] err:[<nil>] duration:[87.946053ms]
2025/05/21 04:13:26 worker:[0] reqid:[37845] qname:[x.com.] qtype:[A] respid:[37845] rcode:[NOERROR] respflags:[qr rd ra] err:[<nil>] duration:[2.669851ms]
2025/05/21 04:13:26 worker:[0] reqid:[36664] qname:[amazon.com.] qtype:[A] respid:[36664] rcode:[NOERROR] respflags:[qr rd ra] err:[<nil>] duration:[87.130661ms]
2025/05/21 04:13:26 worker:[0] reqid:[49397] qname:[tiktok.com.] qtype:[A] respid:[49397] rcode:[NOERROR] respflags:[qr rd ra] err:[<nil>] duration:[4.148484ms]
2025/05/21 04:13:26 worker:[0] reqid:[38668] qname:[whatsapp.com.] qtype:[A] respid:[38668] rcode:[NOERROR] respflags:[qr rd ra] err:[<nil>] duration:[86.639767ms]
2025/05/21 04:13:26 worker:[0] reqid:[37574] qname:[yahoo.com.] qtype:[A] respid:[37574] rcode:[NOERROR] respflags:[qr rd ra] err:[<nil>] duration:[88.560399ms]
2025/05/21 04:13:26 worker:[0] reqid:[62731] qname:[google.com.] qtype:[A] respid:[62731] rcode:[NOERROR] respflags:[qr rd ra] err:[<nil>] duration:[3.931183ms]
2025/05/21 04:13:26 worker:[0] reqid:[57947] qname:[googleusercontent.com.] qtype:[A] respid:[57947] rcode:[NOERROR] respflags:[qr rd ra] err:[<nil>] duration:[89.179352ms]
2025/05/21 04:13:26 worker:[0] reqid:[31989] qname:[facebook.com.] qtype:[A] respid:[31989] rcode:[NOERROR] respflags:[qr rd ra] err:[<nil>] duration:[4.401809ms]
2025/05/21 04:13:26 worker:[0] reqid:[27776] qname:[instagram.com.] qtype:[A] respid:[27776] rcode:[NOERROR] respflags:[qr rd ra] err:[<nil>] duration:[4.542561ms]
2025/05/21 04:13:27 worker:[0] reqid:[18486] qname:[wikipedia.org.] qtype:[A] respid:[18486] rcode:[NOERROR] respflags:[qr rd ra] err:[<nil>] duration:[86.768936ms]
2025/05/21 04:13:27 worker:[0] reqid:[64106] qname:[x.com.] qtype:[A] respid:[64106] rcode:[NOERROR] respflags:[qr rd ra] err:[<nil>] duration:[4.089908ms]
2025/05/21 04:13:27 worker:[0] reqid:[62549] qname:[amazon.com.] qtype:[A] respid:[62549] rcode:[NOERROR] respflags:[qr rd ra] err:[<nil>] duration:[86.745149ms]
2025/05/21 04:13:27 worker:[0] reqid:[50620] qname:[tiktok.com.] qtype:[A] respid:[50620] rcode:[NOERROR] respflags:[qr rd ra] err:[<nil>] duration:[2.577272ms]
2025/05/21 04:13:32 worker:[0] reqid:[26788] qname:[whatsapp.com.] qtype:[A] respid:[<nil>] rcode:[<nil>] respflags:[<nil>] err:[read udp 192.168.83.137:35494->94.140.14.49:53: i/o timeout] duration:[5.004325752s]
2025/05/21 04:13:32 worker:[0] reqid:[59341] qname:[yahoo.com.] qtype:[A] respid:[59341] rcode:[NOERROR] respflags:[qr rd ra] err:[<nil>] duration:[94.778086ms]
2025/05/21 04:13:32 worker:[0] reqid:[11773] qname:[google.com.] qtype:[A] respid:[11773] rcode:[NOERROR] respflags:[qr rd ra] err:[<nil>] duration:[15.765251ms]
2025/05/21 04:13:32 worker:[0] reqid:[62071] qname:[googleusercontent.com.] qtype:[A] respid:[62071] rcode:[NOERROR] respflags:[qr rd ra] err:[<nil>] duration:[80.184049ms]
2025/05/21 04:13:32 worker:[0] reqid:[22125] qname:[facebook.com.] qtype:[A] respid:[22125] rcode:[NOERROR] respflags:[qr rd ra] err:[<nil>] duration:[4.081426ms]
2025/05/21 04:13:32 worker:[0] reqid:[30351] qname:[instagram.com.] qtype:[A] respid:[30351] rcode:[NOERROR] respflags:[qr rd ra] err:[<nil>] duration:[8.720091ms]
2025/05/21 04:13:32 worker:[0] reqid:[29421] qname:[wikipedia.org.] qtype:[A] respid:[29421] rcode:[NOERROR] respflags:[qr rd ra] err:[<nil>] duration:[79.187523ms]
2025/05/21 04:13:32 worker:[0] reqid:[42739] qname:[x.com.] qtype:[A] respid:[42739] rcode:[NOERROR] respflags:[qr rd ra] err:[<nil>] duration:[7.97956ms]
2025/05/21 04:13:37 worker:[0] reqid:[46601] qname:[amazon.com.] qtype:[A] respid:[<nil>] rcode:[<nil>] respflags:[<nil>] err:[read udp 192.168.83.137:42530->94.140.14.49:53: i/o timeout] duration:[5.001044272s]
2025/05/21 04:13:37 worker:[0] reqid:[29996] qname:[tiktok.com.] qtype:[A] respid:[29996] rcode:[NOERROR] respflags:[qr rd ra] err:[<nil>] duration:[36.590643ms]
2025/05/21 04:13:37 worker:[0] reqid:[39109] qname:[whatsapp.com.] qtype:[A] respid:[39109] rcode:[NOERROR] respflags:[qr rd ra] err:[<nil>] duration:[83.807226ms]
2025/05/21 04:13:37 worker:[0] reqid:[64360] qname:[yahoo.com.] qtype:[A] respid:[64360] rcode:[NOERROR] respflags:[qr rd ra] err:[<nil>] duration:[76.763274ms]
2025/05/21 04:13:37 worker:[0] reqid:[1] qname:[google.com.] qtype:[A] respid:[1] rcode:[NOERROR] respflags:[qr rd ra] err:[<nil>] duration:[3.395748ms]
2025/05/21 04:13:37 worker:[0] reqid:[54535] qname:[googleusercontent.com.] qtype:[A] respid:[54535] rcode:[NOERROR] respflags:[qr rd ra] err:[<nil>] duration:[77.504187ms]
2025/05/21 04:13:37 worker:[0] reqid:[65437] qname:[facebook.com.] qtype:[A] respid:[65437] rcode:[NOERROR] respflags:[qr rd ra] err:[<nil>] duration:[3.263752ms]
2025/05/21 04:13:37 worker:[0] reqid:[12486] qname:[instagram.com.] qtype:[A] respid:[12486] rcode:[NOERROR] respflags:[qr rd ra] err:[<nil>] duration:[3.162659ms]
2025/05/21 04:13:37 worker:[0] reqid:[30671] qname:[wikipedia.org.] qtype:[A] respid:[30671] rcode:[NOERROR] respflags:[qr rd ra] err:[<nil>] duration:[76.335697ms]
2025/05/21 04:13:37 worker:[0] reqid:[56202] qname:[x.com.] qtype:[A] respid:[56202] rcode:[NOERROR] respflags:[qr rd ra] err:[<nil>] duration:[3.107158ms]
2025/05/21 04:13:37 worker:[0] reqid:[23282] qname:[amazon.com.] qtype:[A] respid:[23282] rcode:[NOERROR] respflags:[qr rd ra] err:[<nil>] duration:[82.5325ms]
2025/05/21 04:13:37 worker:[0] reqid:[2538] qname:[tiktok.com.] qtype:[A] respid:[2538] rcode:[NOERROR] respflags:[qr rd ra] err:[<nil>] duration:[13.822307ms]
2025/05/21 04:13:42 worker:[0] reqid:[42274] qname:[whatsapp.com.] qtype:[A] respid:[<nil>] rcode:[<nil>] respflags:[<nil>] err:[read udp 192.168.83.137:40479->94.140.14.49:53: i/o timeout] duration:[5.000179208s]
2025/05/21 04:13:42 worker:[0] reqid:[27401] qname:[yahoo.com.] qtype:[A] respid:[27401] rcode:[NOERROR] respflags:[qr rd ra] err:[<nil>] duration:[90.506891ms]
2025/05/21 04:13:42 worker:[0] reqid:[42643] qname:[google.com.] qtype:[A] respid:[42643] rcode:[NOERROR] respflags:[qr rd ra] err:[<nil>] duration:[2.927746ms]
2025/05/21 04:13:43 worker:[0] reqid:[49189] qname:[googleusercontent.com.] qtype:[A] respid:[49189] rcode:[NOERROR] respflags:[qr rd ra] err:[<nil>] duration:[81.772246ms]
2025/05/21 04:13:43 worker:[0] reqid:[37606] qname:[facebook.com.] qtype:[A] respid:[37606] rcode:[NOERROR] respflags:[qr rd ra] err:[<nil>] duration:[4.766793ms]
2025/05/21 04:13:43 worker:[0] reqid:[4330] qname:[instagram.com.] qtype:[A] respid:[4330] rcode:[NOERROR] respflags:[qr rd ra] err:[<nil>] duration:[2.716196ms]
2025/05/21 04:13:43 worker:[0] reqid:[62456] qname:[wikipedia.org.] qtype:[A] respid:[62456] rcode:[NOERROR] respflags:[qr rd ra] err:[<nil>] duration:[79.362144ms]
2025/05/21 04:13:43 worker:[0] reqid:[41922] qname:[x.com.] qtype:[A] respid:[41922] rcode:[NOERROR] respflags:[qr rd ra] err:[<nil>] duration:[2.563899ms]
2025/05/21 04:13:43 worker:[0] reqid:[16913] qname:[amazon.com.] qtype:[A] respid:[16913] rcode:[NOERROR] respflags:[qr rd ra] err:[<nil>] duration:[79.549147ms]
2025/05/21 04:13:43 worker:[0] reqid:[60676] qname:[tiktok.com.] qtype:[A] respid:[60676] rcode:[NOERROR] respflags:[qr rd ra] err:[<nil>] duration:[1.71224ms]
2025/05/21 04:13:43 worker:[0] reqid:[5778] qname:[whatsapp.com.] qtype:[A] respid:[5778] rcode:[NOERROR] respflags:[qr rd ra] err:[<nil>] duration:[80.074887ms]
2025/05/21 04:13:43 worker:[0] reqid:[51930] qname:[yahoo.com.] qtype:[A] respid:[51930] rcode:[NOERROR] respflags:[qr rd ra] err:[<nil>] duration:[79.995181ms]
2025/05/21 04:13:43 worker:[0] reqid:[11918] qname:[google.com.] qtype:[A] respid:[11918] rcode:[NOERROR] respflags:[qr rd ra] err:[<nil>] duration:[3.318304ms]
2025/05/21 04:13:43 worker:[0] reqid:[33354] qname:[googleusercontent.com.] qtype:[A] respid:[33354] rcode:[NOERROR] respflags:[qr rd ra] err:[<nil>] duration:[79.995528ms]
2025/05/21 04:13:43 worker:[0] reqid:[54455] qname:[facebook.com.] qtype:[A] respid:[54455] rcode:[NOERROR] respflags:[qr rd ra] err:[<nil>] duration:[3.197873ms]
2025/05/21 04:13:43 worker:[0] reqid:[40724] qname:[instagram.com.] qtype:[A] respid:[40724] rcode:[NOERROR] respflags:[qr rd ra] err:[<nil>] duration:[4.967017ms]
2025/05/21 04:13:43 worker:[0] reqid:[6916] qname:[wikipedia.org.] qtype:[A] respid:[6916] rcode:[NOERROR] respflags:[qr rd ra] err:[<nil>] duration:[83.224164ms]
2025/05/21 04:13:43 worker:[0] reqid:[60701] qname:[x.com.] qtype:[A] respid:[60701] rcode:[NOERROR] respflags:[qr rd ra] err:[<nil>] duration:[3.012606ms]
2025/05/21 04:13:43 worker:[0] reqid:[58114] qname:[amazon.com.] qtype:[A] respid:[58114] rcode:[NOERROR] respflags:[qr rd ra] err:[<nil>] duration:[79.238744ms]
2025/05/21 04:13:43 worker:[0] reqid:[53003] qname:[tiktok.com.] qtype:[A] respid:[53003] rcode:[NOERROR] respflags:[qr rd ra] err:[<nil>] duration:[2.362457ms]
2025/05/21 04:13:43 worker:[0] reqid:[18737] qname:[whatsapp.com.] qtype:[A] respid:[18737] rcode:[NOERROR] respflags:[qr rd ra] err:[<nil>] duration:[79.178756ms]
2025/05/21 04:13:43 worker:[0] reqid:[2210] qname:[yahoo.com.] qtype:[A] respid:[2210] rcode:[NOERROR] respflags:[qr rd ra] err:[<nil>] duration:[83.159425ms]
2025/05/21 04:13:43 worker:[0] reqid:[29748] qname:[google.com.] qtype:[A] respid:[29748] rcode:[NOERROR] respflags:[qr rd ra] err:[<nil>] duration:[5.117214ms]
2025/05/21 04:13:43 worker:[0] reqid:[30144] qname:[googleusercontent.com.] qtype:[A] respid:[30144] rcode:[NOERROR] respflags:[qr rd ra] err:[<nil>] duration:[79.37895ms]
2025/05/21 04:13:43 worker:[0] reqid:[31805] qname:[facebook.com.] qtype:[A] respid:[31805] rcode:[NOERROR] respflags:[qr rd ra] err:[<nil>] duration:[11.101096ms]
2025/05/21 04:13:43 worker:[0] reqid:[49179] qname:[instagram.com.] qtype:[A] respid:[49179] rcode:[NOERROR] respflags:[qr rd ra] err:[<nil>] duration:[3.332549ms]
2025/05/21 04:13:43 worker:[0] reqid:[5337] qname:[wikipedia.org.] qtype:[A] respid:[5337] rcode:[NOERROR] respflags:[qr rd ra] err:[<nil>] duration:[79.547382ms]
2025/05/21 04:13:43 worker:[0] reqid:[16831] qname:[x.com.] qtype:[A] respid:[16831] rcode:[NOERROR] respflags:[qr rd ra] err:[<nil>] duration:[2.575274ms]
2025/05/21 04:13:44 worker:[0] reqid:[63448] qname:[amazon.com.] qtype:[A] respid:[63448] rcode:[NOERROR] respflags:[qr rd ra] err:[<nil>] duration:[80.153038ms]
2025/05/21 04:13:44 worker:[0] reqid:[39257] qname:[tiktok.com.] qtype:[A] respid:[39257] rcode:[NOERROR] respflags:[qr rd ra] err:[<nil>] duration:[2.628469ms]
2025/05/21 04:13:44 worker:[0] reqid:[37675] qname:[whatsapp.com.] qtype:[A] respid:[37675] rcode:[NOERROR] respflags:[qr rd ra] err:[<nil>] duration:[80.474639ms]
2025/05/21 04:13:44 worker:[0] reqid:[27521] qname:[yahoo.com.] qtype:[A] respid:[27521] rcode:[NOERROR] respflags:[qr rd ra] err:[<nil>] duration:[81.26699ms]
2025/05/21 04:13:44 worker:[0] reqid:[7154] qname:[google.com.] qtype:[A] respid:[7154] rcode:[NOERROR] respflags:[qr rd ra] err:[<nil>] duration:[2.712577ms]
2025/05/21 04:13:44 worker:[0] reqid:[9911] qname:[googleusercontent.com.] qtype:[A] respid:[9911] rcode:[NOERROR] respflags:[qr rd ra] err:[<nil>] duration:[92.318453ms]
2025/05/21 04:13:44 worker:[0] reqid:[42472] qname:[facebook.com.] qtype:[A] respid:[42472] rcode:[NOERROR] respflags:[qr rd ra] err:[<nil>] duration:[4.028149ms]
2025/05/21 04:13:44 worker:[0] reqid:[38170] qname:[instagram.com.] qtype:[A] respid:[38170] rcode:[NOERROR] respflags:[qr rd ra] err:[<nil>] duration:[3.150049ms]
2025/05/21 04:13:44 worker:[0] reqid:[33938] qname:[wikipedia.org.] qtype:[A] respid:[33938] rcode:[NOERROR] respflags:[qr rd ra] err:[<nil>] duration:[79.981751ms]
2025/05/21 04:13:44 worker:[0] reqid:[49823] qname:[x.com.] qtype:[A] respid:[49823] rcode:[NOERROR] respflags:[qr rd ra] err:[<nil>] duration:[4.407252ms]
2025/05/21 04:13:49 worker:[0] reqid:[23578] qname:[amazon.com.] qtype:[A] respid:[<nil>] rcode:[<nil>] respflags:[<nil>] err:[read udp 192.168.83.137:50682->94.140.14.49:53: i/o timeout] duration:[5.000312068s]
2025/05/21 04:13:49 worker:[0] reqid:[16418] qname:[tiktok.com.] qtype:[A] respid:[16418] rcode:[NOERROR] respflags:[qr rd ra] err:[<nil>] duration:[7.691231ms]
2025/05/21 04:13:54 worker:[0] reqid:[18449] qname:[whatsapp.com.] qtype:[A] respid:[<nil>] rcode:[<nil>] respflags:[<nil>] err:[read udp 192.168.83.137:41918->94.140.14.49:53: i/o timeout] duration:[5.000685315s]
2025/05/21 04:13:54 worker:[0] reqid:[35250] qname:[yahoo.com.] qtype:[A] respid:[35250] rcode:[NOERROR] respflags:[qr rd ra] err:[<nil>] duration:[97.014416ms]
2025/05/21 04:13:54 worker:[0] reqid:[5731] qname:[google.com.] qtype:[A] respid:[5731] rcode:[NOERROR] respflags:[qr rd ra] err:[<nil>] duration:[7.071647ms]
2025/05/21 04:13:54 worker:[0] reqid:[34428] qname:[googleusercontent.com.] qtype:[A] respid:[34428] rcode:[NOERROR] respflags:[qr rd ra] err:[<nil>] duration:[92.89739ms]
2025/05/21 04:13:54 worker:[0] reqid:[25917] qname:[facebook.com.] qtype:[A] respid:[25917] rcode:[NOERROR] respflags:[qr rd ra] err:[<nil>] duration:[10.004161ms]
2025/05/21 04:13:54 worker:[0] reqid:[24696] qname:[instagram.com.] qtype:[A] respid:[24696] rcode:[NOERROR] respflags:[qr rd ra] err:[<nil>] duration:[12.807391ms]
2025/05/21 04:13:54 worker:[0] reqid:[38877] qname:[wikipedia.org.] qtype:[A] respid:[38877] rcode:[NOERROR] respflags:[qr rd ra] err:[<nil>] duration:[86.45507ms]
2025/05/21 04:13:54 worker:[0] reqid:[18131] qname:[x.com.] qtype:[A] respid:[18131] rcode:[NOERROR] respflags:[qr rd ra] err:[<nil>] duration:[2.777522ms]
2025/05/21 04:13:54 worker:[0] reqid:[23210] qname:[amazon.com.] qtype:[A] respid:[23210] rcode:[NOERROR] respflags:[qr rd ra] err:[<nil>] duration:[86.294744ms]
2025/05/21 04:13:54 worker:[0] reqid:[17630] qname:[tiktok.com.] qtype:[A] respid:[17630] rcode:[NOERROR] respflags:[qr rd ra] err:[<nil>] duration:[3.257175ms]
2025/05/21 04:13:54 worker:[0] reqid:[586] qname:[whatsapp.com.] qtype:[A] respid:[586] rcode:[NOERROR] respflags:[qr rd ra] err:[<nil>] duration:[86.929172ms]
2025/05/21 04:13:54 worker:[0] reqid:[49684] qname:[yahoo.com.] qtype:[A] respid:[49684] rcode:[NOERROR] respflags:[qr rd ra] err:[<nil>] duration:[88.080652ms]
2025/05/21 04:13:54 worker:[0] reqid:[60805] qname:[google.com.] qtype:[A] respid:[60805] rcode:[NOERROR] respflags:[qr rd ra] err:[<nil>] duration:[9.163293ms]
2025/05/21 04:13:55 worker:[0] reqid:[31505] qname:[googleusercontent.com.] qtype:[A] respid:[31505] rcode:[NOERROR] respflags:[qr rd ra] err:[<nil>] duration:[92.359213ms]
2025/05/21 04:13:55 worker:[0] reqid:[47093] qname:[facebook.com.] qtype:[A] respid:[47093] rcode:[NOERROR] respflags:[qr rd ra] err:[<nil>] duration:[8.329325ms]
2025/05/21 04:13:55 worker:[0] reqid:[12845] qname:[instagram.com.] qtype:[A] respid:[12845] rcode:[NOERROR] respflags:[qr rd ra] err:[<nil>] duration:[6.091307ms]
2025/05/21 04:13:55 worker:[0] reqid:[48329] qname:[wikipedia.org.] qtype:[A] respid:[48329] rcode:[NOERROR] respflags:[qr rd ra] err:[<nil>] duration:[88.260873ms]
2025/05/21 04:13:55 worker:[0] reqid:[10210] qname:[x.com.] qtype:[A] respid:[10210] rcode:[NOERROR] respflags:[qr rd ra] err:[<nil>] duration:[2.7088ms]
2025/05/21 04:13:55 worker:[0] reqid:[38771] qname:[amazon.com.] qtype:[A] respid:[38771] rcode:[NOERROR] respflags:[qr rd ra] err:[<nil>] duration:[86.183512ms]
2025/05/21 04:13:55 worker:[0] reqid:[18889] qname:[tiktok.com.] qtype:[A] respid:[18889] rcode:[NOERROR] respflags:[qr rd ra] err:[<nil>] duration:[3.084143ms]
2025/05/21 04:13:55 worker:[0] reqid:[31572] qname:[whatsapp.com.] qtype:[A] respid:[31572] rcode:[NOERROR] respflags:[qr rd ra] err:[<nil>] duration:[92.117723ms]
2025/05/21 04:13:55 worker:[0] reqid:[35577] qname:[yahoo.com.] qtype:[A] respid:[35577] rcode:[NOERROR] respflags:[qr rd ra] err:[<nil>] duration:[88.919006ms]
2025/05/21 04:13:55 worker:[0] reqid:[63637] qname:[google.com.] qtype:[A] respid:[63637] rcode:[NOERROR] respflags:[qr rd ra] err:[<nil>] duration:[5.465541ms]
2025/05/21 04:13:55 worker:[0] reqid:[60567] qname:[googleusercontent.com.] qtype:[A] respid:[60567] rcode:[NOERROR] respflags:[qr rd ra] err:[<nil>] duration:[87.422706ms]
2025/05/21 04:13:55 worker:[0] reqid:[60074] qname:[facebook.com.] qtype:[A] respid:[60074] rcode:[NOERROR] respflags:[qr rd ra] err:[<nil>] duration:[3.180123ms]
2025/05/21 04:13:55 worker:[0] reqid:[22479] qname:[instagram.com.] qtype:[A] respid:[22479] rcode:[NOERROR] respflags:[qr rd ra] err:[<nil>] duration:[4.14938ms]
2025/05/21 04:13:55 worker:[0] reqid:[23967] qname:[wikipedia.org.] qtype:[A] respid:[23967] rcode:[NOERROR] respflags:[qr rd ra] err:[<nil>] duration:[86.970379ms]
2025/05/21 04:13:55 worker:[0] reqid:[56572] qname:[x.com.] qtype:[A] respid:[56572] rcode:[NOERROR] respflags:[qr rd ra] err:[<nil>] duration:[3.431078ms]
2025/05/21 04:13:55 worker:[0] reqid:[28971] qname:[amazon.com.] qtype:[A] respid:[28971] rcode:[NOERROR] respflags:[qr rd ra] err:[<nil>] duration:[86.475428ms]
2025/05/21 04:13:55 worker:[0] reqid:[16489] qname:[tiktok.com.] qtype:[A] respid:[16489] rcode:[NOERROR] respflags:[qr rd ra] err:[<nil>] duration:[4.562159ms]
2025/05/21 04:13:55 worker:[0] reqid:[63130] qname:[whatsapp.com.] qtype:[A] respid:[63130] rcode:[NOERROR] respflags:[qr rd ra] err:[<nil>] duration:[99.583965ms]
2025/05/21 04:13:55 worker:[0] reqid:[54489] qname:[yahoo.com.] qtype:[A] respid:[54489] rcode:[NOERROR] respflags:[qr rd ra] err:[<nil>] duration:[88.916593ms]
2025/05/21 04:13:55 worker:[0] reqid:[44206] qname:[google.com.] qtype:[A] respid:[44206] rcode:[NOERROR] respflags:[qr rd ra] err:[<nil>] duration:[4.89607ms]
2025/05/21 04:13:56 worker:[0] reqid:[10745] qname:[googleusercontent.com.] qtype:[A] respid:[10745] rcode:[NOERROR] respflags:[qr rd ra] err:[<nil>] duration:[86.450893ms]
2025/05/21 04:13:56 worker:[0] reqid:[37080] qname:[facebook.com.] qtype:[A] respid:[37080] rcode:[NOERROR] respflags:[qr rd ra] err:[<nil>] duration:[4.368289ms]
2025/05/21 04:13:56 worker:[0] reqid:[25968] qname:[instagram.com.] qtype:[A] respid:[25968] rcode:[NOERROR] respflags:[qr rd ra] err:[<nil>] duration:[4.299165ms]
2025/05/21 04:13:56 worker:[0] reqid:[41150] qname:[wikipedia.org.] qtype:[A] respid:[41150] rcode:[NOERROR] respflags:[qr rd ra] err:[<nil>] duration:[87.997224ms]
2025/05/21 04:13:56 worker:[0] reqid:[44303] qname:[x.com.] qtype:[A] respid:[44303] rcode:[NOERROR] respflags:[qr rd ra] err:[<nil>] duration:[3.478157ms]
2025/05/21 04:13:56 worker:[0] reqid:[53631] qname:[amazon.com.] qtype:[A] respid:[53631] rcode:[NOERROR] respflags:[qr rd ra] err:[<nil>] duration:[88.582029ms]
2025/05/21 04:13:56 worker:[0] reqid:[19423] qname:[tiktok.com.] qtype:[A] respid:[19423] rcode:[NOERROR] respflags:[qr rd ra] err:[<nil>] duration:[5.651984ms]
2025/05/21 04:13:56 worker:[0] reqid:[29549] qname:[whatsapp.com.] qtype:[A] respid:[29549] rcode:[NOERROR] respflags:[qr rd ra] err:[<nil>] duration:[96.37008ms]
2025/05/21 04:13:56 worker:[0] reqid:[63124] qname:[yahoo.com.] qtype:[A] respid:[63124] rcode:[NOERROR] respflags:[qr rd ra] err:[<nil>] duration:[86.012134ms]
2025/05/21 04:13:56 worker:[0] reqid:[52317] qname:[google.com.] qtype:[A] respid:[52317] rcode:[NOERROR] respflags:[qr rd ra] err:[<nil>] duration:[2.602072ms]
2025/05/21 04:13:56 worker:[0] reqid:[17416] qname:[googleusercontent.com.] qtype:[A] respid:[17416] rcode:[NOERROR] respflags:[qr rd ra] err:[<nil>] duration:[88.318398ms]
2025/05/21 04:13:56 worker:[0] reqid:[6543] qname:[facebook.com.] qtype:[A] respid:[6543] rcode:[NOERROR] respflags:[qr rd ra] err:[<nil>] duration:[5.959609ms]
2025/05/21 04:13:56 worker:[0] reqid:[22556] qname:[instagram.com.] qtype:[A] respid:[22556] rcode:[NOERROR] respflags:[qr rd ra] err:[<nil>] duration:[6.68543ms]
2025/05/21 04:13:56 worker:[0] reqid:[36648] qname:[wikipedia.org.] qtype:[A] respid:[36648] rcode:[NOERROR] respflags:[qr rd ra] err:[<nil>] duration:[89.76569ms]
2025/05/21 04:13:56 worker:[0] reqid:[32349] qname:[x.com.] qtype:[A] respid:[32349] rcode:[NOERROR] respflags:[qr rd ra] err:[<nil>] duration:[7.651899ms]
2025/05/21 04:13:56 worker:[0] reqid:[13998] qname:[amazon.com.] qtype:[A] respid:[13998] rcode:[NOERROR] respflags:[qr rd ra] err:[<nil>] duration:[97.215144ms]
2025/05/21 04:13:56 worker:[0] reqid:[54135] qname:[tiktok.com.] qtype:[A] respid:[54135] rcode:[NOERROR] respflags:[qr rd ra] err:[<nil>] duration:[11.978167ms]
2025/05/21 04:13:56 worker:[0] reqid:[53834] qname:[whatsapp.com.] qtype:[A] respid:[53834] rcode:[NOERROR] respflags:[qr rd ra] err:[<nil>] duration:[87.517934ms]
2025/05/21 04:13:56 worker:[0] reqid:[56133] qname:[yahoo.com.] qtype:[A] respid:[56133] rcode:[NOERROR] respflags:[qr rd ra] err:[<nil>] duration:[85.917544ms]
2025/05/21 04:13:56 worker:[0] reqid:[56158] qname:[google.com.] qtype:[A] respid:[56158] rcode:[NOERROR] respflags:[qr rd ra] err:[<nil>] duration:[2.531965ms]
2025/05/21 04:13:56 worker:[0] reqid:[62535] qname:[googleusercontent.com.] qtype:[A] respid:[62535] rcode:[NOERROR] respflags:[qr rd ra] err:[<nil>] duration:[87.073765ms]
2025/05/21 04:13:56 worker:[0] reqid:[34749] qname:[facebook.com.] qtype:[A] respid:[34749] rcode:[NOERROR] respflags:[qr rd ra] err:[<nil>] duration:[3.495334ms]
2025/05/21 04:13:56 worker:[0] reqid:[54642] qname:[instagram.com.] qtype:[A] respid:[54642] rcode:[NOERROR] respflags:[qr rd ra] err:[<nil>] duration:[3.884473ms]
2025/05/21 04:13:57 worker:[0] reqid:[64739] qname:[wikipedia.org.] qtype:[A] respid:[64739] rcode:[NOERROR] respflags:[qr rd ra] err:[<nil>] duration:[105.891456ms]
2025/05/21 04:13:57 worker:[0] reqid:[34572] qname:[x.com.] qtype:[A] respid:[34572] rcode:[NOERROR] respflags:[qr rd ra] err:[<nil>] duration:[27.037748ms]
2025/05/21 04:13:57 worker:[0] reqid:[24384] qname:[amazon.com.] qtype:[A] respid:[24384] rcode:[NOERROR] respflags:[qr rd ra] err:[<nil>] duration:[106.133503ms]
2025/05/21 04:13:57 worker:[0] reqid:[51667] qname:[tiktok.com.] qtype:[A] respid:[51667] rcode:[NOERROR] respflags:[qr rd ra] err:[<nil>] duration:[20.017857ms]
2025/05/21 04:13:57 worker:[0] reqid:[63322] qname:[whatsapp.com.] qtype:[A] respid:[63322] rcode:[NOERROR] respflags:[qr rd ra] err:[<nil>] duration:[90.055171ms]
2025/05/21 04:14:02 worker:[0] reqid:[46156] qname:[yahoo.com.] qtype:[A] respid:[<nil>] rcode:[<nil>] respflags:[<nil>] err:[read udp 192.168.83.137:50241->94.140.14.49:53: i/o timeout] duration:[5.000193892s]
2025/05/21 04:14:02 worker:[0] reqid:[59978] qname:[google.com.] qtype:[A] respid:[59978] rcode:[NOERROR] respflags:[qr rd ra] err:[<nil>] duration:[17.439242ms]
2025/05/21 04:14:02 worker:[0] reqid:[12280] qname:[googleusercontent.com.] qtype:[A] respid:[12280] rcode:[NOERROR] respflags:[qr rd ra] err:[<nil>] duration:[78.943298ms]
2025/05/21 04:14:02 worker:[0] reqid:[16625] qname:[facebook.com.] qtype:[A] respid:[16625] rcode:[NOERROR] respflags:[qr rd ra] err:[<nil>] duration:[4.280189ms]
2025/05/21 04:14:02 worker:[0] reqid:[16105] qname:[instagram.com.] qtype:[A] respid:[16105] rcode:[NOERROR] respflags:[qr rd ra] err:[<nil>] duration:[5.30608ms]
2025/05/21 04:14:02 worker:[0] reqid:[51210] qname:[wikipedia.org.] qtype:[A] respid:[51210] rcode:[NOERROR] respflags:[qr rd ra] err:[<nil>] duration:[78.604056ms]
2025/05/21 04:14:02 worker:[0] reqid:[5545] qname:[x.com.] qtype:[A] respid:[5545] rcode:[NOERROR] respflags:[qr rd ra] err:[<nil>] duration:[3.190622ms]
2025/05/21 04:14:02 worker:[0] reqid:[58448] qname:[amazon.com.] qtype:[A] respid:[58448] rcode:[NOERROR] respflags:[qr rd ra] err:[<nil>] duration:[77.185986ms]
2025/05/21 04:14:02 worker:[0] reqid:[53413] qname:[tiktok.com.] qtype:[A] respid:[53413] rcode:[NOERROR] respflags:[qr rd ra] err:[<nil>] duration:[2.753982ms]
2025/05/21 04:14:02 worker:[0] reqid:[64894] qname:[whatsapp.com.] qtype:[A] respid:[64894] rcode:[NOERROR] respflags:[qr rd ra] err:[<nil>] duration:[80.145071ms]
2025/05/21 04:14:02 worker:[0] reqid:[32187] qname:[yahoo.com.] qtype:[A] respid:[32187] rcode:[NOERROR] respflags:[qr rd ra] err:[<nil>] duration:[80.279058ms]
2025/05/21 04:14:02 worker:[0] reqid:[28455] qname:[google.com.] qtype:[A] respid:[28455] rcode:[NOERROR] respflags:[qr rd ra] err:[<nil>] duration:[3.55594ms]
2025/05/21 04:14:02 worker:[0] reqid:[24144] qname:[googleusercontent.com.] qtype:[A] respid:[24144] rcode:[NOERROR] respflags:[qr rd ra] err:[<nil>] duration:[78.048271ms]
2025/05/21 04:14:02 worker:[0] reqid:[48149] qname:[facebook.com.] qtype:[A] respid:[48149] rcode:[NOERROR] respflags:[qr rd ra] err:[<nil>] duration:[4.635063ms]
2025/05/21 04:14:02 worker:[0] reqid:[15668] qname:[instagram.com.] qtype:[A] respid:[15668] rcode:[NOERROR] respflags:[qr rd ra] err:[<nil>] duration:[2.608524ms]
2025/05/21 04:14:02 worker:[0] reqid:[45310] qname:[wikipedia.org.] qtype:[A] respid:[45310] rcode:[NOERROR] respflags:[qr rd ra] err:[<nil>] duration:[80.594104ms]
2025/05/21 04:14:02 worker:[0] reqid:[53982] qname:[x.com.] qtype:[A] respid:[53982] rcode:[NOERROR] respflags:[qr rd ra] err:[<nil>] duration:[2.831874ms]
2025/05/21 04:14:03 worker:[0] reqid:[6682] qname:[amazon.com.] qtype:[A] respid:[6682] rcode:[NOERROR] respflags:[qr rd ra] err:[<nil>] duration:[78.184439ms]
2025/05/21 04:14:03 worker:[0] reqid:[10137] qname:[tiktok.com.] qtype:[A] respid:[10137] rcode:[NOERROR] respflags:[qr rd ra] err:[<nil>] duration:[3.335675ms]
2025/05/21 04:14:03 worker:[0] reqid:[6868] qname:[whatsapp.com.] qtype:[A] respid:[6868] rcode:[NOERROR] respflags:[qr rd ra] err:[<nil>] duration:[78.232419ms]
2025/05/21 04:14:03 worker:[0] reqid:[22861] qname:[yahoo.com.] qtype:[A] respid:[22861] rcode:[NOERROR] respflags:[qr rd ra] err:[<nil>] duration:[82.076573ms]
2025/05/21 04:14:03 worker:[0] reqid:[32993] qname:[google.com.] qtype:[A] respid:[32993] rcode:[NOERROR] respflags:[qr rd ra] err:[<nil>] duration:[5.149604ms]
2025/05/21 04:14:03 worker:[0] reqid:[55079] qname:[googleusercontent.com.] qtype:[A] respid:[55079] rcode:[NOERROR] respflags:[qr rd ra] err:[<nil>] duration:[80.521218ms]
2025/05/21 04:14:03 worker:[0] reqid:[58575] qname:[facebook.com.] qtype:[A] respid:[58575] rcode:[NOERROR] respflags:[qr rd ra] err:[<nil>] duration:[7.111306ms]
2025/05/21 04:14:03 worker:[0] reqid:[64672] qname:[instagram.com.] qtype:[A] respid:[64672] rcode:[NOERROR] respflags:[qr rd ra] err:[<nil>] duration:[8.756848ms]
2025/05/21 04:14:03 worker:[0] reqid:[41231] qname:[wikipedia.org.] qtype:[A] respid:[41231] rcode:[NOERROR] respflags:[qr rd ra] err:[<nil>] duration:[81.566694ms]
2025/05/21 04:14:03 worker:[0] reqid:[40950] qname:[x.com.] qtype:[A] respid:[40950] rcode:[NOERROR] respflags:[qr rd ra] err:[<nil>] duration:[10.478456ms]
2025/05/21 04:14:03 worker:[0] reqid:[888] qname:[amazon.com.] qtype:[A] respid:[888] rcode:[NOERROR] respflags:[qr rd ra] err:[<nil>] duration:[76.850481ms]
2025/05/21 04:14:03 worker:[0] reqid:[57542] qname:[tiktok.com.] qtype:[A] respid:[57542] rcode:[NOERROR] respflags:[qr rd ra] err:[<nil>] duration:[3.394265ms]
2025/05/21 04:14:03 worker:[0] reqid:[18490] qname:[whatsapp.com.] qtype:[A] respid:[18490] rcode:[NOERROR] respflags:[qr rd ra] err:[<nil>] duration:[76.789159ms]
2025/05/21 04:14:03 worker:[0] reqid:[30574] qname:[yahoo.com.] qtype:[A] respid:[30574] rcode:[NOERROR] respflags:[qr rd ra] err:[<nil>] duration:[80.429826ms]
2025/05/21 04:14:03 worker:[0] reqid:[53337] qname:[google.com.] qtype:[A] respid:[53337] rcode:[NOERROR] respflags:[qr rd ra] err:[<nil>] duration:[4.940741ms]
2025/05/21 04:14:03 worker:[0] reqid:[19602] qname:[googleusercontent.com.] qtype:[A] respid:[19602] rcode:[NOERROR] respflags:[qr rd ra] err:[<nil>] duration:[77.00474ms]
2025/05/21 04:14:03 worker:[0] reqid:[31157] qname:[facebook.com.] qtype:[A] respid:[31157] rcode:[NOERROR] respflags:[qr rd ra] err:[<nil>] duration:[3.205083ms]
2025/05/21 04:14:03 worker:[0] reqid:[3069] qname:[instagram.com.] qtype:[A] respid:[3069] rcode:[NOERROR] respflags:[qr rd ra] err:[<nil>] duration:[3.120366ms]
2025/05/21 04:14:03 worker:[0] reqid:[4677] qname:[wikipedia.org.] qtype:[A] respid:[4677] rcode:[NOERROR] respflags:[qr rd ra] err:[<nil>] duration:[80.16088ms]
2025/05/21 04:14:03 worker:[0] reqid:[54700] qname:[x.com.] qtype:[A] respid:[54700] rcode:[NOERROR] respflags:[qr rd ra] err:[<nil>] duration:[6.415851ms]
2025/05/21 04:14:03 worker:[0] reqid:[20387] qname:[amazon.com.] qtype:[A] respid:[20387] rcode:[NOERROR] respflags:[qr rd ra] err:[<nil>] duration:[76.273271ms]
2025/05/21 04:14:03 worker:[0] reqid:[14877] qname:[tiktok.com.] qtype:[A] respid:[14877] rcode:[NOERROR] respflags:[qr rd ra] err:[<nil>] duration:[2.171977ms]
2025/05/21 04:14:03 worker:[0] reqid:[9258] qname:[whatsapp.com.] qtype:[A] respid:[9258] rcode:[NOERROR] respflags:[qr rd ra] err:[<nil>] duration:[78.836423ms]
2025/05/21 04:14:04 worker:[0] reqid:[17317] qname:[yahoo.com.] qtype:[A] respid:[17317] rcode:[NOERROR] respflags:[qr rd ra] err:[<nil>] duration:[78.1835ms]
2025/05/21 04:14:04 worker:[0] reqid:[6154] qname:[google.com.] qtype:[A] respid:[6154] rcode:[NOERROR] respflags:[qr rd ra] err:[<nil>] duration:[6.115691ms]
2025/05/21 04:14:04 worker:[0] reqid:[6458] qname:[googleusercontent.com.] qtype:[A] respid:[6458] rcode:[NOERROR] respflags:[qr rd ra] err:[<nil>] duration:[82.304014ms]
2025/05/21 04:14:04 worker:[0] reqid:[63679] qname:[facebook.com.] qtype:[A] respid:[63679] rcode:[NOERROR] respflags:[qr rd ra] err:[<nil>] duration:[9.574353ms]
2025/05/21 04:14:04 worker:[0] reqid:[402] qname:[instagram.com.] qtype:[A] respid:[402] rcode:[NOERROR] respflags:[qr rd ra] err:[<nil>] duration:[9.101172ms]
2025/05/21 04:14:04 worker:[0] reqid:[63551] qname:[wikipedia.org.] qtype:[A] respid:[63551] rcode:[NOERROR] respflags:[qr rd ra] err:[<nil>] duration:[77.018909ms]
2025/05/21 04:14:04 worker:[0] reqid:[45790] qname:[x.com.] qtype:[A] respid:[45790] rcode:[NOERROR] respflags:[qr rd ra] err:[<nil>] duration:[5.540859ms]
2025/05/21 04:14:04 worker:[0] reqid:[1548] qname:[amazon.com.] qtype:[A] respid:[1548] rcode:[NOERROR] respflags:[qr rd ra] err:[<nil>] duration:[77.01529ms]
2025/05/21 04:14:04 worker:[0] reqid:[17586] qname:[tiktok.com.] qtype:[A] respid:[17586] rcode:[NOERROR] respflags:[qr rd ra] err:[<nil>] duration:[3.113453ms]
2025/05/21 04:14:04 worker:[0] reqid:[17575] qname:[whatsapp.com.] qtype:[A] respid:[17575] rcode:[NOERROR] respflags:[qr rd ra] err:[<nil>] duration:[81.000321ms]
2025/05/21 04:14:04 worker:[0] reqid:[36566] qname:[yahoo.com.] qtype:[A] respid:[36566] rcode:[NOERROR] respflags:[qr rd ra] err:[<nil>] duration:[84.463113ms]
2025/05/21 04:14:04 worker:[0] reqid:[23207] qname:[google.com.] qtype:[A] respid:[23207] rcode:[NOERROR] respflags:[qr rd ra] err:[<nil>] duration:[8.368517ms]
2025/05/21 04:14:04 worker:[0] reqid:[17813] qname:[googleusercontent.com.] qtype:[A] respid:[17813] rcode:[NOERROR] respflags:[qr rd ra] err:[<nil>] duration:[265.996787ms]
2025/05/21 04:14:04 worker:[0] reqid:[65296] qname:[facebook.com.] qtype:[A] respid:[65296] rcode:[NOERROR] respflags:[qr rd ra] err:[<nil>] duration:[7.394193ms]
2025/05/21 04:14:04 worker:[0] reqid:[48136] qname:[instagram.com.] qtype:[A] respid:[48136] rcode:[NOERROR] respflags:[qr rd ra] err:[<nil>] duration:[5.859723ms]
2025/05/21 04:14:04 worker:[0] reqid:[64019] qname:[wikipedia.org.] qtype:[A] respid:[64019] rcode:[NOERROR] respflags:[qr rd ra] err:[<nil>] duration:[154.59813ms]
2025/05/21 04:14:04 worker:[0] reqid:[56296] qname:[x.com.] qtype:[A] respid:[56296] rcode:[NOERROR] respflags:[qr rd ra] err:[<nil>] duration:[4.497818ms]
2025/05/21 04:14:05 worker:[0] reqid:[42349] qname:[amazon.com.] qtype:[A] respid:[42349] rcode:[NOERROR] respflags:[qr rd ra] err:[<nil>] duration:[216.821829ms]
2025/05/21 04:14:05 worker:[0] reqid:[59908] qname:[tiktok.com.] qtype:[A] respid:[59908] rcode:[NOERROR] respflags:[qr rd ra] err:[<nil>] duration:[2.789022ms]
2025/05/21 04:14:05 worker:[0] reqid:[44572] qname:[whatsapp.com.] qtype:[A] respid:[44572] rcode:[NOERROR] respflags:[qr rd ra] err:[<nil>] duration:[78.649697ms]
2025/05/21 04:14:05 worker:[0] reqid:[34283] qname:[yahoo.com.] qtype:[A] respid:[34283] rcode:[NOERROR] respflags:[qr rd ra] err:[<nil>] duration:[77.650488ms]
2025/05/21 04:14:05 worker:[0] reqid:[65010] qname:[google.com.] qtype:[A] respid:[65010] rcode:[NOERROR] respflags:[qr rd ra] err:[<nil>] duration:[3.346817ms]
2025/05/21 04:14:05 worker:[0] reqid:[46886] qname:[googleusercontent.com.] qtype:[A] respid:[46886] rcode:[NOERROR] respflags:[qr rd ra] err:[<nil>] duration:[76.437155ms]
2025/05/21 04:14:05 worker:[0] reqid:[26978] qname:[facebook.com.] qtype:[A] respid:[26978] rcode:[NOERROR] respflags:[qr rd ra] err:[<nil>] duration:[2.595095ms]
2025/05/21 04:14:05 worker:[0] reqid:[52462] qname:[instagram.com.] qtype:[A] respid:[52462] rcode:[NOERROR] respflags:[qr rd ra] err:[<nil>] duration:[2.759633ms]
2025/05/21 04:14:05 worker:[0] reqid:[56673] qname:[wikipedia.org.] qtype:[A] respid:[56673] rcode:[NOERROR] respflags:[qr rd ra] err:[<nil>] duration:[78.62695ms]
2025/05/21 04:14:05 worker:[0] reqid:[7330] qname:[x.com.] qtype:[A] respid:[7330] rcode:[NOERROR] respflags:[qr rd ra] err:[<nil>] duration:[4.473834ms]
2025/05/21 04:14:05 worker:[0] reqid:[9348] qname:[amazon.com.] qtype:[A] respid:[9348] rcode:[NOERROR] respflags:[qr rd ra] err:[<nil>] duration:[77.791ms]
2025/05/21 04:14:05 worker:[0] reqid:[55486] qname:[tiktok.com.] qtype:[A] respid:[55486] rcode:[NOERROR] respflags:[qr rd ra] err:[<nil>] duration:[3.82694ms]
2025/05/21 04:14:05 worker:[0] reqid:[12251] qname:[whatsapp.com.] qtype:[A] respid:[12251] rcode:[NOERROR] respflags:[qr rd ra] err:[<nil>] duration:[80.337992ms]
2025/05/21 04:14:05 worker:[0] reqid:[4458] qname:[yahoo.com.] qtype:[A] respid:[4458] rcode:[NOERROR] respflags:[qr rd ra] err:[<nil>] duration:[77.477455ms]
2025/05/21 04:14:05 worker:[0] reqid:[1329] qname:[google.com.] qtype:[A] respid:[1329] rcode:[NOERROR] respflags:[qr rd ra] err:[<nil>] duration:[5.16719ms]
2025/05/21 04:14:05 worker:[0] reqid:[49904] qname:[googleusercontent.com.] qtype:[A] respid:[49904] rcode:[NOERROR] respflags:[qr rd ra] err:[<nil>] duration:[76.452762ms]
2025/05/21 04:14:05 worker:[0] reqid:[54105] qname:[facebook.com.] qtype:[A] respid:[54105] rcode:[NOERROR] respflags:[qr rd ra] err:[<nil>] duration:[5.244248ms]
2025/05/21 04:14:05 worker:[0] reqid:[7727] qname:[instagram.com.] qtype:[A] respid:[7727] rcode:[NOERROR] respflags:[qr rd ra] err:[<nil>] duration:[2.576456ms]
2025/05/21 04:14:05 worker:[0] reqid:[27273] qname:[wikipedia.org.] qtype:[A] respid:[27273] rcode:[NOERROR] respflags:[qr rd ra] err:[<nil>] duration:[76.923438ms]
2025/05/21 04:14:05 worker:[0] reqid:[53462] qname:[x.com.] qtype:[A] respid:[53462] rcode:[NOERROR] respflags:[qr rd ra] err:[<nil>] duration:[2.831333ms]
2025/05/21 04:14:05 worker:[0] reqid:[51448] qname:[amazon.com.] qtype:[A] respid:[51448] rcode:[NOERROR] respflags:[qr rd ra] err:[<nil>] duration:[76.557222ms]
2025/05/21 04:14:05 worker:[0] reqid:[46440] qname:[tiktok.com.] qtype:[A] respid:[46440] rcode:[NOERROR] respflags:[qr rd ra] err:[<nil>] duration:[7.684634ms]
2025/05/21 04:14:06 worker:[0] reqid:[26838] qname:[whatsapp.com.] qtype:[A] respid:[26838] rcode:[NOERROR] respflags:[qr rd ra] err:[<nil>] duration:[83.828517ms]
2025/05/21 04:14:06 worker:[0] reqid:[64596] qname:[yahoo.com.] qtype:[A] respid:[64596] rcode:[NOERROR] respflags:[qr rd ra] err:[<nil>] duration:[76.985199ms]
2025/05/21 04:14:06 worker:[0] reqid:[51439] qname:[google.com.] qtype:[A] respid:[51439] rcode:[NOERROR] respflags:[qr rd ra] err:[<nil>] duration:[3.383527ms]
2025/05/21 04:14:06 worker:[0] reqid:[21148] qname:[googleusercontent.com.] qtype:[A] respid:[21148] rcode:[NOERROR] respflags:[qr rd ra] err:[<nil>] duration:[79.774516ms]
2025/05/21 04:14:06 worker:[0] reqid:[65411] qname:[facebook.com.] qtype:[A] respid:[65411] rcode:[NOERROR] respflags:[qr rd ra] err:[<nil>] duration:[4.859969ms]
2025/05/21 04:14:06 worker:[0] reqid:[51513] qname:[instagram.com.] qtype:[A] respid:[51513] rcode:[NOERROR] respflags:[qr rd ra] err:[<nil>] duration:[6.274541ms]
2025/05/21 04:14:06 worker:[0] reqid:[52363] qname:[wikipedia.org.] qtype:[A] respid:[52363] rcode:[NOERROR] respflags:[qr rd ra] err:[<nil>] duration:[79.592464ms]
2025/05/21 04:14:06 worker:[0] reqid:[30979] qname:[x.com.] qtype:[A] respid:[30979] rcode:[NOERROR] respflags:[qr rd ra] err:[<nil>] duration:[3.263381ms]
2025/05/21 04:14:06 worker:[0] reqid:[30590] qname:[amazon.com.] qtype:[A] respid:[30590] rcode:[NOERROR] respflags:[qr rd ra] err:[<nil>] duration:[79.058921ms]
2025/05/21 04:14:06 worker:[0] reqid:[64785] qname:[tiktok.com.] qtype:[A] respid:[64785] rcode:[NOERROR] respflags:[qr rd ra] err:[<nil>] duration:[5.187869ms]
2025/05/21 04:14:06 worker:[0] reqid:[47301] qname:[whatsapp.com.] qtype:[A] respid:[47301] rcode:[NOERROR] respflags:[qr rd ra] err:[<nil>] duration:[77.858048ms]
2025/05/21 04:14:06 worker:[0] reqid:[4475] qname:[yahoo.com.] qtype:[A] respid:[4475] rcode:[NOERROR] respflags:[qr rd ra] err:[<nil>] duration:[76.460063ms]
2025/05/21 04:14:06 worker:[0] reqid:[55440] qname:[google.com.] qtype:[A] respid:[55440] rcode:[NOERROR] respflags:[qr rd ra] err:[<nil>] duration:[2.209374ms]
2025/05/21 04:14:06 worker:[0] reqid:[18360] qname:[googleusercontent.com.] qtype:[A] respid:[18360] rcode:[NOERROR] respflags:[qr rd ra] err:[<nil>] duration:[78.525442ms]
2025/05/21 04:14:06 worker:[0] reqid:[31156] qname:[facebook.com.] qtype:[A] respid:[31156] rcode:[NOERROR] respflags:[qr rd ra] err:[<nil>] duration:[4.107273ms]
2025/05/21 04:14:06 worker:[0] reqid:[37412] qname:[instagram.com.] qtype:[A] respid:[37412] rcode:[NOERROR] respflags:[qr rd ra] err:[<nil>] duration:[3.693932ms]
2025/05/21 04:14:06 worker:[0] reqid:[45016] qname:[wikipedia.org.] qtype:[A] respid:[45016] rcode:[NOERROR] respflags:[qr rd ra] err:[<nil>] duration:[76.665006ms]
2025/05/21 04:14:06 worker:[0] reqid:[20220] qname:[x.com.] qtype:[A] respid:[20220] rcode:[NOERROR] respflags:[qr rd ra] err:[<nil>] duration:[3.951891ms]
2025/05/21 04:14:06 worker:[0] reqid:[31705] qname:[amazon.com.] qtype:[A] respid:[31705] rcode:[NOERROR] respflags:[qr rd ra] err:[<nil>] duration:[84.611632ms]
2025/05/21 04:14:06 worker:[0] reqid:[23791] qname:[tiktok.com.] qtype:[A] respid:[23791] rcode:[NOERROR] respflags:[qr rd ra] err:[<nil>] duration:[9.10484ms]
2025/05/21 04:14:06 worker:[0] reqid:[50117] qname:[whatsapp.com.] qtype:[A] respid:[50117] rcode:[NOERROR] respflags:[qr rd ra] err:[<nil>] duration:[77.491917ms]
2025/05/21 04:14:06 worker:[0] reqid:[49557] qname:[yahoo.com.] qtype:[A] respid:[49557] rcode:[NOERROR] respflags:[qr rd ra] err:[<nil>] duration:[79.447001ms]
2025/05/21 04:14:06 worker:[0] reqid:[173] qname:[google.com.] qtype:[A] respid:[173] rcode:[NOERROR] respflags:[qr rd ra] err:[<nil>] duration:[6.3265ms]
2025/05/21 04:14:07 worker:[0] reqid:[11025] qname:[googleusercontent.com.] qtype:[A] respid:[11025] rcode:[NOERROR] respflags:[qr rd ra] err:[<nil>] duration:[81.543582ms]
2025/05/21 04:14:07 worker:[0] reqid:[32143] qname:[facebook.com.] qtype:[A] respid:[32143] rcode:[NOERROR] respflags:[qr rd ra] err:[<nil>] duration:[2.97347ms]
2025/05/21 04:14:07 worker:[0] reqid:[18549] qname:[instagram.com.] qtype:[A] respid:[18549] rcode:[NOERROR] respflags:[qr rd ra] err:[<nil>] duration:[3.136747ms]
2025/05/21 04:14:07 worker:[0] reqid:[43452] qname:[wikipedia.org.] qtype:[A] respid:[43452] rcode:[NOERROR] respflags:[qr rd ra] err:[<nil>] duration:[82.674203ms]
2025/05/21 04:14:07 worker:[0] reqid:[36293] qname:[x.com.] qtype:[A] respid:[36293] rcode:[NOERROR] respflags:[qr rd ra] err:[<nil>] duration:[7.451421ms]
2025/05/21 04:14:07 worker:[0] reqid:[28956] qname:[amazon.com.] qtype:[A] respid:[28956] rcode:[NOERROR] respflags:[qr rd ra] err:[<nil>] duration:[82.762968ms]
2025/05/21 04:14:07 worker:[0] reqid:[42314] qname:[tiktok.com.] qtype:[A] respid:[42314] rcode:[NOERROR] respflags:[qr rd ra] err:[<nil>] duration:[11.252692ms]
2025/05/21 04:14:07 worker:[0] reqid:[12466] qname:[whatsapp.com.] qtype:[A] respid:[12466] rcode:[NOERROR] respflags:[qr rd ra] err:[<nil>] duration:[82.651065ms]
2025/05/21 04:14:07 worker:[0] reqid:[55483] qname:[yahoo.com.] qtype:[A] respid:[55483] rcode:[NOERROR] respflags:[qr rd ra] err:[<nil>] duration:[78.913373ms]
2025/05/21 04:14:07 worker:[0] reqid:[33704] qname:[google.com.] qtype:[A] respid:[33704] rcode:[NOERROR] respflags:[qr rd ra] err:[<nil>] duration:[3.830258ms]
2025/05/21 04:14:07 worker:[0] reqid:[29072] qname:[googleusercontent.com.] qtype:[A] respid:[29072] rcode:[NOERROR] respflags:[qr rd ra] err:[<nil>] duration:[78.462426ms]
2025/05/21 04:14:07 worker:[0] reqid:[42519] qname:[facebook.com.] qtype:[A] respid:[42519] rcode:[NOERROR] respflags:[qr rd ra] err:[<nil>] duration:[4.487739ms]
2025/05/21 04:14:07 worker:[0] reqid:[17601] qname:[instagram.com.] qtype:[A] respid:[17601] rcode:[NOERROR] respflags:[qr rd ra] err:[<nil>] duration:[3.82554ms]
2025/05/21 04:14:07 worker:[0] reqid:[62764] qname:[wikipedia.org.] qtype:[A] respid:[62764] rcode:[NOERROR] respflags:[qr rd ra] err:[<nil>] duration:[76.547314ms]
2025/05/21 04:14:07 worker:[0] reqid:[18170] qname:[x.com.] qtype:[A] respid:[18170] rcode:[NOERROR] respflags:[qr rd ra] err:[<nil>] duration:[2.904387ms]
2025/05/21 04:14:07 worker:[0] reqid:[28413] qname:[amazon.com.] qtype:[A] respid:[28413] rcode:[NOERROR] respflags:[qr rd ra] err:[<nil>] duration:[77.207572ms]
2025/05/21 04:14:07 worker:[0] reqid:[20067] qname:[tiktok.com.] qtype:[A] respid:[20067] rcode:[NOERROR] respflags:[qr rd ra] err:[<nil>] duration:[2.904663ms]
2025/05/21 04:14:07 worker:[0] reqid:[60379] qname:[whatsapp.com.] qtype:[A] respid:[60379] rcode:[NOERROR] respflags:[qr rd ra] err:[<nil>] duration:[84.583997ms]
2025/05/21 04:14:07 worker:[0] reqid:[47789] qname:[yahoo.com.] qtype:[A] respid:[47789] rcode:[NOERROR] respflags:[qr rd ra] err:[<nil>] duration:[77.757113ms]
2025/05/21 04:14:07 worker:[0] reqid:[43264] qname:[google.com.] qtype:[A] respid:[43264] rcode:[NOERROR] respflags:[qr rd ra] err:[<nil>] duration:[6.103913ms]
2025/05/21 04:14:12 worker:[0] reqid:[20837] qname:[googleusercontent.com.] qtype:[A] respid:[<nil>] rcode:[<nil>] respflags:[<nil>] err:[read udp 192.168.83.137:48893->94.140.14.49:53: i/o timeout] duration:[5.00182652s]
2025/05/21 04:14:12 worker:[0] reqid:[7711] qname:[facebook.com.] qtype:[A] respid:[7711] rcode:[NOERROR] respflags:[qr rd ra] err:[<nil>] duration:[13.012849ms]
2025/05/21 04:14:12 worker:[0] reqid:[22924] qname:[instagram.com.] qtype:[A] respid:[22924] rcode:[NOERROR] respflags:[qr rd ra] err:[<nil>] duration:[3.212672ms]
2025/05/21 04:14:12 worker:[0] reqid:[30599] qname:[wikipedia.org.] qtype:[A] respid:[30599] rcode:[NOERROR] respflags:[qr rd ra] err:[<nil>] duration:[83.286971ms]
2025/05/21 04:14:12 worker:[0] reqid:[36362] qname:[x.com.] qtype:[A] respid:[36362] rcode:[NOERROR] respflags:[qr rd ra] err:[<nil>] duration:[6.373218ms]
2025/05/21 04:14:12 worker:[0] reqid:[61599] qname:[amazon.com.] qtype:[A] respid:[61599] rcode:[NOERROR] respflags:[qr rd ra] err:[<nil>] duration:[82.810572ms]
2025/05/21 04:14:12 worker:[0] reqid:[5044] qname:[tiktok.com.] qtype:[A] respid:[5044] rcode:[NOERROR] respflags:[qr rd ra] err:[<nil>] duration:[2.736192ms]
2025/05/21 04:14:13 worker:[0] reqid:[5926] qname:[whatsapp.com.] qtype:[A] respid:[5926] rcode:[NOERROR] respflags:[qr rd ra] err:[<nil>] duration:[83.602804ms]
2025/05/21 04:14:18 worker:[0] reqid:[50336] qname:[yahoo.com.] qtype:[A] respid:[<nil>] rcode:[<nil>] respflags:[<nil>] err:[read udp 192.168.83.137:43000->94.140.14.49:53: i/o timeout] duration:[5.000945136s]
2025/05/21 04:14:18 worker:[0] reqid:[52888] qname:[google.com.] qtype:[A] respid:[52888] rcode:[NOERROR] respflags:[qr rd ra] err:[<nil>] duration:[7.434829ms]
2025/05/21 04:14:18 worker:[0] reqid:[20116] qname:[googleusercontent.com.] qtype:[A] respid:[20116] rcode:[NOERROR] respflags:[qr rd ra] err:[<nil>] duration:[77.430759ms]
2025/05/21 04:14:18 worker:[0] reqid:[36338] qname:[facebook.com.] qtype:[A] respid:[36338] rcode:[NOERROR] respflags:[qr rd ra] err:[<nil>] duration:[8.315758ms]
2025/05/21 04:14:18 worker:[0] reqid:[25335] qname:[instagram.com.] qtype:[A] respid:[25335] rcode:[NOERROR] respflags:[qr rd ra] err:[<nil>] duration:[4.328123ms]
2025/05/21 04:14:18 worker:[0] reqid:[65203] qname:[wikipedia.org.] qtype:[A] respid:[65203] rcode:[NOERROR] respflags:[qr rd ra] err:[<nil>] duration:[77.002079ms]
2025/05/21 04:14:18 worker:[0] reqid:[4653] qname:[x.com.] qtype:[A] respid:[4653] rcode:[NOERROR] respflags:[qr rd ra] err:[<nil>] duration:[3.841211ms]
2025/05/21 04:14:18 worker:[0] reqid:[21944] qname:[amazon.com.] qtype:[A] respid:[21944] rcode:[NOERROR] respflags:[qr rd ra] err:[<nil>] duration:[77.494125ms]
2025/05/21 04:14:18 worker:[0] reqid:[621] qname:[tiktok.com.] qtype:[A] respid:[621] rcode:[NOERROR] respflags:[qr rd ra] err:[<nil>] duration:[2.627136ms]
2025/05/21 04:14:18 worker:[0] reqid:[19889] qname:[whatsapp.com.] qtype:[A] respid:[19889] rcode:[NOERROR] respflags:[qr rd ra] err:[<nil>] duration:[76.087251ms]
2025/05/21 04:14:18 worker:[0] reqid:[15822] qname:[yahoo.com.] qtype:[A] respid:[15822] rcode:[NOERROR] respflags:[qr rd ra] err:[<nil>] duration:[77.496724ms]
2025/05/21 04:14:18 worker:[0] reqid:[43206] qname:[google.com.] qtype:[A] respid:[43206] rcode:[NOERROR] respflags:[qr rd ra] err:[<nil>] duration:[3.218184ms]
2025/05/21 04:14:18 worker:[0] reqid:[43711] qname:[googleusercontent.com.] qtype:[A] respid:[43711] rcode:[NOERROR] respflags:[qr rd ra] err:[<nil>] duration:[81.686437ms]
2025/05/21 04:14:18 worker:[0] reqid:[3662] qname:[facebook.com.] qtype:[A] respid:[3662] rcode:[NOERROR] respflags:[qr rd ra] err:[<nil>] duration:[7.782549ms]
2025/05/21 04:14:18 worker:[0] reqid:[42011] qname:[instagram.com.] qtype:[A] respid:[42011] rcode:[NOERROR] respflags:[qr rd ra] err:[<nil>] duration:[8.566455ms]
2025/05/21 04:14:18 worker:[0] reqid:[35407] qname:[wikipedia.org.] qtype:[A] respid:[35407] rcode:[NOERROR] respflags:[qr rd ra] err:[<nil>] duration:[81.328044ms]
2025/05/21 04:14:18 worker:[0] reqid:[17383] qname:[x.com.] qtype:[A] respid:[17383] rcode:[NOERROR] respflags:[qr rd ra] err:[<nil>] duration:[5.195776ms]
2025/05/21 04:14:18 worker:[0] reqid:[40580] qname:[amazon.com.] qtype:[A] respid:[40580] rcode:[NOERROR] respflags:[qr rd ra] err:[<nil>] duration:[77.142472ms]
2025/05/21 04:14:18 worker:[0] reqid:[50048] qname:[tiktok.com.] qtype:[A] respid:[50048] rcode:[NOERROR] respflags:[qr rd ra] err:[<nil>] duration:[4.099845ms]
2025/05/21 04:14:18 worker:[0] reqid:[14641] qname:[whatsapp.com.] qtype:[A] respid:[14641] rcode:[NOERROR] respflags:[qr rd ra] err:[<nil>] duration:[77.469804ms]
2025/05/21 04:14:18 worker:[0] reqid:[62800] qname:[yahoo.com.] qtype:[A] respid:[62800] rcode:[NOERROR] respflags:[qr rd ra] err:[<nil>] duration:[77.389315ms]
2025/05/21 04:14:18 worker:[0] reqid:[5754] qname:[google.com.] qtype:[A] respid:[5754] rcode:[NOERROR] respflags:[qr rd ra] err:[<nil>] duration:[2.935188ms]
2025/05/21 04:14:18 worker:[0] reqid:[17111] qname:[googleusercontent.com.] qtype:[A] respid:[17111] rcode:[NOERROR] respflags:[qr rd ra] err:[<nil>] duration:[78.715216ms]
2025/05/21 04:14:19 worker:[0] reqid:[55416] qname:[facebook.com.] qtype:[A] respid:[55416] rcode:[NOERROR] respflags:[qr rd ra] err:[<nil>] duration:[5.257724ms]
2025/05/21 04:14:24 worker:[0] reqid:[47749] qname:[instagram.com.] qtype:[A] respid:[<nil>] rcode:[<nil>] respflags:[<nil>] err:[read udp 192.168.83.137:57280->94.140.14.49:53: i/o timeout] duration:[5.001261587s]
2025/05/21 04:14:24 worker:[0] reqid:[30371] qname:[wikipedia.org.] qtype:[A] respid:[30371] rcode:[NOERROR] respflags:[qr rd ra] err:[<nil>] duration:[99.411312ms]
2025/05/21 04:14:24 worker:[0] reqid:[44712] qname:[x.com.] qtype:[A] respid:[44712] rcode:[NOERROR] respflags:[qr rd ra] err:[<nil>] duration:[4.965042ms]
2025/05/21 04:14:24 worker:[0] reqid:[20284] qname:[amazon.com.] qtype:[A] respid:[20284] rcode:[NOERROR] respflags:[qr rd ra] err:[<nil>] duration:[79.275552ms]
2025/05/21 04:14:24 worker:[0] reqid:[26863] qname:[tiktok.com.] qtype:[A] respid:[26863] rcode:[NOERROR] respflags:[qr rd ra] err:[<nil>] duration:[2.994336ms]
2025/05/21 04:14:24 worker:[0] reqid:[15756] qname:[whatsapp.com.] qtype:[A] respid:[15756] rcode:[NOERROR] respflags:[qr rd ra] err:[<nil>] duration:[81.187359ms]
2025/05/21 04:14:24 worker:[0] reqid:[33686] qname:[yahoo.com.] qtype:[A] respid:[33686] rcode:[NOERROR] respflags:[qr rd ra] err:[<nil>] duration:[79.227989ms]
