2025/05/21 05:42:48 worker:[0] reqid:[63117] qname:[google.com.] qtype:[A] respid:[<nil>] rcode:[<nil>] respflags:[<nil>] err:[dial tcp: lookup 245cca3b.d.adguard-dns.com: i/o timeout] duration:[5.000449288s]
2025/05/21 05:42:49 worker:[0] reqid:[21645] qname:[googleusercontent.com.] qtype:[A] respid:[21645] rcode:[NOERROR] respflags:[qr rd ra] err:[<nil>] duration:[775.293711ms]
2025/05/21 05:42:49 worker:[0] reqid:[12066] qname:[facebook.com.] qtype:[A] respid:[12066] rcode:[NOERROR] respflags:[qr rd ra] err:[<nil>] duration:[87.066839ms]
2025/05/21 05:42:49 worker:[0] reqid:[10539] qname:[instagram.com.] qtype:[A] respid:[10539] rcode:[NOERROR] respflags:[qr rd ra] err:[<nil>] duration:[107.837534ms]
2025/05/21 05:42:49 worker:[0] reqid:[38564] qname:[wikipedia.org.] qtype:[A] respid:[38564] rcode:[NOERROR] respflags:[qr rd ra] err:[<nil>] duration:[437.858199ms]
2025/05/21 05:42:49 worker:[0] reqid:[55250] qname:[x.com.] qtype:[A] respid:[55250] rcode:[NOERROR] respflags:[qr rd ra] err:[<nil>] duration:[85.198953ms]
2025/05/21 05:42:50 worker:[0] reqid:[48189] qname:[amazon.com.] qtype:[A] respid:[48189] rcode:[NOERROR] respflags:[qr rd ra] err:[<nil>] duration:[85.819525ms]
2025/05/21 05:42:50 worker:[0] reqid:[21818] qname:[tiktok.com.] qtype:[A] respid:[21818] rcode:[NOERROR] respflags:[qr rd ra] err:[<nil>] duration:[85.594629ms]
2025/05/21 05:42:50 worker:[0] reqid:[55221] qname:[whatsapp.com.] qtype:[A] respid:[55221] rcode:[NOERROR] respflags:[qr rd ra] err:[<nil>] duration:[97.538532ms]
2025/05/21 05:42:50 worker:[0] reqid:[28176] qname:[yahoo.com.] qtype:[A] respid:[28176] rcode:[NOERROR] respflags:[qr rd ra] err:[<nil>] duration:[86.269821ms]
2025/05/21 05:42:50 worker:[0] reqid:[39337] qname:[google.com.] qtype:[A] respid:[39337] rcode:[NOERROR] respflags:[qr rd ra] err:[<nil>] duration:[93.70464ms]
2025/05/21 05:42:50 worker:[0] reqid:[8540] qname:[googleusercontent.com.] qtype:[A] respid:[8540] rcode:[NOERROR] respflags:[qr rd ra] err:[<nil>] duration:[284.814972ms]
2025/05/21 05:42:50 worker:[0] reqid:[23479] qname:[facebook.com.] qtype:[A] respid:[23479] rcode:[NOERROR] respflags:[qr rd ra] err:[<nil>] duration:[222.510756ms]
2025/05/21 05:42:50 worker:[0] reqid:[56643] qname:[instagram.com.] qtype:[A] respid:[56643] rcode:[NOERROR] respflags:[qr rd ra] err:[<nil>] duration:[90.113305ms]
2025/05/21 05:42:51 worker:[0] reqid:[14419] qname:[wikipedia.org.] qtype:[A] respid:[14419] rcode:[NOERROR] respflags:[qr rd ra] err:[<nil>] duration:[89.543186ms]
2025/05/21 05:42:51 worker:[0] reqid:[13413] qname:[x.com.] qtype:[A] respid:[13413] rcode:[NOERROR] respflags:[qr rd ra] err:[<nil>] duration:[305.955704ms]
2025/05/21 05:42:51 worker:[0] reqid:[12266] qname:[amazon.com.] qtype:[A] respid:[12266] rcode:[NOERROR] respflags:[qr rd ra] err:[<nil>] duration:[93.043128ms]
2025/05/21 05:42:51 worker:[0] reqid:[35101] qname:[tiktok.com.] qtype:[A] respid:[35101] rcode:[NOERROR] respflags:[qr rd ra] err:[<nil>] duration:[301.568356ms]
2025/05/21 05:42:51 worker:[0] reqid:[32951] qname:[whatsapp.com.] qtype:[A] respid:[32951] rcode:[NOERROR] respflags:[qr rd ra] err:[<nil>] duration:[84.305525ms]
2025/05/21 05:42:51 worker:[0] reqid:[10265] qname:[yahoo.com.] qtype:[A] respid:[10265] rcode:[NOERROR] respflags:[qr rd ra] err:[<nil>] duration:[84.985045ms]
2025/05/21 05:42:52 worker:[0] reqid:[29136] qname:[google.com.] qtype:[A] respid:[29136] rcode:[NOERROR] respflags:[qr rd ra] err:[<nil>] duration:[306.91006ms]
2025/05/21 05:42:52 worker:[0] reqid:[8470] qname:[googleusercontent.com.] qtype:[A] respid:[8470] rcode:[NOERROR] respflags:[qr rd ra] err:[<nil>] duration:[518.33375ms]
2025/05/21 05:42:52 worker:[0] reqid:[27281] qname:[facebook.com.] qtype:[A] respid:[27281] rcode:[NOERROR] respflags:[qr rd ra] err:[<nil>] duration:[86.20419ms]
2025/05/21 05:42:52 worker:[0] reqid:[41994] qname:[instagram.com.] qtype:[A] respid:[41994] rcode:[NOERROR] respflags:[qr rd ra] err:[<nil>] duration:[86.508642ms]
2025/05/21 05:42:53 worker:[0] reqid:[5221] qname:[wikipedia.org.] qtype:[A] respid:[5221] rcode:[NOERROR] respflags:[qr rd ra] err:[<nil>] duration:[85.027534ms]
2025/05/21 05:42:53 worker:[0] reqid:[46697] qname:[x.com.] qtype:[A] respid:[46697] rcode:[NOERROR] respflags:[qr rd ra] err:[<nil>] duration:[298.847109ms]
2025/05/21 05:42:53 worker:[0] reqid:[7494] qname:[amazon.com.] qtype:[A] respid:[7494] rcode:[NOERROR] respflags:[qr rd ra] err:[<nil>] duration:[86.721747ms]
2025/05/21 05:42:53 worker:[0] reqid:[47908] qname:[tiktok.com.] qtype:[A] respid:[47908] rcode:[NOERROR] respflags:[qr rd ra] err:[<nil>] duration:[84.755484ms]
2025/05/21 05:42:53 worker:[0] reqid:[17757] qname:[whatsapp.com.] qtype:[A] respid:[17757] rcode:[NOERROR] respflags:[qr rd ra] err:[<nil>] duration:[85.032897ms]
2025/05/21 05:42:53 worker:[0] reqid:[47624] qname:[yahoo.com.] qtype:[A] respid:[47624] rcode:[NOERROR] respflags:[qr rd ra] err:[<nil>] duration:[87.49779ms]
2025/05/21 05:42:53 worker:[0] reqid:[55857] qname:[google.com.] qtype:[A] respid:[55857] rcode:[NOERROR] respflags:[qr rd ra] err:[<nil>] duration:[84.689317ms]
2025/05/21 05:42:53 worker:[0] reqid:[61708] qname:[googleusercontent.com.] qtype:[A] respid:[61708] rcode:[NOERROR] respflags:[qr rd ra] err:[<nil>] duration:[85.475467ms]
2025/05/21 05:42:53 worker:[0] reqid:[51357] qname:[facebook.com.] qtype:[A] respid:[51357] rcode:[NOERROR] respflags:[qr rd ra] err:[<nil>] duration:[86.999991ms]
2025/05/21 05:42:54 worker:[0] reqid:[12656] qname:[instagram.com.] qtype:[A] respid:[12656] rcode:[NOERROR] respflags:[qr rd ra] err:[<nil>] duration:[86.412659ms]
2025/05/21 05:42:54 worker:[0] reqid:[40995] qname:[wikipedia.org.] qtype:[A] respid:[40995] rcode:[NOERROR] respflags:[qr rd ra] err:[<nil>] duration:[86.873337ms]
2025/05/21 05:42:54 worker:[0] reqid:[64673] qname:[x.com.] qtype:[A] respid:[64673] rcode:[NOERROR] respflags:[qr rd ra] err:[<nil>] duration:[85.912336ms]
2025/05/21 05:42:54 worker:[0] reqid:[54131] qname:[amazon.com.] qtype:[A] respid:[54131] rcode:[NOERROR] respflags:[qr rd ra] err:[<nil>] duration:[291.896182ms]
2025/05/21 05:42:54 worker:[0] reqid:[22356] qname:[tiktok.com.] qtype:[A] respid:[22356] rcode:[NOERROR] respflags:[qr rd ra] err:[<nil>] duration:[107.215912ms]
2025/05/21 05:42:54 worker:[0] reqid:[15090] qname:[whatsapp.com.] qtype:[A] respid:[15090] rcode:[NOERROR] respflags:[qr rd ra] err:[<nil>] duration:[293.64326ms]
2025/05/21 05:42:54 worker:[0] reqid:[19032] qname:[yahoo.com.] qtype:[A] respid:[19032] rcode:[NOERROR] respflags:[qr rd ra] err:[<nil>] duration:[84.835307ms]
2025/05/21 05:42:55 worker:[0] reqid:[27912] qname:[google.com.] qtype:[A] respid:[27912] rcode:[NOERROR] respflags:[qr rd ra] err:[<nil>] duration:[83.577945ms]
2025/05/21 05:42:55 worker:[0] reqid:[53793] qname:[googleusercontent.com.] qtype:[A] respid:[53793] rcode:[NOERROR] respflags:[qr rd ra] err:[<nil>] duration:[84.68708ms]
2025/05/21 05:42:55 worker:[0] reqid:[12111] qname:[facebook.com.] qtype:[A] respid:[12111] rcode:[NOERROR] respflags:[qr rd ra] err:[<nil>] duration:[94.215045ms]
2025/05/21 05:42:55 worker:[0] reqid:[43880] qname:[instagram.com.] qtype:[A] respid:[43880] rcode:[NOERROR] respflags:[qr rd ra] err:[<nil>] duration:[88.373509ms]
2025/05/21 05:42:55 worker:[0] reqid:[18563] qname:[wikipedia.org.] qtype:[A] respid:[18563] rcode:[NOERROR] respflags:[qr rd ra] err:[<nil>] duration:[89.65695ms]
2025/05/21 05:42:56 worker:[0] reqid:[25208] qname:[x.com.] qtype:[A] respid:[25208] rcode:[NOERROR] respflags:[qr rd ra] err:[<nil>] duration:[1.552686062s]
2025/05/21 05:42:58 worker:[0] reqid:[11241] qname:[amazon.com.] qtype:[A] respid:[11241] rcode:[NOERROR] respflags:[qr rd ra] err:[<nil>] duration:[1.74243184s]
2025/05/21 05:42:58 worker:[0] reqid:[58391] qname:[tiktok.com.] qtype:[A] respid:[58391] rcode:[NOERROR] respflags:[qr rd ra] err:[<nil>] duration:[105.731547ms]
2025/05/21 05:42:59 worker:[0] reqid:[55458] qname:[whatsapp.com.] qtype:[A] respid:[55458] rcode:[NOERROR] respflags:[qr rd ra] err:[<nil>] duration:[300.604921ms]
2025/05/21 05:42:59 worker:[0] reqid:[2555] qname:[yahoo.com.] qtype:[A] respid:[2555] rcode:[NOERROR] respflags:[qr rd ra] err:[<nil>] duration:[86.471208ms]
2025/05/21 05:42:59 worker:[0] reqid:[57799] qname:[google.com.] qtype:[A] respid:[57799] rcode:[NOERROR] respflags:[qr rd ra] err:[<nil>] duration:[316.570666ms]
2025/05/21 05:42:59 worker:[0] reqid:[60629] qname:[googleusercontent.com.] qtype:[A] respid:[60629] rcode:[NOERROR] respflags:[qr rd ra] err:[<nil>] duration:[97.004514ms]
2025/05/21 05:42:59 worker:[0] reqid:[15948] qname:[facebook.com.] qtype:[A] respid:[15948] rcode:[NOERROR] respflags:[qr rd ra] err:[<nil>] duration:[89.827814ms]
2025/05/21 05:42:59 worker:[0] reqid:[19836] qname:[instagram.com.] qtype:[A] respid:[19836] rcode:[NOERROR] respflags:[qr rd ra] err:[<nil>] duration:[91.580243ms]
2025/05/21 05:43:00 worker:[0] reqid:[25974] qname:[wikipedia.org.] qtype:[A] respid:[25974] rcode:[NOERROR] respflags:[qr rd ra] err:[<nil>] duration:[839.338825ms]
2025/05/21 05:43:00 worker:[0] reqid:[38183] qname:[x.com.] qtype:[A] respid:[38183] rcode:[NOERROR] respflags:[qr rd ra] err:[<nil>] duration:[106.52554ms]
2025/05/21 05:43:00 worker:[0] reqid:[2756] qname:[amazon.com.] qtype:[A] respid:[2756] rcode:[NOERROR] respflags:[qr rd ra] err:[<nil>] duration:[187.652822ms]
2025/05/21 05:43:01 worker:[0] reqid:[38510] qname:[tiktok.com.] qtype:[A] respid:[38510] rcode:[NOERROR] respflags:[qr rd ra] err:[<nil>] duration:[93.264866ms]
2025/05/21 05:43:01 worker:[0] reqid:[58334] qname:[whatsapp.com.] qtype:[A] respid:[58334] rcode:[NOERROR] respflags:[qr rd ra] err:[<nil>] duration:[90.722129ms]
2025/05/21 05:43:01 worker:[0] reqid:[55953] qname:[yahoo.com.] qtype:[A] respid:[55953] rcode:[NOERROR] respflags:[qr rd ra] err:[<nil>] duration:[99.805243ms]
2025/05/21 05:43:01 worker:[0] reqid:[62660] qname:[google.com.] qtype:[A] respid:[62660] rcode:[NOERROR] respflags:[qr rd ra] err:[<nil>] duration:[90.144458ms]
2025/05/21 05:43:01 worker:[0] reqid:[53167] qname:[googleusercontent.com.] qtype:[A] respid:[53167] rcode:[NOERROR] respflags:[qr rd ra] err:[<nil>] duration:[89.279863ms]
2025/05/21 05:43:01 worker:[0] reqid:[26743] qname:[facebook.com.] qtype:[A] respid:[26743] rcode:[NOERROR] respflags:[qr rd ra] err:[<nil>] duration:[89.718384ms]
2025/05/21 05:43:01 worker:[0] reqid:[4234] qname:[instagram.com.] qtype:[A] respid:[4234] rcode:[NOERROR] respflags:[qr rd ra] err:[<nil>] duration:[84.546484ms]
2025/05/21 05:43:01 worker:[0] reqid:[27580] qname:[wikipedia.org.] qtype:[A] respid:[27580] rcode:[NOERROR] respflags:[qr rd ra] err:[<nil>] duration:[84.5396ms]
2025/05/21 05:43:01 worker:[0] reqid:[5356] qname:[x.com.] qtype:[A] respid:[5356] rcode:[NOERROR] respflags:[qr rd ra] err:[<nil>] duration:[87.61263ms]
2025/05/21 05:43:02 worker:[0] reqid:[12306] qname:[amazon.com.] qtype:[A] respid:[12306] rcode:[NOERROR] respflags:[qr rd ra] err:[<nil>] duration:[293.590022ms]
2025/05/21 05:43:02 worker:[0] reqid:[29101] qname:[tiktok.com.] qtype:[A] respid:[29101] rcode:[NOERROR] respflags:[qr rd ra] err:[<nil>] duration:[85.928891ms]
2025/05/21 05:43:02 worker:[0] reqid:[54121] qname:[whatsapp.com.] qtype:[A] respid:[54121] rcode:[NOERROR] respflags:[qr rd ra] err:[<nil>] duration:[85.09836ms]
2025/05/21 05:43:02 worker:[0] reqid:[27030] qname:[yahoo.com.] qtype:[A] respid:[27030] rcode:[NOERROR] respflags:[qr rd ra] err:[<nil>] duration:[292.378958ms]
2025/05/21 05:43:03 worker:[0] reqid:[37266] qname:[google.com.] qtype:[A] respid:[37266] rcode:[NOERROR] respflags:[qr rd ra] err:[<nil>] duration:[1.343315898s]
2025/05/21 05:43:03 worker:[0] reqid:[34795] qname:[googleusercontent.com.] qtype:[A] respid:[34795] rcode:[NOERROR] respflags:[qr rd ra] err:[<nil>] duration:[85.243917ms]
2025/05/21 05:43:04 worker:[0] reqid:[10849] qname:[facebook.com.] qtype:[A] respid:[10849] rcode:[NOERROR] respflags:[qr rd ra] err:[<nil>] duration:[84.754974ms]
2025/05/21 05:43:04 worker:[0] reqid:[42215] qname:[instagram.com.] qtype:[A] respid:[42215] rcode:[NOERROR] respflags:[qr rd ra] err:[<nil>] duration:[84.308868ms]
2025/05/21 05:43:04 worker:[0] reqid:[53127] qname:[wikipedia.org.] qtype:[A] respid:[53127] rcode:[NOERROR] respflags:[qr rd ra] err:[<nil>] duration:[84.181015ms]
2025/05/21 05:43:04 worker:[0] reqid:[34759] qname:[x.com.] qtype:[A] respid:[34759] rcode:[NOERROR] respflags:[qr rd ra] err:[<nil>] duration:[292.431203ms]
2025/05/21 05:43:04 worker:[0] reqid:[19476] qname:[amazon.com.] qtype:[A] respid:[19476] rcode:[NOERROR] respflags:[qr rd ra] err:[<nil>] duration:[84.874886ms]
2025/05/21 05:43:04 worker:[0] reqid:[64271] qname:[tiktok.com.] qtype:[A] respid:[64271] rcode:[NOERROR] respflags:[qr rd ra] err:[<nil>] duration:[88.101239ms]
2025/05/21 05:43:04 worker:[0] reqid:[37072] qname:[whatsapp.com.] qtype:[A] respid:[37072] rcode:[NOERROR] respflags:[qr rd ra] err:[<nil>] duration:[85.942653ms]
2025/05/21 05:43:05 worker:[0] reqid:[36889] qname:[yahoo.com.] qtype:[A] respid:[36889] rcode:[NOERROR] respflags:[qr rd ra] err:[<nil>] duration:[292.711334ms]
2025/05/21 05:43:05 worker:[0] reqid:[63782] qname:[google.com.] qtype:[A] respid:[63782] rcode:[NOERROR] respflags:[qr rd ra] err:[<nil>] duration:[83.766889ms]
2025/05/21 05:43:05 worker:[0] reqid:[24355] qname:[googleusercontent.com.] qtype:[A] respid:[24355] rcode:[NOERROR] respflags:[qr rd ra] err:[<nil>] duration:[84.972258ms]
2025/05/21 05:43:05 worker:[0] reqid:[48872] qname:[facebook.com.] qtype:[A] respid:[48872] rcode:[NOERROR] respflags:[qr rd ra] err:[<nil>] duration:[84.487314ms]
2025/05/21 05:43:05 worker:[0] reqid:[31473] qname:[instagram.com.] qtype:[A] respid:[31473] rcode:[NOERROR] respflags:[qr rd ra] err:[<nil>] duration:[85.667042ms]
2025/05/21 05:43:05 worker:[0] reqid:[45699] qname:[wikipedia.org.] qtype:[A] respid:[45699] rcode:[NOERROR] respflags:[qr rd ra] err:[<nil>] duration:[86.91508ms]
2025/05/21 05:43:05 worker:[0] reqid:[11056] qname:[x.com.] qtype:[A] respid:[11056] rcode:[NOERROR] respflags:[qr rd ra] err:[<nil>] duration:[85.572671ms]
2025/05/21 05:43:05 worker:[0] reqid:[62431] qname:[amazon.com.] qtype:[A] respid:[62431] rcode:[NOERROR] respflags:[qr rd ra] err:[<nil>] duration:[87.26355ms]
2025/05/21 05:43:05 worker:[0] reqid:[45665] qname:[tiktok.com.] qtype:[A] respid:[45665] rcode:[NOERROR] respflags:[qr rd ra] err:[<nil>] duration:[89.67586ms]
2025/05/21 05:43:05 worker:[0] reqid:[33134] qname:[whatsapp.com.] qtype:[A] respid:[33134] rcode:[NOERROR] respflags:[qr rd ra] err:[<nil>] duration:[84.161687ms]
2025/05/21 05:43:05 worker:[0] reqid:[63818] qname:[yahoo.com.] qtype:[A] respid:[63818] rcode:[NOERROR] respflags:[qr rd ra] err:[<nil>] duration:[85.055015ms]
2025/05/21 05:43:06 worker:[0] reqid:[39422] qname:[google.com.] qtype:[A] respid:[39422] rcode:[NOERROR] respflags:[qr rd ra] err:[<nil>] duration:[707.972357ms]
2025/05/21 05:43:06 worker:[0] reqid:[56727] qname:[googleusercontent.com.] qtype:[A] respid:[56727] rcode:[NOERROR] respflags:[qr rd ra] err:[<nil>] duration:[85.019477ms]
2025/05/21 05:43:06 worker:[0] reqid:[36437] qname:[facebook.com.] qtype:[A] respid:[36437] rcode:[NOERROR] respflags:[qr rd ra] err:[<nil>] duration:[84.780463ms]
2025/05/21 05:43:06 worker:[0] reqid:[48095] qname:[instagram.com.] qtype:[A] respid:[48095] rcode:[NOERROR] respflags:[qr rd ra] err:[<nil>] duration:[84.847931ms]
2025/05/21 05:43:07 worker:[0] reqid:[55320] qname:[wikipedia.org.] qtype:[A] respid:[55320] rcode:[NOERROR] respflags:[qr rd ra] err:[<nil>] duration:[293.9084ms]
2025/05/21 05:43:07 worker:[0] reqid:[1663] qname:[x.com.] qtype:[A] respid:[1663] rcode:[NOERROR] respflags:[qr rd ra] err:[<nil>] duration:[86.277847ms]
2025/05/21 05:43:07 worker:[0] reqid:[16268] qname:[amazon.com.] qtype:[A] respid:[16268] rcode:[NOERROR] respflags:[qr rd ra] err:[<nil>] duration:[85.079893ms]
2025/05/21 05:43:07 worker:[0] reqid:[57779] qname:[tiktok.com.] qtype:[A] respid:[57779] rcode:[NOERROR] respflags:[qr rd ra] err:[<nil>] duration:[85.46376ms]
2025/05/21 05:43:07 worker:[0] reqid:[31616] qname:[whatsapp.com.] qtype:[A] respid:[31616] rcode:[NOERROR] respflags:[qr rd ra] err:[<nil>] duration:[84.590841ms]
2025/05/21 05:43:07 worker:[0] reqid:[2010] qname:[yahoo.com.] qtype:[A] respid:[2010] rcode:[NOERROR] respflags:[qr rd ra] err:[<nil>] duration:[87.06014ms]
2025/05/21 05:43:07 worker:[0] reqid:[20100] qname:[google.com.] qtype:[A] respid:[20100] rcode:[NOERROR] respflags:[qr rd ra] err:[<nil>] duration:[296.828104ms]
2025/05/21 05:43:10 worker:[0] reqid:[16509] qname:[googleusercontent.com.] qtype:[A] respid:[16509] rcode:[NOERROR] respflags:[qr rd ra] err:[<nil>] duration:[3.01286323s]
2025/05/21 05:43:14 worker:[0] reqid:[14568] qname:[facebook.com.] qtype:[A] respid:[14568] rcode:[NOERROR] respflags:[qr rd ra] err:[<nil>] duration:[3.583016566s]
2025/05/21 05:43:14 worker:[0] reqid:[35656] qname:[instagram.com.] qtype:[A] respid:[35656] rcode:[NOERROR] respflags:[qr rd ra] err:[<nil>] duration:[86.450233ms]
2025/05/21 05:43:14 worker:[0] reqid:[52490] qname:[wikipedia.org.] qtype:[A] respid:[52490] rcode:[NOERROR] respflags:[qr rd ra] err:[<nil>] duration:[88.258749ms]
2025/05/21 05:43:14 worker:[0] reqid:[24009] qname:[x.com.] qtype:[A] respid:[24009] rcode:[NOERROR] respflags:[qr rd ra] err:[<nil>] duration:[86.865691ms]
2025/05/21 05:43:14 worker:[0] reqid:[30508] qname:[amazon.com.] qtype:[A] respid:[30508] rcode:[NOERROR] respflags:[qr rd ra] err:[<nil>] duration:[85.98005ms]
2025/05/21 05:43:15 worker:[0] reqid:[45516] qname:[tiktok.com.] qtype:[A] respid:[45516] rcode:[NOERROR] respflags:[qr rd ra] err:[<nil>] duration:[302.02357ms]
2025/05/21 05:43:15 worker:[0] reqid:[22010] qname:[whatsapp.com.] qtype:[A] respid:[22010] rcode:[NOERROR] respflags:[qr rd ra] err:[<nil>] duration:[502.90035ms]
2025/05/21 05:43:15 worker:[0] reqid:[15822] qname:[yahoo.com.] qtype:[A] respid:[15822] rcode:[NOERROR] respflags:[qr rd ra] err:[<nil>] duration:[85.490817ms]
2025/05/21 05:43:15 worker:[0] reqid:[12108] qname:[google.com.] qtype:[A] respid:[12108] rcode:[NOERROR] respflags:[qr rd ra] err:[<nil>] duration:[84.807724ms]
2025/05/21 05:43:15 worker:[0] reqid:[41869] qname:[googleusercontent.com.] qtype:[A] respid:[41869] rcode:[NOERROR] respflags:[qr rd ra] err:[<nil>] duration:[85.924313ms]
2025/05/21 05:43:15 worker:[0] reqid:[14284] qname:[facebook.com.] qtype:[A] respid:[14284] rcode:[NOERROR] respflags:[qr rd ra] err:[<nil>] duration:[86.530419ms]
2025/05/21 05:43:16 worker:[0] reqid:[50706] qname:[instagram.com.] qtype:[A] respid:[50706] rcode:[NOERROR] respflags:[qr rd ra] err:[<nil>] duration:[85.665839ms]
2025/05/21 05:43:16 worker:[0] reqid:[56103] qname:[wikipedia.org.] qtype:[A] respid:[56103] rcode:[NOERROR] respflags:[qr rd ra] err:[<nil>] duration:[85.749928ms]
2025/05/21 05:43:16 worker:[0] reqid:[12422] qname:[x.com.] qtype:[A] respid:[12422] rcode:[NOERROR] respflags:[qr rd ra] err:[<nil>] duration:[106.265215ms]
2025/05/21 05:43:16 worker:[0] reqid:[4553] qname:[amazon.com.] qtype:[A] respid:[4553] rcode:[NOERROR] respflags:[qr rd ra] err:[<nil>] duration:[101.176641ms]
2025/05/21 05:43:16 worker:[0] reqid:[34835] qname:[tiktok.com.] qtype:[A] respid:[34835] rcode:[NOERROR] respflags:[qr rd ra] err:[<nil>] duration:[92.19004ms]
2025/05/21 05:43:16 worker:[0] reqid:[1651] qname:[whatsapp.com.] qtype:[A] respid:[1651] rcode:[NOERROR] respflags:[qr rd ra] err:[<nil>] duration:[93.032477ms]
2025/05/21 05:43:16 worker:[0] reqid:[29559] qname:[yahoo.com.] qtype:[A] respid:[29559] rcode:[NOERROR] respflags:[qr rd ra] err:[<nil>] duration:[89.237653ms]
2025/05/21 05:43:16 worker:[0] reqid:[8804] qname:[google.com.] qtype:[A] respid:[8804] rcode:[NOERROR] respflags:[qr rd ra] err:[<nil>] duration:[86.040089ms]
2025/05/21 05:43:16 worker:[0] reqid:[26336] qname:[googleusercontent.com.] qtype:[A] respid:[26336] rcode:[NOERROR] respflags:[qr rd ra] err:[<nil>] duration:[85.827678ms]
2025/05/21 05:43:16 worker:[0] reqid:[61600] qname:[facebook.com.] qtype:[A] respid:[61600] rcode:[NOERROR] respflags:[qr rd ra] err:[<nil>] duration:[85.529463ms]
2025/05/21 05:43:16 worker:[0] reqid:[3496] qname:[instagram.com.] qtype:[A] respid:[3496] rcode:[NOERROR] respflags:[qr rd ra] err:[<nil>] duration:[87.193453ms]
2025/05/21 05:43:17 worker:[0] reqid:[33809] qname:[wikipedia.org.] qtype:[A] respid:[33809] rcode:[NOERROR] respflags:[qr rd ra] err:[<nil>] duration:[84.5643ms]
2025/05/21 05:43:17 worker:[0] reqid:[53837] qname:[x.com.] qtype:[A] respid:[53837] rcode:[NOERROR] respflags:[qr rd ra] err:[<nil>] duration:[86.459652ms]
2025/05/21 05:43:17 worker:[0] reqid:[6094] qname:[amazon.com.] qtype:[A] respid:[6094] rcode:[NOERROR] respflags:[qr rd ra] err:[<nil>] duration:[90.633012ms]
2025/05/21 05:43:17 worker:[0] reqid:[2485] qname:[tiktok.com.] qtype:[A] respid:[2485] rcode:[NOERROR] respflags:[qr rd ra] err:[<nil>] duration:[85.136524ms]
2025/05/21 05:43:17 worker:[0] reqid:[34873] qname:[whatsapp.com.] qtype:[A] respid:[34873] rcode:[NOERROR] respflags:[qr rd ra] err:[<nil>] duration:[88.817184ms]
2025/05/21 05:43:17 worker:[0] reqid:[8727] qname:[yahoo.com.] qtype:[A] respid:[8727] rcode:[NOERROR] respflags:[qr rd ra] err:[<nil>] duration:[294.921ms]
2025/05/21 05:43:17 worker:[0] reqid:[6230] qname:[google.com.] qtype:[A] respid:[6230] rcode:[NOERROR] respflags:[qr rd ra] err:[<nil>] duration:[85.099693ms]
2025/05/21 05:43:17 worker:[0] reqid:[40903] qname:[googleusercontent.com.] qtype:[A] respid:[40903] rcode:[NOERROR] respflags:[qr rd ra] err:[<nil>] duration:[86.429045ms]
2025/05/21 05:43:17 worker:[0] reqid:[42217] qname:[facebook.com.] qtype:[A] respid:[42217] rcode:[NOERROR] respflags:[qr rd ra] err:[<nil>] duration:[84.724073ms]
2025/05/21 05:43:18 worker:[0] reqid:[32743] qname:[instagram.com.] qtype:[A] respid:[32743] rcode:[NOERROR] respflags:[qr rd ra] err:[<nil>] duration:[89.794129ms]
2025/05/21 05:43:18 worker:[0] reqid:[38620] qname:[wikipedia.org.] qtype:[A] respid:[38620] rcode:[NOERROR] respflags:[qr rd ra] err:[<nil>] duration:[85.154546ms]
2025/05/21 05:43:18 worker:[0] reqid:[36688] qname:[x.com.] qtype:[A] respid:[36688] rcode:[NOERROR] respflags:[qr rd ra] err:[<nil>] duration:[85.768847ms]
2025/05/21 05:43:18 worker:[0] reqid:[30123] qname:[amazon.com.] qtype:[A] respid:[30123] rcode:[NOERROR] respflags:[qr rd ra] err:[<nil>] duration:[257.874815ms]
2025/05/21 05:43:18 worker:[0] reqid:[11633] qname:[tiktok.com.] qtype:[A] respid:[11633] rcode:[NOERROR] respflags:[qr rd ra] err:[<nil>] duration:[293.525934ms]
2025/05/21 05:43:18 worker:[0] reqid:[20161] qname:[whatsapp.com.] qtype:[A] respid:[20161] rcode:[NOERROR] respflags:[qr rd ra] err:[<nil>] duration:[85.027734ms]
2025/05/21 05:43:18 worker:[0] reqid:[2497] qname:[yahoo.com.] qtype:[A] respid:[2497] rcode:[NOERROR] respflags:[qr rd ra] err:[<nil>] duration:[88.912069ms]
2025/05/21 05:43:19 worker:[0] reqid:[29965] qname:[google.com.] qtype:[A] respid:[29965] rcode:[NOERROR] respflags:[qr rd ra] err:[<nil>] duration:[85.645469ms]
2025/05/21 05:43:19 worker:[0] reqid:[38457] qname:[googleusercontent.com.] qtype:[A] respid:[38457] rcode:[NOERROR] respflags:[qr rd ra] err:[<nil>] duration:[85.834679ms]
2025/05/21 05:43:19 worker:[0] reqid:[58686] qname:[facebook.com.] qtype:[A] respid:[58686] rcode:[NOERROR] respflags:[qr rd ra] err:[<nil>] duration:[84.362174ms]
2025/05/21 05:43:19 worker:[0] reqid:[46392] qname:[instagram.com.] qtype:[A] respid:[46392] rcode:[NOERROR] respflags:[qr rd ra] err:[<nil>] duration:[84.594041ms]
2025/05/21 05:43:19 worker:[0] reqid:[39866] qname:[wikipedia.org.] qtype:[A] respid:[39866] rcode:[NOERROR] respflags:[qr rd ra] err:[<nil>] duration:[87.387087ms]
2025/05/21 05:43:19 worker:[0] reqid:[17666] qname:[x.com.] qtype:[A] respid:[17666] rcode:[NOERROR] respflags:[qr rd ra] err:[<nil>] duration:[91.367093ms]
2025/05/21 05:43:19 worker:[0] reqid:[44147] qname:[amazon.com.] qtype:[A] respid:[44147] rcode:[NOERROR] respflags:[qr rd ra] err:[<nil>] duration:[85.960463ms]
2025/05/21 05:43:19 worker:[0] reqid:[16462] qname:[tiktok.com.] qtype:[A] respid:[16462] rcode:[NOERROR] respflags:[qr rd ra] err:[<nil>] duration:[87.157849ms]
2025/05/21 05:43:19 worker:[0] reqid:[60936] qname:[whatsapp.com.] qtype:[A] respid:[60936] rcode:[NOERROR] respflags:[qr rd ra] err:[<nil>] duration:[84.812082ms]
2025/05/21 05:43:19 worker:[0] reqid:[56728] qname:[yahoo.com.] qtype:[A] respid:[56728] rcode:[NOERROR] respflags:[qr rd ra] err:[<nil>] duration:[86.509247ms]
2025/05/21 05:43:19 worker:[0] reqid:[58277] qname:[google.com.] qtype:[A] respid:[58277] rcode:[NOERROR] respflags:[qr rd ra] err:[<nil>] duration:[86.005745ms]
2025/05/21 05:43:19 worker:[0] reqid:[34144] qname:[googleusercontent.com.] qtype:[A] respid:[34144] rcode:[NOERROR] respflags:[qr rd ra] err:[<nil>] duration:[85.259961ms]
2025/05/21 05:43:21 worker:[0] reqid:[50051] qname:[facebook.com.] qtype:[A] respid:[50051] rcode:[NOERROR] respflags:[qr rd ra] err:[<nil>] duration:[1.55836503s]
2025/05/21 05:43:21 worker:[0] reqid:[44785] qname:[instagram.com.] qtype:[A] respid:[44785] rcode:[NOERROR] respflags:[qr rd ra] err:[<nil>] duration:[86.389045ms]
2025/05/21 05:43:21 worker:[0] reqid:[447] qname:[wikipedia.org.] qtype:[A] respid:[447] rcode:[NOERROR] respflags:[qr rd ra] err:[<nil>] duration:[85.056615ms]
2025/05/21 05:43:21 worker:[0] reqid:[26768] qname:[x.com.] qtype:[A] respid:[26768] rcode:[NOERROR] respflags:[qr rd ra] err:[<nil>] duration:[86.321668ms]
2025/05/21 05:43:21 worker:[0] reqid:[23196] qname:[amazon.com.] qtype:[A] respid:[23196] rcode:[NOERROR] respflags:[qr rd ra] err:[<nil>] duration:[87.659222ms]
2025/05/21 05:43:22 worker:[0] reqid:[49792] qname:[tiktok.com.] qtype:[A] respid:[49792] rcode:[NOERROR] respflags:[qr rd ra] err:[<nil>] duration:[293.506548ms]
2025/05/21 05:43:22 worker:[0] reqid:[41795] qname:[whatsapp.com.] qtype:[A] respid:[41795] rcode:[NOERROR] respflags:[qr rd ra] err:[<nil>] duration:[85.503916ms]
2025/05/21 05:43:22 worker:[0] reqid:[6767] qname:[yahoo.com.] qtype:[A] respid:[6767] rcode:[NOERROR] respflags:[qr rd ra] err:[<nil>] duration:[84.985151ms]
2025/05/21 05:43:22 worker:[0] reqid:[33250] qname:[google.com.] qtype:[A] respid:[33250] rcode:[NOERROR] respflags:[qr rd ra] err:[<nil>] duration:[85.694495ms]
2025/05/21 05:43:22 worker:[0] reqid:[48763] qname:[googleusercontent.com.] qtype:[A] respid:[48763] rcode:[NOERROR] respflags:[qr rd ra] err:[<nil>] duration:[295.003126ms]
2025/05/21 05:43:22 worker:[0] reqid:[5432] qname:[facebook.com.] qtype:[A] respid:[5432] rcode:[NOERROR] respflags:[qr rd ra] err:[<nil>] duration:[85.156558ms]
2025/05/21 05:43:22 worker:[0] reqid:[64577] qname:[instagram.com.] qtype:[A] respid:[64577] rcode:[NOERROR] respflags:[qr rd ra] err:[<nil>] duration:[85.550923ms]
2025/05/21 05:43:23 worker:[0] reqid:[8397] qname:[wikipedia.org.] qtype:[A] respid:[8397] rcode:[NOERROR] respflags:[qr rd ra] err:[<nil>] duration:[715.50605ms]
2025/05/21 05:43:23 worker:[0] reqid:[24182] qname:[x.com.] qtype:[A] respid:[24182] rcode:[NOERROR] respflags:[qr rd ra] err:[<nil>] duration:[85.204698ms]
2025/05/21 05:43:23 worker:[0] reqid:[62784] qname:[amazon.com.] qtype:[A] respid:[62784] rcode:[NOERROR] respflags:[qr rd ra] err:[<nil>] duration:[87.522732ms]
2025/05/21 05:43:23 worker:[0] reqid:[60207] qname:[tiktok.com.] qtype:[A] respid:[60207] rcode:[NOERROR] respflags:[qr rd ra] err:[<nil>] duration:[91.623926ms]
2025/05/21 05:43:23 worker:[0] reqid:[33182] qname:[whatsapp.com.] qtype:[A] respid:[33182] rcode:[NOERROR] respflags:[qr rd ra] err:[<nil>] duration:[93.34509ms]
2025/05/21 05:43:24 worker:[0] reqid:[39930] qname:[yahoo.com.] qtype:[A] respid:[39930] rcode:[NOERROR] respflags:[qr rd ra] err:[<nil>] duration:[87.31952ms]
2025/05/21 05:43:24 worker:[0] reqid:[17678] qname:[google.com.] qtype:[A] respid:[17678] rcode:[NOERROR] respflags:[qr rd ra] err:[<nil>] duration:[89.068266ms]
2025/05/21 05:43:24 worker:[0] reqid:[18204] qname:[googleusercontent.com.] qtype:[A] respid:[18204] rcode:[NOERROR] respflags:[qr rd ra] err:[<nil>] duration:[293.237497ms]
2025/05/21 05:43:24 worker:[0] reqid:[44932] qname:[facebook.com.] qtype:[A] respid:[44932] rcode:[NOERROR] respflags:[qr rd ra] err:[<nil>] duration:[86.266179ms]
2025/05/21 05:43:24 worker:[0] reqid:[46011] qname:[instagram.com.] qtype:[A] respid:[46011] rcode:[NOERROR] respflags:[qr rd ra] err:[<nil>] duration:[298.63948ms]
2025/05/21 05:43:24 worker:[0] reqid:[40738] qname:[wikipedia.org.] qtype:[A] respid:[40738] rcode:[NOERROR] respflags:[qr rd ra] err:[<nil>] duration:[87.738379ms]
2025/05/21 05:43:25 worker:[0] reqid:[48399] qname:[x.com.] qtype:[A] respid:[48399] rcode:[NOERROR] respflags:[qr rd ra] err:[<nil>] duration:[88.867739ms]
2025/05/21 05:43:25 worker:[0] reqid:[50951] qname:[amazon.com.] qtype:[A] respid:[50951] rcode:[NOERROR] respflags:[qr rd ra] err:[<nil>] duration:[87.354989ms]
2025/05/21 05:43:25 worker:[0] reqid:[12853] qname:[tiktok.com.] qtype:[A] respid:[12853] rcode:[NOERROR] respflags:[qr rd ra] err:[<nil>] duration:[86.060381ms]
2025/05/21 05:43:25 worker:[0] reqid:[27999] qname:[whatsapp.com.] qtype:[A] respid:[27999] rcode:[NOERROR] respflags:[qr rd ra] err:[<nil>] duration:[89.086656ms]
2025/05/21 05:43:25 worker:[0] reqid:[1004] qname:[yahoo.com.] qtype:[A] respid:[1004] rcode:[NOERROR] respflags:[qr rd ra] err:[<nil>] duration:[85.230942ms]
2025/05/21 05:43:25 worker:[0] reqid:[29927] qname:[google.com.] qtype:[A] respid:[29927] rcode:[NOERROR] respflags:[qr rd ra] err:[<nil>] duration:[84.438013ms]
2025/05/21 05:43:25 worker:[0] reqid:[21867] qname:[googleusercontent.com.] qtype:[A] respid:[21867] rcode:[NOERROR] respflags:[qr rd ra] err:[<nil>] duration:[292.685186ms]
2025/05/21 05:43:25 worker:[0] reqid:[60136] qname:[facebook.com.] qtype:[A] respid:[60136] rcode:[NOERROR] respflags:[qr rd ra] err:[<nil>] duration:[85.59643ms]
2025/05/21 05:43:25 worker:[0] reqid:[29257] qname:[instagram.com.] qtype:[A] respid:[29257] rcode:[NOERROR] respflags:[qr rd ra] err:[<nil>] duration:[85.478617ms]
2025/05/21 05:43:26 worker:[0] reqid:[54751] qname:[wikipedia.org.] qtype:[A] respid:[54751] rcode:[NOERROR] respflags:[qr rd ra] err:[<nil>] duration:[293.906037ms]
2025/05/21 05:43:27 worker:[0] reqid:[2107] qname:[x.com.] qtype:[A] respid:[2107] rcode:[NOERROR] respflags:[qr rd ra] err:[<nil>] duration:[1.378961949s]
2025/05/21 05:43:29 worker:[0] reqid:[43372] qname:[amazon.com.] qtype:[A] respid:[43372] rcode:[NOERROR] respflags:[qr rd ra] err:[<nil>] duration:[1.732107484s]
2025/05/21 05:43:29 worker:[0] reqid:[56811] qname:[tiktok.com.] qtype:[A] respid:[56811] rcode:[NOERROR] respflags:[qr rd ra] err:[<nil>] duration:[85.569329ms]
2025/05/21 05:43:29 worker:[0] reqid:[4588] qname:[whatsapp.com.] qtype:[A] respid:[4588] rcode:[NOERROR] respflags:[qr rd ra] err:[<nil>] duration:[85.222279ms]
2025/05/21 05:43:29 worker:[0] reqid:[14130] qname:[yahoo.com.] qtype:[A] respid:[14130] rcode:[NOERROR] respflags:[qr rd ra] err:[<nil>] duration:[85.13641ms]
2025/05/21 05:43:29 worker:[0] reqid:[13133] qname:[google.com.] qtype:[A] respid:[13133] rcode:[NOERROR] respflags:[qr rd ra] err:[<nil>] duration:[84.624224ms]
2025/05/21 05:43:29 worker:[0] reqid:[14377] qname:[googleusercontent.com.] qtype:[A] respid:[14377] rcode:[NOERROR] respflags:[qr rd ra] err:[<nil>] duration:[292.224473ms]
2025/05/21 05:43:30 worker:[0] reqid:[50101] qname:[facebook.com.] qtype:[A] respid:[50101] rcode:[NOERROR] respflags:[qr rd ra] err:[<nil>] duration:[84.724584ms]
2025/05/21 05:43:30 worker:[0] reqid:[19347] qname:[instagram.com.] qtype:[A] respid:[19347] rcode:[NOERROR] respflags:[qr rd ra] err:[<nil>] duration:[85.021425ms]
2025/05/21 05:43:30 worker:[0] reqid:[23275] qname:[wikipedia.org.] qtype:[A] respid:[23275] rcode:[NOERROR] respflags:[qr rd ra] err:[<nil>] duration:[85.037474ms]
2025/05/21 05:43:30 worker:[0] reqid:[17215] qname:[x.com.] qtype:[A] respid:[17215] rcode:[NOERROR] respflags:[qr rd ra] err:[<nil>] duration:[84.222679ms]
2025/05/21 05:43:30 worker:[0] reqid:[1780] qname:[amazon.com.] qtype:[A] respid:[1780] rcode:[NOERROR] respflags:[qr rd ra] err:[<nil>] duration:[85.459822ms]
2025/05/21 05:43:30 worker:[0] reqid:[59799] qname:[tiktok.com.] qtype:[A] respid:[59799] rcode:[NOERROR] respflags:[qr rd ra] err:[<nil>] duration:[86.158506ms]
2025/05/21 05:43:30 worker:[0] reqid:[42686] qname:[whatsapp.com.] qtype:[A] respid:[42686] rcode:[NOERROR] respflags:[qr rd ra] err:[<nil>] duration:[85.255609ms]
2025/05/21 05:43:30 worker:[0] reqid:[30125] qname:[yahoo.com.] qtype:[A] respid:[30125] rcode:[NOERROR] respflags:[qr rd ra] err:[<nil>] duration:[86.96653ms]
2025/05/21 05:43:30 worker:[0] reqid:[43276] qname:[google.com.] qtype:[A] respid:[43276] rcode:[NOERROR] respflags:[qr rd ra] err:[<nil>] duration:[85.503108ms]
2025/05/21 05:43:31 worker:[0] reqid:[32808] qname:[googleusercontent.com.] qtype:[A] respid:[32808] rcode:[NOERROR] respflags:[qr rd ra] err:[<nil>] duration:[290.877373ms]
2025/05/21 05:43:31 worker:[0] reqid:[31354] qname:[facebook.com.] qtype:[A] respid:[31354] rcode:[NOERROR] respflags:[qr rd ra] err:[<nil>] duration:[85.843112ms]
2025/05/21 05:43:31 worker:[0] reqid:[13988] qname:[instagram.com.] qtype:[A] respid:[13988] rcode:[NOERROR] respflags:[qr rd ra] err:[<nil>] duration:[85.926114ms]
2025/05/21 05:43:31 worker:[0] reqid:[2796] qname:[wikipedia.org.] qtype:[A] respid:[2796] rcode:[NOERROR] respflags:[qr rd ra] err:[<nil>] duration:[85.179009ms]
2025/05/21 05:43:31 worker:[0] reqid:[16298] qname:[x.com.] qtype:[A] respid:[16298] rcode:[NOERROR] respflags:[qr rd ra] err:[<nil>] duration:[85.438448ms]
2025/05/21 05:43:31 worker:[0] reqid:[37914] qname:[amazon.com.] qtype:[A] respid:[37914] rcode:[NOERROR] respflags:[qr rd ra] err:[<nil>] duration:[86.046071ms]
2025/05/21 05:43:31 worker:[0] reqid:[58343] qname:[tiktok.com.] qtype:[A] respid:[58343] rcode:[NOERROR] respflags:[qr rd ra] err:[<nil>] duration:[86.920081ms]
2025/05/21 05:43:31 worker:[0] reqid:[53241] qname:[whatsapp.com.] qtype:[A] respid:[53241] rcode:[NOERROR] respflags:[qr rd ra] err:[<nil>] duration:[85.953207ms]
2025/05/21 05:43:31 worker:[0] reqid:[27104] qname:[yahoo.com.] qtype:[A] respid:[27104] rcode:[NOERROR] respflags:[qr rd ra] err:[<nil>] duration:[85.632041ms]
2025/05/21 05:43:31 worker:[0] reqid:[2764] qname:[google.com.] qtype:[A] respid:[2764] rcode:[NOERROR] respflags:[qr rd ra] err:[<nil>] duration:[84.367239ms]
2025/05/21 05:43:31 worker:[0] reqid:[24060] qname:[googleusercontent.com.] qtype:[A] respid:[24060] rcode:[NOERROR] respflags:[qr rd ra] err:[<nil>] duration:[84.590776ms]
2025/05/21 05:43:31 worker:[0] reqid:[58742] qname:[facebook.com.] qtype:[A] respid:[58742] rcode:[NOERROR] respflags:[qr rd ra] err:[<nil>] duration:[85.530699ms]
2025/05/21 05:43:32 worker:[0] reqid:[58618] qname:[instagram.com.] qtype:[A] respid:[58618] rcode:[NOERROR] respflags:[qr rd ra] err:[<nil>] duration:[85.27984ms]
2025/05/21 05:43:32 worker:[0] reqid:[39091] qname:[wikipedia.org.] qtype:[A] respid:[39091] rcode:[NOERROR] respflags:[qr rd ra] err:[<nil>] duration:[84.552761ms]
2025/05/21 05:43:32 worker:[0] reqid:[39681] qname:[x.com.] qtype:[A] respid:[39681] rcode:[NOERROR] respflags:[qr rd ra] err:[<nil>] duration:[296.774977ms]
2025/05/21 05:43:32 worker:[0] reqid:[55917] qname:[amazon.com.] qtype:[A] respid:[55917] rcode:[NOERROR] respflags:[qr rd ra] err:[<nil>] duration:[85.514054ms]
2025/05/21 05:43:32 worker:[0] reqid:[25096] qname:[tiktok.com.] qtype:[A] respid:[25096] rcode:[NOERROR] respflags:[qr rd ra] err:[<nil>] duration:[85.627022ms]
2025/05/21 05:43:32 worker:[0] reqid:[45978] qname:[whatsapp.com.] qtype:[A] respid:[45978] rcode:[NOERROR] respflags:[qr rd ra] err:[<nil>] duration:[292.564391ms]
2025/05/21 05:43:32 worker:[0] reqid:[58678] qname:[yahoo.com.] qtype:[A] respid:[58678] rcode:[NOERROR] respflags:[qr rd ra] err:[<nil>] duration:[87.494139ms]
2025/05/21 05:43:33 worker:[0] reqid:[61136] qname:[google.com.] qtype:[A] respid:[61136] rcode:[NOERROR] respflags:[qr rd ra] err:[<nil>] duration:[86.308375ms]
2025/05/21 05:43:33 worker:[0] reqid:[37362] qname:[googleusercontent.com.] qtype:[A] respid:[37362] rcode:[NOERROR] respflags:[qr rd ra] err:[<nil>] duration:[96.063766ms]
2025/05/21 05:43:33 worker:[0] reqid:[33680] qname:[facebook.com.] qtype:[A] respid:[33680] rcode:[NOERROR] respflags:[qr rd ra] err:[<nil>] duration:[86.250006ms]
2025/05/21 05:43:33 worker:[0] reqid:[38777] qname:[instagram.com.] qtype:[A] respid:[38777] rcode:[NOERROR] respflags:[qr rd ra] err:[<nil>] duration:[88.636036ms]
2025/05/21 05:43:33 worker:[0] reqid:[24302] qname:[wikipedia.org.] qtype:[A] respid:[24302] rcode:[NOERROR] respflags:[qr rd ra] err:[<nil>] duration:[92.822929ms]
2025/05/21 05:43:33 worker:[0] reqid:[64768] qname:[x.com.] qtype:[A] respid:[64768] rcode:[NOERROR] respflags:[qr rd ra] err:[<nil>] duration:[87.610223ms]
2025/05/21 05:43:33 worker:[0] reqid:[60495] qname:[amazon.com.] qtype:[A] respid:[60495] rcode:[NOERROR] respflags:[qr rd ra] err:[<nil>] duration:[87.471153ms]
2025/05/21 05:43:33 worker:[0] reqid:[25478] qname:[tiktok.com.] qtype:[A] respid:[25478] rcode:[NOERROR] respflags:[qr rd ra] err:[<nil>] duration:[91.691386ms]
2025/05/21 05:43:33 worker:[0] reqid:[26962] qname:[whatsapp.com.] qtype:[A] respid:[26962] rcode:[NOERROR] respflags:[qr rd ra] err:[<nil>] duration:[84.695011ms]
2025/05/21 05:43:33 worker:[0] reqid:[64011] qname:[yahoo.com.] qtype:[A] respid:[64011] rcode:[NOERROR] respflags:[qr rd ra] err:[<nil>] duration:[85.820822ms]
2025/05/21 05:43:33 worker:[0] reqid:[481] qname:[google.com.] qtype:[A] respid:[481] rcode:[NOERROR] respflags:[qr rd ra] err:[<nil>] duration:[85.510336ms]
2025/05/21 05:43:34 worker:[0] reqid:[32847] qname:[googleusercontent.com.] qtype:[A] respid:[32847] rcode:[NOERROR] respflags:[qr rd ra] err:[<nil>] duration:[91.584974ms]
2025/05/21 05:43:34 worker:[0] reqid:[41689] qname:[facebook.com.] qtype:[A] respid:[41689] rcode:[NOERROR] respflags:[qr rd ra] err:[<nil>] duration:[89.589489ms]
2025/05/21 05:43:34 worker:[0] reqid:[61559] qname:[instagram.com.] qtype:[A] respid:[61559] rcode:[NOERROR] respflags:[qr rd ra] err:[<nil>] duration:[86.584451ms]
2025/05/21 05:43:34 worker:[0] reqid:[52587] qname:[wikipedia.org.] qtype:[A] respid:[52587] rcode:[NOERROR] respflags:[qr rd ra] err:[<nil>] duration:[310.544259ms]
2025/05/21 05:43:34 worker:[0] reqid:[58611] qname:[x.com.] qtype:[A] respid:[58611] rcode:[NOERROR] respflags:[qr rd ra] err:[<nil>] duration:[104.90161ms]
2025/05/21 05:43:34 worker:[0] reqid:[42645] qname:[amazon.com.] qtype:[A] respid:[42645] rcode:[NOERROR] respflags:[qr rd ra] err:[<nil>] duration:[87.098887ms]
2025/05/21 05:43:34 worker:[0] reqid:[38421] qname:[tiktok.com.] qtype:[A] respid:[38421] rcode:[NOERROR] respflags:[qr rd ra] err:[<nil>] duration:[84.543231ms]
2025/05/21 05:43:35 worker:[0] reqid:[41079] qname:[whatsapp.com.] qtype:[A] respid:[41079] rcode:[NOERROR] respflags:[qr rd ra] err:[<nil>] duration:[289.27333ms]
2025/05/21 05:43:35 worker:[0] reqid:[44037] qname:[yahoo.com.] qtype:[A] respid:[44037] rcode:[NOERROR] respflags:[qr rd ra] err:[<nil>] duration:[84.490578ms]
2025/05/21 05:43:35 worker:[0] reqid:[27833] qname:[google.com.] qtype:[A] respid:[27833] rcode:[NOERROR] respflags:[qr rd ra] err:[<nil>] duration:[84.291393ms]
2025/05/21 05:43:35 worker:[0] reqid:[8222] qname:[googleusercontent.com.] qtype:[A] respid:[8222] rcode:[NOERROR] respflags:[qr rd ra] err:[<nil>] duration:[311.97699ms]
2025/05/21 05:43:35 worker:[0] reqid:[13003] qname:[facebook.com.] qtype:[A] respid:[13003] rcode:[NOERROR] respflags:[qr rd ra] err:[<nil>] duration:[86.222122ms]
2025/05/21 05:43:38 worker:[0] reqid:[13869] qname:[instagram.com.] qtype:[A] respid:[13869] rcode:[NOERROR] respflags:[qr rd ra] err:[<nil>] duration:[3.216259702s]
2025/05/21 05:43:38 worker:[0] reqid:[12384] qname:[wikipedia.org.] qtype:[A] respid:[12384] rcode:[NOERROR] respflags:[qr rd ra] err:[<nil>] duration:[85.716442ms]
2025/05/21 05:43:39 worker:[0] reqid:[30894] qname:[x.com.] qtype:[A] respid:[30894] rcode:[NOERROR] respflags:[qr rd ra] err:[<nil>] duration:[85.705903ms]
2025/05/21 05:43:39 worker:[0] reqid:[13435] qname:[amazon.com.] qtype:[A] respid:[13435] rcode:[NOERROR] respflags:[qr rd ra] err:[<nil>] duration:[85.342876ms]
2025/05/21 05:43:39 worker:[0] reqid:[49795] qname:[tiktok.com.] qtype:[A] respid:[49795] rcode:[NOERROR] respflags:[qr rd ra] err:[<nil>] duration:[87.06778ms]
2025/05/21 05:43:39 worker:[0] reqid:[7065] qname:[whatsapp.com.] qtype:[A] respid:[7065] rcode:[NOERROR] respflags:[qr rd ra] err:[<nil>] duration:[87.117757ms]
2025/05/21 05:43:39 worker:[0] reqid:[48504] qname:[yahoo.com.] qtype:[A] respid:[48504] rcode:[NOERROR] respflags:[qr rd ra] err:[<nil>] duration:[83.664743ms]
2025/05/21 05:43:39 worker:[0] reqid:[10564] qname:[google.com.] qtype:[A] respid:[10564] rcode:[NOERROR] respflags:[qr rd ra] err:[<nil>] duration:[98.323521ms]
2025/05/21 05:43:39 worker:[0] reqid:[15550] qname:[googleusercontent.com.] qtype:[A] respid:[15550] rcode:[NOERROR] respflags:[qr rd ra] err:[<nil>] duration:[86.975927ms]
2025/05/21 05:43:39 worker:[0] reqid:[23244] qname:[facebook.com.] qtype:[A] respid:[23244] rcode:[NOERROR] respflags:[qr rd ra] err:[<nil>] duration:[89.679968ms]
2025/05/21 05:43:39 worker:[0] reqid:[30675] qname:[instagram.com.] qtype:[A] respid:[30675] rcode:[NOERROR] respflags:[qr rd ra] err:[<nil>] duration:[90.929194ms]
2025/05/21 05:43:40 worker:[0] reqid:[22565] qname:[wikipedia.org.] qtype:[A] respid:[22565] rcode:[NOERROR] respflags:[qr rd ra] err:[<nil>] duration:[297.089303ms]
2025/05/21 05:43:40 worker:[0] reqid:[60212] qname:[x.com.] qtype:[A] respid:[60212] rcode:[NOERROR] respflags:[qr rd ra] err:[<nil>] duration:[85.016364ms]
2025/05/21 05:43:40 worker:[0] reqid:[56402] qname:[amazon.com.] qtype:[A] respid:[56402] rcode:[NOERROR] respflags:[qr rd ra] err:[<nil>] duration:[85.347081ms]
2025/05/21 05:43:40 worker:[0] reqid:[63944] qname:[tiktok.com.] qtype:[A] respid:[63944] rcode:[NOERROR] respflags:[qr rd ra] err:[<nil>] duration:[86.116721ms]
2025/05/21 05:43:40 worker:[0] reqid:[23906] qname:[whatsapp.com.] qtype:[A] respid:[23906] rcode:[NOERROR] respflags:[qr rd ra] err:[<nil>] duration:[85.077952ms]
2025/05/21 05:43:40 worker:[0] reqid:[18650] qname:[yahoo.com.] qtype:[A] respid:[18650] rcode:[NOERROR] respflags:[qr rd ra] err:[<nil>] duration:[85.36841ms]
2025/05/21 05:43:40 worker:[0] reqid:[3865] qname:[google.com.] qtype:[A] respid:[3865] rcode:[NOERROR] respflags:[qr rd ra] err:[<nil>] duration:[85.186341ms]
2025/05/21 05:43:40 worker:[0] reqid:[31308] qname:[googleusercontent.com.] qtype:[A] respid:[31308] rcode:[NOERROR] respflags:[qr rd ra] err:[<nil>] duration:[85.405143ms]
2025/05/21 05:43:40 worker:[0] reqid:[12778] qname:[facebook.com.] qtype:[A] respid:[12778] rcode:[NOERROR] respflags:[qr rd ra] err:[<nil>] duration:[84.509564ms]
2025/05/21 05:43:40 worker:[0] reqid:[64155] qname:[instagram.com.] qtype:[A] respid:[64155] rcode:[NOERROR] respflags:[qr rd ra] err:[<nil>] duration:[84.549279ms]
2025/05/21 05:43:40 worker:[0] reqid:[6812] qname:[wikipedia.org.] qtype:[A] respid:[6812] rcode:[NOERROR] respflags:[qr rd ra] err:[<nil>] duration:[85.932297ms]
2025/05/21 05:43:41 worker:[0] reqid:[44152] qname:[x.com.] qtype:[A] respid:[44152] rcode:[NOERROR] respflags:[qr rd ra] err:[<nil>] duration:[100.86079ms]
2025/05/21 05:43:41 worker:[0] reqid:[6328] qname:[amazon.com.] qtype:[A] respid:[6328] rcode:[NOERROR] respflags:[qr rd ra] err:[<nil>] duration:[85.585626ms]
2025/05/21 05:43:41 worker:[0] reqid:[52132] qname:[tiktok.com.] qtype:[A] respid:[52132] rcode:[NOERROR] respflags:[qr rd ra] err:[<nil>] duration:[290.019709ms]
2025/05/21 05:43:41 worker:[0] reqid:[8873] qname:[whatsapp.com.] qtype:[A] respid:[8873] rcode:[NOERROR] respflags:[qr rd ra] err:[<nil>] duration:[86.439619ms]
2025/05/21 05:43:41 worker:[0] reqid:[14522] qname:[yahoo.com.] qtype:[A] respid:[14522] rcode:[NOERROR] respflags:[qr rd ra] err:[<nil>] duration:[87.54637ms]
2025/05/21 05:43:41 worker:[0] reqid:[37934] qname:[google.com.] qtype:[A] respid:[37934] rcode:[NOERROR] respflags:[qr rd ra] err:[<nil>] duration:[86.004649ms]
2025/05/21 05:43:41 worker:[0] reqid:[43951] qname:[googleusercontent.com.] qtype:[A] respid:[43951] rcode:[NOERROR] respflags:[qr rd ra] err:[<nil>] duration:[85.599591ms]
2025/05/21 05:43:41 worker:[0] reqid:[31145] qname:[facebook.com.] qtype:[A] respid:[31145] rcode:[NOERROR] respflags:[qr rd ra] err:[<nil>] duration:[85.334146ms]
2025/05/21 05:43:41 worker:[0] reqid:[9268] qname:[instagram.com.] qtype:[A] respid:[9268] rcode:[NOERROR] respflags:[qr rd ra] err:[<nil>] duration:[84.345903ms]
2025/05/21 05:43:41 worker:[0] reqid:[5145] qname:[wikipedia.org.] qtype:[A] respid:[5145] rcode:[NOERROR] respflags:[qr rd ra] err:[<nil>] duration:[85.584817ms]
2025/05/21 05:43:42 worker:[0] reqid:[36823] qname:[x.com.] qtype:[A] respid:[36823] rcode:[NOERROR] respflags:[qr rd ra] err:[<nil>] duration:[90.455181ms]
2025/05/21 05:43:42 worker:[0] reqid:[17374] qname:[amazon.com.] qtype:[A] respid:[17374] rcode:[NOERROR] respflags:[qr rd ra] err:[<nil>] duration:[293.046946ms]
2025/05/21 05:43:42 worker:[0] reqid:[25702] qname:[tiktok.com.] qtype:[A] respid:[25702] rcode:[NOERROR] respflags:[qr rd ra] err:[<nil>] duration:[86.306356ms]
2025/05/21 05:43:42 worker:[0] reqid:[54816] qname:[whatsapp.com.] qtype:[A] respid:[54816] rcode:[NOERROR] respflags:[qr rd ra] err:[<nil>] duration:[84.722006ms]
2025/05/21 05:43:42 worker:[0] reqid:[13682] qname:[yahoo.com.] qtype:[A] respid:[13682] rcode:[NOERROR] respflags:[qr rd ra] err:[<nil>] duration:[293.096766ms]
2025/05/21 05:43:42 worker:[0] reqid:[55880] qname:[google.com.] qtype:[A] respid:[55880] rcode:[NOERROR] respflags:[qr rd ra] err:[<nil>] duration:[84.722099ms]
2025/05/21 05:43:43 worker:[0] reqid:[59951] qname:[googleusercontent.com.] qtype:[A] respid:[59951] rcode:[NOERROR] respflags:[qr rd ra] err:[<nil>] duration:[84.68433ms]
2025/05/21 05:43:43 worker:[0] reqid:[15397] qname:[facebook.com.] qtype:[A] respid:[15397] rcode:[NOERROR] respflags:[qr rd ra] err:[<nil>] duration:[85.817433ms]
2025/05/21 05:43:43 worker:[0] reqid:[65387] qname:[instagram.com.] qtype:[A] respid:[65387] rcode:[NOERROR] respflags:[qr rd ra] err:[<nil>] duration:[87.057342ms]
2025/05/21 05:43:43 worker:[0] reqid:[59000] qname:[wikipedia.org.] qtype:[A] respid:[59000] rcode:[NOERROR] respflags:[qr rd ra] err:[<nil>] duration:[86.394616ms]
2025/05/21 05:43:43 worker:[0] reqid:[9246] qname:[x.com.] qtype:[A] respid:[9246] rcode:[NOERROR] respflags:[qr rd ra] err:[<nil>] duration:[88.374083ms]
2025/05/21 05:43:43 worker:[0] reqid:[52006] qname:[amazon.com.] qtype:[A] respid:[52006] rcode:[NOERROR] respflags:[qr rd ra] err:[<nil>] duration:[88.544283ms]
2025/05/21 05:43:43 worker:[0] reqid:[19553] qname:[tiktok.com.] qtype:[A] respid:[19553] rcode:[NOERROR] respflags:[qr rd ra] err:[<nil>] duration:[87.593157ms]
2025/05/21 05:43:43 worker:[0] reqid:[36013] qname:[whatsapp.com.] qtype:[A] respid:[36013] rcode:[NOERROR] respflags:[qr rd ra] err:[<nil>] duration:[87.282034ms]
2025/05/21 05:43:43 worker:[0] reqid:[34055] qname:[yahoo.com.] qtype:[A] respid:[34055] rcode:[NOERROR] respflags:[qr rd ra] err:[<nil>] duration:[89.550478ms]
2025/05/21 05:43:43 worker:[0] reqid:[53479] qname:[google.com.] qtype:[A] respid:[53479] rcode:[NOERROR] respflags:[qr rd ra] err:[<nil>] duration:[85.465335ms]
2025/05/21 05:43:43 worker:[0] reqid:[26330] qname:[googleusercontent.com.] qtype:[A] respid:[26330] rcode:[NOERROR] respflags:[qr rd ra] err:[<nil>] duration:[93.599274ms]
2025/05/21 05:43:44 worker:[0] reqid:[46778] qname:[facebook.com.] qtype:[A] respid:[46778] rcode:[NOERROR] respflags:[qr rd ra] err:[<nil>] duration:[713.094314ms]
2025/05/21 05:43:47 worker:[0] reqid:[42151] qname:[instagram.com.] qtype:[A] respid:[42151] rcode:[NOERROR] respflags:[qr rd ra] err:[<nil>] duration:[2.597954483s]
2025/05/21 05:43:50 worker:[0] reqid:[1679] qname:[wikipedia.org.] qtype:[A] respid:[1679] rcode:[NOERROR] respflags:[qr rd ra] err:[<nil>] duration:[3.355599305s]
2025/05/21 05:43:50 worker:[0] reqid:[6613] qname:[x.com.] qtype:[A] respid:[6613] rcode:[NOERROR] respflags:[qr rd ra] err:[<nil>] duration:[85.093183ms]
2025/05/21 05:43:50 worker:[0] reqid:[38244] qname:[amazon.com.] qtype:[A] respid:[38244] rcode:[NOERROR] respflags:[qr rd ra] err:[<nil>] duration:[84.696407ms]
2025/05/21 05:43:50 worker:[0] reqid:[49307] qname:[tiktok.com.] qtype:[A] respid:[49307] rcode:[NOERROR] respflags:[qr rd ra] err:[<nil>] duration:[84.204329ms]
2025/05/21 05:43:50 worker:[0] reqid:[43913] qname:[whatsapp.com.] qtype:[A] respid:[43913] rcode:[NOERROR] respflags:[qr rd ra] err:[<nil>] duration:[97.924132ms]
2025/05/21 05:43:51 worker:[0] reqid:[57981] qname:[yahoo.com.] qtype:[A] respid:[57981] rcode:[NOERROR] respflags:[qr rd ra] err:[<nil>] duration:[88.374271ms]
2025/05/21 05:43:51 worker:[0] reqid:[41908] qname:[google.com.] qtype:[A] respid:[41908] rcode:[NOERROR] respflags:[qr rd ra] err:[<nil>] duration:[85.744136ms]
2025/05/21 05:43:51 worker:[0] reqid:[34816] qname:[googleusercontent.com.] qtype:[A] respid:[34816] rcode:[NOERROR] respflags:[qr rd ra] err:[<nil>] duration:[293.215197ms]
2025/05/21 05:43:51 worker:[0] reqid:[29019] qname:[facebook.com.] qtype:[A] respid:[29019] rcode:[NOERROR] respflags:[qr rd ra] err:[<nil>] duration:[528.487531ms]
2025/05/21 05:43:52 worker:[0] reqid:[65395] qname:[instagram.com.] qtype:[A] respid:[65395] rcode:[NOERROR] respflags:[qr rd ra] err:[<nil>] duration:[99.341844ms]
2025/05/21 05:43:52 worker:[0] reqid:[33877] qname:[wikipedia.org.] qtype:[A] respid:[33877] rcode:[NOERROR] respflags:[qr rd ra] err:[<nil>] duration:[291.669097ms]
2025/05/21 05:43:52 worker:[0] reqid:[58531] qname:[x.com.] qtype:[A] respid:[58531] rcode:[NOERROR] respflags:[qr rd ra] err:[<nil>] duration:[86.995011ms]
2025/05/21 05:43:52 worker:[0] reqid:[55150] qname:[amazon.com.] qtype:[A] respid:[55150] rcode:[NOERROR] respflags:[qr rd ra] err:[<nil>] duration:[291.916871ms]
2025/05/21 05:43:52 worker:[0] reqid:[9944] qname:[tiktok.com.] qtype:[A] respid:[9944] rcode:[NOERROR] respflags:[qr rd ra] err:[<nil>] duration:[85.983509ms]
2025/05/21 05:43:52 worker:[0] reqid:[37425] qname:[whatsapp.com.] qtype:[A] respid:[37425] rcode:[NOERROR] respflags:[qr rd ra] err:[<nil>] duration:[87.293971ms]
2025/05/21 05:43:52 worker:[0] reqid:[51329] qname:[yahoo.com.] qtype:[A] respid:[51329] rcode:[NOERROR] respflags:[qr rd ra] err:[<nil>] duration:[90.602858ms]
2025/05/21 05:43:53 worker:[0] reqid:[26155] qname:[google.com.] qtype:[A] respid:[26155] rcode:[NOERROR] respflags:[qr rd ra] err:[<nil>] duration:[85.651987ms]
2025/05/21 05:43:53 worker:[0] reqid:[5367] qname:[googleusercontent.com.] qtype:[A] respid:[5367] rcode:[NOERROR] respflags:[qr rd ra] err:[<nil>] duration:[88.872301ms]
2025/05/21 05:43:53 worker:[0] reqid:[7236] qname:[facebook.com.] qtype:[A] respid:[7236] rcode:[NOERROR] respflags:[qr rd ra] err:[<nil>] duration:[87.976552ms]
2025/05/21 05:43:53 worker:[0] reqid:[59087] qname:[instagram.com.] qtype:[A] respid:[59087] rcode:[NOERROR] respflags:[qr rd ra] err:[<nil>] duration:[85.284644ms]
2025/05/21 05:43:53 worker:[0] reqid:[25897] qname:[wikipedia.org.] qtype:[A] respid:[25897] rcode:[NOERROR] respflags:[qr rd ra] err:[<nil>] duration:[334.560481ms]
2025/05/21 05:43:54 worker:[0] reqid:[64224] qname:[x.com.] qtype:[A] respid:[64224] rcode:[NOERROR] respflags:[qr rd ra] err:[<nil>] duration:[513.439584ms]
2025/05/21 05:43:54 worker:[0] reqid:[13460] qname:[amazon.com.] qtype:[A] respid:[13460] rcode:[NOERROR] respflags:[qr rd ra] err:[<nil>] duration:[84.931757ms]
2025/05/21 05:43:54 worker:[0] reqid:[35968] qname:[tiktok.com.] qtype:[A] respid:[35968] rcode:[NOERROR] respflags:[qr rd ra] err:[<nil>] duration:[85.952106ms]
2025/05/21 05:43:54 worker:[0] reqid:[56421] qname:[whatsapp.com.] qtype:[A] respid:[56421] rcode:[NOERROR] respflags:[qr rd ra] err:[<nil>] duration:[86.525947ms]
2025/05/21 05:43:54 worker:[0] reqid:[34937] qname:[yahoo.com.] qtype:[A] respid:[34937] rcode:[NOERROR] respflags:[qr rd ra] err:[<nil>] duration:[86.609873ms]
2025/05/21 05:43:55 worker:[0] reqid:[59286] qname:[google.com.] qtype:[A] respid:[59286] rcode:[NOERROR] respflags:[qr rd ra] err:[<nil>] duration:[708.00936ms]
2025/05/21 05:43:55 worker:[0] reqid:[26434] qname:[googleusercontent.com.] qtype:[A] respid:[26434] rcode:[NOERROR] respflags:[qr rd ra] err:[<nil>] duration:[85.515156ms]
2025/05/21 05:43:55 worker:[0] reqid:[21958] qname:[facebook.com.] qtype:[A] respid:[21958] rcode:[NOERROR] respflags:[qr rd ra] err:[<nil>] duration:[85.188686ms]
2025/05/21 05:43:55 worker:[0] reqid:[46599] qname:[instagram.com.] qtype:[A] respid:[46599] rcode:[NOERROR] respflags:[qr rd ra] err:[<nil>] duration:[84.473465ms]
2025/05/21 05:43:55 worker:[0] reqid:[25904] qname:[wikipedia.org.] qtype:[A] respid:[25904] rcode:[NOERROR] respflags:[qr rd ra] err:[<nil>] duration:[102.793632ms]
2025/05/21 05:43:56 worker:[0] reqid:[17816] qname:[x.com.] qtype:[A] respid:[17816] rcode:[NOERROR] respflags:[qr rd ra] err:[<nil>] duration:[726.73762ms]
2025/05/21 05:43:56 worker:[0] reqid:[33974] qname:[amazon.com.] qtype:[A] respid:[33974] rcode:[NOERROR] respflags:[qr rd ra] err:[<nil>] duration:[513.163915ms]
2025/05/21 05:43:56 worker:[0] reqid:[17722] qname:[tiktok.com.] qtype:[A] respid:[17722] rcode:[NOERROR] respflags:[qr rd ra] err:[<nil>] duration:[89.508358ms]
2025/05/21 05:43:56 worker:[0] reqid:[14642] qname:[whatsapp.com.] qtype:[A] respid:[14642] rcode:[NOERROR] respflags:[qr rd ra] err:[<nil>] duration:[84.967766ms]
2025/05/21 05:43:57 worker:[0] reqid:[13170] qname:[yahoo.com.] qtype:[A] respid:[13170] rcode:[NOERROR] respflags:[qr rd ra] err:[<nil>] duration:[85.062254ms]
2025/05/21 05:43:57 worker:[0] reqid:[54000] qname:[google.com.] qtype:[A] respid:[54000] rcode:[NOERROR] respflags:[qr rd ra] err:[<nil>] duration:[85.218667ms]
2025/05/21 05:43:57 worker:[0] reqid:[31567] qname:[googleusercontent.com.] qtype:[A] respid:[31567] rcode:[NOERROR] respflags:[qr rd ra] err:[<nil>] duration:[88.790895ms]
2025/05/21 05:43:57 worker:[0] reqid:[22390] qname:[facebook.com.] qtype:[A] respid:[22390] rcode:[NOERROR] respflags:[qr rd ra] err:[<nil>] duration:[85.261415ms]
2025/05/21 05:43:57 worker:[0] reqid:[31593] qname:[instagram.com.] qtype:[A] respid:[31593] rcode:[NOERROR] respflags:[qr rd ra] err:[<nil>] duration:[85.096554ms]
2025/05/21 05:43:57 worker:[0] reqid:[39511] qname:[wikipedia.org.] qtype:[A] respid:[39511] rcode:[NOERROR] respflags:[qr rd ra] err:[<nil>] duration:[87.641924ms]
2025/05/21 05:43:57 worker:[0] reqid:[50247] qname:[x.com.] qtype:[A] respid:[50247] rcode:[NOERROR] respflags:[qr rd ra] err:[<nil>] duration:[84.248284ms]
2025/05/21 05:43:57 worker:[0] reqid:[46634] qname:[amazon.com.] qtype:[A] respid:[46634] rcode:[NOERROR] respflags:[qr rd ra] err:[<nil>] duration:[88.952313ms]
2025/05/21 05:43:57 worker:[0] reqid:[40784] qname:[tiktok.com.] qtype:[A] respid:[40784] rcode:[NOERROR] respflags:[qr rd ra] err:[<nil>] duration:[84.983326ms]
2025/05/21 05:43:57 worker:[0] reqid:[43838] qname:[whatsapp.com.] qtype:[A] respid:[43838] rcode:[NOERROR] respflags:[qr rd ra] err:[<nil>] duration:[85.506247ms]
2025/05/21 05:43:57 worker:[0] reqid:[32732] qname:[yahoo.com.] qtype:[A] respid:[32732] rcode:[NOERROR] respflags:[qr rd ra] err:[<nil>] duration:[84.172072ms]
2025/05/21 05:43:58 worker:[0] reqid:[59609] qname:[google.com.] qtype:[A] respid:[59609] rcode:[NOERROR] respflags:[qr rd ra] err:[<nil>] duration:[86.426363ms]
2025/05/21 05:43:58 worker:[0] reqid:[40834] qname:[googleusercontent.com.] qtype:[A] respid:[40834] rcode:[NOERROR] respflags:[qr rd ra] err:[<nil>] duration:[83.723338ms]
2025/05/21 05:43:58 worker:[0] reqid:[56091] qname:[facebook.com.] qtype:[A] respid:[56091] rcode:[NOERROR] respflags:[qr rd ra] err:[<nil>] duration:[84.384609ms]
2025/05/21 05:43:58 worker:[0] reqid:[43209] qname:[instagram.com.] qtype:[A] respid:[43209] rcode:[NOERROR] respflags:[qr rd ra] err:[<nil>] duration:[84.462087ms]
2025/05/21 05:43:58 worker:[0] reqid:[18438] qname:[wikipedia.org.] qtype:[A] respid:[18438] rcode:[NOERROR] respflags:[qr rd ra] err:[<nil>] duration:[88.340923ms]
2025/05/21 05:43:58 worker:[0] reqid:[30657] qname:[x.com.] qtype:[A] respid:[30657] rcode:[NOERROR] respflags:[qr rd ra] err:[<nil>] duration:[85.28545ms]
2025/05/21 05:43:58 worker:[0] reqid:[45016] qname:[amazon.com.] qtype:[A] respid:[45016] rcode:[NOERROR] respflags:[qr rd ra] err:[<nil>] duration:[84.171502ms]
2025/05/21 05:43:58 worker:[0] reqid:[63929] qname:[tiktok.com.] qtype:[A] respid:[63929] rcode:[NOERROR] respflags:[qr rd ra] err:[<nil>] duration:[288.956275ms]
2025/05/21 05:43:59 worker:[0] reqid:[35887] qname:[whatsapp.com.] qtype:[A] respid:[35887] rcode:[NOERROR] respflags:[qr rd ra] err:[<nil>] duration:[524.404489ms]
2025/05/21 05:43:59 worker:[0] reqid:[5097] qname:[yahoo.com.] qtype:[A] respid:[5097] rcode:[NOERROR] respflags:[qr rd ra] err:[<nil>] duration:[86.564347ms]
2025/05/21 05:43:59 worker:[0] reqid:[39859] qname:[google.com.] qtype:[A] respid:[39859] rcode:[NOERROR] respflags:[qr rd ra] err:[<nil>] duration:[84.415054ms]
2025/05/21 05:43:59 worker:[0] reqid:[22511] qname:[googleusercontent.com.] qtype:[A] respid:[22511] rcode:[NOERROR] respflags:[qr rd ra] err:[<nil>] duration:[290.060888ms]
2025/05/21 05:43:59 worker:[0] reqid:[36416] qname:[facebook.com.] qtype:[A] respid:[36416] rcode:[NOERROR] respflags:[qr rd ra] err:[<nil>] duration:[85.202526ms]
2025/05/21 05:43:59 worker:[0] reqid:[24359] qname:[instagram.com.] qtype:[A] respid:[24359] rcode:[NOERROR] respflags:[qr rd ra] err:[<nil>] duration:[85.479391ms]
2025/05/21 05:44:00 worker:[0] reqid:[29106] qname:[wikipedia.org.] qtype:[A] respid:[29106] rcode:[NOERROR] respflags:[qr rd ra] err:[<nil>] duration:[85.645845ms]
2025/05/21 05:44:00 worker:[0] reqid:[56647] qname:[x.com.] qtype:[A] respid:[56647] rcode:[NOERROR] respflags:[qr rd ra] err:[<nil>] duration:[84.536073ms]
2025/05/21 05:44:00 worker:[0] reqid:[61584] qname:[amazon.com.] qtype:[A] respid:[61584] rcode:[NOERROR] respflags:[qr rd ra] err:[<nil>] duration:[87.562647ms]
2025/05/21 05:44:00 worker:[0] reqid:[5934] qname:[tiktok.com.] qtype:[A] respid:[5934] rcode:[NOERROR] respflags:[qr rd ra] err:[<nil>] duration:[84.866211ms]
2025/05/21 05:44:00 worker:[0] reqid:[413] qname:[whatsapp.com.] qtype:[A] respid:[413] rcode:[NOERROR] respflags:[qr rd ra] err:[<nil>] duration:[88.793881ms]
2025/05/21 05:44:00 worker:[0] reqid:[44530] qname:[yahoo.com.] qtype:[A] respid:[44530] rcode:[NOERROR] respflags:[qr rd ra] err:[<nil>] duration:[84.931555ms]
2025/05/21 05:44:00 worker:[0] reqid:[42083] qname:[google.com.] qtype:[A] respid:[42083] rcode:[NOERROR] respflags:[qr rd ra] err:[<nil>] duration:[83.492398ms]
2025/05/21 05:44:00 worker:[0] reqid:[7132] qname:[googleusercontent.com.] qtype:[A] respid:[7132] rcode:[NOERROR] respflags:[qr rd ra] err:[<nil>] duration:[292.917698ms]
2025/05/21 05:44:00 worker:[0] reqid:[14977] qname:[facebook.com.] qtype:[A] respid:[14977] rcode:[NOERROR] respflags:[qr rd ra] err:[<nil>] duration:[84.160876ms]
2025/05/21 05:44:01 worker:[0] reqid:[11946] qname:[instagram.com.] qtype:[A] respid:[11946] rcode:[NOERROR] respflags:[qr rd ra] err:[<nil>] duration:[85.188474ms]
2025/05/21 05:44:01 worker:[0] reqid:[31058] qname:[wikipedia.org.] qtype:[A] respid:[31058] rcode:[NOERROR] respflags:[qr rd ra] err:[<nil>] duration:[294.835325ms]
2025/05/21 05:44:01 worker:[0] reqid:[34773] qname:[x.com.] qtype:[A] respid:[34773] rcode:[NOERROR] respflags:[qr rd ra] err:[<nil>] duration:[84.471168ms]
2025/05/21 05:44:01 worker:[0] reqid:[36580] qname:[amazon.com.] qtype:[A] respid:[36580] rcode:[NOERROR] respflags:[qr rd ra] err:[<nil>] duration:[84.757889ms]
2025/05/21 05:44:01 worker:[0] reqid:[22787] qname:[tiktok.com.] qtype:[A] respid:[22787] rcode:[NOERROR] respflags:[qr rd ra] err:[<nil>] duration:[85.20479ms]
2025/05/21 05:44:01 worker:[0] reqid:[10169] qname:[whatsapp.com.] qtype:[A] respid:[10169] rcode:[NOERROR] respflags:[qr rd ra] err:[<nil>] duration:[83.956126ms]
2025/05/21 05:44:01 worker:[0] reqid:[59296] qname:[yahoo.com.] qtype:[A] respid:[59296] rcode:[NOERROR] respflags:[qr rd ra] err:[<nil>] duration:[85.218762ms]
2025/05/21 05:44:01 worker:[0] reqid:[38995] qname:[google.com.] qtype:[A] respid:[38995] rcode:[NOERROR] respflags:[qr rd ra] err:[<nil>] duration:[88.557132ms]
2025/05/21 05:44:01 worker:[0] reqid:[44322] qname:[googleusercontent.com.] qtype:[A] respid:[44322] rcode:[NOERROR] respflags:[qr rd ra] err:[<nil>] duration:[93.692576ms]
2025/05/21 05:44:02 worker:[0] reqid:[5148] qname:[facebook.com.] qtype:[A] respid:[5148] rcode:[NOERROR] respflags:[qr rd ra] err:[<nil>] duration:[290.952745ms]
2025/05/21 05:44:02 worker:[0] reqid:[28651] qname:[instagram.com.] qtype:[A] respid:[28651] rcode:[NOERROR] respflags:[qr rd ra] err:[<nil>] duration:[85.435391ms]
2025/05/21 05:44:02 worker:[0] reqid:[54656] qname:[wikipedia.org.] qtype:[A] respid:[54656] rcode:[NOERROR] respflags:[qr rd ra] err:[<nil>] duration:[290.97815ms]
2025/05/21 05:44:02 worker:[0] reqid:[6584] qname:[x.com.] qtype:[A] respid:[6584] rcode:[NOERROR] respflags:[qr rd ra] err:[<nil>] duration:[85.839991ms]
2025/05/21 05:44:02 worker:[0] reqid:[40685] qname:[amazon.com.] qtype:[A] respid:[40685] rcode:[NOERROR] respflags:[qr rd ra] err:[<nil>] duration:[85.378516ms]
2025/05/21 05:44:02 worker:[0] reqid:[20812] qname:[tiktok.com.] qtype:[A] respid:[20812] rcode:[NOERROR] respflags:[qr rd ra] err:[<nil>] duration:[84.491817ms]
2025/05/21 05:44:02 worker:[0] reqid:[49331] qname:[whatsapp.com.] qtype:[A] respid:[49331] rcode:[NOERROR] respflags:[qr rd ra] err:[<nil>] duration:[85.016405ms]
2025/05/21 05:44:03 worker:[0] reqid:[22380] qname:[yahoo.com.] qtype:[A] respid:[22380] rcode:[NOERROR] respflags:[qr rd ra] err:[<nil>] duration:[84.84272ms]
2025/05/21 05:44:03 worker:[0] reqid:[28994] qname:[google.com.] qtype:[A] respid:[28994] rcode:[NOERROR] respflags:[qr rd ra] err:[<nil>] duration:[85.339324ms]
2025/05/21 05:44:03 worker:[0] reqid:[9659] qname:[googleusercontent.com.] qtype:[A] respid:[9659] rcode:[NOERROR] respflags:[qr rd ra] err:[<nil>] duration:[292.532198ms]
2025/05/21 05:44:03 worker:[0] reqid:[5515] qname:[facebook.com.] qtype:[A] respid:[5515] rcode:[NOERROR] respflags:[qr rd ra] err:[<nil>] duration:[86.003255ms]
2025/05/21 05:44:03 worker:[0] reqid:[22223] qname:[instagram.com.] qtype:[A] respid:[22223] rcode:[NOERROR] respflags:[qr rd ra] err:[<nil>] duration:[86.670186ms]
2025/05/21 05:44:03 worker:[0] reqid:[59094] qname:[wikipedia.org.] qtype:[A] respid:[59094] rcode:[NOERROR] respflags:[qr rd ra] err:[<nil>] duration:[85.498614ms]
2025/05/21 05:44:03 worker:[0] reqid:[63436] qname:[x.com.] qtype:[A] respid:[63436] rcode:[NOERROR] respflags:[qr rd ra] err:[<nil>] duration:[84.117622ms]
2025/05/21 05:44:03 worker:[0] reqid:[40266] qname:[amazon.com.] qtype:[A] respid:[40266] rcode:[NOERROR] respflags:[qr rd ra] err:[<nil>] duration:[84.376018ms]
2025/05/21 05:44:03 worker:[0] reqid:[58596] qname:[tiktok.com.] qtype:[A] respid:[58596] rcode:[NOERROR] respflags:[qr rd ra] err:[<nil>] duration:[85.93765ms]
2025/05/21 05:44:04 worker:[0] reqid:[46278] qname:[whatsapp.com.] qtype:[A] respid:[46278] rcode:[NOERROR] respflags:[qr rd ra] err:[<nil>] duration:[88.888103ms]
2025/05/21 05:44:04 worker:[0] reqid:[15010] qname:[yahoo.com.] qtype:[A] respid:[15010] rcode:[NOERROR] respflags:[qr rd ra] err:[<nil>] duration:[317.013192ms]
2025/05/21 05:44:04 worker:[0] reqid:[51475] qname:[google.com.] qtype:[A] respid:[51475] rcode:[NOERROR] respflags:[qr rd ra] err:[<nil>] duration:[171.637376ms]
2025/05/21 05:44:04 worker:[0] reqid:[50444] qname:[googleusercontent.com.] qtype:[A] respid:[50444] rcode:[NOERROR] respflags:[qr rd ra] err:[<nil>] duration:[86.239964ms]
2025/05/21 05:44:04 worker:[0] reqid:[8891] qname:[facebook.com.] qtype:[A] respid:[8891] rcode:[NOERROR] respflags:[qr rd ra] err:[<nil>] duration:[86.840071ms]
2025/05/21 05:44:04 worker:[0] reqid:[15160] qname:[instagram.com.] qtype:[A] respid:[15160] rcode:[NOERROR] respflags:[qr rd ra] err:[<nil>] duration:[85.685375ms]
2025/05/21 05:44:04 worker:[0] reqid:[21956] qname:[wikipedia.org.] qtype:[A] respid:[21956] rcode:[NOERROR] respflags:[qr rd ra] err:[<nil>] duration:[86.304209ms]
2025/05/21 05:44:05 worker:[0] reqid:[64190] qname:[x.com.] qtype:[A] respid:[64190] rcode:[NOERROR] respflags:[qr rd ra] err:[<nil>] duration:[293.361821ms]
2025/05/21 05:44:05 worker:[0] reqid:[52487] qname:[amazon.com.] qtype:[A] respid:[52487] rcode:[NOERROR] respflags:[qr rd ra] err:[<nil>] duration:[85.059105ms]
2025/05/21 05:44:05 worker:[0] reqid:[46788] qname:[tiktok.com.] qtype:[A] respid:[46788] rcode:[NOERROR] respflags:[qr rd ra] err:[<nil>] duration:[291.139322ms]
2025/05/21 05:44:05 worker:[0] reqid:[46176] qname:[whatsapp.com.] qtype:[A] respid:[46176] rcode:[NOERROR] respflags:[qr rd ra] err:[<nil>] duration:[86.099786ms]
2025/05/21 05:44:05 worker:[0] reqid:[20501] qname:[yahoo.com.] qtype:[A] respid:[20501] rcode:[NOERROR] respflags:[qr rd ra] err:[<nil>] duration:[86.361517ms]
2025/05/21 05:44:05 worker:[0] reqid:[54868] qname:[google.com.] qtype:[A] respid:[54868] rcode:[NOERROR] respflags:[qr rd ra] err:[<nil>] duration:[85.526631ms]
2025/05/21 05:44:05 worker:[0] reqid:[20193] qname:[googleusercontent.com.] qtype:[A] respid:[20193] rcode:[NOERROR] respflags:[qr rd ra] err:[<nil>] duration:[86.900877ms]
2025/05/21 05:44:05 worker:[0] reqid:[35780] qname:[facebook.com.] qtype:[A] respid:[35780] rcode:[NOERROR] respflags:[qr rd ra] err:[<nil>] duration:[85.399483ms]
2025/05/21 05:44:06 worker:[0] reqid:[43205] qname:[instagram.com.] qtype:[A] respid:[43205] rcode:[NOERROR] respflags:[qr rd ra] err:[<nil>] duration:[85.510733ms]
2025/05/21 05:44:06 worker:[0] reqid:[45535] qname:[wikipedia.org.] qtype:[A] respid:[45535] rcode:[NOERROR] respflags:[qr rd ra] err:[<nil>] duration:[291.141512ms]
2025/05/21 05:44:06 worker:[0] reqid:[11901] qname:[x.com.] qtype:[A] respid:[11901] rcode:[NOERROR] respflags:[qr rd ra] err:[<nil>] duration:[85.643421ms]
2025/05/21 05:44:06 worker:[0] reqid:[6655] qname:[amazon.com.] qtype:[A] respid:[6655] rcode:[NOERROR] respflags:[qr rd ra] err:[<nil>] duration:[86.028233ms]
2025/05/21 05:44:06 worker:[0] reqid:[41406] qname:[tiktok.com.] qtype:[A] respid:[41406] rcode:[NOERROR] respflags:[qr rd ra] err:[<nil>] duration:[84.759949ms]
2025/05/21 05:44:06 worker:[0] reqid:[51610] qname:[whatsapp.com.] qtype:[A] respid:[51610] rcode:[NOERROR] respflags:[qr rd ra] err:[<nil>] duration:[292.196592ms]
2025/05/21 05:44:06 worker:[0] reqid:[22244] qname:[yahoo.com.] qtype:[A] respid:[22244] rcode:[NOERROR] respflags:[qr rd ra] err:[<nil>] duration:[91.694392ms]
2025/05/21 05:44:07 worker:[0] reqid:[40242] qname:[google.com.] qtype:[A] respid:[40242] rcode:[NOERROR] respflags:[qr rd ra] err:[<nil>] duration:[86.068392ms]
2025/05/21 05:44:07 worker:[0] reqid:[44463] qname:[googleusercontent.com.] qtype:[A] respid:[44463] rcode:[NOERROR] respflags:[qr rd ra] err:[<nil>] duration:[85.257884ms]
2025/05/21 05:44:07 worker:[0] reqid:[32083] qname:[facebook.com.] qtype:[A] respid:[32083] rcode:[NOERROR] respflags:[qr rd ra] err:[<nil>] duration:[85.406233ms]
2025/05/21 05:44:07 worker:[0] reqid:[40336] qname:[instagram.com.] qtype:[A] respid:[40336] rcode:[NOERROR] respflags:[qr rd ra] err:[<nil>] duration:[291.135186ms]
2025/05/21 05:44:08 worker:[0] reqid:[10760] qname:[wikipedia.org.] qtype:[A] respid:[10760] rcode:[NOERROR] respflags:[qr rd ra] err:[<nil>] duration:[525.959209ms]
2025/05/21 05:44:08 worker:[0] reqid:[65252] qname:[x.com.] qtype:[A] respid:[65252] rcode:[NOERROR] respflags:[qr rd ra] err:[<nil>] duration:[85.158475ms]
2025/05/21 05:44:08 worker:[0] reqid:[13256] qname:[amazon.com.] qtype:[A] respid:[13256] rcode:[NOERROR] respflags:[qr rd ra] err:[<nil>] duration:[85.051713ms]
2025/05/21 05:44:08 worker:[0] reqid:[6792] qname:[tiktok.com.] qtype:[A] respid:[6792] rcode:[NOERROR] respflags:[qr rd ra] err:[<nil>] duration:[85.40219ms]
2025/05/21 05:44:08 worker:[0] reqid:[3439] qname:[whatsapp.com.] qtype:[A] respid:[3439] rcode:[NOERROR] respflags:[qr rd ra] err:[<nil>] duration:[84.335653ms]
2025/05/21 05:44:09 worker:[0] reqid:[12307] qname:[yahoo.com.] qtype:[A] respid:[12307] rcode:[NOERROR] respflags:[qr rd ra] err:[<nil>] duration:[712.85558ms]
2025/05/21 05:44:09 worker:[0] reqid:[50897] qname:[google.com.] qtype:[A] respid:[50897] rcode:[NOERROR] respflags:[qr rd ra] err:[<nil>] duration:[84.563341ms]
2025/05/21 05:44:09 worker:[0] reqid:[30521] qname:[googleusercontent.com.] qtype:[A] respid:[30521] rcode:[NOERROR] respflags:[qr rd ra] err:[<nil>] duration:[85.851909ms]
2025/05/21 05:44:09 worker:[0] reqid:[15626] qname:[facebook.com.] qtype:[A] respid:[15626] rcode:[NOERROR] respflags:[qr rd ra] err:[<nil>] duration:[86.372711ms]
2025/05/21 05:44:09 worker:[0] reqid:[16178] qname:[instagram.com.] qtype:[A] respid:[16178] rcode:[NOERROR] respflags:[qr rd ra] err:[<nil>] duration:[85.016156ms]
2025/05/21 05:44:09 worker:[0] reqid:[50329] qname:[wikipedia.org.] qtype:[A] respid:[50329] rcode:[NOERROR] respflags:[qr rd ra] err:[<nil>] duration:[85.702276ms]
2025/05/21 05:44:09 worker:[0] reqid:[17428] qname:[x.com.] qtype:[A] respid:[17428] rcode:[NOERROR] respflags:[qr rd ra] err:[<nil>] duration:[290.120899ms]
2025/05/21 05:44:09 worker:[0] reqid:[9769] qname:[amazon.com.] qtype:[A] respid:[9769] rcode:[NOERROR] respflags:[qr rd ra] err:[<nil>] duration:[84.36589ms]
2025/05/21 05:44:09 worker:[0] reqid:[53097] qname:[tiktok.com.] qtype:[A] respid:[53097] rcode:[NOERROR] respflags:[qr rd ra] err:[<nil>] duration:[87.235502ms]
2025/05/21 05:44:10 worker:[0] reqid:[28780] qname:[whatsapp.com.] qtype:[A] respid:[28780] rcode:[NOERROR] respflags:[qr rd ra] err:[<nil>] duration:[86.235405ms]
2025/05/21 05:44:10 worker:[0] reqid:[31496] qname:[yahoo.com.] qtype:[A] respid:[31496] rcode:[NOERROR] respflags:[qr rd ra] err:[<nil>] duration:[296.959419ms]
2025/05/21 05:44:10 worker:[0] reqid:[13557] qname:[google.com.] qtype:[A] respid:[13557] rcode:[NOERROR] respflags:[qr rd ra] err:[<nil>] duration:[98.705273ms]
2025/05/21 05:44:10 worker:[0] reqid:[41283] qname:[googleusercontent.com.] qtype:[A] respid:[41283] rcode:[NOERROR] respflags:[qr rd ra] err:[<nil>] duration:[295.022991ms]
2025/05/21 05:44:11 worker:[0] reqid:[12548] qname:[facebook.com.] qtype:[A] respid:[12548] rcode:[NOERROR] respflags:[qr rd ra] err:[<nil>] duration:[505.986323ms]
2025/05/21 05:44:11 worker:[0] reqid:[60022] qname:[instagram.com.] qtype:[A] respid:[60022] rcode:[NOERROR] respflags:[qr rd ra] err:[<nil>] duration:[88.438273ms]
2025/05/21 05:44:11 worker:[0] reqid:[55945] qname:[wikipedia.org.] qtype:[A] respid:[55945] rcode:[NOERROR] respflags:[qr rd ra] err:[<nil>] duration:[87.760076ms]
2025/05/21 05:44:11 worker:[0] reqid:[12338] qname:[x.com.] qtype:[A] respid:[12338] rcode:[NOERROR] respflags:[qr rd ra] err:[<nil>] duration:[84.804824ms]
2025/05/21 05:44:11 worker:[0] reqid:[24625] qname:[amazon.com.] qtype:[A] respid:[24625] rcode:[NOERROR] respflags:[qr rd ra] err:[<nil>] duration:[84.369052ms]
2025/05/21 05:44:11 worker:[0] reqid:[26532] qname:[tiktok.com.] qtype:[A] respid:[26532] rcode:[NOERROR] respflags:[qr rd ra] err:[<nil>] duration:[84.692585ms]
2025/05/21 05:44:11 worker:[0] reqid:[62900] qname:[whatsapp.com.] qtype:[A] respid:[62900] rcode:[NOERROR] respflags:[qr rd ra] err:[<nil>] duration:[84.748466ms]
2025/05/21 05:44:11 worker:[0] reqid:[57871] qname:[yahoo.com.] qtype:[A] respid:[57871] rcode:[NOERROR] respflags:[qr rd ra] err:[<nil>] duration:[84.682623ms]
2025/05/21 05:44:11 worker:[0] reqid:[48409] qname:[google.com.] qtype:[A] respid:[48409] rcode:[NOERROR] respflags:[qr rd ra] err:[<nil>] duration:[85.243201ms]
2025/05/21 05:44:12 worker:[0] reqid:[26494] qname:[googleusercontent.com.] qtype:[A] respid:[26494] rcode:[NOERROR] respflags:[qr rd ra] err:[<nil>] duration:[86.069988ms]
2025/05/21 05:44:12 worker:[0] reqid:[19093] qname:[facebook.com.] qtype:[A] respid:[19093] rcode:[NOERROR] respflags:[qr rd ra] err:[<nil>] duration:[85.564978ms]
2025/05/21 05:44:12 worker:[0] reqid:[45407] qname:[instagram.com.] qtype:[A] respid:[45407] rcode:[NOERROR] respflags:[qr rd ra] err:[<nil>] duration:[84.434817ms]
2025/05/21 05:44:12 worker:[0] reqid:[34041] qname:[wikipedia.org.] qtype:[A] respid:[34041] rcode:[NOERROR] respflags:[qr rd ra] err:[<nil>] duration:[83.859891ms]
2025/05/21 05:44:12 worker:[0] reqid:[8626] qname:[x.com.] qtype:[A] respid:[8626] rcode:[NOERROR] respflags:[qr rd ra] err:[<nil>] duration:[87.045439ms]
2025/05/21 05:44:12 worker:[0] reqid:[17693] qname:[amazon.com.] qtype:[A] respid:[17693] rcode:[NOERROR] respflags:[qr rd ra] err:[<nil>] duration:[85.486055ms]
2025/05/21 05:44:12 worker:[0] reqid:[30591] qname:[tiktok.com.] qtype:[A] respid:[30591] rcode:[NOERROR] respflags:[qr rd ra] err:[<nil>] duration:[87.182521ms]
2025/05/21 05:44:12 worker:[0] reqid:[9389] qname:[whatsapp.com.] qtype:[A] respid:[9389] rcode:[NOERROR] respflags:[qr rd ra] err:[<nil>] duration:[94.91852ms]
2025/05/21 05:44:12 worker:[0] reqid:[23573] qname:[yahoo.com.] qtype:[A] respid:[23573] rcode:[NOERROR] respflags:[qr rd ra] err:[<nil>] duration:[85.135022ms]
2025/05/21 05:44:12 worker:[0] reqid:[24275] qname:[google.com.] qtype:[A] respid:[24275] rcode:[NOERROR] respflags:[qr rd ra] err:[<nil>] duration:[85.572773ms]
2025/05/21 05:44:13 worker:[0] reqid:[55275] qname:[googleusercontent.com.] qtype:[A] respid:[55275] rcode:[NOERROR] respflags:[qr rd ra] err:[<nil>] duration:[516.44361ms]
2025/05/21 05:44:13 worker:[0] reqid:[43991] qname:[facebook.com.] qtype:[A] respid:[43991] rcode:[NOERROR] respflags:[qr rd ra] err:[<nil>] duration:[84.942792ms]
2025/05/21 05:44:13 worker:[0] reqid:[41423] qname:[instagram.com.] qtype:[A] respid:[41423] rcode:[NOERROR] respflags:[qr rd ra] err:[<nil>] duration:[290.549505ms]
2025/05/21 05:44:14 worker:[0] reqid:[51297] qname:[wikipedia.org.] qtype:[A] respid:[51297] rcode:[NOERROR] respflags:[qr rd ra] err:[<nil>] duration:[496.2833ms]
2025/05/21 05:44:14 worker:[0] reqid:[9250] qname:[x.com.] qtype:[A] respid:[9250] rcode:[NOERROR] respflags:[qr rd ra] err:[<nil>] duration:[93.990858ms]
2025/05/21 05:44:14 worker:[0] reqid:[35000] qname:[amazon.com.] qtype:[A] respid:[35000] rcode:[NOERROR] respflags:[qr rd ra] err:[<nil>] duration:[86.487192ms]
2025/05/21 05:44:14 worker:[0] reqid:[47608] qname:[tiktok.com.] qtype:[A] respid:[47608] rcode:[NOERROR] respflags:[qr rd ra] err:[<nil>] duration:[298.036332ms]
2025/05/21 05:44:16 worker:[0] reqid:[57155] qname:[whatsapp.com.] qtype:[A] respid:[57155] rcode:[NOERROR] respflags:[qr rd ra] err:[<nil>] duration:[1.342940362s]
2025/05/21 05:44:16 worker:[0] reqid:[25694] qname:[yahoo.com.] qtype:[A] respid:[25694] rcode:[NOERROR] respflags:[qr rd ra] err:[<nil>] duration:[85.946791ms]
2025/05/21 05:44:16 worker:[0] reqid:[45624] qname:[google.com.] qtype:[A] respid:[45624] rcode:[NOERROR] respflags:[qr rd ra] err:[<nil>] duration:[93.22508ms]
2025/05/21 05:44:16 worker:[0] reqid:[21670] qname:[googleusercontent.com.] qtype:[A] respid:[21670] rcode:[NOERROR] respflags:[qr rd ra] err:[<nil>] duration:[292.05948ms]
2025/05/21 05:44:17 worker:[0] reqid:[54395] qname:[facebook.com.] qtype:[A] respid:[54395] rcode:[NOERROR] respflags:[qr rd ra] err:[<nil>] duration:[520.029136ms]
2025/05/21 05:44:17 worker:[0] reqid:[52425] qname:[instagram.com.] qtype:[A] respid:[52425] rcode:[NOERROR] respflags:[qr rd ra] err:[<nil>] duration:[83.866391ms]
2025/05/21 05:44:17 worker:[0] reqid:[18415] qname:[wikipedia.org.] qtype:[A] respid:[18415] rcode:[NOERROR] respflags:[qr rd ra] err:[<nil>] duration:[86.422466ms]
2025/05/21 05:44:17 worker:[0] reqid:[26451] qname:[x.com.] qtype:[A] respid:[26451] rcode:[NOERROR] respflags:[qr rd ra] err:[<nil>] duration:[290.562836ms]
2025/05/21 05:44:17 worker:[0] reqid:[30423] qname:[amazon.com.] qtype:[A] respid:[30423] rcode:[NOERROR] respflags:[qr rd ra] err:[<nil>] duration:[85.295472ms]
2025/05/21 05:44:17 worker:[0] reqid:[1246] qname:[tiktok.com.] qtype:[A] respid:[1246] rcode:[NOERROR] respflags:[qr rd ra] err:[<nil>] duration:[291.967157ms]
2025/05/21 05:44:17 worker:[0] reqid:[56081] qname:[whatsapp.com.] qtype:[A] respid:[56081] rcode:[NOERROR] respflags:[qr rd ra] err:[<nil>] duration:[86.084936ms]
2025/05/21 05:44:18 worker:[0] reqid:[36958] qname:[yahoo.com.] qtype:[A] respid:[36958] rcode:[NOERROR] respflags:[qr rd ra] err:[<nil>] duration:[85.11146ms]
2025/05/21 05:44:18 worker:[0] reqid:[16375] qname:[google.com.] qtype:[A] respid:[16375] rcode:[NOERROR] respflags:[qr rd ra] err:[<nil>] duration:[87.355499ms]
2025/05/21 05:44:18 worker:[0] reqid:[12025] qname:[googleusercontent.com.] qtype:[A] respid:[12025] rcode:[NOERROR] respflags:[qr rd ra] err:[<nil>] duration:[85.422219ms]
2025/05/21 05:44:18 worker:[0] reqid:[27990] qname:[facebook.com.] qtype:[A] respid:[27990] rcode:[NOERROR] respflags:[qr rd ra] err:[<nil>] duration:[84.885191ms]
2025/05/21 05:44:18 worker:[0] reqid:[50672] qname:[instagram.com.] qtype:[A] respid:[50672] rcode:[NOERROR] respflags:[qr rd ra] err:[<nil>] duration:[92.418081ms]
2025/05/21 05:44:18 worker:[0] reqid:[40286] qname:[wikipedia.org.] qtype:[A] respid:[40286] rcode:[NOERROR] respflags:[qr rd ra] err:[<nil>] duration:[85.376263ms]
2025/05/21 05:44:18 worker:[0] reqid:[48521] qname:[x.com.] qtype:[A] respid:[48521] rcode:[NOERROR] respflags:[qr rd ra] err:[<nil>] duration:[84.421622ms]
2025/05/21 05:44:18 worker:[0] reqid:[31897] qname:[amazon.com.] qtype:[A] respid:[31897] rcode:[NOERROR] respflags:[qr rd ra] err:[<nil>] duration:[85.229089ms]
2025/05/21 05:44:18 worker:[0] reqid:[9791] qname:[tiktok.com.] qtype:[A] respid:[9791] rcode:[NOERROR] respflags:[qr rd ra] err:[<nil>] duration:[291.589588ms]
2025/05/21 05:44:19 worker:[0] reqid:[6583] qname:[whatsapp.com.] qtype:[A] respid:[6583] rcode:[NOERROR] respflags:[qr rd ra] err:[<nil>] duration:[86.85295ms]
2025/05/21 05:44:19 worker:[0] reqid:[9579] qname:[yahoo.com.] qtype:[A] respid:[9579] rcode:[NOERROR] respflags:[qr rd ra] err:[<nil>] duration:[85.583328ms]
2025/05/21 05:44:19 worker:[0] reqid:[48035] qname:[google.com.] qtype:[A] respid:[48035] rcode:[NOERROR] respflags:[qr rd ra] err:[<nil>] duration:[84.783882ms]
2025/05/21 05:44:19 worker:[0] reqid:[54682] qname:[googleusercontent.com.] qtype:[A] respid:[54682] rcode:[NOERROR] respflags:[qr rd ra] err:[<nil>] duration:[86.002787ms]
2025/05/21 05:44:19 worker:[0] reqid:[39563] qname:[facebook.com.] qtype:[A] respid:[39563] rcode:[NOERROR] respflags:[qr rd ra] err:[<nil>] duration:[85.663519ms]
2025/05/21 05:44:19 worker:[0] reqid:[62786] qname:[instagram.com.] qtype:[A] respid:[62786] rcode:[NOERROR] respflags:[qr rd ra] err:[<nil>] duration:[295.644672ms]
2025/05/21 05:44:19 worker:[0] reqid:[48912] qname:[wikipedia.org.] qtype:[A] respid:[48912] rcode:[NOERROR] respflags:[qr rd ra] err:[<nil>] duration:[85.94086ms]
2025/05/21 05:44:19 worker:[0] reqid:[12524] qname:[x.com.] qtype:[A] respid:[12524] rcode:[NOERROR] respflags:[qr rd ra] err:[<nil>] duration:[89.882114ms]
2025/05/21 05:44:20 worker:[0] reqid:[61410] qname:[amazon.com.] qtype:[A] respid:[61410] rcode:[NOERROR] respflags:[qr rd ra] err:[<nil>] duration:[293.634808ms]
2025/05/21 05:44:20 worker:[0] reqid:[63924] qname:[tiktok.com.] qtype:[A] respid:[63924] rcode:[NOERROR] respflags:[qr rd ra] err:[<nil>] duration:[86.097897ms]
2025/05/21 05:44:20 worker:[0] reqid:[62006] qname:[whatsapp.com.] qtype:[A] respid:[62006] rcode:[NOERROR] respflags:[qr rd ra] err:[<nil>] duration:[85.838514ms]
2025/05/21 05:44:20 worker:[0] reqid:[43382] qname:[yahoo.com.] qtype:[A] respid:[43382] rcode:[NOERROR] respflags:[qr rd ra] err:[<nil>] duration:[85.664648ms]
2025/05/21 05:44:20 worker:[0] reqid:[7457] qname:[google.com.] qtype:[A] respid:[7457] rcode:[NOERROR] respflags:[qr rd ra] err:[<nil>] duration:[86.621153ms]
2025/05/21 05:44:20 worker:[0] reqid:[25967] qname:[googleusercontent.com.] qtype:[A] respid:[25967] rcode:[NOERROR] respflags:[qr rd ra] err:[<nil>] duration:[87.459061ms]
2025/05/21 05:44:20 worker:[0] reqid:[58083] qname:[facebook.com.] qtype:[A] respid:[58083] rcode:[NOERROR] respflags:[qr rd ra] err:[<nil>] duration:[294.316846ms]
2025/05/21 05:44:20 worker:[0] reqid:[42673] qname:[instagram.com.] qtype:[A] respid:[42673] rcode:[NOERROR] respflags:[qr rd ra] err:[<nil>] duration:[84.88654ms]
2025/05/21 05:44:21 worker:[0] reqid:[358] qname:[wikipedia.org.] qtype:[A] respid:[358] rcode:[NOERROR] respflags:[qr rd ra] err:[<nil>] duration:[721.939676ms]
2025/05/21 05:44:21 worker:[0] reqid:[60757] qname:[x.com.] qtype:[A] respid:[60757] rcode:[NOERROR] respflags:[qr rd ra] err:[<nil>] duration:[86.879043ms]
2025/05/21 05:44:21 worker:[0] reqid:[33464] qname:[amazon.com.] qtype:[A] respid:[33464] rcode:[NOERROR] respflags:[qr rd ra] err:[<nil>] duration:[84.108961ms]
2025/05/21 05:44:21 worker:[0] reqid:[40679] qname:[tiktok.com.] qtype:[A] respid:[40679] rcode:[NOERROR] respflags:[qr rd ra] err:[<nil>] duration:[85.264571ms]
2025/05/21 05:44:22 worker:[0] reqid:[10027] qname:[whatsapp.com.] qtype:[A] respid:[10027] rcode:[NOERROR] respflags:[qr rd ra] err:[<nil>] duration:[471.767668ms]
2025/05/21 05:44:22 worker:[0] reqid:[48868] qname:[yahoo.com.] qtype:[A] respid:[48868] rcode:[NOERROR] respflags:[qr rd ra] err:[<nil>] duration:[518.93908ms]
