2025/05/21 00:45:34 worker:[0] reqid:[4436] qname:[google.com.] qtype:[A] respid:[<nil>] rcode:[<nil>] respflags:[<nil>] err:[dial tcp: lookup 245cca3b.d.adguard-dns.com: i/o timeout] duration:[5.001869851s]
2025/05/21 00:45:35 worker:[0] reqid:[5674] qname:[googleusercontent.com.] qtype:[A] respid:[5674] rcode:[NOERROR] respflags:[qr rd ra] err:[<nil>] duration:[1.217050532s]
2025/05/21 00:45:35 worker:[0] reqid:[34540] qname:[facebook.com.] qtype:[A] respid:[34540] rcode:[NOERROR] respflags:[qr rd ra] err:[<nil>] duration:[105.260935ms]
2025/05/21 00:45:35 worker:[0] reqid:[16024] qname:[instagram.com.] qtype:[A] respid:[16024] rcode:[NOERROR] respflags:[qr rd ra] err:[<nil>] duration:[375.09921ms]
2025/05/21 00:45:35 worker:[0] reqid:[35411] qname:[wikipedia.org.] qtype:[A] respid:[35411] rcode:[NOERROR] respflags:[qr rd ra] err:[<nil>] duration:[80.440326ms]
2025/05/21 00:45:36 worker:[0] reqid:[21642] qname:[x.com.] qtype:[A] respid:[21642] rcode:[NOERROR] respflags:[qr rd ra] err:[<nil>] duration:[79.486236ms]
2025/05/21 00:45:36 worker:[0] reqid:[62247] qname:[amazon.com.] qtype:[A] respid:[62247] rcode:[NOERROR] respflags:[qr rd ra] err:[<nil>] duration:[365.193699ms]
2025/05/21 00:45:36 worker:[0] reqid:[30780] qname:[tiktok.com.] qtype:[A] respid:[30780] rcode:[NOERROR] respflags:[qr rd ra] err:[<nil>] duration:[83.010583ms]
2025/05/21 00:45:36 worker:[0] reqid:[19863] qname:[whatsapp.com.] qtype:[A] respid:[19863] rcode:[NOERROR] respflags:[qr rd ra] err:[<nil>] duration:[96.771201ms]
2025/05/21 00:45:37 worker:[0] reqid:[61994] qname:[yahoo.com.] qtype:[A] respid:[61994] rcode:[NOERROR] respflags:[qr rd ra] err:[<nil>] duration:[851.744931ms]
2025/05/21 00:45:37 worker:[0] reqid:[36624] qname:[google.com.] qtype:[A] respid:[36624] rcode:[NOERROR] respflags:[qr rd ra] err:[<nil>] duration:[90.648941ms]
2025/05/21 00:45:37 worker:[0] reqid:[45911] qname:[googleusercontent.com.] qtype:[A] respid:[45911] rcode:[NOERROR] respflags:[qr rd ra] err:[<nil>] duration:[320.743026ms]
2025/05/21 00:45:37 worker:[0] reqid:[51110] qname:[facebook.com.] qtype:[A] respid:[51110] rcode:[NOERROR] respflags:[qr rd ra] err:[<nil>] duration:[79.782122ms]
2025/05/21 00:45:38 worker:[0] reqid:[3606] qname:[instagram.com.] qtype:[A] respid:[3606] rcode:[NOERROR] respflags:[qr rd ra] err:[<nil>] duration:[82.460775ms]
2025/05/21 00:45:38 worker:[0] reqid:[48117] qname:[wikipedia.org.] qtype:[A] respid:[48117] rcode:[NOERROR] respflags:[qr rd ra] err:[<nil>] duration:[88.288951ms]
2025/05/21 00:45:38 worker:[0] reqid:[39580] qname:[x.com.] qtype:[A] respid:[39580] rcode:[NOERROR] respflags:[qr rd ra] err:[<nil>] duration:[84.928064ms]
2025/05/21 00:45:38 worker:[0] reqid:[36261] qname:[amazon.com.] qtype:[A] respid:[36261] rcode:[NOERROR] respflags:[qr rd ra] err:[<nil>] duration:[92.819613ms]
2025/05/21 00:45:38 worker:[0] reqid:[33646] qname:[tiktok.com.] qtype:[A] respid:[33646] rcode:[NOERROR] respflags:[qr rd ra] err:[<nil>] duration:[321.421646ms]
2025/05/21 00:45:38 worker:[0] reqid:[14584] qname:[whatsapp.com.] qtype:[A] respid:[14584] rcode:[NOERROR] respflags:[qr rd ra] err:[<nil>] duration:[98.543283ms]
2025/05/21 00:45:38 worker:[0] reqid:[65352] qname:[yahoo.com.] qtype:[A] respid:[65352] rcode:[NOERROR] respflags:[qr rd ra] err:[<nil>] duration:[94.096131ms]
2025/05/21 00:45:38 worker:[0] reqid:[13184] qname:[google.com.] qtype:[A] respid:[13184] rcode:[NOERROR] respflags:[qr rd ra] err:[<nil>] duration:[99.102978ms]
2025/05/21 00:45:39 worker:[0] reqid:[51808] qname:[googleusercontent.com.] qtype:[A] respid:[51808] rcode:[NOERROR] respflags:[qr rd ra] err:[<nil>] duration:[322.797284ms]
2025/05/21 00:45:39 worker:[0] reqid:[53723] qname:[facebook.com.] qtype:[A] respid:[53723] rcode:[NOERROR] respflags:[qr rd ra] err:[<nil>] duration:[102.89958ms]
2025/05/21 00:45:39 worker:[0] reqid:[52528] qname:[instagram.com.] qtype:[A] respid:[52528] rcode:[NOERROR] respflags:[qr rd ra] err:[<nil>] duration:[318.459895ms]
2025/05/21 00:45:39 worker:[0] reqid:[30701] qname:[wikipedia.org.] qtype:[A] respid:[30701] rcode:[NOERROR] respflags:[qr rd ra] err:[<nil>] duration:[103.060804ms]
2025/05/21 00:45:39 worker:[0] reqid:[30378] qname:[x.com.] qtype:[A] respid:[30378] rcode:[NOERROR] respflags:[qr rd ra] err:[<nil>] duration:[100.172165ms]
2025/05/21 00:45:39 worker:[0] reqid:[47497] qname:[amazon.com.] qtype:[A] respid:[47497] rcode:[NOERROR] respflags:[qr rd ra] err:[<nil>] duration:[88.826374ms]
2025/05/21 00:45:40 worker:[0] reqid:[49049] qname:[tiktok.com.] qtype:[A] respid:[49049] rcode:[NOERROR] respflags:[qr rd ra] err:[<nil>] duration:[90.779274ms]
2025/05/21 00:45:40 worker:[0] reqid:[49218] qname:[whatsapp.com.] qtype:[A] respid:[49218] rcode:[NOERROR] respflags:[qr rd ra] err:[<nil>] duration:[88.644267ms]
2025/05/21 00:45:40 worker:[0] reqid:[20766] qname:[yahoo.com.] qtype:[A] respid:[20766] rcode:[NOERROR] respflags:[qr rd ra] err:[<nil>] duration:[88.79984ms]
2025/05/21 00:45:40 worker:[0] reqid:[52279] qname:[google.com.] qtype:[A] respid:[52279] rcode:[NOERROR] respflags:[qr rd ra] err:[<nil>] duration:[84.85997ms]
2025/05/21 00:45:40 worker:[0] reqid:[26894] qname:[googleusercontent.com.] qtype:[A] respid:[26894] rcode:[NOERROR] respflags:[qr rd ra] err:[<nil>] duration:[90.517992ms]
2025/05/21 00:45:40 worker:[0] reqid:[6115] qname:[facebook.com.] qtype:[A] respid:[6115] rcode:[NOERROR] respflags:[qr rd ra] err:[<nil>] duration:[292.297304ms]
2025/05/21 00:45:40 worker:[0] reqid:[10347] qname:[instagram.com.] qtype:[A] respid:[10347] rcode:[NOERROR] respflags:[qr rd ra] err:[<nil>] duration:[79.257028ms]
2025/05/21 00:45:41 worker:[0] reqid:[36205] qname:[wikipedia.org.] qtype:[A] respid:[36205] rcode:[NOERROR] respflags:[qr rd ra] err:[<nil>] duration:[293.752829ms]
2025/05/21 00:45:41 worker:[0] reqid:[54149] qname:[x.com.] qtype:[A] respid:[54149] rcode:[NOERROR] respflags:[qr rd ra] err:[<nil>] duration:[83.592347ms]
2025/05/21 00:45:41 worker:[0] reqid:[339] qname:[amazon.com.] qtype:[A] respid:[339] rcode:[NOERROR] respflags:[qr rd ra] err:[<nil>] duration:[90.890459ms]
2025/05/21 00:45:41 worker:[0] reqid:[2929] qname:[tiktok.com.] qtype:[A] respid:[2929] rcode:[NOERROR] respflags:[qr rd ra] err:[<nil>] duration:[96.013886ms]
2025/05/21 00:45:41 worker:[0] reqid:[40616] qname:[whatsapp.com.] qtype:[A] respid:[40616] rcode:[NOERROR] respflags:[qr rd ra] err:[<nil>] duration:[85.884701ms]
2025/05/21 00:45:41 worker:[0] reqid:[50014] qname:[yahoo.com.] qtype:[A] respid:[50014] rcode:[NOERROR] respflags:[qr rd ra] err:[<nil>] duration:[84.14755ms]
2025/05/21 00:45:41 worker:[0] reqid:[50026] qname:[google.com.] qtype:[A] respid:[50026] rcode:[NOERROR] respflags:[qr rd ra] err:[<nil>] duration:[85.6723ms]
2025/05/21 00:45:41 worker:[0] reqid:[41179] qname:[googleusercontent.com.] qtype:[A] respid:[41179] rcode:[NOERROR] respflags:[qr rd ra] err:[<nil>] duration:[100.494177ms]
2025/05/21 00:45:41 worker:[0] reqid:[21058] qname:[facebook.com.] qtype:[A] respid:[21058] rcode:[NOERROR] respflags:[qr rd ra] err:[<nil>] duration:[285.504536ms]
2025/05/21 00:45:42 worker:[0] reqid:[15860] qname:[instagram.com.] qtype:[A] respid:[15860] rcode:[NOERROR] respflags:[qr rd ra] err:[<nil>] duration:[80.161665ms]
2025/05/21 00:45:42 worker:[0] reqid:[10407] qname:[wikipedia.org.] qtype:[A] respid:[10407] rcode:[NOERROR] respflags:[qr rd ra] err:[<nil>] duration:[78.768623ms]
2025/05/21 00:45:42 worker:[0] reqid:[17718] qname:[x.com.] qtype:[A] respid:[17718] rcode:[NOERROR] respflags:[qr rd ra] err:[<nil>] duration:[292.409483ms]
2025/05/21 00:45:42 worker:[0] reqid:[44792] qname:[amazon.com.] qtype:[A] respid:[44792] rcode:[NOERROR] respflags:[qr rd ra] err:[<nil>] duration:[82.214185ms]
2025/05/21 00:45:42 worker:[0] reqid:[62652] qname:[tiktok.com.] qtype:[A] respid:[62652] rcode:[NOERROR] respflags:[qr rd ra] err:[<nil>] duration:[84.9619ms]
2025/05/21 00:45:42 worker:[0] reqid:[26858] qname:[whatsapp.com.] qtype:[A] respid:[26858] rcode:[NOERROR] respflags:[qr rd ra] err:[<nil>] duration:[84.02033ms]
2025/05/21 00:45:42 worker:[0] reqid:[22882] qname:[yahoo.com.] qtype:[A] respid:[22882] rcode:[NOERROR] respflags:[qr rd ra] err:[<nil>] duration:[284.537019ms]
2025/05/21 00:45:43 worker:[0] reqid:[33919] qname:[google.com.] qtype:[A] respid:[33919] rcode:[NOERROR] respflags:[qr rd ra] err:[<nil>] duration:[82.473812ms]
2025/05/21 00:45:43 worker:[0] reqid:[29050] qname:[googleusercontent.com.] qtype:[A] respid:[29050] rcode:[NOERROR] respflags:[qr rd ra] err:[<nil>] duration:[84.622952ms]
2025/05/21 00:45:43 worker:[0] reqid:[8745] qname:[facebook.com.] qtype:[A] respid:[8745] rcode:[NOERROR] respflags:[qr rd ra] err:[<nil>] duration:[78.939922ms]
2025/05/21 00:45:43 worker:[0] reqid:[4672] qname:[instagram.com.] qtype:[A] respid:[4672] rcode:[NOERROR] respflags:[qr rd ra] err:[<nil>] duration:[79.590911ms]
2025/05/21 00:45:43 worker:[0] reqid:[9529] qname:[wikipedia.org.] qtype:[A] respid:[9529] rcode:[NOERROR] respflags:[qr rd ra] err:[<nil>] duration:[287.060069ms]
2025/05/21 00:45:43 worker:[0] reqid:[3367] qname:[x.com.] qtype:[A] respid:[3367] rcode:[NOERROR] respflags:[qr rd ra] err:[<nil>] duration:[85.778613ms]
2025/05/21 00:45:43 worker:[0] reqid:[65280] qname:[amazon.com.] qtype:[A] respid:[65280] rcode:[NOERROR] respflags:[qr rd ra] err:[<nil>] duration:[87.646429ms]
2025/05/21 00:45:43 worker:[0] reqid:[960] qname:[tiktok.com.] qtype:[A] respid:[960] rcode:[NOERROR] respflags:[qr rd ra] err:[<nil>] duration:[80.142055ms]
2025/05/21 00:45:43 worker:[0] reqid:[24411] qname:[whatsapp.com.] qtype:[A] respid:[24411] rcode:[NOERROR] respflags:[qr rd ra] err:[<nil>] duration:[80.134079ms]
2025/05/21 00:45:44 worker:[0] reqid:[271] qname:[yahoo.com.] qtype:[A] respid:[271] rcode:[NOERROR] respflags:[qr rd ra] err:[<nil>] duration:[85.030579ms]
2025/05/21 00:45:44 worker:[0] reqid:[5439] qname:[google.com.] qtype:[A] respid:[5439] rcode:[NOERROR] respflags:[qr rd ra] err:[<nil>] duration:[90.174743ms]
2025/05/21 00:45:44 worker:[0] reqid:[49938] qname:[googleusercontent.com.] qtype:[A] respid:[49938] rcode:[NOERROR] respflags:[qr rd ra] err:[<nil>] duration:[301.064539ms]
2025/05/21 00:45:44 worker:[0] reqid:[11245] qname:[facebook.com.] qtype:[A] respid:[11245] rcode:[NOERROR] respflags:[qr rd ra] err:[<nil>] duration:[89.921344ms]
2025/05/21 00:45:44 worker:[0] reqid:[45074] qname:[instagram.com.] qtype:[A] respid:[45074] rcode:[NOERROR] respflags:[qr rd ra] err:[<nil>] duration:[82.569956ms]
2025/05/21 00:45:44 worker:[0] reqid:[3352] qname:[wikipedia.org.] qtype:[A] respid:[3352] rcode:[NOERROR] respflags:[qr rd ra] err:[<nil>] duration:[287.733481ms]
2025/05/21 00:45:44 worker:[0] reqid:[32469] qname:[x.com.] qtype:[A] respid:[32469] rcode:[NOERROR] respflags:[qr rd ra] err:[<nil>] duration:[89.839307ms]
2025/05/21 00:45:45 worker:[0] reqid:[22993] qname:[amazon.com.] qtype:[A] respid:[22993] rcode:[NOERROR] respflags:[qr rd ra] err:[<nil>] duration:[80.730385ms]
2025/05/21 00:45:45 worker:[0] reqid:[29881] qname:[tiktok.com.] qtype:[A] respid:[29881] rcode:[NOERROR] respflags:[qr rd ra] err:[<nil>] duration:[79.028517ms]
2025/05/21 00:45:45 worker:[0] reqid:[28840] qname:[whatsapp.com.] qtype:[A] respid:[28840] rcode:[NOERROR] respflags:[qr rd ra] err:[<nil>] duration:[709.218686ms]
2025/05/21 00:45:48 worker:[0] reqid:[634] qname:[yahoo.com.] qtype:[A] respid:[634] rcode:[NOERROR] respflags:[qr rd ra] err:[<nil>] duration:[2.612103442s]
2025/05/21 00:45:48 worker:[0] reqid:[58070] qname:[google.com.] qtype:[A] respid:[58070] rcode:[NOERROR] respflags:[qr rd ra] err:[<nil>] duration:[94.948517ms]
2025/05/21 00:45:48 worker:[0] reqid:[50604] qname:[googleusercontent.com.] qtype:[A] respid:[50604] rcode:[NOERROR] respflags:[qr rd ra] err:[<nil>] duration:[87.590243ms]
2025/05/21 00:45:48 worker:[0] reqid:[35409] qname:[facebook.com.] qtype:[A] respid:[35409] rcode:[NOERROR] respflags:[qr rd ra] err:[<nil>] duration:[91.122315ms]
2025/05/21 00:45:48 worker:[0] reqid:[6664] qname:[instagram.com.] qtype:[A] respid:[6664] rcode:[NOERROR] respflags:[qr rd ra] err:[<nil>] duration:[181.895948ms]
2025/05/21 00:45:48 worker:[0] reqid:[59905] qname:[wikipedia.org.] qtype:[A] respid:[59905] rcode:[NOERROR] respflags:[qr rd ra] err:[<nil>] duration:[95.230431ms]
2025/05/21 00:45:49 worker:[0] reqid:[27083] qname:[x.com.] qtype:[A] respid:[27083] rcode:[NOERROR] respflags:[qr rd ra] err:[<nil>] duration:[83.264757ms]
2025/05/21 00:45:49 worker:[0] reqid:[39502] qname:[amazon.com.] qtype:[A] respid:[39502] rcode:[NOERROR] respflags:[qr rd ra] err:[<nil>] duration:[84.225449ms]
2025/05/21 00:45:49 worker:[0] reqid:[33167] qname:[tiktok.com.] qtype:[A] respid:[33167] rcode:[NOERROR] respflags:[qr rd ra] err:[<nil>] duration:[292.561164ms]
2025/05/21 00:45:49 worker:[0] reqid:[11863] qname:[whatsapp.com.] qtype:[A] respid:[11863] rcode:[NOERROR] respflags:[qr rd ra] err:[<nil>] duration:[500.175409ms]
2025/05/21 00:45:50 worker:[0] reqid:[19080] qname:[yahoo.com.] qtype:[A] respid:[19080] rcode:[NOERROR] respflags:[qr rd ra] err:[<nil>] duration:[80.509369ms]
2025/05/21 00:45:50 worker:[0] reqid:[12187] qname:[google.com.] qtype:[A] respid:[12187] rcode:[NOERROR] respflags:[qr rd ra] err:[<nil>] duration:[78.282163ms]
2025/05/21 00:45:50 worker:[0] reqid:[60804] qname:[googleusercontent.com.] qtype:[A] respid:[60804] rcode:[NOERROR] respflags:[qr rd ra] err:[<nil>] duration:[82.964992ms]
2025/05/21 00:45:50 worker:[0] reqid:[2613] qname:[facebook.com.] qtype:[A] respid:[2613] rcode:[NOERROR] respflags:[qr rd ra] err:[<nil>] duration:[106.078382ms]
2025/05/21 00:45:50 worker:[0] reqid:[11233] qname:[instagram.com.] qtype:[A] respid:[11233] rcode:[NOERROR] respflags:[qr rd ra] err:[<nil>] duration:[78.378529ms]
2025/05/21 00:45:50 worker:[0] reqid:[18940] qname:[wikipedia.org.] qtype:[A] respid:[18940] rcode:[NOERROR] respflags:[qr rd ra] err:[<nil>] duration:[311.527664ms]
2025/05/21 00:45:50 worker:[0] reqid:[30494] qname:[x.com.] qtype:[A] respid:[30494] rcode:[NOERROR] respflags:[qr rd ra] err:[<nil>] duration:[87.508688ms]
2025/05/21 00:45:50 worker:[0] reqid:[27037] qname:[amazon.com.] qtype:[A] respid:[27037] rcode:[NOERROR] respflags:[qr rd ra] err:[<nil>] duration:[79.498099ms]
2025/05/21 00:45:50 worker:[0] reqid:[3595] qname:[tiktok.com.] qtype:[A] respid:[3595] rcode:[NOERROR] respflags:[qr rd ra] err:[<nil>] duration:[79.157029ms]
2025/05/21 00:45:51 worker:[0] reqid:[6598] qname:[whatsapp.com.] qtype:[A] respid:[6598] rcode:[NOERROR] respflags:[qr rd ra] err:[<nil>] duration:[79.552669ms]
2025/05/21 00:45:51 worker:[0] reqid:[23433] qname:[yahoo.com.] qtype:[A] respid:[23433] rcode:[NOERROR] respflags:[qr rd ra] err:[<nil>] duration:[86.124269ms]
2025/05/21 00:45:51 worker:[0] reqid:[21624] qname:[google.com.] qtype:[A] respid:[21624] rcode:[NOERROR] respflags:[qr rd ra] err:[<nil>] duration:[92.278029ms]
2025/05/21 00:45:51 worker:[0] reqid:[34121] qname:[googleusercontent.com.] qtype:[A] respid:[34121] rcode:[NOERROR] respflags:[qr rd ra] err:[<nil>] duration:[83.095292ms]
2025/05/21 00:45:51 worker:[0] reqid:[47532] qname:[facebook.com.] qtype:[A] respid:[47532] rcode:[NOERROR] respflags:[qr rd ra] err:[<nil>] duration:[96.018083ms]
2025/05/21 00:45:51 worker:[0] reqid:[46084] qname:[instagram.com.] qtype:[A] respid:[46084] rcode:[NOERROR] respflags:[qr rd ra] err:[<nil>] duration:[96.790422ms]
2025/05/21 00:45:51 worker:[0] reqid:[3076] qname:[wikipedia.org.] qtype:[A] respid:[3076] rcode:[NOERROR] respflags:[qr rd ra] err:[<nil>] duration:[93.332762ms]
2025/05/21 00:45:51 worker:[0] reqid:[1898] qname:[x.com.] qtype:[A] respid:[1898] rcode:[NOERROR] respflags:[qr rd ra] err:[<nil>] duration:[305.840384ms]
2025/05/21 00:45:51 worker:[0] reqid:[28463] qname:[amazon.com.] qtype:[A] respid:[28463] rcode:[NOERROR] respflags:[qr rd ra] err:[<nil>] duration:[100.455795ms]
2025/05/21 00:45:52 worker:[0] reqid:[1566] qname:[tiktok.com.] qtype:[A] respid:[1566] rcode:[NOERROR] respflags:[qr rd ra] err:[<nil>] duration:[98.795827ms]
2025/05/21 00:45:52 worker:[0] reqid:[57594] qname:[whatsapp.com.] qtype:[A] respid:[57594] rcode:[NOERROR] respflags:[qr rd ra] err:[<nil>] duration:[308.949756ms]
2025/05/21 00:45:52 worker:[0] reqid:[22999] qname:[yahoo.com.] qtype:[A] respid:[22999] rcode:[NOERROR] respflags:[qr rd ra] err:[<nil>] duration:[103.782251ms]
2025/05/21 00:45:52 worker:[0] reqid:[27616] qname:[google.com.] qtype:[A] respid:[27616] rcode:[NOERROR] respflags:[qr rd ra] err:[<nil>] duration:[100.3576ms]
2025/05/21 00:45:52 worker:[0] reqid:[13651] qname:[googleusercontent.com.] qtype:[A] respid:[13651] rcode:[NOERROR] respflags:[qr rd ra] err:[<nil>] duration:[94.389314ms]
2025/05/21 00:45:52 worker:[0] reqid:[10101] qname:[facebook.com.] qtype:[A] respid:[10101] rcode:[NOERROR] respflags:[qr rd ra] err:[<nil>] duration:[95.579835ms]
2025/05/21 00:45:52 worker:[0] reqid:[40804] qname:[instagram.com.] qtype:[A] respid:[40804] rcode:[NOERROR] respflags:[qr rd ra] err:[<nil>] duration:[88.770329ms]
2025/05/21 00:45:52 worker:[0] reqid:[17250] qname:[wikipedia.org.] qtype:[A] respid:[17250] rcode:[NOERROR] respflags:[qr rd ra] err:[<nil>] duration:[89.981142ms]
2025/05/21 00:45:53 worker:[0] reqid:[5410] qname:[x.com.] qtype:[A] respid:[5410] rcode:[NOERROR] respflags:[qr rd ra] err:[<nil>] duration:[85.449334ms]
2025/05/21 00:45:53 worker:[0] reqid:[37393] qname:[amazon.com.] qtype:[A] respid:[37393] rcode:[NOERROR] respflags:[qr rd ra] err:[<nil>] duration:[79.523743ms]
2025/05/21 00:45:53 worker:[0] reqid:[21479] qname:[tiktok.com.] qtype:[A] respid:[21479] rcode:[NOERROR] respflags:[qr rd ra] err:[<nil>] duration:[290.058843ms]
2025/05/21 00:45:53 worker:[0] reqid:[2480] qname:[whatsapp.com.] qtype:[A] respid:[2480] rcode:[NOERROR] respflags:[qr rd ra] err:[<nil>] duration:[514.910485ms]
2025/05/21 00:45:53 worker:[0] reqid:[22560] qname:[yahoo.com.] qtype:[A] respid:[22560] rcode:[NOERROR] respflags:[qr rd ra] err:[<nil>] duration:[77.872931ms]
2025/05/21 00:45:54 worker:[0] reqid:[132] qname:[google.com.] qtype:[A] respid:[132] rcode:[NOERROR] respflags:[qr rd ra] err:[<nil>] duration:[79.615832ms]
2025/05/21 00:45:54 worker:[0] reqid:[32855] qname:[googleusercontent.com.] qtype:[A] respid:[32855] rcode:[NOERROR] respflags:[qr rd ra] err:[<nil>] duration:[81.531776ms]
2025/05/21 00:45:54 worker:[0] reqid:[25336] qname:[facebook.com.] qtype:[A] respid:[25336] rcode:[NOERROR] respflags:[qr rd ra] err:[<nil>] duration:[128.883975ms]
2025/05/21 00:45:54 worker:[0] reqid:[29533] qname:[instagram.com.] qtype:[A] respid:[29533] rcode:[NOERROR] respflags:[qr rd ra] err:[<nil>] duration:[92.707316ms]
2025/05/21 00:45:54 worker:[0] reqid:[14817] qname:[wikipedia.org.] qtype:[A] respid:[14817] rcode:[NOERROR] respflags:[qr rd ra] err:[<nil>] duration:[293.554505ms]
2025/05/21 00:45:54 worker:[0] reqid:[51898] qname:[x.com.] qtype:[A] respid:[51898] rcode:[NOERROR] respflags:[qr rd ra] err:[<nil>] duration:[87.614846ms]
2025/05/21 00:45:54 worker:[0] reqid:[36081] qname:[amazon.com.] qtype:[A] respid:[36081] rcode:[NOERROR] respflags:[qr rd ra] err:[<nil>] duration:[86.575446ms]
2025/05/21 00:45:54 worker:[0] reqid:[18327] qname:[tiktok.com.] qtype:[A] respid:[18327] rcode:[NOERROR] respflags:[qr rd ra] err:[<nil>] duration:[79.243309ms]
2025/05/21 00:45:55 worker:[0] reqid:[54831] qname:[whatsapp.com.] qtype:[A] respid:[54831] rcode:[NOERROR] respflags:[qr rd ra] err:[<nil>] duration:[79.910809ms]
2025/05/21 00:45:55 worker:[0] reqid:[32600] qname:[yahoo.com.] qtype:[A] respid:[32600] rcode:[NOERROR] respflags:[qr rd ra] err:[<nil>] duration:[291.948476ms]
2025/05/21 00:45:55 worker:[0] reqid:[37782] qname:[google.com.] qtype:[A] respid:[37782] rcode:[NOERROR] respflags:[qr rd ra] err:[<nil>] duration:[500.206205ms]
2025/05/21 00:45:55 worker:[0] reqid:[36398] qname:[googleusercontent.com.] qtype:[A] respid:[36398] rcode:[NOERROR] respflags:[qr rd ra] err:[<nil>] duration:[80.139424ms]
2025/05/21 00:45:56 worker:[0] reqid:[52176] qname:[facebook.com.] qtype:[A] respid:[52176] rcode:[NOERROR] respflags:[qr rd ra] err:[<nil>] duration:[720.708512ms]
2025/05/21 00:45:56 worker:[0] reqid:[52992] qname:[instagram.com.] qtype:[A] respid:[52992] rcode:[NOERROR] respflags:[qr rd ra] err:[<nil>] duration:[78.880322ms]
2025/05/21 00:45:56 worker:[0] reqid:[60489] qname:[wikipedia.org.] qtype:[A] respid:[60489] rcode:[NOERROR] respflags:[qr rd ra] err:[<nil>] duration:[85.812069ms]
2025/05/21 00:45:56 worker:[0] reqid:[3319] qname:[x.com.] qtype:[A] respid:[3319] rcode:[NOERROR] respflags:[qr rd ra] err:[<nil>] duration:[86.314194ms]
2025/05/21 00:45:56 worker:[0] reqid:[61727] qname:[amazon.com.] qtype:[A] respid:[61727] rcode:[NOERROR] respflags:[qr rd ra] err:[<nil>] duration:[80.181374ms]
2025/05/21 00:45:57 worker:[0] reqid:[15483] qname:[tiktok.com.] qtype:[A] respid:[15483] rcode:[NOERROR] respflags:[qr rd ra] err:[<nil>] duration:[85.509909ms]
2025/05/21 00:45:57 worker:[0] reqid:[41724] qname:[whatsapp.com.] qtype:[A] respid:[41724] rcode:[NOERROR] respflags:[qr rd ra] err:[<nil>] duration:[81.029456ms]
2025/05/21 00:45:57 worker:[0] reqid:[35772] qname:[yahoo.com.] qtype:[A] respid:[35772] rcode:[NOERROR] respflags:[qr rd ra] err:[<nil>] duration:[79.174522ms]
2025/05/21 00:45:57 worker:[0] reqid:[13417] qname:[google.com.] qtype:[A] respid:[13417] rcode:[NOERROR] respflags:[qr rd ra] err:[<nil>] duration:[78.716338ms]
2025/05/21 00:45:57 worker:[0] reqid:[37889] qname:[googleusercontent.com.] qtype:[A] respid:[37889] rcode:[NOERROR] respflags:[qr rd ra] err:[<nil>] duration:[79.681838ms]
2025/05/21 00:45:57 worker:[0] reqid:[31615] qname:[facebook.com.] qtype:[A] respid:[31615] rcode:[NOERROR] respflags:[qr rd ra] err:[<nil>] duration:[81.106558ms]
2025/05/21 00:45:57 worker:[0] reqid:[5084] qname:[instagram.com.] qtype:[A] respid:[5084] rcode:[NOERROR] respflags:[qr rd ra] err:[<nil>] duration:[303.822412ms]
2025/05/21 00:45:57 worker:[0] reqid:[48783] qname:[wikipedia.org.] qtype:[A] respid:[48783] rcode:[NOERROR] respflags:[qr rd ra] err:[<nil>] duration:[87.766048ms]
2025/05/21 00:45:57 worker:[0] reqid:[48678] qname:[x.com.] qtype:[A] respid:[48678] rcode:[NOERROR] respflags:[qr rd ra] err:[<nil>] duration:[82.058331ms]
2025/05/21 00:45:57 worker:[0] reqid:[1126] qname:[amazon.com.] qtype:[A] respid:[1126] rcode:[NOERROR] respflags:[qr rd ra] err:[<nil>] duration:[79.304876ms]
2025/05/21 00:45:58 worker:[0] reqid:[61836] qname:[tiktok.com.] qtype:[A] respid:[61836] rcode:[NOERROR] respflags:[qr rd ra] err:[<nil>] duration:[82.193264ms]
2025/05/21 00:45:58 worker:[0] reqid:[59858] qname:[whatsapp.com.] qtype:[A] respid:[59858] rcode:[NOERROR] respflags:[qr rd ra] err:[<nil>] duration:[286.533268ms]
2025/05/21 00:45:58 worker:[0] reqid:[1457] qname:[yahoo.com.] qtype:[A] respid:[1457] rcode:[NOERROR] respflags:[qr rd ra] err:[<nil>] duration:[80.192133ms]
2025/05/21 00:45:58 worker:[0] reqid:[11021] qname:[google.com.] qtype:[A] respid:[11021] rcode:[NOERROR] respflags:[qr rd ra] err:[<nil>] duration:[82.510648ms]
2025/05/21 00:45:58 worker:[0] reqid:[29031] qname:[googleusercontent.com.] qtype:[A] respid:[29031] rcode:[NOERROR] respflags:[qr rd ra] err:[<nil>] duration:[81.493392ms]
2025/05/21 00:45:58 worker:[0] reqid:[39283] qname:[facebook.com.] qtype:[A] respid:[39283] rcode:[NOERROR] respflags:[qr rd ra] err:[<nil>] duration:[285.343363ms]
2025/05/21 00:45:58 worker:[0] reqid:[18256] qname:[instagram.com.] qtype:[A] respid:[18256] rcode:[NOERROR] respflags:[qr rd ra] err:[<nil>] duration:[79.251289ms]
2025/05/21 00:45:59 worker:[0] reqid:[61572] qname:[wikipedia.org.] qtype:[A] respid:[61572] rcode:[NOERROR] respflags:[qr rd ra] err:[<nil>] duration:[78.909095ms]
2025/05/21 00:45:59 worker:[0] reqid:[32996] qname:[x.com.] qtype:[A] respid:[32996] rcode:[NOERROR] respflags:[qr rd ra] err:[<nil>] duration:[81.355245ms]
2025/05/21 00:45:59 worker:[0] reqid:[29543] qname:[amazon.com.] qtype:[A] respid:[29543] rcode:[NOERROR] respflags:[qr rd ra] err:[<nil>] duration:[305.598265ms]
2025/05/21 00:46:00 worker:[0] reqid:[32110] qname:[tiktok.com.] qtype:[A] respid:[32110] rcode:[NOERROR] respflags:[qr rd ra] err:[<nil>] duration:[1.342789749s]
2025/05/21 00:46:00 worker:[0] reqid:[3016] qname:[whatsapp.com.] qtype:[A] respid:[3016] rcode:[NOERROR] respflags:[qr rd ra] err:[<nil>] duration:[80.483193ms]
2025/05/21 00:46:00 worker:[0] reqid:[19655] qname:[yahoo.com.] qtype:[A] respid:[19655] rcode:[NOERROR] respflags:[qr rd ra] err:[<nil>] duration:[84.217234ms]
2025/05/21 00:46:01 worker:[0] reqid:[51933] qname:[google.com.] qtype:[A] respid:[51933] rcode:[NOERROR] respflags:[qr rd ra] err:[<nil>] duration:[79.585702ms]
2025/05/21 00:46:01 worker:[0] reqid:[62434] qname:[googleusercontent.com.] qtype:[A] respid:[62434] rcode:[NOERROR] respflags:[qr rd ra] err:[<nil>] duration:[84.027077ms]
2025/05/21 00:46:01 worker:[0] reqid:[51678] qname:[facebook.com.] qtype:[A] respid:[51678] rcode:[NOERROR] respflags:[qr rd ra] err:[<nil>] duration:[81.522282ms]
2025/05/21 00:46:01 worker:[0] reqid:[47272] qname:[instagram.com.] qtype:[A] respid:[47272] rcode:[NOERROR] respflags:[qr rd ra] err:[<nil>] duration:[87.367801ms]
2025/05/21 00:46:01 worker:[0] reqid:[60170] qname:[wikipedia.org.] qtype:[A] respid:[60170] rcode:[NOERROR] respflags:[qr rd ra] err:[<nil>] duration:[86.16864ms]
2025/05/21 00:46:01 worker:[0] reqid:[23953] qname:[x.com.] qtype:[A] respid:[23953] rcode:[NOERROR] respflags:[qr rd ra] err:[<nil>] duration:[93.337642ms]
2025/05/21 00:46:01 worker:[0] reqid:[22470] qname:[amazon.com.] qtype:[A] respid:[22470] rcode:[NOERROR] respflags:[qr rd ra] err:[<nil>] duration:[95.002274ms]
2025/05/21 00:46:01 worker:[0] reqid:[8962] qname:[tiktok.com.] qtype:[A] respid:[8962] rcode:[NOERROR] respflags:[qr rd ra] err:[<nil>] duration:[302.875291ms]
2025/05/21 00:46:01 worker:[0] reqid:[22788] qname:[whatsapp.com.] qtype:[A] respid:[22788] rcode:[NOERROR] respflags:[qr rd ra] err:[<nil>] duration:[90.046628ms]
2025/05/21 00:46:02 worker:[0] reqid:[38324] qname:[yahoo.com.] qtype:[A] respid:[38324] rcode:[NOERROR] respflags:[qr rd ra] err:[<nil>] duration:[103.175084ms]
2025/05/21 00:46:02 worker:[0] reqid:[41645] qname:[google.com.] qtype:[A] respid:[41645] rcode:[NOERROR] respflags:[qr rd ra] err:[<nil>] duration:[90.361928ms]
2025/05/21 00:46:02 worker:[0] reqid:[26830] qname:[googleusercontent.com.] qtype:[A] respid:[26830] rcode:[NOERROR] respflags:[qr rd ra] err:[<nil>] duration:[104.093096ms]
2025/05/21 00:46:02 worker:[0] reqid:[43483] qname:[facebook.com.] qtype:[A] respid:[43483] rcode:[NOERROR] respflags:[qr rd ra] err:[<nil>] duration:[302.519968ms]
2025/05/21 00:46:02 worker:[0] reqid:[19583] qname:[instagram.com.] qtype:[A] respid:[19583] rcode:[NOERROR] respflags:[qr rd ra] err:[<nil>] duration:[89.514176ms]
2025/05/21 00:46:02 worker:[0] reqid:[38727] qname:[wikipedia.org.] qtype:[A] respid:[38727] rcode:[NOERROR] respflags:[qr rd ra] err:[<nil>] duration:[87.652473ms]
2025/05/21 00:46:02 worker:[0] reqid:[9172] qname:[x.com.] qtype:[A] respid:[9172] rcode:[NOERROR] respflags:[qr rd ra] err:[<nil>] duration:[285.939772ms]
2025/05/21 00:46:03 worker:[0] reqid:[59374] qname:[amazon.com.] qtype:[A] respid:[59374] rcode:[NOERROR] respflags:[qr rd ra] err:[<nil>] duration:[85.766277ms]
2025/05/21 00:46:03 worker:[0] reqid:[32649] qname:[tiktok.com.] qtype:[A] respid:[32649] rcode:[NOERROR] respflags:[qr rd ra] err:[<nil>] duration:[81.589448ms]
2025/05/21 00:46:03 worker:[0] reqid:[57131] qname:[whatsapp.com.] qtype:[A] respid:[57131] rcode:[NOERROR] respflags:[qr rd ra] err:[<nil>] duration:[81.243292ms]
2025/05/21 00:46:03 worker:[0] reqid:[40546] qname:[yahoo.com.] qtype:[A] respid:[40546] rcode:[NOERROR] respflags:[qr rd ra] err:[<nil>] duration:[79.929051ms]
2025/05/21 00:46:03 worker:[0] reqid:[58742] qname:[google.com.] qtype:[A] respid:[58742] rcode:[NOERROR] respflags:[qr rd ra] err:[<nil>] duration:[83.256435ms]
2025/05/21 00:46:03 worker:[0] reqid:[31222] qname:[googleusercontent.com.] qtype:[A] respid:[31222] rcode:[NOERROR] respflags:[qr rd ra] err:[<nil>] duration:[79.474602ms]
2025/05/21 00:46:03 worker:[0] reqid:[7118] qname:[facebook.com.] qtype:[A] respid:[7118] rcode:[NOERROR] respflags:[qr rd ra] err:[<nil>] duration:[287.226427ms]
2025/05/21 00:46:05 worker:[0] reqid:[43554] qname:[instagram.com.] qtype:[A] respid:[43554] rcode:[NOERROR] respflags:[qr rd ra] err:[<nil>] duration:[1.350875282s]
2025/05/21 00:46:05 worker:[0] reqid:[31930] qname:[wikipedia.org.] qtype:[A] respid:[31930] rcode:[NOERROR] respflags:[qr rd ra] err:[<nil>] duration:[84.424255ms]
2025/05/21 00:46:05 worker:[0] reqid:[19760] qname:[x.com.] qtype:[A] respid:[19760] rcode:[NOERROR] respflags:[qr rd ra] err:[<nil>] duration:[79.742904ms]
2025/05/21 00:46:05 worker:[0] reqid:[1026] qname:[amazon.com.] qtype:[A] respid:[1026] rcode:[NOERROR] respflags:[qr rd ra] err:[<nil>] duration:[84.60956ms]
2025/05/21 00:46:05 worker:[0] reqid:[24165] qname:[tiktok.com.] qtype:[A] respid:[24165] rcode:[NOERROR] respflags:[qr rd ra] err:[<nil>] duration:[82.26451ms]
2025/05/21 00:46:05 worker:[0] reqid:[51769] qname:[whatsapp.com.] qtype:[A] respid:[51769] rcode:[NOERROR] respflags:[qr rd ra] err:[<nil>] duration:[80.263593ms]
2025/05/21 00:46:05 worker:[0] reqid:[2883] qname:[yahoo.com.] qtype:[A] respid:[2883] rcode:[NOERROR] respflags:[qr rd ra] err:[<nil>] duration:[80.98942ms]
2025/05/21 00:46:05 worker:[0] reqid:[53903] qname:[google.com.] qtype:[A] respid:[53903] rcode:[NOERROR] respflags:[qr rd ra] err:[<nil>] duration:[80.823678ms]
2025/05/21 00:46:05 worker:[0] reqid:[61514] qname:[googleusercontent.com.] qtype:[A] respid:[61514] rcode:[NOERROR] respflags:[qr rd ra] err:[<nil>] duration:[80.365717ms]
2025/05/21 00:46:06 worker:[0] reqid:[16091] qname:[facebook.com.] qtype:[A] respid:[16091] rcode:[NOERROR] respflags:[qr rd ra] err:[<nil>] duration:[306.42677ms]
2025/05/21 00:46:06 worker:[0] reqid:[49379] qname:[instagram.com.] qtype:[A] respid:[49379] rcode:[NOERROR] respflags:[qr rd ra] err:[<nil>] duration:[91.635418ms]
2025/05/21 00:46:06 worker:[0] reqid:[53717] qname:[wikipedia.org.] qtype:[A] respid:[53717] rcode:[NOERROR] respflags:[qr rd ra] err:[<nil>] duration:[84.346205ms]
2025/05/21 00:46:06 worker:[0] reqid:[58954] qname:[x.com.] qtype:[A] respid:[58954] rcode:[NOERROR] respflags:[qr rd ra] err:[<nil>] duration:[89.35972ms]
2025/05/21 00:46:06 worker:[0] reqid:[29286] qname:[amazon.com.] qtype:[A] respid:[29286] rcode:[NOERROR] respflags:[qr rd ra] err:[<nil>] duration:[83.330299ms]
2025/05/21 00:46:06 worker:[0] reqid:[14713] qname:[tiktok.com.] qtype:[A] respid:[14713] rcode:[NOERROR] respflags:[qr rd ra] err:[<nil>] duration:[86.686338ms]
2025/05/21 00:46:06 worker:[0] reqid:[14571] qname:[whatsapp.com.] qtype:[A] respid:[14571] rcode:[NOERROR] respflags:[qr rd ra] err:[<nil>] duration:[84.676667ms]
2025/05/21 00:46:06 worker:[0] reqid:[3765] qname:[yahoo.com.] qtype:[A] respid:[3765] rcode:[NOERROR] respflags:[qr rd ra] err:[<nil>] duration:[292.794597ms]
2025/05/21 00:46:06 worker:[0] reqid:[48875] qname:[google.com.] qtype:[A] respid:[48875] rcode:[NOERROR] respflags:[qr rd ra] err:[<nil>] duration:[79.130213ms]
2025/05/21 00:46:07 worker:[0] reqid:[58665] qname:[googleusercontent.com.] qtype:[A] respid:[58665] rcode:[NOERROR] respflags:[qr rd ra] err:[<nil>] duration:[87.526709ms]
2025/05/21 00:46:07 worker:[0] reqid:[55702] qname:[facebook.com.] qtype:[A] respid:[55702] rcode:[NOERROR] respflags:[qr rd ra] err:[<nil>] duration:[84.979214ms]
2025/05/21 00:46:07 worker:[0] reqid:[35876] qname:[instagram.com.] qtype:[A] respid:[35876] rcode:[NOERROR] respflags:[qr rd ra] err:[<nil>] duration:[79.473463ms]
2025/05/21 00:46:07 worker:[0] reqid:[58403] qname:[wikipedia.org.] qtype:[A] respid:[58403] rcode:[NOERROR] respflags:[qr rd ra] err:[<nil>] duration:[81.620479ms]
2025/05/21 00:46:07 worker:[0] reqid:[33279] qname:[x.com.] qtype:[A] respid:[33279] rcode:[NOERROR] respflags:[qr rd ra] err:[<nil>] duration:[86.371589ms]
2025/05/21 00:46:07 worker:[0] reqid:[24879] qname:[amazon.com.] qtype:[A] respid:[24879] rcode:[NOERROR] respflags:[qr rd ra] err:[<nil>] duration:[80.277517ms]
2025/05/21 00:46:07 worker:[0] reqid:[2643] qname:[tiktok.com.] qtype:[A] respid:[2643] rcode:[NOERROR] respflags:[qr rd ra] err:[<nil>] duration:[299.67855ms]
2025/05/21 00:46:10 worker:[0] reqid:[60901] qname:[whatsapp.com.] qtype:[A] respid:[60901] rcode:[NOERROR] respflags:[qr rd ra] err:[<nil>] duration:[2.99816245s]
2025/05/21 00:46:10 worker:[0] reqid:[44981] qname:[yahoo.com.] qtype:[A] respid:[44981] rcode:[NOERROR] respflags:[qr rd ra] err:[<nil>] duration:[79.25983ms]
2025/05/21 00:46:10 worker:[0] reqid:[42158] qname:[google.com.] qtype:[A] respid:[42158] rcode:[NOERROR] respflags:[qr rd ra] err:[<nil>] duration:[79.033403ms]
2025/05/21 00:46:11 worker:[0] reqid:[19156] qname:[googleusercontent.com.] qtype:[A] respid:[19156] rcode:[NOERROR] respflags:[qr rd ra] err:[<nil>] duration:[80.2153ms]
2025/05/21 00:46:11 worker:[0] reqid:[46831] qname:[facebook.com.] qtype:[A] respid:[46831] rcode:[NOERROR] respflags:[qr rd ra] err:[<nil>] duration:[81.519175ms]
2025/05/21 00:46:11 worker:[0] reqid:[57876] qname:[instagram.com.] qtype:[A] respid:[57876] rcode:[NOERROR] respflags:[qr rd ra] err:[<nil>] duration:[83.365735ms]
2025/05/21 00:46:11 worker:[0] reqid:[41720] qname:[wikipedia.org.] qtype:[A] respid:[41720] rcode:[NOERROR] respflags:[qr rd ra] err:[<nil>] duration:[86.622772ms]
2025/05/21 00:46:11 worker:[0] reqid:[57322] qname:[x.com.] qtype:[A] respid:[57322] rcode:[NOERROR] respflags:[qr rd ra] err:[<nil>] duration:[79.980331ms]
2025/05/21 00:46:11 worker:[0] reqid:[40688] qname:[amazon.com.] qtype:[A] respid:[40688] rcode:[NOERROR] respflags:[qr rd ra] err:[<nil>] duration:[78.530018ms]
2025/05/21 00:46:11 worker:[0] reqid:[38841] qname:[tiktok.com.] qtype:[A] respid:[38841] rcode:[NOERROR] respflags:[qr rd ra] err:[<nil>] duration:[84.998691ms]
2025/05/21 00:46:11 worker:[0] reqid:[15258] qname:[whatsapp.com.] qtype:[A] respid:[15258] rcode:[NOERROR] respflags:[qr rd ra] err:[<nil>] duration:[80.106003ms]
2025/05/21 00:46:11 worker:[0] reqid:[55148] qname:[yahoo.com.] qtype:[A] respid:[55148] rcode:[NOERROR] respflags:[qr rd ra] err:[<nil>] duration:[78.600906ms]
2025/05/21 00:46:11 worker:[0] reqid:[12499] qname:[google.com.] qtype:[A] respid:[12499] rcode:[NOERROR] respflags:[qr rd ra] err:[<nil>] duration:[87.211416ms]
2025/05/21 00:46:11 worker:[0] reqid:[33587] qname:[googleusercontent.com.] qtype:[A] respid:[33587] rcode:[NOERROR] respflags:[qr rd ra] err:[<nil>] duration:[79.375208ms]
2025/05/21 00:46:11 worker:[0] reqid:[12990] qname:[facebook.com.] qtype:[A] respid:[12990] rcode:[NOERROR] respflags:[qr rd ra] err:[<nil>] duration:[84.432712ms]
2025/05/21 00:46:12 worker:[0] reqid:[39978] qname:[instagram.com.] qtype:[A] respid:[39978] rcode:[NOERROR] respflags:[qr rd ra] err:[<nil>] duration:[82.558189ms]
2025/05/21 00:46:12 worker:[0] reqid:[17063] qname:[wikipedia.org.] qtype:[A] respid:[17063] rcode:[NOERROR] respflags:[qr rd ra] err:[<nil>] duration:[80.238543ms]
2025/05/21 00:46:12 worker:[0] reqid:[14429] qname:[x.com.] qtype:[A] respid:[14429] rcode:[NOERROR] respflags:[qr rd ra] err:[<nil>] duration:[78.739967ms]
2025/05/21 00:46:12 worker:[0] reqid:[20718] qname:[amazon.com.] qtype:[A] respid:[20718] rcode:[NOERROR] respflags:[qr rd ra] err:[<nil>] duration:[78.807635ms]
2025/05/21 00:46:12 worker:[0] reqid:[17603] qname:[tiktok.com.] qtype:[A] respid:[17603] rcode:[NOERROR] respflags:[qr rd ra] err:[<nil>] duration:[80.128595ms]
2025/05/21 00:46:12 worker:[0] reqid:[23882] qname:[whatsapp.com.] qtype:[A] respid:[23882] rcode:[NOERROR] respflags:[qr rd ra] err:[<nil>] duration:[290.996787ms]
2025/05/21 00:46:12 worker:[0] reqid:[4857] qname:[yahoo.com.] qtype:[A] respid:[4857] rcode:[NOERROR] respflags:[qr rd ra] err:[<nil>] duration:[85.898645ms]
2025/05/21 00:46:13 worker:[0] reqid:[8743] qname:[google.com.] qtype:[A] respid:[8743] rcode:[NOERROR] respflags:[qr rd ra] err:[<nil>] duration:[306.79909ms]
2025/05/21 00:46:13 worker:[0] reqid:[45733] qname:[googleusercontent.com.] qtype:[A] respid:[45733] rcode:[NOERROR] respflags:[qr rd ra] err:[<nil>] duration:[116.608776ms]
2025/05/21 00:46:13 worker:[0] reqid:[42175] qname:[facebook.com.] qtype:[A] respid:[42175] rcode:[NOERROR] respflags:[qr rd ra] err:[<nil>] duration:[102.158928ms]
2025/05/21 00:46:13 worker:[0] reqid:[55210] qname:[instagram.com.] qtype:[A] respid:[55210] rcode:[NOERROR] respflags:[qr rd ra] err:[<nil>] duration:[109.612618ms]
2025/05/21 00:46:13 worker:[0] reqid:[13761] qname:[wikipedia.org.] qtype:[A] respid:[13761] rcode:[NOERROR] respflags:[qr rd ra] err:[<nil>] duration:[108.438154ms]
2025/05/21 00:46:13 worker:[0] reqid:[54542] qname:[x.com.] qtype:[A] respid:[54542] rcode:[NOERROR] respflags:[qr rd ra] err:[<nil>] duration:[105.248318ms]
2025/05/21 00:46:13 worker:[0] reqid:[14255] qname:[amazon.com.] qtype:[A] respid:[14255] rcode:[NOERROR] respflags:[qr rd ra] err:[<nil>] duration:[112.701996ms]
2025/05/21 00:46:13 worker:[0] reqid:[20143] qname:[tiktok.com.] qtype:[A] respid:[20143] rcode:[NOERROR] respflags:[qr rd ra] err:[<nil>] duration:[97.791108ms]
2025/05/21 00:46:13 worker:[0] reqid:[14658] qname:[whatsapp.com.] qtype:[A] respid:[14658] rcode:[NOERROR] respflags:[qr rd ra] err:[<nil>] duration:[95.847412ms]
2025/05/21 00:46:13 worker:[0] reqid:[45477] qname:[yahoo.com.] qtype:[A] respid:[45477] rcode:[NOERROR] respflags:[qr rd ra] err:[<nil>] duration:[88.38494ms]
2025/05/21 00:46:14 worker:[0] reqid:[24058] qname:[google.com.] qtype:[A] respid:[24058] rcode:[NOERROR] respflags:[qr rd ra] err:[<nil>] duration:[86.32433ms]
2025/05/21 00:46:14 worker:[0] reqid:[2459] qname:[googleusercontent.com.] qtype:[A] respid:[2459] rcode:[NOERROR] respflags:[qr rd ra] err:[<nil>] duration:[303.46171ms]
2025/05/21 00:46:14 worker:[0] reqid:[50059] qname:[facebook.com.] qtype:[A] respid:[50059] rcode:[NOERROR] respflags:[qr rd ra] err:[<nil>] duration:[104.767252ms]
2025/05/21 00:46:14 worker:[0] reqid:[53732] qname:[instagram.com.] qtype:[A] respid:[53732] rcode:[NOERROR] respflags:[qr rd ra] err:[<nil>] duration:[94.570527ms]
2025/05/21 00:46:14 worker:[0] reqid:[53905] qname:[wikipedia.org.] qtype:[A] respid:[53905] rcode:[NOERROR] respflags:[qr rd ra] err:[<nil>] duration:[90.093955ms]
2025/05/21 00:46:14 worker:[0] reqid:[23323] qname:[x.com.] qtype:[A] respid:[23323] rcode:[NOERROR] respflags:[qr rd ra] err:[<nil>] duration:[85.884857ms]
2025/05/21 00:46:14 worker:[0] reqid:[11397] qname:[amazon.com.] qtype:[A] respid:[11397] rcode:[NOERROR] respflags:[qr rd ra] err:[<nil>] duration:[85.304975ms]
2025/05/21 00:46:14 worker:[0] reqid:[22534] qname:[tiktok.com.] qtype:[A] respid:[22534] rcode:[NOERROR] respflags:[qr rd ra] err:[<nil>] duration:[80.965326ms]
2025/05/21 00:46:15 worker:[0] reqid:[36468] qname:[whatsapp.com.] qtype:[A] respid:[36468] rcode:[NOERROR] respflags:[qr rd ra] err:[<nil>] duration:[289.086236ms]
2025/05/21 00:46:15 worker:[0] reqid:[30310] qname:[yahoo.com.] qtype:[A] respid:[30310] rcode:[NOERROR] respflags:[qr rd ra] err:[<nil>] duration:[82.253394ms]
2025/05/21 00:46:15 worker:[0] reqid:[13716] qname:[google.com.] qtype:[A] respid:[13716] rcode:[NOERROR] respflags:[qr rd ra] err:[<nil>] duration:[78.415088ms]
2025/05/21 00:46:15 worker:[0] reqid:[15072] qname:[googleusercontent.com.] qtype:[A] respid:[15072] rcode:[NOERROR] respflags:[qr rd ra] err:[<nil>] duration:[78.74399ms]
2025/05/21 00:46:15 worker:[0] reqid:[36325] qname:[facebook.com.] qtype:[A] respid:[36325] rcode:[NOERROR] respflags:[qr rd ra] err:[<nil>] duration:[82.145704ms]
2025/05/21 00:46:15 worker:[0] reqid:[61199] qname:[instagram.com.] qtype:[A] respid:[61199] rcode:[NOERROR] respflags:[qr rd ra] err:[<nil>] duration:[80.350849ms]
2025/05/21 00:46:15 worker:[0] reqid:[53404] qname:[wikipedia.org.] qtype:[A] respid:[53404] rcode:[NOERROR] respflags:[qr rd ra] err:[<nil>] duration:[87.249298ms]
2025/05/21 00:46:15 worker:[0] reqid:[46545] qname:[x.com.] qtype:[A] respid:[46545] rcode:[NOERROR] respflags:[qr rd ra] err:[<nil>] duration:[296.145329ms]
2025/05/21 00:46:16 worker:[0] reqid:[28643] qname:[amazon.com.] qtype:[A] respid:[28643] rcode:[NOERROR] respflags:[qr rd ra] err:[<nil>] duration:[94.786222ms]
2025/05/21 00:46:16 worker:[0] reqid:[5737] qname:[tiktok.com.] qtype:[A] respid:[5737] rcode:[NOERROR] respflags:[qr rd ra] err:[<nil>] duration:[84.396555ms]
2025/05/21 00:46:16 worker:[0] reqid:[33853] qname:[whatsapp.com.] qtype:[A] respid:[33853] rcode:[NOERROR] respflags:[qr rd ra] err:[<nil>] duration:[284.299737ms]
2025/05/21 00:46:16 worker:[0] reqid:[52269] qname:[yahoo.com.] qtype:[A] respid:[52269] rcode:[NOERROR] respflags:[qr rd ra] err:[<nil>] duration:[87.928307ms]
2025/05/21 00:46:17 worker:[0] reqid:[15354] qname:[google.com.] qtype:[A] respid:[15354] rcode:[NOERROR] respflags:[qr rd ra] err:[<nil>] duration:[707.293957ms]
2025/05/21 00:46:17 worker:[0] reqid:[54184] qname:[googleusercontent.com.] qtype:[A] respid:[54184] rcode:[NOERROR] respflags:[qr rd ra] err:[<nil>] duration:[89.702138ms]
2025/05/21 00:46:17 worker:[0] reqid:[31086] qname:[facebook.com.] qtype:[A] respid:[31086] rcode:[NOERROR] respflags:[qr rd ra] err:[<nil>] duration:[79.109665ms]
2025/05/21 00:46:17 worker:[0] reqid:[51730] qname:[instagram.com.] qtype:[A] respid:[51730] rcode:[NOERROR] respflags:[qr rd ra] err:[<nil>] duration:[77.815466ms]
2025/05/21 00:46:17 worker:[0] reqid:[65404] qname:[wikipedia.org.] qtype:[A] respid:[65404] rcode:[NOERROR] respflags:[qr rd ra] err:[<nil>] duration:[290.230346ms]
2025/05/21 00:46:17 worker:[0] reqid:[18409] qname:[x.com.] qtype:[A] respid:[18409] rcode:[NOERROR] respflags:[qr rd ra] err:[<nil>] duration:[79.946083ms]
2025/05/21 00:46:17 worker:[0] reqid:[63789] qname:[amazon.com.] qtype:[A] respid:[63789] rcode:[NOERROR] respflags:[qr rd ra] err:[<nil>] duration:[79.505838ms]
2025/05/21 00:46:17 worker:[0] reqid:[40237] qname:[tiktok.com.] qtype:[A] respid:[40237] rcode:[NOERROR] respflags:[qr rd ra] err:[<nil>] duration:[82.005471ms]
2025/05/21 00:46:18 worker:[0] reqid:[44549] qname:[whatsapp.com.] qtype:[A] respid:[44549] rcode:[NOERROR] respflags:[qr rd ra] err:[<nil>] duration:[78.687079ms]
2025/05/21 00:46:18 worker:[0] reqid:[51157] qname:[yahoo.com.] qtype:[A] respid:[51157] rcode:[NOERROR] respflags:[qr rd ra] err:[<nil>] duration:[284.993342ms]
2025/05/21 00:46:18 worker:[0] reqid:[16219] qname:[google.com.] qtype:[A] respid:[16219] rcode:[NOERROR] respflags:[qr rd ra] err:[<nil>] duration:[78.703019ms]
2025/05/21 00:46:18 worker:[0] reqid:[35565] qname:[googleusercontent.com.] qtype:[A] respid:[35565] rcode:[NOERROR] respflags:[qr rd ra] err:[<nil>] duration:[79.68652ms]
2025/05/21 00:46:18 worker:[0] reqid:[46735] qname:[facebook.com.] qtype:[A] respid:[46735] rcode:[NOERROR] respflags:[qr rd ra] err:[<nil>] duration:[80.620338ms]
2025/05/21 00:46:18 worker:[0] reqid:[51174] qname:[instagram.com.] qtype:[A] respid:[51174] rcode:[NOERROR] respflags:[qr rd ra] err:[<nil>] duration:[78.585099ms]
2025/05/21 00:46:18 worker:[0] reqid:[22078] qname:[wikipedia.org.] qtype:[A] respid:[22078] rcode:[NOERROR] respflags:[qr rd ra] err:[<nil>] duration:[95.75733ms]
2025/05/21 00:46:18 worker:[0] reqid:[42182] qname:[x.com.] qtype:[A] respid:[42182] rcode:[NOERROR] respflags:[qr rd ra] err:[<nil>] duration:[89.362344ms]
2025/05/21 00:46:18 worker:[0] reqid:[27174] qname:[amazon.com.] qtype:[A] respid:[27174] rcode:[NOERROR] respflags:[qr rd ra] err:[<nil>] duration:[83.42693ms]
2025/05/21 00:46:19 worker:[0] reqid:[9170] qname:[tiktok.com.] qtype:[A] respid:[9170] rcode:[NOERROR] respflags:[qr rd ra] err:[<nil>] duration:[284.348683ms]
2025/05/21 00:46:19 worker:[0] reqid:[14278] qname:[whatsapp.com.] qtype:[A] respid:[14278] rcode:[NOERROR] respflags:[qr rd ra] err:[<nil>] duration:[508.703332ms]
2025/05/21 00:46:19 worker:[0] reqid:[24742] qname:[yahoo.com.] qtype:[A] respid:[24742] rcode:[NOERROR] respflags:[qr rd ra] err:[<nil>] duration:[88.91764ms]
2025/05/21 00:46:19 worker:[0] reqid:[63359] qname:[google.com.] qtype:[A] respid:[63359] rcode:[NOERROR] respflags:[qr rd ra] err:[<nil>] duration:[81.368957ms]
2025/05/21 00:46:19 worker:[0] reqid:[17029] qname:[googleusercontent.com.] qtype:[A] respid:[17029] rcode:[NOERROR] respflags:[qr rd ra] err:[<nil>] duration:[80.647721ms]
2025/05/21 00:46:20 worker:[0] reqid:[62678] qname:[facebook.com.] qtype:[A] respid:[62678] rcode:[NOERROR] respflags:[qr rd ra] err:[<nil>] duration:[80.559866ms]
2025/05/21 00:46:20 worker:[0] reqid:[4846] qname:[instagram.com.] qtype:[A] respid:[4846] rcode:[NOERROR] respflags:[qr rd ra] err:[<nil>] duration:[79.28053ms]
2025/05/21 00:46:20 worker:[0] reqid:[62081] qname:[wikipedia.org.] qtype:[A] respid:[62081] rcode:[NOERROR] respflags:[qr rd ra] err:[<nil>] duration:[85.331226ms]
2025/05/21 00:46:20 worker:[0] reqid:[18486] qname:[x.com.] qtype:[A] respid:[18486] rcode:[NOERROR] respflags:[qr rd ra] err:[<nil>] duration:[82.653059ms]
2025/05/21 00:46:20 worker:[0] reqid:[52150] qname:[amazon.com.] qtype:[A] respid:[52150] rcode:[NOERROR] respflags:[qr rd ra] err:[<nil>] duration:[80.164648ms]
2025/05/21 00:46:20 worker:[0] reqid:[51538] qname:[tiktok.com.] qtype:[A] respid:[51538] rcode:[NOERROR] respflags:[qr rd ra] err:[<nil>] duration:[291.812337ms]
2025/05/21 00:46:20 worker:[0] reqid:[47976] qname:[whatsapp.com.] qtype:[A] respid:[47976] rcode:[NOERROR] respflags:[qr rd ra] err:[<nil>] duration:[79.757137ms]
2025/05/21 00:46:20 worker:[0] reqid:[52765] qname:[yahoo.com.] qtype:[A] respid:[52765] rcode:[NOERROR] respflags:[qr rd ra] err:[<nil>] duration:[79.233015ms]
2025/05/21 00:46:20 worker:[0] reqid:[24634] qname:[google.com.] qtype:[A] respid:[24634] rcode:[NOERROR] respflags:[qr rd ra] err:[<nil>] duration:[79.901735ms]
2025/05/21 00:46:21 worker:[0] reqid:[29424] qname:[googleusercontent.com.] qtype:[A] respid:[29424] rcode:[NOERROR] respflags:[qr rd ra] err:[<nil>] duration:[286.955992ms]
2025/05/21 00:46:22 worker:[0] reqid:[62566] qname:[facebook.com.] qtype:[A] respid:[62566] rcode:[NOERROR] respflags:[qr rd ra] err:[<nil>] duration:[1.341885275s]
2025/05/21 00:46:24 worker:[0] reqid:[36589] qname:[instagram.com.] qtype:[A] respid:[36589] rcode:[NOERROR] respflags:[qr rd ra] err:[<nil>] duration:[1.723364743s]
2025/05/21 00:46:24 worker:[0] reqid:[6955] qname:[wikipedia.org.] qtype:[A] respid:[6955] rcode:[NOERROR] respflags:[qr rd ra] err:[<nil>] duration:[80.098264ms]
2025/05/21 00:46:24 worker:[0] reqid:[36592] qname:[x.com.] qtype:[A] respid:[36592] rcode:[NOERROR] respflags:[qr rd ra] err:[<nil>] duration:[79.244658ms]
2025/05/21 00:46:24 worker:[0] reqid:[57096] qname:[amazon.com.] qtype:[A] respid:[57096] rcode:[NOERROR] respflags:[qr rd ra] err:[<nil>] duration:[89.480538ms]
2025/05/21 00:46:24 worker:[0] reqid:[41732] qname:[tiktok.com.] qtype:[A] respid:[41732] rcode:[NOERROR] respflags:[qr rd ra] err:[<nil>] duration:[286.095653ms]
2025/05/21 00:46:25 worker:[0] reqid:[9632] qname:[whatsapp.com.] qtype:[A] respid:[9632] rcode:[NOERROR] respflags:[qr rd ra] err:[<nil>] duration:[487.840937ms]
2025/05/21 00:46:25 worker:[0] reqid:[56399] qname:[yahoo.com.] qtype:[A] respid:[56399] rcode:[NOERROR] respflags:[qr rd ra] err:[<nil>] duration:[78.655977ms]
2025/05/21 00:46:25 worker:[0] reqid:[60792] qname:[google.com.] qtype:[A] respid:[60792] rcode:[NOERROR] respflags:[qr rd ra] err:[<nil>] duration:[289.691836ms]
2025/05/21 00:46:26 worker:[0] reqid:[55741] qname:[googleusercontent.com.] qtype:[A] respid:[55741] rcode:[NOERROR] respflags:[qr rd ra] err:[<nil>] duration:[525.908864ms]
2025/05/21 00:46:26 worker:[0] reqid:[41383] qname:[facebook.com.] qtype:[A] respid:[41383] rcode:[NOERROR] respflags:[qr rd ra] err:[<nil>] duration:[110.074287ms]
2025/05/21 00:46:26 worker:[0] reqid:[59727] qname:[instagram.com.] qtype:[A] respid:[59727] rcode:[NOERROR] respflags:[qr rd ra] err:[<nil>] duration:[111.249303ms]
2025/05/21 00:46:26 worker:[0] reqid:[5935] qname:[wikipedia.org.] qtype:[A] respid:[5935] rcode:[NOERROR] respflags:[qr rd ra] err:[<nil>] duration:[91.921155ms]
2025/05/21 00:46:26 worker:[0] reqid:[43221] qname:[x.com.] qtype:[A] respid:[43221] rcode:[NOERROR] respflags:[qr rd ra] err:[<nil>] duration:[84.466225ms]
2025/05/21 00:46:26 worker:[0] reqid:[25396] qname:[amazon.com.] qtype:[A] respid:[25396] rcode:[NOERROR] respflags:[qr rd ra] err:[<nil>] duration:[87.340168ms]
2025/05/21 00:46:27 worker:[0] reqid:[38892] qname:[tiktok.com.] qtype:[A] respid:[38892] rcode:[NOERROR] respflags:[qr rd ra] err:[<nil>] duration:[712.065381ms]
2025/05/21 00:46:27 worker:[0] reqid:[42607] qname:[whatsapp.com.] qtype:[A] respid:[42607] rcode:[NOERROR] respflags:[qr rd ra] err:[<nil>] duration:[100.968379ms]
2025/05/21 00:46:27 worker:[0] reqid:[46498] qname:[yahoo.com.] qtype:[A] respid:[46498] rcode:[NOERROR] respflags:[qr rd ra] err:[<nil>] duration:[101.391575ms]
2025/05/21 00:46:27 worker:[0] reqid:[42475] qname:[google.com.] qtype:[A] respid:[42475] rcode:[NOERROR] respflags:[qr rd ra] err:[<nil>] duration:[108.087171ms]
2025/05/21 00:46:27 worker:[0] reqid:[33746] qname:[googleusercontent.com.] qtype:[A] respid:[33746] rcode:[NOERROR] respflags:[qr rd ra] err:[<nil>] duration:[94.881348ms]
2025/05/21 00:46:27 worker:[0] reqid:[55278] qname:[facebook.com.] qtype:[A] respid:[55278] rcode:[NOERROR] respflags:[qr rd ra] err:[<nil>] duration:[86.68479ms]
2025/05/21 00:46:27 worker:[0] reqid:[30021] qname:[instagram.com.] qtype:[A] respid:[30021] rcode:[NOERROR] respflags:[qr rd ra] err:[<nil>] duration:[84.558362ms]
2025/05/21 00:46:28 worker:[0] reqid:[29262] qname:[wikipedia.org.] qtype:[A] respid:[29262] rcode:[NOERROR] respflags:[qr rd ra] err:[<nil>] duration:[82.980971ms]
2025/05/21 00:46:28 worker:[0] reqid:[54853] qname:[x.com.] qtype:[A] respid:[54853] rcode:[NOERROR] respflags:[qr rd ra] err:[<nil>] duration:[91.174633ms]
2025/05/21 00:46:28 worker:[0] reqid:[61371] qname:[amazon.com.] qtype:[A] respid:[61371] rcode:[NOERROR] respflags:[qr rd ra] err:[<nil>] duration:[96.74474ms]
2025/05/21 00:46:28 worker:[0] reqid:[45842] qname:[tiktok.com.] qtype:[A] respid:[45842] rcode:[NOERROR] respflags:[qr rd ra] err:[<nil>] duration:[90.540044ms]
2025/05/21 00:46:28 worker:[0] reqid:[37543] qname:[whatsapp.com.] qtype:[A] respid:[37543] rcode:[NOERROR] respflags:[qr rd ra] err:[<nil>] duration:[318.304272ms]
2025/05/21 00:46:28 worker:[0] reqid:[31882] qname:[yahoo.com.] qtype:[A] respid:[31882] rcode:[NOERROR] respflags:[qr rd ra] err:[<nil>] duration:[109.408489ms]
2025/05/21 00:46:29 worker:[0] reqid:[13915] qname:[google.com.] qtype:[A] respid:[13915] rcode:[NOERROR] respflags:[qr rd ra] err:[<nil>] duration:[311.999936ms]
2025/05/21 00:46:29 worker:[0] reqid:[33905] qname:[googleusercontent.com.] qtype:[A] respid:[33905] rcode:[NOERROR] respflags:[qr rd ra] err:[<nil>] duration:[91.610724ms]
2025/05/21 00:46:29 worker:[0] reqid:[44797] qname:[facebook.com.] qtype:[A] respid:[44797] rcode:[NOERROR] respflags:[qr rd ra] err:[<nil>] duration:[86.720623ms]
2025/05/21 00:46:29 worker:[0] reqid:[23476] qname:[instagram.com.] qtype:[A] respid:[23476] rcode:[NOERROR] respflags:[qr rd ra] err:[<nil>] duration:[80.373972ms]
2025/05/21 00:46:29 worker:[0] reqid:[8077] qname:[wikipedia.org.] qtype:[A] respid:[8077] rcode:[NOERROR] respflags:[qr rd ra] err:[<nil>] duration:[82.467911ms]
2025/05/21 00:46:29 worker:[0] reqid:[32945] qname:[x.com.] qtype:[A] respid:[32945] rcode:[NOERROR] respflags:[qr rd ra] err:[<nil>] duration:[79.890018ms]
2025/05/21 00:46:29 worker:[0] reqid:[1942] qname:[amazon.com.] qtype:[A] respid:[1942] rcode:[NOERROR] respflags:[qr rd ra] err:[<nil>] duration:[85.519688ms]
2025/05/21 00:46:29 worker:[0] reqid:[14493] qname:[tiktok.com.] qtype:[A] respid:[14493] rcode:[NOERROR] respflags:[qr rd ra] err:[<nil>] duration:[92.752526ms]
2025/05/21 00:46:29 worker:[0] reqid:[15206] qname:[whatsapp.com.] qtype:[A] respid:[15206] rcode:[NOERROR] respflags:[qr rd ra] err:[<nil>] duration:[84.956463ms]
2025/05/21 00:46:29 worker:[0] reqid:[2167] qname:[yahoo.com.] qtype:[A] respid:[2167] rcode:[NOERROR] respflags:[qr rd ra] err:[<nil>] duration:[83.734412ms]
2025/05/21 00:46:29 worker:[0] reqid:[49477] qname:[google.com.] qtype:[A] respid:[49477] rcode:[NOERROR] respflags:[qr rd ra] err:[<nil>] duration:[80.21937ms]
2025/05/21 00:46:30 worker:[0] reqid:[24620] qname:[googleusercontent.com.] qtype:[A] respid:[24620] rcode:[NOERROR] respflags:[qr rd ra] err:[<nil>] duration:[85.252221ms]
2025/05/21 00:46:30 worker:[0] reqid:[7016] qname:[facebook.com.] qtype:[A] respid:[7016] rcode:[NOERROR] respflags:[qr rd ra] err:[<nil>] duration:[82.16361ms]
2025/05/21 00:46:30 worker:[0] reqid:[12480] qname:[instagram.com.] qtype:[A] respid:[12480] rcode:[NOERROR] respflags:[qr rd ra] err:[<nil>] duration:[84.05331ms]
2025/05/21 00:46:30 worker:[0] reqid:[31529] qname:[wikipedia.org.] qtype:[A] respid:[31529] rcode:[NOERROR] respflags:[qr rd ra] err:[<nil>] duration:[82.240128ms]
2025/05/21 00:46:30 worker:[0] reqid:[24160] qname:[x.com.] qtype:[A] respid:[24160] rcode:[NOERROR] respflags:[qr rd ra] err:[<nil>] duration:[101.10734ms]
2025/05/21 00:46:30 worker:[0] reqid:[6937] qname:[amazon.com.] qtype:[A] respid:[6937] rcode:[NOERROR] respflags:[qr rd ra] err:[<nil>] duration:[292.558386ms]
2025/05/21 00:46:30 worker:[0] reqid:[34687] qname:[tiktok.com.] qtype:[A] respid:[34687] rcode:[NOERROR] respflags:[qr rd ra] err:[<nil>] duration:[79.318589ms]
2025/05/21 00:46:30 worker:[0] reqid:[15181] qname:[whatsapp.com.] qtype:[A] respid:[15181] rcode:[NOERROR] respflags:[qr rd ra] err:[<nil>] duration:[78.359459ms]
2025/05/21 00:46:30 worker:[0] reqid:[23890] qname:[yahoo.com.] qtype:[A] respid:[23890] rcode:[NOERROR] respflags:[qr rd ra] err:[<nil>] duration:[82.584519ms]
2025/05/21 00:46:30 worker:[0] reqid:[643] qname:[google.com.] qtype:[A] respid:[643] rcode:[NOERROR] respflags:[qr rd ra] err:[<nil>] duration:[80.38884ms]
2025/05/21 00:46:31 worker:[0] reqid:[3532] qname:[googleusercontent.com.] qtype:[A] respid:[3532] rcode:[NOERROR] respflags:[qr rd ra] err:[<nil>] duration:[83.673928ms]
2025/05/21 00:46:31 worker:[0] reqid:[12402] qname:[facebook.com.] qtype:[A] respid:[12402] rcode:[NOERROR] respflags:[qr rd ra] err:[<nil>] duration:[300.946433ms]
2025/05/21 00:46:31 worker:[0] reqid:[25673] qname:[instagram.com.] qtype:[A] respid:[25673] rcode:[NOERROR] respflags:[qr rd ra] err:[<nil>] duration:[100.643189ms]
2025/05/21 00:46:31 worker:[0] reqid:[50212] qname:[wikipedia.org.] qtype:[A] respid:[50212] rcode:[NOERROR] respflags:[qr rd ra] err:[<nil>] duration:[93.930062ms]
2025/05/21 00:46:31 worker:[0] reqid:[30809] qname:[x.com.] qtype:[A] respid:[30809] rcode:[NOERROR] respflags:[qr rd ra] err:[<nil>] duration:[315.529553ms]
2025/05/21 00:46:31 worker:[0] reqid:[5458] qname:[amazon.com.] qtype:[A] respid:[5458] rcode:[NOERROR] respflags:[qr rd ra] err:[<nil>] duration:[79.619187ms]
2025/05/21 00:46:32 worker:[0] reqid:[32885] qname:[tiktok.com.] qtype:[A] respid:[32885] rcode:[NOERROR] respflags:[qr rd ra] err:[<nil>] duration:[84.460058ms]
2025/05/21 00:46:32 worker:[0] reqid:[48966] qname:[whatsapp.com.] qtype:[A] respid:[48966] rcode:[NOERROR] respflags:[qr rd ra] err:[<nil>] duration:[295.832371ms]
2025/05/21 00:46:32 worker:[0] reqid:[31316] qname:[yahoo.com.] qtype:[A] respid:[31316] rcode:[NOERROR] respflags:[qr rd ra] err:[<nil>] duration:[100.219311ms]
2025/05/21 00:46:32 worker:[0] reqid:[52211] qname:[google.com.] qtype:[A] respid:[52211] rcode:[NOERROR] respflags:[qr rd ra] err:[<nil>] duration:[93.183624ms]
2025/05/21 00:46:32 worker:[0] reqid:[8940] qname:[googleusercontent.com.] qtype:[A] respid:[8940] rcode:[NOERROR] respflags:[qr rd ra] err:[<nil>] duration:[317.151357ms]
2025/05/21 00:46:32 worker:[0] reqid:[43794] qname:[facebook.com.] qtype:[A] respid:[43794] rcode:[NOERROR] respflags:[qr rd ra] err:[<nil>] duration:[97.98159ms]
2025/05/21 00:46:33 worker:[0] reqid:[8000] qname:[instagram.com.] qtype:[A] respid:[8000] rcode:[NOERROR] respflags:[qr rd ra] err:[<nil>] duration:[290.754988ms]
2025/05/21 00:46:33 worker:[0] reqid:[49926] qname:[wikipedia.org.] qtype:[A] respid:[49926] rcode:[NOERROR] respflags:[qr rd ra] err:[<nil>] duration:[90.043276ms]
2025/05/21 00:46:33 worker:[0] reqid:[51428] qname:[x.com.] qtype:[A] respid:[51428] rcode:[NOERROR] respflags:[qr rd ra] err:[<nil>] duration:[84.257221ms]
2025/05/21 00:46:33 worker:[0] reqid:[14509] qname:[amazon.com.] qtype:[A] respid:[14509] rcode:[NOERROR] respflags:[qr rd ra] err:[<nil>] duration:[84.563138ms]
2025/05/21 00:46:33 worker:[0] reqid:[4840] qname:[tiktok.com.] qtype:[A] respid:[4840] rcode:[NOERROR] respflags:[qr rd ra] err:[<nil>] duration:[82.684692ms]
2025/05/21 00:46:33 worker:[0] reqid:[20346] qname:[whatsapp.com.] qtype:[A] respid:[20346] rcode:[NOERROR] respflags:[qr rd ra] err:[<nil>] duration:[89.13322ms]
2025/05/21 00:46:33 worker:[0] reqid:[36347] qname:[yahoo.com.] qtype:[A] respid:[36347] rcode:[NOERROR] respflags:[qr rd ra] err:[<nil>] duration:[80.018998ms]
2025/05/21 00:46:34 worker:[0] reqid:[34738] qname:[google.com.] qtype:[A] respid:[34738] rcode:[NOERROR] respflags:[qr rd ra] err:[<nil>] duration:[320.635962ms]
2025/05/21 00:46:34 worker:[0] reqid:[48333] qname:[googleusercontent.com.] qtype:[A] respid:[48333] rcode:[NOERROR] respflags:[qr rd ra] err:[<nil>] duration:[106.66348ms]
2025/05/21 00:46:34 worker:[0] reqid:[46197] qname:[facebook.com.] qtype:[A] respid:[46197] rcode:[NOERROR] respflags:[qr rd ra] err:[<nil>] duration:[106.929253ms]
2025/05/21 00:46:34 worker:[0] reqid:[12900] qname:[instagram.com.] qtype:[A] respid:[12900] rcode:[NOERROR] respflags:[qr rd ra] err:[<nil>] duration:[107.592334ms]
2025/05/21 00:46:34 worker:[0] reqid:[9709] qname:[wikipedia.org.] qtype:[A] respid:[9709] rcode:[NOERROR] respflags:[qr rd ra] err:[<nil>] duration:[316.658448ms]
2025/05/21 00:46:34 worker:[0] reqid:[5835] qname:[x.com.] qtype:[A] respid:[5835] rcode:[NOERROR] respflags:[qr rd ra] err:[<nil>] duration:[98.944046ms]
2025/05/21 00:46:34 worker:[0] reqid:[8976] qname:[amazon.com.] qtype:[A] respid:[8976] rcode:[NOERROR] respflags:[qr rd ra] err:[<nil>] duration:[87.180699ms]
2025/05/21 00:46:34 worker:[0] reqid:[62994] qname:[tiktok.com.] qtype:[A] respid:[62994] rcode:[NOERROR] respflags:[qr rd ra] err:[<nil>] duration:[85.588504ms]
2025/05/21 00:46:35 worker:[0] reqid:[28856] qname:[whatsapp.com.] qtype:[A] respid:[28856] rcode:[NOERROR] respflags:[qr rd ra] err:[<nil>] duration:[79.385399ms]
2025/05/21 00:46:35 worker:[0] reqid:[61523] qname:[yahoo.com.] qtype:[A] respid:[61523] rcode:[NOERROR] respflags:[qr rd ra] err:[<nil>] duration:[87.981853ms]
2025/05/21 00:46:35 worker:[0] reqid:[54963] qname:[google.com.] qtype:[A] respid:[54963] rcode:[NOERROR] respflags:[qr rd ra] err:[<nil>] duration:[90.826797ms]
2025/05/21 00:46:35 worker:[0] reqid:[54106] qname:[googleusercontent.com.] qtype:[A] respid:[54106] rcode:[NOERROR] respflags:[qr rd ra] err:[<nil>] duration:[94.827418ms]
2025/05/21 00:46:35 worker:[0] reqid:[22773] qname:[facebook.com.] qtype:[A] respid:[22773] rcode:[NOERROR] respflags:[qr rd ra] err:[<nil>] duration:[92.299392ms]
2025/05/21 00:46:35 worker:[0] reqid:[45755] qname:[instagram.com.] qtype:[A] respid:[45755] rcode:[NOERROR] respflags:[qr rd ra] err:[<nil>] duration:[290.951962ms]
2025/05/21 00:46:35 worker:[0] reqid:[52179] qname:[wikipedia.org.] qtype:[A] respid:[52179] rcode:[NOERROR] respflags:[qr rd ra] err:[<nil>] duration:[79.00898ms]
2025/05/21 00:46:35 worker:[0] reqid:[13897] qname:[x.com.] qtype:[A] respid:[13897] rcode:[NOERROR] respflags:[qr rd ra] err:[<nil>] duration:[81.161295ms]
2025/05/21 00:46:36 worker:[0] reqid:[32724] qname:[amazon.com.] qtype:[A] respid:[32724] rcode:[NOERROR] respflags:[qr rd ra] err:[<nil>] duration:[286.038047ms]
2025/05/21 00:46:41 worker:[0] reqid:[28929] qname:[tiktok.com.] qtype:[A] respid:[<nil>] rcode:[<nil>] respflags:[<nil>] err:[read tcp 192.168.83.137:38324->94.140.14.49:853: i/o timeout] duration:[5.001539371s]
2025/05/21 00:46:41 worker:[0] reqid:[58594] qname:[whatsapp.com.] qtype:[A] respid:[58594] rcode:[NOERROR] respflags:[qr rd ra] err:[<nil>] duration:[465.788025ms]
2025/05/21 00:46:41 worker:[0] reqid:[60539] qname:[yahoo.com.] qtype:[A] respid:[60539] rcode:[NOERROR] respflags:[qr rd ra] err:[<nil>] duration:[85.052476ms]
2025/05/21 00:46:41 worker:[0] reqid:[61224] qname:[google.com.] qtype:[A] respid:[61224] rcode:[NOERROR] respflags:[qr rd ra] err:[<nil>] duration:[105.682263ms]
2025/05/21 00:46:41 worker:[0] reqid:[5064] qname:[googleusercontent.com.] qtype:[A] respid:[5064] rcode:[NOERROR] respflags:[qr rd ra] err:[<nil>] duration:[84.393314ms]
2025/05/21 00:46:41 worker:[0] reqid:[49080] qname:[facebook.com.] qtype:[A] respid:[49080] rcode:[NOERROR] respflags:[qr rd ra] err:[<nil>] duration:[86.092359ms]
2025/05/21 00:46:42 worker:[0] reqid:[10067] qname:[instagram.com.] qtype:[A] respid:[10067] rcode:[NOERROR] respflags:[qr rd ra] err:[<nil>] duration:[96.42087ms]
2025/05/21 00:46:42 worker:[0] reqid:[16354] qname:[wikipedia.org.] qtype:[A] respid:[16354] rcode:[NOERROR] respflags:[qr rd ra] err:[<nil>] duration:[321.667004ms]
2025/05/21 00:46:42 worker:[0] reqid:[12998] qname:[x.com.] qtype:[A] respid:[12998] rcode:[NOERROR] respflags:[qr rd ra] err:[<nil>] duration:[83.368666ms]
2025/05/21 00:46:42 worker:[0] reqid:[14219] qname:[amazon.com.] qtype:[A] respid:[14219] rcode:[NOERROR] respflags:[qr rd ra] err:[<nil>] duration:[87.04138ms]
2025/05/21 00:46:42 worker:[0] reqid:[47900] qname:[tiktok.com.] qtype:[A] respid:[47900] rcode:[NOERROR] respflags:[qr rd ra] err:[<nil>] duration:[325.044935ms]
2025/05/21 00:46:42 worker:[0] reqid:[52655] qname:[whatsapp.com.] qtype:[A] respid:[52655] rcode:[NOERROR] respflags:[qr rd ra] err:[<nil>] duration:[92.390804ms]
2025/05/21 00:46:43 worker:[0] reqid:[1224] qname:[yahoo.com.] qtype:[A] respid:[1224] rcode:[NOERROR] respflags:[qr rd ra] err:[<nil>] duration:[319.355486ms]
2025/05/21 00:46:43 worker:[0] reqid:[27516] qname:[google.com.] qtype:[A] respid:[27516] rcode:[NOERROR] respflags:[qr rd ra] err:[<nil>] duration:[91.487783ms]
2025/05/21 00:46:45 worker:[0] reqid:[59867] qname:[googleusercontent.com.] qtype:[A] respid:[59867] rcode:[NOERROR] respflags:[qr rd ra] err:[<nil>] duration:[1.647263251s]
2025/05/21 00:46:45 worker:[0] reqid:[18112] qname:[facebook.com.] qtype:[A] respid:[18112] rcode:[NOERROR] respflags:[qr rd ra] err:[<nil>] duration:[84.246275ms]
2025/05/21 00:46:45 worker:[0] reqid:[28778] qname:[instagram.com.] qtype:[A] respid:[28778] rcode:[NOERROR] respflags:[qr rd ra] err:[<nil>] duration:[309.523525ms]
2025/05/21 00:46:45 worker:[0] reqid:[9643] qname:[wikipedia.org.] qtype:[A] respid:[9643] rcode:[NOERROR] respflags:[qr rd ra] err:[<nil>] duration:[534.737252ms]
2025/05/21 00:46:46 worker:[0] reqid:[49346] qname:[x.com.] qtype:[A] respid:[49346] rcode:[NOERROR] respflags:[qr rd ra] err:[<nil>] duration:[84.432415ms]
2025/05/21 00:46:46 worker:[0] reqid:[7696] qname:[amazon.com.] qtype:[A] respid:[7696] rcode:[NOERROR] respflags:[qr rd ra] err:[<nil>] duration:[84.824825ms]
2025/05/21 00:46:46 worker:[0] reqid:[56479] qname:[tiktok.com.] qtype:[A] respid:[56479] rcode:[NOERROR] respflags:[qr rd ra] err:[<nil>] duration:[99.750038ms]
2025/05/21 00:46:46 worker:[0] reqid:[30387] qname:[whatsapp.com.] qtype:[A] respid:[30387] rcode:[NOERROR] respflags:[qr rd ra] err:[<nil>] duration:[90.782706ms]
2025/05/21 00:46:46 worker:[0] reqid:[29490] qname:[yahoo.com.] qtype:[A] respid:[29490] rcode:[NOERROR] respflags:[qr rd ra] err:[<nil>] duration:[297.855791ms]
2025/05/21 00:46:46 worker:[0] reqid:[40241] qname:[google.com.] qtype:[A] respid:[40241] rcode:[NOERROR] respflags:[qr rd ra] err:[<nil>] duration:[91.698252ms]
2025/05/21 00:46:46 worker:[0] reqid:[3552] qname:[googleusercontent.com.] qtype:[A] respid:[3552] rcode:[NOERROR] respflags:[qr rd ra] err:[<nil>] duration:[84.904851ms]
2025/05/21 00:46:46 worker:[0] reqid:[49429] qname:[facebook.com.] qtype:[A] respid:[49429] rcode:[NOERROR] respflags:[qr rd ra] err:[<nil>] duration:[85.130773ms]
2025/05/21 00:46:46 worker:[0] reqid:[3143] qname:[instagram.com.] qtype:[A] respid:[3143] rcode:[NOERROR] respflags:[qr rd ra] err:[<nil>] duration:[87.708345ms]
2025/05/21 00:46:47 worker:[0] reqid:[19676] qname:[wikipedia.org.] qtype:[A] respid:[19676] rcode:[NOERROR] respflags:[qr rd ra] err:[<nil>] duration:[85.733808ms]
2025/05/21 00:46:47 worker:[0] reqid:[39280] qname:[x.com.] qtype:[A] respid:[39280] rcode:[NOERROR] respflags:[qr rd ra] err:[<nil>] duration:[84.427281ms]
2025/05/21 00:46:47 worker:[0] reqid:[13945] qname:[amazon.com.] qtype:[A] respid:[13945] rcode:[NOERROR] respflags:[qr rd ra] err:[<nil>] duration:[94.187371ms]
2025/05/21 00:46:47 worker:[0] reqid:[3246] qname:[tiktok.com.] qtype:[A] respid:[3246] rcode:[NOERROR] respflags:[qr rd ra] err:[<nil>] duration:[98.648557ms]
2025/05/21 00:46:47 worker:[0] reqid:[42266] qname:[whatsapp.com.] qtype:[A] respid:[42266] rcode:[NOERROR] respflags:[qr rd ra] err:[<nil>] duration:[90.664325ms]
2025/05/21 00:46:47 worker:[0] reqid:[20952] qname:[yahoo.com.] qtype:[A] respid:[20952] rcode:[NOERROR] respflags:[qr rd ra] err:[<nil>] duration:[289.210652ms]
2025/05/21 00:46:48 worker:[0] reqid:[47430] qname:[google.com.] qtype:[A] respid:[47430] rcode:[NOERROR] respflags:[qr rd ra] err:[<nil>] duration:[520.978993ms]
2025/05/21 00:46:49 worker:[0] reqid:[20045] qname:[googleusercontent.com.] qtype:[A] respid:[20045] rcode:[NOERROR] respflags:[qr rd ra] err:[<nil>] duration:[925.982803ms]
2025/05/21 00:46:49 worker:[0] reqid:[39239] qname:[facebook.com.] qtype:[A] respid:[39239] rcode:[NOERROR] respflags:[qr rd ra] err:[<nil>] duration:[89.678847ms]
2025/05/21 00:46:49 worker:[0] reqid:[43865] qname:[instagram.com.] qtype:[A] respid:[43865] rcode:[NOERROR] respflags:[qr rd ra] err:[<nil>] duration:[83.228022ms]
2025/05/21 00:46:49 worker:[0] reqid:[49319] qname:[wikipedia.org.] qtype:[A] respid:[49319] rcode:[NOERROR] respflags:[qr rd ra] err:[<nil>] duration:[295.641418ms]
2025/05/21 00:46:49 worker:[0] reqid:[8697] qname:[x.com.] qtype:[A] respid:[8697] rcode:[NOERROR] respflags:[qr rd ra] err:[<nil>] duration:[83.647086ms]
2025/05/21 00:46:49 worker:[0] reqid:[8042] qname:[amazon.com.] qtype:[A] respid:[8042] rcode:[NOERROR] respflags:[qr rd ra] err:[<nil>] duration:[85.824793ms]
2025/05/21 00:46:50 worker:[0] reqid:[57819] qname:[tiktok.com.] qtype:[A] respid:[57819] rcode:[NOERROR] respflags:[qr rd ra] err:[<nil>] duration:[294.828377ms]
2025/05/21 00:46:50 worker:[0] reqid:[41124] qname:[whatsapp.com.] qtype:[A] respid:[41124] rcode:[NOERROR] respflags:[qr rd ra] err:[<nil>] duration:[506.164679ms]
2025/05/21 00:46:50 worker:[0] reqid:[33492] qname:[yahoo.com.] qtype:[A] respid:[33492] rcode:[NOERROR] respflags:[qr rd ra] err:[<nil>] duration:[84.679831ms]
2025/05/21 00:46:50 worker:[0] reqid:[35839] qname:[google.com.] qtype:[A] respid:[35839] rcode:[NOERROR] respflags:[qr rd ra] err:[<nil>] duration:[83.809387ms]
2025/05/21 00:46:50 worker:[0] reqid:[48772] qname:[googleusercontent.com.] qtype:[A] respid:[48772] rcode:[NOERROR] respflags:[qr rd ra] err:[<nil>] duration:[84.882426ms]
2025/05/21 00:46:50 worker:[0] reqid:[51558] qname:[facebook.com.] qtype:[A] respid:[51558] rcode:[NOERROR] respflags:[qr rd ra] err:[<nil>] duration:[84.50461ms]
2025/05/21 00:46:51 worker:[0] reqid:[29695] qname:[instagram.com.] qtype:[A] respid:[29695] rcode:[NOERROR] respflags:[qr rd ra] err:[<nil>] duration:[83.490903ms]
2025/05/21 00:46:51 worker:[0] reqid:[58652] qname:[wikipedia.org.] qtype:[A] respid:[58652] rcode:[NOERROR] respflags:[qr rd ra] err:[<nil>] duration:[83.995276ms]
2025/05/21 00:46:51 worker:[0] reqid:[7699] qname:[x.com.] qtype:[A] respid:[7699] rcode:[NOERROR] respflags:[qr rd ra] err:[<nil>] duration:[83.717502ms]
2025/05/21 00:46:51 worker:[0] reqid:[40338] qname:[amazon.com.] qtype:[A] respid:[40338] rcode:[NOERROR] respflags:[qr rd ra] err:[<nil>] duration:[722.615041ms]
2025/05/21 00:46:52 worker:[0] reqid:[24507] qname:[tiktok.com.] qtype:[A] respid:[24507] rcode:[NOERROR] respflags:[qr rd ra] err:[<nil>] duration:[84.142096ms]
2025/05/21 00:46:52 worker:[0] reqid:[8402] qname:[whatsapp.com.] qtype:[A] respid:[8402] rcode:[NOERROR] respflags:[qr rd ra] err:[<nil>] duration:[290.90409ms]
2025/05/21 00:46:52 worker:[0] reqid:[15757] qname:[yahoo.com.] qtype:[A] respid:[15757] rcode:[NOERROR] respflags:[qr rd ra] err:[<nil>] duration:[84.079579ms]
2025/05/21 00:46:52 worker:[0] reqid:[38176] qname:[google.com.] qtype:[A] respid:[38176] rcode:[NOERROR] respflags:[qr rd ra] err:[<nil>] duration:[91.994207ms]
2025/05/21 00:46:52 worker:[0] reqid:[20546] qname:[googleusercontent.com.] qtype:[A] respid:[20546] rcode:[NOERROR] respflags:[qr rd ra] err:[<nil>] duration:[84.807214ms]
2025/05/21 00:46:52 worker:[0] reqid:[51397] qname:[facebook.com.] qtype:[A] respid:[51397] rcode:[NOERROR] respflags:[qr rd ra] err:[<nil>] duration:[85.699321ms]
2025/05/21 00:46:52 worker:[0] reqid:[25687] qname:[instagram.com.] qtype:[A] respid:[25687] rcode:[NOERROR] respflags:[qr rd ra] err:[<nil>] duration:[85.54138ms]
2025/05/21 00:46:52 worker:[0] reqid:[58897] qname:[wikipedia.org.] qtype:[A] respid:[58897] rcode:[NOERROR] respflags:[qr rd ra] err:[<nil>] duration:[91.184909ms]
2025/05/21 00:46:52 worker:[0] reqid:[17252] qname:[x.com.] qtype:[A] respid:[17252] rcode:[NOERROR] respflags:[qr rd ra] err:[<nil>] duration:[86.928937ms]
2025/05/21 00:46:53 worker:[0] reqid:[35845] qname:[amazon.com.] qtype:[A] respid:[35845] rcode:[NOERROR] respflags:[qr rd ra] err:[<nil>] duration:[83.835897ms]
2025/05/21 00:46:53 worker:[0] reqid:[24366] qname:[tiktok.com.] qtype:[A] respid:[24366] rcode:[NOERROR] respflags:[qr rd ra] err:[<nil>] duration:[289.029795ms]
2025/05/21 00:46:53 worker:[0] reqid:[43932] qname:[whatsapp.com.] qtype:[A] respid:[43932] rcode:[NOERROR] respflags:[qr rd ra] err:[<nil>] duration:[507.943636ms]
2025/05/21 00:46:53 worker:[0] reqid:[40184] qname:[yahoo.com.] qtype:[A] respid:[40184] rcode:[NOERROR] respflags:[qr rd ra] err:[<nil>] duration:[92.804794ms]
2025/05/21 00:46:53 worker:[0] reqid:[16352] qname:[google.com.] qtype:[A] respid:[16352] rcode:[NOERROR] respflags:[qr rd ra] err:[<nil>] duration:[85.647039ms]
2025/05/21 00:46:54 worker:[0] reqid:[48630] qname:[googleusercontent.com.] qtype:[A] respid:[48630] rcode:[NOERROR] respflags:[qr rd ra] err:[<nil>] duration:[84.014443ms]
2025/05/21 00:46:54 worker:[0] reqid:[21168] qname:[facebook.com.] qtype:[A] respid:[21168] rcode:[NOERROR] respflags:[qr rd ra] err:[<nil>] duration:[289.181754ms]
2025/05/21 00:46:54 worker:[0] reqid:[2451] qname:[instagram.com.] qtype:[A] respid:[2451] rcode:[NOERROR] respflags:[qr rd ra] err:[<nil>] duration:[84.021288ms]
2025/05/21 00:46:54 worker:[0] reqid:[10417] qname:[wikipedia.org.] qtype:[A] respid:[10417] rcode:[NOERROR] respflags:[qr rd ra] err:[<nil>] duration:[84.698151ms]
2025/05/21 00:46:54 worker:[0] reqid:[45053] qname:[x.com.] qtype:[A] respid:[45053] rcode:[NOERROR] respflags:[qr rd ra] err:[<nil>] duration:[84.887438ms]
2025/05/21 00:46:54 worker:[0] reqid:[33748] qname:[amazon.com.] qtype:[A] respid:[33748] rcode:[NOERROR] respflags:[qr rd ra] err:[<nil>] duration:[85.026208ms]
2025/05/21 00:46:54 worker:[0] reqid:[64379] qname:[tiktok.com.] qtype:[A] respid:[64379] rcode:[NOERROR] respflags:[qr rd ra] err:[<nil>] duration:[84.857326ms]
2025/05/21 00:46:54 worker:[0] reqid:[21276] qname:[whatsapp.com.] qtype:[A] respid:[21276] rcode:[NOERROR] respflags:[qr rd ra] err:[<nil>] duration:[85.458669ms]
2025/05/21 00:46:55 worker:[0] reqid:[64038] qname:[yahoo.com.] qtype:[A] respid:[64038] rcode:[NOERROR] respflags:[qr rd ra] err:[<nil>] duration:[292.965903ms]
2025/05/21 00:46:55 worker:[0] reqid:[48031] qname:[google.com.] qtype:[A] respid:[48031] rcode:[NOERROR] respflags:[qr rd ra] err:[<nil>] duration:[84.958716ms]
2025/05/21 00:46:55 worker:[0] reqid:[50505] qname:[googleusercontent.com.] qtype:[A] respid:[50505] rcode:[NOERROR] respflags:[qr rd ra] err:[<nil>] duration:[297.274427ms]
2025/05/21 00:46:55 worker:[0] reqid:[54776] qname:[facebook.com.] qtype:[A] respid:[54776] rcode:[NOERROR] respflags:[qr rd ra] err:[<nil>] duration:[87.123657ms]
2025/05/21 00:46:55 worker:[0] reqid:[11499] qname:[instagram.com.] qtype:[A] respid:[11499] rcode:[NOERROR] respflags:[qr rd ra] err:[<nil>] duration:[85.76402ms]
2025/05/21 00:46:55 worker:[0] reqid:[45859] qname:[wikipedia.org.] qtype:[A] respid:[45859] rcode:[NOERROR] respflags:[qr rd ra] err:[<nil>] duration:[84.847219ms]
2025/05/21 00:46:55 worker:[0] reqid:[15419] qname:[x.com.] qtype:[A] respid:[15419] rcode:[NOERROR] respflags:[qr rd ra] err:[<nil>] duration:[84.556191ms]
2025/05/21 00:46:55 worker:[0] reqid:[54005] qname:[amazon.com.] qtype:[A] respid:[54005] rcode:[NOERROR] respflags:[qr rd ra] err:[<nil>] duration:[84.807949ms]
2025/05/21 00:46:56 worker:[0] reqid:[30238] qname:[tiktok.com.] qtype:[A] respid:[30238] rcode:[NOERROR] respflags:[qr rd ra] err:[<nil>] duration:[84.160379ms]
2025/05/21 00:46:56 worker:[0] reqid:[53437] qname:[whatsapp.com.] qtype:[A] respid:[53437] rcode:[NOERROR] respflags:[qr rd ra] err:[<nil>] duration:[83.854951ms]
2025/05/21 00:46:56 worker:[0] reqid:[38721] qname:[yahoo.com.] qtype:[A] respid:[38721] rcode:[NOERROR] respflags:[qr rd ra] err:[<nil>] duration:[293.517142ms]
2025/05/21 00:46:56 worker:[0] reqid:[20727] qname:[google.com.] qtype:[A] respid:[20727] rcode:[NOERROR] respflags:[qr rd ra] err:[<nil>] duration:[497.905376ms]
2025/05/21 00:46:57 worker:[0] reqid:[48976] qname:[googleusercontent.com.] qtype:[A] respid:[48976] rcode:[NOERROR] respflags:[qr rd ra] err:[<nil>] duration:[84.050847ms]
2025/05/21 00:46:57 worker:[0] reqid:[21642] qname:[facebook.com.] qtype:[A] respid:[21642] rcode:[NOERROR] respflags:[qr rd ra] err:[<nil>] duration:[88.429715ms]
2025/05/21 00:46:57 worker:[0] reqid:[46232] qname:[instagram.com.] qtype:[A] respid:[46232] rcode:[NOERROR] respflags:[qr rd ra] err:[<nil>] duration:[130.832357ms]
2025/05/21 00:46:57 worker:[0] reqid:[30143] qname:[wikipedia.org.] qtype:[A] respid:[30143] rcode:[NOERROR] respflags:[qr rd ra] err:[<nil>] duration:[99.315748ms]
2025/05/21 00:46:57 worker:[0] reqid:[20026] qname:[x.com.] qtype:[A] respid:[20026] rcode:[NOERROR] respflags:[qr rd ra] err:[<nil>] duration:[89.734291ms]
2025/05/21 00:46:57 worker:[0] reqid:[59466] qname:[amazon.com.] qtype:[A] respid:[59466] rcode:[NOERROR] respflags:[qr rd ra] err:[<nil>] duration:[116.459002ms]
2025/05/21 00:46:57 worker:[0] reqid:[58989] qname:[tiktok.com.] qtype:[A] respid:[58989] rcode:[NOERROR] respflags:[qr rd ra] err:[<nil>] duration:[382.849749ms]
2025/05/21 00:46:58 worker:[0] reqid:[43448] qname:[whatsapp.com.] qtype:[A] respid:[43448] rcode:[NOERROR] respflags:[qr rd ra] err:[<nil>] duration:[614.502892ms]
2025/05/21 00:46:58 worker:[0] reqid:[272] qname:[yahoo.com.] qtype:[A] respid:[272] rcode:[NOERROR] respflags:[qr rd ra] err:[<nil>] duration:[110.160776ms]
2025/05/21 00:46:59 worker:[0] reqid:[57153] qname:[google.com.] qtype:[A] respid:[57153] rcode:[NOERROR] respflags:[qr rd ra] err:[<nil>] duration:[431.922755ms]
2025/05/21 00:46:59 worker:[0] reqid:[62887] qname:[googleusercontent.com.] qtype:[A] respid:[62887] rcode:[NOERROR] respflags:[qr rd ra] err:[<nil>] duration:[84.537805ms]
2025/05/21 00:46:59 worker:[0] reqid:[56169] qname:[facebook.com.] qtype:[A] respid:[56169] rcode:[NOERROR] respflags:[qr rd ra] err:[<nil>] duration:[300.905201ms]
2025/05/21 00:46:59 worker:[0] reqid:[23041] qname:[instagram.com.] qtype:[A] respid:[23041] rcode:[NOERROR] respflags:[qr rd ra] err:[<nil>] duration:[83.630294ms]
2025/05/21 00:46:59 worker:[0] reqid:[58931] qname:[wikipedia.org.] qtype:[A] respid:[58931] rcode:[NOERROR] respflags:[qr rd ra] err:[<nil>] duration:[141.979098ms]
2025/05/21 00:46:59 worker:[0] reqid:[45732] qname:[x.com.] qtype:[A] respid:[45732] rcode:[NOERROR] respflags:[qr rd ra] err:[<nil>] duration:[84.87105ms]
2025/05/21 00:46:59 worker:[0] reqid:[37862] qname:[amazon.com.] qtype:[A] respid:[37862] rcode:[NOERROR] respflags:[qr rd ra] err:[<nil>] duration:[83.66723ms]
2025/05/21 00:46:59 worker:[0] reqid:[53863] qname:[tiktok.com.] qtype:[A] respid:[53863] rcode:[NOERROR] respflags:[qr rd ra] err:[<nil>] duration:[138.651608ms]
2025/05/21 00:47:00 worker:[0] reqid:[58871] qname:[whatsapp.com.] qtype:[A] respid:[58871] rcode:[NOERROR] respflags:[qr rd ra] err:[<nil>] duration:[153.550736ms]
2025/05/21 00:47:00 worker:[0] reqid:[26630] qname:[yahoo.com.] qtype:[A] respid:[26630] rcode:[NOERROR] respflags:[qr rd ra] err:[<nil>] duration:[88.987552ms]
2025/05/21 00:47:00 worker:[0] reqid:[43308] qname:[google.com.] qtype:[A] respid:[43308] rcode:[NOERROR] respflags:[qr rd ra] err:[<nil>] duration:[85.695615ms]
2025/05/21 00:47:00 worker:[0] reqid:[54572] qname:[googleusercontent.com.] qtype:[A] respid:[54572] rcode:[NOERROR] respflags:[qr rd ra] err:[<nil>] duration:[84.355656ms]
2025/05/21 00:47:00 worker:[0] reqid:[38582] qname:[facebook.com.] qtype:[A] respid:[38582] rcode:[NOERROR] respflags:[qr rd ra] err:[<nil>] duration:[87.683694ms]
2025/05/21 00:47:03 worker:[0] reqid:[8662] qname:[instagram.com.] qtype:[A] respid:[8662] rcode:[NOERROR] respflags:[qr rd ra] err:[<nil>] duration:[3.216991693s]
2025/05/21 00:47:08 worker:[0] reqid:[9165] qname:[wikipedia.org.] qtype:[A] respid:[<nil>] rcode:[<nil>] respflags:[<nil>] err:[read tcp 192.168.83.137:36070->94.140.14.49:853: i/o timeout] duration:[5.001221372s]
2025/05/21 00:47:12 worker:[0] reqid:[13412] qname:[x.com.] qtype:[A] respid:[13412] rcode:[NOERROR] respflags:[qr rd ra] err:[<nil>] duration:[3.568955922s]
2025/05/21 00:47:12 worker:[0] reqid:[47077] qname:[amazon.com.] qtype:[A] respid:[47077] rcode:[NOERROR] respflags:[qr rd ra] err:[<nil>] duration:[107.977576ms]
2025/05/21 00:47:12 worker:[0] reqid:[13897] qname:[tiktok.com.] qtype:[A] respid:[13897] rcode:[NOERROR] respflags:[qr rd ra] err:[<nil>] duration:[296.460383ms]
2025/05/21 00:47:12 worker:[0] reqid:[63473] qname:[whatsapp.com.] qtype:[A] respid:[63473] rcode:[NOERROR] respflags:[qr rd ra] err:[<nil>] duration:[98.468585ms]
2025/05/21 00:47:12 worker:[0] reqid:[3616] qname:[yahoo.com.] qtype:[A] respid:[3616] rcode:[NOERROR] respflags:[qr rd ra] err:[<nil>] duration:[102.567821ms]
2025/05/21 00:47:12 worker:[0] reqid:[50816] qname:[google.com.] qtype:[A] respid:[50816] rcode:[NOERROR] respflags:[qr rd ra] err:[<nil>] duration:[106.097217ms]
2025/05/21 00:47:13 worker:[0] reqid:[24519] qname:[googleusercontent.com.] qtype:[A] respid:[24519] rcode:[NOERROR] respflags:[qr rd ra] err:[<nil>] duration:[88.310391ms]
2025/05/21 00:47:13 worker:[0] reqid:[53411] qname:[facebook.com.] qtype:[A] respid:[53411] rcode:[NOERROR] respflags:[qr rd ra] err:[<nil>] duration:[96.700394ms]
2025/05/21 00:47:13 worker:[0] reqid:[31024] qname:[instagram.com.] qtype:[A] respid:[31024] rcode:[NOERROR] respflags:[qr rd ra] err:[<nil>] duration:[86.803272ms]
2025/05/21 00:47:13 worker:[0] reqid:[25295] qname:[wikipedia.org.] qtype:[A] respid:[25295] rcode:[NOERROR] respflags:[qr rd ra] err:[<nil>] duration:[92.834406ms]
2025/05/21 00:47:13 worker:[0] reqid:[44700] qname:[x.com.] qtype:[A] respid:[44700] rcode:[NOERROR] respflags:[qr rd ra] err:[<nil>] duration:[94.437073ms]
2025/05/21 00:47:13 worker:[0] reqid:[43415] qname:[amazon.com.] qtype:[A] respid:[43415] rcode:[NOERROR] respflags:[qr rd ra] err:[<nil>] duration:[290.54611ms]
2025/05/21 00:47:14 worker:[0] reqid:[6819] qname:[tiktok.com.] qtype:[A] respid:[6819] rcode:[NOERROR] respflags:[qr rd ra] err:[<nil>] duration:[523.862477ms]
2025/05/21 00:47:15 worker:[0] reqid:[7954] qname:[whatsapp.com.] qtype:[A] respid:[7954] rcode:[NOERROR] respflags:[qr rd ra] err:[<nil>] duration:[934.443632ms]
2025/05/21 00:47:15 worker:[0] reqid:[35683] qname:[yahoo.com.] qtype:[A] respid:[35683] rcode:[NOERROR] respflags:[qr rd ra] err:[<nil>] duration:[92.895727ms]
2025/05/21 00:47:15 worker:[0] reqid:[44950] qname:[google.com.] qtype:[A] respid:[44950] rcode:[NOERROR] respflags:[qr rd ra] err:[<nil>] duration:[94.88005ms]
2025/05/21 00:47:15 worker:[0] reqid:[50009] qname:[googleusercontent.com.] qtype:[A] respid:[50009] rcode:[NOERROR] respflags:[qr rd ra] err:[<nil>] duration:[105.580501ms]
2025/05/21 00:47:15 worker:[0] reqid:[55800] qname:[facebook.com.] qtype:[A] respid:[55800] rcode:[NOERROR] respflags:[qr rd ra] err:[<nil>] duration:[250.933703ms]
2025/05/21 00:47:15 worker:[0] reqid:[40757] qname:[instagram.com.] qtype:[A] respid:[40757] rcode:[NOERROR] respflags:[qr rd ra] err:[<nil>] duration:[89.897249ms]
2025/05/21 00:47:15 worker:[0] reqid:[2005] qname:[wikipedia.org.] qtype:[A] respid:[2005] rcode:[NOERROR] respflags:[qr rd ra] err:[<nil>] duration:[89.096927ms]
2025/05/21 00:47:16 worker:[0] reqid:[25142] qname:[x.com.] qtype:[A] respid:[25142] rcode:[NOERROR] respflags:[qr rd ra] err:[<nil>] duration:[725.76552ms]
2025/05/21 00:47:16 worker:[0] reqid:[31754] qname:[amazon.com.] qtype:[A] respid:[31754] rcode:[NOERROR] respflags:[qr rd ra] err:[<nil>] duration:[94.292578ms]
2025/05/21 00:47:16 worker:[0] reqid:[17603] qname:[tiktok.com.] qtype:[A] respid:[17603] rcode:[NOERROR] respflags:[qr rd ra] err:[<nil>] duration:[96.259703ms]
2025/05/21 00:47:16 worker:[0] reqid:[23176] qname:[whatsapp.com.] qtype:[A] respid:[23176] rcode:[NOERROR] respflags:[qr rd ra] err:[<nil>] duration:[88.469148ms]
2025/05/21 00:47:17 worker:[0] reqid:[32174] qname:[yahoo.com.] qtype:[A] respid:[32174] rcode:[NOERROR] respflags:[qr rd ra] err:[<nil>] duration:[95.172331ms]
2025/05/21 00:47:17 worker:[0] reqid:[41237] qname:[google.com.] qtype:[A] respid:[41237] rcode:[NOERROR] respflags:[qr rd ra] err:[<nil>] duration:[299.394951ms]
2025/05/21 00:47:17 worker:[0] reqid:[17180] qname:[googleusercontent.com.] qtype:[A] respid:[17180] rcode:[NOERROR] respflags:[qr rd ra] err:[<nil>] duration:[86.569834ms]
2025/05/21 00:47:17 worker:[0] reqid:[53812] qname:[facebook.com.] qtype:[A] respid:[53812] rcode:[NOERROR] respflags:[qr rd ra] err:[<nil>] duration:[294.516841ms]
2025/05/21 00:47:17 worker:[0] reqid:[61916] qname:[instagram.com.] qtype:[A] respid:[61916] rcode:[NOERROR] respflags:[qr rd ra] err:[<nil>] duration:[85.853643ms]
2025/05/21 00:47:17 worker:[0] reqid:[40174] qname:[wikipedia.org.] qtype:[A] respid:[40174] rcode:[NOERROR] respflags:[qr rd ra] err:[<nil>] duration:[88.835757ms]
2025/05/21 00:47:17 worker:[0] reqid:[30711] qname:[x.com.] qtype:[A] respid:[30711] rcode:[NOERROR] respflags:[qr rd ra] err:[<nil>] duration:[88.024918ms]
2025/05/21 00:47:18 worker:[0] reqid:[54401] qname:[amazon.com.] qtype:[A] respid:[54401] rcode:[NOERROR] respflags:[qr rd ra] err:[<nil>] duration:[86.800984ms]
2025/05/21 00:47:18 worker:[0] reqid:[11180] qname:[tiktok.com.] qtype:[A] respid:[11180] rcode:[NOERROR] respflags:[qr rd ra] err:[<nil>] duration:[88.556557ms]
2025/05/21 00:47:18 worker:[0] reqid:[18972] qname:[whatsapp.com.] qtype:[A] respid:[18972] rcode:[NOERROR] respflags:[qr rd ra] err:[<nil>] duration:[99.866988ms]
2025/05/21 00:47:18 worker:[0] reqid:[60094] qname:[yahoo.com.] qtype:[A] respid:[60094] rcode:[NOERROR] respflags:[qr rd ra] err:[<nil>] duration:[105.380105ms]
2025/05/21 00:47:18 worker:[0] reqid:[14440] qname:[google.com.] qtype:[A] respid:[14440] rcode:[NOERROR] respflags:[qr rd ra] err:[<nil>] duration:[91.194037ms]
2025/05/21 00:47:18 worker:[0] reqid:[51808] qname:[googleusercontent.com.] qtype:[A] respid:[51808] rcode:[NOERROR] respflags:[qr rd ra] err:[<nil>] duration:[94.893473ms]
2025/05/21 00:47:18 worker:[0] reqid:[3402] qname:[facebook.com.] qtype:[A] respid:[3402] rcode:[NOERROR] respflags:[qr rd ra] err:[<nil>] duration:[94.624246ms]
2025/05/21 00:47:18 worker:[0] reqid:[38815] qname:[instagram.com.] qtype:[A] respid:[38815] rcode:[NOERROR] respflags:[qr rd ra] err:[<nil>] duration:[108.213556ms]
2025/05/21 00:47:19 worker:[0] reqid:[41975] qname:[wikipedia.org.] qtype:[A] respid:[41975] rcode:[NOERROR] respflags:[qr rd ra] err:[<nil>] duration:[299.826971ms]
2025/05/21 00:47:19 worker:[0] reqid:[43375] qname:[x.com.] qtype:[A] respid:[43375] rcode:[NOERROR] respflags:[qr rd ra] err:[<nil>] duration:[93.796251ms]
2025/05/21 00:47:19 worker:[0] reqid:[21913] qname:[amazon.com.] qtype:[A] respid:[21913] rcode:[NOERROR] respflags:[qr rd ra] err:[<nil>] duration:[100.986035ms]
2025/05/21 00:47:19 worker:[0] reqid:[15538] qname:[tiktok.com.] qtype:[A] respid:[15538] rcode:[NOERROR] respflags:[qr rd ra] err:[<nil>] duration:[102.814254ms]
2025/05/21 00:47:19 worker:[0] reqid:[60583] qname:[whatsapp.com.] qtype:[A] respid:[60583] rcode:[NOERROR] respflags:[qr rd ra] err:[<nil>] duration:[111.360927ms]
2025/05/21 00:47:19 worker:[0] reqid:[65050] qname:[yahoo.com.] qtype:[A] respid:[65050] rcode:[NOERROR] respflags:[qr rd ra] err:[<nil>] duration:[108.182844ms]
2025/05/21 00:47:19 worker:[0] reqid:[50143] qname:[google.com.] qtype:[A] respid:[50143] rcode:[NOERROR] respflags:[qr rd ra] err:[<nil>] duration:[101.563863ms]
2025/05/21 00:47:19 worker:[0] reqid:[59533] qname:[googleusercontent.com.] qtype:[A] respid:[59533] rcode:[NOERROR] respflags:[qr rd ra] err:[<nil>] duration:[103.572639ms]
2025/05/21 00:47:19 worker:[0] reqid:[4944] qname:[facebook.com.] qtype:[A] respid:[4944] rcode:[NOERROR] respflags:[qr rd ra] err:[<nil>] duration:[95.61445ms]
2025/05/21 00:47:19 worker:[0] reqid:[57850] qname:[instagram.com.] qtype:[A] respid:[57850] rcode:[NOERROR] respflags:[qr rd ra] err:[<nil>] duration:[99.746997ms]
2025/05/21 00:47:20 worker:[0] reqid:[4307] qname:[wikipedia.org.] qtype:[A] respid:[4307] rcode:[NOERROR] respflags:[qr rd ra] err:[<nil>] duration:[86.409102ms]
2025/05/21 00:47:20 worker:[0] reqid:[2966] qname:[x.com.] qtype:[A] respid:[2966] rcode:[NOERROR] respflags:[qr rd ra] err:[<nil>] duration:[95.123139ms]
2025/05/21 00:47:20 worker:[0] reqid:[20342] qname:[amazon.com.] qtype:[A] respid:[20342] rcode:[NOERROR] respflags:[qr rd ra] err:[<nil>] duration:[86.426854ms]
2025/05/21 00:47:20 worker:[0] reqid:[63622] qname:[tiktok.com.] qtype:[A] respid:[63622] rcode:[NOERROR] respflags:[qr rd ra] err:[<nil>] duration:[92.252885ms]
2025/05/21 00:47:20 worker:[0] reqid:[58097] qname:[whatsapp.com.] qtype:[A] respid:[58097] rcode:[NOERROR] respflags:[qr rd ra] err:[<nil>] duration:[97.946132ms]
2025/05/21 00:47:20 worker:[0] reqid:[47223] qname:[yahoo.com.] qtype:[A] respid:[47223] rcode:[NOERROR] respflags:[qr rd ra] err:[<nil>] duration:[88.726154ms]
2025/05/21 00:47:20 worker:[0] reqid:[5819] qname:[google.com.] qtype:[A] respid:[5819] rcode:[NOERROR] respflags:[qr rd ra] err:[<nil>] duration:[97.702735ms]
2025/05/21 00:47:20 worker:[0] reqid:[12763] qname:[googleusercontent.com.] qtype:[A] respid:[12763] rcode:[NOERROR] respflags:[qr rd ra] err:[<nil>] duration:[89.163243ms]
2025/05/21 00:47:20 worker:[0] reqid:[56577] qname:[facebook.com.] qtype:[A] respid:[56577] rcode:[NOERROR] respflags:[qr rd ra] err:[<nil>] duration:[94.457453ms]
2025/05/21 00:47:20 worker:[0] reqid:[9712] qname:[instagram.com.] qtype:[A] respid:[9712] rcode:[NOERROR] respflags:[qr rd ra] err:[<nil>] duration:[86.183721ms]
2025/05/21 00:47:20 worker:[0] reqid:[27554] qname:[wikipedia.org.] qtype:[A] respid:[27554] rcode:[NOERROR] respflags:[qr rd ra] err:[<nil>] duration:[85.795276ms]
2025/05/21 00:47:21 worker:[0] reqid:[35293] qname:[x.com.] qtype:[A] respid:[35293] rcode:[NOERROR] respflags:[qr rd ra] err:[<nil>] duration:[85.397684ms]
2025/05/21 00:47:21 worker:[0] reqid:[41036] qname:[amazon.com.] qtype:[A] respid:[41036] rcode:[NOERROR] respflags:[qr rd ra] err:[<nil>] duration:[86.096419ms]
2025/05/21 00:47:21 worker:[0] reqid:[50520] qname:[tiktok.com.] qtype:[A] respid:[50520] rcode:[NOERROR] respflags:[qr rd ra] err:[<nil>] duration:[93.951111ms]
2025/05/21 00:47:21 worker:[0] reqid:[63950] qname:[whatsapp.com.] qtype:[A] respid:[63950] rcode:[NOERROR] respflags:[qr rd ra] err:[<nil>] duration:[90.610835ms]
2025/05/21 00:47:21 worker:[0] reqid:[56587] qname:[yahoo.com.] qtype:[A] respid:[56587] rcode:[NOERROR] respflags:[qr rd ra] err:[<nil>] duration:[87.133737ms]
2025/05/21 00:47:21 worker:[0] reqid:[22602] qname:[google.com.] qtype:[A] respid:[22602] rcode:[NOERROR] respflags:[qr rd ra] err:[<nil>] duration:[86.928726ms]
2025/05/21 00:47:21 worker:[0] reqid:[62600] qname:[googleusercontent.com.] qtype:[A] respid:[62600] rcode:[NOERROR] respflags:[qr rd ra] err:[<nil>] duration:[86.842163ms]
2025/05/21 00:47:21 worker:[0] reqid:[53648] qname:[facebook.com.] qtype:[A] respid:[53648] rcode:[NOERROR] respflags:[qr rd ra] err:[<nil>] duration:[88.479351ms]
2025/05/21 00:47:21 worker:[0] reqid:[48609] qname:[instagram.com.] qtype:[A] respid:[48609] rcode:[NOERROR] respflags:[qr rd ra] err:[<nil>] duration:[91.360039ms]
2025/05/21 00:47:22 worker:[0] reqid:[22855] qname:[wikipedia.org.] qtype:[A] respid:[22855] rcode:[NOERROR] respflags:[qr rd ra] err:[<nil>] duration:[294.658501ms]
2025/05/21 00:47:22 worker:[0] reqid:[53083] qname:[x.com.] qtype:[A] respid:[53083] rcode:[NOERROR] respflags:[qr rd ra] err:[<nil>] duration:[85.734732ms]
2025/05/21 00:47:22 worker:[0] reqid:[50974] qname:[amazon.com.] qtype:[A] respid:[50974] rcode:[NOERROR] respflags:[qr rd ra] err:[<nil>] duration:[86.433712ms]
2025/05/21 00:47:22 worker:[0] reqid:[48158] qname:[tiktok.com.] qtype:[A] respid:[48158] rcode:[NOERROR] respflags:[qr rd ra] err:[<nil>] duration:[89.248949ms]
2025/05/21 00:47:22 worker:[0] reqid:[64352] qname:[whatsapp.com.] qtype:[A] respid:[64352] rcode:[NOERROR] respflags:[qr rd ra] err:[<nil>] duration:[89.32559ms]
2025/05/21 00:47:22 worker:[0] reqid:[24418] qname:[yahoo.com.] qtype:[A] respid:[24418] rcode:[NOERROR] respflags:[qr rd ra] err:[<nil>] duration:[92.909668ms]
2025/05/21 00:47:22 worker:[0] reqid:[30302] qname:[google.com.] qtype:[A] respid:[30302] rcode:[NOERROR] respflags:[qr rd ra] err:[<nil>] duration:[88.243606ms]
2025/05/21 00:47:22 worker:[0] reqid:[31453] qname:[googleusercontent.com.] qtype:[A] respid:[31453] rcode:[NOERROR] respflags:[qr rd ra] err:[<nil>] duration:[88.23791ms]
2025/05/21 00:47:22 worker:[0] reqid:[25284] qname:[facebook.com.] qtype:[A] respid:[25284] rcode:[NOERROR] respflags:[qr rd ra] err:[<nil>] duration:[98.258558ms]
2025/05/21 00:47:22 worker:[0] reqid:[3650] qname:[instagram.com.] qtype:[A] respid:[3650] rcode:[NOERROR] respflags:[qr rd ra] err:[<nil>] duration:[88.871639ms]
2025/05/21 00:47:23 worker:[0] reqid:[44003] qname:[wikipedia.org.] qtype:[A] respid:[44003] rcode:[NOERROR] respflags:[qr rd ra] err:[<nil>] duration:[294.774482ms]
2025/05/21 00:47:23 worker:[0] reqid:[14495] qname:[x.com.] qtype:[A] respid:[14495] rcode:[NOERROR] respflags:[qr rd ra] err:[<nil>] duration:[92.040838ms]
2025/05/21 00:47:24 worker:[0] reqid:[64445] qname:[amazon.com.] qtype:[A] respid:[64445] rcode:[NOERROR] respflags:[qr rd ra] err:[<nil>] duration:[1.544328135s]
2025/05/21 00:47:24 worker:[0] reqid:[10212] qname:[tiktok.com.] qtype:[A] respid:[10212] rcode:[NOERROR] respflags:[qr rd ra] err:[<nil>] duration:[87.48722ms]
2025/05/21 00:47:24 worker:[0] reqid:[18776] qname:[whatsapp.com.] qtype:[A] respid:[18776] rcode:[NOERROR] respflags:[qr rd ra] err:[<nil>] duration:[91.561385ms]
2025/05/21 00:47:25 worker:[0] reqid:[15627] qname:[yahoo.com.] qtype:[A] respid:[15627] rcode:[NOERROR] respflags:[qr rd ra] err:[<nil>] duration:[87.220505ms]
2025/05/21 00:47:25 worker:[0] reqid:[26936] qname:[google.com.] qtype:[A] respid:[26936] rcode:[NOERROR] respflags:[qr rd ra] err:[<nil>] duration:[293.359101ms]
2025/05/21 00:47:25 worker:[0] reqid:[51409] qname:[googleusercontent.com.] qtype:[A] respid:[51409] rcode:[NOERROR] respflags:[qr rd ra] err:[<nil>] duration:[503.602255ms]
2025/05/21 00:47:26 worker:[0] reqid:[10271] qname:[facebook.com.] qtype:[A] respid:[10271] rcode:[NOERROR] respflags:[qr rd ra] err:[<nil>] duration:[920.578693ms]
2025/05/21 00:47:26 worker:[0] reqid:[62294] qname:[instagram.com.] qtype:[A] respid:[62294] rcode:[NOERROR] respflags:[qr rd ra] err:[<nil>] duration:[92.900479ms]
2025/05/21 00:47:26 worker:[0] reqid:[64115] qname:[wikipedia.org.] qtype:[A] respid:[64115] rcode:[NOERROR] respflags:[qr rd ra] err:[<nil>] duration:[85.785872ms]
2025/05/21 00:47:27 worker:[0] reqid:[43115] qname:[x.com.] qtype:[A] respid:[43115] rcode:[NOERROR] respflags:[qr rd ra] err:[<nil>] duration:[86.958604ms]
2025/05/21 00:47:27 worker:[0] reqid:[8071] qname:[amazon.com.] qtype:[A] respid:[8071] rcode:[NOERROR] respflags:[qr rd ra] err:[<nil>] duration:[87.128957ms]
2025/05/21 00:47:27 worker:[0] reqid:[53737] qname:[tiktok.com.] qtype:[A] respid:[53737] rcode:[NOERROR] respflags:[qr rd ra] err:[<nil>] duration:[88.896588ms]
2025/05/21 00:47:27 worker:[0] reqid:[25342] qname:[whatsapp.com.] qtype:[A] respid:[25342] rcode:[NOERROR] respflags:[qr rd ra] err:[<nil>] duration:[301.272682ms]
2025/05/21 00:47:27 worker:[0] reqid:[28988] qname:[yahoo.com.] qtype:[A] respid:[28988] rcode:[NOERROR] respflags:[qr rd ra] err:[<nil>] duration:[94.63307ms]
2025/05/21 00:47:27 worker:[0] reqid:[61427] qname:[google.com.] qtype:[A] respid:[61427] rcode:[NOERROR] respflags:[qr rd ra] err:[<nil>] duration:[100.919391ms]
2025/05/21 00:47:29 worker:[0] reqid:[36863] qname:[googleusercontent.com.] qtype:[A] respid:[<nil>] rcode:[<nil>] respflags:[<nil>] err:[read tcp 192.168.83.137:40918->94.140.14.49:853: i/o timeout] duration:[1.492240733s]
