2025/05/21 01:20:20 worker:[0] reqid:[42355] qname:[google.com.] qtype:[A] respid:[42355] rcode:[NOERROR] respflags:[qr rd ra] err:[<nil>] duration:[84.856925ms]
2025/05/21 01:20:20 worker:[0] reqid:[53974] qname:[googleusercontent.com.] qtype:[A] respid:[53974] rcode:[NOERROR] respflags:[qr rd ra] err:[<nil>] duration:[87.069586ms]
2025/05/21 01:20:25 worker:[0] reqid:[20546] qname:[facebook.com.] qtype:[A] respid:[<nil>] rcode:[<nil>] respflags:[<nil>] err:[read udp 192.168.83.137:58217->94.140.14.49:53: i/o timeout] duration:[5.001338537s]
2025/05/21 01:20:30 worker:[0] reqid:[60252] qname:[instagram.com.] qtype:[A] respid:[<nil>] rcode:[<nil>] respflags:[<nil>] err:[dial udp: lookup 245cca3b.d.adguard-dns.com: i/o timeout] duration:[5.000058574s]
2025/05/21 01:20:30 worker:[0] reqid:[22696] qname:[wikipedia.org.] qtype:[A] respid:[22696] rcode:[NOERROR] respflags:[qr rd ra] err:[<nil>] duration:[121.93667ms]
2025/05/21 01:20:30 worker:[0] reqid:[62129] qname:[x.com.] qtype:[A] respid:[62129] rcode:[NOERROR] respflags:[qr rd ra] err:[<nil>] duration:[4.631868ms]
2025/05/21 01:20:30 worker:[0] reqid:[27887] qname:[amazon.com.] qtype:[A] respid:[27887] rcode:[NOERROR] respflags:[qr rd ra] err:[<nil>] duration:[79.414004ms]
2025/05/21 01:20:30 worker:[0] reqid:[4161] qname:[tiktok.com.] qtype:[A] respid:[4161] rcode:[NOERROR] respflags:[qr rd ra] err:[<nil>] duration:[5.812658ms]
2025/05/21 01:20:30 worker:[0] reqid:[61782] qname:[whatsapp.com.] qtype:[A] respid:[61782] rcode:[NOERROR] respflags:[qr rd ra] err:[<nil>] duration:[82.315814ms]
2025/05/21 01:20:30 worker:[0] reqid:[39383] qname:[yahoo.com.] qtype:[A] respid:[39383] rcode:[NOERROR] respflags:[qr rd ra] err:[<nil>] duration:[88.284412ms]
2025/05/21 01:20:30 worker:[0] reqid:[47665] qname:[google.com.] qtype:[A] respid:[47665] rcode:[NOERROR] respflags:[qr rd ra] err:[<nil>] duration:[13.639322ms]
2025/05/21 01:20:31 worker:[0] reqid:[15067] qname:[googleusercontent.com.] qtype:[A] respid:[15067] rcode:[NOERROR] respflags:[qr rd ra] err:[<nil>] duration:[76.604997ms]
2025/05/21 01:20:31 worker:[0] reqid:[51261] qname:[facebook.com.] qtype:[A] respid:[51261] rcode:[NOERROR] respflags:[qr rd ra] err:[<nil>] duration:[3.512238ms]
2025/05/21 01:20:31 worker:[0] reqid:[30150] qname:[instagram.com.] qtype:[A] respid:[30150] rcode:[NOERROR] respflags:[qr rd ra] err:[<nil>] duration:[3.017926ms]
2025/05/21 01:20:31 worker:[0] reqid:[5817] qname:[wikipedia.org.] qtype:[A] respid:[5817] rcode:[NOERROR] respflags:[qr rd ra] err:[<nil>] duration:[77.60817ms]
2025/05/21 01:20:31 worker:[0] reqid:[51314] qname:[x.com.] qtype:[A] respid:[51314] rcode:[NOERROR] respflags:[qr rd ra] err:[<nil>] duration:[3.060995ms]
2025/05/21 01:20:31 worker:[0] reqid:[63152] qname:[amazon.com.] qtype:[A] respid:[63152] rcode:[NOERROR] respflags:[qr rd ra] err:[<nil>] duration:[77.083869ms]
2025/05/21 01:20:31 worker:[0] reqid:[5223] qname:[tiktok.com.] qtype:[A] respid:[5223] rcode:[NOERROR] respflags:[qr rd ra] err:[<nil>] duration:[3.791081ms]
2025/05/21 01:20:31 worker:[0] reqid:[38694] qname:[whatsapp.com.] qtype:[A] respid:[38694] rcode:[NOERROR] respflags:[qr rd ra] err:[<nil>] duration:[77.721614ms]
2025/05/21 01:20:31 worker:[0] reqid:[24551] qname:[yahoo.com.] qtype:[A] respid:[24551] rcode:[NOERROR] respflags:[qr rd ra] err:[<nil>] duration:[81.732917ms]
2025/05/21 01:20:31 worker:[0] reqid:[36292] qname:[google.com.] qtype:[A] respid:[36292] rcode:[NOERROR] respflags:[qr rd ra] err:[<nil>] duration:[6.548367ms]
2025/05/21 01:20:31 worker:[0] reqid:[50938] qname:[googleusercontent.com.] qtype:[A] respid:[50938] rcode:[NOERROR] respflags:[qr rd ra] err:[<nil>] duration:[77.835559ms]
2025/05/21 01:20:31 worker:[0] reqid:[56172] qname:[facebook.com.] qtype:[A] respid:[56172] rcode:[NOERROR] respflags:[qr rd ra] err:[<nil>] duration:[4.256518ms]
2025/05/21 01:20:31 worker:[0] reqid:[43937] qname:[instagram.com.] qtype:[A] respid:[43937] rcode:[NOERROR] respflags:[qr rd ra] err:[<nil>] duration:[3.557245ms]
2025/05/21 01:20:31 worker:[0] reqid:[35420] qname:[wikipedia.org.] qtype:[A] respid:[35420] rcode:[NOERROR] respflags:[qr rd ra] err:[<nil>] duration:[76.562192ms]
2025/05/21 01:20:31 worker:[0] reqid:[16442] qname:[x.com.] qtype:[A] respid:[16442] rcode:[NOERROR] respflags:[qr rd ra] err:[<nil>] duration:[3.100449ms]
2025/05/21 01:20:31 worker:[0] reqid:[43633] qname:[amazon.com.] qtype:[A] respid:[43633] rcode:[NOERROR] respflags:[qr rd ra] err:[<nil>] duration:[76.880013ms]
2025/05/21 01:20:31 worker:[0] reqid:[58320] qname:[tiktok.com.] qtype:[A] respid:[58320] rcode:[NOERROR] respflags:[qr rd ra] err:[<nil>] duration:[3.540942ms]
2025/05/21 01:20:31 worker:[0] reqid:[54969] qname:[whatsapp.com.] qtype:[A] respid:[54969] rcode:[NOERROR] respflags:[qr rd ra] err:[<nil>] duration:[77.633965ms]
2025/05/21 01:20:31 worker:[0] reqid:[56041] qname:[yahoo.com.] qtype:[A] respid:[56041] rcode:[NOERROR] respflags:[qr rd ra] err:[<nil>] duration:[80.23942ms]
2025/05/21 01:20:31 worker:[0] reqid:[63501] qname:[google.com.] qtype:[A] respid:[63501] rcode:[NOERROR] respflags:[qr rd ra] err:[<nil>] duration:[4.716004ms]
2025/05/21 01:20:31 worker:[0] reqid:[49347] qname:[googleusercontent.com.] qtype:[A] respid:[49347] rcode:[NOERROR] respflags:[qr rd ra] err:[<nil>] duration:[76.161878ms]
2025/05/21 01:20:31 worker:[0] reqid:[62342] qname:[facebook.com.] qtype:[A] respid:[62342] rcode:[NOERROR] respflags:[qr rd ra] err:[<nil>] duration:[2.615277ms]
2025/05/21 01:20:31 worker:[0] reqid:[29727] qname:[instagram.com.] qtype:[A] respid:[29727] rcode:[NOERROR] respflags:[qr rd ra] err:[<nil>] duration:[2.605176ms]
2025/05/21 01:20:31 worker:[0] reqid:[59007] qname:[wikipedia.org.] qtype:[A] respid:[59007] rcode:[NOERROR] respflags:[qr rd ra] err:[<nil>] duration:[79.816569ms]
2025/05/21 01:20:31 worker:[0] reqid:[59611] qname:[x.com.] qtype:[A] respid:[59611] rcode:[NOERROR] respflags:[qr rd ra] err:[<nil>] duration:[4.901369ms]
2025/05/21 01:20:31 worker:[0] reqid:[18951] qname:[amazon.com.] qtype:[A] respid:[18951] rcode:[NOERROR] respflags:[qr rd ra] err:[<nil>] duration:[77.491178ms]
2025/05/21 01:20:32 worker:[0] reqid:[50118] qname:[tiktok.com.] qtype:[A] respid:[50118] rcode:[NOERROR] respflags:[qr rd ra] err:[<nil>] duration:[8.646679ms]
2025/05/21 01:20:32 worker:[0] reqid:[57142] qname:[whatsapp.com.] qtype:[A] respid:[57142] rcode:[NOERROR] respflags:[qr rd ra] err:[<nil>] duration:[77.757831ms]
2025/05/21 01:20:32 worker:[0] reqid:[58437] qname:[yahoo.com.] qtype:[A] respid:[58437] rcode:[NOERROR] respflags:[qr rd ra] err:[<nil>] duration:[85.493339ms]
2025/05/21 01:20:32 worker:[0] reqid:[11183] qname:[google.com.] qtype:[A] respid:[11183] rcode:[NOERROR] respflags:[qr rd ra] err:[<nil>] duration:[5.539049ms]
2025/05/21 01:20:32 worker:[0] reqid:[7060] qname:[googleusercontent.com.] qtype:[A] respid:[7060] rcode:[NOERROR] respflags:[qr rd ra] err:[<nil>] duration:[78.499274ms]
2025/05/21 01:20:32 worker:[0] reqid:[45076] qname:[facebook.com.] qtype:[A] respid:[45076] rcode:[NOERROR] respflags:[qr rd ra] err:[<nil>] duration:[4.119043ms]
2025/05/21 01:20:32 worker:[0] reqid:[18399] qname:[instagram.com.] qtype:[A] respid:[18399] rcode:[NOERROR] respflags:[qr rd ra] err:[<nil>] duration:[3.824841ms]
2025/05/21 01:20:32 worker:[0] reqid:[14778] qname:[wikipedia.org.] qtype:[A] respid:[14778] rcode:[NOERROR] respflags:[qr rd ra] err:[<nil>] duration:[88.594725ms]
2025/05/21 01:20:32 worker:[0] reqid:[34229] qname:[x.com.] qtype:[A] respid:[34229] rcode:[NOERROR] respflags:[qr rd ra] err:[<nil>] duration:[17.135525ms]
2025/05/21 01:20:32 worker:[0] reqid:[50574] qname:[amazon.com.] qtype:[A] respid:[50574] rcode:[NOERROR] respflags:[qr rd ra] err:[<nil>] duration:[77.12085ms]
2025/05/21 01:20:37 worker:[0] reqid:[24861] qname:[tiktok.com.] qtype:[A] respid:[<nil>] rcode:[<nil>] respflags:[<nil>] err:[read udp 192.168.83.137:60839->94.140.14.49:53: i/o timeout] duration:[5.002567826s]
2025/05/21 01:20:37 worker:[0] reqid:[6896] qname:[whatsapp.com.] qtype:[A] respid:[6896] rcode:[NOERROR] respflags:[qr rd ra] err:[<nil>] duration:[103.505773ms]
2025/05/21 01:20:37 worker:[0] reqid:[20532] qname:[yahoo.com.] qtype:[A] respid:[20532] rcode:[NOERROR] respflags:[qr rd ra] err:[<nil>] duration:[89.582505ms]
2025/05/21 01:20:37 worker:[0] reqid:[61601] qname:[google.com.] qtype:[A] respid:[61601] rcode:[NOERROR] respflags:[qr rd ra] err:[<nil>] duration:[3.783384ms]
2025/05/21 01:20:37 worker:[0] reqid:[43178] qname:[googleusercontent.com.] qtype:[A] respid:[43178] rcode:[NOERROR] respflags:[qr rd ra] err:[<nil>] duration:[87.818057ms]
2025/05/21 01:20:37 worker:[0] reqid:[47328] qname:[facebook.com.] qtype:[A] respid:[47328] rcode:[NOERROR] respflags:[qr rd ra] err:[<nil>] duration:[4.106874ms]
2025/05/21 01:20:37 worker:[0] reqid:[44490] qname:[instagram.com.] qtype:[A] respid:[44490] rcode:[NOERROR] respflags:[qr rd ra] err:[<nil>] duration:[4.359518ms]
2025/05/21 01:20:37 worker:[0] reqid:[20877] qname:[wikipedia.org.] qtype:[A] respid:[20877] rcode:[NOERROR] respflags:[qr rd ra] err:[<nil>] duration:[92.569886ms]
2025/05/21 01:20:37 worker:[0] reqid:[54321] qname:[x.com.] qtype:[A] respid:[54321] rcode:[NOERROR] respflags:[qr rd ra] err:[<nil>] duration:[6.298391ms]
2025/05/21 01:20:37 worker:[0] reqid:[40885] qname:[amazon.com.] qtype:[A] respid:[40885] rcode:[NOERROR] respflags:[qr rd ra] err:[<nil>] duration:[88.882267ms]
2025/05/21 01:20:37 worker:[0] reqid:[56787] qname:[tiktok.com.] qtype:[A] respid:[56787] rcode:[NOERROR] respflags:[qr rd ra] err:[<nil>] duration:[3.655077ms]
2025/05/21 01:20:38 worker:[0] reqid:[24561] qname:[whatsapp.com.] qtype:[A] respid:[24561] rcode:[NOERROR] respflags:[qr rd ra] err:[<nil>] duration:[87.890474ms]
2025/05/21 01:20:38 worker:[0] reqid:[13264] qname:[yahoo.com.] qtype:[A] respid:[13264] rcode:[NOERROR] respflags:[qr rd ra] err:[<nil>] duration:[92.701479ms]
2025/05/21 01:20:38 worker:[0] reqid:[32955] qname:[google.com.] qtype:[A] respid:[32955] rcode:[NOERROR] respflags:[qr rd ra] err:[<nil>] duration:[4.876954ms]
2025/05/21 01:20:38 worker:[0] reqid:[60348] qname:[googleusercontent.com.] qtype:[A] respid:[60348] rcode:[NOERROR] respflags:[qr rd ra] err:[<nil>] duration:[87.663956ms]
2025/05/21 01:20:38 worker:[0] reqid:[12779] qname:[facebook.com.] qtype:[A] respid:[12779] rcode:[NOERROR] respflags:[qr rd ra] err:[<nil>] duration:[9.127326ms]
2025/05/21 01:20:38 worker:[0] reqid:[5406] qname:[instagram.com.] qtype:[A] respid:[5406] rcode:[NOERROR] respflags:[qr rd ra] err:[<nil>] duration:[6.680778ms]
2025/05/21 01:20:38 worker:[0] reqid:[10680] qname:[wikipedia.org.] qtype:[A] respid:[10680] rcode:[NOERROR] respflags:[qr rd ra] err:[<nil>] duration:[89.546762ms]
2025/05/21 01:20:38 worker:[0] reqid:[26931] qname:[x.com.] qtype:[A] respid:[26931] rcode:[NOERROR] respflags:[qr rd ra] err:[<nil>] duration:[4.821973ms]
2025/05/21 01:20:38 worker:[0] reqid:[49950] qname:[amazon.com.] qtype:[A] respid:[49950] rcode:[NOERROR] respflags:[qr rd ra] err:[<nil>] duration:[89.816087ms]
2025/05/21 01:20:38 worker:[0] reqid:[19241] qname:[tiktok.com.] qtype:[A] respid:[19241] rcode:[NOERROR] respflags:[qr rd ra] err:[<nil>] duration:[6.620621ms]
2025/05/21 01:20:38 worker:[0] reqid:[49280] qname:[whatsapp.com.] qtype:[A] respid:[49280] rcode:[NOERROR] respflags:[qr rd ra] err:[<nil>] duration:[87.70887ms]
2025/05/21 01:20:38 worker:[0] reqid:[44109] qname:[yahoo.com.] qtype:[A] respid:[44109] rcode:[NOERROR] respflags:[qr rd ra] err:[<nil>] duration:[86.918224ms]
2025/05/21 01:20:43 worker:[0] reqid:[20521] qname:[google.com.] qtype:[A] respid:[<nil>] rcode:[<nil>] respflags:[<nil>] err:[read udp 192.168.83.137:32937->94.140.14.49:53: i/o timeout] duration:[5.001602062s]
2025/05/21 01:20:48 worker:[0] reqid:[12067] qname:[googleusercontent.com.] qtype:[A] respid:[<nil>] rcode:[<nil>] respflags:[<nil>] err:[read udp 192.168.83.137:35900->94.140.14.49:53: i/o timeout] duration:[5.000401719s]
2025/05/21 01:20:48 worker:[0] reqid:[33190] qname:[facebook.com.] qtype:[A] respid:[33190] rcode:[NOERROR] respflags:[qr rd ra] err:[<nil>] duration:[6.497324ms]
2025/05/21 01:20:48 worker:[0] reqid:[48524] qname:[instagram.com.] qtype:[A] respid:[48524] rcode:[NOERROR] respflags:[qr rd ra] err:[<nil>] duration:[3.966533ms]
2025/05/21 01:20:48 worker:[0] reqid:[2593] qname:[wikipedia.org.] qtype:[A] respid:[2593] rcode:[NOERROR] respflags:[qr rd ra] err:[<nil>] duration:[77.907406ms]
2025/05/21 01:20:48 worker:[0] reqid:[40798] qname:[x.com.] qtype:[A] respid:[40798] rcode:[NOERROR] respflags:[qr rd ra] err:[<nil>] duration:[4.751536ms]
2025/05/21 01:20:48 worker:[0] reqid:[45443] qname:[amazon.com.] qtype:[A] respid:[45443] rcode:[NOERROR] respflags:[qr rd ra] err:[<nil>] duration:[77.556776ms]
2025/05/21 01:20:48 worker:[0] reqid:[57606] qname:[tiktok.com.] qtype:[A] respid:[57606] rcode:[NOERROR] respflags:[qr rd ra] err:[<nil>] duration:[3.747884ms]
2025/05/21 01:20:48 worker:[0] reqid:[22165] qname:[whatsapp.com.] qtype:[A] respid:[22165] rcode:[NOERROR] respflags:[qr rd ra] err:[<nil>] duration:[77.009539ms]
2025/05/21 01:20:48 worker:[0] reqid:[45310] qname:[yahoo.com.] qtype:[A] respid:[45310] rcode:[NOERROR] respflags:[qr rd ra] err:[<nil>] duration:[77.173081ms]
2025/05/21 01:20:48 worker:[0] reqid:[15799] qname:[google.com.] qtype:[A] respid:[15799] rcode:[NOERROR] respflags:[qr rd ra] err:[<nil>] duration:[3.197548ms]
2025/05/21 01:20:49 worker:[0] reqid:[48733] qname:[googleusercontent.com.] qtype:[A] respid:[48733] rcode:[NOERROR] respflags:[qr rd ra] err:[<nil>] duration:[77.82925ms]
2025/05/21 01:20:49 worker:[0] reqid:[6738] qname:[facebook.com.] qtype:[A] respid:[6738] rcode:[NOERROR] respflags:[qr rd ra] err:[<nil>] duration:[5.215874ms]
2025/05/21 01:20:49 worker:[0] reqid:[41990] qname:[instagram.com.] qtype:[A] respid:[41990] rcode:[NOERROR] respflags:[qr rd ra] err:[<nil>] duration:[2.999105ms]
2025/05/21 01:20:49 worker:[0] reqid:[39797] qname:[wikipedia.org.] qtype:[A] respid:[39797] rcode:[NOERROR] respflags:[qr rd ra] err:[<nil>] duration:[77.459303ms]
2025/05/21 01:20:49 worker:[0] reqid:[64425] qname:[x.com.] qtype:[A] respid:[64425] rcode:[NOERROR] respflags:[qr rd ra] err:[<nil>] duration:[4.115372ms]
2025/05/21 01:20:49 worker:[0] reqid:[10252] qname:[amazon.com.] qtype:[A] respid:[10252] rcode:[NOERROR] respflags:[qr rd ra] err:[<nil>] duration:[76.373286ms]
2025/05/21 01:20:49 worker:[0] reqid:[29250] qname:[tiktok.com.] qtype:[A] respid:[29250] rcode:[NOERROR] respflags:[qr rd ra] err:[<nil>] duration:[3.492485ms]
2025/05/21 01:20:49 worker:[0] reqid:[54552] qname:[whatsapp.com.] qtype:[A] respid:[54552] rcode:[NOERROR] respflags:[qr rd ra] err:[<nil>] duration:[79.667351ms]
2025/05/21 01:20:49 worker:[0] reqid:[18223] qname:[yahoo.com.] qtype:[A] respid:[18223] rcode:[NOERROR] respflags:[qr rd ra] err:[<nil>] duration:[77.773657ms]
2025/05/21 01:20:49 worker:[0] reqid:[19311] qname:[google.com.] qtype:[A] respid:[19311] rcode:[NOERROR] respflags:[qr rd ra] err:[<nil>] duration:[3.452325ms]
2025/05/21 01:20:49 worker:[0] reqid:[31298] qname:[googleusercontent.com.] qtype:[A] respid:[31298] rcode:[NOERROR] respflags:[qr rd ra] err:[<nil>] duration:[77.821994ms]
2025/05/21 01:20:49 worker:[0] reqid:[49824] qname:[facebook.com.] qtype:[A] respid:[49824] rcode:[NOERROR] respflags:[qr rd ra] err:[<nil>] duration:[3.370573ms]
2025/05/21 01:20:49 worker:[0] reqid:[36722] qname:[instagram.com.] qtype:[A] respid:[36722] rcode:[NOERROR] respflags:[qr rd ra] err:[<nil>] duration:[4.027981ms]
2025/05/21 01:20:54 worker:[0] reqid:[58768] qname:[wikipedia.org.] qtype:[A] respid:[<nil>] rcode:[<nil>] respflags:[<nil>] err:[read udp 192.168.83.137:45275->94.140.14.49:53: i/o timeout] duration:[5.001243338s]
2025/05/21 01:20:54 worker:[0] reqid:[30264] qname:[x.com.] qtype:[A] respid:[30264] rcode:[NOERROR] respflags:[qr rd ra] err:[<nil>] duration:[11.454151ms]
2025/05/21 01:20:54 worker:[0] reqid:[28605] qname:[amazon.com.] qtype:[A] respid:[28605] rcode:[NOERROR] respflags:[qr rd ra] err:[<nil>] duration:[84.42355ms]
2025/05/21 01:20:54 worker:[0] reqid:[50338] qname:[tiktok.com.] qtype:[A] respid:[50338] rcode:[NOERROR] respflags:[qr rd ra] err:[<nil>] duration:[4.12781ms]
2025/05/21 01:20:54 worker:[0] reqid:[29764] qname:[whatsapp.com.] qtype:[A] respid:[29764] rcode:[NOERROR] respflags:[qr rd ra] err:[<nil>] duration:[84.598541ms]
2025/05/21 01:20:54 worker:[0] reqid:[48730] qname:[yahoo.com.] qtype:[A] respid:[48730] rcode:[NOERROR] respflags:[qr rd ra] err:[<nil>] duration:[84.303417ms]
2025/05/21 01:20:54 worker:[0] reqid:[45247] qname:[google.com.] qtype:[A] respid:[45247] rcode:[NOERROR] respflags:[qr rd ra] err:[<nil>] duration:[2.497955ms]
2025/05/21 01:20:54 worker:[0] reqid:[63377] qname:[googleusercontent.com.] qtype:[A] respid:[63377] rcode:[NOERROR] respflags:[qr rd ra] err:[<nil>] duration:[91.229176ms]
2025/05/21 01:20:54 worker:[0] reqid:[6950] qname:[facebook.com.] qtype:[A] respid:[6950] rcode:[NOERROR] respflags:[qr rd ra] err:[<nil>] duration:[12.138634ms]
2025/05/21 01:20:54 worker:[0] reqid:[50045] qname:[instagram.com.] qtype:[A] respid:[50045] rcode:[NOERROR] respflags:[qr rd ra] err:[<nil>] duration:[11.371407ms]
2025/05/21 01:20:54 worker:[0] reqid:[22421] qname:[wikipedia.org.] qtype:[A] respid:[22421] rcode:[NOERROR] respflags:[qr rd ra] err:[<nil>] duration:[83.431629ms]
2025/05/21 01:20:54 worker:[0] reqid:[26867] qname:[x.com.] qtype:[A] respid:[26867] rcode:[NOERROR] respflags:[qr rd ra] err:[<nil>] duration:[8.495904ms]
2025/05/21 01:20:54 worker:[0] reqid:[54021] qname:[amazon.com.] qtype:[A] respid:[54021] rcode:[NOERROR] respflags:[qr rd ra] err:[<nil>] duration:[84.465275ms]
2025/05/21 01:20:54 worker:[0] reqid:[56642] qname:[tiktok.com.] qtype:[A] respid:[56642] rcode:[NOERROR] respflags:[qr rd ra] err:[<nil>] duration:[3.638155ms]
2025/05/21 01:20:59 worker:[0] reqid:[36486] qname:[whatsapp.com.] qtype:[A] respid:[<nil>] rcode:[<nil>] respflags:[<nil>] err:[read udp 192.168.83.137:55347->94.140.14.49:53: i/o timeout] duration:[5.000918011s]
2025/05/21 01:21:00 worker:[0] reqid:[15014] qname:[yahoo.com.] qtype:[A] respid:[15014] rcode:[NOERROR] respflags:[qr rd ra] err:[<nil>] duration:[100.702711ms]
2025/05/21 01:21:00 worker:[0] reqid:[20663] qname:[google.com.] qtype:[A] respid:[20663] rcode:[NOERROR] respflags:[qr rd ra] err:[<nil>] duration:[3.403372ms]
2025/05/21 01:21:00 worker:[0] reqid:[13808] qname:[googleusercontent.com.] qtype:[A] respid:[13808] rcode:[NOERROR] respflags:[qr rd ra] err:[<nil>] duration:[87.467462ms]
2025/05/21 01:21:05 worker:[0] reqid:[37702] qname:[facebook.com.] qtype:[A] respid:[<nil>] rcode:[<nil>] respflags:[<nil>] err:[read udp 192.168.83.137:42869->94.140.14.49:53: i/o timeout] duration:[5.000307697s]
2025/05/21 01:21:05 worker:[0] reqid:[25416] qname:[instagram.com.] qtype:[A] respid:[25416] rcode:[NOERROR] respflags:[qr rd ra] err:[<nil>] duration:[9.340723ms]
2025/05/21 01:21:05 worker:[0] reqid:[53417] qname:[wikipedia.org.] qtype:[A] respid:[53417] rcode:[NOERROR] respflags:[qr rd ra] err:[<nil>] duration:[86.798045ms]
2025/05/21 01:21:05 worker:[0] reqid:[43015] qname:[x.com.] qtype:[A] respid:[43015] rcode:[NOERROR] respflags:[qr rd ra] err:[<nil>] duration:[2.467495ms]
2025/05/21 01:21:05 worker:[0] reqid:[59475] qname:[amazon.com.] qtype:[A] respid:[59475] rcode:[NOERROR] respflags:[qr rd ra] err:[<nil>] duration:[87.883332ms]
2025/05/21 01:21:05 worker:[0] reqid:[23738] qname:[tiktok.com.] qtype:[A] respid:[23738] rcode:[NOERROR] respflags:[qr rd ra] err:[<nil>] duration:[2.977656ms]
2025/05/21 01:21:05 worker:[0] reqid:[47089] qname:[whatsapp.com.] qtype:[A] respid:[47089] rcode:[NOERROR] respflags:[qr rd ra] err:[<nil>] duration:[87.095429ms]
2025/05/21 01:21:05 worker:[0] reqid:[29103] qname:[yahoo.com.] qtype:[A] respid:[29103] rcode:[NOERROR] respflags:[qr rd ra] err:[<nil>] duration:[85.694022ms]
2025/05/21 01:21:05 worker:[0] reqid:[43510] qname:[google.com.] qtype:[A] respid:[43510] rcode:[NOERROR] respflags:[qr rd ra] err:[<nil>] duration:[2.29066ms]
2025/05/21 01:21:05 worker:[0] reqid:[7925] qname:[googleusercontent.com.] qtype:[A] respid:[7925] rcode:[NOERROR] respflags:[qr rd ra] err:[<nil>] duration:[85.702625ms]
2025/05/21 01:21:05 worker:[0] reqid:[19647] qname:[facebook.com.] qtype:[A] respid:[19647] rcode:[NOERROR] respflags:[qr rd ra] err:[<nil>] duration:[2.786116ms]
2025/05/21 01:21:05 worker:[0] reqid:[9165] qname:[instagram.com.] qtype:[A] respid:[9165] rcode:[NOERROR] respflags:[qr rd ra] err:[<nil>] duration:[2.808142ms]
2025/05/21 01:21:10 worker:[0] reqid:[17260] qname:[wikipedia.org.] qtype:[A] respid:[<nil>] rcode:[<nil>] respflags:[<nil>] err:[read udp 192.168.83.137:46867->94.140.14.49:53: i/o timeout] duration:[5.002047747s]
2025/05/21 01:21:15 worker:[0] reqid:[58776] qname:[x.com.] qtype:[A] respid:[<nil>] rcode:[<nil>] respflags:[<nil>] err:[dial udp: lookup 245cca3b.d.adguard-dns.com: i/o timeout] duration:[5.000280359s]
2025/05/21 01:21:15 worker:[0] reqid:[12293] qname:[amazon.com.] qtype:[A] respid:[12293] rcode:[NOERROR] respflags:[qr rd ra] err:[<nil>] duration:[274.619961ms]
2025/05/21 01:21:20 worker:[0] reqid:[61314] qname:[tiktok.com.] qtype:[A] respid:[<nil>] rcode:[<nil>] respflags:[<nil>] err:[read udp 192.168.83.137:58390->94.140.14.49:53: i/o timeout] duration:[5.00120094s]
2025/05/21 01:21:21 worker:[0] reqid:[15535] qname:[whatsapp.com.] qtype:[A] respid:[15535] rcode:[NOERROR] respflags:[qr rd ra] err:[<nil>] duration:[95.562729ms]
2025/05/21 01:21:21 worker:[0] reqid:[13273] qname:[yahoo.com.] qtype:[A] respid:[13273] rcode:[NOERROR] respflags:[qr rd ra] err:[<nil>] duration:[84.915113ms]
2025/05/21 01:21:21 worker:[0] reqid:[62120] qname:[google.com.] qtype:[A] respid:[62120] rcode:[NOERROR] respflags:[qr rd ra] err:[<nil>] duration:[2.871996ms]
2025/05/21 01:21:21 worker:[0] reqid:[34185] qname:[googleusercontent.com.] qtype:[A] respid:[34185] rcode:[NOERROR] respflags:[qr rd ra] err:[<nil>] duration:[85.805556ms]
2025/05/21 01:21:21 worker:[0] reqid:[54868] qname:[facebook.com.] qtype:[A] respid:[54868] rcode:[NOERROR] respflags:[qr rd ra] err:[<nil>] duration:[4.036156ms]
2025/05/21 01:21:21 worker:[0] reqid:[57913] qname:[instagram.com.] qtype:[A] respid:[57913] rcode:[NOERROR] respflags:[qr rd ra] err:[<nil>] duration:[3.789724ms]
2025/05/21 01:21:21 worker:[0] reqid:[19821] qname:[wikipedia.org.] qtype:[A] respid:[19821] rcode:[NOERROR] respflags:[qr rd ra] err:[<nil>] duration:[85.965399ms]
2025/05/21 01:21:21 worker:[0] reqid:[35619] qname:[x.com.] qtype:[A] respid:[35619] rcode:[NOERROR] respflags:[qr rd ra] err:[<nil>] duration:[4.0668ms]
2025/05/21 01:21:21 worker:[0] reqid:[5542] qname:[amazon.com.] qtype:[A] respid:[5542] rcode:[NOERROR] respflags:[qr rd ra] err:[<nil>] duration:[85.172027ms]
2025/05/21 01:21:21 worker:[0] reqid:[22727] qname:[tiktok.com.] qtype:[A] respid:[22727] rcode:[NOERROR] respflags:[qr rd ra] err:[<nil>] duration:[5.00727ms]
2025/05/21 01:21:26 worker:[0] reqid:[40188] qname:[whatsapp.com.] qtype:[A] respid:[<nil>] rcode:[<nil>] respflags:[<nil>] err:[read udp 192.168.83.137:50144->94.140.14.49:53: i/o timeout] duration:[5.000602726s]
2025/05/21 01:21:31 worker:[0] reqid:[62699] qname:[yahoo.com.] qtype:[A] respid:[<nil>] rcode:[<nil>] respflags:[<nil>] err:[dial udp: lookup 245cca3b.d.adguard-dns.com: i/o timeout] duration:[5.001309349s]
2025/05/21 01:21:36 worker:[0] reqid:[65173] qname:[google.com.] qtype:[A] respid:[<nil>] rcode:[<nil>] respflags:[<nil>] err:[dial udp: lookup 245cca3b.d.adguard-dns.com: i/o timeout] duration:[5.000545089s]
2025/05/21 01:21:41 worker:[0] reqid:[31904] qname:[googleusercontent.com.] qtype:[A] respid:[<nil>] rcode:[<nil>] respflags:[<nil>] err:[read udp 192.168.83.137:51587->94.140.14.49:53: i/o timeout] duration:[5.000412876s]
2025/05/21 01:21:41 worker:[0] reqid:[46081] qname:[facebook.com.] qtype:[A] respid:[46081] rcode:[NOERROR] respflags:[qr rd ra] err:[<nil>] duration:[7.04144ms]
2025/05/21 01:21:41 worker:[0] reqid:[49231] qname:[instagram.com.] qtype:[A] respid:[49231] rcode:[NOERROR] respflags:[qr rd ra] err:[<nil>] duration:[4.52284ms]
2025/05/21 01:21:41 worker:[0] reqid:[49855] qname:[wikipedia.org.] qtype:[A] respid:[49855] rcode:[NOERROR] respflags:[qr rd ra] err:[<nil>] duration:[84.137434ms]
2025/05/21 01:21:41 worker:[0] reqid:[45000] qname:[x.com.] qtype:[A] respid:[45000] rcode:[NOERROR] respflags:[qr rd ra] err:[<nil>] duration:[3.399721ms]
2025/05/21 01:21:41 worker:[0] reqid:[54086] qname:[amazon.com.] qtype:[A] respid:[54086] rcode:[NOERROR] respflags:[qr rd ra] err:[<nil>] duration:[83.731008ms]
2025/05/21 01:21:41 worker:[0] reqid:[19389] qname:[tiktok.com.] qtype:[A] respid:[19389] rcode:[NOERROR] respflags:[qr rd ra] err:[<nil>] duration:[3.631853ms]
2025/05/21 01:21:41 worker:[0] reqid:[58759] qname:[whatsapp.com.] qtype:[A] respid:[58759] rcode:[NOERROR] respflags:[qr rd ra] err:[<nil>] duration:[83.109306ms]
2025/05/21 01:21:41 worker:[0] reqid:[55992] qname:[yahoo.com.] qtype:[A] respid:[55992] rcode:[NOERROR] respflags:[qr rd ra] err:[<nil>] duration:[83.338486ms]
2025/05/21 01:21:41 worker:[0] reqid:[51455] qname:[google.com.] qtype:[A] respid:[51455] rcode:[NOERROR] respflags:[qr rd ra] err:[<nil>] duration:[3.8169ms]
2025/05/21 01:21:41 worker:[0] reqid:[22140] qname:[googleusercontent.com.] qtype:[A] respid:[22140] rcode:[NOERROR] respflags:[qr rd ra] err:[<nil>] duration:[84.052412ms]
2025/05/21 01:21:46 worker:[0] reqid:[12567] qname:[facebook.com.] qtype:[A] respid:[<nil>] rcode:[<nil>] respflags:[<nil>] err:[read udp 192.168.83.137:32985->94.140.14.49:53: i/o timeout] duration:[5.000580546s]
2025/05/21 01:21:46 worker:[0] reqid:[29272] qname:[instagram.com.] qtype:[A] respid:[29272] rcode:[NOERROR] respflags:[qr rd ra] err:[<nil>] duration:[12.007557ms]
2025/05/21 01:21:51 worker:[0] reqid:[32053] qname:[wikipedia.org.] qtype:[A] respid:[<nil>] rcode:[<nil>] respflags:[<nil>] err:[read udp 192.168.83.137:50113->94.140.14.49:53: i/o timeout] duration:[5.000344595s]
2025/05/21 01:21:51 worker:[0] reqid:[13541] qname:[x.com.] qtype:[A] respid:[13541] rcode:[NOERROR] respflags:[qr rd ra] err:[<nil>] duration:[11.643739ms]
2025/05/21 01:21:51 worker:[0] reqid:[12009] qname:[amazon.com.] qtype:[A] respid:[12009] rcode:[NOERROR] respflags:[qr rd ra] err:[<nil>] duration:[79.270747ms]
2025/05/21 01:21:51 worker:[0] reqid:[16810] qname:[tiktok.com.] qtype:[A] respid:[16810] rcode:[NOERROR] respflags:[qr rd ra] err:[<nil>] duration:[6.041495ms]
2025/05/21 01:21:52 worker:[0] reqid:[14610] qname:[whatsapp.com.] qtype:[A] respid:[14610] rcode:[NOERROR] respflags:[qr rd ra] err:[<nil>] duration:[77.864551ms]
2025/05/21 01:21:52 worker:[0] reqid:[25452] qname:[yahoo.com.] qtype:[A] respid:[25452] rcode:[NOERROR] respflags:[qr rd ra] err:[<nil>] duration:[78.859714ms]
2025/05/21 01:21:52 worker:[0] reqid:[26877] qname:[google.com.] qtype:[A] respid:[26877] rcode:[NOERROR] respflags:[qr rd ra] err:[<nil>] duration:[6.041056ms]
2025/05/21 01:21:52 worker:[0] reqid:[42291] qname:[googleusercontent.com.] qtype:[A] respid:[42291] rcode:[NOERROR] respflags:[qr rd ra] err:[<nil>] duration:[77.768787ms]
2025/05/21 01:21:57 worker:[0] reqid:[37766] qname:[facebook.com.] qtype:[A] respid:[<nil>] rcode:[<nil>] respflags:[<nil>] err:[read udp 192.168.83.137:48190->94.140.14.49:53: i/o timeout] duration:[5.000843454s]
2025/05/21 01:21:57 worker:[0] reqid:[47809] qname:[instagram.com.] qtype:[A] respid:[47809] rcode:[NOERROR] respflags:[qr rd ra] err:[<nil>] duration:[13.694209ms]
2025/05/21 01:22:02 worker:[0] reqid:[1204] qname:[wikipedia.org.] qtype:[A] respid:[<nil>] rcode:[<nil>] respflags:[<nil>] err:[read udp 192.168.83.137:50127->94.140.14.49:53: i/o timeout] duration:[5.001416343s]
2025/05/21 01:22:02 worker:[0] reqid:[49652] qname:[x.com.] qtype:[A] respid:[49652] rcode:[NOERROR] respflags:[qr rd ra] err:[<nil>] duration:[10.374251ms]
2025/05/21 01:22:02 worker:[0] reqid:[58095] qname:[amazon.com.] qtype:[A] respid:[58095] rcode:[NOERROR] respflags:[qr rd ra] err:[<nil>] duration:[83.898763ms]
2025/05/21 01:22:02 worker:[0] reqid:[50746] qname:[tiktok.com.] qtype:[A] respid:[50746] rcode:[NOERROR] respflags:[qr rd ra] err:[<nil>] duration:[3.809397ms]
2025/05/21 01:22:02 worker:[0] reqid:[30559] qname:[whatsapp.com.] qtype:[A] respid:[30559] rcode:[NOERROR] respflags:[qr rd ra] err:[<nil>] duration:[79.974313ms]
2025/05/21 01:22:02 worker:[0] reqid:[42259] qname:[yahoo.com.] qtype:[A] respid:[42259] rcode:[NOERROR] respflags:[qr rd ra] err:[<nil>] duration:[84.181861ms]
2025/05/21 01:22:02 worker:[0] reqid:[47709] qname:[google.com.] qtype:[A] respid:[47709] rcode:[NOERROR] respflags:[qr rd ra] err:[<nil>] duration:[2.471867ms]
2025/05/21 01:22:02 worker:[0] reqid:[18693] qname:[googleusercontent.com.] qtype:[A] respid:[18693] rcode:[NOERROR] respflags:[qr rd ra] err:[<nil>] duration:[229.773916ms]
2025/05/21 01:22:02 worker:[0] reqid:[2875] qname:[facebook.com.] qtype:[A] respid:[2875] rcode:[NOERROR] respflags:[qr rd ra] err:[<nil>] duration:[3.751749ms]
2025/05/21 01:22:02 worker:[0] reqid:[19110] qname:[instagram.com.] qtype:[A] respid:[19110] rcode:[NOERROR] respflags:[qr rd ra] err:[<nil>] duration:[3.968414ms]
2025/05/21 01:22:02 worker:[0] reqid:[16602] qname:[wikipedia.org.] qtype:[A] respid:[16602] rcode:[NOERROR] respflags:[qr rd ra] err:[<nil>] duration:[84.345187ms]
2025/05/21 01:22:02 worker:[0] reqid:[24224] qname:[x.com.] qtype:[A] respid:[24224] rcode:[NOERROR] respflags:[qr rd ra] err:[<nil>] duration:[3.426581ms]
2025/05/21 01:22:02 worker:[0] reqid:[48546] qname:[amazon.com.] qtype:[A] respid:[48546] rcode:[NOERROR] respflags:[qr rd ra] err:[<nil>] duration:[79.732697ms]
2025/05/21 01:22:02 worker:[0] reqid:[33337] qname:[tiktok.com.] qtype:[A] respid:[33337] rcode:[NOERROR] respflags:[qr rd ra] err:[<nil>] duration:[6.047062ms]
2025/05/21 01:22:07 worker:[0] reqid:[45950] qname:[whatsapp.com.] qtype:[A] respid:[<nil>] rcode:[<nil>] respflags:[<nil>] err:[read udp 192.168.83.137:44450->94.140.14.49:53: i/o timeout] duration:[5.00033116s]
2025/05/21 01:22:07 worker:[0] reqid:[53019] qname:[yahoo.com.] qtype:[A] respid:[53019] rcode:[NOERROR] respflags:[qr rd ra] err:[<nil>] duration:[85.849625ms]
2025/05/21 01:22:07 worker:[0] reqid:[47667] qname:[google.com.] qtype:[A] respid:[47667] rcode:[NOERROR] respflags:[qr rd ra] err:[<nil>] duration:[7.804918ms]
2025/05/21 01:22:08 worker:[0] reqid:[42079] qname:[googleusercontent.com.] qtype:[A] respid:[42079] rcode:[NOERROR] respflags:[qr rd ra] err:[<nil>] duration:[81.784407ms]
2025/05/21 01:22:08 worker:[0] reqid:[54244] qname:[facebook.com.] qtype:[A] respid:[54244] rcode:[NOERROR] respflags:[qr rd ra] err:[<nil>] duration:[5.074534ms]
2025/05/21 01:22:08 worker:[0] reqid:[51181] qname:[instagram.com.] qtype:[A] respid:[51181] rcode:[NOERROR] respflags:[qr rd ra] err:[<nil>] duration:[4.723883ms]
2025/05/21 01:22:08 worker:[0] reqid:[7664] qname:[wikipedia.org.] qtype:[A] respid:[7664] rcode:[NOERROR] respflags:[qr rd ra] err:[<nil>] duration:[96.355024ms]
2025/05/21 01:22:08 worker:[0] reqid:[12869] qname:[x.com.] qtype:[A] respid:[12869] rcode:[NOERROR] respflags:[qr rd ra] err:[<nil>] duration:[3.532275ms]
2025/05/21 01:22:13 worker:[0] reqid:[23862] qname:[amazon.com.] qtype:[A] respid:[<nil>] rcode:[<nil>] respflags:[<nil>] err:[read udp 192.168.83.137:53850->94.140.14.49:53: i/o timeout] duration:[5.000395667s]
2025/05/21 01:22:13 worker:[0] reqid:[32500] qname:[tiktok.com.] qtype:[A] respid:[32500] rcode:[NOERROR] respflags:[qr rd ra] err:[<nil>] duration:[14.770013ms]
2025/05/21 01:22:13 worker:[0] reqid:[9405] qname:[whatsapp.com.] qtype:[A] respid:[9405] rcode:[NOERROR] respflags:[qr rd ra] err:[<nil>] duration:[94.455717ms]
2025/05/21 01:22:13 worker:[0] reqid:[19310] qname:[yahoo.com.] qtype:[A] respid:[19310] rcode:[NOERROR] respflags:[qr rd ra] err:[<nil>] duration:[93.858138ms]
2025/05/21 01:22:18 worker:[0] reqid:[30208] qname:[google.com.] qtype:[A] respid:[<nil>] rcode:[<nil>] respflags:[<nil>] err:[read udp 192.168.83.137:48938->94.140.14.49:53: i/o timeout] duration:[5.001957268s]
2025/05/21 01:22:20 worker:[0] reqid:[8202] qname:[googleusercontent.com.] qtype:[A] respid:[<nil>] rcode:[<nil>] respflags:[<nil>] err:[read udp 192.168.83.137:60940->94.140.14.49:53: i/o timeout] duration:[1.999694172s]
